15221
Student
Faculty
Staff
ResearchProject
Course
Department
Person
13989251
13989456
13989600
13989742
13989882
13990019
13990233
16110760
16110947
16111087
16111225
16111361
16111498
16111782
16221886
16222240
16222391
16222542
16222680
16222825
16223030
16300675
16300871
16301085
16301244
16301400
16301539
16301676
16380844
16381027
16381247
16381405
16381545
16381681
16381818
16500628
16500825
16500967
16501105
16501242
16501378
16501591
16617253
16617443
16617583
16617983
16618198
16618358
16618496
16739892
16740083
16740224
16740363
16740502
16740728
16740872
16862292
16862680
16862842
16862984
16863123
16863459
16863620
16945689
16945886
16946028
16946167
16946306
16946444
16946648
17120039
17120239
17120381
17120532
17120766
17120956
17121118
17206143
17206397
17206549
17206687
17206824
17206961
17207098
17341388
17341674
17341829
17341970
17342109
17342315
17342487
17489138
17489360
17489506
17489655
17489861
17490000
17490137
17575454
17575703
17575848
17575986
17576123
17576258
17576394
17661035
17661320
17661466
17661606
17661746
17661885
17662022
17796549
17796755
17796969
17797110
17797328
17797508
17797650
17933291
17933604
17933887
17934041
17934183
17934321
17934547
18022016
18022204
18022410
18022555
18022694
18022830
18022968
18163802
18164013
18164228
18164370
18164509
18164647
18164785
18303227
18303414
18303555
18303759
18303901
18304037
18304173
18446099
18446385
18446532
18446671
18446809
18446947
18447085
18536465
18536658
18536799
18536938
18537147
18537287
18537425
18681786
18681986
18682129
18682268
18682513
18682674
18682813
18774035
18774230
18774458
18774616
18774757
18774912
18775066
19052263
19052491
19052669
19052811
19052948
19053085
19053221
19145640
19145836
19145977
19146177
19146322
19146459
19146597
19421121
19421313
19421550
19421727
19421871
19422011
19422246
19517593
19517859
19518006
19518146
19518285
19518423
19518561
19672093
19672280
19672422
19672627
19672771
19672909
19673046
19769072
19769276
19769417
19769694
19769869
19770013
19770153
19928157
19928363
19928508
19928720
19928861
19929000
19929138
20052850
20053126
20053274
20053414
20053552
20053690
20053828
20219138
20219327
20219469
20219608
20219746
20219954
20220096
20316706
20317097
20317240
20317380
20317518
20317655
20317792
20480805
20481218
20481383
20481544
20481701
20481925
20482068
20715908
20716111
20716317
20716462
20716600
20716738
20716875
20817531
20817731
20817881
20818030
20818169
20818374
20818516
20916839
20917031
20917172
20917450
20917602
20917743
20917882
21326721
21326930
21327071
21327212
21327525
21327681
21327822
21777125
21777428
21777582
21777724
21777863
21778001
21778191
21995705
21995940
21996917
21997195
21997435
21997606
21997747
22362076
22362288
22362430
22362568
22362765
22362938
22363158
22476572
22476780
22476886
22477165
22477331
22477472
22477610
22588999
22589191
22589435
22589593
22589734
22589898
22590050
22801567
22801767
22802065
22802243
22802470
22802613
22802819
23544747
23544936
23545077
23545216
23545355
23545563
23545703
23673321
23673528
23673670
23673809
23673947
23674084
23674220
24128471
24128999
24129508
24129750
24129966
24130263
24130418
24425470
24425800
24426015
24426858
24427263
24427539
24427781
24823570
24824219
24824581
24824740
24824896
24825294
24825533
25052816
25053022
25053164
25053302
25053348
25053739
25054163
25163676
25163871
25164013
25164151
25164289
25164426
25164630
25379344
25379639
25379790
25379929
25380067
25380205
25380343
25715058
25715334
25715482
25715623
25715763
25715902
25716040
25831231
25831454
25831600
25831741
25831880
25832019
25832221
26134444
26134651
26134792
26134930
26135067
26135210
26135348
26399806
26400022
26400165
26400304
26400510
26400655
26400794
26723520
26723727
26723933
26724604
26725949
26726131
26726272
26903782
26904258
26904677
26904945
26905107
26905316
26905476
28539072
28539448
28539619
28539769
28539923
28540064
28540202
28810458
28810658
28810799
28810937
28811073
28811360
28811501
29037830
29038188
29038947
29039120
29039261
29039400
29039491
29309000
29309210
29309350
29309459
29309887
29310044
29310185
29569053
29569289
29569435
29569652
29569798
29569936
29570074
29886240
29886465
29886586
29886828
29886972
29887110
29887248
30188805
30188944
30189284
30189463
30189659
30189803
30189944
30403168
30403531
30403760
30403906
30404050
30404190
30404744
30658237
30658670
30658903
30666146
30667563
30667922
30668113
31182964
31183169
31183310
31183502
31183644
31183863
31184008
31401119
31401317
31401612
31401798
31403980
31405315
31405861
31637493
31637899
31638156
31638307
31638446
31638584
31638858
32126000
32126211
32126353
32126491
32126640
32126784
32127037
32666695
32667066
32667311
32667660
32667819
32668071
32668315
32835085
32835292
32835524
32835672
32835903
32836107
32836249
33003422
33003623
33003864
33004010
33004152
33004289
33004428
33351444
33351736
33351886
33352029
33352171
33352312
33352452
33620888
33621131
33621290
33621431
33621569
33621815
33621956
33885193
33885570
33885717
33885858
33885999
33886138
33886277
34519441
34519859
34520297
34520864
34521224
34521453
34522098
34688329
34688535
34688676
34688816
34689050
34689196
34689333
34854385
34854643
34854785
34854923
34855061
34855198
34855336
35010557
35010764
35011243
35011524
35011741
35011949
35012155
35440245
35440471
35440656
35440698
35441972
35442162
35442308
35597414
35597705
35597861
35598019
35598164
35598302
35598441
35746766
35746978
35747188
35747339
35747479
35747619
35747851
36042019
36042444
36042659
36042812
36042953
36043901
36044111
36665722
36665930
36666073
36666310
36666456
36666594
36666733
39078651
39078862
39079103
39079260
39079403
39079544
39079683
39461446
39461704
39461946
39462275
39462488
39463540
39463732
39648734
39648983
39649128
39649268
39649407
39649546
39649623
40114908
40115399
40115579
40115725
40115868
40116010
40116250
40364463
40364676
40364906
40365051
40365191
40365331
40365470
40532130
40532336
40532481
40532622
40532832
40532975
40533656
40889834
40890044
40890185
40890323
40890461
40890599
40890809
41212013
41212223
41212367
41212571
41212720
41212860
41212998
41700868
41701079
41701239
41704149
41704765
41704911
41705052
42037705
42038079
42038239
42038382
42038526
42038666
42038804
42418188
42418591
42418766
42418931
42419249
42419417
42419562
42571271
42571473
42571615
42571825
42571967
42572104
42572243
time=999 node=10.1.1.4 tuple=records records_attr1=10.1.1.4 records_attr2=154f320d0809b4b1fa88a08f1c294d8a2478c08 records_attr3=73e676db053705f8ace51feda7498c6fc1db97e9 records_attr4=topic_Faculty_18(r203@n257(hasword_dynam_18)) 
time=999 node=10.1.1.4 tuple=records records_attr1=10.1.1.4 records_attr2=2b1e2ed2d8d10bde81c2e9c2a808fe4ee348be6 records_attr3=6bb769eabf87efabf28a2b3a1a4b5f1d5de2af84 records_attr4=topic_Student_77(r121@n257(hasword_length_77)) 
time=999 node=10.1.1.4 tuple=records records_attr1=10.1.1.4 records_attr2=4ae19139e18c61fe62a7a1f290b2a0af843ff0a records_attr3=844c1b458ec1e056f964cc76d2cc18ef5536608e records_attr4=topic_Student_30(r112@n257(hasword_arrai_30)) 
time=999 node=10.1.1.4 tuple=records records_attr1=10.1.1.4 records_attr2=7011201a84bb77dbaa0817c859520804a9baf6a records_attr3=b647ee23be125502978662982e79925fde736773 records_attr4=topic_Course_64(r222@n257(hasword_server_64)) 
time=999 node=10.1.1.4 tuple=records records_attr1=10.1.1.4 records_attr2=7ca62ed2866d108f66f8ff27dce2ee48086dc5f records_attr3=ac23ca33dd1fb071f57fe2629521a370bb31159f records_attr4=topic_Person_68(r330@n257(hasword_examin_68)) 
time=999 node=10.1.1.4 tuple=records records_attr1=10.1.1.4 records_attr2=ba1d13714f58ca7ef0dc8f6fba993f1510eef5d records_attr3=a3bd354cf92d1140e06db9ed77716bf7a7bf44ad records_attr4=topic_ResearchProject_59(r356@n257(hasword_februari_59)) 
time=999 node=10.1.1.4 tuple=records records_attr1=10.1.1.4 records_attr2=cd0f60512ce73b99f1e3cb57a65765afd7934f3 records_attr3=f157dfa598cf418c2861d43ea5f5a1eb3ea04e9d records_attr4=topic_Course_88(r222@n257(hasword_server_88)) 
time=999 node=10.1.1.4 tuple=records records_attr1=10.1.1.4 records_attr2=1001918111b2c095b74c29ad040d0426d822420b records_attr3=c7130509a92191bad4104ca6b7243c01de6cc4ee records_attr4=topic_Student_28(r121@n257(hasword_length_28)) 
time=999 node=10.1.1.4 tuple=records records_attr1=10.1.1.4 records_attr2=175d9983089cf4d09ebb10e3a790283ae7da8ffa records_attr3=d6b8eee32bc0523ff4963c0b5f6dcc7970daca52 records_attr4=topic_Faculty_96(r93@n257(hasword_type_96)) 
time=999 node=10.1.1.4 tuple=records records_attr1=10.1.1.4 records_attr2=1a6144780a1ec95ab6ab38918357c367429f9177 records_attr3=b934e52b413218e7770dc0d9d860941802985041 records_attr4=topic_Faculty_59(rl@n257(links_59_349*topic_Faculty_349(rl@n257(links_349_155*topic_Faculty_155(r89@n257(hasword_detect_155)))))) 
time=999 node=10.1.1.4 tuple=records records_attr1=10.1.1.4 records_attr2=26853c7b4ac81012f3edde72e217faba4abd7484 records_attr3=16e7a909a11b9c2fc445ba4405f812797c73127b records_attr4=topic_Faculty_41(r82@n257(hasword_includ_41)) 
time=999 node=10.1.1.4 tuple=records records_attr1=10.1.1.4 records_attr2=2a375278ac5693117638465c8f39f81169a2d23c records_attr3=e04b29338f0a203900105577bf6fb21169f8a8d1 records_attr4=topic_Course_40(r75@n257(hasword_address_40)) 
time=999 node=10.1.1.4 tuple=records records_attr1=10.1.1.4 records_attr2=312274d74b133d62afe714d5d93ac390b68021b7 records_attr3=76d08f6350f9860155a1296e398e5fc5f5bfd454 records_attr4=topic_ResearchProject_72(r297@n257(hasword_share_72)) 
time=999 node=10.1.1.4 tuple=records records_attr1=10.1.1.4 records_attr2=31381720529cffd76ee29b0d93108e93511bbdb0 records_attr3=caca210b42ee3b14f3a7d9c9550b1a4715615bc records_attr4=topic_ResearchProject_82(r117@n257(hasword_domain_82)) 
time=999 node=10.1.1.4 tuple=records records_attr1=10.1.1.4 records_attr2=327217cafd03615eefa834b4ab8d3c819113aff0 records_attr3=25f30f0ad276a144d144c77565a7692e463ae48f records_attr4=topic_ResearchProject_55(r364@n257(hasword_manual_55)) 
time=999 node=10.1.1.4 tuple=records records_attr1=10.1.1.4 records_attr2=332d9da707a3df73e7dd883d40abc7f88a5dd387 records_attr3=a9026055a14f2d437106b0bea105ab523b7869f4 records_attr4=topic_Course_97(r372@n257(hasword_activ_97)) 
time=999 node=10.1.1.4 tuple=records records_attr1=10.1.1.4 records_attr2=3e1501fa7a1eb3c955d14bbd6b53bbafc4c32f1f records_attr3=f47241f9464dd479202a3736a495af1b86d5e65c records_attr4=topic_Faculty_52(r323@n257(hasword_end_52)) 
time=999 node=10.1.1.4 tuple=records records_attr1=10.1.1.4 records_attr2=475f46d3e61e4062b5ed00ab1ea74c3e19f25e02 records_attr3=c0ca5f23e931ef955064d7ab9447e5ffbe5ce8b7 records_attr4=topic_Person_39(rl@n257(links_39_233*topic_Person_233(rl@n257(links_233_16*topic_Person_16(r76@n257(hasword_technic_16)))))) 
time=999 node=10.1.1.4 tuple=records records_attr1=10.1.1.4 records_attr2=4852edcfbbba060c196971c83caa71dc68d6f6c2 records_attr3=ca670ab80072fec6f61c8bbcabb82864acb46514 records_attr4=topic_Student_32(r379@n257(hasword_mondai_32)) 
time=999 node=10.1.1.4 tuple=records records_attr1=10.1.1.4 records_attr2=4d63957da7f9cbe8e28c40e24cc81a4de5d074bb records_attr3=e1211a2b70afb5200508d05d4d786af915cd2393 records_attr4=topic_Person_16(r76@n257(hasword_technic_16)) 
time=999 node=10.1.1.4 tuple=records records_attr1=10.1.1.4 records_attr2=4e2b865ba83ccde70d3d639d570ad1f15b334ade records_attr3=2b9644cba378a3b38f7378dee8cb8aab43377d38 records_attr4=topic_Faculty_50(r479@n257(hasword_larg_50)) 
time=999 node=10.1.1.4 tuple=records records_attr1=10.1.1.4 records_attr2=53cf59ed692b818ffca53e8408ed8cb377d53226 records_attr3=723dc541a4660b929dcd35dc782def2d61071063 records_attr4=topic_Faculty_24(rl@n257(links_24_52*topic_Faculty_52(r323@n257(hasword_end_52)))) 
time=999 node=10.1.1.4 tuple=records records_attr1=10.1.1.4 records_attr2=556bf327a5b59af943fb9193af7c5f4fa9d3ecf4 records_attr3=c6105ce050b1ddd639b0a2aa0f36ea4e7ff7848a records_attr4=topic_Person_38(r366@n257(hasword_check_38)) 
time=999 node=10.1.1.4 tuple=records records_attr1=10.1.1.4 records_attr2=5860ff887836afebb6a177752342f5e6176dc6aa records_attr3=4a594acbe1a4186146d28836b1d7b935ef6d0059 records_attr4=topic_Faculty_45(r22@n257(hasword_degre_45)) 
time=999 node=10.1.1.4 tuple=records records_attr1=10.1.1.4 records_attr2=5b16bdf2cd7ae10a3a3cf4c8e659f28189be3815 records_attr3=9aabb7b5a7a24f63edda2ea5f7884639f91fa214 records_attr4=topic_Faculty_9(r186@n257(hasword_appli_9)) 
time=999 node=10.1.1.4 tuple=records records_attr1=10.1.1.4 records_attr2=62db7791cb3be1398d72e1a4f573e4b7066ac641 records_attr3=f36ae6595f4d51fa3e3540499f8c312d87b778c1 records_attr4=topic_Student_87((rl@n257(links_87_164*topic_Student_164(r78@n257(hasword_page_164))))+(rl@n257(links_87_280*topic_Student_280(rl@n257(links_280_176*topic_Student_176(r263@n257(hasword_dissert_176))))))) 
time=999 node=10.1.1.4 tuple=records records_attr1=10.1.1.4 records_attr2=642f5c32fcd9f0e9b18269fa637f8daf61003099 records_attr3=3f7fd69f8b920c0a49a0312276e4aa7becfd5f88 records_attr4=topic_Faculty_78(rl@n257(links_78_222*topic_Faculty_222(rl@n257(links_222_181*topic_Faculty_181(r383@n257(hasword_perform_181)))))) 
time=999 node=10.1.1.4 tuple=records records_attr1=10.1.1.4 records_attr2=647d01111470e30b4bd1effbfd5a943fd66d0896 records_attr3=1554a8f0732bc6f309a4c1ec00eb9e1acda3f89e records_attr4=topic_Department_5(r156@n257(hasword_mon_5)) 
time=999 node=10.1.1.4 tuple=records records_attr1=10.1.1.4 records_attr2=6692ad22710a1ebc229590f483a6f2a173d42692 records_attr3=ea9b39da28eb746d66294e674cf7682a134bab32 records_attr4=topic_ResearchProject_26((r50@n257(hasword_addition_26))+(r54@n257(hasword_repres_26))) 
time=999 node=10.1.1.4 tuple=records records_attr1=10.1.1.4 records_attr2=6b91ab29be6cdb9f3d11d0ca9f7512e2f5f620a8 records_attr3=aeb05d6a0e444a871f0dcb36f33007199caa88e7 records_attr4=topic_Course_76(r222@n257(hasword_server_76)) 
time=999 node=10.1.1.4 tuple=records records_attr1=10.1.1.4 records_attr2=6fe2a611825a022e495c15c17976f0fd0137baf7 records_attr3=82de2ce7da6f03390278a43df9f08b60a4012be6 records_attr4=topic_Staff_6(r102@n257(hasword_fast_6)) 
time=999 node=10.1.1.4 tuple=records records_attr1=10.1.1.4 records_attr2=74a936ac17bc913e682038872460e3146374279d records_attr3=3a391ee860966ee129a2d9d95d697918cdb655b9 records_attr4=topic_ResearchProject_60(r344@n257(hasword_word_60)) 
time=999 node=10.1.1.4 tuple=records records_attr1=10.1.1.4 records_attr2=77c301e8653eb5fb19cb623ba2a99f129042e24f records_attr3=6bdf1646ffe2440c53f14170ce5a031cc6e2868d records_attr4=topic_Person_9(r157@n257(hasword_appli_9)) 
time=999 node=10.1.1.4 tuple=records records_attr1=10.1.1.4 records_attr2=799f9e1a3b455f70c60b2af0aae93e20b1fb834e records_attr3=8c2ff83a1a08c0aa78e0b486145f1be92a61a65f records_attr4=topic_Course_22(r188@n257(hasword_short_22)) 
time=999 node=10.1.1.4 tuple=records records_attr1=10.1.1.4 records_attr2=84823870a7999eafdba57fbe33370779cccc1cab records_attr3=eae3fbe9dfd122813bdb0cb8d514151c3b24f0cd records_attr4=topic_Faculty_11(r182@n257(hasword_date_11)) 
time=999 node=10.1.1.4 tuple=records records_attr1=10.1.1.4 records_attr2=85276b40944d0614f3d48290c7d9baf295039380 records_attr3=aecd99c9b275ffb2ecb5c49a5f7f7002fdd2f3f5 records_attr4=topic_Faculty_72(r354@n257(hasword_share_72)) 
time=999 node=10.1.1.4 tuple=records records_attr1=10.1.1.4 records_attr2=86379f5862ea629bf4e7fdbcefac1caf04c912f1 records_attr3=f86eab471c30c19186d04be9ea736212b968aea0 records_attr4=topic_Staff_45(r488@n257(hasword_degre_45)) 
time=999 node=10.1.1.4 tuple=records records_attr1=10.1.1.4 records_attr2=8b60f694e9bfde22554a26ffbbbe8ed3ca4e4f25 records_attr3=3fbeab1928cce5f08be02841416666a39a803adb records_attr4=topic_Staff_53(r91@n257(hasword_combin_53)) 
time=999 node=10.1.1.4 tuple=records records_attr1=10.1.1.4 records_attr2=8f5214eca2ec0f8095aa865060e7c39f543469ab records_attr3=f096ed349c92fae6e5e302a929f6ce7c0fff1ff2 records_attr4=topic_Department_1(r246@n257(hasword_scienc_1)) 
time=999 node=10.1.1.4 tuple=records records_attr1=10.1.1.4 records_attr2=923cea00c0c407773d59fc46f3281c12557e5313 records_attr3=5ac5dd1c82cbaa1bd0a023ebf06533adfdea6bba records_attr4=topic_Student_38(r172@n257(hasword_check_38)) 
time=999 node=10.1.1.4 tuple=records records_attr1=10.1.1.4 records_attr2=9396a79d37378efc63dc384093b5b2287686a861 records_attr3=325a5fb7e4c0e8a14a992c0c171d577ad1ffad32 records_attr4=topic_Faculty_53(r336@n257(hasword_combin_53)) 
time=999 node=10.1.1.4 tuple=records records_attr1=10.1.1.4 records_attr2=9444a0766e3343da5f720b9601fe5ddfa0463b4d records_attr3=b10978f15ac7c6553e3aecd3aaea3fc1381cee5c records_attr4=topic_Course_38(r272@n257(hasword_check_38)) 
time=999 node=10.1.1.4 tuple=records records_attr1=10.1.1.4 records_attr2=9a4bea81ac5dffa2ff91b6d6e969cea9cc2150d7 records_attr3=6bebbef3f0e5554c285e80802c4b9b4a24367940 records_attr4=topic_Faculty_57(r180@n257(hasword_understand_57)) 
time=999 node=10.1.1.4 tuple=records records_attr1=10.1.1.4 records_attr2=9fff322ec47134e5b651cb14e42640b6cef8c745 records_attr3=c136889fb6fc4a48c42b08e9f3fba5138d85ee26 records_attr4=topic_Faculty_35(r128@n257(hasword_problem_35)) 
time=999 node=10.1.1.4 tuple=records records_attr1=10.1.1.4 records_attr2=a7e22853d9d656c5c6922598cd2782fbca908d53 records_attr3=47f82400ac114c8c9ce1d749bf27fa8708a94df9 records_attr4=topic_Person_87(r306@n257(hasword_robert_87)) 
time=999 node=10.1.1.4 tuple=records records_attr1=10.1.1.4 records_attr2=a85d6b788922a726871e2be1c133e7397eb02987 records_attr3=aa6ce7041a82cc49a8b5b28fa1ceffd4f8c42333 records_attr4=topic_Department_44(r485@n257(hasword_program_44)) 
time=999 node=10.1.1.4 tuple=records records_attr1=10.1.1.4 records_attr2=aebb4e211ee60ce07715400afe6977a797d1589f records_attr3=6766c169b28535d67cea1c8031f4d732ff2abdb1 records_attr4=topic_Department_41(r465@n257(hasword_includ_41)) 
time=999 node=10.1.1.4 tuple=records records_attr1=10.1.1.4 records_attr2=af156e630d7a083a42311a418778d6dc9df1b05e records_attr3=786dd94ef607eeaeaf5d3ac87319eb045e7659e2 records_attr4=topic_Course_75(r75@n257(hasword_address_75)) 
time=999 node=10.1.1.4 tuple=records records_attr1=10.1.1.4 records_attr2=af7b9f34a9bf4b07cb48158b10d4d8170bb52e23 records_attr3=8ba3285a9b1e75574a977e208242eb00d3ae4cdb records_attr4=topic_Person_4(r207@n257(hasword_detail_4)) 
time=999 node=10.1.1.4 tuple=records records_attr1=10.1.1.4 records_attr2=af7f64956c2e1fbe03c5af6b24cccd6915c84b4c records_attr3=80fc1822787a7bffd2766c4bac77616b12dbcbbd records_attr4=topic_Course_59(rl@n257(links_59_349*topic_Course_349(rl@n257(links_349_155*topic_Course_155(r84@n257(hasword_detect_155)))))) 
time=999 node=10.1.1.4 tuple=records records_attr1=10.1.1.4 records_attr2=b88962d55db4a0c36953d36a6f4bb00d85cf1532 records_attr3=865d7e2beb4290c11e32be821ca629b99fcc0da2 records_attr4=topic_ResearchProject_85(r347@n257(hasword_wednesdai_85)) 
time=999 node=10.1.1.4 tuple=records records_attr1=10.1.1.4 records_attr2=bf73ab24301acb6928d1c6db079d8f90184f64de records_attr3=128fbc73558586d0edf97e650ea77b39da97daa records_attr4=topic_Faculty_12(r371@n257(hasword_scientif_12)) 
time=999 node=10.1.1.4 tuple=records records_attr1=10.1.1.4 records_attr2=bfe0967b0ed5271ce1f9127ab9b69b5a5be066d0 records_attr3=6d3af85c4e8b2140b7b868c08c68c472316d613a records_attr4=topic_Person_26(r18@n257(hasword_repres_26)) 
time=999 node=10.1.1.4 tuple=records records_attr1=10.1.1.4 records_attr2=c46ec203df2444bb6b917aad8f53d058844e3ba2 records_attr3=dcdf4b04dde2c08a8ceab9a24ee3aae06c200f80 records_attr4=topic_Person_19(r315@n257(hasword_human_19)) 
time=999 node=10.1.1.4 tuple=records records_attr1=10.1.1.4 records_attr2=c807ab572d92db4fcd6a96ffec8117a0ab4215e2 records_attr3=5ea9c9f9771b2111de201b049fed89b31977c08b records_attr4=topic_Course_95(r0@n257(hasword_number_95)) 
time=999 node=10.1.1.4 tuple=records records_attr1=10.1.1.4 records_attr2=c8dca95ef55a79a2283134fed0dccce133b8a05d records_attr3=a35736eedd8699353aa7e2fbb17643fbd662bb13 records_attr4=topic_Course_35(r81@n257(hasword_problem_35)) 
time=999 node=10.1.1.4 tuple=records records_attr1=10.1.1.4 records_attr2=c9eab3e0a058d80fd06320484852ffa4f0b2d01a records_attr3=9800f203f11ab3a47a5d0a785f702427b6192945 records_attr4=topic_Course_86(r400@n257(hasword_tx_86)) 
time=999 node=10.1.1.4 tuple=records records_attr1=10.1.1.4 records_attr2=ca1b1fedbb298ef46d488b7479fa43feb049ba95 records_attr3=75407bc24222f4d6e620e4236f6b709fd75768f9 records_attr4=topic_Student_65(r78@n257(hasword_page_65)) 
time=999 node=10.1.1.4 tuple=records records_attr1=10.1.1.4 records_attr2=ccee2c55e0b44f8f273c5b067e2bec5a82fe742d records_attr3=d10e949853ca7e12b871bc048553d404cc020c69 records_attr4=topic_Person_24(r205@n257(hasword_austin_24)) 
time=999 node=10.1.1.4 tuple=records records_attr1=10.1.1.4 records_attr2=d1b39f78f1a142bd067faed11537c466a7a8efae records_attr3=27952b8665a8caaa49db406b60f2e81903ad3ecb records_attr4=topic_Person_71(r229@n257(hasword_inform_71)) 
time=999 node=10.1.1.4 tuple=records records_attr1=10.1.1.4 records_attr2=d2a6b41a1c96b67bc8c54af2e9f66e617ef06dcf records_attr3=ae7d19eaade44e92275f87cd5bc453407f5e5e77 records_attr4=topic_Faculty_56(r243@n257(hasword_html_56)) 
time=999 node=10.1.1.4 tuple=records records_attr1=10.1.1.4 records_attr2=d3432200f71cd1fe2ba611fda14ccbdf72269589 records_attr3=2f1ae63405d037b174707f95084a79a2f1571a6f records_attr4=topic_Faculty_93(r93@n257(hasword_type_93)) 
time=999 node=10.1.1.4 tuple=records records_attr1=10.1.1.4 records_attr2=d392a989b8fe1e7fddb6f03da841f090132fc031 records_attr3=2d966b46448d67b5ea772da2a0aea9b549af00e records_attr4=topic_Course_87(rl@n257(links_87_280*topic_Course_280((rl@n257(links_280_176*topic_Course_176(r369@n257(hasword_dissert_176))))+(rl@n257(links_280_40*topic_Course_40(r75@n257(hasword_address_40))))))) 
time=999 node=10.1.1.4 tuple=records records_attr1=10.1.1.4 records_attr2=da1926fc31550e258a1d565bcaba7aa9658892fc records_attr3=b0bd8bfbad8fad1f35e014bc643b1944aaaf2f4 records_attr4=topic_Course_7(r219@n257(hasword_softwar_7)) 
time=999 node=10.1.1.4 tuple=records records_attr1=10.1.1.4 records_attr2=dc4be5e1efea99439ab6093123d07959c4cdeaee records_attr3=479cc2fca240c2e876e44da9ed202a8cd4eff78d records_attr4=topic_Student_95(r363@n257(hasword_number_95)) 
time=999 node=10.1.1.4 tuple=records records_attr1=10.1.1.4 records_attr2=e335b6bb5edb8ef3b3c8a01ef58f564d20146636 records_attr3=774da2477112b7a3c266b6e4426bb52f182811fa records_attr4=topic_Faculty_47(r182@n257(hasword_date_47)) 
time=999 node=10.1.1.4 tuple=records records_attr1=10.1.1.4 records_attr2=ef9a2708077d99d0d3c2174612529afd0113f128 records_attr3=6264b8c247d1d6da6c7a893fedec5d15e16d7883 records_attr4=topic_ResearchProject_86(r114@n257(hasword_tx_86)) 
time=999 node=10.1.1.4 tuple=records records_attr1=10.1.1.4 records_attr2=efeae8121543c56d3d388a5ef421a901841c0617 records_attr3=b8d202fae5840a73ec700c4e906139119d561de4 records_attr4=topic_Faculty_90(r182@n257(hasword_date_90)) 
time=999 node=10.1.1.4 tuple=records records_attr1=10.1.1.4 records_attr2=f44e17f785aa7dc2f249ebf0ada7996408b07c49 records_attr3=881f90f6546dcc2cfdd8220cb68f752a24c66e9 records_attr4=topic_Faculty_71(r243@n257(hasword_html_71)) 
time=999 node=10.1.1.4 tuple=records records_attr1=10.1.1.4 records_attr2=f714b3a52412e5c6f8e2aabebb1f761fbfdaf47e records_attr3=b27ed0eaa6967b2f6d9411e099b5cc15cbc00323 records_attr4=topic_Staff_82(r24@n257(hasword_domain_82)) 
time=999 node=10.1.1.4 tuple=records records_attr1=10.1.1.4 records_attr2=f8aebd3dbef3122166a5447abb90c9bb7aff691c records_attr3=a8e9e7a81ddb44e5f0a0c3bec732415c6abf10c3 records_attr4=topic_Person_15(r205@n257(hasword_austin_15)) 
time=999 node=10.1.1.4 tuple=records records_attr1=10.1.1.4 records_attr2=fa2c4c59297f34b1662bfd2ff77d876b1ea06f39 records_attr3=6b29f6741fee7d2ea64db202bfc6e80f6c0783f records_attr4=topic_Student_20(r175@n257(hasword_texa_20)) 
time=999 node=10.1.1.4 tuple=records records_attr1=10.1.1.4 records_attr2=fa523c5fb94c6d3587a40330b2bb02236890a255 records_attr3=e96408f833e91287e5f6fd4277be3e837ae3d193 records_attr4=topic_Student_94(r439@n257(hasword_separ_94)) 
time=999 node=10.1.1.4 tuple=records records_attr1=10.1.1.4 records_attr2=fa76258fcf8c38a84f2183327158c941d15a2fa3 records_attr3=e38ccd1ebb6bf0880243d6f42e39b5115bd5c49a records_attr4=topic_Department_48(r195@n257(hasword_prototyp_48)) 
time=999 node=10.1.1.4 tuple=records records_attr1=10.1.1.4 records_attr2=fd8c6c783f5d8b583f87d997cdfa5653e468d6d5 records_attr3=80804dbc7d2b3442724ff556be0e358d0bb31a34 records_attr4=topic_Faculty_34(r17@n257(hasword_ncsa_34)) 
time cost: 45.205 seconds
