22958
Student
Faculty
Staff
ResearchProject
Course
Department
Person
52848685
52848904
52849050
52849192
52849337
52849652
52849797
73645577
73646277
73646733
73647040
73647252
73647459
73647666
74234794
74235091
74235240
74235606
74235890
74236045
74236184
74788528
74788742
74788882
74789022
74789391
74789549
74789692
76366952
76367187
76367328
76367489
76367640
76367696
76367696
77026107
77026353
77026681
77027057
77027213
77027711
77027903
79605463
79607152
79607428
79607726
79608183
79608352
79608493
80252166
80252459
80252607
80252745
80252882
80253018
80253154
81249181
81249396
81249537
81249675
81249812
81250049
81250188
81768558
81768806
81769125
81769390
81769538
81770100
81770415
82262106
82262485
82262538
82262538
82263292
82263700
82263866
7708030735
7708031211
7708031386
7708031543
7708031699
7708031854
7708032010
7723870060
7723870412
7723870884
7723871239
7723871478
7723871576
7723872103
7729828265
7729828516
7729828666
7729828890
7729829037
7729829178
7729829319
7733451722
7733451947
7733452093
7733452153
7733452153
7733452607
7733452752
7749937604
7749937988
7749938209
7749938359
7749938501
7749938786
7749938948
7755764573
7755764883
7755765031
7755765170
7755765307
7755765444
7755765579
7763528299
7763528299
7763528299
7763528299
7763528299
7763528299
7763528299
19106
Student
Faculty
Staff
ResearchProject
Course
Department
Person
49430213
49430426
49430573
49430720
49431000
49431166
49431325
67074697
67075000
67075214
67075355
67075493
67075631
67075770
67483537
67483755
67483895
67484109
67484252
67484388
67484524
67881590
67881843
67881986
67882199
67882342
67882478
67882612
69456339
69456618
69456762
69456900
69457038
69457175
69457311
70049323
70049543
70049686
70049896
70050037
70050173
70050336
71461057
71461259
71461399
71461537
71461747
71461903
71462079
71782769
71782980
71782981
71783331
71783486
71783624
71783761
72692572
72692803
72692945
72693083
72693220
72693358
72693562
73276865
73277074
73277216
73277354
73277492
73277697
73277855
73687755
73688045
73688191
73688329
73688466
73688603
73688740
4813849953
4813852881
4813852881
4813853593
4813853771
4813853939
4813854175
4825320609
4825320852
4825320994
4825321134
4825321272
4825321315
4825321614
4829590624
4829590624
4829590624
4829591860
4829592129
4829592452
4829592674
4832359681
4832359916
4832360124
4832360269
4832360407
4832360545
4832360681
4844196412
4844196794
4844197267
4844197418
4844197557
4844197696
4844197909
4848347276
4848347498
4848347639
4848347778
4848347916
4848348053
4848348255
4854121903
4854122143
4854122350
4854122495
4854122632
4854122770
4854122907
21846
Student
Faculty
Staff
ResearchProject
Course
Department
Person
40187317
40188287
40190969
40192987
40194115
40194421
40196735
60575439
60575664
60575804
60575942
60576159
60576175
60576508
60928637
60928852
60928993
60929205
60929348
60929484
60929620
61396135
61407738
61407738
61408387
61408541
61408679
61408817
62900954
62901158
62901299
62901438
62901575
62901781
62901921
time=999 node=10.1.1.4 tuple=records records_attr1=10.1.1.4 records_attr2=131c71446614dbff49f1f7364dcc5e1ffb2ace3 records_attr3=eb3c95d0f3b1d5da460249fdf48f452e7f07322a records_attr4=topic_ResearchProject_4(r40@n257(hasword_solv_4)) 
time=999 node=10.1.1.4 tuple=records records_attr1=10.1.1.4 records_attr2=54d222579e4ca62ee840f566500092f974b9808f records_attr3=e45b38508522bbaf63101f8066830b8c62f92e81 records_attr4=topic_Student_3((r451@n257(hasword_access_3))+(rl@n257(links_3_117*topic_Student_117(r26@n257(hasword_background_117))))) 
time=999 node=10.1.1.4 tuple=records records_attr1=10.1.1.4 records_attr2=96415656f6e8eda2b69db263ea659666b844a992 records_attr3=f6d53bb496d36663d0a50df263e496871c3135f7 records_attr4=topic_Faculty_3(rl@n257(links_3_117*topic_Faculty_117(r93@n257(hasword_type_117)))) 
time=999 node=10.1.1.4 tuple=records records_attr1=10.1.1.4 records_attr2=994ab32b9a52ad978786bffbc4b89e781d92dff4 records_attr3=5934cc857c3e44fb8037a414c455bde526bbab46 records_attr4=topic_Person_3(rl@n257(links_3_117*topic_Person_117(r397@n257(hasword_background_117)))) 
time cost: 71.9786 seconds
