17008
Student
Faculty
Staff
ResearchProject
Course
Department
Person
3602581
3602773
3603031
3603465
3603886
3604059
3604198
4028213
4028425
4028661
4028822
4028963
4029122
4029262
4078490
4078744
4078884
4079023
4079158
4079293
4079448
4129272
4129532
4129674
4129811
4129946
4130109
4130249
4161775
4161951
4162090
4162225
4162355
4162658
4162806
4194822
4195006
4195151
4195377
4195515
4195652
4195786
4229463
4229645
4229858
4230005
4230143
4230281
4230417
4288813
4289016
4289154
4289290
4289569
4290050
4290298
4325040
4325220
4325357
4325556
4325698
4325832
4325966
4388598
4388929
4389370
4389481
4389481
4389481
4390531
4425696
4425898
4426036
4426249
4426387
4426521
4426654
4463587
4463769
4463908
4464162
4464307
4464441
4464575
4502984
4503374
4503692
4503843
4504142
4504299
4504436
4573267
4573615
4573760
4573898
4574033
4574183
4574321
4659246
4659529
4659743
4659908
4660127
4660390
4660623
4698874
4699371
4699585
4699801
4700284
4700690
4701147
4748921
4749120
4749263
4749402
4749538
4749617
4749951
4792009
4792188
4792326
4792462
4792704
4792845
4792980
4866256
4866835
4867211
4867766
4868018
4868238
4868558
4945954
4946143
4946282
4946491
4946629
4946764
4946899
5077964
5078234
5078376
5078669
5078819
5078956
5079091
5165769
5165961
5166027
5166358
5166508
5166645
5166781
5213247
5213432
5213571
5213707
5213842
5213977
5214112
5268271
5268510
5268651
5268824
5268967
5269103
5269355
5360794
5360979
5361136
5361273
5361587
5361735
5361871
5417778
5418722
5418866
5419002
5419137
5419344
5419486
5521543
5521814
5522067
5522216
5522431
5522570
5522705
5574816
5575071
5575215
5575352
5575487
5575639
5575775
5628356
5628544
5628684
5628821
5629034
5629189
5629324
5689458
5690009
5690183
5690362
5690523
5690660
5690797
5805153
5805360
5805671
5805913
5806179
5806336
5806475
5911716
5912284
5912446
5912585
5912791
5912931
5913066
6042429
6042622
6042833
6042971
6043105
6043240
6043373
6107575
6107921
6108182
6108332
6108485
6108620
6108871
6360800
6361018
6361306
6361452
6361605
6361742
6361877
6503504
6503716
6504085
6504350
6504497
6504637
6504774
6561036
6561222
6561362
6561498
6561635
6561771
6562158
6669613
6669922
6670072
6670217
6670357
6670493
6670632
6790475
6790654
6790791
6790926
6791060
6791195
6791405
6846039
6846235
6846521
6846738
6846896
6847060
6847197
6903090
6903364
6903510
6903646
6903780
6903930
6904068
7019641
7019641
7019641
7019641
7019641
7022389
7022599
7145118
7145531
7145691
7145831
7145969
7146115
7146336
7329581
7329866
7329948
7330642
7332276
7332520
7333690
7540529
7540809
7540954
7541089
7541224
7541358
7541492
7674522
7674846
7674990
7675126
7675261
7675397
7675532
7743324
7743589
7743738
7743875
7744011
7744147
7744358
7811216
7811533
7811686
7811827
7811963
7812172
7812334
7957310
7957497
7957634
7957769
7957904
7958039
7958268
8035481
8035749
8035927
8036065
8036421
8036632
8036775
8100956
8101357
8101599
8101754
8101974
8102324
8102503
8163554
8163758
8163898
8164034
8164171
8164955
8165568
8233826
8233826
8233826
8233826
8233826
8235462
8235684
8298340
8298836
8298899
8298899
8298899
8298899
8298899
8369135
8369392
8369536
8369672
8369978
8370132
8370385
8445221
8445480
8445675
8445814
8446022
8446160
8446294
8523670
8523966
8524124
8524263
8524457
8524604
8524740
8600379
8600589
8600822
8600965
8601102
8601239
8601374
8674971
8675230
8675451
8675590
8675818
8675962
8676096
8756847
8757039
8757197
8757334
8757470
8757604
8757808
8842010
8842200
8842339
8842468
8842713
8843008
8843165
8927651
8927843
8927982
8928118
8928253
8928387
8928588
9008952
9009163
9009490
9009642
9009869
9010009
9010145
9099399
9099399
9100811
9101133
9101430
9101583
9101747
9175087
9175361
9175507
9175644
9175799
9175938
9176075
9268070
9268381
9268529
9268769
9268951
9269278
9269505
9358122
9358396
9358540
9358678
9358813
9358949
9359084
9441149
9441379
9441523
9441660
9441796
9442008
9442314
9527553
9527755
9527896
9528184
9528406
9528545
9528680
9628036
9628397
9628545
9628683
9629094
9629340
9629723
9725085
9725294
9725436
9725661
9725805
9725942
9726077
9840015
9840274
9840413
9840550
9840686
9840821
9841050
9921010
9921209
9921348
9921484
9921623
9921760
9921895
10005633
10005824
10006067
10006217
10006355
10006492
10006630
10087528
10087887
10088043
10088254
10088393
10088528
10088781
10170725
10170977
10171122
10171346
10171493
10171629
10171765
10255651
10255832
10255970
10256279
10256429
10256567
10256704
10340623
10340905
10341065
10341204
10341385
10341573
10341783
10423232
10423424
10423563
10423701
10423907
10424042
10424177
10502500
10502768
10502914
10503053
10503189
10503325
10503460
10586831
10587193
10587344
10587484
10587633
10587774
10587913
10680874
10681248
10681514
10681672
10681811
10681951
10682100
10769761
10769948
10770160
10770342
10770481
10770618
10770849
10861626
10861819
10861959
10862181
10862328
10862465
10862603
10966951
10967135
10967291
10967508
10967650
10967785
10967920
11063725
11063999
11064200
11064553
11064792
11065053
11065213
11165880
11166071
11166210
11166424
11166564
11166699
11166835
11257864
11258086
11258315
11258505
11258685
11258824
11258959
11344710
11344980
11345127
11345263
11345398
11345535
11345670
11431985
11432181
11432319
11432455
11432675
11432814
11432949
11523264
11523478
11523649
11523912
11524060
11524197
11524357
11611128
11611322
11611461
11611599
11611735
11611974
11612113
11697286
11697469
11697784
11697943
11698080
11698221
11698357
11787030
11789434
11789681
11789901
11790116
11790333
11790379
11891992
11892197
11892343
11892478
11892613
11892751
11892951
11983717
11983717
11983717
11983717
11983717
11983717
11983717
12075702
12075896
12076036
12076173
12076308
12076381
12076643
12166994
12167634
12167936
12168313
12169072
12169460
12169693
12260154
12260425
12260570
12260705
12260856
12261007
12261141
12354312
12354678
12354704
12355534
12355970
12356373
12356543
time=999 node=10.1.1.4 tuple=records records_attr1=10.1.1.4 records_attr2=decf8040b506f3fdae00a2f68d453d2b0433d44 records_attr3=4ad5668755e97591df0b65d0eefcfdd208d4d63c records_attr4=topic_Course_33(r223@n257(hasword_mit_33)) 
time=999 node=10.1.1.4 tuple=records records_attr1=10.1.1.4 records_attr2=1e64cfa59c1f2feb88076558d29eb2f1821291b2 records_attr3=20fc56b8d0eea145ea579beefe9471b4bd7f536c records_attr4=topic_ResearchProject_8(r347@n257(hasword_wednesdai_8)) 
time=999 node=10.1.1.4 tuple=records records_attr1=10.1.1.4 records_attr2=26853c7b4ac81012f3edde72e217faba4abd7484 records_attr3=16e7a909a11b9c2fc445ba4405f812797c73127b records_attr4=topic_Faculty_41(r394@n257(hasword_grade_41)) 
time=999 node=10.1.1.4 tuple=records records_attr1=10.1.1.4 records_attr2=4133048174d3a06b9e6f839c645a6b7b01d86cd3 records_attr3=178b122786109a27295a260073505c41552b23ff records_attr4=topic_Course_43(r198@n257(hasword_sourc_43)) 
time=999 node=10.1.1.4 tuple=records records_attr1=10.1.1.4 records_attr2=41c8bc9dcd6d8b1d91009a570ddff5b9051cf4a2 records_attr3=45a9787596ca98f84af422acd59b14e9af975e6d records_attr4=topic_Department_2(r485@n257(hasword_program_2)) 
time=999 node=10.1.1.4 tuple=records records_attr1=10.1.1.4 records_attr2=437b400c6cb70261e36c54c531453e186d7b9070 records_attr3=b60ab1d86b41006f3277c9aa426b0390ece28318 records_attr4=topic_Faculty_37(r93@n257(hasword_type_37)) 
time=999 node=10.1.1.4 tuple=records records_attr1=10.1.1.4 records_attr2=4988339315102429f9542afdf4521438e020b6b6 records_attr3=556cd67730e903ad50026ad80f7e0f43d932c959 records_attr4=topic_Person_31(r277@n257(hasword_review_31)) 
time=999 node=10.1.1.4 tuple=records records_attr1=10.1.1.4 records_attr2=4d496968e4d75032b9334e56a2eb3a27a9ffa8fa records_attr3=b0f83cf1b422afef0de17fda55ecdd563eac86cb records_attr4=topic_Person_34(r436@n257(hasword_expect_34)) 
time=999 node=10.1.1.4 tuple=records records_attr1=10.1.1.4 records_attr2=594ed0bf8b390341cc33a1d71fdd2e9b3f00d44f records_attr3=83726b1c95e3977baeafab5676c160d36a74ab28 records_attr4=topic_ResearchProject_13(r215@n257(hasword_home_13)) 
time=999 node=10.1.1.4 tuple=records records_attr1=10.1.1.4 records_attr2=5b32c56adf28591811dde6778a28e16de1781148 records_attr3=6323796434cc6ebdac7ab80428f5704637110a79 records_attr4=topic_Department_33(r55@n257(hasword_mit_33)) 
time=999 node=10.1.1.4 tuple=records records_attr1=10.1.1.4 records_attr2=5d775e8d2f5116064dbf93162711ac6c4ae2ba4e records_attr3=ef64169e1a701db762a4f4ff8002130be10b603b records_attr4=topic_Course_42(r400@n257(hasword_tx_42)) 
time=999 node=10.1.1.4 tuple=records records_attr1=10.1.1.4 records_attr2=6004305486d7f775b7bd4473294bf8501a89a423 records_attr3=d0a6d39020c1c123a580dac2778f4d193bbc4c9a records_attr4=topic_Person_18(r260@n257(hasword_gener_18)) 
time=999 node=10.1.1.4 tuple=records records_attr1=10.1.1.4 records_attr2=65cd95e4c1e2c0a18bd44980813419281441cc5d records_attr3=f985e95649554c5c363950d765a1862cfadefe49 records_attr4=topic_Person_12(r150@n257(hasword_provid_12)) 
time=999 node=10.1.1.4 tuple=records records_attr1=10.1.1.4 records_attr2=75558b9f8e1297d1511a0a0ed022e9340b25b02c records_attr3=6491f4a6b27a63a0eed61a87f3c7c52ed89bca2b records_attr4=topic_Course_25(r331@n257(hasword_code_25)) 
time=999 node=10.1.1.4 tuple=records records_attr1=10.1.1.4 records_attr2=767eeea0f1e5d5199aaa31b47499da8abbce563b records_attr3=8ec745f25b85f948f2defaed49d60ef02a149dcd records_attr4=topic_ResearchProject_33(r496@n257(hasword_mit_33)) 
time=999 node=10.1.1.4 tuple=records records_attr1=10.1.1.4 records_attr2=77c3685c2429be4f9fde4b4b37cc53da1da21f2e records_attr3=3388c506f931080bcc6e816bc1f3c34f22796a97 records_attr4=topic_Person_6(r205@n257(hasword_austin_6)) 
time=999 node=10.1.1.4 tuple=records records_attr1=10.1.1.4 records_attr2=8df89b809c45424f2a01662d079a7495b8739e40 records_attr3=c57a65552370cd1839785b0da539a721116469b1 records_attr4=topic_ResearchProject_40(r304@n257(hasword_run_40)) 
time=999 node=10.1.1.4 tuple=records records_attr1=10.1.1.4 records_attr2=8e5e060c8872831aa927378a007bb2677144bf66 records_attr3=d3d47c3b2b49986f625a167eef904ef535bd98b8 records_attr4=topic_Faculty_17(r185@n257(hasword_suggest_17)) 
time=999 node=10.1.1.4 tuple=records records_attr1=10.1.1.4 records_attr2=9645fdc1d372e6e33ad5edb3945b20f357be2d39 records_attr3=a590c32d590117b389a5f12c79cd62a375e503ac records_attr4=topic_Faculty_44(r237@n257(hasword_data_44)) 
time=999 node=10.1.1.4 tuple=records records_attr1=10.1.1.4 records_attr2=978315663e05a23ea5bcffa01b4f424971bbe25d records_attr3=97b5bc9ef3dc23897eebbdc59866116025158ae3 records_attr4=topic_Staff_20(r437@n257(hasword_leav_20)) 
time=999 node=10.1.1.4 tuple=records records_attr1=10.1.1.4 records_attr2=9d8015c383ca747078e04f1dab232df45fda73af records_attr3=ee64ddd112ffb86b7c091992e7e2b3bca98ff8a4 records_attr4=topic_Department_19(r337@n257(hasword_construct_19)) 
time=999 node=10.1.1.4 tuple=records records_attr1=10.1.1.4 records_attr2=ae22d887567d2b4edc06cdba7cbf89c94c66c9f1 records_attr3=8e2099669b474fa6292c9dd1a64c1fe23fd21c39 records_attr4=topic_Student_23(r78@n257(hasword_page_23)) 
time=999 node=10.1.1.4 tuple=records records_attr1=10.1.1.4 records_attr2=b706425a759cc8192072313c242e5cd8c8fc3a2b records_attr3=12ac88a4418cfdb5cdcc1aae233daeeb35290550 records_attr4=topic_Course_29(r135@n257(hasword_continu_29)) 
time=999 node=10.1.1.4 tuple=records records_attr1=10.1.1.4 records_attr2=bc4776044ca565c52bd64f501020802a39ee1f45 records_attr3=aa448beabe6bf9b7c50942bda13861d3c98b9656 records_attr4=topic_Staff_1(r258@n257(hasword_servic_1)) 
time=999 node=10.1.1.4 tuple=records records_attr1=10.1.1.4 records_attr2=be3e9a3dbd12544fd0fb72317765a6dd62b25d91 records_attr3=c442618fcf53744510359f9d0933483032b5b1d3 records_attr4=topic_ResearchProject_42(r114@n257(hasword_tx_42)) 
time=999 node=10.1.1.4 tuple=records records_attr1=10.1.1.4 records_attr2=be97167f98ba70c23a78a7717b8246aae6d60817 records_attr3=24737d58ebc8ec8e03babe0c87d7a3a2ce1c7aaa records_attr4=topic_Person_43(r453@n257(hasword_sourc_43)) 
time=999 node=10.1.1.4 tuple=records records_attr1=10.1.1.4 records_attr2=c46ec203df2444bb6b917aad8f53d058844e3ba2 records_attr3=dcdf4b04dde2c08a8ceab9a24ee3aae06c200f80 records_attr4=topic_Person_19(r266@n257(hasword_construct_19)) 
time=999 node=10.1.1.4 tuple=records records_attr1=10.1.1.4 records_attr2=efcb29e73f13460e3e8126adce2bc467d81228d7 records_attr3=402d8c2cb9140870ba6e687bba806743af0cf46b records_attr4=topic_ResearchProject_47(r215@n257(hasword_home_47)) 
time=999 node=10.1.1.4 tuple=records records_attr1=10.1.1.4 records_attr2=f5975b06da3268a1333e9c4a8006660031e3ed76 records_attr3=4e7fed3d004c930008fdd60cd6dc1a8211cc1e17 records_attr4=topic_ResearchProject_30(r25@n257(hasword_tabl_30)) 
time cost: 13.4589 seconds
