26273
Student
Faculty
Staff
ResearchProject
Course
Department
Person
13990523
13990804
13990972
13991117
13991260
13991400
13991544
16166317
16166522
16166668
16166811
16166952
16167177
16167334
16247309
16247628
16247806
16247952
16248189
16248336
16248477
16440655
16440918
16441066
16441209
16441351
16441492
16441633
16757137
16757327
16757663
16757874
16758026
16758184
16758327
16891790
16892072
16892317
16892488
16892651
16892807
16893052
16983982
16984183
16984328
16984471
16984613
16984755
16984825
17115940
17116143
17116288
17116430
17116584
17116729
17116982
17274575
17274929
17277488
17277981
17278393
17278657
17278999
17390842
17391096
17391377
17391633
17391785
17392016
17392211
17661828
17662032
17662181
17662324
17662552
17662704
17662846
17756668
17756868
17757014
17757157
17757300
17757514
17757659
17843444
17843656
17843804
17843947
17844092
17844457
17844633
17936773
17936997
17937233
17937380
17937524
17937667
17937809
18020769
18021033
18021292
18021439
18021582
18021723
18021864
18166953
18167167
18167313
18167456
18167675
18167822
18167965
18253435
18253783
18253933
18254077
18254221
18254363
18254505
18789678
18789880
18790026
18790170
18790461
18790612
18790761
18907007
18907007
18907007
18907007
18907007
18907007
18907007
19040099
19040742
19040928
19041076
19042916
19043383
19043639
19152049
19152249
19152395
19152538
19152789
19152949
19153093
19249882
19250082
19250228
19250370
19250591
19250741
19250883
19349392
19349590
19349738
19349926
19350096
19350238
19350378
19448260
19448583
19448796
19448947
19449090
19449232
19449374
19825928
19826133
19826278
19826421
19826635
19826808
19826951
20011589
20011793
20011942
20012102
20012249
20012481
20012658
20107705
20107913
20108059
20108273
20108479
20108649
20108794
20347729
20349514
20349760
20350181
20350439
20350692
20350841
20614956
20615179
20615555
20615770
20615924
20616143
20616322
20937054
20937389
20937540
20937730
20938120
20938321
20938478
21055834
21056046
21056192
21056407
21056554
21056695
21056835
21169658
21169874
21170020
21170061
21170383
21170529
21170671
21386903
21387102
21387374
21387533
21387678
21387821
21387964
21518291
21518487
21518633
21518776
21518918
21519132
21519276
21651584
21651865
21652013
21652157
21652413
21652748
21653025
21845635
21845929
21846078
21846222
21846365
21846599
21846921
22031844
22032199
22032353
22032496
22032638
22032778
22032999
22225939
22226163
22226262
22226567
22226839
22226996
22227144
22429974
22430177
22430322
22430463
22430604
22430836
22430981
22647239
22647581
22647748
22647942
22648092
22648320
22648464
22851020
22851220
22851364
22851579
22851723
22851862
22852003
23211879
23212162
23212313
23212459
23212602
23212745
23213103
23322494
23323788
23324093
23324268
23324572
23324727
23324872
23528182
23528465
23528612
23528754
23529048
23529202
23529419
23726184
23726454
23726602
23726747
23726891
23727036
23727249
23935296
23935501
23935865
23936026
23936172
23936315
23936457
24050536
24050799
24051044
24051192
24051335
24051476
24051617
24259145
24259439
24259771
24260044
24260202
24260346
24260488
24473121
24473555
24473730
24473876
24474086
24474243
24474532
24709872
24710094
24710274
24710419
24710561
24710702
24710970
24839201
24839584
24839798
24839956
24840101
24840243
24840469
25099932
25100230
25100379
25100521
25100700
25100854
25101212
25363396
25363615
25363763
25363907
25364150
25364304
25364446
25711605
25711932
25712088
25712232
25712376
25712519
25712662
25958393
25958704
25958932
25959120
25959269
25959331
25959331
26183354
26183561
26183708
26183852
26183994
26184136
26184194
26302479
26302786
26303153
26303830
26304198
26304699
26305361
26544058
26544268
26544416
26544633
26544782
26544925
26545066
26792454
26792666
26792811
26792953
26793109
26793210
26793210
27930975
27931308
27931563
27931742
27931901
27932064
27932230
28053407
28053407
28053407
28053407
28054721
28055183
28055420
28177870
28178081
28178229
28178373
28178586
28178732
28178874
28302683
28302889
28303035
28303179
28303522
28303708
28303855
28426825
28427043
28427189
28427332
28427360
28427694
28427839
28551717
28551924
28552071
28552289
28552571
28552736
28552881
28676297
28676619
28676780
28676925
28677067
28677210
28677500
28804527
28804527
28807188
28807912
28808114
28808261
28808479
29067536
29067937
29068093
29068311
29068461
29068603
29068806
29227333
29227772
29227931
29228077
29228221
29228456
29228601
29382459
29382668
29382813
29382956
29383113
29383259
29383464
29561413
29561631
29561779
29561838
29562172
29562318
29562476
29711055
29711265
29711412
29711555
29711698
29711914
29712059
29848589
29848788
29849024
29849176
29849320
29849463
29849605
30143997
30144204
30144442
30144589
30144732
30144873
30145015
30296814
30297012
30297171
30297388
30297536
30297678
30297819
30595158
30595367
30595515
30595740
30595887
30596029
30596172
30735467
30736263
30736465
30736781
30736938
30737197
30737363
30996501
30996766
30996913
30997056
30997199
30997341
30997482
31774631
31774846
31775293
31775586
31775958
31776350
31776545
31921014
31921544
31921715
31921927
31922534
31922712
31922856
32257963
32258302
32258575
32258996
32259493
32260198
32260469
32620848
32621223
32621573
32621918
32622080
32622230
32622378
34028919
34029130
34029355
34029509
34029727
34029995
34030171
34358804
34360191
34360442
34361186
34361691
34362188
34362363
35790729
35790963
35791199
35791359
35791512
35791735
35791902
35965994
35966213
35966369
35966520
35966670
35966821
35967065
36533178
36533529
36533694
36533847
36534049
36534224
36534254
36714678
36714903
36715074
36715229
36715481
36715660
36715826
37127956
37128245
37128411
37128565
37128716
37128866
37129017
37382622
37382872
37383144
37385561
37385806
37386052
37386210
37579357
37579578
37579734
37579957
37580115
37580266
37580416
37932649
37933099
37933292
37933475
37934115
37935287
37935698
38111770
38111986
38112138
38112289
38112486
38112643
38112864
38281182
38281393
38281547
38281791
38282047
38282205
38282357
38655013
38655824
38656111
38656361
38656684
38656845
38656997
38812430
38812719
38812876
38813029
38813181
38813332
38813548
39574920
39575384
39575564
39575719
39575844
39575844
39576291
39927416
39927704
39927867
39928020
39928172
39928323
39928474
40499613
40499945
40500245
40500431
40500881
40501156
40501477
41050847
41051826
41053167
41055216
41055524
41056241
41056410
time=999 node=10.1.1.4 tuple=records records_attr1=10.1.1.4 records_attr2=40f01e64f646247eac9d4a0710a60258615e792 records_attr3=16424b2908c46650929e416a6e1245cff928450f records_attr4=topic_Student_9(r121@n257(hasword_length_9)) 
time=999 node=10.1.1.4 tuple=records records_attr1=10.1.1.4 records_attr2=66d289c23868f135e57b0a9493e2175619f00f9 records_attr3=ec5ec5923e04d4b26a581db46c1e2f1c2633e11c records_attr4=topic_Person_95(r167@n257(hasword_locat_95)) 
time=999 node=10.1.1.4 tuple=records records_attr1=10.1.1.4 records_attr2=9ab229b46a6a95723a1f9b4ed8b7ae7b5c52663 records_attr3=8c1cf6e863939be4e2f0129e2059fbddb12cf6c0 records_attr4=topic_Staff_37(r92@n257(hasword_result_37)) 
time=999 node=10.1.1.4 tuple=records records_attr1=10.1.1.4 records_attr2=9fc821aee6df45d360128680426f31baf666efc records_attr3=c8fcfc3d9565d1b0e505aa9ffb17cb4f7f0683f6 records_attr4=topic_Staff_9(rl@n257(links_9_146*topic_Staff_146(r94@n257(hasword_dai_146)))) 
time=999 node=10.1.1.4 tuple=records records_attr1=10.1.1.4 records_attr2=bc5653821df4fca3d92714c57c8b108de783f62 records_attr3=9b7f5ffc969c614f8c93deeab4e7df9defc0ea2f records_attr4=topic_Student_56(r274@n257(hasword_local_56)) 
time=999 node=10.1.1.4 tuple=records records_attr1=10.1.1.4 records_attr2=1042d0d3adf5ede36e4d8d46629b2e19382c4acb records_attr3=6b0fe23952248b73b5c0ba815fb29882234d1cdb records_attr4=topic_ResearchProject_57(r160@n257(hasword_technologi_57)) 
time=999 node=10.1.1.4 tuple=records records_attr1=10.1.1.4 records_attr2=138b81039e5d6800a04863c82bb09a9fc8e3e285 records_attr3=4f3232c1d2eb4b57ad88caaa8454d5f2785ad405 records_attr4=topic_Student_42(r121@n257(hasword_length_42)) 
time=999 node=10.1.1.4 tuple=records records_attr1=10.1.1.4 records_attr2=15554859cce5bfede8a34ef924bb903a8132a4bd records_attr3=996ba30fc4c30126faa8a2609ac4ee9196064d0 records_attr4=topic_Course_98(r51@n257(hasword_learn_98)) 
time=999 node=10.1.1.4 tuple=records records_attr1=10.1.1.4 records_attr2=169f6df5eb2c435e3c6c1ed39e93fae8608d49d0 records_attr3=9192041abf4ec3320657c770e9a163a6cb713346 records_attr4=topic_ResearchProject_66(r194@n257(hasword_modul_66)) 
time=999 node=10.1.1.4 tuple=records records_attr1=10.1.1.4 records_attr2=175d9983089cf4d09ebb10e3a790283ae7da8ffa records_attr3=d6b8eee32bc0523ff4963c0b5f6dcc7970daca52 records_attr4=topic_Faculty_96(r312@n257(hasword_question_96)) 
time=999 node=10.1.1.4 tuple=records records_attr1=10.1.1.4 records_attr2=268eef401fac014fea647e2f9e6ea74c0bce492a records_attr3=9a4187d1ac35c17d638c056b42a0aee8011e82db records_attr4=topic_Faculty_58((r97@n257(hasword_load_58))+(rl@n257(links_58_103*topic_Faculty_103(r178@n257(hasword_ca_103))))) 
time=999 node=10.1.1.4 tuple=records records_attr1=10.1.1.4 records_attr2=29b5dffbe93bf86ade6a49f1f8bf51a378de570c records_attr3=d66096034b6d751d42b4437407d1b55a332d62f9 records_attr4=topic_Person_83(rl@n257(links_83_50*topic_Person_50(r229@n257(hasword_inform_50)))) 
time=999 node=10.1.1.4 tuple=records records_attr1=10.1.1.4 records_attr2=2def8be50202d5eb07e52d5ad114831925796ae9 records_attr3=4d31eb0671a19f9201f6a22c9a54b5eca4e0e3de records_attr4=topic_Faculty_80(r483@n257(hasword_form_80)) 
time=999 node=10.1.1.4 tuple=records records_attr1=10.1.1.4 records_attr2=301413546aa81aba47f2cec2ba4bce374db96676 records_attr3=6b50726c3d2f23c02a26297d9db9eec9caf0dd7a records_attr4=topic_Staff_52(r390@n257(hasword_step_52)) 
time=999 node=10.1.1.4 tuple=records records_attr1=10.1.1.4 records_attr2=3262f6a3c70bdd6d0a5acd983e9f801c27a961a7 records_attr3=2379757e11379ea07358f13d8cac9fecb4a2a4f0 records_attr4=topic_ResearchProject_27(r268@n257(hasword_internet_27)) 
time=999 node=10.1.1.4 tuple=records records_attr1=10.1.1.4 records_attr2=3473e74c4d40151f460f520ee5ae19f91b037384 records_attr3=77f85d6a008e4cbb8a213e3f739938e3965dde30 records_attr4=topic_Student_40(r168@n257(hasword_read_40)) 
time=999 node=10.1.1.4 tuple=records records_attr1=10.1.1.4 records_attr2=37cb17172355a403d6ca706c40d4136ebbd99668 records_attr3=6f9715eef2ef74270a9dc5a42ac5b1a21c56e0e4 records_attr4=topic_Student_58(rl@n257(links_58_103*topic_Student_103(r413@n257(hasword_creat_103)))) 
time=999 node=10.1.1.4 tuple=records records_attr1=10.1.1.4 records_attr2=38a3b127c98b6d51799e3cf11a6be902e849cb3e records_attr3=7d973ea5ea0097bc189ddffb3dbb7687fc3604f7 records_attr4=topic_Department_87(r305@n257(hasword_origin_87)) 
time=999 node=10.1.1.4 tuple=records records_attr1=10.1.1.4 records_attr2=3dc52e4768436cef9ced07d29e4323bf734362e7 records_attr3=7c3e97add7cc2909738d32a1016a8b6acd631979 records_attr4=topic_ResearchProject_98(r282@n257(hasword_learn_98)) 
time=999 node=10.1.1.4 tuple=records records_attr1=10.1.1.4 records_attr2=40dd50421d9e8588f72d047de7e8e2fbd8dc7143 records_attr3=d16557c8dae58fc76f4c21a003b844c27bb70e4 records_attr4=topic_Person_2((r495@n257(hasword_academ_2))+(r266@n257(hasword_construct_2))) 
time=999 node=10.1.1.4 tuple=records records_attr1=10.1.1.4 records_attr2=41c8bc9dcd6d8b1d91009a570ddff5b9051cf4a2 records_attr3=45a9787596ca98f84af422acd59b14e9af975e6d records_attr4=topic_Department_2(r337@n257(hasword_construct_2)) 
time=999 node=10.1.1.4 tuple=records records_attr1=10.1.1.4 records_attr2=463524dfeb902982dd990b467d12dcc5db73bfc3 records_attr3=14f883232687ced9afffe2f18c02cd4f17b864dd records_attr4=topic_Person_40(r150@n257(hasword_provid_40)) 
time=999 node=10.1.1.4 tuple=records records_attr1=10.1.1.4 records_attr2=477c0305f245ea01f760a94b104c4fc460fafbe5 records_attr3=69f0e50a7d6f4ee016c6c82383bc05b5dda61ff1 records_attr4=topic_Person_23(r229@n257(hasword_inform_23)) 
time=999 node=10.1.1.4 tuple=records records_attr1=10.1.1.4 records_attr2=4889a9b4f5bd7d2715ad397fe6fd3d41a6a93a08 records_attr3=ff0caa595ac80d77fe890cdae292fd57af6a29b4 records_attr4=topic_Faculty_38(r243@n257(hasword_html_38)) 
time=999 node=10.1.1.4 tuple=records records_attr1=10.1.1.4 records_attr2=4a0d26eff132b90ee0eb147b4454278f46a58a23 records_attr3=1be4835339dc8778066541b2f3a30aab3523f247 records_attr4=topic_Person_93(r9@n257(hasword_calcul_93)) 
time=999 node=10.1.1.4 tuple=records records_attr1=10.1.1.4 records_attr2=4cae07deca93e1803c3c5fbe63be8a753881fc9b records_attr3=716d2fb7eb3bc929f1e70432c2b14d288120304c records_attr4=topic_ResearchProject_48(r162@n257(hasword_implem_48)) 
time=999 node=10.1.1.4 tuple=records records_attr1=10.1.1.4 records_attr2=4d496968e4d75032b9334e56a2eb3a27a9ffa8fa records_attr3=b0f83cf1b422afef0de17fda55ecdd563eac86cb records_attr4=topic_Person_34(r205@n257(hasword_austin_34)) 
time=999 node=10.1.1.4 tuple=records records_attr1=10.1.1.4 records_attr2=4d63957da7f9cbe8e28c40e24cc81a4de5d074bb records_attr3=e1211a2b70afb5200508d05d4d786af915cd2393 records_attr4=topic_Person_16((rl@n257(links_16_214*topic_Person_214(rl@n257(links_214_50*topic_Person_50(r229@n257(hasword_inform_50))))))+(rl@n257(links_16_189*topic_Person_189(rl@n257(links_189_50*topic_Person_50(r229@n257(hasword_inform_50))))))) 
time=999 node=10.1.1.4 tuple=records records_attr1=10.1.1.4 records_attr2=4d8a06b6aa0e7030e1ea8b423911de16c26a44c2 records_attr3=59c430a54e1475c781262804962081994c910b68 records_attr4=topic_Staff_36(r258@n257(hasword_servic_36)) 
time=999 node=10.1.1.4 tuple=records records_attr1=10.1.1.4 records_attr2=4f0bbc4d45df60f7be9276788c9a0986b028e22d records_attr3=2e8476dd5337c2d5a5ae79a541e23a27650985fe records_attr4=topic_Faculty_85(r300@n257(hasword_studi_85)) 
time=999 node=10.1.1.4 tuple=records records_attr1=10.1.1.4 records_attr2=550c8e93d84936e0395e9e3898b8b4478bce4a5b records_attr3=41070321622cc20b272319354cb8b829125a62bb records_attr4=topic_Faculty_14(r182@n257(hasword_date_14)) 
time=999 node=10.1.1.4 tuple=records records_attr1=10.1.1.4 records_attr2=57c3b2b8d45da7c4eb22522adafe942872fb4325 records_attr3=3712f9504d975f6c5751af56dee52f86dbfa78e7 records_attr4=topic_Student_31(r121@n257(hasword_length_31)) 
time=999 node=10.1.1.4 tuple=records records_attr1=10.1.1.4 records_attr2=6397504ed237b6e83d0850aa771adc8d945cdb6d records_attr3=ddcbc202313d2fb96bf944631d7ca80b6f1f6b93 records_attr4=topic_ResearchProject_16(r40@n257(hasword_solv_16)) 
time=999 node=10.1.1.4 tuple=records records_attr1=10.1.1.4 records_attr2=67fcea8e2f806c17e8c4787620551ce0dc3e75ad records_attr3=d028a23f3732b305ee9da1ee7733c8e1a7fed831 records_attr4=topic_Department_23(r232@n257(hasword_lectur_23)) 
time=999 node=10.1.1.4 tuple=records records_attr1=10.1.1.4 records_attr2=68798ed14cf9c0e293935f335f5a5ba7a74959bb records_attr3=74f63db5cf27705d252666e1a87516c0211f1dbb records_attr4=topic_Department_53(r246@n257(hasword_scienc_53)) 
time=999 node=10.1.1.4 tuple=records records_attr1=10.1.1.4 records_attr2=6bf684860b9aa24df8f8bd123f0643af0b8fe769 records_attr3=b2b2a815d168d7b02346cfc031730b796675e580 records_attr4=topic_Staff_3(r350@n257(hasword_paper_3)) 
time=999 node=10.1.1.4 tuple=records records_attr1=10.1.1.4 records_attr2=73a8f4427ed6ee69c0ad8e0ee05c12f59a3aad12 records_attr3=364499f675f30625de1dc7b66ce09d66a5c4459a records_attr4=topic_Student_39(r121@n257(hasword_length_39)) 
time=999 node=10.1.1.4 tuple=records records_attr1=10.1.1.4 records_attr2=7562ae5ceb65833455e9bfd07e62b46ab5c9c69e records_attr3=7009ccffd206d58b8ac0ebfb21d3fbc0bbc05428 records_attr4=topic_Department_95(r367@n257(hasword_locat_95)) 
time=999 node=10.1.1.4 tuple=records records_attr1=10.1.1.4 records_attr2=765f8c219c2eca0c91cd159e809323be8d79da79 records_attr3=cc99adb051ceb441f71aabb334576d1f954b6975 records_attr4=topic_Student_74(r121@n257(hasword_length_74)) 
time=999 node=10.1.1.4 tuple=records records_attr1=10.1.1.4 records_attr2=7c24936ee612d23086a624bf0683f5f78e5c205d records_attr3=3117a68adcacbf23fe75251ece59071200ee48d0 records_attr4=topic_Course_28(rl@n257(links_28_7*topic_Course_7(r292@n257(hasword_design_7)))) 
time=999 node=10.1.1.4 tuple=records records_attr1=10.1.1.4 records_attr2=88d5b66e64ec0736b76fbd838264ab733d129041 records_attr3=f1fcf4b704f5d21ea672a4204e0eacfd53a79ad3 records_attr4=topic_ResearchProject_58(rl@n257(links_58_103*topic_ResearchProject_103(r377@n257(hasword_creat_103)))) 
time=999 node=10.1.1.4 tuple=records records_attr1=10.1.1.4 records_attr2=8cb8f09a27da9bbadc435f4dd02bf62eba85f399 records_attr3=c1e0aa4c3cb51eec6f126562687643171a68adf8 records_attr4=topic_Person_81(rl@n257(links_81_126*topic_Person_126((r453@n257(hasword_sourc_126))+(rl@n257(links_126_81*topic_Person_81))))) 
time=999 node=10.1.1.4 tuple=records records_attr1=10.1.1.4 records_attr2=8ccd318567227f37d5319e28453de104e77ff1a0 records_attr3=99691c58cc86d47b4ebc9d11c1ce7f8c3b6efaa7 records_attr4=topic_Staff_35(r52@n257(hasword_math_35)) 
time=999 node=10.1.1.4 tuple=records records_attr1=10.1.1.4 records_attr2=8df89b809c45424f2a01662d079a7495b8739e40 records_attr3=c57a65552370cd1839785b0da539a721116469b1 records_attr4=topic_ResearchProject_40(r283@n257(hasword_read_40)) 
time=999 node=10.1.1.4 tuple=records records_attr1=10.1.1.4 records_attr2=916ba8bc95170d697a808041157f3f350cd52c2f records_attr3=18ce84da5cba25cff2c73d93990fd664b005497e records_attr4=topic_Faculty_97(r186@n257(hasword_appli_97)) 
time=999 node=10.1.1.4 tuple=records records_attr1=10.1.1.4 records_attr2=92b6ecf054b5895c766b8cc8ffc5e7beddda15e1 records_attr3=a9db925b9f435a5c065c3c05ddc0f447d82428e1 records_attr4=topic_Staff_47(r143@n257(hasword_engin_47)) 
time=999 node=10.1.1.4 tuple=records records_attr1=10.1.1.4 records_attr2=9363f7917fb1f111dec7552d46cd6b48cab68b8a records_attr3=a1442400889f984fd94e4ca3788d53575b222bc1 records_attr4=topic_Staff_44(r94@n257(hasword_dai_44)) 
time=999 node=10.1.1.4 tuple=records records_attr1=10.1.1.4 records_attr2=994ab32b9a52ad978786bffbc4b89e781d92dff4 records_attr3=5934cc857c3e44fb8037a414c455bde526bbab46 records_attr4=topic_Person_3(rl@n257(links_3_116*topic_Person_116(r46@n257(hasword_agent_116)))) 
time=999 node=10.1.1.4 tuple=records records_attr1=10.1.1.4 records_attr2=9aeb1f26d949b79f5991765e4035b72dfc9cdc5d records_attr3=6e6985b0b955cd90b0a565c3bfbeaccdd4183ea7 records_attr4=topic_ResearchProject_3(rl@n257(links_3_116*topic_ResearchProject_116(r169@n257(hasword_agent_116)))) 
time=999 node=10.1.1.4 tuple=records records_attr1=10.1.1.4 records_attr2=9b47de1af8087ec0a4735189cd17beee66993c43 records_attr3=d5b82e77c9077d2c1ed3ae3033a06353b5a4a4c2 records_attr4=topic_ResearchProject_52(r160@n257(hasword_technologi_52)) 
time=999 node=10.1.1.4 tuple=records records_attr1=10.1.1.4 records_attr2=a3e69a0aada2082e227e97327399ea8e5b31b093 records_attr3=d0bacf4d11b338ec2edcd9eebe5107f0eda25fba records_attr4=topic_Course_81(rl@n257(links_81_126*topic_Course_126((r198@n257(hasword_sourc_126))+(rl@n257(links_126_81*topic_Course_81))))) 
time=999 node=10.1.1.4 tuple=records records_attr1=10.1.1.4 records_attr2=a63ede394af976a1b0991264815609d1f4b7d315 records_attr3=3a7e8e37e98346af9c4dcdad8c3c0f830b935555 records_attr4=topic_Person_54(r207@n257(hasword_detail_54)) 
time=999 node=10.1.1.4 tuple=records records_attr1=10.1.1.4 records_attr2=acfa6f8e199e67cb656971c9da285dffb2b05399 records_attr3=6e8c116ab490bfdd3bd79ce5d71579dafcc0532b records_attr4=topic_Faculty_46(r423@n257(hasword_distribut_46)) 
time=999 node=10.1.1.4 tuple=records records_attr1=10.1.1.4 records_attr2=ae22d887567d2b4edc06cdba7cbf89c94c66c9f1 records_attr3=8e2099669b474fa6292c9dd1a64c1fe23fd21c39 records_attr4=topic_Student_23(r78@n257(hasword_page_23)) 
time=999 node=10.1.1.4 tuple=records records_attr1=10.1.1.4 records_attr2=afaeac0cfb592e286ce12ada1b990de5ade5d608 records_attr3=df7e35acfff5f300a1de399651ec48a1feed9818 records_attr4=topic_ResearchProject_24(r269@n257(hasword_techniqu_24)) 
time=999 node=10.1.1.4 tuple=records records_attr1=10.1.1.4 records_attr2=b0045f131cb6cdc76348d70300ca90a15766aa5e records_attr3=37847a2a3f7c3a0f99fbcf021bd4f9f6e98429c6 records_attr4=topic_Faculty_77(r237@n257(hasword_data_77)) 
time=999 node=10.1.1.4 tuple=records records_attr1=10.1.1.4 records_attr2=b159a3d60b81c181a66fb9799bc1ad049c487165 records_attr3=e99ae7425b3b518cb176a2462760e7314a5f10f6 records_attr4=topic_Person_50(r229@n257(hasword_inform_50)) 
time=999 node=10.1.1.4 tuple=records records_attr1=10.1.1.4 records_attr2=b18552619bc51d1d55679ec973e291415381e20e records_attr3=513947ec1bcac3279654ec29d8cf6c1282420e9d records_attr4=topic_Student_51(r464@n257(hasword_effici_51)) 
time=999 node=10.1.1.4 tuple=records records_attr1=10.1.1.4 records_attr2=b1bdf1c1c4bca8230662c381309932cfebdf99c6 records_attr3=9607c2e419c83a1defb8d368e59a5be96ba631b5 records_attr4=topic_Course_26(r372@n257(hasword_activ_26)) 
time=999 node=10.1.1.4 tuple=records records_attr1=10.1.1.4 records_attr2=b5e11af6cf9acf75baf16d18e7564eb2b5496fdc records_attr3=1fa8f6c6a0e9467fd90d5cba15add9fd6677a68c records_attr4=topic_Person_97(r157@n257(hasword_appli_97)) 
time=999 node=10.1.1.4 tuple=records records_attr1=10.1.1.4 records_attr2=be94feb0cc4319c62756de923d6cacab3aec6517 records_attr3=490318e0b543f1905a308ffd871eebc8b17bf9dd records_attr4=topic_Course_27(r480@n257(hasword_internet_27)) 
time=999 node=10.1.1.4 tuple=records records_attr1=10.1.1.4 records_attr2=bf35ad20748c692039a9abcd36960eae5465a3b3 records_attr3=1aa31063e1da229aa88e789c1cb8dd081365ca records_attr4=topic_Department_77(rl@n257(links_77_124*topic_Department_124(rl@n257(links_124_163*topic_Department_163(r246@n257(hasword_scienc_163)))))) 
time=999 node=10.1.1.4 tuple=records records_attr1=10.1.1.4 records_attr2=c807ab572d92db4fcd6a96ffec8117a0ab4215e2 records_attr3=5ea9c9f9771b2111de201b049fed89b31977c08b records_attr4=topic_Course_95(r148@n257(hasword_locat_95)) 
time=999 node=10.1.1.4 tuple=records records_attr1=10.1.1.4 records_attr2=d2a4ee85f71547b2532cf7b2df8b530fdbfad952 records_attr3=722d0fbfb9c23f44143b4849c30aa20c14927612 records_attr4=topic_Course_4(r292@n257(hasword_design_4)) 
time=999 node=10.1.1.4 tuple=records records_attr1=10.1.1.4 records_attr2=d83d6157b19d0d9ea0bd54d115a1230ae3456b7b records_attr3=921546602c4f9d4295d379e84c3c1682774bb033 records_attr4=topic_Faculty_43(r243@n257(hasword_html_43)) 
time=999 node=10.1.1.4 tuple=records records_attr1=10.1.1.4 records_attr2=d8bea59d79a5e3705a709003fee4a27a021663e7 records_attr3=d798cfb219a32a7d311baa33821a758bbf2b1601 records_attr4=topic_Faculty_6(r237@n257(hasword_data_6)) 
time=999 node=10.1.1.4 tuple=records records_attr1=10.1.1.4 records_attr2=da1926fc31550e258a1d565bcaba7aa9658892fc records_attr3=b0bd8bfbad8fad1f35e014bc643b1944aaaf2f4 records_attr4=topic_Course_7(r292@n257(hasword_design_7)) 
time=999 node=10.1.1.4 tuple=records records_attr1=10.1.1.4 records_attr2=dd0ffc5e650e1baa129700797bd12b261dbc3613 records_attr3=383ee1498090a8bad7179c3ba850604cd8e265de records_attr4=topic_Staff_76(r92@n257(hasword_result_76)) 
time=999 node=10.1.1.4 tuple=records records_attr1=10.1.1.4 records_attr2=e1ca9f2ff148e099919df72eb2fbef02a73eb87f records_attr3=fa1bb98739e384a4d86608d0d58031e86720ccc8 records_attr4=topic_Department_85(r424@n257(hasword_studi_85)) 
time=999 node=10.1.1.4 tuple=records records_attr1=10.1.1.4 records_attr2=e77c7fb2da096349616addb7efad76110e8b15d9 records_attr3=40544bc16016485325c15c4924f3935ae044ff69 records_attr4=topic_Faculty_79(r178@n257(hasword_ca_79)) 
time=999 node=10.1.1.4 tuple=records records_attr1=10.1.1.4 records_attr2=ebe17ed7e2848af7c297b77e2c9a616a97e1871a records_attr3=78ffe8e1ebd803ce6b59319f52df412bd16b65ba records_attr4=topic_Student_26(r175@n257(hasword_texa_26)) 
time=999 node=10.1.1.4 tuple=records records_attr1=10.1.1.4 records_attr2=efeae8121543c56d3d388a5ef421a901841c0617 records_attr3=b8d202fae5840a73ec700c4e906139119d561de4 records_attr4=topic_Faculty_90(r243@n257(hasword_html_90)) 
time=999 node=10.1.1.4 tuple=records records_attr1=10.1.1.4 records_attr2=f20e0dc8d88539428688e8f21c30c2da7e7cb53f records_attr3=dc0d2889a68591c2f0bd21d496d747204a880d3 records_attr4=topic_ResearchProject_23(r30@n257(hasword_lab_23)) 
time=999 node=10.1.1.4 tuple=records records_attr1=10.1.1.4 records_attr2=f50dc76a2eb48f60f3cd128547b4c7e2202ec13b records_attr3=3d35f6cac17f3df0f7113105ce00b4dae8e58676 records_attr4=topic_Department_72(r458@n257(hasword_format_72)) 
time cost: 43.5441 seconds
