29231
Student
Faculty
Staff
ResearchProject
Course
Department
Person
17940946
17942198
17942771
17942985
17943165
17943336
17943506
20549667
20549942
20550116
20550138
20550602
20550813
20550988
20718514
20719146
20719520
20719823
20720021
20720310
20720780
20839045
20839285
20839456
20839623
20839905
20840094
20840265
20987023
20987355
20987686
20987870
20988035
20988852
20989134
21230555
21230893
21231063
21231229
21231393
21231712
21231908
21416895
21417120
21417287
21417371
21417695
21417863
21418026
21535160
21535378
21536011
21536220
21536392
21536687
21536950
21722054
21722299
21722469
21722635
21722754
21723050
21723218
21918301
21918571
21918748
21918915
21922279
21922660
21923097
22247889
22248138
22248310
22248661
22248949
22249130
22249298
22373378
22373777
22374075
22374584
22374897
22375268
22375506
22500347
22500668
22500912
22501098
22501281
22501533
22501734
22631742
22632114
22632295
22632463
22632630
22632879
22633042
22766090
22766322
22766492
22766658
22766896
22767071
22767372
23543950
23544458
23544794
23545258
23545752
23546329
23546812
23845431
23845684
23845856
23846024
23846275
23846529
23846816
23972546
23973336
23973626
23974366
23976231
23976618
23977742
24126038
24126390
24126616
24127104
24127541
24127740
24128020
24249638
24250143
24250376
24250568
24250989
24251405
24251700
24610854
24611177
24611349
24611515
24611680
24612016
24612206
24742655
24742895
24743198
24743369
24743533
24743698
24743861
24871232
24871490
24871814
24872166
24872433
24872692
24872936
25199056
25199418
25199924
25200372
25200977
25201218
25201393
25661347
25662383
25662869
25663728
25664042
25664499
25664891
25792902
25794272
25794752
25795126
25795174
25795876
25796457
25926930
25927335
25927629
25928014
25928403
25928645
25928982
26166546
26167094
26167413
26167715
26167885
26168161
26168343
26400156
26400392
26400664
26401224
26401598
26402602
26403454
26856206
26856554
26856940
26857125
26857534
26857763
26857932
27579855
27580352
27580665
27580962
27581514
27581825
27582044
27763338
27763667
27763992
27764371
27764720
27764906
27765148
28181305
28181580
28182161
28182398
28183386
28183711
28183889
28370336
28370568
28370825
28370994
28371160
28371324
28371488
28543186
28543496
28544009
28544432
28544900
28545209
28545500
28797891
28798452
28798916
28799353
28799680
28799943
28800184
29117977
29118227
29118401
29118972
29120625
29121018
29121311
29635984
29636403
29636668
29637150
29637642
29638154
29638366
30016894
30017543
30017850
30018100
30018506
30018802
30019466
30772992
30773342
30773342
30774313
30774758
30775019
30775671
30918266
30918502
30918672
30918918
30919240
30919425
30919594
31212506
31213056
31213292
31213578
31213914
31214169
31214339
32375166
32376596
32378455
32378683
32379188
32379516
32380008
32675243
32675510
32676232
32676445
32676845
32677889
32678288
32997003
32997778
32998048
32998289
32998625
32998812
32998997
33283714
33284106
33284376
33284646
33285064
33285420
33285630
33433367
33433621
33433793
33434106
33434277
33434442
33434606
33733269
33733508
33733784
33733957
33734124
33734289
33734453
33883134
33883369
33883539
33883712
33884024
33884196
33884361
34036771
34037058
34037233
34037533
34037751
34037919
34038886
35178829
35179588
35179863
35180045
35180407
35180785
35180963
35555445
35555860
35556271
35556565
35556858
35557257
35557553
35907203
35907887
35908221
35908410
35908583
35908852
35909331
36094613
36094954
36095129
36095308
36095490
36095670
36096193
36270991
36271235
36271765
36271982
36272150
36272467
36272771
36448994
36449400
36449587
36449755
36449921
36450085
36451263
36615081
36615321
36615492
36615657
36615959
36616138
36616301
36770666
36770928
36771187
36771445
36771782
36771961
36772129
37074275
37074702
37075102
37075573
37075832
37076048
37076427
37231156
37231398
37231567
37231601
37232039
37232297
37232467
37392903
37393497
37393856
37394045
37394214
37394436
37394687
37708426
37708978
37709492
37709867
37710210
37710746
37711189
37867023
37867431
37867460
37868173
37868962
37869282
37869282
38647351
38647640
38648022
38648373
38648550
38648715
38648952
38816844
38817130
38817401
38818038
38818537
38818844
38818844
39158309
39158661
39159026
39159292
39159468
39159734
39160053
39613623
39613861
39614027
39614190
39614351
39614650
39614827
39806458
39806987
39807417
39807647
39807913
39808319
39808687
40219961
40220788
40221419
40221975
40222558
40222976
40223542
40448925
40449161
40449326
40449488
40449647
40449879
40450044
40837263
40837904
40838202
40838422
40839007
40839342
40839723
41314264
41314561
41314735
41314983
41315148
41315307
41315467
41714143
41714379
41714542
41714818
41714992
41715150
41715308
41932930
41934847
41935396
41935682
41935911
41936287
41936615
42119718
42120274
42120567
42120970
42121288
42121576
42121945
42562953
42563194
42563380
42563542
42563934
42564258
42564613
42744427
42744856
42745021
42745183
42745433
42745720
42745892
43134107
43135164
43136998
43137284
43137743
43138434
43139239
43400581
43401032
43401255
43401591
43401871
43402177
43402562
43812636
43812871
43813034
43813321
43813487
43813653
43813814
44109486
44109936
44110110
44110272
44110551
44110847
44111019
44309150
44309561
44309791
44309956
44310116
44310288
44310531
44520412
44520657
44520823
44521093
44521258
44521417
44521575
44715264
44715760
44715974
44716144
44716502
44716779
44716977
45135676
45136047
45136219
45136382
45136546
45136789
45136959
45534337
45534963
45537435
45537730
45538093
45538497
45538945
45739813
45740093
45740257
45740654
45741001
45741176
45741339
46195757
46196002
46196167
46196327
46196572
46196738
46196899
46419528
46420150
46420453
46420780
46421119
46421530
46421967
46919995
46920854
46921453
46921930
46922427
46923819
46924815
47394408
47394737
47394920
47395180
47395342
47395500
47395848
47914498
47914746
47915011
47915182
47915345
47915507
47915667
48152897
48153277
48153555
48153842
48154027
48154202
48154369
48349992
48350677
48351182
48351428
48351710
48351993
48352296
49069625
49069995
49070166
49070329
49070510
49070671
49070904
49291674
49292100
49292344
49292544
49292709
49292724
49294150
49506350
49506581
49506830
49506995
49507216
49507577
49507765
49998483
49998869
49999147
49999401
49999921
50000216
50000498
50464666
50465331
50465523
50465688
50466167
50466573
50466754
50697006
50697604
50698001
50698227
50698694
50698937
50699334
time=999 node=10.1.1.4 tuple=records records_attr1=10.1.1.4 records_attr2=131c71446614dbff49f1f7364dcc5e1ffb2ace3 records_attr3=eb3c95d0f3b1d5da460249fdf48f452e7f07322a records_attr4=topic_ResearchProject_4(r377@n257(hasword_creat_4)) 
time=999 node=10.1.1.4 tuple=records records_attr1=10.1.1.4 records_attr2=61e55f8f51a8f7a6a3e73a6b4faca95e65b8282 records_attr3=53795b6850778812c3b369e0a5c7493120d2f314 records_attr4=topic_Faculty_99(r187@n257(hasword_commun_99)) 
time=999 node=10.1.1.4 tuple=records records_attr1=10.1.1.4 records_attr2=8a1aaa29279edd42ed20b3f35a011338eb465c3 records_attr3=617b46bfa0e4ee83de6f1eef52cee26fcdc6224e records_attr4=topic_Staff_14(r313@n257(hasword_workshop_14)) 
time=999 node=10.1.1.4 tuple=records records_attr1=10.1.1.4 records_attr2=c0fd161a058b69b0ea52b642efbd7f64d4923e0 records_attr3=eac10235c44c793733bb4678e9b53bee66ed325d records_attr4=topic_ResearchProject_29(r282@n257(hasword_learn_29)) 
time=999 node=10.1.1.4 tuple=records records_attr1=10.1.1.4 records_attr2=cc983d6d6d85117b61027913e4411dcb583326f records_attr3=534d178bdd925116f684bb8de9f04a1c672480e9 records_attr4=topic_Faculty_8(r93@n257(hasword_type_8)) 
time=999 node=10.1.1.4 tuple=records records_attr1=10.1.1.4 records_attr2=cd0f60512ce73b99f1e3cb57a65765afd7934f3 records_attr3=f157dfa598cf418c2861d43ea5f5a1eb3ea04e9d records_attr4=topic_Course_88(r49@n257(hasword_hall_88)) 
time=999 node=10.1.1.4 tuple=records records_attr1=10.1.1.4 records_attr2=1001918111b2c095b74c29ad040d0426d822420b records_attr3=c7130509a92191bad4104ca6b7243c01de6cc4ee records_attr4=topic_Student_28(r175@n257(hasword_texa_28)) 
time=999 node=10.1.1.4 tuple=records records_attr1=10.1.1.4 records_attr2=15ea700c7845f6f2c2536b04b2cae7f049e5617f records_attr3=f7fc430ebc06ccf3eeb2ceb2f889c7e3dcefa5c4 records_attr4=topic_Department_42(r485@n257(hasword_program_42)) 
time=999 node=10.1.1.4 tuple=records records_attr1=10.1.1.4 records_attr2=1eedd95d860b6b9ec2fb71c0532efa44185b35b7 records_attr3=d75544b6df398f14056b98cc5c0bf5f33aef4a9f records_attr4=topic_Faculty_89(r180@n257(hasword_understand_89)) 
time=999 node=10.1.1.4 tuple=records records_attr1=10.1.1.4 records_attr2=1f94819d17b24a94fb3086551e42288e61c084ab records_attr3=a54d85f2fa20c60e507652213b8e5280412a6c81 records_attr4=topic_Staff_28(r116@n257(hasword_simpl_28)) 
time=999 node=10.1.1.4 tuple=records records_attr1=10.1.1.4 records_attr2=26853c7b4ac81012f3edde72e217faba4abd7484 records_attr3=16e7a909a11b9c2fc445ba4405f812797c73127b records_attr4=topic_Faculty_41(rl@n257(links_41_15*topic_Faculty_15(r243@n257(hasword_html_15)))) 
time=999 node=10.1.1.4 tuple=records records_attr1=10.1.1.4 records_attr2=2a375278ac5693117638465c8f39f81169a2d23c records_attr3=e04b29338f0a203900105577bf6fb21169f8a8d1 records_attr4=topic_Course_40(r49@n257(hasword_hall_40)) 
time=999 node=10.1.1.4 tuple=records records_attr1=10.1.1.4 records_attr2=2c83cb648ec3a53069d75a67bb015fe6a97aeb5f records_attr3=c491e4835bac38754c4125bb811e1d76a61c715 records_attr4=topic_Staff_65(r216@n257(hasword_cours_65)) 
time=999 node=10.1.1.4 tuple=records records_attr1=10.1.1.4 records_attr2=2fbc902f5ec3acaf7c0e5504dc6c7d6cd0653e12 records_attr3=6a59671c198525a6a09581406b50accf6765c2c records_attr4=topic_Department_64(r156@n257(hasword_mon_64)) 
time=999 node=10.1.1.4 tuple=records records_attr1=10.1.1.4 records_attr2=33960458ed5f769367a003e31b2666b817836a8c records_attr3=e7e0dc0dc48da2f25db131b8a3d18a51ce2932b3 records_attr4=topic_Course_62((r33@n257(hasword_public_62))+(r460@n257(hasword_memori_62))) 
time=999 node=10.1.1.4 tuple=records records_attr1=10.1.1.4 records_attr2=37d2832ab7fc9f1487855c427be18f3ee1b4888e records_attr3=c9338e20fbfc96cf2c19a7c17ebd0bf7e4782aba records_attr4=topic_Staff_69(r301@n257(hasword_symbol_69)) 
time=999 node=10.1.1.4 tuple=records records_attr1=10.1.1.4 records_attr2=3fda642b367d0f8539b4b8bfc5ea396779389cde records_attr3=cfb4f383fae4ff555c08bf27aaf95ad8fac3b2ec records_attr4=topic_Student_67(r447@n257(hasword_variabl_67)) 
time=999 node=10.1.1.4 tuple=records records_attr1=10.1.1.4 records_attr2=430db34bfd4d83a82c9d89e83c536d0149487a61 records_attr3=2e18e2c8c78eb7433e86bfd318cd50fa7827529c records_attr4=topic_Course_50(r222@n257(hasword_server_50)) 
time=999 node=10.1.1.4 tuple=records records_attr1=10.1.1.4 records_attr2=451dd07181473d9c6808521dba5c941d3a47d5c9 records_attr3=11f33b580d4c61ee78a2d1fc7794a9e45f1176d1 records_attr4=topic_Person_70(r404@n257(hasword_oper_70)) 
time=999 node=10.1.1.4 tuple=records records_attr1=10.1.1.4 records_attr2=4a037f4916d25591d23975b2af0a5e42cf3e26ce records_attr3=2e2ba78371e87eac6171a8cb763891c49f0af6e1 records_attr4=topic_Person_44(r260@n257(hasword_gener_44)) 
time=999 node=10.1.1.4 tuple=records records_attr1=10.1.1.4 records_attr2=4bd95ce3040a2f67c8b4152e8f943a240396c0fe records_attr3=2c382259c1b1856d35aeda9f607b27be37cecb1e records_attr4=topic_Course_41(r0@n257(hasword_number_41)) 
time=999 node=10.1.1.4 tuple=records records_attr1=10.1.1.4 records_attr2=4c01c91017d52b903850df0644399ebfbb6db277 records_attr3=d0f7bdec18e5bfa140b219417156ca976e2faaf0 records_attr4=topic_Student_62(r255@n257(hasword_memori_62)) 
time=999 node=10.1.1.4 tuple=records records_attr1=10.1.1.4 records_attr2=4ed10c355f85514322d2e00be35e068c66c566c3 records_attr3=9db7b201a55e08df32d929f417c51b290424fc18 records_attr4=topic_ResearchProject_93(r429@n257(hasword_instruct_93)) 
time=999 node=10.1.1.4 tuple=records records_attr1=10.1.1.4 records_attr2=5041e1d9228012baa3296679e50bb150d6a1ac24 records_attr3=c30390666f1e475946489e73b67362bef3fb836 records_attr4=topic_Course_14(rl@n257(links_14_115*topic_Course_115(r472@n257(hasword_descript_115)))) 
time=999 node=10.1.1.4 tuple=records records_attr1=10.1.1.4 records_attr2=549d3c21348dc630a9c5bafb502f189a47ab7a81 records_attr3=748f53c9cbfd8ac300277bb46ecdf73b9f3fa32a records_attr4=topic_Person_49(rl@n257(links_49_22*topic_Person_22(r150@n257(hasword_provid_22)))) 
time=999 node=10.1.1.4 tuple=records records_attr1=10.1.1.4 records_attr2=550c8e93d84936e0395e9e3898b8b4478bce4a5b records_attr3=41070321622cc20b272319354cb8b829125a62bb records_attr4=topic_Faculty_14(r235@n257(hasword_journal_14)) 
time=999 node=10.1.1.4 tuple=records records_attr1=10.1.1.4 records_attr2=57c3b2b8d45da7c4eb22522adafe942872fb4325 records_attr3=3712f9504d975f6c5751af56dee52f86dbfa78e7 records_attr4=topic_Student_31(r121@n257(hasword_length_31)) 
time=999 node=10.1.1.4 tuple=records records_attr1=10.1.1.4 records_attr2=5a40a716dad42398db50fc8dd3e5a62ca3161205 records_attr3=6d923ee4621877c6efc0ce288e96635d660bddec records_attr4=topic_Student_37(r438@n257(hasword_copi_37)) 
time=999 node=10.1.1.4 tuple=records records_attr1=10.1.1.4 records_attr2=5a733207145482fae7f82f879a008c47b896fe12 records_attr3=99b34086ed3cddf326ceb026d701ab91f9e49235 records_attr4=topic_Faculty_15(r243@n257(hasword_html_15)) 
time=999 node=10.1.1.4 tuple=records records_attr1=10.1.1.4 records_attr2=5b16bdf2cd7ae10a3a3cf4c8e659f28189be3815 records_attr3=9aabb7b5a7a24f63edda2ea5f7884639f91fa214 records_attr4=topic_Faculty_9(r186@n257(hasword_appli_9)) 
time=999 node=10.1.1.4 tuple=records records_attr1=10.1.1.4 records_attr2=692753b06e24360d040ee9cd7dec67d963bfc0e9 records_attr3=728d228f3b7dcad1d4f93b599d146d2ecaab937f records_attr4=topic_Student_86(r78@n257(hasword_page_86)) 
time=999 node=10.1.1.4 tuple=records records_attr1=10.1.1.4 records_attr2=6969e8ce54ab7b8de944d06fb423f81d4e0c1d9c records_attr3=79fdfab91e77e14f969582bcf246ee4777a1333c records_attr4=topic_Person_96(r260@n257(hasword_gener_96)) 
time=999 node=10.1.1.4 tuple=records records_attr1=10.1.1.4 records_attr2=6efc16cdea6d77d919d76ee79dbe3ee0677acd91 records_attr3=c657d745775fa24e7f66baa39ee112590a350240 records_attr4=topic_Course_93(r45@n257(hasword_instruct_93)) 
time=999 node=10.1.1.4 tuple=records records_attr1=10.1.1.4 records_attr2=6fd6622dcfc1ce63d6c4ba822c2fb8bdcde484aa records_attr3=92f4a8a82dee942593e6ccbdcba904edc8fbdc5 records_attr4=topic_Staff_57(r42@n257(hasword_process_57)) 
time=999 node=10.1.1.4 tuple=records records_attr1=10.1.1.4 records_attr2=77c301e8653eb5fb19cb623ba2a99f129042e24f records_attr3=6bdf1646ffe2440c53f14170ce5a031cc6e2868d records_attr4=topic_Person_9(r157@n257(hasword_appli_9)) 
time=999 node=10.1.1.4 tuple=records records_attr1=10.1.1.4 records_attr2=799f9e1a3b455f70c60b2af0aae93e20b1fb834e records_attr3=8c2ff83a1a08c0aa78e0b486145f1be92a61a65f records_attr4=topic_Course_22(r210@n257(hasword_hard_22)) 
time=999 node=10.1.1.4 tuple=records records_attr1=10.1.1.4 records_attr2=7a2205e08206f5150890967d7a8d9681969d0ac9 records_attr3=191b13f8752f80cfa0575feac8fb92b5bcf04904 records_attr4=topic_Student_15(r451@n257(hasword_access_15)) 
time=999 node=10.1.1.4 tuple=records records_attr1=10.1.1.4 records_attr2=7ae3e094da818373462e80cdc5401c5dc7cd56fe records_attr3=106a4092abe2baa78ee8d66c8112820f64291511 records_attr4=topic_ResearchProject_83(r160@n257(hasword_technologi_83)) 
time=999 node=10.1.1.4 tuple=records records_attr1=10.1.1.4 records_attr2=7c24936ee612d23086a624bf0683f5f78e5c205d records_attr3=3117a68adcacbf23fe75251ece59071200ee48d0 records_attr4=topic_Course_28(r101@n257(hasword_simpl_28)) 
time=999 node=10.1.1.4 tuple=records records_attr1=10.1.1.4 records_attr2=7fc4a4c56fa2c623cd6301380adbcc81a65112bb records_attr3=a5dbddf9d3edd0cb51b5f52d6b36010040469b22 records_attr4=topic_Student_36(r355@n257(hasword_assist_36)) 
time=999 node=10.1.1.4 tuple=records records_attr1=10.1.1.4 records_attr2=923cea00c0c407773d59fc46f3281c12557e5313 records_attr3=5ac5dd1c82cbaa1bd0a023ebf06533adfdea6bba records_attr4=topic_Student_38(rl@n257(links_38_192*topic_Student_192(rl@n257(links_192_51*topic_Student_51(r177@n257(hasword_select_51)))))) 
time=999 node=10.1.1.4 tuple=records records_attr1=10.1.1.4 records_attr2=951d3cfdbee04cabce0741fba1a74392d68c0858 records_attr3=f26aa8e6e047205d39bb8f1ce6e4e92c01f0de8a records_attr4=topic_Faculty_27(r323@n257(hasword_end_27)) 
time=999 node=10.1.1.4 tuple=records records_attr1=10.1.1.4 records_attr2=99cc32c6188ca6434574e7de7b43879962962021 records_attr3=46c7a39e2d15c4ccff58636d007c10ea5d67a19b records_attr4=topic_Student_19(r438@n257(hasword_copi_19)) 
time=999 node=10.1.1.4 tuple=records records_attr1=10.1.1.4 records_attr2=9aaa171d797b363c40ee7223fb9a03282464a0c0 records_attr3=36acb3b35c91bc5875e334c94e3abe502b6c768a records_attr4=topic_Faculty_60(r182@n257(hasword_date_60)) 
time=999 node=10.1.1.4 tuple=records records_attr1=10.1.1.4 records_attr2=9cbef9e33dfe291f446b4c1e2ef9ca756cfbb01a records_attr3=6fb724d6a6738b70eda64a9dec01251ac36bf36b records_attr4=topic_Faculty_74(r185@n257(hasword_suggest_74)) 
time=999 node=10.1.1.4 tuple=records records_attr1=10.1.1.4 records_attr2=9e6572c72d14c826c18bd8a75c8a1240bbaf82ca records_attr3=3c2eefad064375262c1dca5680b064d3907c4b0f records_attr4=topic_Student_29(r459@n257(hasword_present_29)) 
time=999 node=10.1.1.4 tuple=records records_attr1=10.1.1.4 records_attr2=a987da0fb0512ff2b05588b9a9e652b52c655cbb records_attr3=e34a4cf2f6b56951abe3b9a9d6e07066bbd8dee8 records_attr4=topic_ResearchProject_90(r215@n257(hasword_home_90)) 
time=999 node=10.1.1.4 tuple=records records_attr1=10.1.1.4 records_attr2=acf9f6d5e6da42190793043a8a5fc8567a4f1af5 records_attr3=cbd166e068e0347397efc2825eb13960a6b55e70 records_attr4=topic_Person_14(rl@n257(links_14_115*topic_Person_115(r7@n257(hasword_descript_115)))) 
time=999 node=10.1.1.4 tuple=records records_attr1=10.1.1.4 records_attr2=acfa6f8e199e67cb656971c9da285dffb2b05399 records_attr3=6e8c116ab490bfdd3bd79ce5d71579dafcc0532b records_attr4=topic_Faculty_46(r423@n257(hasword_distribut_46)) 
time=999 node=10.1.1.4 tuple=records records_attr1=10.1.1.4 records_attr2=ae0cd922328eccdc3cc7beecbea522c59592c4ff records_attr3=ccdc97cdd50dd4d8a24393dcafe92ebe64ff4ba9 records_attr4=topic_ResearchProject_14(r335@n257(hasword_singl_14)) 
time=999 node=10.1.1.4 tuple=records records_attr1=10.1.1.4 records_attr2=ae22d887567d2b4edc06cdba7cbf89c94c66c9f1 records_attr3=8e2099669b474fa6292c9dd1a64c1fe23fd21c39 records_attr4=topic_Student_23(r165@n257(hasword_award_23)) 
time=999 node=10.1.1.4 tuple=records records_attr1=10.1.1.4 records_attr2=b18552619bc51d1d55679ec973e291415381e20e records_attr3=513947ec1bcac3279654ec29d8cf6c1282420e9d records_attr4=topic_Student_51(r177@n257(hasword_select_51)) 
time=999 node=10.1.1.4 tuple=records records_attr1=10.1.1.4 records_attr2=b1a72793e8801b4a14cd6fd940c146917009833e records_attr3=9076f161653795f7a16710e58ad1244d8e6fa725 records_attr4=topic_Student_4(r413@n257(hasword_creat_4)) 
time=999 node=10.1.1.4 tuple=records records_attr1=10.1.1.4 records_attr2=b5e11af6cf9acf75baf16d18e7564eb2b5496fdc records_attr3=1fa8f6c6a0e9467fd90d5cba15add9fd6677a68c records_attr4=topic_Person_97(r38@n257(hasword_machin_97)) 
time=999 node=10.1.1.4 tuple=records records_attr1=10.1.1.4 records_attr2=b6b2d3d8dd3e10bdafc3418628d6190a6a6658bb records_attr3=c8814eb074050741f82681782a8d0e42f66b0e4a records_attr4=topic_Faculty_26(r182@n257(hasword_date_26)) 
time=999 node=10.1.1.4 tuple=records records_attr1=10.1.1.4 records_attr2=b706425a759cc8192072313c242e5cd8c8fc3a2b records_attr3=12ac88a4418cfdb5cdcc1aae233daeeb35290550 records_attr4=topic_Course_29(r51@n257(hasword_learn_29)) 
time=999 node=10.1.1.4 tuple=records records_attr1=10.1.1.4 records_attr2=bc13db0fb0371b56b6ff8f3b42ed20831aafdca0 records_attr3=f3dc6bb8d98d4c97d86205c8402bafaf55b15d3d records_attr4=topic_Person_36(r228@n257(hasword_assist_36)) 
time=999 node=10.1.1.4 tuple=records records_attr1=10.1.1.4 records_attr2=c0ae356aaae6d48c9f22c72d5bad5187d89748ec records_attr3=fa5c2be5b843474b6a1fc60bb7dcdf2f27b04ac9 records_attr4=topic_Course_49(rl@n257(links_49_22*topic_Course_22(r210@n257(hasword_hard_22)))) 
time=999 node=10.1.1.4 tuple=records records_attr1=10.1.1.4 records_attr2=c46ec203df2444bb6b917aad8f53d058844e3ba2 records_attr3=dcdf4b04dde2c08a8ceab9a24ee3aae06c200f80 records_attr4=topic_Person_19(r412@n257(hasword_copi_19)) 
time=999 node=10.1.1.4 tuple=records records_attr1=10.1.1.4 records_attr2=c767272e1a382a6c4371ff1bd00ac8d06fc1308d records_attr3=77ef30c814e85addb792c40fcd19dcc5e226cba3 records_attr4=topic_ResearchProject_7(r250@n257(hasword_emac_7)) 
time=999 node=10.1.1.4 tuple=records records_attr1=10.1.1.4 records_attr2=d1f7fcfef2989c20bf3032cccb95babe028bf770 records_attr3=66dc4339efe23fdb2056422ffb8135d233c1f71b records_attr4=topic_ResearchProject_36(r470@n257(hasword_assist_36)) 
time=999 node=10.1.1.4 tuple=records records_attr1=10.1.1.4 records_attr2=d2a1fc3e3550d1c8f20545ec7a0184ca7aa90366 records_attr3=354065c277121ac0ca439ebe5111750c232f0fb5 records_attr4=topic_Department_76(r418@n257(hasword_wide_76)) 
time=999 node=10.1.1.4 tuple=records records_attr1=10.1.1.4 records_attr2=dfd703bdd78883ff9901a0a327f9d6cd96d4c2d3 records_attr3=7cf6ab580354e0810eb7a8c22f2b4b3dea94cb2e records_attr4=topic_Staff_38(r258@n257(hasword_servic_38)) 
time=999 node=10.1.1.4 tuple=records records_attr1=10.1.1.4 records_attr2=e9808166c9e19a0c2f34c8319319e57c74f0afae records_attr3=abcc1bc117de3798ad5e3f77b628edadb48a1f29 records_attr4=topic_Person_78(r205@n257(hasword_austin_78)) 
time=999 node=10.1.1.4 tuple=records records_attr1=10.1.1.4 records_attr2=ebbd0858a3b7ca00f98f8f067589a6735fe15b8c records_attr3=d67c834d5367076328ac57126a04ba8b854aff7c records_attr4=topic_Person_22(r150@n257(hasword_provid_22)) 
time=999 node=10.1.1.4 tuple=records records_attr1=10.1.1.4 records_attr2=f07b791985105f538054df2cbd85ec7e15c5ae6f records_attr3=20e14d6cc3e1e76da5a357b9febfc02d45053043 records_attr4=topic_Person_37(r412@n257(hasword_copi_37)) 
time=999 node=10.1.1.4 tuple=records records_attr1=10.1.1.4 records_attr2=f20e0dc8d88539428688e8f21c30c2da7e7cb53f records_attr3=dc0d2889a68591c2f0bd21d496d747204a880d3 records_attr4=topic_ResearchProject_23(rl@n257(links_23_7*topic_ResearchProject_7(r250@n257(hasword_emac_7)))) 
time=999 node=10.1.1.4 tuple=records records_attr1=10.1.1.4 records_attr2=f36865b1620d9792046a1d6abd4098432e3949da records_attr3=f5ef325ee9c4ebd2430710bbc88988926a68546e records_attr4=topic_Student_34(r121@n257(hasword_length_34)) 
time=999 node=10.1.1.4 tuple=records records_attr1=10.1.1.4 records_attr2=f44e17f785aa7dc2f249ebf0ada7996408b07c49 records_attr3=881f90f6546dcc2cfdd8220cb68f752a24c66e9 records_attr4=topic_Faculty_71(r227@n257(hasword_state_71)) 
time=999 node=10.1.1.4 tuple=records records_attr1=10.1.1.4 records_attr2=f746acda68682ff3090a02e88f90cd4e178ea535 records_attr3=9d787b49f63facf6cc66fcbc35246461c3f392f2 records_attr4=topic_Course_1(r219@n257(hasword_softwar_1)) 
time=999 node=10.1.1.4 tuple=records records_attr1=10.1.1.4 records_attr2=f79fb0702928b513e74f8f00a93329d14e362483 records_attr3=5b1cd8707f12e4d941a998d4a34d9f3e873138e7 records_attr4=topic_ResearchProject_35(r130@n257(hasword_ai_35)) 
time=999 node=10.1.1.4 tuple=records records_attr1=10.1.1.4 records_attr2=fa6fbd8e9bb148afd05a66e854352a69e2e7e963 records_attr3=7424a5fa836642bc82f1fe3bdf22993c180f12a3 records_attr4=topic_Student_5(r459@n257(hasword_present_5)) 
time=999 node=10.1.1.4 tuple=records records_attr1=10.1.1.4 records_attr2=face8410e90c7406b9ba30aee96f1f1177cc3379 records_attr3=a77b5cb7a08ec5db5e9a994a898e7a0cd6ae66ab records_attr4=topic_ResearchProject_43(r215@n257(hasword_home_43)) 
time=999 node=10.1.1.4 tuple=records records_attr1=10.1.1.4 records_attr2=fc387b9d68b86de2f63a195ff5bbd6dea9df5215 records_attr3=6bda596dfe2b2b4b11459fb41b29e68b44b7a310 records_attr4=topic_Faculty_84(r153@n257(hasword_master_84)) 
time=999 node=10.1.1.4 tuple=records records_attr1=10.1.1.4 records_attr2=fddd3b1999fcc0af460f0085c54d8f417ba5d799 records_attr3=d31e217e84fe392e545c042bef3f69ac591d9563 records_attr4=topic_Student_41((r363@n257(hasword_number_41))+(rl@n257(links_41_15*topic_Student_15(r451@n257(hasword_access_15))))) 
time cost: 54.9135 seconds
