39728
Student
Faculty
Staff
ResearchProject
Course
Department
Person
14478806
14479272
14479442
14479588
14479735
14479885
14480102
15546705
15546864
15547121
15547266
15547407
15547546
15547685
15595067
15595245
15595389
15595527
15595663
15595802
15595939
15648411
15648601
15648741
15649043
15649243
15649385
15649523
15699794
15700123
15700422
15700583
15700854
15701022
15701164
15778565
15778813
15778954
15779092
15779228
15779363
15779644
15837463
15837763
15837906
15838045
15838183
15838506
15838750
15958482
15958688
15958812
15959046
15959191
15959332
15959470
16045590
16045888
16046043
16046183
16046320
16046466
16046604
16142420
16142603
16142744
16142884
16143085
16143229
16143365
16341361
16341555
16341695
16341833
16341969
16342106
16342243
16816112
16816451
16816613
16816769
16816921
16817071
16817213
16910460
16910826
16911037
16912012
16912263
16912407
16912546
16958542
16958729
16958965
16959171
16959318
16959457
16959594
17011405
17011685
17012007
17013322
17013536
17013678
17013817
17122733
17122918
17123059
17123197
17123335
17123524
17123827
17282839
17283116
17283415
17284331
17284659
17284817
17284957
17560168
17560752
17561256
17561510
17561783
17562324
17562817
17674066
17674281
17674425
17674664
17674703
17674703
17676382
17884686
17884912
17885055
17885195
17885332
17885542
17885682
17984854
17985041
17985182
17985389
17985529
17985667
17985804
18171592
18171801
18171943
18172082
18172302
18172445
18172583
18316956
18317142
18317281
18317470
18317809
18317959
18318098
18650068
18650256
18650512
18650664
18650804
18650983
18651125
18907231
18907428
18907569
18907708
18907847
18907984
18908188
19003215
19003396
19003535
19003673
19003828
19003966
19004166
19114877
19115124
19115267
19115406
19115543
19115680
19115817
19173053
19173821
19174101
19174534
19175061
19175428
19177250
19272671
19272671
19272671
19272671
19272671
19272671
19272671
19492521
19492982
19493601
19494054
19494342
19494586
19494831
19561994
19562258
19562660
19563664
19564178
19564432
19564995
19813692
19813958
19814104
19814243
19814380
19814518
19814655
20415624
20415943
20416161
20416365
20417848
20418010
20418151
20916269
20916629
20917669
20918015
20918376
20918855
20919084
20996109
20996324
20996467
20996702
20996852
20997011
20997172
21085476
21085686
21085898
21086042
21086180
21086317
21086456
21346047
21346255
21346396
21346537
21346795
21346956
21347096
21488951
21489137
21489277
21489415
21489552
21489689
21489894
21671403
21671739
21671886
21672025
21672163
21672300
21672437
21752119
21752321
21752463
21752609
21752848
21752992
21753129
21832059
21832242
21832474
21832614
21832751
21832887
21833023
22104590
22118408
22118836
22119257
22119768
22120064
22120284
22332179
22332365
22332598
22332746
22332900
22333041
22333268
22410626
22410816
22410957
22411094
22411372
22411516
22411655
22571135
22571575
22571734
22571874
22572013
22572151
22572289
22651735
22652699
22652906
22653113
22653370
22653514
22654174
22735933
22736375
22736553
22736755
22736909
22737048
22737263
22858692
22858901
22859043
22859181
22859320
22859535
22859677
23009685
23009959
23010514
23010734
23010881
23011021
23011251
23159557
23160456
23160658
23160802
23160940
23161156
23161298
23313913
23314122
23314268
23314773
23315141
23315559
23316604
23522811
23523104
23523440
23523604
23523745
23523883
23524020
24379394
24379661
24379809
24380128
24380316
24380578
24380903
24479299
24479625
24479896
24480043
24480181
24480318
24480454
24678134
24678342
24678483
24678621
24678759
24678895
24679129
24927467
24927783
24928050
24928367
24929963
24930156
24930296
25122540
25122830
25123000
25123378
25123609
25123763
25123903
25247546
25247750
25247890
25248027
25248163
25248699
25249172
25458881
25459068
25459209
25459348
25459486
25459624
25459630
25559171
25559356
25559497
25559770
25559924
25560064
25560203
25757965
25758169
25758311
25758450
25758587
25758831
25758980
26002546
26002725
26003447
26004048
26004719
26005311
26005497
26109739
26110538
26111021
26111272
26111554
26112125
26112402
26225746
26225965
26226107
26226247
26226386
26226525
26226691
26494387
26494681
26494836
26494979
26495234
26495400
26495626
27204162
27208084
27208349
27208656
27208939
27209438
27209715
27838952
27839174
27839517
27839681
27839824
27839966
27840107
28367933
28368178
28368390
28368775
28369017
28369667
28369854
28543428
28544233
28544714
28545253
28545646
28545889
28546363
28711342
28711565
28711966
28712136
28712282
28712427
28712571
29480751
29481278
29481576
29481847
29482110
29482648
29482931
29998757
29999186
29999449
29999697
30000022
30000270
30000506
30456435
30456435
30460526
30460772
30461155
30461547
30461716
30973682
30973921
30974079
30974324
30977217
30977789
30978175
31173331
31175895
31176951
31177340
31178395
31178923
31182135
31626949
31627173
31627325
31627475
31627624
31627847
31628007
31811289
31811723
31812052
31813775
31814073
31814403
31815865
32182134
32185105
32185427
32185792
32186056
32186322
32186560
32424289
32424950
32427100
32427668
32428202
32428681
32428966
32694455
32698153
32698718
32699008
32700607
32700784
32700938
33242439
33242999
33243380
33243787
33244107
33244375
33244677
33892340
33892572
33892737
33892980
33893155
33893315
33893466
34080134
34080837
34081057
34081321
34081677
34081859
34082033
34740255
34740682
34740971
34741140
34741292
34741467
34741623
35097263
35097612
35098028
35098359
35098601
35098935
35099184
35928657
35929303
35930024
35930811
35931121
35931540
35931852
36588274
36589125
36591661
36592004
36592222
36592412
36592850
37103997
37104341
37104587
37104827
37105163
37105418
37105665
37314134
37314570
37314895
37315085
37315276
37315454
37316029
37517252
37517600
37517998
37518189
37518347
37518744
37519066
37714418
37714779
37714942
37715098
37715253
37715407
37715635
37898066
37898295
37898454
37898609
37898696
37899018
37899176
38098453
38098695
38098854
38099009
38099286
38099641
38099821
38461778
38462013
38462169
38462320
38462559
38462715
38463037
38619726
38624480
38624831
38625349
38625681
38625858
38626013
38798271
38798592
38798757
38798910
38799062
38799212
38799381
38981183
38981511
38981682
38981835
38981877
38985072
38986182
39192987
39193224
39193382
39193611
39193769
39193919
39194070
39384412
39384644
39384800
39384969
39385243
39385496
39385740
39564846
39565604
39566280
39566826
39567119
39567484
39567763
time=999 node=10.1.1.4 tuple=records records_attr1=10.1.1.4 records_attr2=16bfb71c2f016a5056917e5280212c646206505 records_attr3=d32b6a20bcde0b45db1d7b6294582ed3c1f5ccdc records_attr4=topic_Person_84(r366@n257(hasword_check_84)) 
time=999 node=10.1.1.4 tuple=records records_attr1=10.1.1.4 records_attr2=40f01e64f646247eac9d4a0710a60258615e792 records_attr3=16424b2908c46650929e416a6e1245cff928450f records_attr4=topic_Student_9(r355@n257(hasword_assist_9)) 
time=999 node=10.1.1.4 tuple=records records_attr1=10.1.1.4 records_attr2=4ae19139e18c61fe62a7a1f290b2a0af843ff0a records_attr3=844c1b458ec1e056f964cc76d2cc18ef5536608e records_attr4=topic_Student_30(r363@n257(hasword_number_30)) 
time=999 node=10.1.1.4 tuple=records records_attr1=10.1.1.4 records_attr2=ba1d13714f58ca7ef0dc8f6fba993f1510eef5d records_attr3=a3bd354cf92d1140e06db9ed77716bf7a7bf44ad records_attr4=topic_ResearchProject_59(r215@n257(hasword_home_59)) 
time=999 node=10.1.1.4 tuple=records records_attr1=10.1.1.4 records_attr2=f3c4a37d1b5e19594b2d164d042a3e8c2018b79 records_attr3=42b64b9750ec3c61035293a8fc96c4666923c75c records_attr4=topic_ResearchProject_25(r30@n257(hasword_lab_25)) 
time=999 node=10.1.1.4 tuple=records records_attr1=10.1.1.4 records_attr2=12cef51e6da919657bd9e9280106bf9600b336bd records_attr3=dd29fc31de722e006e3b3c3b70ed6845a973c1dd records_attr4=topic_Course_51(rl@n257(links_51_84*topic_Course_84(r272@n257(hasword_check_84)))) 
time=999 node=10.1.1.4 tuple=records records_attr1=10.1.1.4 records_attr2=16c4b8521641c7458560460396cdec5be9e3cd0e records_attr3=7f9a7bfb34b3a50fc826a56ab9368cbbab708d52 records_attr4=topic_Staff_63(r291@n257(hasword_size_63)) 
time=999 node=10.1.1.4 tuple=records records_attr1=10.1.1.4 records_attr2=170c09d09ce59495cad711cfc44d7c3237555913 records_attr3=a58669b84ea98ba490f81d9177f1f9ba4c921a31 records_attr4=topic_Department_60(r349@n257(hasword_period_60)) 
time=999 node=10.1.1.4 tuple=records records_attr1=10.1.1.4 records_attr2=173c49f894ded757b76f9c1d2cab7bd94e912a0a records_attr3=cf24f9e1edc70781803e84948ddfe8726bd1dd79 records_attr4=topic_Person_64(r234@n257(hasword_place_64)) 
time=999 node=10.1.1.4 tuple=records records_attr1=10.1.1.4 records_attr2=1a7c303fbbdcdbb79d18ea8abea4b1eca0fd2b1f records_attr3=33763d1cb1585c36f1f72118e52137261ce9c099 records_attr4=topic_Course_24(r466@n257(hasword_link_24)) 
time=999 node=10.1.1.4 tuple=records records_attr1=10.1.1.4 records_attr2=1afa748ca4a4cfce3aad94ac59429e83637e2db0 records_attr3=4112591d60b8d0bf9277d777392d2e6c19daf98a records_attr4=topic_Course_53(r222@n257(hasword_server_53)) 
time=999 node=10.1.1.4 tuple=records records_attr1=10.1.1.4 records_attr2=1b6cea926b4c3e837635daaf7f481f47c846b5ac records_attr3=c9c84f253d0f30ad673f1aed4a3639ecc1b273e2 records_attr4=topic_ResearchProject_22(r126@n257(hasword_note_22)) 
time=999 node=10.1.1.4 tuple=records records_attr1=10.1.1.4 records_attr2=290db2745cda4596e04afebb198d649937fe6076 records_attr3=b018b232fe27a1ba0f6cc697c1e8f78e23bd672e records_attr4=topic_ResearchProject_79(r214@n257(hasword_increas_79)) 
time=999 node=10.1.1.4 tuple=records records_attr1=10.1.1.4 records_attr2=2da78abda05cacdaa5ab8e2af7ed488758a7f9e6 records_attr3=b1408b639c860ae0d2bc18bbf67ae2e3e69f5de records_attr4=topic_Department_15(r173@n257(hasword_hw_15)) 
time=999 node=10.1.1.4 tuple=records records_attr1=10.1.1.4 records_attr2=31381720529cffd76ee29b0d93108e93511bbdb0 records_attr3=caca210b42ee3b14f3a7d9c9550b1a4715615bc records_attr4=topic_ResearchProject_82(r114@n257(hasword_tx_82)) 
time=999 node=10.1.1.4 tuple=records records_attr1=10.1.1.4 records_attr2=3339672b45eb11c841e022a75b81a126f810c81f records_attr3=69c82f7c503c6cd16b8388b5bf8971c01d853fdd records_attr4=topic_Course_8(r219@n257(hasword_softwar_8)) 
time=999 node=10.1.1.4 tuple=records records_attr1=10.1.1.4 records_attr2=344345861ae0935f5fa47b15667df579a652f4f5 records_attr3=6a43c46411e276dd53051d41197c24a3e88e0a13 records_attr4=topic_Faculty_83(r182@n257(hasword_date_83)) 
time=999 node=10.1.1.4 tuple=records records_attr1=10.1.1.4 records_attr2=451dd07181473d9c6808521dba5c941d3a47d5c9 records_attr3=11f33b580d4c61ee78a2d1fc7794a9e45f1176d1 records_attr4=topic_Person_70(r107@n257(hasword_due_70)) 
time=999 node=10.1.1.4 tuple=records records_attr1=10.1.1.4 records_attr2=453fb76d7031dea354277a0ef48a4d1bfa5ea87b records_attr3=b456852a11c7fc487c51b9b3b845b1a609eeb31d records_attr4=topic_ResearchProject_28(r54@n257(hasword_repres_28)) 
time=999 node=10.1.1.4 tuple=records records_attr1=10.1.1.4 records_attr2=477c0305f245ea01f760a94b104c4fc460fafbe5 records_attr3=69f0e50a7d6f4ee016c6c82383bc05b5dda61ff1 records_attr4=topic_Person_23(r373@n257(hasword_low_23)) 
time=999 node=10.1.1.4 tuple=records records_attr1=10.1.1.4 records_attr2=499ff41109fb077fe671fe5cbcb885cb6991e2dc records_attr3=ba3361ebec923a936100df6c9a6f3f2949c47d65 records_attr4=topic_Faculty_64(r434@n257(hasword_place_64)) 
time=999 node=10.1.1.4 tuple=records records_attr1=10.1.1.4 records_attr2=4c6f48cea51843e7bb3c4977658107e52ba4cf62 records_attr3=816335ae2d722588b4d2ce300f9b94aa82c38e18 records_attr4=topic_Course_30(r0@n257(hasword_number_30)) 
time=999 node=10.1.1.4 tuple=records records_attr1=10.1.1.4 records_attr2=4d324ab0e0dfbb6183f9b4579964fcd786b24458 records_attr3=52824f4e45ffde872d804135b79d382fcc733ddd records_attr4=topic_Person_7(r495@n257(hasword_academ_7)) 
time=999 node=10.1.1.4 tuple=records records_attr1=10.1.1.4 records_attr2=4d63957da7f9cbe8e28c40e24cc81a4de5d074bb records_attr3=e1211a2b70afb5200508d05d4d786af915cd2393 records_attr4=topic_Person_16(r228@n257(hasword_assist_16)) 
time=999 node=10.1.1.4 tuple=records records_attr1=10.1.1.4 records_attr2=4d8a06b6aa0e7030e1ea8b423911de16c26a44c2 records_attr3=59c430a54e1475c781262804962081994c910b68 records_attr4=topic_Staff_36(r350@n257(hasword_paper_36)) 
time=999 node=10.1.1.4 tuple=records records_attr1=10.1.1.4 records_attr2=528c3b3fc44c1c30457db60d810fbf5baa328a88 records_attr3=8d66380d860c0b9c51bbd427dd17339629dbdb39 records_attr4=topic_Course_69(r308@n257(hasword_assign_69)) 
time=999 node=10.1.1.4 tuple=records records_attr1=10.1.1.4 records_attr2=549bd41ae9a0ff267ba16ca46774adbd58233aaf records_attr3=c5c25ae74c0bca341b499d8c3e3923bf9f62f30a records_attr4=topic_Course_9(r222@n257(hasword_server_9)) 
time=999 node=10.1.1.4 tuple=records records_attr1=10.1.1.4 records_attr2=550c8e93d84936e0395e9e3898b8b4478bce4a5b records_attr3=41070321622cc20b272319354cb8b829125a62bb records_attr4=topic_Faculty_14(r479@n257(hasword_larg_14)) 
time=999 node=10.1.1.4 tuple=records records_attr1=10.1.1.4 records_attr2=5a6958ef018abec77cee47a14a7730690d6d0425 records_attr3=8ac3fb148d07887c3b46e00a65c6c761f34541df records_attr4=topic_Course_31(r49@n257(hasword_hall_31)) 
time=999 node=10.1.1.4 tuple=records records_attr1=10.1.1.4 records_attr2=6004305486d7f775b7bd4473294bf8501a89a423 records_attr3=d0a6d39020c1c123a580dac2778f4d193bbc4c9a records_attr4=topic_Person_18(r72@n257(hasword_java_18)) 
time=999 node=10.1.1.4 tuple=records records_attr1=10.1.1.4 records_attr2=61febd2de54169d546c162069c9b5c11496d49b4 records_attr3=985bb16fe063c4c93359e200548d62807ce7b40e records_attr4=topic_Staff_30(r52@n257(hasword_math_30)) 
time=999 node=10.1.1.4 tuple=records records_attr1=10.1.1.4 records_attr2=6397504ed237b6e83d0850aa771adc8d945cdb6d records_attr3=ddcbc202313d2fb96bf944631d7ca80b6f1f6b93 records_attr4=topic_ResearchProject_16(r470@n257(hasword_assist_16)) 
time=999 node=10.1.1.4 tuple=records records_attr1=10.1.1.4 records_attr2=69d79e502db3997fc6b5cf3c3c3f7b45bc61940a records_attr3=36476444964e33f1b11fa313c088002504cd96b9 records_attr4=topic_Person_51(rl@n257(links_51_84*topic_Person_84(r366@n257(hasword_check_84)))) 
time=999 node=10.1.1.4 tuple=records records_attr1=10.1.1.4 records_attr2=6a2967dae9fb1f1524341a5ca3b18a6a116c4602 records_attr3=dd1878ef857cd33e01661040e37e5a50b7069fd6 records_attr4=topic_Course_72(r222@n257(hasword_server_72)) 
time=999 node=10.1.1.4 tuple=records records_attr1=10.1.1.4 records_attr2=6b91ab29be6cdb9f3d11d0ca9f7512e2f5f620a8 records_attr3=aeb05d6a0e444a871f0dcb36f33007199caa88e7 records_attr4=topic_Course_76(r75@n257(hasword_address_76)) 
time=999 node=10.1.1.4 tuple=records records_attr1=10.1.1.4 records_attr2=6ecbf90c65c0225e0e521bf3c014a15f9bc31b8d records_attr3=5401e5330778625829b4cb3f3b3a97f7c2a0a58c records_attr4=topic_Faculty_10(rl@n257(links_10_64*topic_Faculty_64(r434@n257(hasword_place_64)))) 
time=999 node=10.1.1.4 tuple=records records_attr1=10.1.1.4 records_attr2=7552b2994af9e21c1c7496e96c26b9b0624b8169 records_attr3=e9f27db13b7160ff6f3e6f353fe5909a48afaf58 records_attr4=topic_Student_70(r379@n257(hasword_mondai_70)) 
time=999 node=10.1.1.4 tuple=records records_attr1=10.1.1.4 records_attr2=77c301e8653eb5fb19cb623ba2a99f129042e24f records_attr3=6bdf1646ffe2440c53f14170ce5a031cc6e2868d records_attr4=topic_Person_9(r228@n257(hasword_assist_9)) 
time=999 node=10.1.1.4 tuple=records records_attr1=10.1.1.4 records_attr2=7a2205e08206f5150890967d7a8d9681969d0ac9 records_attr3=191b13f8752f80cfa0575feac8fb92b5bcf04904 records_attr4=topic_Student_15(r43@n257(hasword_hw_15)) 
time=999 node=10.1.1.4 tuple=records records_attr1=10.1.1.4 records_attr2=88fcb6f0a1872bbcbeec35c48db8e2b0f4f5dc52 records_attr3=b41a144f6ab632bf07e80dbea12b8c691ef66ed7 records_attr4=topic_Person_69(r396@n257(hasword_assign_69)) 
time=999 node=10.1.1.4 tuple=records records_attr1=10.1.1.4 records_attr2=8bb230b4216781056680e03064f8ea1de7892255 records_attr3=f7fed0ac34af2d458dd27a0cb58b4890885b4ba4 records_attr4=topic_Course_20(r33@n257(hasword_public_20)) 
time=999 node=10.1.1.4 tuple=records records_attr1=10.1.1.4 records_attr2=99cc32c6188ca6434574e7de7b43879962962021 records_attr3=46c7a39e2d15c4ccff58636d007c10ea5d67a19b records_attr4=topic_Student_19(r121@n257(hasword_length_19)) 
time=999 node=10.1.1.4 tuple=records records_attr1=10.1.1.4 records_attr2=9fff322ec47134e5b651cb14e42640b6cef8c745 records_attr3=c136889fb6fc4a48c42b08e9f3fba5138d85ee26 records_attr4=topic_Faculty_35(r185@n257(hasword_suggest_35)) 
time=999 node=10.1.1.4 tuple=records records_attr1=10.1.1.4 records_attr2=a5349d7d86e59b7a6ac7546bb2d937b3fcf20484 records_attr3=b30c1168e5b1f7836cee7cb5ea027e5cabedbe1 records_attr4=topic_Course_32(r198@n257(hasword_sourc_32)) 
time=999 node=10.1.1.4 tuple=records records_attr1=10.1.1.4 records_attr2=ad3397920bbade2f7a450e5822ef0ed5b5a4652c records_attr3=6d1e0d3ff697209677e6a1ea04a4297459655b38 records_attr4=topic_ResearchProject_6(r122@n257(hasword_set_6)) 
time=999 node=10.1.1.4 tuple=records records_attr1=10.1.1.4 records_attr2=ae22d887567d2b4edc06cdba7cbf89c94c66c9f1 records_attr3=8e2099669b474fa6292c9dd1a64c1fe23fd21c39 records_attr4=topic_Student_23(r384@n257(hasword_low_23)) 
time=999 node=10.1.1.4 tuple=records records_attr1=10.1.1.4 records_attr2=aebb4e211ee60ce07715400afe6977a797d1589f records_attr3=6766c169b28535d67cea1c8031f4d732ff2abdb1 records_attr4=topic_Department_41(r485@n257(hasword_program_41)) 
time=999 node=10.1.1.4 tuple=records records_attr1=10.1.1.4 records_attr2=b13b5803d22cf3ff6fb7f45f60f33f5f5a83b1b2 records_attr3=b5186f2d033aed10033f04a6beb70aa162989689 records_attr4=topic_Person_28(r18@n257(hasword_repres_28)) 
time=999 node=10.1.1.4 tuple=records records_attr1=10.1.1.4 records_attr2=b18552619bc51d1d55679ec973e291415381e20e records_attr3=513947ec1bcac3279654ec29d8cf6c1282420e9d records_attr4=topic_Student_51(rl@n257(links_51_84*topic_Student_84(r172@n257(hasword_check_84)))) 
time=999 node=10.1.1.4 tuple=records records_attr1=10.1.1.4 records_attr2=b1a72793e8801b4a14cd6fd940c146917009833e records_attr3=9076f161653795f7a16710e58ad1244d8e6fa725 records_attr4=topic_Student_4(r121@n257(hasword_length_4)) 
time=999 node=10.1.1.4 tuple=records records_attr1=10.1.1.4 records_attr2=b6a83311c24181c1c2ccea4c14ea5a76c7c9b5f6 records_attr3=100b7dedc30fc3a536c215de98f9570e8ce1929 records_attr4=topic_Department_80(r420@n257(hasword_open_80)) 
time=999 node=10.1.1.4 tuple=records records_attr1=10.1.1.4 records_attr2=b800ab2d75d28eb53b94c3f230875193df2b87da records_attr3=c729b60191cad8f760c38e783c939d946df12591 records_attr4=topic_Student_21(r121@n257(hasword_length_21)) 
time=999 node=10.1.1.4 tuple=records records_attr1=10.1.1.4 records_attr2=ba1f996e3e226e5d672dcc21dcef1f9333744f5f records_attr3=a578b8408e50948a5353197138afc302294d0a87 records_attr4=topic_ResearchProject_9(r470@n257(hasword_assist_9)) 
time=999 node=10.1.1.4 tuple=records records_attr1=10.1.1.4 records_attr2=bd99919e3d920ab33e2d22cd237d1fd4948bcc27 records_attr3=23b32b88818490d47420de3867e4fb95f549d433 records_attr4=topic_Staff_54(r52@n257(hasword_math_54)) 
time=999 node=10.1.1.4 tuple=records records_attr1=10.1.1.4 records_attr2=c5bdcb4eb375e6e0f74470ec9660123e659427a2 records_attr3=f7e41d4236b8a2a6011afcb9044474554438c501 records_attr4=topic_Person_32(r453@n257(hasword_sourc_32)) 
time=999 node=10.1.1.4 tuple=records records_attr1=10.1.1.4 records_attr2=c8dca95ef55a79a2283134fed0dccce133b8a05d records_attr3=a35736eedd8699353aa7e2fbb17643fbd662bb13 records_attr4=topic_Course_35(r135@n257(hasword_continu_35)) 
time=999 node=10.1.1.4 tuple=records records_attr1=10.1.1.4 records_attr2=d08895249218dd21b26bdc1076acd8d3a8d079c1 records_attr3=88ce11749b5e2b7ff1320757c4bd32fd8b78799c records_attr4=topic_Staff_85(r317@n257(hasword_command_85)) 
time=999 node=10.1.1.4 tuple=records records_attr1=10.1.1.4 records_attr2=d3f1630a14f36cb5a618a4a15c7af003473738d7 records_attr3=59d2f4c5dc0b71008f5daa9cdf06dab6a7d39f91 records_attr4=topic_Department_65(r132@n257(hasword_cse_65)) 
time=999 node=10.1.1.4 tuple=records records_attr1=10.1.1.4 records_attr2=d83d6157b19d0d9ea0bd54d115a1230ae3456b7b records_attr3=921546602c4f9d4295d379e84c3c1682774bb033 records_attr4=topic_Faculty_43(r87@n257(hasword_year_43)) 
time=999 node=10.1.1.4 tuple=records records_attr1=10.1.1.4 records_attr2=dafd8cf784027724a108dbc99ae4d0853bce64ea records_attr3=8745469f1cc9ac8623e023d818523539ac1d6b91 records_attr4=topic_Course_84(r272@n257(hasword_check_84)) 
time=999 node=10.1.1.4 tuple=records records_attr1=10.1.1.4 records_attr2=e00f66319c615d6f83895bee72bb90e5b76eebe6 records_attr3=dc8e2eee8701d6360a534037bc482bed976b78c8 records_attr4=topic_Department_66(r195@n257(hasword_prototyp_66)) 
time=999 node=10.1.1.4 tuple=records records_attr1=10.1.1.4 records_attr2=e3d4e79d2c5d006cd0379720005aca222ff5ba36 records_attr3=9a03a4279801fd56f432a48b1785618818caac49 records_attr4=topic_ResearchProject_92(r482@n257(hasword_citi_92)) 
time=999 node=10.1.1.4 tuple=records records_attr1=10.1.1.4 records_attr2=e7d7e6ad3dfe40ea14b6da4367f1fec25d4bfc9c records_attr3=16fdd952da319b98c5bf82700ea25d1ce15f952c records_attr4=topic_Student_84(r172@n257(hasword_check_84)) 
time=999 node=10.1.1.4 tuple=records records_attr1=10.1.1.4 records_attr2=ecae6c205bb12b75ec9b683fdef98a55bc23ae86 records_attr3=2e45693ddab89a2444c7ddde8c000809c312739c records_attr4=topic_Student_57(r147@n257(hasword_sep_57)) 
time=999 node=10.1.1.4 tuple=records records_attr1=10.1.1.4 records_attr2=ef9a2708077d99d0d3c2174612529afd0113f128 records_attr3=6264b8c247d1d6da6c7a893fedec5d15e16d7883 records_attr4=topic_ResearchProject_86(r461@n257(hasword_term_86)) 
time=999 node=10.1.1.4 tuple=records records_attr1=10.1.1.4 records_attr2=f07b791985105f538054df2cbd85ec7e15c5ae6f records_attr3=20e14d6cc3e1e76da5a357b9febfc02d45053043 records_attr4=topic_Person_37(r338@n257(hasword_pictur_37)) 
time=999 node=10.1.1.4 tuple=records records_attr1=10.1.1.4 records_attr2=f44e17f785aa7dc2f249ebf0ada7996408b07c49 records_attr3=881f90f6546dcc2cfdd8220cb68f752a24c66e9 records_attr4=topic_Faculty_71(r323@n257(hasword_end_71)) 
time=999 node=10.1.1.4 tuple=records records_attr1=10.1.1.4 records_attr2=f543f7d9b9a69f8812a4caf1dd943a55728bbb0f records_attr3=d33ab9d964631e5faf76aced6b8092a3a7b798cc records_attr4=topic_Person_10(rl@n257(links_10_64*topic_Person_64(r234@n257(hasword_place_64)))) 
time=999 node=10.1.1.4 tuple=records records_attr1=10.1.1.4 records_attr2=f792b142b1c43124b44a50cbe5b1b1f13b753942 records_attr3=181a85e11a222348a15d41176ed0397c5915af97 records_attr4=topic_Course_82(r400@n257(hasword_tx_82)) 
time=999 node=10.1.1.4 tuple=records records_attr1=10.1.1.4 records_attr2=fcda2a6517deddce1cb4ecea71cb0eb874c509c9 records_attr3=8d7e98c94bc7ab2277877c31314851f75549a84e records_attr4=topic_Student_16(r355@n257(hasword_assist_16)) 
time=999 node=10.1.1.4 tuple=records records_attr1=10.1.1.4 records_attr2=fd7bf4e441e57bbef4fbb88c2cf64e162e6004db records_attr3=b1a5b683fe18a45aaacb9b45a728a1c698c17161 records_attr4=topic_Department_74(r305@n257(hasword_origin_74)) 
time=999 node=10.1.1.4 tuple=records records_attr1=10.1.1.4 records_attr2=fd93ce1cd3e0dad7c82e1817b266eff1ff55eace records_attr3=a5cde857a92646a8926d411974ad7ab2f7e42c04 records_attr4=topic_Faculty_23(r380@n257(hasword_low_23)) 
time cost: 42.3443 seconds
