observed tuples: r1577 r4696 r2400 r3025 r2465 r1621 r2041 r1724 r343 r2829 r298 r86 r346 r3138 r4941 r3459 r4979 r3882 r68 r3455 r4743 r1624 r3032 r4911 r1714 r3524 r1052 r1277 r823 r3518 r3836 r4632 r4996 r1875 r4594 hasword_sequenc_31 hasword_dec_11 r1182 r1675 hasword_model_1 r2751 r1272 r109 r265 r2432 r4394 r784 r3636 r1028 r3273 r2200 r3938 r4566 r44 r4991 r2359 r2554 r1879 r4537 r3442 r2142 hasword_formal_44 r354 r3915 r808 r2869 hasword_apr_48 r3309 r559 hasword_materi_17 r1699 r1552 r1424 r3536 hasword_public_61 r107 r1635 r1405 r4004 r2055 r2528 r3843 r4681 r3805 r631 r3159 r371 hasword_modifi_55 r1541 hasword_date_20 r1467 r4714 r3516 r2226 r2027 r3663 r1557 r4784 r836 r1882 r1937 r4034 hasword_research_24 r1867 links_43_40 r3982 r1323 r4126 r2896 r287 links_46_59 hasword_austin_37 r802 hasword_mime_60 r1004 r4654 r1719 r3230 hasword_handout_19 r4841 r4543 r4613 hasword_jan_63 r2199 hasword_represent_4 links_59_46 r3549 r1495 r7 r3037 r4803 r2832 r4848 hasword_procedur_12 hasword_account_21 r206 r3575 r2526 r1753 r737 r4098 r1130 r4451 hasword_home_33 hasword_modifi_15 r2270 hasword_semest_47 r3626 r504 r3460 r2800 r4596 r4694 r1686 r2863 r4684 r3312 r200 hasword_softwar_32 r1592 hasword_game_43 r4885 r4870 hasword_html_18 hasword_interest_41 r2904 hasword_email_59 hasword_data_38 r648 r3771 hasword_implement_8 r1502 r1472 r1885 hasword_art_50 r4597 hasword_jan_10 r4024 r3891 links_51_21 r4942 r3392 r813 hasword_jan_25 r1652 r2133 links_33_19 hasword_high_65 r2966 r1353 r676 r2575 hasword_servic_9 r40 r695 r4410 r4498 r673 hasword_facil_9 r1236 rl r235 r4324 r1777 r4842 r2927 r3661 r3666 r1994 r1274 hasword_jan_58 hasword_date_7 r4908 r2675 hasword_develop_13 r4956 r2050 hasword_univers_40 r4721 hasword_test_52 r4811 hasword_fall_47 hasword_call_44 r2103 r2792 hasword_design_39 r1746 r3708 hasword_gmt_28 r4030 r3228 r2501 links_47_12 hasword_length_62 r1168 r2903 r1898 hasword_gener_22 hasword_man_34 r4365 hasword_syllabu_54 r3031 hasword_jan_51 hasword_gmt_16 hasword_scienc_42 r3206 r4921 hasword_phone_2 r4608 r4051 r3884 hasword_scienc_14 r3944 r2789 hasword_text_66 r795 r904 r4697 hasword_specif_26 r556 r4665 r2462 r3732 r4521 hasword_type_46 hasword_separ_57 r714 r2094 r1612 r4133 r2701 r2245 r4581 r198 r2316 hasword_system_36 r3854 r1282 r2622 r911 r4760 hasword_access_35 hasword_date_6 hasword_algorithm_3 hasword_laboratori_64 r405 r4674 r4388 hasword_utexa_45 r3542 r2715 r3310 r3768 r665 r294 r1647 r1148 r3931 r225 hasword_html_5 r4530 r1761 r3100 r3570 r3688 hasword_prototyp_26 r3642 r17 r3094 r3576 r1520 r3745 r4782 hasword_jan_27 r4209 r3789 r2782 r4156 r2205 hasword_depart_29 r2425 r2069 r4285 r331 r963 r656 r3641 r3317 r741 r2324 r769 hasword_home_49 r4592 r3959 hasword_texa_23 r4975 r1124 r3848 r1190 r4120 r1794 r4529 r2083 r3879 r3250 r59 hasword_includ_56 r177 r3440 r3424 r979 r2550 r42 r55 r1159 r3136 r856 r2280 r2762 r4033 r2348 links_22_35 r3933 r3801 r3462 r2543 r4897 r4316 r285 r4323 r1406 r3449 r3158 r3777 r758 r232 r2209 r321 r2885 r2936 r2620 r1679 links_61_39 r413 r3420 r4028 hasword_tree_30 r2024 r1925 r4386 r422 r66 r3600 hasword_date_53 r2047 r4149 r2471 r4473 r2569 r2277 r1657 r2218 r1997 r2812 r4177 r2448 r1427 r4801 r691 r542 r477 r231 r1369 r4980 r4549 r1843 r4303 r2429 r842 r3505 r2694 r1197 r4144 r2468 r3999 r3035 r4284 r359 r1202 r4472 r1831 r4200 r1058 r3904 r3450 r4738 r4497 r1122 r1970 r330 r397 r1140 r126 
size of observed tuples: 443
size of unobserved tuples: 427

gibbs sample time: 0.00613 seconds
probability of topic_Course_3 is 0.499

mode equations: influence compute time (equations): 0.000842 seconds
influence of hasword_algorithm_3 on topic_Course_3 is -0.00978826

gibbs sample time: 0.006461 seconds
probability of topic_ResearchProject_49 is 0.3

mode equations: influence compute time (equations): 0.00084 seconds
influence of hasword_home_49 on topic_ResearchProject_49 is -0.178903

gibbs sample time: 0.006695 seconds
probability of topic_Student_41 is 0.81

mode equations: influence compute time (equations): 0.000826 seconds
influence of hasword_interest_41 on topic_Student_41 is 0.190217

gibbs sample time: 0.006462 seconds
probability of topic_Student_16 is 0.494

mode equations: influence compute time (equations): 0.000843 seconds
influence of hasword_gmt_16 on topic_Student_16 is -0.0060623

gibbs sample time: 0.005752 seconds
probability of topic_Student_5 is 0.485

mode equations: influence compute time (equations): 0.000833 seconds
influence of hasword_html_5 on topic_Student_5 is -0.0137796

gibbs sample time: 0.006148 seconds
probability of topic_Student_20 is 0.486

mode equations: influence compute time (equations): 0.000832 seconds
influence of hasword_date_20 on topic_Student_20 is -0.00605842

gibbs sample time: 0.006487 seconds
probability of topic_Department_13 is 0.437

mode equations: influence compute time (equations): 0.000826 seconds
influence of hasword_develop_13 on topic_Department_13 is -0.0708481

gibbs sample time: 0.006151 seconds
probability of topic_ResearchProject_30 is 0.47

mode equations: influence compute time (equations): 0.000827 seconds
influence of hasword_tree_30 on topic_ResearchProject_30 is -0.00391695

gibbs sample time: 0.005746 seconds
probability of topic_Person_10 is 0.477

mode equations: influence compute time (equations): 0.000837 seconds
influence of hasword_jan_10 on topic_Person_10 is 0.00595934

gibbs sample time: 0.00591 seconds
probability of topic_Staff_23 is 0.443

mode equations: influence compute time (equations): 0.000863 seconds
influence of hasword_texa_23 on topic_Staff_23 is -0.035466

gibbs sample time: 0.006396 seconds
probability of topic_Faculty_47 is 0.653

mode equations: influence compute time (equations): 0.000834 seconds
influence of hasword_fall_47 on topic_Faculty_47 is 0.141011

gibbs sample time: 0.006318 seconds
probability of topic_Department_38 is 0.546

mode equations: influence compute time (equations): 0.00083 seconds
influence of hasword_data_38 on topic_Department_38 is 0.0352315

gibbs sample time: 0.019697 seconds
probability of topic_Staff_43 is 0.452

mode equations: influence compute time (equations): 0.000864 seconds
influence of links_43_40 on topic_Staff_43 is -0.0162209

gibbs sample time: 0.021771 seconds
probability of topic_Department_35 is 0.513

mode equations: influence compute time (equations): 0.00087 seconds
influence of links_22_35 on topic_Department_35 is 0.00770911

gibbs sample time: 0.020262 seconds
probability of topic_Person_61 is 0.511

mode equations: influence compute time (equations): 0.000866 seconds
influence of rl on topic_Person_61 is 0.117923

gibbs sample time: 0.006462 seconds
probability of topic_ResearchProject_45 is 0.52

mode equations: influence compute time (equations): 0.000824 seconds
influence of hasword_utexa_45 on topic_ResearchProject_45 is -0.0003804

gibbs sample time: 0.006547 seconds
probability of topic_ResearchProject_3 is 0.406

mode equations: influence compute time (equations): 0.000828 seconds
influence of hasword_algorithm_3 on topic_ResearchProject_3 is -0.0966713

gibbs sample time: 0.006227 seconds
probability of topic_Department_53 is 0.475

mode equations: influence compute time (equations): 0.000833 seconds
influence of hasword_date_53 on topic_Department_53 is -0.0198517

gibbs sample time: 0.006287 seconds
probability of topic_Department_23 is 0.432

mode equations: influence compute time (equations): 0.000839 seconds
influence of hasword_texa_23 on topic_Department_23 is -0.0570546

gibbs sample time: 0.00641 seconds
probability of topic_Student_54 is 0.401

mode equations: influence compute time (equations): 0.00083 seconds
influence of hasword_syllabu_54 on topic_Student_54 is -0.11114

gibbs sample time: 0.006561 seconds
probability of topic_Department_5 is 0.487

mode equations: influence compute time (equations): 0.000832 seconds
influence of hasword_html_5 on topic_Department_5 is -0.018732

gibbs sample time: 0.005752 seconds
probability of topic_Person_58 is 0.513

mode equations: influence compute time (equations): 0.000957 seconds
influence of hasword_jan_58 on topic_Person_58 is 0.00596794

gibbs sample time: 0.008964 seconds
probability of topic_Student_9 is 0.45

mode equations: influence compute time (equations): 0.000843 seconds
influence of hasword_facil_9 on topic_Student_9 is -0.0566503

gibbs sample time: 0.019331 seconds
probability of topic_Staff_21 is 0.48

mode equations: influence compute time (equations): 0.000864 seconds
influence of links_51_21 on topic_Staff_21 is 0.0126419

gibbs sample time: 0.006084 seconds
probability of topic_Person_3 is 0.445

mode equations: influence compute time (equations): 0.000828 seconds
influence of hasword_algorithm_3 on topic_Person_3 is -0.0451448

gibbs sample time: 0.024852 seconds
probability of topic_Student_47 is 0.472

mode equations: influence compute time (equations): 0.000885 seconds
influence of links_47_12 on topic_Student_47 is -0.0145869

gibbs sample time: 0.006262 seconds
probability of topic_Department_33 is 0.638

mode equations: influence compute time (equations): 0.000824 seconds
influence of hasword_home_33 on topic_Department_33 is 0.136312

gibbs sample time: 0.006629 seconds
probability of topic_Faculty_15 is 0.44

mode equations: influence compute time (equations): 0.00093 seconds
influence of hasword_modifi_15 on topic_Faculty_15 is -0.0696302

gibbs sample time: 0.006386 seconds
probability of topic_Student_37 is 0.497

mode equations: influence compute time (equations): 0.000835 seconds
influence of hasword_austin_37 on topic_Student_37 is 0.0112854

gibbs sample time: 0.019244 seconds
probability of topic_Person_21 is 0.389

mode equations: influence compute time (equations): 0.000868 seconds
influence of links_51_21 on topic_Person_21 is 0.0140998

gibbs sample time: 0.009969 seconds
probability of topic_ResearchProject_26 is 0.565

mode equations: influence compute time (equations): 0.000831 seconds
influence of hasword_prototyp_26 on topic_ResearchProject_26 is 0.0019197

gibbs sample time: 0.01935 seconds
probability of topic_Person_51 is 0.51

mode equations: influence compute time (equations): 0.000871 seconds
influence of links_51_21 on topic_Person_51 is -0.0119327

gibbs sample time: 0.005719 seconds
probability of topic_Person_30 is 0.493

mode equations: influence compute time (equations): 0.000825 seconds
influence of hasword_tree_30 on topic_Person_30 is -0.00947619

gibbs sample time: 0.00575 seconds
probability of topic_Person_38 is 0.331

mode equations: influence compute time (equations): 0.00083 seconds
influence of hasword_data_38 on topic_Person_38 is -0.139634

gibbs sample time: 0.006492 seconds
probability of topic_Department_3 is 0.401

mode equations: influence compute time (equations): 0.000836 seconds
influence of hasword_algorithm_3 on topic_Department_3 is -0.0769302

gibbs sample time: 0.005774 seconds
probability of topic_Staff_34 is 0.485

mode equations: influence compute time (equations): 0.000837 seconds
influence of hasword_man_34 on topic_Staff_34 is -0.00605677

gibbs sample time: 0.006116 seconds
probability of topic_Staff_16 is 0.456

mode equations: influence compute time (equations): 0.000832 seconds
influence of hasword_gmt_16 on topic_Staff_16 is -0.0519267

gibbs sample time: 0.006481 seconds
probability of topic_Faculty_32 is 0.391

mode equations: influence compute time (equations): 0.000833 seconds
influence of hasword_softwar_32 on topic_Faculty_32 is -0.0896961

gibbs sample time: 0.021951 seconds
probability of topic_ResearchProject_22 is 0.599

mode equations: influence compute time (equations): 0.000874 seconds
influence of links_22_35 on topic_ResearchProject_22 is -0.0162077

gibbs sample time: 0.00574 seconds
probability of topic_Person_49 is 0.71

mode equations: influence compute time (equations): 0.000825 seconds
influence of hasword_home_49 on topic_Person_49 is 0.173534

gibbs sample time: 0.006632 seconds
probability of topic_Department_50 is 0.495

mode equations: influence compute time (equations): 0.000829 seconds
influence of hasword_art_50 on topic_Department_50 is -0.0230796

gibbs sample time: 0.009496 seconds
probability of topic_Course_9 is 0.465

mode equations: influence compute time (equations): 0.000895 seconds
influence of hasword_facil_9 on topic_Course_9 is 0.0187088

gibbs sample time: 0.006554 seconds
probability of topic_Course_42 is 0.515

mode equations: influence compute time (equations): 0.00106 seconds
influence of hasword_scienc_42 on topic_Course_42 is 0.0239014

gibbs sample time: 0.006558 seconds
probability of topic_Faculty_65 is 0.457

mode equations: influence compute time (equations): 0.000925 seconds
influence of hasword_high_65 on topic_Faculty_65 is -0.0498419

gibbs sample time: 0.021073 seconds
probability of topic_Staff_47 is 0.386

mode equations: influence compute time (equations): 0.000894 seconds
influence of links_47_12 on topic_Staff_47 is -0.0141466

gibbs sample time: 0.006638 seconds
probability of topic_Faculty_54 is 0.493

mode equations: influence compute time (equations): 0.000846 seconds
influence of hasword_syllabu_54 on topic_Faculty_54 is -0.0138418

gibbs sample time: 0.006312 seconds
probability of topic_Person_64 is 0.488

mode equations: influence compute time (equations): 0.000835 seconds
influence of hasword_laboratori_64 on topic_Person_64 is -0.00271643

gibbs sample time: 0.005714 seconds
probability of topic_Staff_48 is 0.447

mode equations: influence compute time (equations): 0.000971 seconds
influence of hasword_apr_48 on topic_Staff_48 is -0.0399564

gibbs sample time: 0.006264 seconds
probability of topic_ResearchProject_11 is 0.217

mode equations: influence compute time (equations): 0.000839 seconds
influence of hasword_dec_11 on topic_ResearchProject_11 is -0.225112

gibbs sample time: 0.006737 seconds
probability of topic_Student_17 is 0.288

mode equations: influence compute time (equations): 0.000879 seconds
influence of hasword_materi_17 on topic_Student_17 is -0.174775

gibbs sample time: 0.009487 seconds
probability of topic_Person_44 is 0.544

mode equations: influence compute time (equations): 0.000905 seconds
influence of r1714 on topic_Person_44 is 0.248064

gibbs sample time: 0.021763 seconds
probability of topic_ResearchProject_19 is 0.473

mode equations: influence compute time (equations): 0.000874 seconds
influence of links_33_19 on topic_ResearchProject_19 is 0.0204327

gibbs sample time: 0.006325 seconds
probability of topic_Faculty_38 is 0.465

mode equations: influence compute time (equations): 0.000835 seconds
influence of hasword_data_38 on topic_Faculty_38 is -0.0220539

gibbs sample time: 0.019459 seconds
probability of topic_Course_51 is 0.467

mode equations: influence compute time (equations): 0.000868 seconds
influence of links_51_21 on topic_Course_51 is -0.0152111

gibbs sample time: 0.006743 seconds
probability of topic_Faculty_64 is 0.565

mode equations: influence compute time (equations): 0.000828 seconds
influence of hasword_laboratori_64 on topic_Faculty_64 is 0.0299327

gibbs sample time: 0.006247 seconds
probability of topic_Person_31 is 0.483

mode equations: influence compute time (equations): 0.000831 seconds
influence of hasword_sequenc_31 on topic_Person_31 is -0.0157235

gibbs sample time: 0.006361 seconds
probability of topic_Staff_37 is 0.455

mode equations: influence compute time (equations): 0.000845 seconds
influence of hasword_austin_37 on topic_Staff_37 is -0.0277395

gibbs sample time: 0.009764 seconds
probability of topic_Student_26 is 0.616

mode equations: influence compute time (equations): 0.000845 seconds
influence of r3459 on topic_Student_26 is 0.236544

gibbs sample time: 0.006385 seconds
probability of topic_Student_32 is 0.468

mode equations: influence compute time (equations): 0.000835 seconds
influence of hasword_softwar_32 on topic_Student_32 is -0.0335864

gibbs sample time: 0.006261 seconds
probability of topic_Person_4 is 0.536

mode equations: influence compute time (equations): 0.00084 seconds
influence of hasword_represent_4 on topic_Person_4 is 0.0446386

gibbs sample time: 0.006192 seconds
probability of topic_ResearchProject_28 is 0.447

mode equations: influence compute time (equations): 0.000838 seconds
influence of hasword_gmt_28 on topic_ResearchProject_28 is -0.0566698

gibbs sample time: 0.005993 seconds
probability of topic_Person_63 is 0.498

mode equations: influence compute time (equations): 0.000839 seconds
influence of hasword_jan_63 on topic_Person_63 is 0.00597188

gibbs sample time: 0.006422 seconds
probability of topic_Faculty_14 is 0.634

mode equations: influence compute time (equations): 0.000842 seconds
influence of hasword_scienc_14 on topic_Faculty_14 is 0.123348

gibbs sample time: 0.005725 seconds
probability of topic_Course_52 is 0.451

mode equations: influence compute time (equations): 0.000834 seconds
influence of hasword_test_52 on topic_Course_52 is -0.06463

gibbs sample time: 0.005715 seconds
probability of topic_Course_23 is 0.498

mode equations: influence compute time (equations): 0.000837 seconds
influence of hasword_texa_23 on topic_Course_23 is -0.00219608

gibbs sample time: 0.006402 seconds
probability of topic_Student_15 is 0.488

mode equations: influence compute time (equations): 0.000842 seconds
influence of hasword_modifi_15 on topic_Student_15 is 0.00725634

gibbs sample time: 0.005731 seconds
probability of topic_Course_18 is 0.425

mode equations: influence compute time (equations): 0.000834 seconds
influence of hasword_html_18 on topic_Course_18 is -0.0829741

gibbs sample time: 0.005727 seconds
probability of topic_Staff_58 is 0.569

mode equations: influence compute time (equations): 0.000836 seconds
influence of hasword_jan_58 on topic_Staff_58 is 0.0753139

gibbs sample time: 0.006166 seconds
probability of topic_Student_33 is 0.715

mode equations: influence compute time (equations): 0.000838 seconds
influence of hasword_home_33 on topic_Student_33 is 0.173653

gibbs sample time: 0.006231 seconds
probability of topic_Department_16 is 0.459

mode equations: influence compute time (equations): 0.000843 seconds
influence of hasword_gmt_16 on topic_Department_16 is -0.0197677

gibbs sample time: 0.006187 seconds
probability of topic_ResearchProject_16 is 0.429

mode equations: influence compute time (equations): 0.000836 seconds
influence of hasword_gmt_16 on topic_ResearchProject_16 is -0.0561581

gibbs sample time: 0.006478 seconds
probability of topic_Department_32 is 0.358

mode equations: influence compute time (equations): 0.000839 seconds
influence of hasword_softwar_32 on topic_Department_32 is -0.11557

gibbs sample time: 0.00575 seconds
probability of topic_Course_63 is 0.489

mode equations: influence compute time (equations): 0.000843 seconds
influence of hasword_jan_63 on topic_Course_63 is -0.0234662

gibbs sample time: 0.006134 seconds
probability of topic_Course_57 is 0.512

mode equations: influence compute time (equations): 0.00084 seconds
influence of hasword_separ_57 on topic_Course_57 is 0.0274619

gibbs sample time: 0.00627 seconds
probability of topic_Department_11 is 0.363

mode equations: influence compute time (equations): 0.000838 seconds
influence of hasword_dec_11 on topic_Department_11 is -0.114386

gibbs sample time: 0.006161 seconds
probability of topic_Student_23 is 0.542

mode equations: influence compute time (equations): 0.000846 seconds
influence of hasword_texa_23 on topic_Student_23 is 0.027759

gibbs sample time: 0.023658 seconds
probability of topic_Person_47 is 0.47

mode equations: influence compute time (equations): 0.000875 seconds
influence of links_47_12 on topic_Person_47 is -0.0122619

gibbs sample time: 0.006213 seconds
probability of topic_Faculty_25 is 0.483

mode equations: influence compute time (equations): 0.000828 seconds
influence of hasword_jan_25 on topic_Faculty_25 is -0.0101737

gibbs sample time: 0.025605 seconds
probability of topic_Department_12 is 0.481

mode equations: influence compute time (equations): 0.000885 seconds
influence of rl on topic_Department_12 is -0.171565

gibbs sample time: 0.006011 seconds
probability of topic_Person_53 is 0.504

mode equations: influence compute time (equations): 0.00083 seconds
influence of hasword_date_53 on topic_Person_53 is -0.0018205

gibbs sample time: 0.006311 seconds
probability of topic_Student_58 is 0.516

mode equations: influence compute time (equations): 0.00083 seconds
influence of hasword_jan_58 on topic_Student_58 is 0.024578

gibbs sample time: 0.019261 seconds
probability of topic_Staff_51 is 0.582

mode equations: influence compute time (equations): 0.000868 seconds
influence of links_51_21 on topic_Staff_51 is -0.0144812

gibbs sample time: 0.00626 seconds
probability of topic_Department_48 is 0.417

mode equations: influence compute time (equations): 0.000827 seconds
influence of hasword_apr_48 on topic_Department_48 is -0.0929457

gibbs sample time: 0.0197 seconds
probability of topic_Department_39 is 0.396

mode equations: influence compute time (equations): 0.000912 seconds
influence of links_61_39 on topic_Department_39 is 0.0145943

gibbs sample time: 0.006865 seconds
probability of topic_Faculty_50 is 0.504

mode equations: influence compute time (equations): 0.000914 seconds
influence of hasword_art_50 on topic_Faculty_50 is 0.0183527

gibbs sample time: 0.006281 seconds
probability of topic_Student_1 is 0.478

mode equations: influence compute time (equations): 0.000915 seconds
influence of hasword_model_1 on topic_Student_1 is -0.0318233

gibbs sample time: 0.020115 seconds
probability of topic_Department_61 is 0.509

mode equations: influence compute time (equations): 0.000943 seconds
influence of links_61_39 on topic_Department_61 is -0.0110587

gibbs sample time: 0.021383 seconds
probability of topic_Course_43 is 0.406

mode equations: influence compute time (equations): 0.000999 seconds
influence of links_43_40 on topic_Course_43 is -0.0156932

gibbs sample time: 0.006277 seconds
probability of topic_Department_65 is 0.43

mode equations: influence compute time (equations): 0.000828 seconds
influence of hasword_high_65 on topic_Department_65 is -0.089336

gibbs sample time: 0.005806 seconds
probability of topic_Course_10 is 0.495

mode equations: influence compute time (equations): 0.000833 seconds
influence of hasword_jan_10 on topic_Course_10 is -0.0234752

gibbs sample time: 0.005757 seconds
probability of topic_Person_16 is 0.516

mode equations: influence compute time (equations): 0.000842 seconds
influence of hasword_gmt_16 on topic_Person_16 is -0.00181875

gibbs sample time: 0.022584 seconds
probability of topic_ResearchProject_61 is 0.7

mode equations: influence compute time (equations): 0.000877 seconds
influence of links_61_39 on topic_ResearchProject_61 is -0.0130073

gibbs sample time: 0.030637 seconds
probability of topic_Course_46 is 0.42

mode equations: influence compute time (equations): 0.001011 seconds
influence of links_46_59 on topic_Course_46 is -0.0135118

gibbs sample time: 0.00617 seconds
probability of topic_Faculty_2 is 0.524

mode equations: influence compute time (equations): 0.000829 seconds
influence of hasword_phone_2 on topic_Faculty_2 is 0.021134

gibbs sample time: 0.028574 seconds
probability of topic_Person_59 is 0.469

mode equations: influence compute time (equations): 0.000879 seconds
influence of links_46_59 on topic_Person_59 is 0.0148183

gibbs sample time: 0.029049 seconds
probability of topic_Faculty_59 is 0.568

mode equations: influence compute time (equations): 0.000885 seconds
influence of links_59_46 on topic_Faculty_59 is -0.0121888

gibbs sample time: 0.019429 seconds
probability of topic_Course_21 is 0.539

mode equations: influence compute time (equations): 0.000955 seconds
influence of links_51_21 on topic_Course_21 is 0.0157142

gibbs sample time: 0.00646 seconds
probability of topic_Staff_45 is 0.486

mode equations: influence compute time (equations): 0.00083 seconds
influence of hasword_utexa_45 on topic_Staff_45 is -0.00532942

gibbs sample time: 0.006246 seconds
probability of topic_Person_15 is 0.504

mode equations: influence compute time (equations): 0.000838 seconds
influence of hasword_modifi_15 on topic_Person_15 is -0.0109447

gibbs sample time: 0.00619 seconds
probability of topic_ResearchProject_34 is 0.551

mode equations: influence compute time (equations): 0.000838 seconds
influence of hasword_man_34 on topic_ResearchProject_34 is 0.0512915

gibbs sample time: 0.006464 seconds
probability of topic_ResearchProject_24 is 0.602

mode equations: influence compute time (equations): 0.00084 seconds
influence of hasword_research_24 on topic_ResearchProject_24 is 0.09944

gibbs sample time: 0.00644 seconds
probability of topic_ResearchProject_13 is 0.531

mode equations: influence compute time (equations): 0.000835 seconds
influence of hasword_develop_13 on topic_ResearchProject_13 is 0.0225598

gibbs sample time: 0.006821 seconds
probability of topic_Department_57 is 0.499

mode equations: influence compute time (equations): 0.000838 seconds
influence of hasword_separ_57 on topic_Department_57 is -0.0014964

gibbs sample time: 0.006137 seconds
probability of topic_Course_8 is 0.625

mode equations: influence compute time (equations): 0.000845 seconds
influence of hasword_implement_8 on topic_Course_8 is 0.110523

gibbs sample time: 0.02224 seconds
probability of topic_Department_21 is 0.48

mode equations: influence compute time (equations): 0.000878 seconds
influence of links_51_21 on topic_Department_21 is 0.0105841

gibbs sample time: 0.006533 seconds
probability of topic_Department_7 is 0.487

mode equations: influence compute time (equations): 0.000829 seconds
influence of hasword_date_7 on topic_Department_7 is -0.019888

gibbs sample time: 0.02535 seconds
probability of topic_ResearchProject_46 is 0.448

mode equations: influence compute time (equations): 0.001054 seconds
influence of links_59_46 on topic_ResearchProject_46 is 0.0143771

gibbs sample time: 0.006114 seconds
probability of topic_Person_17 is 0.29

mode equations: influence compute time (equations): 0.000832 seconds
influence of hasword_materi_17 on topic_Person_17 is -0.224324

gibbs sample time: 0.006092 seconds
probability of topic_Course_62 is 0.436

mode equations: influence compute time (equations): 0.000833 seconds
influence of hasword_length_62 on topic_Course_62 is -0.0633272

gibbs sample time: 0.006213 seconds
probability of topic_Department_60 is 0.457

mode equations: influence compute time (equations): 0.000842 seconds
influence of hasword_mime_60 on topic_Department_60 is -0.0702481

gibbs sample time: 0.025394 seconds
probability of topic_Department_47 is 0.347

mode equations: influence compute time (equations): 0.000885 seconds
influence of rl on topic_Department_47 is 0.117056

gibbs sample time: 0.009078 seconds
probability of topic_Course_44 is 0.292

mode equations: influence compute time (equations): 0.000836 seconds
influence of hasword_call_44 on topic_Course_44 is -0.108319

gibbs sample time: 0.006672 seconds
probability of topic_Student_42 is 0.576

mode equations: influence compute time (equations): 0.000833 seconds
influence of hasword_scienc_42 on topic_Student_42 is 0.101372

gibbs sample time: 0.00636 seconds
probability of topic_Department_20 is 0.462

mode equations: influence compute time (equations): 0.000841 seconds
influence of hasword_date_20 on topic_Department_20 is -0.0197865

gibbs sample time: 0.024564 seconds
probability of topic_Course_12 is 0.638

mode equations: influence compute time (equations): 0.000928 seconds
influence of links_47_12 on topic_Course_12 is 0.00655516

gibbs sample time: 0.006655 seconds
probability of topic_Course_14 is 0.533

mode equations: influence compute time (equations): 0.001018 seconds
influence of hasword_scienc_14 on topic_Course_14 is 0.0238187

gibbs sample time: 0.006085 seconds
probability of topic_Person_36 is 0.564

mode equations: influence compute time (equations): 0.000839 seconds
influence of hasword_system_36 on topic_Person_36 is 0.0627387

gibbs sample time: 0.006416 seconds
probability of topic_Student_31 is 0.483

mode equations: influence compute time (equations): 0.000848 seconds
influence of hasword_sequenc_31 on topic_Student_31 is -0.0253656

gibbs sample time: 0.006193 seconds
probability of topic_Faculty_27 is 0.521

mode equations: influence compute time (equations): 0.000844 seconds
influence of hasword_jan_27 on topic_Faculty_27 is -0.0101675

gibbs sample time: 0.006108 seconds
probability of topic_Person_57 is 0.476

mode equations: influence compute time (equations): 0.000838 seconds
influence of hasword_separ_57 on topic_Person_57 is -0.0230317

gibbs sample time: 0.006264 seconds
probability of topic_Person_13 is 0.525

mode equations: influence compute time (equations): 0.000847 seconds
influence of hasword_develop_13 on topic_Person_13 is 0.0130273

gibbs sample time: 0.020047 seconds
probability of topic_Staff_39 is 0.69

mode equations: influence compute time (equations): 0.000875 seconds
influence of rl on topic_Staff_39 is -0.108359

gibbs sample time: 0.019767 seconds
probability of topic_Course_39 is 0.648

mode equations: influence compute time (equations): 0.000872 seconds
influence of links_61_39 on topic_Course_39 is 0.0181785

gibbs sample time: 0.00613 seconds
probability of topic_Student_48 is 0.45

mode equations: influence compute time (equations): 0.000832 seconds
influence of hasword_apr_48 on topic_Student_48 is -0.0406004

gibbs sample time: 0.006371 seconds
probability of topic_Faculty_57 is 0.455

mode equations: influence compute time (equations): 0.000843 seconds
influence of hasword_separ_57 on topic_Faculty_57 is -0.00922775

gibbs sample time: 0.006406 seconds
probability of topic_Student_14 is 0.582

mode equations: influence compute time (equations): 0.000841 seconds
influence of hasword_scienc_14 on topic_Student_14 is 0.100979

gibbs sample time: 0.022802 seconds
probability of topic_Student_61 is 0.402

mode equations: influence compute time (equations): 0.000878 seconds
influence of links_61_39 on topic_Student_61 is -0.00901387

gibbs sample time: 0.006078 seconds
probability of topic_Staff_57 is 0.494

mode equations: influence compute time (equations): 0.000832 seconds
influence of hasword_separ_57 on topic_Staff_57 is -0.0201663

gibbs sample time: 0.006157 seconds
probability of topic_Staff_54 is 0.486

mode equations: influence compute time (equations): 0.000841 seconds
influence of hasword_syllabu_54 on topic_Staff_54 is -0.00290182

gibbs sample time: 0.028593 seconds
probability of topic_Person_46 is 0.479

mode equations: influence compute time (equations): 0.000889 seconds
influence of links_46_59 on topic_Person_46 is -0.0151258

gibbs sample time: 0.006506 seconds
probability of topic_ResearchProject_32 is 0.645

mode equations: influence compute time (equations): 0.000839 seconds
influence of hasword_softwar_32 on topic_ResearchProject_32 is 0.143514

gibbs sample time: 0.021308 seconds
probability of topic_Faculty_43 is 0.46

mode equations: influence compute time (equations): 0.000883 seconds
influence of links_43_40 on topic_Faculty_43 is -0.015903

gibbs sample time: 0.005733 seconds
probability of topic_Staff_18 is 0.419

mode equations: influence compute time (equations): 0.000839 seconds
influence of hasword_html_18 on topic_Staff_18 is -0.0752041

gibbs sample time: 0.005777 seconds
probability of topic_Staff_1 is 0.544

mode equations: influence compute time (equations): 0.000833 seconds
influence of hasword_model_1 on topic_Staff_1 is 0.0216229

gibbs sample time: 0.006627 seconds
probability of topic_Department_14 is 0.416

mode equations: influence compute time (equations): 0.000847 seconds
influence of hasword_scienc_14 on topic_Department_14 is -0.0863904

gibbs sample time: 0.006181 seconds
probability of topic_ResearchProject_23 is 0.46

mode equations: influence compute time (equations): 0.00084 seconds
influence of hasword_texa_23 on topic_ResearchProject_23 is -0.0328969

gibbs sample time: 0.021282 seconds
probability of topic_Student_40 is 0.634

mode equations: influence compute time (equations): 0.000878 seconds
influence of links_43_40 on topic_Student_40 is 0.0128271

gibbs sample time: 0.00653 seconds
probability of topic_Department_55 is 0.393

mode equations: influence compute time (equations): 0.000837 seconds
influence of hasword_modifi_55 on topic_Department_55 is -0.0996397

gibbs sample time: 0.005725 seconds
probability of topic_Staff_50 is 0.464

mode equations: influence compute time (equations): 0.000835 seconds
influence of hasword_art_50 on topic_Staff_50 is -0.0298621

gibbs sample time: 0.005762 seconds
probability of topic_Course_34 is 0.495

mode equations: influence compute time (equations): 0.000841 seconds
influence of hasword_man_34 on topic_Course_34 is -0.0101274

gibbs sample time: 0.019762 seconds
probability of topic_Course_19 is 0.699

mode equations: influence compute time (equations): 0.000873 seconds
influence of links_33_19 on topic_Course_19 is 0.0107018

gibbs sample time: 0.006404 seconds
probability of topic_Faculty_44 is 0.489

mode equations: influence compute time (equations): 0.000834 seconds
influence of hasword_formal_44 on topic_Faculty_44 is -0.0197273

gibbs sample time: 0.006582 seconds
probability of topic_ResearchProject_15 is 0.48

mode equations: influence compute time (equations): 0.000839 seconds
influence of hasword_modifi_15 on topic_ResearchProject_15 is -0.0259554

gibbs sample time: 0.006499 seconds
probability of topic_Department_17 is 0.572

mode equations: influence compute time (equations): 0.000841 seconds
influence of hasword_materi_17 on topic_Department_17 is 0.0716716

gibbs sample time: 0.028994 seconds
probability of topic_Course_59 is 0.451

mode equations: influence compute time (equations): 0.000883 seconds
influence of links_46_59 on topic_Course_59 is 0.0166019

gibbs sample time: 0.00614 seconds
probability of topic_Staff_32 is 0.61

mode equations: influence compute time (equations): 0.000844 seconds
influence of hasword_softwar_32 on topic_Staff_32 is 0.0910898

gibbs sample time: 0.006133 seconds
probability of topic_Faculty_3 is 0.534

mode equations: influence compute time (equations): 0.000833 seconds
influence of hasword_algorithm_3 on topic_Faculty_3 is 0.0410438

gibbs sample time: 0.006125 seconds
probability of topic_Student_11 is 0.07

mode equations: influence compute time (equations): 0.000843 seconds
influence of hasword_dec_11 on topic_Student_11 is -0.185704

gibbs sample time: 0.006691 seconds
probability of topic_ResearchProject_4 is 0.491

mode equations: influence compute time (equations): 0.000848 seconds
influence of hasword_represent_4 on topic_ResearchProject_4 is -0.0204221

gibbs sample time: 0.006266 seconds
probability of topic_ResearchProject_5 is 0.416

mode equations: influence compute time (equations): 0.000841 seconds
influence of hasword_html_5 on topic_ResearchProject_5 is -0.0745272

gibbs sample time: 0.00614 seconds
probability of topic_Faculty_58 is 0.493

mode equations: influence compute time (equations): 0.000837 seconds
influence of hasword_jan_58 on topic_Faculty_58 is -0.0101834

gibbs sample time: 0.019883 seconds
probability of topic_Person_40 is 0.618

mode equations: influence compute time (equations): 0.000875 seconds
influence of links_43_40 on topic_Person_40 is 0.0142783

gibbs sample time: 0.006404 seconds
probability of topic_Faculty_56 is 0.593

mode equations: influence compute time (equations): 0.000846 seconds
influence of hasword_includ_56 on topic_Faculty_56 is 0.0699527

gibbs sample time: 0.005724 seconds
probability of topic_Staff_10 is 0.58

mode equations: influence compute time (equations): 0.000887 seconds
influence of hasword_jan_10 on topic_Staff_10 is 0.0748105

gibbs sample time: 0.006428 seconds
probability of topic_Student_57 is 0.492

mode equations: influence compute time (equations): 0.000843 seconds
influence of hasword_separ_57 on topic_Student_57 is -0.012884

gibbs sample time: 0.00575 seconds
probability of topic_Staff_30 is 0.506

mode equations: influence compute time (equations): 0.000843 seconds
influence of hasword_tree_30 on topic_Staff_30 is 0.00115304

gibbs sample time: 0.005741 seconds
probability of topic_Staff_63 is 0.606

mode equations: influence compute time (equations): 0.000843 seconds
influence of hasword_jan_63 on topic_Staff_63 is 0.0733254

gibbs sample time: 0.006815 seconds
probability of topic_Department_64 is 0.516

mode equations: influence compute time (equations): 0.000841 seconds
influence of hasword_laboratori_64 on topic_Department_64 is -0.0152824

gibbs sample time: 0.020747 seconds
probability of topic_Staff_19 is 0.495

mode equations: influence compute time (equations): 0.000873 seconds
influence of links_33_19 on topic_Staff_19 is 0.0161634

gibbs sample time: 0.006016 seconds
probability of topic_Staff_2 is 0.745

mode equations: influence compute time (equations): 0.000837 seconds
influence of hasword_phone_2 on topic_Staff_2 is 0.188558

gibbs sample time: 0.006252 seconds
probability of topic_Department_10 is 0.641

mode equations: influence compute time (equations): 0.000835 seconds
influence of hasword_jan_10 on topic_Department_10 is 0.141869

gibbs sample time: 0.006146 seconds
probability of topic_Student_50 is 0.603

mode equations: influence compute time (equations): 0.000842 seconds
influence of hasword_art_50 on topic_Student_50 is 0.100796

gibbs sample time: 0.021766 seconds
probability of topic_Department_43 is 0.388

mode equations: influence compute time (equations): 0.000943 seconds
influence of links_43_40 on topic_Department_43 is -0.0171658

gibbs sample time: 0.009827 seconds
probability of topic_Person_26 is 0.599

mode equations: influence compute time (equations): 0.000841 seconds
influence of r1202 on topic_Person_26 is 0.240199

gibbs sample time: 0.009653 seconds
probability of topic_Course_26 is 0.535

mode equations: influence compute time (equations): 0.000839 seconds
influence of hasword_specif_26 on topic_Course_26 is 0.016524

gibbs sample time: 0.006507 seconds
probability of topic_ResearchProject_27 is 0.459

mode equations: influence compute time (equations): 0.000851 seconds
influence of hasword_jan_27 on topic_ResearchProject_27 is -0.0371195

gibbs sample time: 0.006194 seconds
probability of topic_Student_49 is 0.684

mode equations: influence compute time (equations): 0.000843 seconds
influence of hasword_home_49 on topic_Student_49 is 0.184194

gibbs sample time: 0.019769 seconds
probability of topic_Course_61 is 0.318

mode equations: influence compute time (equations): 0.00088 seconds
influence of links_61_39 on topic_Course_61 is -0.015745

gibbs sample time: 0.022596 seconds
probability of topic_ResearchProject_39 is 0.602

mode equations: influence compute time (equations): 0.00088 seconds
influence of links_61_39 on topic_ResearchProject_39 is 0.00868455

gibbs sample time: 0.006205 seconds
probability of topic_Course_24 is 0.404

mode equations: influence compute time (equations): 0.000839 seconds
influence of hasword_research_24 on topic_Course_24 is -0.0779141

gibbs sample time: 0.006173 seconds
probability of topic_Faculty_28 is 0.431

mode equations: influence compute time (equations): 0.000838 seconds
influence of hasword_gmt_28 on topic_Faculty_28 is -0.0793314

gibbs sample time: 0.006393 seconds
probability of topic_Staff_41 is 0.452

mode equations: influence compute time (equations): 0.000843 seconds
influence of hasword_interest_41 on topic_Staff_41 is -0.0384806

gibbs sample time: 0.006627 seconds
probability of topic_Department_56 is 0.605

mode equations: influence compute time (equations): 0.000846 seconds
influence of hasword_includ_56 on topic_Department_56 is 0.0983824

gibbs sample time: 0.006687 seconds
probability of topic_Faculty_62 is 0.442

mode equations: influence compute time (equations): 0.000842 seconds
influence of hasword_length_62 on topic_Faculty_62 is -0.0679739

gibbs sample time: 0.006173 seconds
probability of topic_ResearchProject_60 is 0.49

mode equations: influence compute time (equations): 0.000846 seconds
influence of hasword_mime_60 on topic_ResearchProject_60 is -0.00931017

gibbs sample time: 0.006167 seconds
probability of topic_Student_53 is 0.528

mode equations: influence compute time (equations): 0.000847 seconds
influence of hasword_date_53 on topic_Student_53 is -0.00604416

gibbs sample time: 0.005776 seconds
probability of topic_Person_28 is 0.496

mode equations: influence compute time (equations): 0.000846 seconds
influence of hasword_gmt_28 on topic_Person_28 is -0.0018205

gibbs sample time: 0.006365 seconds
probability of topic_Student_10 is 0.523

mode equations: influence compute time (equations): 0.000866 seconds
influence of hasword_jan_10 on topic_Student_10 is 0.0245511

gibbs sample time: 0.021576 seconds
probability of topic_Faculty_39 is 0.409

mode equations: influence compute time (equations): 0.000887 seconds
influence of links_61_39 on topic_Faculty_39 is 0.00937833

gibbs sample time: 0.019656 seconds
probability of topic_Course_40 is 0.548

mode equations: influence compute time (equations): 0.000878 seconds
influence of links_43_40 on topic_Course_40 is 0.0169876

gibbs sample time: 0.00599 seconds
probability of topic_Course_28 is 0.451

mode equations: influence compute time (equations): 0.000834 seconds
influence of hasword_gmt_28 on topic_Course_28 is -0.0744612

gibbs sample time: 0.006132 seconds
probability of topic_Faculty_18 is 0.381

mode equations: influence compute time (equations): 0.000838 seconds
influence of hasword_html_18 on topic_Faculty_18 is -0.108086

gibbs sample time: 0.00608 seconds
probability of topic_Course_41 is 0.419

mode equations: influence compute time (equations): 0.000848 seconds
influence of hasword_interest_41 on topic_Course_41 is -0.0938099

gibbs sample time: 0.006187 seconds
probability of topic_ResearchProject_53 is 0.439

mode equations: influence compute time (equations): 0.000997 seconds
influence of hasword_date_53 on topic_ResearchProject_53 is -0.0564607

gibbs sample time: 0.006228 seconds
probability of topic_Department_6 is 0.453

mode equations: influence compute time (equations): 0.000852 seconds
influence of hasword_date_6 on topic_Department_6 is -0.0197256

gibbs sample time: 0.022186 seconds
probability of topic_Faculty_33 is 0.42

mode equations: influence compute time (equations): 0.000884 seconds
influence of links_33_19 on topic_Faculty_33 is -0.0132342

gibbs sample time: 0.008961 seconds
probability of topic_Staff_9 is 0.442

mode equations: influence compute time (equations): 0.000987 seconds
influence of r4004 on topic_Staff_9 is 0.246636

gibbs sample time: 0.029879 seconds
probability of topic_Student_59 is 0.437

mode equations: influence compute time (equations): 0.000901 seconds
influence of hasword_type_46 on topic_Student_59 is 0.00068425

gibbs sample time: 0.006971 seconds
probability of topic_Student_56 is 0.308

mode equations: influence compute time (equations): 0.000843 seconds
influence of hasword_includ_56 on topic_Student_56 is -0.157658

gibbs sample time: 0.006268 seconds
probability of topic_Department_27 is 0.665

mode equations: influence compute time (equations): 0.000855 seconds
influence of hasword_jan_27 on topic_Department_27 is 0.137342

gibbs sample time: 0.021415 seconds
probability of topic_Student_43 is 0.542

mode equations: influence compute time (equations): 0.00089 seconds
influence of links_43_40 on topic_Student_43 is -0.0175335

gibbs sample time: 0.006579 seconds
probability of topic_Faculty_42 is 0.646

mode equations: influence compute time (equations): 0.000886 seconds
influence of hasword_scienc_42 on topic_Faculty_42 is 0.121562

gibbs sample time: 0.022505 seconds
probability of topic_Faculty_19 is 0.506

mode equations: influence compute time (equations): 0.00088 seconds
influence of links_33_19 on topic_Faculty_19 is 0.0155605

gibbs sample time: 0.006407 seconds
probability of topic_Student_27 is 0.526

mode equations: influence compute time (equations): 0.000845 seconds
influence of hasword_jan_27 on topic_Student_27 is 0.0245366

gibbs sample time: 0.006153 seconds
probability of topic_Faculty_8 is 0.483

mode equations: influence compute time (equations): 0.000837 seconds
influence of hasword_implement_8 on topic_Faculty_8 is -0.0321293

gibbs sample time: 0.006596 seconds
probability of topic_Department_24 is 0.637

mode equations: influence compute time (equations): 0.000996 seconds
influence of hasword_research_24 on topic_Department_24 is 0.124941

gibbs sample time: 0.006297 seconds
probability of topic_Staff_55 is 0.382

mode equations: influence compute time (equations): 0.000844 seconds
influence of hasword_modifi_55 on topic_Staff_55 is -0.102784

gibbs sample time: 0.020165 seconds
probability of topic_Person_22 is 0.399

mode equations: influence compute time (equations): 0.000906 seconds
influence of links_22_35 on topic_Person_22 is -0.0141701

gibbs sample time: 0.019742 seconds
probability of topic_Course_33 is 0.538

mode equations: influence compute time (equations): 0.000882 seconds
influence of links_33_19 on topic_Course_33 is -0.0189263

gibbs sample time: 0.009578 seconds
probability of topic_Faculty_9 is 0.468

mode equations: influence compute time (equations): 0.000922 seconds
influence of hasword_servic_9 on topic_Faculty_9 is -0.0209045

gibbs sample time: 0.006252 seconds
probability of topic_Person_7 is 0.499

mode equations: influence compute time (equations): 0.000925 seconds
influence of hasword_date_7 on topic_Person_7 is -0.00182061

gibbs sample time: 0.007367 seconds
probability of topic_ResearchProject_41 is 0.361

mode equations: influence compute time (equations): 0.000923 seconds
influence of hasword_interest_41 on topic_ResearchProject_41 is -0.113065

gibbs sample time: 0.007107 seconds
probability of topic_Staff_29 is 0.549

mode equations: influence compute time (equations): 0.000946 seconds
influence of hasword_depart_29 on topic_Staff_29 is 0.0534017

gibbs sample time: 0.020726 seconds
probability of topic_Course_22 is 0.556

mode equations: influence compute time (equations): 0.000981 seconds
influence of links_22_35 on topic_Course_22 is -0.0172083

gibbs sample time: 0.006042 seconds
probability of topic_Student_7 is 0.489

mode equations: influence compute time (equations): 0.000837 seconds
influence of hasword_date_7 on topic_Student_7 is -0.00606024

gibbs sample time: 0.006095 seconds
probability of topic_Course_45 is 0.481

mode equations: influence compute time (equations): 0.000838 seconds
influence of hasword_utexa_45 on topic_Course_45 is -5.72245e-05

gibbs sample time: 0.021211 seconds
probability of topic_Department_40 is 0.63

mode equations: influence compute time (equations): 0.00088 seconds
influence of links_43_40 on topic_Department_40 is 0.0157091

gibbs sample time: 0.006785 seconds
probability of topic_ResearchProject_55 is 0.477

mode equations: influence compute time (equations): 0.000839 seconds
influence of hasword_modifi_55 on topic_ResearchProject_55 is -0.025942

gibbs sample time: 0.006297 seconds
probability of topic_ResearchProject_18 is 0.428

mode equations: influence compute time (equations): 0.000839 seconds
influence of hasword_html_18 on topic_ResearchProject_18 is -0.0751015

gibbs sample time: 0.00612 seconds
probability of topic_Person_56 is 0.38

mode equations: influence compute time (equations): 0.000855 seconds
influence of hasword_includ_56 on topic_Person_56 is -0.102909

gibbs sample time: 0.021717 seconds
probability of topic_Faculty_22 is 0.344

mode equations: influence compute time (equations): 0.000881 seconds
influence of links_22_35 on topic_Faculty_22 is -0.0158961

gibbs sample time: 0.006228 seconds
probability of topic_ResearchProject_20 is 0.45

mode equations: influence compute time (equations): 0.000839 seconds
influence of hasword_date_20 on topic_ResearchProject_20 is -0.0567406

gibbs sample time: 0.006084 seconds
probability of topic_Person_55 is 0.468

mode equations: influence compute time (equations): 0.000846 seconds
influence of hasword_modifi_55 on topic_Person_55 is -0.0109006

gibbs sample time: 0.021809 seconds
probability of topic_ResearchProject_35 is 0.559

mode equations: influence compute time (equations): 0.000882 seconds
influence of links_22_35 on topic_ResearchProject_35 is 0.0105378

gibbs sample time: 0.021417 seconds
probability of topic_Student_21 is 0.473

mode equations: influence compute time (equations): 0.00088 seconds
influence of links_51_21 on topic_Student_21 is 0.0133758

gibbs sample time: 0.020299 seconds
probability of topic_Person_39 is 0.44

mode equations: influence compute time (equations): 0.00088 seconds
influence of rl on topic_Person_39 is -0.120893

gibbs sample time: 0.006239 seconds
probability of topic_Student_25 is 0.51

mode equations: influence compute time (equations): 0.000845 seconds
influence of hasword_jan_25 on topic_Student_25 is 0.0245933

gibbs sample time: 0.005725 seconds
probability of topic_Staff_27 is 0.608

mode equations: influence compute time (equations): 0.000839 seconds
influence of hasword_jan_27 on topic_Staff_27 is 0.0731939

gibbs sample time: 0.006132 seconds
probability of topic_Person_25 is 0.536

mode equations: influence compute time (equations): 0.000848 seconds
influence of hasword_jan_25 on topic_Person_25 is 0.00594102

gibbs sample time: 0.005995 seconds
probability of topic_Person_20 is 0.479

mode equations: influence compute time (equations): 0.000849 seconds
influence of hasword_date_20 on topic_Person_20 is -0.00181741

gibbs sample time: 0.021599 seconds
probability of topic_Faculty_35 is 0.599

mode equations: influence compute time (equations): 0.000888 seconds
influence of links_22_35 on topic_Faculty_35 is 0.0170914

gibbs sample time: 0.005865 seconds
probability of topic_Staff_28 is 0.425

mode equations: influence compute time (equations): 0.00084 seconds
influence of hasword_gmt_28 on topic_Staff_28 is -0.0511545

gibbs sample time: 0.010178 seconds
probability of topic_Department_9 is 0.578

mode equations: influence compute time (equations): 0.000894 seconds
influence of hasword_facil_9 on topic_Department_9 is 0.0541625

gibbs sample time: 0.021743 seconds
probability of topic_Staff_33 is 0.48

mode equations: influence compute time (equations): 0.000931 seconds
influence of links_33_19 on topic_Staff_33 is -0.0147981

gibbs sample time: 0.006121 seconds
probability of topic_Person_65 is 0.532

mode equations: influence compute time (equations): 0.000891 seconds
influence of hasword_high_65 on topic_Person_65 is 0.024328

gibbs sample time: 0.006941 seconds
probability of topic_Staff_3 is 0.444

mode equations: influence compute time (equations): 0.000895 seconds
influence of hasword_algorithm_3 on topic_Staff_3 is -0.0336392

gibbs sample time: 0.006583 seconds
probability of topic_Faculty_49 is 0.476

mode equations: influence compute time (equations): 0.000896 seconds
influence of hasword_home_49 on topic_Faculty_49 is -0.028368

gibbs sample time: 0.006393 seconds
probability of topic_Person_27 is 0.502

mode equations: influence compute time (equations): 0.000897 seconds
influence of hasword_jan_27 on topic_Person_27 is 0.00597188

gibbs sample time: 0.005776 seconds
probability of topic_Course_25 is 0.439

mode equations: influence compute time (equations): 0.000871 seconds
influence of hasword_jan_25 on topic_Course_25 is -0.0231281

gibbs sample time: 0.005794 seconds
probability of topic_Course_30 is 0.588

mode equations: influence compute time (equations): 0.000992 seconds
influence of hasword_tree_30 on topic_Course_30 is 0.0750461

gibbs sample time: 0.006461 seconds
probability of topic_Faculty_29 is 0.662

mode equations: influence compute time (equations): 0.000859 seconds
influence of hasword_depart_29 on topic_Faculty_29 is 0.150442

gibbs sample time: 0.010023 seconds
probability of topic_ResearchProject_47 is 0.397

mode equations: influence compute time (equations): 0.000856 seconds
influence of r86 on topic_ResearchProject_47 is 0.239391

gibbs sample time: 0.006431 seconds
probability of topic_Faculty_41 is 0.707

mode equations: influence compute time (equations): 0.000851 seconds
influence of hasword_interest_41 on topic_Faculty_41 is 0.16967

gibbs sample time: 0.009662 seconds
probability of topic_Faculty_26 is 0.578

mode equations: influence compute time (equations): 0.000859 seconds
influence of hasword_specif_26 on topic_Faculty_26 is 0.099906

gibbs sample time: 0.00619 seconds
probability of topic_Staff_36 is 0.511

mode equations: influence compute time (equations): 0.000853 seconds
influence of hasword_system_36 on topic_Staff_36 is 0.0170129

gibbs sample time: 0.005752 seconds
probability of topic_Staff_52 is 0.522

mode equations: influence compute time (equations): 0.000853 seconds
influence of hasword_test_52 on topic_Staff_52 is 0.0111642

gibbs sample time: 0.005768 seconds
probability of topic_Person_2 is 0.628

mode equations: influence compute time (equations): 0.000853 seconds
influence of hasword_phone_2 on topic_Person_2 is 0.11535

gibbs sample time: 0.00643 seconds
probability of topic_Student_62 is 0.487

mode equations: influence compute time (equations): 0.000852 seconds
influence of hasword_length_62 on topic_Student_62 is 0.00182125

gibbs sample time: 0.006396 seconds
probability of topic_Course_36 is 0.708

mode equations: influence compute time (equations): 0.000852 seconds
influence of hasword_system_36 on topic_Course_36 is 0.162837

gibbs sample time: 0.006173 seconds
probability of topic_ResearchProject_66 is 0.444

mode equations: influence compute time (equations): 0.000859 seconds
influence of hasword_text_66 on topic_ResearchProject_66 is -0.0617651

gibbs sample time: 0.005743 seconds
probability of topic_Staff_65 is 0.453

mode equations: influence compute time (equations): 0.000852 seconds
influence of hasword_high_65 on topic_Staff_65 is -0.0566943

gibbs sample time: 0.006497 seconds
probability of topic_Department_15 is 0.393

mode equations: influence compute time (equations): 0.000853 seconds
influence of hasword_modifi_15 on topic_Department_15 is -0.0996397

gibbs sample time: 0.006684 seconds
probability of topic_Department_54 is 0.511

mode equations: influence compute time (equations): 0.000923 seconds
influence of hasword_syllabu_54 on topic_Department_54 is -0.00180971

gibbs sample time: 0.025671 seconds
probability of topic_ResearchProject_59 is 0.477

mode equations: influence compute time (equations): 0.000887 seconds
influence of links_59_46 on topic_ResearchProject_59 is -0.0127874

gibbs sample time: 0.019826 seconds
probability of topic_Staff_40 is 0.557

mode equations: influence compute time (equations): 0.000982 seconds
influence of links_43_40 on topic_Staff_40 is 0.0152072

gibbs sample time: 0.006123 seconds
probability of topic_Person_62 is 0.487

mode equations: influence compute time (equations): 0.000844 seconds
influence of hasword_length_62 on topic_Person_62 is -0.0175794

gibbs sample time: 0.005847 seconds
probability of topic_Faculty_1 is 0.519

mode equations: influence compute time (equations): 0.000841 seconds
influence of hasword_model_1 on topic_Faculty_1 is 0.0171268

gibbs sample time: 0.006407 seconds
probability of topic_Student_13 is 0.576

mode equations: influence compute time (equations): 0.000849 seconds
influence of hasword_develop_13 on topic_Student_13 is 0.0396207

gibbs sample time: 0.006394 seconds
probability of topic_Staff_15 is 0.42

mode equations: influence compute time (equations): 0.000856 seconds
influence of hasword_modifi_15 on topic_Staff_15 is -0.10606

gibbs sample time: 0.006183 seconds
probability of topic_ResearchProject_63 is 0.46

mode equations: influence compute time (equations): 0.000852 seconds
influence of hasword_jan_63 on topic_ResearchProject_63 is -0.0371316

gibbs sample time: 0.005775 seconds
probability of topic_Staff_60 is 0.41

mode equations: influence compute time (equations): 0.000902 seconds
influence of hasword_mime_60 on topic_Staff_60 is -0.0852939

gibbs sample time: 0.006387 seconds
probability of topic_Student_28 is 0.478

mode equations: influence compute time (equations): 0.000862 seconds
influence of hasword_gmt_28 on topic_Student_28 is -0.00605144

gibbs sample time: 0.005738 seconds
probability of topic_Person_34 is 0.394

mode equations: influence compute time (equations): 0.000856 seconds
influence of hasword_man_34 on topic_Person_34 is -0.0695472

gibbs sample time: 0.006454 seconds
probability of topic_ResearchProject_29 is 0.376

mode equations: influence compute time (equations): 0.00085 seconds
influence of hasword_depart_29 on topic_ResearchProject_29 is -0.108282

gibbs sample time: 0.006145 seconds
probability of topic_Course_54 is 0.633

mode equations: influence compute time (equations): 0.000959 seconds
influence of hasword_syllabu_54 on topic_Course_54 is 0.0926893

gibbs sample time: 0.006387 seconds
probability of topic_Staff_22 is 0.567

mode equations: influence compute time (equations): 0.000854 seconds
influence of hasword_gener_22 on topic_Staff_22 is 0.0514323

gibbs sample time: 0.029645 seconds
probability of topic_Department_46 is 0.469

mode equations: influence compute time (equations): 0.000896 seconds
influence of links_46_59 on topic_Department_46 is -0.0150541

gibbs sample time: 0.005705 seconds
probability of topic_Staff_7 is 0.431

mode equations: influence compute time (equations): 0.000843 seconds
influence of hasword_date_7 on topic_Staff_7 is -0.0513354

gibbs sample time: 0.006556 seconds
probability of topic_ResearchProject_6 is 0.439

mode equations: influence compute time (equations): 0.000849 seconds
influence of hasword_date_6 on topic_ResearchProject_6 is -0.0564607

gibbs sample time: 0.006127 seconds
probability of topic_Course_13 is 0.466

mode equations: influence compute time (equations): 0.00085 seconds
influence of hasword_develop_13 on topic_Course_13 is -0.0408072

gibbs sample time: 0.006149 seconds
probability of topic_Student_3 is 0.439

mode equations: influence compute time (equations): 0.00085 seconds
influence of hasword_algorithm_3 on topic_Student_3 is -0.0597096

gibbs sample time: 0.023375 seconds
probability of topic_Person_12 is 0.447

mode equations: influence compute time (equations): 0.000897 seconds
influence of links_47_12 on topic_Person_12 is 0.015315

gibbs sample time: 0.006695 seconds
probability of topic_Student_64 is 0.474

mode equations: influence compute time (equations): 0.00085 seconds
influence of hasword_laboratori_64 on topic_Student_64 is -0.030166

gibbs sample time: 0.006234 seconds
probability of topic_Course_55 is 0.435

mode equations: influence compute time (equations): 0.000953 seconds
influence of hasword_modifi_55 on topic_Course_55 is -0.0603587

gibbs sample time: 0.005989 seconds
probability of topic_Person_50 is 0.57

mode equations: influence compute time (equations): 0.000859 seconds
influence of hasword_art_50 on topic_Person_50 is 0.0847938

gibbs sample time: 0.006563 seconds
probability of topic_Faculty_7 is 0.414

mode equations: influence compute time (equations): 0.000904 seconds
influence of hasword_date_7 on topic_Faculty_7 is -0.078479

gibbs sample time: 0.006044 seconds
probability of topic_Staff_6 is 0.418

mode equations: influence compute time (equations): 0.000897 seconds
influence of hasword_date_6 on topic_Staff_6 is -0.0509245

gibbs sample time: 0.006856 seconds
probability of topic_Department_4 is 0.478

mode equations: influence compute time (equations): 0.000866 seconds
influence of hasword_represent_4 on topic_Department_4 is -0.0172034

gibbs sample time: 0.006137 seconds
probability of topic_Faculty_30 is 0.499

mode equations: influence compute time (equations): 0.000853 seconds
influence of hasword_tree_30 on topic_Faculty_30 is 0.0190449

gibbs sample time: 0.029935 seconds
probability of topic_Student_46 is 0.471

mode equations: influence compute time (equations): 0.000895 seconds
influence of hasword_type_46 on topic_Student_46 is -0.0124188

gibbs sample time: 0.021557 seconds
probability of topic_ResearchProject_33 is 0.328

mode equations: influence compute time (equations): 0.000888 seconds
influence of links_33_19 on topic_ResearchProject_33 is -0.0129252

gibbs sample time: 0.005774 seconds
probability of topic_Course_2 is 0.458

mode equations: influence compute time (equations): 0.000909 seconds
influence of hasword_phone_2 on topic_Course_2 is -0.0348568

gibbs sample time: 0.006524 seconds
probability of topic_Student_45 is 0.509

mode equations: influence compute time (equations): 0.000844 seconds
influence of hasword_utexa_45 on topic_Student_45 is -0.00400795

gibbs sample time: 0.006538 seconds
probability of topic_ResearchProject_57 is 0.512

mode equations: influence compute time (equations): 0.000853 seconds
influence of hasword_separ_57 on topic_ResearchProject_57 is -0.0109735

gibbs sample time: 0.006122 seconds
probability of topic_Person_29 is 0.626

mode equations: influence compute time (equations): 0.00085 seconds
influence of hasword_depart_29 on topic_Person_29 is 0.110283

gibbs sample time: 0.008962 seconds
probability of topic_Person_9 is 0.377

mode equations: influence compute time (equations): 0.000854 seconds
influence of hasword_servic_9 on topic_Person_9 is -0.0406153

gibbs sample time: 0.006695 seconds
probability of topic_ResearchProject_31 is 0.479

mode equations: influence compute time (equations): 0.000853 seconds
influence of hasword_sequenc_31 on topic_ResearchProject_31 is -0.00496692

gibbs sample time: 0.005702 seconds
probability of topic_Person_6 is 0.523

mode equations: influence compute time (equations): 0.000853 seconds
influence of hasword_date_6 on topic_Person_6 is -0.00181677

gibbs sample time: 0.006117 seconds
probability of topic_Staff_62 is 0.385

mode equations: influence compute time (equations): 0.000854 seconds
influence of hasword_length_62 on topic_Staff_62 is -0.106656

gibbs sample time: 0.019823 seconds
probability of topic_Course_35 is 0.643

mode equations: influence compute time (equations): 0.000884 seconds
influence of links_22_35 on topic_Course_35 is 0.0127471

gibbs sample time: 0.006382 seconds
probability of topic_Faculty_17 is 0.434

mode equations: influence compute time (equations): 0.000844 seconds
influence of hasword_materi_17 on topic_Faculty_17 is -0.0531053

gibbs sample time: 0.006357 seconds
probability of topic_Student_22 is 0.437

mode equations: influence compute time (equations): 0.000845 seconds
influence of hasword_gener_22 on topic_Student_22 is -0.0641014

gibbs sample time: 0.027012 seconds
probability of topic_Staff_59 is 0.519

mode equations: influence compute time (equations): 0.000899 seconds
influence of links_59_46 on topic_Staff_59 is -0.0123904

gibbs sample time: 0.026681 seconds
probability of topic_Staff_46 is 0.434

mode equations: influence compute time (equations): 0.000903 seconds
influence of links_59_46 on topic_Staff_46 is 0.0143694

gibbs sample time: 0.006289 seconds
probability of topic_Student_60 is 0.518

mode equations: influence compute time (equations): 0.000859 seconds
influence of hasword_mime_60 on topic_Student_60 is 0.0268666

gibbs sample time: 0.021305 seconds
probability of topic_Faculty_51 is 0.458

mode equations: influence compute time (equations): 0.000889 seconds
influence of links_51_21 on topic_Faculty_51 is -0.0146788

gibbs sample time: 0.006177 seconds
probability of topic_Person_45 is 0.464

mode equations: influence compute time (equations): 0.000843 seconds
influence of hasword_utexa_45 on topic_Person_45 is -0.0115478

gibbs sample time: 0.006457 seconds
probability of topic_ResearchProject_56 is 0.529

mode equations: influence compute time (equations): 0.000844 seconds
influence of hasword_includ_56 on topic_ResearchProject_56 is 0.0435704

gibbs sample time: 0.006125 seconds
probability of topic_Course_29 is 0.491

mode equations: influence compute time (equations): 0.000857 seconds
influence of hasword_depart_29 on topic_Course_29 is -0.0123263

gibbs sample time: 0.006425 seconds
probability of topic_Student_36 is 0.576

mode equations: influence compute time (equations): 0.000852 seconds
influence of hasword_system_36 on topic_Student_36 is 0.069524

gibbs sample time: 0.00641 seconds
probability of topic_Faculty_55 is 0.451

mode equations: influence compute time (equations): 0.00085 seconds
influence of hasword_modifi_55 on topic_Faculty_55 is -0.069969

gibbs sample time: 0.00652 seconds
probability of topic_Department_31 is 0.499

mode equations: influence compute time (equations): 0.000961 seconds
influence of hasword_sequenc_31 on topic_Department_31 is -0.0219695

gibbs sample time: 0.006497 seconds
probability of topic_Department_62 is 0.492

mode equations: influence compute time (equations): 0.000854 seconds
influence of hasword_length_62 on topic_Department_62 is -0.0179003

gibbs sample time: 0.029785 seconds
probability of topic_Department_59 is 0.547

mode equations: influence compute time (equations): 0.000915 seconds
influence of links_46_59 on topic_Department_59 is 0.0152797

gibbs sample time: 0.020351 seconds
probability of topic_Staff_61 is 0.483

mode equations: influence compute time (equations): 0.000889 seconds
influence of rl on topic_Staff_61 is 0.179404

gibbs sample time: 0.006176 seconds
probability of topic_Faculty_48 is 0.416

mode equations: influence compute time (equations): 0.000843 seconds
influence of hasword_apr_48 on topic_Faculty_48 is -0.0808967

gibbs sample time: 0.006187 seconds
probability of topic_ResearchProject_58 is 0.459

mode equations: influence compute time (equations): 0.000845 seconds
influence of hasword_jan_58 on topic_ResearchProject_58 is -0.0371195

gibbs sample time: 0.005747 seconds
probability of topic_Staff_53 is 0.427

mode equations: influence compute time (equations): 0.000864 seconds
influence of hasword_date_53 on topic_Staff_53 is -0.0512165

gibbs sample time: 0.006272 seconds
probability of topic_Department_52 is 0.456

mode equations: influence compute time (equations): 0.000852 seconds
influence of hasword_test_52 on topic_Department_52 is -0.0473542

gibbs sample time: 0.006192 seconds
probability of topic_ResearchProject_48 is 0.355

mode equations: influence compute time (equations): 0.000864 seconds
influence of hasword_apr_48 on topic_ResearchProject_48 is -0.117109

gibbs sample time: 0.006155 seconds
probability of topic_Faculty_63 is 0.472

mode equations: influence compute time (equations): 0.000865 seconds
influence of hasword_jan_63 on topic_Faculty_63 is -0.0101535

gibbs sample time: 0.006334 seconds
probability of topic_ResearchProject_10 is 0.481

mode equations: influence compute time (equations): 0.000932 seconds
influence of hasword_jan_10 on topic_ResearchProject_10 is -0.0373168

gibbs sample time: 0.006499 seconds
probability of topic_Department_2 is 0.512

mode equations: influence compute time (equations): 0.000863 seconds
influence of hasword_phone_2 on topic_Department_2 is -0.00747339

gibbs sample time: 0.006206 seconds
probability of topic_Student_34 is 0.431

mode equations: influence compute time (equations): 0.000854 seconds
influence of hasword_man_34 on topic_Student_34 is -0.0605422

gibbs sample time: 0.021578 seconds
probability of topic_ResearchProject_40 is 0.419

mode equations: influence compute time (equations): 0.001002 seconds
influence of links_43_40 on topic_ResearchProject_40 is 0.0151967

gibbs sample time: 0.005726 seconds
probability of topic_Course_16 is 0.406

mode equations: influence compute time (equations): 0.000843 seconds
influence of hasword_gmt_16 on topic_Course_16 is -0.072526

gibbs sample time: 0.006364 seconds
probability of topic_Student_66 is 0.489

mode equations: influence compute time (equations): 0.000846 seconds
influence of hasword_text_66 on topic_Student_66 is -0.0122266

gibbs sample time: 0.006206 seconds
probability of topic_Faculty_60 is 0.432

mode equations: influence compute time (equations): 0.000853 seconds
influence of hasword_mime_60 on topic_Faculty_60 is -0.0669643

gibbs sample time: 0.006247 seconds
probability of topic_Student_38 is 0.381

mode equations: influence compute time (equations): 0.000861 seconds
influence of hasword_data_38 on topic_Student_38 is -0.114754

gibbs sample time: 0.020114 seconds
probability of topic_Staff_12 is 0.51

mode equations: influence compute time (equations): 0.00088 seconds
influence of links_47_12 on topic_Staff_12 is 0.0173312

gibbs sample time: 0.008967 seconds
probability of topic_Staff_44 is 0.426

mode equations: influence compute time (equations): 0.00086 seconds
influence of hasword_formal_44 on topic_Staff_44 is -0.00920914

gibbs sample time: 0.006307 seconds
probability of topic_Faculty_53 is 0.431

mode equations: influence compute time (equations): 0.000848 seconds
influence of hasword_date_53 on topic_Faculty_53 is -0.0793314

gibbs sample time: 0.006189 seconds
probability of topic_ResearchProject_65 is 0.533

mode equations: influence compute time (equations): 0.000851 seconds
influence of hasword_high_65 on topic_ResearchProject_65 is 0.0290701

gibbs sample time: 0.006164 seconds
probability of topic_ResearchProject_25 is 0.459

mode equations: influence compute time (equations): 0.000861 seconds
influence of hasword_jan_25 on topic_ResearchProject_25 is -0.0371195

gibbs sample time: 0.006144 seconds
probability of topic_Faculty_11 is 0.33

mode equations: influence compute time (equations): 0.000851 seconds
influence of hasword_dec_11 on topic_Faculty_11 is -0.174425

gibbs sample time: 0.005728 seconds
probability of topic_Staff_49 is 0.45

mode equations: influence compute time (equations): 0.000849 seconds
influence of hasword_home_49 on topic_Staff_49 is -0.0369055

gibbs sample time: 0.021256 seconds
probability of topic_ResearchProject_21 is 0.541

mode equations: influence compute time (equations): 0.000896 seconds
influence of links_51_21 on topic_ResearchProject_21 is 0.0166686

gibbs sample time: 0.021288 seconds
probability of topic_Faculty_21 is 0.48

mode equations: influence compute time (equations): 0.000933 seconds
influence of links_51_21 on topic_Faculty_21 is 0.0152955

gibbs sample time: 0.006165 seconds
probability of topic_Course_11 is 0.356

mode equations: influence compute time (equations): 0.000894 seconds
influence of hasword_dec_11 on topic_Course_11 is -0.18195

gibbs sample time: 0.010202 seconds
probability of topic_Student_44 is 0.471

mode equations: influence compute time (equations): 0.000854 seconds
influence of r1159 on topic_Student_44 is 0.249159

gibbs sample time: 0.006053 seconds
probability of topic_Course_50 is 0.419

mode equations: influence compute time (equations): 0.000914 seconds
influence of hasword_art_50 on topic_Course_50 is -0.0713749

gibbs sample time: 0.006848 seconds
probability of topic_Department_29 is 0.702

mode equations: influence compute time (equations): 0.000856 seconds
influence of hasword_depart_29 on topic_Department_29 is 0.169855

gibbs sample time: 0.006013 seconds
probability of topic_Staff_11 is 0.291

mode equations: influence compute time (equations): 0.000855 seconds
influence of hasword_dec_11 on topic_Staff_11 is -0.194792

gibbs sample time: 0.006161 seconds
probability of topic_Faculty_34 is 0.5

mode equations: influence compute time (equations): 0.000848 seconds
influence of hasword_man_34 on topic_Faculty_34 is -0.0119631

gibbs sample time: 0.023426 seconds
probability of topic_Course_47 is 0.738

mode equations: influence compute time (equations): 0.000887 seconds
influence of links_47_12 on topic_Course_47 is -0.0132862

gibbs sample time: 0.005852 seconds
probability of topic_Course_60 is 0.411

mode equations: influence compute time (equations): 0.000842 seconds
influence of hasword_mime_60 on topic_Course_60 is -0.0869134

gibbs sample time: 0.005721 seconds
probability of topic_Course_38 is 0.416

mode equations: influence compute time (equations): 0.000843 seconds
influence of hasword_data_38 on topic_Course_38 is -0.0886189

gibbs sample time: 0.005979 seconds
probability of topic_Person_66 is 0.483

mode equations: influence compute time (equations): 0.000856 seconds
influence of hasword_text_66 on topic_Person_66 is -0.0137459

gibbs sample time: 0.006435 seconds
probability of topic_ResearchProject_64 is 0.492

mode equations: influence compute time (equations): 0.000854 seconds
influence of hasword_laboratori_64 on topic_ResearchProject_64 is -0.0297849

gibbs sample time: 0.02124 seconds
probability of topic_Faculty_40 is 0.573

mode equations: influence compute time (equations): 0.000887 seconds
influence of links_43_40 on topic_Faculty_40 is 0.0154989

gibbs sample time: 0.005768 seconds
probability of topic_Staff_20 is 0.424

mode equations: influence compute time (equations): 0.000844 seconds
influence of hasword_date_20 on topic_Staff_20 is -0.0511229

gibbs sample time: 0.006273 seconds
probability of topic_Department_58 is 0.657

mode equations: influence compute time (equations): 0.000845 seconds
influence of hasword_jan_58 on topic_Department_58 is 0.13893

gibbs sample time: 0.006162 seconds
probability of topic_Faculty_16 is 0.434

mode equations: influence compute time (equations): 0.000854 seconds
influence of hasword_gmt_16 on topic_Faculty_16 is -0.0794624

gibbs sample time: 0.00641 seconds
probability of topic_Faculty_66 is 0.382

mode equations: influence compute time (equations): 0.00086 seconds
influence of hasword_text_66 on topic_Faculty_66 is -0.0939698

gibbs sample time: 0.006205 seconds
probability of topic_ResearchProject_52 is 0.463

mode equations: influence compute time (equations): 0.00085 seconds
influence of hasword_test_52 on topic_ResearchProject_52 is -0.0234207

gibbs sample time: 0.006371 seconds
probability of topic_Staff_13 is 0.467

mode equations: influence compute time (equations): 0.00085 seconds
influence of hasword_develop_13 on topic_Staff_13 is -0.0423455

gibbs sample time: 0.006557 seconds
probability of topic_Department_36 is 0.364

mode equations: influence compute time (equations): 0.000854 seconds
influence of hasword_system_36 on topic_Department_36 is -0.122127

gibbs sample time: 0.006267 seconds
probability of topic_Student_63 is 0.546

mode equations: influence compute time (equations): 0.000856 seconds
influence of hasword_jan_63 on topic_Student_63 is 0.0243949

gibbs sample time: 0.005721 seconds
probability of topic_Course_5 is 0.42

mode equations: influence compute time (equations): 0.000867 seconds
influence of hasword_html_5 on topic_Course_5 is -0.082711

gibbs sample time: 0.006251 seconds
probability of topic_Department_18 is 0.48

mode equations: influence compute time (equations): 0.000895 seconds
influence of hasword_html_18 on topic_Department_18 is -0.0187146

gibbs sample time: 0.006304 seconds
probability of topic_ResearchProject_2 is 0.447

mode equations: influence compute time (equations): 0.000855 seconds
influence of hasword_phone_2 on topic_ResearchProject_2 is -0.0620996

gibbs sample time: 0.005746 seconds
probability of topic_Staff_25 is 0.606

mode equations: influence compute time (equations): 0.000855 seconds
influence of hasword_jan_25 on topic_Staff_25 is 0.0733254

gibbs sample time: 0.009666 seconds
probability of topic_Department_44 is 0.352

mode equations: influence compute time (equations): 0.000865 seconds
influence of hasword_formal_44 on topic_Department_44 is -0.00555434

gibbs sample time: 0.00647 seconds
probability of topic_Student_29 is 0.539

mode equations: influence compute time (equations): 0.000868 seconds
influence of hasword_depart_29 on topic_Student_29 is 0.038466

gibbs sample time: 0.006507 seconds
probability of topic_Person_54 is 0.386

mode equations: influence compute time (equations): 0.000912 seconds
influence of hasword_syllabu_54 on topic_Person_54 is -0.122014

gibbs sample time: 0.006573 seconds
probability of topic_Faculty_20 is 0.443

mode equations: influence compute time (equations): 0.000905 seconds
influence of hasword_date_20 on topic_Faculty_20 is -0.0798205

gibbs sample time: 0.006539 seconds
probability of topic_Staff_56 is 0.503

mode equations: influence compute time (equations): 0.000911 seconds
influence of hasword_includ_56 on topic_Staff_56 is 0.00523244

gibbs sample time: 0.006146 seconds
probability of topic_Course_58 is 0.492

mode equations: influence compute time (equations): 0.000904 seconds
influence of hasword_jan_58 on topic_Course_58 is -0.0234716

gibbs sample time: 0.006551 seconds
probability of topic_Faculty_23 is 0.489

mode equations: influence compute time (equations): 0.000914 seconds
influence of hasword_texa_23 on topic_Faculty_23 is -0.0213153

gibbs sample time: 0.022427 seconds
probability of topic_ResearchProject_43 is 0.444

mode equations: influence compute time (equations): 0.000935 seconds
influence of links_43_40 on topic_ResearchProject_43 is -0.0118091

gibbs sample time: 0.020357 seconds
probability of topic_Person_33 is 0.693

mode equations: influence compute time (equations): 0.000882 seconds
influence of links_33_19 on topic_Person_33 is -0.00864981

gibbs sample time: 0.005872 seconds
probability of topic_Staff_5 is 0.441

mode equations: influence compute time (equations): 0.000845 seconds
influence of hasword_html_5 on topic_Staff_5 is -0.0761556

gibbs sample time: 0.020634 seconds
probability of topic_Person_19 is 0.408

mode equations: influence compute time (equations): 0.000884 seconds
influence of links_33_19 on topic_Person_19 is 0.00821756

gibbs sample time: 0.006422 seconds
probability of topic_Person_42 is 0.673

mode equations: influence compute time (equations): 0.000844 seconds
influence of hasword_scienc_42 on topic_Person_42 is 0.147805

gibbs sample time: 0.006489 seconds
probability of topic_Faculty_13 is 0.545

mode equations: influence compute time (equations): 0.000847 seconds
influence of hasword_develop_13 on topic_Faculty_13 is 0.0458687

gibbs sample time: 0.006159 seconds
probability of topic_Course_32 is 0.396

mode equations: influence compute time (equations): 0.000854 seconds
influence of hasword_softwar_32 on topic_Course_32 is -0.0717354

gibbs sample time: 0.006666 seconds
probability of topic_Department_49 is 0.663

mode equations: influence compute time (equations): 0.000882 seconds
influence of hasword_home_49 on topic_Department_49 is 0.131871

gibbs sample time: 0.009614 seconds
probability of topic_ResearchProject_44 is 0.49

mode equations: influence compute time (equations): 0.000904 seconds
influence of hasword_formal_44 on topic_ResearchProject_44 is -0.0398558

gibbs sample time: 0.006273 seconds
probability of topic_Person_14 is 0.649

mode equations: influence compute time (equations): 0.000854 seconds
influence of hasword_scienc_14 on topic_Person_14 is 0.152995

gibbs sample time: 0.006478 seconds
probability of topic_ResearchProject_42 is 0.531

mode equations: influence compute time (equations): 0.000869 seconds
influence of hasword_scienc_42 on topic_ResearchProject_42 is 0.0104026

gibbs sample time: 0.006098 seconds
probability of topic_Staff_4 is 0.447

mode equations: influence compute time (equations): 0.000853 seconds
influence of hasword_represent_4 on topic_Staff_4 is -0.0312961

gibbs sample time: 0.006203 seconds
probability of topic_Course_15 is 0.462

mode equations: influence compute time (equations): 0.000857 seconds
influence of hasword_modifi_15 on topic_Course_15 is -0.0610416

gibbs sample time: 0.006369 seconds
probability of topic_Staff_64 is 0.518

mode equations: influence compute time (equations): 0.000854 seconds
influence of hasword_laboratori_64 on topic_Staff_64 is 0.00398673

gibbs sample time: 0.005999 seconds
probability of topic_Faculty_5 is 0.4

mode equations: influence compute time (equations): 0.000857 seconds
influence of hasword_html_5 on topic_Faculty_5 is -0.109993

gibbs sample time: 0.006468 seconds
probability of topic_ResearchProject_14 is 0.483

mode equations: influence compute time (equations): 0.000856 seconds
influence of hasword_scienc_14 on topic_ResearchProject_14 is 0.0104306

gibbs sample time: 0.006578 seconds
probability of topic_Department_41 is 0.434

mode equations: influence compute time (equations): 0.000856 seconds
influence of hasword_interest_41 on topic_Department_41 is -0.0749681

gibbs sample time: 0.006487 seconds
probability of topic_Department_8 is 0.49

mode equations: influence compute time (equations): 0.000855 seconds
influence of hasword_implement_8 on topic_Department_8 is -0.02227

gibbs sample time: 0.006536 seconds
probability of topic_Department_63 is 0.667

mode equations: influence compute time (equations): 0.000857 seconds
influence of hasword_jan_63 on topic_Department_63 is 0.136932

gibbs sample time: 0.022685 seconds
probability of topic_Student_39 is 0.339

mode equations: influence compute time (equations): 0.000891 seconds
influence of links_61_39 on topic_Student_39 is 0.0144803

gibbs sample time: 0.021362 seconds
probability of topic_Student_51 is 0.525

mode equations: influence compute time (equations): 0.000895 seconds
influence of links_51_21 on topic_Student_51 is -0.0126827

gibbs sample time: 0.006132 seconds
probability of topic_Student_4 is 0.548

mode equations: influence compute time (equations): 0.000856 seconds
influence of hasword_represent_4 on topic_Student_4 is 0.0337607

gibbs sample time: 0.005726 seconds
probability of topic_Staff_38 is 0.449

mode equations: influence compute time (equations): 0.000848 seconds
influence of hasword_data_38 on topic_Staff_38 is -0.0424987

gibbs sample time: 0.006162 seconds
probability of topic_ResearchProject_50 is 0.503

mode equations: influence compute time (equations): 0.000863 seconds
influence of hasword_art_50 on topic_ResearchProject_50 is -0.0178242

gibbs sample time: 0.022451 seconds
probability of topic_Department_51 is 0.631

mode equations: influence compute time (equations): 0.00089 seconds
influence of links_51_21 on topic_Department_51 is -0.0122877

gibbs sample time: 0.005765 seconds
probability of topic_Course_27 is 0.459

mode equations: influence compute time (equations): 0.000853 seconds
influence of hasword_jan_27 on topic_Course_27 is -0.0233197

gibbs sample time: 0.005684 seconds
probability of topic_Person_11 is 0.057

mode equations: influence compute time (equations): 0.000847 seconds
influence of hasword_dec_11 on topic_Person_11 is -0.150938

gibbs sample time: 0.005766 seconds
probability of topic_Course_48 is 0.483

mode equations: influence compute time (equations): 0.000854 seconds
influence of hasword_apr_48 on topic_Course_48 is 0.0195763

gibbs sample time: 0.010043 seconds
probability of topic_ResearchProject_9 is 0.373

mode equations: influence compute time (equations): 0.00086 seconds
influence of hasword_servic_9 on topic_ResearchProject_9 is -0.0973156

gibbs sample time: 0.006014 seconds
probability of topic_Course_49 is 0.597

mode equations: influence compute time (equations): 0.000855 seconds
influence of hasword_home_49 on topic_Course_49 is 0.0753278

gibbs sample time: 0.006658 seconds
probability of topic_Department_25 is 0.668

mode equations: influence compute time (equations): 0.000912 seconds
influence of hasword_jan_25 on topic_Department_25 is 0.136726

gibbs sample time: 0.019358 seconds
probability of topic_Person_43 is 0.506

mode equations: influence compute time (equations): 0.000886 seconds
influence of links_43_40 on topic_Person_43 is -0.0183149

gibbs sample time: 0.006546 seconds
probability of topic_Department_28 is 0.479

mode equations: influence compute time (equations): 0.000848 seconds
influence of hasword_gmt_28 on topic_Department_28 is -0.0198664

gibbs sample time: 0.006494 seconds
probability of topic_Department_42 is 0.415

mode equations: influence compute time (equations): 0.000849 seconds
influence of hasword_scienc_42 on topic_Department_42 is -0.0863303

gibbs sample time: 0.025677 seconds
probability of topic_Student_12 is 0.498

mode equations: influence compute time (equations): 0.00095 seconds
influence of links_47_12 on topic_Student_12 is 0.0148881

gibbs sample time: 0.006863 seconds
probability of topic_ResearchProject_62 is 0.458

mode equations: influence compute time (equations): 0.000902 seconds
influence of hasword_length_62 on topic_ResearchProject_62 is -0.0288391

gibbs sample time: 0.006546 seconds
probability of topic_Course_17 is 0.763

mode equations: influence compute time (equations): 0.000895 seconds
influence of hasword_materi_17 on topic_Course_17 is 0.208381

gibbs sample time: 0.006848 seconds
probability of topic_Faculty_31 is 0.534

mode equations: influence compute time (equations): 0.000912 seconds
influence of hasword_sequenc_31 on topic_Faculty_31 is 0.0479167

gibbs sample time: 0.006488 seconds
probability of topic_Staff_8 is 0.552

mode equations: influence compute time (equations): 0.000903 seconds
influence of hasword_implement_8 on topic_Staff_8 is 0.0546433

gibbs sample time: 0.006709 seconds
probability of topic_ResearchProject_7 is 0.438

mode equations: influence compute time (equations): 0.000906 seconds
influence of hasword_date_7 on topic_ResearchProject_7 is -0.0564325

gibbs sample time: 0.006857 seconds
probability of topic_ResearchProject_37 is 0.492

mode equations: influence compute time (equations): 0.000853 seconds
influence of hasword_austin_37 on topic_ResearchProject_37 is -0.00636949

gibbs sample time: 0.005878 seconds
probability of topic_Student_2 is 0.446

mode equations: influence compute time (equations): 0.000854 seconds
influence of hasword_phone_2 on topic_Student_2 is -0.074627

gibbs sample time: 0.006187 seconds
probability of topic_Student_65 is 0.524

mode equations: influence compute time (equations): 0.000903 seconds
influence of hasword_high_65 on topic_Student_65 is 0.0416615

gibbs sample time: 0.006188 seconds
probability of topic_Person_24 is 0.494

mode equations: influence compute time (equations): 0.000856 seconds
influence of hasword_research_24 on topic_Person_24 is -0.0117991

gibbs sample time: 0.006141 seconds
probability of topic_Faculty_10 is 0.479

mode equations: influence compute time (equations): 0.000859 seconds
influence of hasword_jan_10 on topic_Faculty_10 is -0.0101675

gibbs sample time: 0.006226 seconds
probability of topic_ResearchProject_38 is 0.576

mode equations: influence compute time (equations): 0.001029 seconds
influence of hasword_data_38 on topic_ResearchProject_38 is 0.0405891

gibbs sample time: 0.021885 seconds
probability of topic_Department_22 is 0.712

mode equations: influence compute time (equations): 0.000891 seconds
influence of links_22_35 on topic_Department_22 is -0.0117325

gibbs sample time: 0.006663 seconds
probability of topic_Faculty_45 is 0.504

mode equations: influence compute time (equations): 0.000846 seconds
influence of hasword_utexa_45 on topic_Faculty_45 is -8.82074e-05

gibbs sample time: 0.006241 seconds
probability of topic_Department_30 is 0.507

mode equations: influence compute time (equations): 0.000847 seconds
influence of hasword_tree_30 on topic_Department_30 is -0.0042027

gibbs sample time: 0.006528 seconds
probability of topic_ResearchProject_36 is 0.395

mode equations: influence compute time (equations): 0.000906 seconds
influence of hasword_system_36 on topic_ResearchProject_36 is -0.093563

gibbs sample time: 0.006392 seconds
probability of topic_Course_4 is 0.494

mode equations: influence compute time (equations): 0.000855 seconds
influence of hasword_represent_4 on topic_Course_4 is -0.0247678

gibbs sample time: 0.006235 seconds
probability of topic_Department_34 is 0.485

mode equations: influence compute time (equations): 0.001003 seconds
influence of hasword_man_34 on topic_Department_34 is -0.0104817

gibbs sample time: 0.006504 seconds
probability of topic_Department_37 is 0.464

mode equations: influence compute time (equations): 0.000853 seconds
influence of hasword_austin_37 on topic_Department_37 is -0.0516707

gibbs sample time: 0.006522 seconds
probability of topic_Staff_17 is 0.462

mode equations: influence compute time (equations): 0.000946 seconds
influence of hasword_materi_17 on topic_Staff_17 is -0.0443489

gibbs sample time: 0.010077 seconds
probability of topic_Department_26 is 0.607

mode equations: influence compute time (equations): 0.000865 seconds
influence of hasword_prototyp_26 on topic_Department_26 is -0.00193632

gibbs sample time: 0.006766 seconds
probability of topic_Department_45 is 0.484

mode equations: influence compute time (equations): 0.000856 seconds
influence of hasword_utexa_45 on topic_Department_45 is -0.00146777

gibbs sample time: 0.005753 seconds
probability of topic_Faculty_6 is 0.449

mode equations: influence compute time (equations): 0.000866 seconds
influence of hasword_date_6 on topic_Faculty_6 is -0.0800301

gibbs sample time: 0.006483 seconds
probability of topic_ResearchProject_17 is 0.492

mode equations: influence compute time (equations): 0.000859 seconds
influence of hasword_materi_17 on topic_ResearchProject_17 is -0.0206251

gibbs sample time: 0.006394 seconds
probability of topic_Person_32 is 0.485

mode equations: influence compute time (equations): 0.000858 seconds
influence of hasword_softwar_32 on topic_Person_32 is -0.0188663

gibbs sample time: 0.009139 seconds
probability of topic_Staff_26 is 0.434

mode equations: influence compute time (equations): 0.000861 seconds
influence of hasword_prototyp_26 on topic_Staff_26 is 0.0134052

gibbs sample time: 0.006108 seconds
probability of topic_Course_66 is 0.404

mode equations: influence compute time (equations): 0.000861 seconds
influence of hasword_text_66 on topic_Course_66 is -0.0780518

gibbs sample time: 0.006243 seconds
probability of topic_Department_66 is 0.457

mode equations: influence compute time (equations): 0.00086 seconds
influence of hasword_text_66 on topic_Department_66 is -0.0227409

gibbs sample time: 0.021529 seconds
probability of topic_Faculty_61 is 0.637

mode equations: influence compute time (equations): 0.000905 seconds
influence of links_61_39 on topic_Faculty_61 is -0.0109777

gibbs sample time: 0.019912 seconds
probability of topic_Person_35 is 0.493

mode equations: influence compute time (equations): 0.000886 seconds
influence of links_22_35 on topic_Person_35 is 0.0175427

gibbs sample time: 0.021111 seconds
probability of topic_ResearchProject_51 is 0.455

mode equations: influence compute time (equations): 0.000897 seconds
influence of links_51_21 on topic_ResearchProject_51 is -0.0160995

gibbs sample time: 0.005762 seconds
probability of topic_Student_6 is 0.487

mode equations: influence compute time (equations): 0.000853 seconds
influence of hasword_date_6 on topic_Student_6 is -0.00605908

gibbs sample time: 0.006544 seconds
probability of topic_Student_55 is 0.503

mode equations: influence compute time (equations): 0.00085 seconds
influence of hasword_modifi_55 on topic_Student_55 is 0.00726026

gibbs sample time: 0.006131 seconds
probability of topic_Person_8 is 0.562

mode equations: influence compute time (equations): 0.000856 seconds
influence of hasword_implement_8 on topic_Person_8 is 0.0491379

gibbs sample time: 0.006122 seconds
probability of topic_Course_37 is 0.511

mode equations: influence compute time (equations): 0.000861 seconds
influence of hasword_austin_37 on topic_Course_37 is -0.00160701

gibbs sample time: 0.006136 seconds
probability of topic_Staff_24 is 0.642

mode equations: influence compute time (equations): 0.000853 seconds
influence of hasword_research_24 on topic_Staff_24 is 0.129532

gibbs sample time: 0.006121 seconds
probability of topic_Person_37 is 0.475

mode equations: influence compute time (equations): 0.000853 seconds
influence of hasword_austin_37 on topic_Person_37 is -0.0368676

gibbs sample time: 0.005757 seconds
probability of topic_Person_52 is 0.543

mode equations: influence compute time (equations): 0.000862 seconds
influence of hasword_test_52 on topic_Person_52 is 0.0354347

gibbs sample time: 0.00613 seconds
probability of topic_Course_31 is 0.46

mode equations: influence compute time (equations): 0.000858 seconds
influence of hasword_sequenc_31 on topic_Course_31 is -0.0350967

gibbs sample time: 0.006233 seconds
probability of topic_Faculty_4 is 0.533

mode equations: influence compute time (equations): 0.000855 seconds
influence of hasword_represent_4 on topic_Faculty_4 is 0.0316894

gibbs sample time: 0.029031 seconds
probability of topic_Faculty_46 is 0.378

mode equations: influence compute time (equations): 0.000901 seconds
influence of links_59_46 on topic_Faculty_46 is 0.0110653

gibbs sample time: 0.0064 seconds
probability of topic_Faculty_37 is 0.467

mode equations: influence compute time (equations): 0.000847 seconds
influence of hasword_austin_37 on topic_Faculty_37 is -0.0303512

gibbs sample time: 0.006826 seconds
probability of topic_Person_41 is 0.798

mode equations: influence compute time (equations): 0.0009 seconds
influence of hasword_interest_41 on topic_Person_41 is 0.219628

gibbs sample time: 0.006686 seconds
probability of topic_Student_18 is 0.489

mode equations: influence compute time (equations): 0.000904 seconds
influence of hasword_html_18 on topic_Student_18 is -0.0137853

