clique number: 2
unobserved tuple number: 1
gibbs sample time: 0.006939 seconds
probability of topic_Course_3 is 0.5

clique number: 10
unobserved tuple number: 3
gibbs sample time: 0.047664 seconds
probability of topic_ResearchProject_49 is 0.23

clique number: 5
unobserved tuple number: 2
gibbs sample time: 0.023343 seconds
probability of topic_Student_177 is 0.459

clique number: 5
unobserved tuple number: 2
gibbs sample time: 0.023204 seconds
probability of topic_Student_41 is 0.764

clique number: 2
unobserved tuple number: 1
gibbs sample time: 0.007092 seconds
probability of topic_Student_16 is 0.494

clique number: 8
unobserved tuple number: 3
gibbs sample time: 0.045869 seconds
probability of topic_Course_154 is 0.468

clique number: 8
unobserved tuple number: 3
gibbs sample time: 0.045898 seconds
probability of topic_Course_65 is 0.48

clique number: 2
unobserved tuple number: 1
gibbs sample time: 0.006619 seconds
probability of topic_Student_5 is 0.454

clique number: 2
unobserved tuple number: 1
gibbs sample time: 0.006915 seconds
probability of topic_Department_96 is 0.387

clique number: 2
unobserved tuple number: 1
gibbs sample time: 0.007209 seconds
probability of topic_Department_98 is 0.629

clique number: 2
unobserved tuple number: 1
gibbs sample time: 0.006986 seconds
probability of topic_ResearchProject_95 is 0.43

clique number: 41
unobserved tuple number: 13
gibbs sample time: 0.303769 seconds
probability of topic_Person_10 is 0.486

clique number: 2
unobserved tuple number: 1
gibbs sample time: 0.006561 seconds
probability of topic_Staff_23 is 0.458

clique number: 5
unobserved tuple number: 2
gibbs sample time: 0.024243 seconds
probability of topic_Student_119 is 0.527

clique number: 12
unobserved tuple number: 4
gibbs sample time: 0.066568 seconds
probability of topic_Student_221 is 0.563

clique number: 2
unobserved tuple number: 1
gibbs sample time: 0.006942 seconds
probability of topic_ResearchProject_23 is 0.49

clique number: 5
unobserved tuple number: 2
gibbs sample time: 0.025068 seconds
probability of topic_Person_177 is 0.435

clique number: 2
unobserved tuple number: 1
gibbs sample time: 0.007456 seconds
probability of topic_Person_37 is 0.463

clique number: 7
unobserved tuple number: 2
gibbs sample time: 0.035422 seconds
probability of topic_ResearchProject_47 is 0.385

clique number: 2
unobserved tuple number: 1
gibbs sample time: 0.007828 seconds
probability of topic_Department_32 is 0.386

clique number: 9
unobserved tuple number: 3
gibbs sample time: 0.052904 seconds
probability of topic_Department_94 is 0.479

clique number: 2
unobserved tuple number: 1
gibbs sample time: 0.007477 seconds
probability of topic_ResearchProject_5 is 0.424

clique number: 8
unobserved tuple number: 3
gibbs sample time: 0.045917 seconds
probability of topic_Staff_108 is 0.398

clique number: 3
unobserved tuple number: 1
gibbs sample time: 0.011037 seconds
probability of topic_Student_84 is 0.565

clique number: 10
unobserved tuple number: 3
gibbs sample time: 0.048217 seconds
probability of topic_ResearchProject_30 is 0.514

clique number: 12
unobserved tuple number: 4
gibbs sample time: 0.066506 seconds
probability of topic_Student_102 is 0.404

clique number: 3
unobserved tuple number: 1
gibbs sample time: 0.010782 seconds
probability of topic_Faculty_79 is 0.513

clique number: 2
unobserved tuple number: 1
gibbs sample time: 0.006613 seconds
probability of topic_Person_85 is 0.688

clique number: 2
unobserved tuple number: 1
gibbs sample time: 0.006964 seconds
probability of topic_ResearchProject_92 is 0.484

clique number: 2
unobserved tuple number: 1
gibbs sample time: 0.007095 seconds
probability of topic_Person_74 is 0.496

clique number: 6
unobserved tuple number: 2
gibbs sample time: 0.028695 seconds
probability of topic_Faculty_146 is 0.539

clique number: 6
unobserved tuple number: 2
gibbs sample time: 0.028374 seconds
probability of topic_Faculty_47 is 0.639

clique number: 2
unobserved tuple number: 1
gibbs sample time: 0.006748 seconds
probability of topic_Staff_67 is 0.483

clique number: 2
unobserved tuple number: 1
gibbs sample time: 0.006745 seconds
probability of topic_Person_62 is 0.509

clique number: 2
unobserved tuple number: 1
gibbs sample time: 0.007295 seconds
probability of topic_Faculty_67 is 0.463

clique number: 5
unobserved tuple number: 2
gibbs sample time: 0.02385 seconds
probability of topic_Department_22 is 0.698

clique number: 3
unobserved tuple number: 1
gibbs sample time: 0.010916 seconds
probability of topic_Faculty_73 is 0.363

clique number: 3
unobserved tuple number: 1
gibbs sample time: 0.010597 seconds
probability of topic_Staff_38 is 0.427

clique number: 9
unobserved tuple number: 3
gibbs sample time: 0.049047 seconds
probability of topic_Person_94 is 0.497

clique number: 2
unobserved tuple number: 1
gibbs sample time: 0.007077 seconds
probability of topic_Student_95 is 0.365

clique number: 12
unobserved tuple number: 4
gibbs sample time: 0.066457 seconds
probability of topic_Staff_18 is 0.404

clique number: 2
unobserved tuple number: 1
gibbs sample time: 0.006892 seconds
probability of topic_Staff_24 is 0.617

clique number: 2
unobserved tuple number: 1
gibbs sample time: 0.006883 seconds
probability of topic_Course_37 is 0.505

clique number: 16
unobserved tuple number: 4
gibbs sample time: 0.076121 seconds
probability of topic_Faculty_43 is 0.352

clique number: 2
unobserved tuple number: 1
gibbs sample time: 0.006802 seconds
probability of topic_Staff_96 is 0.413

clique number: 2
unobserved tuple number: 1
gibbs sample time: 0.007211 seconds
probability of topic_Department_67 is 0.469

clique number: 2
unobserved tuple number: 1
gibbs sample time: 0.007051 seconds
probability of topic_Faculty_28 is 0.421

clique number: 3
unobserved tuple number: 1
gibbs sample time: 0.010196 seconds
probability of topic_Course_58 is 0.51

clique number: 12
unobserved tuple number: 4
gibbs sample time: 0.066689 seconds
probability of topic_Student_18 is 0.459

clique number: 6
unobserved tuple number: 2
gibbs sample time: 0.032966 seconds
probability of topic_Department_107 is 0.49

clique number: 6
unobserved tuple number: 2
gibbs sample time: 0.032434 seconds
probability of topic_Faculty_93 is 0.45

clique number: 2
unobserved tuple number: 1
gibbs sample time: 0.007092 seconds
probability of topic_Department_54 is 0.482

clique number: 7
unobserved tuple number: 2
gibbs sample time: 0.032322 seconds
probability of topic_ResearchProject_146 is 0.572

clique number: 2
unobserved tuple number: 1
gibbs sample time: 0.007173 seconds
probability of topic_Faculty_56 is 0.576

clique number: 2
unobserved tuple number: 1
gibbs sample time: 0.007019 seconds
probability of topic_Course_4 is 0.485

clique number: 6
unobserved tuple number: 2
gibbs sample time: 0.026514 seconds
probability of topic_Staff_85 is 0.367

clique number: 2
unobserved tuple number: 1
gibbs sample time: 0.007077 seconds
probability of topic_Faculty_13 is 0.541

clique number: 2
unobserved tuple number: 1
gibbs sample time: 0.006816 seconds
probability of topic_Person_24 is 0.503

clique number: 9
unobserved tuple number: 3
gibbs sample time: 0.051249 seconds
probability of topic_Student_154 is 0.46

clique number: 2
unobserved tuple number: 1
gibbs sample time: 0.006622 seconds
probability of topic_Student_2 is 0.432

clique number: 2
unobserved tuple number: 1
gibbs sample time: 0.006999 seconds
probability of topic_Course_86 is 0.395

clique number: 2
unobserved tuple number: 1
gibbs sample time: 0.007123 seconds
probability of topic_ResearchProject_91 is 0.451

clique number: 2
unobserved tuple number: 1
gibbs sample time: 0.00709 seconds
probability of topic_ResearchProject_37 is 0.451

clique number: 6
unobserved tuple number: 2
gibbs sample time: 0.032667 seconds
probability of topic_Department_71 is 0.449

clique number: 2
unobserved tuple number: 1
gibbs sample time: 0.007265 seconds
probability of topic_Department_13 is 0.453

clique number: 6
unobserved tuple number: 2
gibbs sample time: 0.033262 seconds
probability of topic_Department_93 is 0.415

clique number: 2
unobserved tuple number: 1
gibbs sample time: 0.006845 seconds
probability of topic_Course_77 is 0.512

clique number: 2
unobserved tuple number: 1
gibbs sample time: 0.007027 seconds
probability of topic_ResearchProject_62 is 0.483

clique number: 2
unobserved tuple number: 1
gibbs sample time: 0.007036 seconds
probability of topic_ResearchProject_77 is 0.514

clique number: 3
unobserved tuple number: 1
gibbs sample time: 0.010219 seconds
probability of topic_Department_82 is 0.5

clique number: 2
unobserved tuple number: 1
gibbs sample time: 0.006845 seconds
probability of topic_Student_98 is 0.709

clique number: 10
unobserved tuple number: 3
gibbs sample time: 0.048116 seconds
probability of topic_Course_49 is 0.462

clique number: 6
unobserved tuple number: 2
gibbs sample time: 0.027425 seconds
probability of topic_Student_124 is 0.522

clique number: 2
unobserved tuple number: 1
gibbs sample time: 0.007228 seconds
probability of topic_Department_28 is 0.48

clique number: 16
unobserved tuple number: 4
gibbs sample time: 0.072745 seconds
probability of topic_Person_43 is 0.209

clique number: 2
unobserved tuple number: 1
gibbs sample time: 0.007212 seconds
probability of topic_Department_25 is 0.688

clique number: 4
unobserved tuple number: 1
gibbs sample time: 0.014091 seconds
probability of topic_ResearchProject_9 is 0.374

clique number: 39
unobserved tuple number: 12
gibbs sample time: 0.22638 seconds
probability of topic_Student_75 is 0.759

clique number: 2
unobserved tuple number: 1
gibbs sample time: 0.007127 seconds
probability of topic_Faculty_98 is 0.521

clique number: 3
unobserved tuple number: 1
gibbs sample time: 0.010683 seconds
probability of topic_Staff_11 is 0.232

clique number: 3
unobserved tuple number: 1
gibbs sample time: 0.010208 seconds
probability of topic_ResearchProject_85 is 0.291

clique number: 2
unobserved tuple number: 1
gibbs sample time: 0.006627 seconds
probability of topic_Course_48 is 0.523

clique number: 2
unobserved tuple number: 1
gibbs sample time: 0.007026 seconds
probability of topic_ResearchProject_81 is 0.451

clique number: 2
unobserved tuple number: 1
gibbs sample time: 0.007002 seconds
probability of topic_Course_29 is 0.489

clique number: 2
unobserved tuple number: 1
gibbs sample time: 0.007328 seconds
probability of topic_Department_80 is 0.484

clique number: 2
unobserved tuple number: 1
gibbs sample time: 0.007036 seconds
probability of topic_Person_99 is 0.636

clique number: 2
unobserved tuple number: 1
gibbs sample time: 0.006723 seconds
probability of topic_Person_97 is 0.398

clique number: 3
unobserved tuple number: 1
gibbs sample time: 0.010394 seconds
probability of topic_Person_73 is 0.418

clique number: 2
unobserved tuple number: 1
gibbs sample time: 0.007293 seconds
probability of topic_Department_97 is 0.328

clique number: 2
unobserved tuple number: 1
gibbs sample time: 0.006775 seconds
probability of topic_Person_92 is 0.463

clique number: 40
unobserved tuple number: 13
gibbs sample time: 0.243475 seconds
probability of topic_Department_113 is 0.293

clique number: 40
unobserved tuple number: 13
gibbs sample time: 0.255515 seconds
probability of topic_Department_51 is 0.587

clique number: 2
unobserved tuple number: 1
gibbs sample time: 0.007327 seconds
probability of topic_Student_4 is 0.532

clique number: 39
unobserved tuple number: 12
gibbs sample time: 0.305582 seconds
probability of topic_Student_113 is 0.57

clique number: 2
unobserved tuple number: 1
gibbs sample time: 0.007471 seconds
probability of topic_Department_63 is 0.637

clique number: 2
unobserved tuple number: 1
gibbs sample time: 0.007082 seconds
probability of topic_Faculty_77 is 0.47

clique number: 2
unobserved tuple number: 1
gibbs sample time: 0.007234 seconds
probability of topic_ResearchProject_24 is 0.597

clique number: 2
unobserved tuple number: 1
gibbs sample time: 0.007241 seconds
probability of topic_Department_8 is 0.5

clique number: 8
unobserved tuple number: 3
gibbs sample time: 0.045866 seconds
probability of topic_Staff_94 is 0.486

clique number: 2
unobserved tuple number: 1
gibbs sample time: 0.007043 seconds
probability of topic_Course_36 is 0.675

clique number: 2
unobserved tuple number: 1
gibbs sample time: 0.007738 seconds
probability of topic_Student_76 is 0.569

clique number: 5
unobserved tuple number: 2
gibbs sample time: 0.025844 seconds
probability of topic_Department_41 is 0.39

clique number: 2
unobserved tuple number: 1
gibbs sample time: 0.007696 seconds
probability of topic_ResearchProject_6 is 0.437

clique number: 2
unobserved tuple number: 1
gibbs sample time: 0.006894 seconds
probability of topic_Person_91 is 0.46

clique number: 39
unobserved tuple number: 12
gibbs sample time: 0.221739 seconds
probability of topic_Student_50 is 0.573

clique number: 6
unobserved tuple number: 2
gibbs sample time: 0.029419 seconds
probability of topic_Department_124 is 0.497

clique number: 10
unobserved tuple number: 3
gibbs sample time: 0.048016 seconds
probability of topic_ResearchProject_168 is 0.642

clique number: 4
unobserved tuple number: 1
gibbs sample time: 0.013675 seconds
probability of topic_Student_82 is 0.519

clique number: 9
unobserved tuple number: 3
gibbs sample time: 0.048658 seconds
probability of topic_Person_108 is 0.476

clique number: 2
unobserved tuple number: 1
gibbs sample time: 0.006856 seconds
probability of topic_Person_54 is 0.373

clique number: 10
unobserved tuple number: 3
gibbs sample time: 0.051217 seconds
probability of topic_Department_49 is 0.506

clique number: 2
unobserved tuple number: 1
gibbs sample time: 0.006738 seconds
probability of topic_Staff_56 is 0.5

clique number: 4
unobserved tuple number: 1
gibbs sample time: 0.014466 seconds
probability of topic_Department_79 is 0.356

clique number: 39
unobserved tuple number: 12
gibbs sample time: 0.218554 seconds
probability of topic_Student_55 is 0.458

clique number: 2
unobserved tuple number: 1
gibbs sample time: 0.007027 seconds
probability of topic_Course_81 is 0.408

clique number: 5
unobserved tuple number: 2
gibbs sample time: 0.02506 seconds
probability of topic_Course_119 is 0.497

clique number: 5
unobserved tuple number: 2
gibbs sample time: 0.024281 seconds
probability of topic_Course_34 is 0.481

clique number: 9
unobserved tuple number: 3
gibbs sample time: 0.052077 seconds
probability of topic_Student_65 is 0.515

clique number: 40
unobserved tuple number: 13
gibbs sample time: 0.236603 seconds
probability of topic_Department_159 is 0.418

clique number: 2
unobserved tuple number: 1
gibbs sample time: 0.007098 seconds
probability of topic_ResearchProject_97 is 0.403

clique number: 2
unobserved tuple number: 1
gibbs sample time: 0.00679 seconds
probability of topic_Course_95 is 0.488

clique number: 2
unobserved tuple number: 1
gibbs sample time: 0.006795 seconds
probability of topic_Staff_97 is 0.454

clique number: 2
unobserved tuple number: 1
gibbs sample time: 0.007092 seconds
probability of topic_Student_13 is 0.538

clique number: 2
unobserved tuple number: 1
gibbs sample time: 0.006839 seconds
probability of topic_Faculty_23 is 0.479

clique number: 16
unobserved tuple number: 4
gibbs sample time: 0.078425 seconds
probability of topic_ResearchProject_43 is 0.421

clique number: 8
unobserved tuple number: 3
gibbs sample time: 0.040978 seconds
probability of topic_Person_33 is 0.654

clique number: 6
unobserved tuple number: 2
gibbs sample time: 0.034726 seconds
probability of topic_Faculty_71 is 0.449

clique number: 2
unobserved tuple number: 1
gibbs sample time: 0.007459 seconds
probability of topic_Student_29 is 0.542

clique number: 2
unobserved tuple number: 1
gibbs sample time: 0.007128 seconds
probability of topic_Course_23 is 0.516

clique number: 2
unobserved tuple number: 1
gibbs sample time: 0.007137 seconds
probability of topic_Staff_13 is 0.467

clique number: 2
unobserved tuple number: 1
gibbs sample time: 0.007221 seconds
probability of topic_Department_36 is 0.392

clique number: 12
unobserved tuple number: 4
gibbs sample time: 0.066841 seconds
probability of topic_ResearchProject_18 is 0.415

clique number: 2
unobserved tuple number: 1
gibbs sample time: 0.006658 seconds
probability of topic_Course_5 is 0.413

clique number: 2
unobserved tuple number: 1
gibbs sample time: 0.00707 seconds
probability of topic_Student_63 is 0.545

clique number: 6
unobserved tuple number: 2
gibbs sample time: 0.026397 seconds
probability of topic_Staff_128 is 0.614

clique number: 3
unobserved tuple number: 1
gibbs sample time: 0.010613 seconds
probability of topic_ResearchProject_3 is 0.334

clique number: 2
unobserved tuple number: 1
gibbs sample time: 0.006839 seconds
probability of topic_Faculty_60 is 0.467

clique number: 2
unobserved tuple number: 1
gibbs sample time: 0.006965 seconds
probability of topic_Faculty_57 is 0.488

clique number: 3
unobserved tuple number: 1
gibbs sample time: 0.010564 seconds
probability of topic_Department_58 is 0.868

clique number: 2
unobserved tuple number: 1
gibbs sample time: 0.00668 seconds
probability of topic_Staff_70 is 0.51

clique number: 3
unobserved tuple number: 1
gibbs sample time: 0.01011 seconds
probability of topic_Person_3 is 0.439

clique number: 12
unobserved tuple number: 4
gibbs sample time: 0.066169 seconds
probability of topic_Staff_102 is 0.459

clique number: 12
unobserved tuple number: 4
gibbs sample time: 0.066791 seconds
probability of topic_Staff_20 is 0.473

clique number: 3
unobserved tuple number: 1
gibbs sample time: 0.010987 seconds
probability of topic_ResearchProject_31 is 0.493

clique number: 6
unobserved tuple number: 2
gibbs sample time: 0.028394 seconds
probability of topic_Department_44 is 0.377

clique number: 10
unobserved tuple number: 3
gibbs sample time: 0.048484 seconds
probability of topic_Department_168 is 0.693

clique number: 5
unobserved tuple number: 2
gibbs sample time: 0.024905 seconds
probability of topic_Faculty_44 is 0.479

clique number: 40
unobserved tuple number: 13
gibbs sample time: 0.236485 seconds
probability of topic_Department_50 is 0.467

clique number: 3
unobserved tuple number: 1
gibbs sample time: 0.010405 seconds
probability of topic_Staff_73 is 0.454

clique number: 12
unobserved tuple number: 4
gibbs sample time: 0.06818 seconds
probability of topic_Department_102 is 0.409

clique number: 2
unobserved tuple number: 1
gibbs sample time: 0.006528 seconds
probability of topic_Staff_25 is 0.592

clique number: 2
unobserved tuple number: 1
gibbs sample time: 0.00693 seconds
probability of topic_ResearchProject_2 is 0.416

clique number: 12
unobserved tuple number: 4
gibbs sample time: 0.067533 seconds
probability of topic_Department_18 is 0.481

clique number: 2
unobserved tuple number: 1
gibbs sample time: 0.007182 seconds
probability of topic_ResearchProject_64 is 0.446

clique number: 2
unobserved tuple number: 1
gibbs sample time: 0.006955 seconds
probability of topic_Person_66 is 0.485

clique number: 3
unobserved tuple number: 1
gibbs sample time: 0.010089 seconds
probability of topic_Course_38 is 0.367

clique number: 2
unobserved tuple number: 1
gibbs sample time: 0.006922 seconds
probability of topic_Faculty_53 is 0.418

clique number: 7
unobserved tuple number: 2
gibbs sample time: 0.03218 seconds
probability of topic_ResearchProject_78 is 0.349

clique number: 3
unobserved tuple number: 1
gibbs sample time: 0.010191 seconds
probability of topic_Staff_44 is 0.445

clique number: 9
unobserved tuple number: 3
gibbs sample time: 0.042624 seconds
probability of topic_Staff_12 is 0.503

clique number: 9
unobserved tuple number: 3
gibbs sample time: 0.042532 seconds
probability of topic_Staff_47 is 0.333

clique number: 3
unobserved tuple number: 1
gibbs sample time: 0.010537 seconds
probability of topic_Student_38 is 0.285

clique number: 3
unobserved tuple number: 1
gibbs sample time: 0.01019 seconds
probability of topic_Person_86 is 0.498

clique number: 2
unobserved tuple number: 1
gibbs sample time: 0.006986 seconds
probability of topic_Student_66 is 0.475

clique number: 2
unobserved tuple number: 1
gibbs sample time: 0.006905 seconds
probability of topic_Faculty_70 is 0.421

clique number: 2
unobserved tuple number: 1
gibbs sample time: 0.006588 seconds
probability of topic_Staff_80 is 0.456

clique number: 2
unobserved tuple number: 1
gibbs sample time: 0.007203 seconds
probability of topic_Student_22 is 0.433

clique number: 2
unobserved tuple number: 1
gibbs sample time: 0.006981 seconds
probability of topic_Faculty_17 is 0.457

clique number: 16
unobserved tuple number: 4
gibbs sample time: 0.078604 seconds
probability of topic_ResearchProject_40 is 0.372

clique number: 7
unobserved tuple number: 2
gibbs sample time: 0.029232 seconds
probability of topic_Person_78 is 0.683

clique number: 41
unobserved tuple number: 13
gibbs sample time: 0.23789 seconds
probability of topic_ResearchProject_10 is 0.454

clique number: 3
unobserved tuple number: 1
gibbs sample time: 0.010606 seconds
probability of topic_ResearchProject_84 is 0.369

clique number: 2
unobserved tuple number: 1
gibbs sample time: 0.007015 seconds
probability of topic_Department_52 is 0.464

clique number: 2
unobserved tuple number: 1
gibbs sample time: 0.006999 seconds
probability of topic_Course_66 is 0.432

clique number: 2
unobserved tuple number: 1
gibbs sample time: 0.007104 seconds
probability of topic_Department_66 is 0.494

clique number: 2
unobserved tuple number: 1
gibbs sample time: 0.006766 seconds
probability of topic_Person_81 is 0.469

clique number: 6
unobserved tuple number: 2
gibbs sample time: 0.033171 seconds
probability of topic_Department_65 is 0.398

clique number: 7
unobserved tuple number: 2
gibbs sample time: 0.030703 seconds
probability of topic_Department_78 is 0.643

clique number: 3
unobserved tuple number: 1
gibbs sample time: 0.010124 seconds
probability of topic_Faculty_3 is 0.449

clique number: 3
unobserved tuple number: 1
gibbs sample time: 0.010666 seconds
probability of topic_Student_11 is 0.035

clique number: 9
unobserved tuple number: 3
gibbs sample time: 0.042511 seconds
probability of topic_Staff_146 is 0.689

clique number: 10
unobserved tuple number: 3
gibbs sample time: 0.047508 seconds
probability of topic_Student_26 is 0.645

clique number: 2
unobserved tuple number: 1
gibbs sample time: 0.007296 seconds
probability of topic_Faculty_76 is 0.485

clique number: 3
unobserved tuple number: 1
gibbs sample time: 0.010581 seconds
probability of topic_ResearchProject_58 is 0.327

clique number: 2
unobserved tuple number: 1
gibbs sample time: 0.00658 seconds
probability of topic_Faculty_6 is 0.447

clique number: 40
unobserved tuple number: 13
gibbs sample time: 0.237538 seconds
probability of topic_Department_75 is 0.763

clique number: 2
unobserved tuple number: 1
gibbs sample time: 0.007383 seconds
probability of topic_Faculty_48 is 0.409

clique number: 5
unobserved tuple number: 2
gibbs sample time: 0.026612 seconds
probability of topic_Department_177 is 0.437

clique number: 2
unobserved tuple number: 1
gibbs sample time: 0.00755 seconds
probability of topic_ResearchProject_96 is 0.385

clique number: 6
unobserved tuple number: 2
gibbs sample time: 0.028344 seconds
probability of topic_Staff_39 is 0.683

clique number: 8
unobserved tuple number: 3
gibbs sample time: 0.046686 seconds
probability of topic_Course_107 is 0.422

clique number: 3
unobserved tuple number: 1
gibbs sample time: 0.010762 seconds
probability of topic_Staff_45 is 0.506

clique number: 2
unobserved tuple number: 1
gibbs sample time: 0.006903 seconds
probability of topic_ResearchProject_80 is 0.566

clique number: 9
unobserved tuple number: 3
gibbs sample time: 0.049005 seconds
probability of topic_Student_108 is 0.465

clique number: 2
unobserved tuple number: 1
gibbs sample time: 0.006956 seconds
probability of topic_Person_52 is 0.552

clique number: 2
unobserved tuple number: 1
gibbs sample time: 0.007195 seconds
probability of topic_Department_81 is 0.473

clique number: 3
unobserved tuple number: 1
gibbs sample time: 0.011075 seconds
probability of topic_Department_31 is 0.434

clique number: 41
unobserved tuple number: 13
gibbs sample time: 0.242595 seconds
probability of topic_ResearchProject_113 is 0.646

clique number: 41
unobserved tuple number: 13
gibbs sample time: 0.243266 seconds
probability of topic_ResearchProject_159 is 0.502

clique number: 4
unobserved tuple number: 1
gibbs sample time: 0.01406 seconds
probability of topic_Person_82 is 0.437

clique number: 42
unobserved tuple number: 13
gibbs sample time: 0.242304 seconds
probability of topic_Faculty_55 is 0.322

clique number: 2
unobserved tuple number: 1
gibbs sample time: 0.007491 seconds
probability of topic_Student_36 is 0.59

clique number: 12
unobserved tuple number: 4
gibbs sample time: 0.068087 seconds
probability of topic_ResearchProject_102 is 0.454

clique number: 9
unobserved tuple number: 3
gibbs sample time: 0.045585 seconds
probability of topic_Department_146 is 0.426

clique number: 9
unobserved tuple number: 3
gibbs sample time: 0.044501 seconds
probability of topic_Department_47 is 0.298

clique number: 3
unobserved tuple number: 1
gibbs sample time: 0.01043 seconds
probability of topic_Person_45 is 0.403

clique number: 42
unobserved tuple number: 13
gibbs sample time: 0.243431 seconds
probability of topic_Faculty_159 is 0.624

clique number: 3
unobserved tuple number: 1
gibbs sample time: 0.010939 seconds
probability of topic_ResearchProject_44 is 0.483

clique number: 3
unobserved tuple number: 1
gibbs sample time: 0.01047 seconds
probability of topic_Person_14 is 0.537

clique number: 42
unobserved tuple number: 13
gibbs sample time: 0.237664 seconds
probability of topic_Faculty_113 is 0.353

clique number: 42
unobserved tuple number: 13
gibbs sample time: 0.238422 seconds
probability of topic_Faculty_51 is 0.456

clique number: 2
unobserved tuple number: 1
gibbs sample time: 0.006818 seconds
probability of topic_Course_28 is 0.421

clique number: 2
unobserved tuple number: 1
gibbs sample time: 0.006844 seconds
probability of topic_Student_60 is 0.534

clique number: 42
unobserved tuple number: 13
gibbs sample time: 0.229194 seconds
probability of topic_Staff_46 is 0.428

clique number: 7
unobserved tuple number: 2
gibbs sample time: 0.029199 seconds
probability of topic_Person_90 is 0.591

clique number: 3
unobserved tuple number: 1
gibbs sample time: 0.010615 seconds
probability of topic_Student_15 is 0.454

clique number: 2
unobserved tuple number: 1
gibbs sample time: 0.00677 seconds
probability of topic_Staff_62 is 0.389

clique number: 5
unobserved tuple number: 2
gibbs sample time: 0.021948 seconds
probability of topic_Course_35 is 0.624

clique number: 5
unobserved tuple number: 2
gibbs sample time: 0.02245 seconds
probability of topic_Course_22 is 0.552

clique number: 10
unobserved tuple number: 3
gibbs sample time: 0.047887 seconds
probability of topic_Staff_69 is 0.491

clique number: 41
unobserved tuple number: 13
gibbs sample time: 0.238345 seconds
probability of topic_ResearchProject_75 is 0.364

clique number: 5
unobserved tuple number: 2
gibbs sample time: 0.024497 seconds
probability of topic_Student_34 is 0.38

clique number: 2
unobserved tuple number: 1
gibbs sample time: 0.007114 seconds
probability of topic_Department_2 is 0.475

clique number: 2
unobserved tuple number: 1
gibbs sample time: 0.00656 seconds
probability of topic_Faculty_1 is 0.54

clique number: 2
unobserved tuple number: 1
gibbs sample time: 0.00676 seconds
probability of topic_Staff_36 is 0.544

clique number: 42
unobserved tuple number: 13
gibbs sample time: 0.229694 seconds
probability of topic_Staff_51 is 0.514

clique number: 3
unobserved tuple number: 1
gibbs sample time: 0.010542 seconds
probability of topic_Student_58 is 0.751

clique number: 42
unobserved tuple number: 13
gibbs sample time: 0.237431 seconds
probability of topic_Course_189 is 0.51

clique number: 15
unobserved tuple number: 4
gibbs sample time: 0.075836 seconds
probability of topic_Student_40 is 0.641

clique number: 2
unobserved tuple number: 1
gibbs sample time: 0.006829 seconds
probability of topic_Course_8 is 0.63

clique number: 40
unobserved tuple number: 13
gibbs sample time: 0.23536 seconds
probability of topic_Department_21 is 0.462

clique number: 2
unobserved tuple number: 1
gibbs sample time: 0.006589 seconds
probability of topic_Course_97 is 0.619

clique number: 4
unobserved tuple number: 1
gibbs sample time: 0.013813 seconds
probability of topic_ResearchProject_82 is 0.548

clique number: 9
unobserved tuple number: 3
gibbs sample time: 0.04932 seconds
probability of topic_Faculty_65 is 0.454

clique number: 10
unobserved tuple number: 3
gibbs sample time: 0.048129 seconds
probability of topic_Course_168 is 0.443

clique number: 15
unobserved tuple number: 4
gibbs sample time: 0.075961 seconds
probability of topic_Student_43 is 0.39

clique number: 3
unobserved tuple number: 1
gibbs sample time: 0.010681 seconds
probability of topic_Department_27 is 0.625

clique number: 4
unobserved tuple number: 1
gibbs sample time: 0.013689 seconds
probability of topic_Student_9 is 0.417

clique number: 3
unobserved tuple number: 1
gibbs sample time: 0.010189 seconds
probability of topic_Person_58 is 0.637

clique number: 3
unobserved tuple number: 1
gibbs sample time: 0.010771 seconds
probability of topic_Staff_15 is 0.446

clique number: 2
unobserved tuple number: 1
gibbs sample time: 0.006704 seconds
probability of topic_Course_16 is 0.438

clique number: 2
unobserved tuple number: 1
gibbs sample time: 0.006856 seconds
probability of topic_Faculty_80 is 0.453

clique number: 10
unobserved tuple number: 3
gibbs sample time: 0.048307 seconds
probability of topic_Student_146 is 0.367

clique number: 2
unobserved tuple number: 1
gibbs sample time: 0.006874 seconds
probability of topic_Person_76 is 0.651

clique number: 2
unobserved tuple number: 1
gibbs sample time: 0.006588 seconds
probability of topic_Person_6 is 0.513

clique number: 8
unobserved tuple number: 3
gibbs sample time: 0.040407 seconds
probability of topic_Course_33 is 0.533

clique number: 10
unobserved tuple number: 3
gibbs sample time: 0.046172 seconds
probability of topic_Person_89 is 0.401

clique number: 16
unobserved tuple number: 4
gibbs sample time: 0.072475 seconds
probability of topic_Person_68 is 0.494

clique number: 6
unobserved tuple number: 2
gibbs sample time: 0.028348 seconds
probability of topic_ResearchProject_39 is 0.609

clique number: 2
unobserved tuple number: 1
gibbs sample time: 0.006779 seconds
probability of topic_Staff_77 is 0.488

clique number: 6
unobserved tuple number: 2
gibbs sample time: 0.02735 seconds
probability of topic_Course_124 is 0.496

clique number: 3
unobserved tuple number: 1
gibbs sample time: 0.010544 seconds
probability of topic_Department_15 is 0.348

clique number: 2
unobserved tuple number: 1
gibbs sample time: 0.007084 seconds
probability of topic_Student_81 is 0.496

clique number: 42
unobserved tuple number: 13
gibbs sample time: 0.229664 seconds
probability of topic_Staff_59 is 0.475

clique number: 4
unobserved tuple number: 1
gibbs sample time: 0.014066 seconds
probability of topic_ResearchProject_79 is 0.419

clique number: 3
unobserved tuple number: 1
gibbs sample time: 0.010438 seconds
probability of topic_Faculty_58 is 0.409

clique number: 5
unobserved tuple number: 2
gibbs sample time: 0.023929 seconds
probability of topic_Faculty_124 is 0.467

clique number: 6
unobserved tuple number: 2
gibbs sample time: 0.026896 seconds
probability of topic_Person_124 is 0.483

clique number: 5
unobserved tuple number: 2
gibbs sample time: 0.023586 seconds
probability of topic_Faculty_41 is 0.669

clique number: 9
unobserved tuple number: 3
gibbs sample time: 0.048944 seconds
probability of topic_Student_94 is 0.478

clique number: 7
unobserved tuple number: 2
gibbs sample time: 0.030436 seconds
probability of topic_Course_78 is 0.667

clique number: 10
unobserved tuple number: 3
gibbs sample time: 0.048279 seconds
probability of topic_Course_89 is 0.705

clique number: 10
unobserved tuple number: 3
gibbs sample time: 0.047712 seconds
probability of topic_Course_12 is 0.638

clique number: 3
unobserved tuple number: 1
gibbs sample time: 0.010889 seconds
probability of topic_Student_69 is 0.529

clique number: 3
unobserved tuple number: 1
gibbs sample time: 0.010814 seconds
probability of topic_Faculty_31 is 0.539

clique number: 2
unobserved tuple number: 1
gibbs sample time: 0.006953 seconds
probability of topic_Course_17 is 0.755

clique number: 3
unobserved tuple number: 1
gibbs sample time: 0.01054 seconds
probability of topic_Department_73 is 0.42

clique number: 41
unobserved tuple number: 13
gibbs sample time: 0.238472 seconds
probability of topic_ResearchProject_46 is 0.44

clique number: 12
unobserved tuple number: 4
gibbs sample time: 0.067846 seconds
probability of topic_Department_221 is 0.442

clique number: 3
unobserved tuple number: 1
gibbs sample time: 0.010803 seconds
probability of topic_Faculty_30 is 0.617

clique number: 2
unobserved tuple number: 1
gibbs sample time: 0.006605 seconds
probability of topic_Staff_28 is 0.445

clique number: 2
unobserved tuple number: 1
gibbs sample time: 0.006541 seconds
probability of topic_Course_87 is 0.443

clique number: 6
unobserved tuple number: 2
gibbs sample time: 0.031513 seconds
probability of topic_Student_93 is 0.498

clique number: 4
unobserved tuple number: 1
gibbs sample time: 0.013968 seconds
probability of topic_Department_9 is 0.56

clique number: 8
unobserved tuple number: 3
gibbs sample time: 0.039526 seconds
probability of topic_Staff_33 is 0.437

clique number: 2
unobserved tuple number: 1
gibbs sample time: 0.006926 seconds
probability of topic_Student_97 is 0.422

clique number: 2
unobserved tuple number: 1
gibbs sample time: 0.007038 seconds
probability of topic_ResearchProject_76 is 0.49

clique number: 5
unobserved tuple number: 2
gibbs sample time: 0.023783 seconds
probability of topic_Department_119 is 0.454

clique number: 2
unobserved tuple number: 1
gibbs sample time: 0.007003 seconds
probability of topic_Student_25 is 0.544

clique number: 4
unobserved tuple number: 1
gibbs sample time: 0.013598 seconds
probability of topic_Faculty_9 is 0.517

clique number: 2
unobserved tuple number: 1
gibbs sample time: 0.006775 seconds
probability of topic_Course_72 is 0.387

clique number: 5
unobserved tuple number: 2
gibbs sample time: 0.023402 seconds
probability of topic_ResearchProject_119 is 0.506

clique number: 6
unobserved tuple number: 2
gibbs sample time: 0.026518 seconds
probability of topic_Staff_61 is 0.356

clique number: 40
unobserved tuple number: 13
gibbs sample time: 0.232852 seconds
probability of topic_Department_59 is 0.483

clique number: 3
unobserved tuple number: 1
gibbs sample time: 0.010394 seconds
probability of topic_Staff_84 is 0.594

clique number: 2
unobserved tuple number: 1
gibbs sample time: 0.007016 seconds
probability of topic_Faculty_74 is 0.416

clique number: 10
unobserved tuple number: 3
gibbs sample time: 0.047454 seconds
probability of topic_Faculty_89 is 0.435

clique number: 3
unobserved tuple number: 1
gibbs sample time: 0.010934 seconds
probability of topic_Faculty_15 is 0.429

clique number: 3
unobserved tuple number: 1
gibbs sample time: 0.010415 seconds
probability of topic_Person_27 is 0.491

clique number: 10
unobserved tuple number: 3
gibbs sample time: 0.047299 seconds
probability of topic_Faculty_49 is 0.503

clique number: 42
unobserved tuple number: 13
gibbs sample time: 0.237786 seconds
probability of topic_Course_21 is 0.544

clique number: 6
unobserved tuple number: 2
gibbs sample time: 0.032058 seconds
probability of topic_ResearchProject_71 is 0.511

clique number: 2
unobserved tuple number: 1
gibbs sample time: 0.006947 seconds
probability of topic_ResearchProject_16 is 0.446

clique number: 3
unobserved tuple number: 1
gibbs sample time: 0.010496 seconds
probability of topic_Faculty_84 is 0.552

clique number: 39
unobserved tuple number: 12
gibbs sample time: 0.219871 seconds
probability of topic_Student_10 is 0.505

clique number: 2
unobserved tuple number: 1
gibbs sample time: 0.006807 seconds
probability of topic_Person_56 is 0.413

clique number: 2
unobserved tuple number: 1
gibbs sample time: 0.007168 seconds
probability of topic_Student_92 is 0.499

clique number: 16
unobserved tuple number: 4
gibbs sample time: 0.075351 seconds
probability of topic_Staff_40 is 0.53

clique number: 3
unobserved tuple number: 1
gibbs sample time: 0.010058 seconds
probability of topic_Course_11 is 0.211

clique number: 41
unobserved tuple number: 13
gibbs sample time: 0.238474 seconds
probability of topic_ResearchProject_21 is 0.539

clique number: 42
unobserved tuple number: 13
gibbs sample time: 0.238615 seconds
probability of topic_Faculty_21 is 0.517

clique number: 41
unobserved tuple number: 13
gibbs sample time: 0.229959 seconds
probability of topic_Person_55 is 0.439

clique number: 6
unobserved tuple number: 2
gibbs sample time: 0.027163 seconds
probability of topic_Person_61 is 0.098

clique number: 5
unobserved tuple number: 2
gibbs sample time: 0.02355 seconds
probability of topic_Department_35 is 0.532

clique number: 5
unobserved tuple number: 2
gibbs sample time: 0.024032 seconds
probability of topic_ResearchProject_35 is 0.543

clique number: 2
unobserved tuple number: 1
gibbs sample time: 0.00657 seconds
probability of topic_Course_70 is 0.455

clique number: 5
unobserved tuple number: 2
gibbs sample time: 0.023611 seconds
probability of topic_Faculty_34 is 0.484

clique number: 2
unobserved tuple number: 1
gibbs sample time: 0.006696 seconds
probability of topic_Course_60 is 0.406

clique number: 10
unobserved tuple number: 3
gibbs sample time: 0.04809 seconds
probability of topic_Course_47 is 0.752

clique number: 41
unobserved tuple number: 13
gibbs sample time: 0.237681 seconds
probability of topic_ResearchProject_50 is 0.463

clique number: 11
unobserved tuple number: 4
gibbs sample time: 0.062156 seconds
probability of topic_Course_102 is 0.571

clique number: 2
unobserved tuple number: 1
gibbs sample time: 0.007382 seconds
probability of topic_Department_74 is 0.476

clique number: 42
unobserved tuple number: 13
gibbs sample time: 0.22924 seconds
probability of topic_Staff_159 is 0.434

clique number: 2
unobserved tuple number: 1
gibbs sample time: 0.006812 seconds
probability of topic_Person_17 is 0.257

clique number: 8
unobserved tuple number: 3
gibbs sample time: 0.044668 seconds
probability of topic_Staff_7 is 0.45

clique number: 40
unobserved tuple number: 13
gibbs sample time: 0.233751 seconds
probability of topic_Department_46 is 0.47

clique number: 2
unobserved tuple number: 1
gibbs sample time: 0.006896 seconds
probability of topic_Staff_72 is 0.371

clique number: 42
unobserved tuple number: 13
gibbs sample time: 0.238134 seconds
probability of topic_Faculty_103 is 0.554

clique number: 4
unobserved tuple number: 1
gibbs sample time: 0.013463 seconds
probability of topic_Faculty_82 is 0.415

clique number: 41
unobserved tuple number: 13
gibbs sample time: 0.229601 seconds
probability of topic_Person_189 is 0.569

clique number: 6
unobserved tuple number: 2
gibbs sample time: 0.027306 seconds
probability of topic_Person_39 is 0.475

clique number: 12
unobserved tuple number: 4
gibbs sample time: 0.067637 seconds
probability of topic_Department_20 is 0.461

clique number: 42
unobserved tuple number: 13
gibbs sample time: 0.237878 seconds
probability of topic_Faculty_153 is 0.644

clique number: 42
unobserved tuple number: 13
gibbs sample time: 0.229011 seconds
probability of topic_Staff_21 is 0.475

clique number: 4
unobserved tuple number: 1
gibbs sample time: 0.013272 seconds
probability of topic_Course_82 is 0.488

clique number: 41
unobserved tuple number: 13
gibbs sample time: 0.238227 seconds
probability of topic_ResearchProject_189 is 0.626

clique number: 3
unobserved tuple number: 1
gibbs sample time: 0.01078 seconds
probability of topic_ResearchProject_14 is 0.582

clique number: 2
unobserved tuple number: 1
gibbs sample time: 0.007048 seconds
probability of topic_Staff_74 is 0.462

clique number: 2
unobserved tuple number: 1
gibbs sample time: 0.006837 seconds
probability of topic_Faculty_5 is 0.378

clique number: 2
unobserved tuple number: 1
gibbs sample time: 0.007038 seconds
probability of topic_Person_42 is 0.68

clique number: 41
unobserved tuple number: 13
gibbs sample time: 0.229096 seconds
probability of topic_Person_103 is 0.612

clique number: 42
unobserved tuple number: 13
gibbs sample time: 0.237678 seconds
probability of topic_Course_59 is 0.43

clique number: 6
unobserved tuple number: 2
gibbs sample time: 0.026523 seconds
probability of topic_Staff_78 is 0.461

clique number: 2
unobserved tuple number: 1
gibbs sample time: 0.00708 seconds
probability of topic_Student_96 is 0.538

clique number: 2
unobserved tuple number: 1
gibbs sample time: 0.006957 seconds
probability of topic_Faculty_96 is 0.583

clique number: 12
unobserved tuple number: 4
gibbs sample time: 0.066766 seconds
probability of topic_Student_20 is 0.482

clique number: 2
unobserved tuple number: 1
gibbs sample time: 0.007071 seconds
probability of topic_Student_91 is 0.433

clique number: 2
unobserved tuple number: 1
gibbs sample time: 0.007237 seconds
probability of topic_Student_64 is 0.467

clique number: 42
unobserved tuple number: 13
gibbs sample time: 0.237434 seconds
probability of topic_Course_55 is 0.337

clique number: 9
unobserved tuple number: 3
gibbs sample time: 0.049186 seconds
probability of topic_Department_7 is 0.479

clique number: 42
unobserved tuple number: 13
gibbs sample time: 0.230368 seconds
probability of topic_Staff_103 is 0.512

clique number: 2
unobserved tuple number: 1
gibbs sample time: 0.007048 seconds
probability of topic_Student_99 is 0.646

clique number: 42
unobserved tuple number: 13
gibbs sample time: 0.32997 seconds
probability of topic_Course_153 is 0.436

clique number: 41
unobserved tuple number: 13
gibbs sample time: 0.255928 seconds
probability of topic_ResearchProject_153 is 0.696

clique number: 2
unobserved tuple number: 1
gibbs sample time: 0.007284 seconds
probability of topic_ResearchProject_72 is 0.48

clique number: 42
unobserved tuple number: 13
gibbs sample time: 0.23794 seconds
probability of topic_Faculty_59 is 0.546

clique number: 41
unobserved tuple number: 13
gibbs sample time: 0.229998 seconds
probability of topic_Person_59 is 0.478

clique number: 2
unobserved tuple number: 1
gibbs sample time: 0.007057 seconds
probability of topic_ResearchProject_67 is 0.6

clique number: 2
unobserved tuple number: 1
gibbs sample time: 0.006937 seconds
probability of topic_Department_53 is 0.47

clique number: 4
unobserved tuple number: 1
gibbs sample time: 0.013105 seconds
probability of topic_Staff_9 is 0.443

clique number: 39
unobserved tuple number: 12
gibbs sample time: 0.220768 seconds
probability of topic_Student_59 is 0.381

clique number: 39
unobserved tuple number: 12
gibbs sample time: 0.218721 seconds
probability of topic_Student_21 is 0.495

clique number: 2
unobserved tuple number: 1
gibbs sample time: 0.006538 seconds
probability of topic_Course_92 is 0.345

clique number: 39
unobserved tuple number: 12
gibbs sample time: 0.220395 seconds
probability of topic_Student_103 is 0.494

clique number: 8
unobserved tuple number: 3
gibbs sample time: 0.03923 seconds
probability of topic_Staff_127 is 0.471

clique number: 3
unobserved tuple number: 1
gibbs sample time: 0.01013 seconds
probability of topic_Staff_27 is 0.519

clique number: 2
unobserved tuple number: 1
gibbs sample time: 0.007004 seconds
probability of topic_Staff_37 is 0.46

clique number: 7
unobserved tuple number: 2
gibbs sample time: 0.031074 seconds
probability of topic_ResearchProject_90 is 0.57

clique number: 3
unobserved tuple number: 1
gibbs sample time: 0.010199 seconds
probability of topic_Person_31 is 0.487

clique number: 8
unobserved tuple number: 3
gibbs sample time: 0.044969 seconds
probability of topic_Person_102 is 0.412

clique number: 2
unobserved tuple number: 1
gibbs sample time: 0.006867 seconds
probability of topic_Course_98 is 0.468

clique number: 10
unobserved tuple number: 3
gibbs sample time: 0.048306 seconds
probability of topic_ResearchProject_89 is 0.439

clique number: 3
unobserved tuple number: 1
gibbs sample time: 0.010439 seconds
probability of topic_Student_83 is 0.508

clique number: 41
unobserved tuple number: 13
gibbs sample time: 0.229363 seconds
probability of topic_Person_21 is 0.422

clique number: 2
unobserved tuple number: 1
gibbs sample time: 0.006923 seconds
probability of topic_Department_48 is 0.402

clique number: 5
unobserved tuple number: 2
gibbs sample time: 0.023926 seconds
probability of topic_Department_39 is 0.37

clique number: 39
unobserved tuple number: 12
gibbs sample time: 0.219203 seconds
probability of topic_Student_153 is 0.556

clique number: 2
unobserved tuple number: 1
gibbs sample time: 0.006952 seconds
probability of topic_Staff_16 is 0.454

clique number: 16
unobserved tuple number: 4
gibbs sample time: 0.078059 seconds
probability of topic_Department_43 is 0.267

clique number: 10
unobserved tuple number: 3
gibbs sample time: 0.046118 seconds
probability of topic_Person_26 is 0.592

clique number: 10
unobserved tuple number: 3
gibbs sample time: 0.048236 seconds
probability of topic_Course_26 is 0.538

clique number: 2
unobserved tuple number: 1
gibbs sample time: 0.006819 seconds
probability of topic_Person_8 is 0.545

clique number: 9
unobserved tuple number: 3
gibbs sample time: 0.050307 seconds
probability of topic_ResearchProject_108 is 0.429

clique number: 2
unobserved tuple number: 1
gibbs sample time: 0.007067 seconds
probability of topic_Student_57 is 0.482

clique number: 42
unobserved tuple number: 13
gibbs sample time: 0.229369 seconds
probability of topic_Staff_10 is 0.546

clique number: 16
unobserved tuple number: 4
gibbs sample time: 0.071634 seconds
probability of topic_Course_43 is 0.456

clique number: 3
unobserved tuple number: 1
gibbs sample time: 0.010901 seconds
probability of topic_Department_3 is 0.419

clique number: 4
unobserved tuple number: 1
gibbs sample time: 0.013535 seconds
probability of topic_Person_79 is 0.493

clique number: 2
unobserved tuple number: 1
gibbs sample time: 0.006809 seconds
probability of topic_Person_67 is 0.378

clique number: 4
unobserved tuple number: 1
gibbs sample time: 0.013577 seconds
probability of topic_Person_9 is 0.47

clique number: 2
unobserved tuple number: 1
gibbs sample time: 0.006759 seconds
probability of topic_Staff_8 is 0.557

clique number: 5
unobserved tuple number: 2
gibbs sample time: 0.024097 seconds
probability of topic_ResearchProject_177 is 0.623

clique number: 2
unobserved tuple number: 1
gibbs sample time: 0.007271 seconds
probability of topic_Student_42 is 0.587

clique number: 2
unobserved tuple number: 1
gibbs sample time: 0.007233 seconds
probability of topic_ResearchProject_4 is 0.512

clique number: 3
unobserved tuple number: 1
gibbs sample time: 0.010141 seconds
probability of topic_Course_27 is 0.391

clique number: 3
unobserved tuple number: 1
gibbs sample time: 0.010037 seconds
probability of topic_Person_11 is 0.039

clique number: 2
unobserved tuple number: 1
gibbs sample time: 0.00705 seconds
probability of topic_Student_30 is 0.507

clique number: 11
unobserved tuple number: 4
gibbs sample time: 0.062279 seconds
probability of topic_Course_18 is 0.401

clique number: 2
unobserved tuple number: 1
gibbs sample time: 0.007018 seconds
probability of topic_ResearchProject_29 is 0.394

clique number: 2
unobserved tuple number: 1
gibbs sample time: 0.006783 seconds
probability of topic_Course_54 is 0.585

clique number: 3
unobserved tuple number: 1
gibbs sample time: 0.010202 seconds
probability of topic_Person_84 is 0.622

clique number: 2
unobserved tuple number: 1
gibbs sample time: 0.007061 seconds
probability of topic_Faculty_66 is 0.414

clique number: 2
unobserved tuple number: 1
gibbs sample time: 0.006882 seconds
probability of topic_ResearchProject_52 is 0.477

clique number: 3
unobserved tuple number: 1
gibbs sample time: 0.0106 seconds
probability of topic_ResearchProject_73 is 0.57

clique number: 10
unobserved tuple number: 3
gibbs sample time: 0.045103 seconds
probability of topic_Staff_89 is 0.584

clique number: 5
unobserved tuple number: 2
gibbs sample time: 0.022309 seconds
probability of topic_Person_35 is 0.479

clique number: 6
unobserved tuple number: 2
gibbs sample time: 0.027671 seconds
probability of topic_Faculty_61 is 0.449

clique number: 2
unobserved tuple number: 1
gibbs sample time: 0.007287 seconds
probability of topic_Department_5 is 0.492

clique number: 10
unobserved tuple number: 3
gibbs sample time: 0.048762 seconds
probability of topic_ResearchProject_69 is 0.315

clique number: 40
unobserved tuple number: 13
gibbs sample time: 0.233705 seconds
probability of topic_Department_55 is 0.254

clique number: 7
unobserved tuple number: 2
gibbs sample time: 0.031228 seconds
probability of topic_Department_90 is 0.511

clique number: 10
unobserved tuple number: 3
gibbs sample time: 0.047316 seconds
probability of topic_Faculty_26 is 0.622

clique number: 5
unobserved tuple number: 2
gibbs sample time: 0.023346 seconds
probability of topic_Department_127 is 0.432

clique number: 11
unobserved tuple number: 4
gibbs sample time: 0.063908 seconds
probability of topic_Faculty_221 is 0.49

clique number: 9
unobserved tuple number: 3
gibbs sample time: 0.051447 seconds
probability of topic_ResearchProject_154 is 0.497

clique number: 11
unobserved tuple number: 4
gibbs sample time: 0.064278 seconds
probability of topic_Faculty_18 is 0.367

clique number: 2
unobserved tuple number: 1
gibbs sample time: 0.006695 seconds
probability of topic_Staff_1 is 0.508

clique number: 2
unobserved tuple number: 1
gibbs sample time: 0.00696 seconds
probability of topic_Staff_31 is 0.454

clique number: 10
unobserved tuple number: 3
gibbs sample time: 0.046398 seconds
probability of topic_Person_69 is 0.661

clique number: 3
unobserved tuple number: 1
gibbs sample time: 0.010495 seconds
probability of topic_Department_14 is 0.388

clique number: 2
unobserved tuple number: 1
gibbs sample time: 0.007276 seconds
probability of topic_Student_56 is 0.321

clique number: 41
unobserved tuple number: 13
gibbs sample time: 0.238044 seconds
probability of topic_ResearchProject_59 is 0.512

clique number: 2
unobserved tuple number: 1
gibbs sample time: 0.006574 seconds
probability of topic_Course_96 is 0.483

clique number: 9
unobserved tuple number: 3
gibbs sample time: 0.050759 seconds
probability of topic_Student_107 is 0.482

clique number: 42
unobserved tuple number: 13
gibbs sample time: 0.229016 seconds
probability of topic_Staff_153 is 0.624

clique number: 42
unobserved tuple number: 13
gibbs sample time: 0.236419 seconds
probability of topic_Course_51 is 0.46

clique number: 40
unobserved tuple number: 13
gibbs sample time: 0.232175 seconds
probability of topic_Department_189 is 0.492

clique number: 3
unobserved tuple number: 1
gibbs sample time: 0.01061 seconds
probability of topic_ResearchProject_86 is 0.508

clique number: 2
unobserved tuple number: 1
gibbs sample time: 0.007086 seconds
probability of topic_Person_95 is 0.433

clique number: 40
unobserved tuple number: 13
gibbs sample time: 0.234605 seconds
probability of topic_Department_10 is 0.639

clique number: 10
unobserved tuple number: 3
gibbs sample time: 0.046738 seconds
probability of topic_Student_49 is 0.716

clique number: 2
unobserved tuple number: 1
gibbs sample time: 0.006826 seconds
probability of topic_Staff_95 is 0.477

clique number: 3
unobserved tuple number: 1
gibbs sample time: 0.010836 seconds
probability of topic_ResearchProject_27 is 0.392

clique number: 40
unobserved tuple number: 13
gibbs sample time: 0.235774 seconds
probability of topic_Department_103 is 0.514

clique number: 2
unobserved tuple number: 1
gibbs sample time: 0.007079 seconds
probability of topic_Staff_29 is 0.586

clique number: 42
unobserved tuple number: 13
gibbs sample time: 0.238089 seconds
probability of topic_Faculty_189 is 0.534

clique number: 11
unobserved tuple number: 4
gibbs sample time: 0.063829 seconds
probability of topic_Faculty_20 is 0.442

clique number: 6
unobserved tuple number: 2
gibbs sample time: 0.027419 seconds
probability of topic_Student_78 is 0.686

clique number: 6
unobserved tuple number: 2
gibbs sample time: 0.0284 seconds
probability of topic_ResearchProject_61 is 0.348

clique number: 42
unobserved tuple number: 13
gibbs sample time: 0.237376 seconds
probability of topic_Course_46 is 0.433

clique number: 42
unobserved tuple number: 13
gibbs sample time: 0.237181 seconds
probability of topic_Course_10 is 0.474

clique number: 2
unobserved tuple number: 1
gibbs sample time: 0.007371 seconds
probability of topic_Department_76 is 0.46

clique number: 2
unobserved tuple number: 1
gibbs sample time: 0.006613 seconds
probability of topic_Person_16 is 0.503

clique number: 3
unobserved tuple number: 1
gibbs sample time: 0.010912 seconds
probability of topic_Student_86 is 0.461

clique number: 2
unobserved tuple number: 1
gibbs sample time: 0.007023 seconds
probability of topic_Faculty_42 is 0.65

clique number: 8
unobserved tuple number: 3
gibbs sample time: 0.041469 seconds
probability of topic_Faculty_19 is 0.492

clique number: 3
unobserved tuple number: 1
gibbs sample time: 0.010818 seconds
probability of topic_Student_27 is 0.494

clique number: 2
unobserved tuple number: 1
gibbs sample time: 0.006771 seconds
probability of topic_Faculty_8 is 0.478

clique number: 2
unobserved tuple number: 1
gibbs sample time: 0.006586 seconds
probability of topic_Staff_48 is 0.48

clique number: 16
unobserved tuple number: 4
gibbs sample time: 0.077421 seconds
probability of topic_Department_68 is 0.491

clique number: 2
unobserved tuple number: 1
gibbs sample time: 0.006804 seconds
probability of topic_Person_64 is 0.484

clique number: 9
unobserved tuple number: 3
gibbs sample time: 0.047175 seconds
probability of topic_Staff_107 is 0.441

clique number: 2
unobserved tuple number: 1
gibbs sample time: 0.00704 seconds
probability of topic_Faculty_54 is 0.499

clique number: 16
unobserved tuple number: 4
gibbs sample time: 0.071834 seconds
probability of topic_Course_88 is 0.322

clique number: 3
unobserved tuple number: 1
gibbs sample time: 0.010783 seconds
probability of topic_Department_11 is 0.321

clique number: 8
unobserved tuple number: 3
gibbs sample time: 0.040625 seconds
probability of topic_Course_19 is 0.702

clique number: 6
unobserved tuple number: 2
gibbs sample time: 0.027212 seconds
probability of topic_Student_85 is 0.682

clique number: 16
unobserved tuple number: 4
gibbs sample time: 0.078162 seconds
probability of topic_ResearchProject_68 is 0.455

clique number: 3
unobserved tuple number: 1
gibbs sample time: 0.010879 seconds
probability of topic_ResearchProject_15 is 0.456

clique number: 6
unobserved tuple number: 2
gibbs sample time: 0.031148 seconds
probability of topic_Course_71 is 0.431

clique number: 8
unobserved tuple number: 3
gibbs sample time: 0.040756 seconds
probability of topic_Course_127 is 0.464

clique number: 2
unobserved tuple number: 1
gibbs sample time: 0.00693 seconds
probability of topic_Course_32 is 0.449

clique number: 6
unobserved tuple number: 2
gibbs sample time: 0.026471 seconds
probability of topic_Staff_90 is 0.614

clique number: 5
unobserved tuple number: 2
gibbs sample time: 0.026612 seconds
probability of topic_Person_93 is 0.46

clique number: 42
unobserved tuple number: 13
gibbs sample time: 0.236752 seconds
probability of topic_Course_103 is 0.484

clique number: 2
unobserved tuple number: 1
gibbs sample time: 0.006909 seconds
probability of topic_Person_4 is 0.527

clique number: 3
unobserved tuple number: 1
gibbs sample time: 0.010464 seconds
probability of topic_Staff_83 is 0.54

clique number: 16
unobserved tuple number: 4
gibbs sample time: 0.077605 seconds
probability of topic_Department_88 is 0.577

clique number: 2
unobserved tuple number: 1
gibbs sample time: 0.006835 seconds
probability of topic_Person_13 is 0.499

clique number: 3
unobserved tuple number: 1
gibbs sample time: 0.010541 seconds
probability of topic_Faculty_27 is 0.403

clique number: 2
unobserved tuple number: 1
gibbs sample time: 0.006788 seconds
probability of topic_Person_57 is 0.472

clique number: 10
unobserved tuple number: 3
gibbs sample time: 0.047795 seconds
probability of topic_Student_12 is 0.481

clique number: 2
unobserved tuple number: 1
gibbs sample time: 0.007092 seconds
probability of topic_Department_42 is 0.406

clique number: 41
unobserved tuple number: 13
gibbs sample time: 0.238088 seconds
probability of topic_ResearchProject_103 is 0.479

clique number: 10
unobserved tuple number: 3
gibbs sample time: 0.045293 seconds
probability of topic_Staff_49 is 0.439

clique number: 3
unobserved tuple number: 1
gibbs sample time: 0.010455 seconds
probability of topic_Faculty_11 is 0.371

clique number: 2
unobserved tuple number: 1
gibbs sample time: 0.006852 seconds
probability of topic_ResearchProject_25 is 0.45

clique number: 9
unobserved tuple number: 3
gibbs sample time: 0.051284 seconds
probability of topic_ResearchProject_65 is 0.49

clique number: 9
unobserved tuple number: 3
gibbs sample time: 0.051294 seconds
probability of topic_ResearchProject_107 is 0.441

clique number: 2
unobserved tuple number: 1
gibbs sample time: 0.006866 seconds
probability of topic_ResearchProject_38 is 0.526

clique number: 6
unobserved tuple number: 2
gibbs sample time: 0.030688 seconds
probability of topic_Staff_71 is 0.416

clique number: 42
unobserved tuple number: 13
gibbs sample time: 0.238713 seconds
probability of topic_Faculty_10 is 0.445

clique number: 2
unobserved tuple number: 1
gibbs sample time: 0.006827 seconds
probability of topic_Student_53 is 0.483

clique number: 2
unobserved tuple number: 1
gibbs sample time: 0.00659 seconds
probability of topic_Person_28 is 0.504

clique number: 2
unobserved tuple number: 1
gibbs sample time: 0.006841 seconds
probability of topic_ResearchProject_60 is 0.497

clique number: 2
unobserved tuple number: 1
gibbs sample time: 0.006809 seconds
probability of topic_Course_24 is 0.425

clique number: 2
unobserved tuple number: 1
gibbs sample time: 0.007015 seconds
probability of topic_Staff_22 is 0.581

clique number: 4
unobserved tuple number: 1
gibbs sample time: 0.013495 seconds
probability of topic_Course_79 is 0.393

clique number: 12
unobserved tuple number: 4
gibbs sample time: 0.066176 seconds
probability of topic_Staff_221 is 0.485

clique number: 10
unobserved tuple number: 3
gibbs sample time: 0.047702 seconds
probability of topic_Course_146 is 0.42

clique number: 2
unobserved tuple number: 1
gibbs sample time: 0.007039 seconds
probability of topic_Course_67 is 0.578

clique number: 3
unobserved tuple number: 1
gibbs sample time: 0.010252 seconds
probability of topic_Course_45 is 0.505

clique number: 16
unobserved tuple number: 4
gibbs sample time: 0.07809 seconds
probability of topic_Department_40 is 0.628

clique number: 9
unobserved tuple number: 3
gibbs sample time: 0.048697 seconds
probability of topic_Student_7 is 0.489

clique number: 2
unobserved tuple number: 1
gibbs sample time: 0.006753 seconds
probability of topic_Course_13 is 0.46

clique number: 2
unobserved tuple number: 1
gibbs sample time: 0.00733 seconds
probability of topic_Department_64 is 0.49

clique number: 2
unobserved tuple number: 1
gibbs sample time: 0.006563 seconds
probability of topic_Staff_91 is 0.472

clique number: 8
unobserved tuple number: 3
gibbs sample time: 0.039526 seconds
probability of topic_Staff_19 is 0.505

clique number: 5
unobserved tuple number: 2
gibbs sample time: 0.023757 seconds
probability of topic_ResearchProject_22 is 0.622

clique number: 2
unobserved tuple number: 1
gibbs sample time: 0.006778 seconds
probability of topic_Staff_81 is 0.449

clique number: 2
unobserved tuple number: 1
gibbs sample time: 0.007034 seconds
probability of topic_Faculty_32 is 0.402

clique number: 41
unobserved tuple number: 13
gibbs sample time: 0.237871 seconds
probability of topic_ResearchProject_55 is 0.57

clique number: 41
unobserved tuple number: 13
gibbs sample time: 0.228986 seconds
probability of topic_Person_153 is 0.559

clique number: 11
unobserved tuple number: 4
gibbs sample time: 0.062388 seconds
probability of topic_Course_221 is 0.482

clique number: 2
unobserved tuple number: 1
gibbs sample time: 0.007036 seconds
probability of topic_Person_25 is 0.507

clique number: 6
unobserved tuple number: 2
gibbs sample time: 0.026754 seconds
probability of topic_Course_85 is 0.471

clique number: 2
unobserved tuple number: 1
gibbs sample time: 0.006573 seconds
probability of topic_Staff_99 is 0.482

clique number: 2
unobserved tuple number: 1
gibbs sample time: 0.007011 seconds
probability of topic_Faculty_62 is 0.434

clique number: 2
unobserved tuple number: 1
gibbs sample time: 0.00685 seconds
probability of topic_ResearchProject_53 is 0.434

clique number: 3
unobserved tuple number: 1
gibbs sample time: 0.010613 seconds
probability of topic_Department_86 is 0.425

clique number: 3
unobserved tuple number: 1
gibbs sample time: 0.010213 seconds
probability of topic_Person_15 is 0.498

clique number: 5
unobserved tuple number: 2
gibbs sample time: 0.023435 seconds
probability of topic_ResearchProject_34 is 0.544

clique number: 2
unobserved tuple number: 1
gibbs sample time: 0.007113 seconds
probability of topic_Department_37 is 0.436

clique number: 5
unobserved tuple number: 2
gibbs sample time: 0.023636 seconds
probability of topic_Department_34 is 0.493

clique number: 8
unobserved tuple number: 3
gibbs sample time: 0.044831 seconds
probability of topic_Person_20 is 0.533

clique number: 2
unobserved tuple number: 1
gibbs sample time: 0.006556 seconds
probability of topic_Staff_53 is 0.464

clique number: 42
unobserved tuple number: 13
gibbs sample time: 0.236798 seconds
probability of topic_Course_113 is 0.345

clique number: 10
unobserved tuple number: 3
gibbs sample time: 0.046531 seconds
probability of topic_Person_30 is 0.478

clique number: 3
unobserved tuple number: 1
gibbs sample time: 0.010514 seconds
probability of topic_ResearchProject_11 is 0.248

clique number: 2
unobserved tuple number: 1
gibbs sample time: 0.007008 seconds
probability of topic_Student_32 is 0.483

clique number: 2
unobserved tuple number: 1
gibbs sample time: 0.006907 seconds
probability of topic_Department_99 is 0.422

clique number: 42
unobserved tuple number: 13
gibbs sample time: 0.229364 seconds
probability of topic_Staff_113 is 0.441

clique number: 2
unobserved tuple number: 1
gibbs sample time: 0.006633 seconds
probability of topic_Faculty_2 is 0.523

clique number: 2
unobserved tuple number: 1
gibbs sample time: 0.006985 seconds
probability of topic_ResearchProject_87 is 0.476

clique number: 9
unobserved tuple number: 3
gibbs sample time: 0.048662 seconds
probability of topic_Staff_65 is 0.407

clique number: 2
unobserved tuple number: 1
gibbs sample time: 0.007092 seconds
probability of topic_ResearchProject_66 is 0.451

clique number: 10
unobserved tuple number: 3
gibbs sample time: 0.047436 seconds
probability of topic_Person_146 is 0.612

clique number: 9
unobserved tuple number: 3
gibbs sample time: 0.049609 seconds
probability of topic_Faculty_108 is 0.431

clique number: 6
unobserved tuple number: 2
gibbs sample time: 0.027656 seconds
probability of topic_Student_90 is 0.607

clique number: 2
unobserved tuple number: 1
gibbs sample time: 0.006951 seconds
probability of topic_Course_62 is 0.432

clique number: 2
unobserved tuple number: 1
gibbs sample time: 0.006923 seconds
probability of topic_Department_60 is 0.4

clique number: 2
unobserved tuple number: 1
gibbs sample time: 0.006957 seconds
probability of topic_Student_48 is 0.458

clique number: 6
unobserved tuple number: 2
gibbs sample time: 0.025791 seconds
probability of topic_Course_39 is 0.648

clique number: 5
unobserved tuple number: 2
gibbs sample time: 0.022466 seconds
probability of topic_Staff_41 is 0.448

clique number: 6
unobserved tuple number: 2
gibbs sample time: 0.031867 seconds
probability of topic_ResearchProject_93 is 0.47

clique number: 3
unobserved tuple number: 1
gibbs sample time: 0.01016 seconds
probability of topic_Person_38 is 0.379

clique number: 16
unobserved tuple number: 4
gibbs sample time: 0.076525 seconds
probability of topic_Faculty_68 is 0.413

clique number: 5
unobserved tuple number: 2
gibbs sample time: 0.022566 seconds
probability of topic_Staff_177 is 0.536

clique number: 9
unobserved tuple number: 3
gibbs sample time: 0.049159 seconds
probability of topic_Department_108 is 0.467

clique number: 10
unobserved tuple number: 3
gibbs sample time: 0.04723 seconds
probability of topic_Staff_168 is 0.661

clique number: 42
unobserved tuple number: 13
gibbs sample time: 0.229231 seconds
probability of topic_Staff_189 is 0.53

clique number: 10
unobserved tuple number: 3
gibbs sample time: 0.048385 seconds
probability of topic_Department_69 is 0.405

clique number: 6
unobserved tuple number: 2
gibbs sample time: 0.02711 seconds
probability of topic_Course_44 is 0.304

clique number: 6
unobserved tuple number: 2
gibbs sample time: 0.031903 seconds
probability of topic_Course_108 is 0.422

clique number: 2
unobserved tuple number: 1
gibbs sample time: 0.006919 seconds
probability of topic_Department_87 is 0.371

clique number: 2
unobserved tuple number: 1
gibbs sample time: 0.006797 seconds
probability of topic_Person_53 is 0.479

clique number: 2
unobserved tuple number: 1
gibbs sample time: 0.006804 seconds
probability of topic_Staff_2 is 0.747

clique number: 11
unobserved tuple number: 4
gibbs sample time: 0.063828 seconds
probability of topic_Faculty_102 is 0.487

clique number: 42
unobserved tuple number: 13
gibbs sample time: 0.238789 seconds
probability of topic_Faculty_75 is 0.394

clique number: 6
unobserved tuple number: 2
gibbs sample time: 0.027024 seconds
probability of topic_Faculty_128 is 0.406

clique number: 9
unobserved tuple number: 3
gibbs sample time: 0.049665 seconds
probability of topic_Person_154 is 0.42

clique number: 42
unobserved tuple number: 13
gibbs sample time: 0.237365 seconds
probability of topic_Course_159 is 0.52

clique number: 2
unobserved tuple number: 1
gibbs sample time: 0.007051 seconds
probability of topic_Faculty_81 is 0.391

clique number: 2
unobserved tuple number: 1
gibbs sample time: 0.007183 seconds
probability of topic_Department_24 is 0.628

clique number: 2
unobserved tuple number: 1
gibbs sample time: 0.007235 seconds
probability of topic_Department_17 is 0.594

clique number: 6
unobserved tuple number: 2
gibbs sample time: 0.02658 seconds
probability of topic_Course_61 is 0.353

clique number: 3
unobserved tuple number: 1
gibbs sample time: 0.010168 seconds
probability of topic_Person_83 is 0.501

clique number: 10
unobserved tuple number: 3
gibbs sample time: 0.047272 seconds
probability of topic_Person_47 is 0.481

clique number: 42
unobserved tuple number: 13
gibbs sample time: 0.238394 seconds
probability of topic_Faculty_50 is 0.513

clique number: 5
unobserved tuple number: 2
gibbs sample time: 0.02381 seconds
probability of topic_Department_61 is 0.33

clique number: 2
unobserved tuple number: 1
gibbs sample time: 0.00659 seconds
probability of topic_Student_1 is 0.464

clique number: 2
unobserved tuple number: 1
gibbs sample time: 0.006901 seconds
probability of topic_Department_16 is 0.48

clique number: 3
unobserved tuple number: 1
gibbs sample time: 0.009996 seconds
probability of topic_Staff_58 is 0.449

clique number: 5
unobserved tuple number: 2
gibbs sample time: 0.023196 seconds
probability of topic_Student_33 is 0.672

clique number: 2
unobserved tuple number: 1
gibbs sample time: 0.007374 seconds
probability of topic_Faculty_64 is 0.49

clique number: 5
unobserved tuple number: 2
gibbs sample time: 0.023139 seconds
probability of topic_Student_127 is 0.479

clique number: 3
unobserved tuple number: 1
gibbs sample time: 0.010474 seconds
probability of topic_Faculty_38 is 0.57

clique number: 2
unobserved tuple number: 1
gibbs sample time: 0.006932 seconds
probability of topic_ResearchProject_98 is 0.641

clique number: 4
unobserved tuple number: 1
gibbs sample time: 0.014016 seconds
probability of topic_Student_79 is 0.425

clique number: 2
unobserved tuple number: 1
gibbs sample time: 0.006843 seconds
probability of topic_Staff_54 is 0.511

clique number: 2
unobserved tuple number: 1
gibbs sample time: 0.007112 seconds
probability of topic_ResearchProject_32 is 0.634

clique number: 41
unobserved tuple number: 13
gibbs sample time: 0.228688 seconds
probability of topic_Person_46 is 0.507

clique number: 2
unobserved tuple number: 1
gibbs sample time: 0.00671 seconds
probability of topic_Course_99 is 0.634

clique number: 2
unobserved tuple number: 1
gibbs sample time: 0.007246 seconds
probability of topic_Student_77 is 0.579

clique number: 2
unobserved tuple number: 1
gibbs sample time: 0.007011 seconds
probability of topic_Student_67 is 0.438

clique number: 3
unobserved tuple number: 1
gibbs sample time: 0.010572 seconds
probability of topic_Department_38 is 0.581

clique number: 2
unobserved tuple number: 1
gibbs sample time: 0.006563 seconds
probability of topic_Student_6 is 0.464

clique number: 41
unobserved tuple number: 13
gibbs sample time: 0.238121 seconds
probability of topic_ResearchProject_51 is 0.386

clique number: 15
unobserved tuple number: 4
gibbs sample time: 0.075799 seconds
probability of topic_Student_88 is 0.326

clique number: 42
unobserved tuple number: 13
gibbs sample time: 0.229555 seconds
probability of topic_Staff_50 is 0.455

clique number: 6
unobserved tuple number: 2
gibbs sample time: 0.030675 seconds
probability of topic_Staff_93 is 0.413

clique number: 2
unobserved tuple number: 1
gibbs sample time: 0.006633 seconds
probability of topic_Person_2 is 0.588

clique number: 2
unobserved tuple number: 1
gibbs sample time: 0.007022 seconds
probability of topic_ResearchProject_42 is 0.511

clique number: 2
unobserved tuple number: 1
gibbs sample time: 0.007131 seconds
probability of topic_Staff_64 is 0.49

clique number: 3
unobserved tuple number: 1
gibbs sample time: 0.010173 seconds
probability of topic_Course_15 is 0.435

clique number: 2
unobserved tuple number: 1
gibbs sample time: 0.006914 seconds
probability of topic_Staff_4 is 0.482

clique number: 16
unobserved tuple number: 4
gibbs sample time: 0.071908 seconds
probability of topic_Course_68 is 0.436

clique number: 10
unobserved tuple number: 3
gibbs sample time: 0.051777 seconds
probability of topic_Department_89 is 0.69

clique number: 9
unobserved tuple number: 3
gibbs sample time: 0.050669 seconds
probability of topic_ResearchProject_94 is 0.433

clique number: 6
unobserved tuple number: 2
gibbs sample time: 0.032234 seconds
probability of topic_Course_94 is 0.413

clique number: 9
unobserved tuple number: 3
gibbs sample time: 0.050375 seconds
probability of topic_ResearchProject_7 is 0.475

clique number: 11
unobserved tuple number: 4
gibbs sample time: 0.061855 seconds
probability of topic_Course_20 is 0.487

clique number: 8
unobserved tuple number: 3
gibbs sample time: 0.041521 seconds
probability of topic_Faculty_33 is 0.467

clique number: 2
unobserved tuple number: 1
gibbs sample time: 0.006989 seconds
probability of topic_Student_62 is 0.496

clique number: 2
unobserved tuple number: 1
gibbs sample time: 0.00691 seconds
probability of topic_Course_76 is 0.46

clique number: 40
unobserved tuple number: 13
gibbs sample time: 0.232991 seconds
probability of topic_Department_153 is 0.681

clique number: 2
unobserved tuple number: 1
gibbs sample time: 0.006536 seconds
probability of topic_Course_52 is 0.423

clique number: 7
unobserved tuple number: 2
gibbs sample time: 0.030131 seconds
probability of topic_Course_90 is 0.373

clique number: 10
unobserved tuple number: 3
gibbs sample time: 0.046405 seconds
probability of topic_Person_168 is 0.514

clique number: 2
unobserved tuple number: 1
gibbs sample time: 0.006544 seconds
probability of topic_Person_70 is 0.382

clique number: 2
unobserved tuple number: 1
gibbs sample time: 0.006998 seconds
probability of topic_Faculty_95 is 0.591

clique number: 9
unobserved tuple number: 3
gibbs sample time: 0.04921 seconds
probability of topic_Faculty_107 is 0.401

clique number: 2
unobserved tuple number: 1
gibbs sample time: 0.007107 seconds
probability of topic_Department_77 is 0.461

clique number: 2
unobserved tuple number: 1
gibbs sample time: 0.007041 seconds
probability of topic_ResearchProject_28 is 0.438

clique number: 16
unobserved tuple number: 4
gibbs sample time: 0.072233 seconds
probability of topic_Person_40 is 0.611

clique number: 2
unobserved tuple number: 1
gibbs sample time: 0.007111 seconds
probability of topic_Department_62 is 0.48

clique number: 2
unobserved tuple number: 1
gibbs sample time: 0.006575 seconds
probability of topic_Person_80 is 0.434

clique number: 5
unobserved tuple number: 2
gibbs sample time: 0.022417 seconds
probability of topic_Person_22 is 0.377

clique number: 42
unobserved tuple number: 13
gibbs sample time: 0.229348 seconds
probability of topic_Staff_55 is 0.435

clique number: 4
unobserved tuple number: 1
gibbs sample time: 0.013806 seconds
probability of topic_Staff_79 is 0.569

clique number: 3
unobserved tuple number: 1
gibbs sample time: 0.010245 seconds
probability of topic_Course_84 is 0.588

clique number: 2
unobserved tuple number: 1
gibbs sample time: 0.006753 seconds
probability of topic_Course_74 is 0.426

clique number: 2
unobserved tuple number: 1
gibbs sample time: 0.006626 seconds
probability of topic_Staff_98 is 0.484

clique number: 2
unobserved tuple number: 1
gibbs sample time: 0.007044 seconds
probability of topic_ResearchProject_74 is 0.427

clique number: 3
unobserved tuple number: 1
gibbs sample time: 0.010791 seconds
probability of topic_Student_14 is 0.497

clique number: 6
unobserved tuple number: 2
gibbs sample time: 0.028762 seconds
probability of topic_Student_61 is 0.082

clique number: 2
unobserved tuple number: 1
gibbs sample time: 0.006763 seconds
probability of topic_Staff_57 is 0.502

clique number: 39
unobserved tuple number: 12
gibbs sample time: 0.218819 seconds
probability of topic_Student_51 is 0.489

clique number: 6
unobserved tuple number: 2
gibbs sample time: 0.028763 seconds
probability of topic_Student_39 is 0.316

clique number: 2
unobserved tuple number: 1
gibbs sample time: 0.006788 seconds
probability of topic_Person_36 is 0.563

clique number: 3
unobserved tuple number: 1
gibbs sample time: 0.010011 seconds
probability of topic_Course_14 is 0.456

clique number: 8
unobserved tuple number: 3
gibbs sample time: 0.041482 seconds
probability of topic_ResearchProject_19 is 0.526

clique number: 6
unobserved tuple number: 2
gibbs sample time: 0.026948 seconds
probability of topic_Person_44 is 0.542

clique number: 2
unobserved tuple number: 1
gibbs sample time: 0.006951 seconds
probability of topic_Student_23 is 0.537

clique number: 5
unobserved tuple number: 2
gibbs sample time: 0.026743 seconds
probability of topic_Person_71 is 0.514

clique number: 2
unobserved tuple number: 1
gibbs sample time: 0.007245 seconds
probability of topic_Student_17 is 0.267

clique number: 5
unobserved tuple number: 2
gibbs sample time: 0.023796 seconds
probability of topic_Course_41 is 0.399

clique number: 6
unobserved tuple number: 2
gibbs sample time: 0.027593 seconds
probability of topic_Student_44 is 0.476

clique number: 2
unobserved tuple number: 1
gibbs sample time: 0.007456 seconds
probability of topic_Department_29 is 0.708

clique number: 42
unobserved tuple number: 13
gibbs sample time: 0.237358 seconds
probability of topic_Course_50 is 0.389

clique number: 5
unobserved tuple number: 2
gibbs sample time: 0.02408 seconds
probability of topic_Course_177 is 0.55

clique number: 2
unobserved tuple number: 1
gibbs sample time: 0.006796 seconds
probability of topic_Staff_32 is 0.602

clique number: 2
unobserved tuple number: 1
gibbs sample time: 0.006843 seconds
probability of topic_Faculty_63 is 0.508

clique number: 3
unobserved tuple number: 1
gibbs sample time: 0.010792 seconds
probability of topic_Faculty_69 is 0.427

clique number: 2
unobserved tuple number: 1
gibbs sample time: 0.007052 seconds
probability of topic_ResearchProject_48 is 0.392

clique number: 2
unobserved tuple number: 1
gibbs sample time: 0.007081 seconds
probability of topic_Faculty_87 is 0.502

clique number: 5
unobserved tuple number: 2
gibbs sample time: 0.023867 seconds
probability of topic_ResearchProject_41 is 0.364

clique number: 9
unobserved tuple number: 3
gibbs sample time: 0.048517 seconds
probability of topic_Person_7 is 0.494

clique number: 2
unobserved tuple number: 1
gibbs sample time: 0.007091 seconds
probability of topic_Student_28 is 0.501

clique number: 5
unobserved tuple number: 2
gibbs sample time: 0.022975 seconds
probability of topic_Person_34 is 0.4

clique number: 5
unobserved tuple number: 2
gibbs sample time: 0.023411 seconds
probability of topic_Person_119 is 0.494

clique number: 2
unobserved tuple number: 1
gibbs sample time: 0.007084 seconds
probability of topic_ResearchProject_63 is 0.449

clique number: 2
unobserved tuple number: 1
gibbs sample time: 0.006678 seconds
probability of topic_Staff_60 is 0.377

clique number: 2
unobserved tuple number: 1
gibbs sample time: 0.007023 seconds
probability of topic_ResearchProject_56 is 0.547

clique number: 6
unobserved tuple number: 2
gibbs sample time: 0.030288 seconds
probability of topic_Course_93 is 0.434

clique number: 2
unobserved tuple number: 1
gibbs sample time: 0.006811 seconds
probability of topic_Course_57 is 0.575

clique number: 2
unobserved tuple number: 1
gibbs sample time: 0.006562 seconds
probability of topic_Staff_14 is 0.438

clique number: 2
unobserved tuple number: 1
gibbs sample time: 0.006572 seconds
probability of topic_Course_63 is 0.494

clique number: 39
unobserved tuple number: 12
gibbs sample time: 0.231226 seconds
probability of topic_Student_46 is 0.491

clique number: 2
unobserved tuple number: 1
gibbs sample time: 0.007434 seconds
probability of topic_Faculty_16 is 0.428

clique number: 9
unobserved tuple number: 3
gibbs sample time: 0.053486 seconds
probability of topic_Faculty_154 is 0.48

clique number: 3
unobserved tuple number: 1
gibbs sample time: 0.011364 seconds
probability of topic_Department_85 is 0.566

clique number: 2
unobserved tuple number: 1
gibbs sample time: 0.006742 seconds
probability of topic_Person_98 is 0.725

clique number: 9
unobserved tuple number: 3
gibbs sample time: 0.045747 seconds
probability of topic_Department_12 is 0.48

clique number: 10
unobserved tuple number: 3
gibbs sample time: 0.049766 seconds
probability of topic_Course_69 is 0.389

clique number: 2
unobserved tuple number: 1
gibbs sample time: 0.006739 seconds
probability of topic_Staff_63 is 0.549

clique number: 10
unobserved tuple number: 3
gibbs sample time: 0.049071 seconds
probability of topic_Staff_30 is 0.468

clique number: 6
unobserved tuple number: 2
gibbs sample time: 0.028319 seconds
probability of topic_Student_128 is 0.552

clique number: 16
unobserved tuple number: 4
gibbs sample time: 0.078382 seconds
probability of topic_Faculty_88 is 0.454

clique number: 3
unobserved tuple number: 1
gibbs sample time: 0.011258 seconds
probability of topic_Faculty_83 is 0.507

clique number: 3
unobserved tuple number: 1
gibbs sample time: 0.010813 seconds
probability of topic_Department_84 is 0.539

clique number: 8
unobserved tuple number: 3
gibbs sample time: 0.041287 seconds
probability of topic_Person_127 is 0.556

clique number: 6
unobserved tuple number: 2
gibbs sample time: 0.032808 seconds
probability of topic_Student_71 is 0.522

clique number: 2
unobserved tuple number: 1
gibbs sample time: 0.007509 seconds
probability of topic_Faculty_92 is 0.4

clique number: 15
unobserved tuple number: 4
gibbs sample time: 0.078894 seconds
probability of topic_Student_68 is 0.501

clique number: 4
unobserved tuple number: 1
gibbs sample time: 0.01349 seconds
probability of topic_Course_9 is 0.418

clique number: 10
unobserved tuple number: 3
gibbs sample time: 0.047295 seconds
probability of topic_Person_49 is 0.706

clique number: 10
unobserved tuple number: 3
gibbs sample time: 0.049753 seconds
probability of topic_Person_12 is 0.449

clique number: 3
unobserved tuple number: 1
gibbs sample time: 0.010579 seconds
probability of topic_Student_3 is 0.434

clique number: 3
unobserved tuple number: 1
gibbs sample time: 0.010779 seconds
probability of topic_Faculty_14 is 0.61

clique number: 2
unobserved tuple number: 1
gibbs sample time: 0.007056 seconds
probability of topic_Person_72 is 0.478

clique number: 3
unobserved tuple number: 1
gibbs sample time: 0.01121 seconds
probability of topic_Student_31 is 0.641

clique number: 2
unobserved tuple number: 1
gibbs sample time: 0.007249 seconds
probability of topic_ResearchProject_36 is 0.407

clique number: 10
unobserved tuple number: 3
gibbs sample time: 0.049524 seconds
probability of topic_Department_30 is 0.441

clique number: 3
unobserved tuple number: 1
gibbs sample time: 0.011184 seconds
probability of topic_Faculty_45 is 0.475

clique number: 2
unobserved tuple number: 1
gibbs sample time: 0.007157 seconds
probability of topic_Department_23 is 0.432

clique number: 3
unobserved tuple number: 1
gibbs sample time: 0.010843 seconds
probability of topic_Student_73 is 0.459

clique number: 2
unobserved tuple number: 1
gibbs sample time: 0.007441 seconds
probability of topic_Student_54 is 0.39

clique number: 2
unobserved tuple number: 1
gibbs sample time: 0.007071 seconds
probability of topic_ResearchProject_13 is 0.513

clique number: 3
unobserved tuple number: 1
gibbs sample time: 0.012147 seconds
probability of topic_ResearchProject_83 is 0.436

clique number: 2
unobserved tuple number: 1
gibbs sample time: 0.007762 seconds
probability of topic_Student_37 is 0.511

clique number: 4
unobserved tuple number: 1
gibbs sample time: 0.014401 seconds
probability of topic_Staff_82 is 0.473

clique number: 5
unobserved tuple number: 2
gibbs sample time: 0.025407 seconds
probability of topic_Person_41 is 0.793

clique number: 2
unobserved tuple number: 1
gibbs sample time: 0.007337 seconds
probability of topic_Faculty_4 is 0.53

clique number: 2
unobserved tuple number: 1
gibbs sample time: 0.007526 seconds
probability of topic_Faculty_37 is 0.471

clique number: 42
unobserved tuple number: 13
gibbs sample time: 0.241657 seconds
probability of topic_Faculty_46 is 0.396

clique number: 3
unobserved tuple number: 1
gibbs sample time: 0.010436 seconds
probability of topic_Course_31 is 0.488

clique number: 5
unobserved tuple number: 2
gibbs sample time: 0.023871 seconds
probability of topic_Department_33 is 0.643

clique number: 2
unobserved tuple number: 1
gibbs sample time: 0.007183 seconds
probability of topic_Staff_17 is 0.461

clique number: 3
unobserved tuple number: 1
gibbs sample time: 0.011032 seconds
probability of topic_Department_45 is 0.457

clique number: 10
unobserved tuple number: 3
gibbs sample time: 0.046965 seconds
probability of topic_Student_89 is 0.402

clique number: 10
unobserved tuple number: 3
gibbs sample time: 0.050751 seconds
probability of topic_Department_26 is 0.6

clique number: 8
unobserved tuple number: 3
gibbs sample time: 0.041555 seconds
probability of topic_Faculty_127 is 0.579

clique number: 2
unobserved tuple number: 1
gibbs sample time: 0.006814 seconds
probability of topic_Course_42 is 0.53

clique number: 5
unobserved tuple number: 2
gibbs sample time: 0.023431 seconds
probability of topic_Faculty_119 is 0.484

clique number: 5
unobserved tuple number: 2
gibbs sample time: 0.022313 seconds
probability of topic_Staff_34 is 0.485

clique number: 3
unobserved tuple number: 1
gibbs sample time: 0.010577 seconds
probability of topic_Faculty_86 is 0.377

clique number: 5
unobserved tuple number: 2
gibbs sample time: 0.022023 seconds
probability of topic_Staff_119 is 0.487

clique number: 16
unobserved tuple number: 4
gibbs sample time: 0.071857 seconds
probability of topic_Course_40 is 0.575

clique number: 2
unobserved tuple number: 1
gibbs sample time: 0.006854 seconds
probability of topic_Student_80 is 0.482

clique number: 6
unobserved tuple number: 2
gibbs sample time: 0.027398 seconds
probability of topic_Faculty_39 is 0.43

clique number: 2
unobserved tuple number: 1
gibbs sample time: 0.006877 seconds
probability of topic_Faculty_25 is 0.497

clique number: 8
unobserved tuple number: 3
gibbs sample time: 0.044847 seconds
probability of topic_Person_18 is 0.492

clique number: 16
unobserved tuple number: 4
gibbs sample time: 0.076156 seconds
probability of topic_Faculty_40 is 0.587

clique number: 7
unobserved tuple number: 2
gibbs sample time: 0.031398 seconds
probability of topic_Faculty_90 is 0.513

clique number: 9
unobserved tuple number: 3
gibbs sample time: 0.047274 seconds
probability of topic_Staff_154 is 0.473

clique number: 10
unobserved tuple number: 3
gibbs sample time: 0.048437 seconds
probability of topic_Course_30 is 0.515

clique number: 2
unobserved tuple number: 1
gibbs sample time: 0.007066 seconds
probability of topic_Faculty_29 is 0.699

clique number: 2
unobserved tuple number: 1
gibbs sample time: 0.006861 seconds
probability of topic_Person_63 is 0.52

clique number: 2
unobserved tuple number: 1
gibbs sample time: 0.006915 seconds
probability of topic_Student_87 is 0.632

clique number: 7
unobserved tuple number: 2
gibbs sample time: 0.03117 seconds
probability of topic_Faculty_78 is 0.532

clique number: 3
unobserved tuple number: 1
gibbs sample time: 0.010618 seconds
probability of topic_Department_83 is 0.416

clique number: 2
unobserved tuple number: 1
gibbs sample time: 0.0071 seconds
probability of topic_Person_32 is 0.465

clique number: 10
unobserved tuple number: 3
gibbs sample time: 0.044758 seconds
probability of topic_Staff_26 is 0.43

clique number: 2
unobserved tuple number: 1
gibbs sample time: 0.007053 seconds
probability of topic_ResearchProject_17 is 0.471

clique number: 5
unobserved tuple number: 2
gibbs sample time: 0.023878 seconds
probability of topic_Faculty_22 is 0.376

clique number: 10
unobserved tuple number: 3
gibbs sample time: 0.048189 seconds
probability of topic_Student_47 is 0.446

clique number: 9
unobserved tuple number: 3
gibbs sample time: 0.049934 seconds
probability of topic_Faculty_94 is 0.407

clique number: 41
unobserved tuple number: 13
gibbs sample time: 0.230396 seconds
probability of topic_Person_50 is 0.577

clique number: 9
unobserved tuple number: 3
gibbs sample time: 0.050221 seconds
probability of topic_Faculty_7 is 0.465

clique number: 3
unobserved tuple number: 1
gibbs sample time: 0.010777 seconds
probability of topic_ResearchProject_45 is 0.458

clique number: 2
unobserved tuple number: 1
gibbs sample time: 0.00669 seconds
probability of topic_Person_96 is 0.545

clique number: 2
unobserved tuple number: 1
gibbs sample time: 0.007041 seconds
probability of topic_Course_73 is 0.414

clique number: 41
unobserved tuple number: 13
gibbs sample time: 0.228912 seconds
probability of topic_Person_51 is 0.446

clique number: 41
unobserved tuple number: 13
gibbs sample time: 0.228976 seconds
probability of topic_Person_113 is 0.346

clique number: 41
unobserved tuple number: 13
gibbs sample time: 0.228637 seconds
probability of topic_Person_159 is 0.557

clique number: 2
unobserved tuple number: 1
gibbs sample time: 0.006843 seconds
probability of topic_Faculty_97 is 0.493

clique number: 2
unobserved tuple number: 1
gibbs sample time: 0.006909 seconds
probability of topic_Department_6 is 0.494

clique number: 2
unobserved tuple number: 1
gibbs sample time: 0.006934 seconds
probability of topic_Department_91 is 0.405

clique number: 9
unobserved tuple number: 3
gibbs sample time: 0.050134 seconds
probability of topic_Person_65 is 0.521

clique number: 3
unobserved tuple number: 1
gibbs sample time: 0.010478 seconds
probability of topic_Staff_3 is 0.44

clique number: 6
unobserved tuple number: 2
gibbs sample time: 0.026755 seconds
probability of topic_Course_128 is 0.524

clique number: 16
unobserved tuple number: 4
gibbs sample time: 0.075399 seconds
probability of topic_Staff_43 is 0.369

clique number: 39
unobserved tuple number: 12
gibbs sample time: 0.219799 seconds
probability of topic_Student_159 is 0.569

clique number: 16
unobserved tuple number: 4
gibbs sample time: 0.075668 seconds
probability of topic_Staff_88 is 0.475

clique number: 5
unobserved tuple number: 2
gibbs sample time: 0.023786 seconds
probability of topic_Faculty_35 is 0.588

clique number: 16
unobserved tuple number: 4
gibbs sample time: 0.076427 seconds
probability of topic_Staff_68 is 0.415

clique number: 2
unobserved tuple number: 1
gibbs sample time: 0.006809 seconds
probability of topic_Course_80 is 0.458

clique number: 2
unobserved tuple number: 1
gibbs sample time: 0.007329 seconds
probability of topic_Department_57 is 0.484

clique number: 42
unobserved tuple number: 13
gibbs sample time: 0.237005 seconds
probability of topic_Course_75 is 0.522

clique number: 9
unobserved tuple number: 3
gibbs sample time: 0.050039 seconds
probability of topic_Person_107 is 0.502

clique number: 42
unobserved tuple number: 13
gibbs sample time: 0.229921 seconds
probability of topic_Staff_75 is 0.357

clique number: 3
unobserved tuple number: 1
gibbs sample time: 0.010122 seconds
probability of topic_Course_83 is 0.678

clique number: 12
unobserved tuple number: 4
gibbs sample time: 0.06668 seconds
probability of topic_ResearchProject_20 is 0.453

clique number: 3
unobserved tuple number: 1
gibbs sample time: 0.010138 seconds
probability of topic_Staff_86 is 0.418

clique number: 2
unobserved tuple number: 1
gibbs sample time: 0.006644 seconds
probability of topic_Staff_6 is 0.454

clique number: 2
unobserved tuple number: 1
gibbs sample time: 0.007244 seconds
probability of topic_Student_72 is 0.705

clique number: 2
unobserved tuple number: 1
gibbs sample time: 0.00702 seconds
probability of topic_ResearchProject_99 is 0.48

clique number: 6
unobserved tuple number: 2
gibbs sample time: 0.02719 seconds
probability of topic_Faculty_85 is 0.419

clique number: 2
unobserved tuple number: 1
gibbs sample time: 0.007081 seconds
probability of topic_Department_4 is 0.511

clique number: 2
unobserved tuple number: 1
gibbs sample time: 0.006591 seconds
probability of topic_Course_25 is 0.488

clique number: 41
unobserved tuple number: 13
gibbs sample time: 0.228767 seconds
probability of topic_Person_75 is 0.603

clique number: 8
unobserved tuple number: 3
gibbs sample time: 0.040035 seconds
probability of topic_Person_19 is 0.397

clique number: 2
unobserved tuple number: 1
gibbs sample time: 0.006557 seconds
probability of topic_Staff_5 is 0.416

clique number: 10
unobserved tuple number: 3
gibbs sample time: 0.047935 seconds
probability of topic_ResearchProject_26 is 0.585

clique number: 2
unobserved tuple number: 1
gibbs sample time: 0.006834 seconds
probability of topic_Staff_87 is 0.48

clique number: 2
unobserved tuple number: 1
gibbs sample time: 0.007029 seconds
probability of topic_Staff_76 is 0.635

clique number: 2
unobserved tuple number: 1
gibbs sample time: 0.006849 seconds
probability of topic_Student_70 is 0.466

clique number: 2
unobserved tuple number: 1
gibbs sample time: 0.007182 seconds
probability of topic_Faculty_72 is 0.46

clique number: 12
unobserved tuple number: 4
gibbs sample time: 0.066426 seconds
probability of topic_ResearchProject_221 is 0.469

clique number: 16
unobserved tuple number: 4
gibbs sample time: 0.078339 seconds
probability of topic_ResearchProject_88 is 0.475

clique number: 2
unobserved tuple number: 1
gibbs sample time: 0.007136 seconds
probability of topic_Department_95 is 0.481

clique number: 2
unobserved tuple number: 1
gibbs sample time: 0.007115 seconds
probability of topic_Department_56 is 0.613

clique number: 2
unobserved tuple number: 1
gibbs sample time: 0.007148 seconds
probability of topic_Student_74 is 0.49

clique number: 8
unobserved tuple number: 3
gibbs sample time: 0.041321 seconds
probability of topic_ResearchProject_33 is 0.279

clique number: 2
unobserved tuple number: 1
gibbs sample time: 0.006563 seconds
probability of topic_Staff_52 is 0.495

clique number: 8
unobserved tuple number: 3
gibbs sample time: 0.041333 seconds
probability of topic_ResearchProject_127 is 0.486

clique number: 16
unobserved tuple number: 4
gibbs sample time: 0.073145 seconds
probability of topic_Person_88 is 0.436

clique number: 2
unobserved tuple number: 1
gibbs sample time: 0.006739 seconds
probability of topic_Course_2 is 0.441

clique number: 5
unobserved tuple number: 2
gibbs sample time: 0.024134 seconds
probability of topic_Faculty_177 is 0.532

clique number: 3
unobserved tuple number: 1
gibbs sample time: 0.010638 seconds
probability of topic_Student_45 is 0.485

clique number: 2
unobserved tuple number: 1
gibbs sample time: 0.007126 seconds
probability of topic_ResearchProject_57 is 0.505

clique number: 2
unobserved tuple number: 1
gibbs sample time: 0.006762 seconds
probability of topic_Person_29 is 0.605

