clique number: 2
unobserved tuple number: 1
gibbs sample time: 0.00685 seconds
probability of topic_Course_3 is 0.501

clique number: 3
unobserved tuple number: 1
gibbs sample time: 0.010299 seconds
probability of topic_ResearchProject_49 is 0.234

clique number: 2
unobserved tuple number: 1
gibbs sample time: 0.007033 seconds
probability of topic_Student_41 is 0.775

clique number: 2
unobserved tuple number: 1
gibbs sample time: 0.007347 seconds
probability of topic_Student_16 is 0.501

clique number: 2
unobserved tuple number: 1
gibbs sample time: 0.00671 seconds
probability of topic_Student_5 is 0.496

clique number: 2
unobserved tuple number: 1
gibbs sample time: 0.0069 seconds
probability of topic_Department_96 is 0.386

clique number: 2
unobserved tuple number: 1
gibbs sample time: 0.007189 seconds
probability of topic_Department_98 is 0.637

clique number: 2
unobserved tuple number: 1
gibbs sample time: 0.007164 seconds
probability of topic_ResearchProject_95 is 0.437

clique number: 2
unobserved tuple number: 1
gibbs sample time: 0.006601 seconds
probability of topic_Course_82 is 0.528

clique number: 2
unobserved tuple number: 1
gibbs sample time: 0.006594 seconds
probability of topic_Person_10 is 0.53

clique number: 2
unobserved tuple number: 1
gibbs sample time: 0.006569 seconds
probability of topic_Staff_23 is 0.456

clique number: 5
unobserved tuple number: 2
gibbs sample time: 0.024304 seconds
probability of topic_Student_119 is 0.494

clique number: 8
unobserved tuple number: 3
gibbs sample time: 0.040141 seconds
probability of topic_Student_18 is 0.479

clique number: 2
unobserved tuple number: 1
gibbs sample time: 0.006876 seconds
probability of topic_ResearchProject_23 is 0.45

clique number: 2
unobserved tuple number: 1
gibbs sample time: 0.006797 seconds
probability of topic_Person_37 is 0.491

clique number: 3
unobserved tuple number: 1
gibbs sample time: 0.010969 seconds
probability of topic_ResearchProject_47 is 0.371

clique number: 2
unobserved tuple number: 1
gibbs sample time: 0.007086 seconds
probability of topic_Department_32 is 0.391

clique number: 6
unobserved tuple number: 2
gibbs sample time: 0.032774 seconds
probability of topic_Department_108 is 0.478

clique number: 6
unobserved tuple number: 2
gibbs sample time: 0.032847 seconds
probability of topic_Department_94 is 0.467

clique number: 2
unobserved tuple number: 1
gibbs sample time: 0.006963 seconds
probability of topic_ResearchProject_5 is 0.422

clique number: 5
unobserved tuple number: 2
gibbs sample time: 0.028163 seconds
probability of topic_Staff_108 is 0.44

clique number: 2
unobserved tuple number: 1
gibbs sample time: 0.007703 seconds
probability of topic_Student_84 is 0.469

clique number: 2
unobserved tuple number: 1
gibbs sample time: 0.00739 seconds
probability of topic_ResearchProject_30 is 0.516

clique number: 8
unobserved tuple number: 3
gibbs sample time: 0.042463 seconds
probability of topic_Student_102 is 0.397

clique number: 2
unobserved tuple number: 1
gibbs sample time: 0.007524 seconds
probability of topic_Faculty_79 is 0.469

clique number: 2
unobserved tuple number: 1
gibbs sample time: 0.006955 seconds
probability of topic_ResearchProject_92 is 0.493

clique number: 2
unobserved tuple number: 1
gibbs sample time: 0.007217 seconds
probability of topic_Person_74 is 0.495

clique number: 2
unobserved tuple number: 1
gibbs sample time: 0.007316 seconds
probability of topic_Faculty_47 is 0.655

clique number: 2
unobserved tuple number: 1
gibbs sample time: 0.006977 seconds
probability of topic_Staff_67 is 0.51

clique number: 2
unobserved tuple number: 1
gibbs sample time: 0.006855 seconds
probability of topic_Person_62 is 0.479

clique number: 2
unobserved tuple number: 1
gibbs sample time: 0.007331 seconds
probability of topic_Faculty_67 is 0.448

clique number: 5
unobserved tuple number: 2
gibbs sample time: 0.023713 seconds
probability of topic_Department_22 is 0.717

clique number: 3
unobserved tuple number: 1
gibbs sample time: 0.010794 seconds
probability of topic_Faculty_73 is 0.381

clique number: 2
unobserved tuple number: 1
gibbs sample time: 0.006559 seconds
probability of topic_Staff_38 is 0.481

clique number: 6
unobserved tuple number: 2
gibbs sample time: 0.032136 seconds
probability of topic_Person_94 is 0.502

clique number: 2
unobserved tuple number: 1
gibbs sample time: 0.006966 seconds
probability of topic_Student_95 is 0.35

clique number: 8
unobserved tuple number: 3
gibbs sample time: 0.040519 seconds
probability of topic_Staff_18 is 0.4

clique number: 2
unobserved tuple number: 1
gibbs sample time: 0.006824 seconds
probability of topic_Student_99 is 0.646

clique number: 2
unobserved tuple number: 1
gibbs sample time: 0.006815 seconds
probability of topic_Staff_24 is 0.637

clique number: 2
unobserved tuple number: 1
gibbs sample time: 0.00682 seconds
probability of topic_Course_37 is 0.499

clique number: 13
unobserved tuple number: 4
gibbs sample time: 0.065018 seconds
probability of topic_Faculty_68 is 0.427

clique number: 13
unobserved tuple number: 4
gibbs sample time: 0.064554 seconds
probability of topic_Faculty_43 is 0.418

clique number: 8
unobserved tuple number: 3
gibbs sample time: 0.041327 seconds
probability of topic_Department_20 is 0.449

clique number: 2
unobserved tuple number: 1
gibbs sample time: 0.00679 seconds
probability of topic_Staff_96 is 0.433

clique number: 2
unobserved tuple number: 1
gibbs sample time: 0.007808 seconds
probability of topic_Department_67 is 0.468

clique number: 2
unobserved tuple number: 1
gibbs sample time: 0.007367 seconds
probability of topic_Faculty_28 is 0.418

clique number: 2
unobserved tuple number: 1
gibbs sample time: 0.007072 seconds
probability of topic_Course_58 is 0.489

clique number: 6
unobserved tuple number: 2
gibbs sample time: 0.033944 seconds
probability of topic_Faculty_93 is 0.432

clique number: 2
unobserved tuple number: 1
gibbs sample time: 0.007138 seconds
probability of topic_Department_54 is 0.523

clique number: 2
unobserved tuple number: 1
gibbs sample time: 0.007015 seconds
probability of topic_Faculty_56 is 0.551

clique number: 2
unobserved tuple number: 1
gibbs sample time: 0.007051 seconds
probability of topic_Course_4 is 0.485

clique number: 5
unobserved tuple number: 2
gibbs sample time: 0.022256 seconds
probability of topic_Staff_85 is 0.406

clique number: 2
unobserved tuple number: 1
gibbs sample time: 0.007079 seconds
probability of topic_Faculty_13 is 0.549

clique number: 2
unobserved tuple number: 1
gibbs sample time: 0.006832 seconds
probability of topic_Person_24 is 0.498

clique number: 7
unobserved tuple number: 3
gibbs sample time: 0.035825 seconds
probability of topic_Person_20 is 0.485

clique number: 2
unobserved tuple number: 1
gibbs sample time: 0.006552 seconds
probability of topic_Student_2 is 0.431

clique number: 2
unobserved tuple number: 1
gibbs sample time: 0.00678 seconds
probability of topic_Course_86 is 0.428

clique number: 2
unobserved tuple number: 1
gibbs sample time: 0.007085 seconds
probability of topic_ResearchProject_91 is 0.436

clique number: 2
unobserved tuple number: 1
gibbs sample time: 0.007016 seconds
probability of topic_ResearchProject_37 is 0.485

clique number: 2
unobserved tuple number: 1
gibbs sample time: 0.006983 seconds
probability of topic_ResearchProject_7 is 0.434

clique number: 6
unobserved tuple number: 2
gibbs sample time: 0.032543 seconds
probability of topic_Department_71 is 0.441

clique number: 2
unobserved tuple number: 1
gibbs sample time: 0.007078 seconds
probability of topic_Department_13 is 0.44

clique number: 6
unobserved tuple number: 2
gibbs sample time: 0.032269 seconds
probability of topic_Department_93 is 0.417

clique number: 2
unobserved tuple number: 1
gibbs sample time: 0.00684 seconds
probability of topic_Course_77 is 0.508

clique number: 2
unobserved tuple number: 1
gibbs sample time: 0.006781 seconds
probability of topic_Staff_8 is 0.566

clique number: 2
unobserved tuple number: 1
gibbs sample time: 0.007053 seconds
probability of topic_ResearchProject_62 is 0.48

clique number: 2
unobserved tuple number: 1
gibbs sample time: 0.007063 seconds
probability of topic_ResearchProject_77 is 0.491

clique number: 2
unobserved tuple number: 1
gibbs sample time: 0.006865 seconds
probability of topic_Student_98 is 0.715

clique number: 3
unobserved tuple number: 1
gibbs sample time: 0.010282 seconds
probability of topic_Course_49 is 0.452

clique number: 6
unobserved tuple number: 2
gibbs sample time: 0.027553 seconds
probability of topic_Student_124 is 0.533

clique number: 2
unobserved tuple number: 1
gibbs sample time: 0.007198 seconds
probability of topic_Department_28 is 0.474

clique number: 13
unobserved tuple number: 4
gibbs sample time: 0.061712 seconds
probability of topic_Person_43 is 0.34

clique number: 2
unobserved tuple number: 1
gibbs sample time: 0.007491 seconds
probability of topic_Department_25 is 0.65

clique number: 3
unobserved tuple number: 1
gibbs sample time: 0.011029 seconds
probability of topic_ResearchProject_9 is 0.352

clique number: 2
unobserved tuple number: 1
gibbs sample time: 0.007108 seconds
probability of topic_Student_75 is 0.747

clique number: 2
unobserved tuple number: 1
gibbs sample time: 0.007342 seconds
probability of topic_Faculty_98 is 0.503

clique number: 2
unobserved tuple number: 1
gibbs sample time: 0.007426 seconds
probability of topic_Staff_11 is 0.278

clique number: 2
unobserved tuple number: 1
gibbs sample time: 0.007503 seconds
probability of topic_ResearchProject_85 is 0.521

clique number: 2
unobserved tuple number: 1
gibbs sample time: 0.007164 seconds
probability of topic_Course_48 is 0.57

clique number: 2
unobserved tuple number: 1
gibbs sample time: 0.007643 seconds
probability of topic_ResearchProject_81 is 0.441

clique number: 2
unobserved tuple number: 1
gibbs sample time: 0.007491 seconds
probability of topic_Course_29 is 0.436

clique number: 2
unobserved tuple number: 1
gibbs sample time: 0.007715 seconds
probability of topic_Department_80 is 0.48

clique number: 2
unobserved tuple number: 1
gibbs sample time: 0.006962 seconds
probability of topic_Person_99 is 0.625

clique number: 2
unobserved tuple number: 1
gibbs sample time: 0.006591 seconds
probability of topic_Person_97 is 0.39

clique number: 3
unobserved tuple number: 1
gibbs sample time: 0.010229 seconds
probability of topic_Person_73 is 0.396

clique number: 2
unobserved tuple number: 1
gibbs sample time: 0.006952 seconds
probability of topic_Department_97 is 0.345

clique number: 2
unobserved tuple number: 1
gibbs sample time: 0.006557 seconds
probability of topic_Person_92 is 0.491

clique number: 2
unobserved tuple number: 1
gibbs sample time: 0.00663 seconds
probability of topic_Course_27 is 0.459

clique number: 2
unobserved tuple number: 1
gibbs sample time: 0.006612 seconds
probability of topic_Person_11 is 0.058

clique number: 8
unobserved tuple number: 3
gibbs sample time: 0.042284 seconds
probability of topic_Department_113 is 0.271

clique number: 8
unobserved tuple number: 3
gibbs sample time: 0.042033 seconds
probability of topic_Department_51 is 0.654

clique number: 2
unobserved tuple number: 1
gibbs sample time: 0.006791 seconds
probability of topic_Student_4 is 0.53

clique number: 8
unobserved tuple number: 3
gibbs sample time: 0.041133 seconds
probability of topic_Student_113 is 0.347

clique number: 2
unobserved tuple number: 1
gibbs sample time: 0.007258 seconds
probability of topic_Department_63 is 0.635

clique number: 2
unobserved tuple number: 1
gibbs sample time: 0.007018 seconds
probability of topic_Faculty_77 is 0.464

clique number: 2
unobserved tuple number: 1
gibbs sample time: 0.00708 seconds
probability of topic_ResearchProject_24 is 0.628

clique number: 2
unobserved tuple number: 1
gibbs sample time: 0.007071 seconds
probability of topic_Department_8 is 0.472

clique number: 5
unobserved tuple number: 2
gibbs sample time: 0.027554 seconds
probability of topic_Staff_94 is 0.516

clique number: 2
unobserved tuple number: 1
gibbs sample time: 0.006866 seconds
probability of topic_Course_36 is 0.691

clique number: 2
unobserved tuple number: 1
gibbs sample time: 0.007293 seconds
probability of topic_Student_76 is 0.574

clique number: 2
unobserved tuple number: 1
gibbs sample time: 0.00712 seconds
probability of topic_Department_41 is 0.436

clique number: 2
unobserved tuple number: 1
gibbs sample time: 0.007221 seconds
probability of topic_ResearchProject_6 is 0.432

clique number: 2
unobserved tuple number: 1
gibbs sample time: 0.006566 seconds
probability of topic_Person_91 is 0.438

clique number: 2
unobserved tuple number: 1
gibbs sample time: 0.006823 seconds
probability of topic_Faculty_82 is 0.484

clique number: 2
unobserved tuple number: 1
gibbs sample time: 0.006945 seconds
probability of topic_Student_50 is 0.614

clique number: 6
unobserved tuple number: 2
gibbs sample time: 0.028084 seconds
probability of topic_Department_124 is 0.515

clique number: 6
unobserved tuple number: 2
gibbs sample time: 0.028055 seconds
probability of topic_Department_44 is 0.37

clique number: 2
unobserved tuple number: 1
gibbs sample time: 0.007078 seconds
probability of topic_Student_82 is 0.549

clique number: 6
unobserved tuple number: 2
gibbs sample time: 0.032649 seconds
probability of topic_Person_108 is 0.481

clique number: 2
unobserved tuple number: 1
gibbs sample time: 0.006918 seconds
probability of topic_Person_54 is 0.375

clique number: 3
unobserved tuple number: 1
gibbs sample time: 0.010895 seconds
probability of topic_Department_49 is 0.522

clique number: 2
unobserved tuple number: 1
gibbs sample time: 0.00696 seconds
probability of topic_Staff_56 is 0.517

clique number: 2
unobserved tuple number: 1
gibbs sample time: 0.007166 seconds
probability of topic_Department_79 is 0.445

clique number: 3
unobserved tuple number: 1
gibbs sample time: 0.011088 seconds
probability of topic_Student_55 is 0.479

clique number: 2
unobserved tuple number: 1
gibbs sample time: 0.007026 seconds
probability of topic_Course_81 is 0.42

clique number: 5
unobserved tuple number: 2
gibbs sample time: 0.024201 seconds
probability of topic_Course_119 is 0.511

clique number: 5
unobserved tuple number: 2
gibbs sample time: 0.024387 seconds
probability of topic_Course_34 is 0.464

clique number: 2
unobserved tuple number: 1
gibbs sample time: 0.007252 seconds
probability of topic_Person_42 is 0.64

clique number: 2
unobserved tuple number: 1
gibbs sample time: 0.006947 seconds
probability of topic_Student_65 is 0.53

clique number: 2
unobserved tuple number: 1
gibbs sample time: 0.007233 seconds
probability of topic_ResearchProject_97 is 0.406

clique number: 2
unobserved tuple number: 1
gibbs sample time: 0.00694 seconds
probability of topic_Course_95 is 0.462

clique number: 2
unobserved tuple number: 1
gibbs sample time: 0.006841 seconds
probability of topic_Staff_97 is 0.489

clique number: 2
unobserved tuple number: 1
gibbs sample time: 0.007032 seconds
probability of topic_Student_13 is 0.538

clique number: 2
unobserved tuple number: 1
gibbs sample time: 0.006854 seconds
probability of topic_Faculty_23 is 0.48

clique number: 13
unobserved tuple number: 4
gibbs sample time: 0.067607 seconds
probability of topic_ResearchProject_43 is 0.302

clique number: 5
unobserved tuple number: 2
gibbs sample time: 0.022758 seconds
probability of topic_Person_33 is 0.692

clique number: 2
unobserved tuple number: 1
gibbs sample time: 0.006868 seconds
probability of topic_Faculty_20 is 0.412

clique number: 6
unobserved tuple number: 2
gibbs sample time: 0.032375 seconds
probability of topic_Faculty_71 is 0.442

clique number: 2
unobserved tuple number: 1
gibbs sample time: 0.007099 seconds
probability of topic_Student_29 is 0.54

clique number: 2
unobserved tuple number: 1
gibbs sample time: 0.006586 seconds
probability of topic_Course_23 is 0.503

clique number: 2
unobserved tuple number: 1
gibbs sample time: 0.007053 seconds
probability of topic_Staff_13 is 0.447

clique number: 2
unobserved tuple number: 1
gibbs sample time: 0.007165 seconds
probability of topic_Department_36 is 0.358

clique number: 8
unobserved tuple number: 3
gibbs sample time: 0.040576 seconds
probability of topic_ResearchProject_18 is 0.404

clique number: 2
unobserved tuple number: 1
gibbs sample time: 0.006615 seconds
probability of topic_Course_5 is 0.402

clique number: 2
unobserved tuple number: 1
gibbs sample time: 0.006964 seconds
probability of topic_Student_63 is 0.526

clique number: 5
unobserved tuple number: 2
gibbs sample time: 0.02252 seconds
probability of topic_Staff_128 is 0.607

clique number: 2
unobserved tuple number: 1
gibbs sample time: 0.007155 seconds
probability of topic_ResearchProject_3 is 0.397

clique number: 2
unobserved tuple number: 1
gibbs sample time: 0.006842 seconds
probability of topic_Faculty_60 is 0.447

clique number: 2
unobserved tuple number: 1
gibbs sample time: 0.006837 seconds
probability of topic_Faculty_16 is 0.44

clique number: 2
unobserved tuple number: 1
gibbs sample time: 0.006973 seconds
probability of topic_Faculty_57 is 0.479

clique number: 2
unobserved tuple number: 1
gibbs sample time: 0.007455 seconds
probability of topic_Department_58 is 0.667

clique number: 2
unobserved tuple number: 1
gibbs sample time: 0.006743 seconds
probability of topic_Staff_70 is 0.474

clique number: 2
unobserved tuple number: 1
gibbs sample time: 0.006836 seconds
probability of topic_Person_3 is 0.453

clique number: 8
unobserved tuple number: 3
gibbs sample time: 0.040869 seconds
probability of topic_Staff_102 is 0.491

clique number: 8
unobserved tuple number: 3
gibbs sample time: 0.040635 seconds
probability of topic_Staff_20 is 0.437

clique number: 3
unobserved tuple number: 1
gibbs sample time: 0.010945 seconds
probability of topic_ResearchProject_31 is 0.482

clique number: 5
unobserved tuple number: 2
gibbs sample time: 0.024279 seconds
probability of topic_Faculty_44 is 0.46

clique number: 2
unobserved tuple number: 1
gibbs sample time: 0.007271 seconds
probability of topic_Department_50 is 0.484

clique number: 3
unobserved tuple number: 1
gibbs sample time: 0.010428 seconds
probability of topic_Staff_73 is 0.454

clique number: 8
unobserved tuple number: 3
gibbs sample time: 0.041274 seconds
probability of topic_Department_102 is 0.424

clique number: 2
unobserved tuple number: 1
gibbs sample time: 0.00656 seconds
probability of topic_Staff_25 is 0.563

clique number: 2
unobserved tuple number: 1
gibbs sample time: 0.006968 seconds
probability of topic_ResearchProject_2 is 0.452

clique number: 8
unobserved tuple number: 3
gibbs sample time: 0.041431 seconds
probability of topic_Department_18 is 0.46

clique number: 2
unobserved tuple number: 1
gibbs sample time: 0.007087 seconds
probability of topic_ResearchProject_64 is 0.479

clique number: 2
unobserved tuple number: 1
gibbs sample time: 0.006803 seconds
probability of topic_Person_66 is 0.505

clique number: 2
unobserved tuple number: 1
gibbs sample time: 0.006549 seconds
probability of topic_Course_38 is 0.394

clique number: 2
unobserved tuple number: 1
gibbs sample time: 0.00688 seconds
probability of topic_Faculty_53 is 0.398

clique number: 5
unobserved tuple number: 2
gibbs sample time: 0.023257 seconds
probability of topic_ResearchProject_78 is 0.266

clique number: 3
unobserved tuple number: 1
gibbs sample time: 0.010115 seconds
probability of topic_Staff_44 is 0.429

clique number: 5
unobserved tuple number: 2
gibbs sample time: 0.022517 seconds
probability of topic_Staff_12 is 0.513

clique number: 5
unobserved tuple number: 2
gibbs sample time: 0.022621 seconds
probability of topic_Staff_47 is 0.392

clique number: 2
unobserved tuple number: 1
gibbs sample time: 0.006822 seconds
probability of topic_Student_38 is 0.36

clique number: 2
unobserved tuple number: 1
gibbs sample time: 0.006817 seconds
probability of topic_Person_86 is 0.493

clique number: 2
unobserved tuple number: 1
gibbs sample time: 0.006892 seconds
probability of topic_Student_66 is 0.468

clique number: 2
unobserved tuple number: 1
gibbs sample time: 0.006803 seconds
probability of topic_Faculty_70 is 0.453

clique number: 2
unobserved tuple number: 1
gibbs sample time: 0.006573 seconds
probability of topic_Staff_80 is 0.474

clique number: 2
unobserved tuple number: 1
gibbs sample time: 0.00705 seconds
probability of topic_Student_22 is 0.428

clique number: 2
unobserved tuple number: 1
gibbs sample time: 0.006995 seconds
probability of topic_Faculty_17 is 0.46

clique number: 7
unobserved tuple number: 3
gibbs sample time: 0.03656 seconds
probability of topic_Course_18 is 0.4

clique number: 6
unobserved tuple number: 2
gibbs sample time: 0.032947 seconds
probability of topic_Course_94 is 0.429

clique number: 2
unobserved tuple number: 1
gibbs sample time: 0.006632 seconds
probability of topic_Staff_48 is 0.425

clique number: 2
unobserved tuple number: 1
gibbs sample time: 0.007106 seconds
probability of topic_Faculty_54 is 0.482

clique number: 2
unobserved tuple number: 1
gibbs sample time: 0.006934 seconds
probability of topic_Department_16 is 0.468

clique number: 5
unobserved tuple number: 2
gibbs sample time: 0.02351 seconds
probability of topic_ResearchProject_119 is 0.52

clique number: 2
unobserved tuple number: 1
gibbs sample time: 0.006835 seconds
probability of topic_Staff_2 is 0.744

clique number: 2
unobserved tuple number: 1
gibbs sample time: 0.00702 seconds
probability of topic_Faculty_75 is 0.446

clique number: 5
unobserved tuple number: 2
gibbs sample time: 0.023143 seconds
probability of topic_Faculty_128 is 0.41

clique number: 2
unobserved tuple number: 1
gibbs sample time: 0.006791 seconds
probability of topic_Staff_16 is 0.422

clique number: 3
unobserved tuple number: 1
gibbs sample time: 0.011157 seconds
probability of topic_ResearchProject_55 is 0.618

clique number: 2
unobserved tuple number: 1
gibbs sample time: 0.006838 seconds
probability of topic_Person_53 is 0.505

clique number: 2
unobserved tuple number: 1
gibbs sample time: 0.007 seconds
probability of topic_Staff_69 is 0.44

clique number: 2
unobserved tuple number: 1
gibbs sample time: 0.007026 seconds
probability of topic_ResearchProject_75 is 0.367

clique number: 2
unobserved tuple number: 1
gibbs sample time: 0.006864 seconds
probability of topic_Student_58 is 0.532

clique number: 5
unobserved tuple number: 2
gibbs sample time: 0.024589 seconds
probability of topic_Student_34 is 0.425

clique number: 2
unobserved tuple number: 1
gibbs sample time: 0.00726 seconds
probability of topic_Department_2 is 0.496

clique number: 2
unobserved tuple number: 1
gibbs sample time: 0.00657 seconds
probability of topic_Faculty_1 is 0.511

clique number: 2
unobserved tuple number: 1
gibbs sample time: 0.006884 seconds
probability of topic_Staff_36 is 0.53

clique number: 8
unobserved tuple number: 3
gibbs sample time: 0.039082 seconds
probability of topic_Staff_51 is 0.528

clique number: 8
unobserved tuple number: 3
gibbs sample time: 0.040976 seconds
probability of topic_Student_21 is 0.497

clique number: 2
unobserved tuple number: 1
gibbs sample time: 0.006585 seconds
probability of topic_Course_92 is 0.343

clique number: 2
unobserved tuple number: 1
gibbs sample time: 0.006936 seconds
probability of topic_Department_48 is 0.418

clique number: 4
unobserved tuple number: 2
gibbs sample time: 0.020187 seconds
probability of topic_Department_39 is 0.395

clique number: 2
unobserved tuple number: 1
gibbs sample time: 0.007035 seconds
probability of topic_Faculty_95 is 0.585

clique number: 8
unobserved tuple number: 3
gibbs sample time: 0.040999 seconds
probability of topic_ResearchProject_102 is 0.516

clique number: 2
unobserved tuple number: 1
gibbs sample time: 0.007371 seconds
probability of topic_Student_64 is 0.47

clique number: 3
unobserved tuple number: 1
gibbs sample time: 0.010397 seconds
probability of topic_Course_55 is 0.344

clique number: 13
unobserved tuple number: 4
gibbs sample time: 0.068579 seconds
probability of topic_Student_40 is 0.625

clique number: 2
unobserved tuple number: 1
gibbs sample time: 0.00707 seconds
probability of topic_Course_66 is 0.422

clique number: 2
unobserved tuple number: 1
gibbs sample time: 0.007074 seconds
probability of topic_Department_66 is 0.478

clique number: 2
unobserved tuple number: 1
gibbs sample time: 0.007004 seconds
probability of topic_Person_81 is 0.497

clique number: 2
unobserved tuple number: 1
gibbs sample time: 0.006883 seconds
probability of topic_Person_8 is 0.535

clique number: 6
unobserved tuple number: 2
gibbs sample time: 0.034056 seconds
probability of topic_ResearchProject_108 is 0.432

clique number: 13
unobserved tuple number: 4
gibbs sample time: 0.067148 seconds
probability of topic_Department_43 is 0.291

clique number: 2
unobserved tuple number: 1
gibbs sample time: 0.006896 seconds
probability of topic_Course_8 is 0.606

clique number: 8
unobserved tuple number: 3
gibbs sample time: 0.0421 seconds
probability of topic_Department_21 is 0.477

clique number: 2
unobserved tuple number: 1
gibbs sample time: 0.006543 seconds
probability of topic_Course_97 is 0.61

clique number: 6
unobserved tuple number: 2
gibbs sample time: 0.027162 seconds
probability of topic_Course_26 is 0.531

clique number: 6
unobserved tuple number: 2
gibbs sample time: 0.026503 seconds
probability of topic_Person_26 is 0.585

clique number: 6
unobserved tuple number: 2
gibbs sample time: 0.026746 seconds
probability of topic_Person_89 is 0.432

clique number: 2
unobserved tuple number: 1
gibbs sample time: 0.006981 seconds
probability of topic_ResearchProject_82 is 0.471

clique number: 6
unobserved tuple number: 2
gibbs sample time: 0.033721 seconds
probability of topic_ResearchProject_94 is 0.436

clique number: 6
unobserved tuple number: 2
gibbs sample time: 0.028673 seconds
probability of topic_Department_89 is 0.672

clique number: 2
unobserved tuple number: 1
gibbs sample time: 0.006836 seconds
probability of topic_Faculty_65 is 0.414

clique number: 13
unobserved tuple number: 4
gibbs sample time: 0.067791 seconds
probability of topic_Student_43 is 0.444

clique number: 2
unobserved tuple number: 1
gibbs sample time: 0.006963 seconds
probability of topic_Department_27 is 0.655

clique number: 3
unobserved tuple number: 1
gibbs sample time: 0.010352 seconds
probability of topic_Student_9 is 0.433

clique number: 2
unobserved tuple number: 1
gibbs sample time: 0.006657 seconds
probability of topic_Person_58 is 0.49

clique number: 2
unobserved tuple number: 1
gibbs sample time: 0.007187 seconds
probability of topic_Staff_15 is 0.427

clique number: 2
unobserved tuple number: 1
gibbs sample time: 0.006558 seconds
probability of topic_Course_16 is 0.425

clique number: 2
unobserved tuple number: 1
gibbs sample time: 0.006972 seconds
probability of topic_Faculty_80 is 0.449

clique number: 2
unobserved tuple number: 1
gibbs sample time: 0.006854 seconds
probability of topic_Person_76 is 0.661

clique number: 2
unobserved tuple number: 1
gibbs sample time: 0.006628 seconds
probability of topic_Person_6 is 0.479

clique number: 5
unobserved tuple number: 2
gibbs sample time: 0.02207 seconds
probability of topic_Course_33 is 0.553

clique number: 2
unobserved tuple number: 1
gibbs sample time: 0.006639 seconds
probability of topic_Person_2 is 0.628

clique number: 13
unobserved tuple number: 4
gibbs sample time: 0.061669 seconds
probability of topic_Person_68 is 0.5

clique number: 5
unobserved tuple number: 2
gibbs sample time: 0.022129 seconds
probability of topic_Course_61 is 0.321

clique number: 5
unobserved tuple number: 2
gibbs sample time: 0.0243 seconds
probability of topic_ResearchProject_39 is 0.571

clique number: 2
unobserved tuple number: 1
gibbs sample time: 0.006688 seconds
probability of topic_Student_1 is 0.48

clique number: 2
unobserved tuple number: 1
gibbs sample time: 0.006995 seconds
probability of topic_Faculty_50 is 0.516

clique number: 4
unobserved tuple number: 2
gibbs sample time: 0.020276 seconds
probability of topic_Department_61 is 0.499

clique number: 6
unobserved tuple number: 2
gibbs sample time: 0.027607 seconds
probability of topic_Student_44 is 0.466

clique number: 2
unobserved tuple number: 1
gibbs sample time: 0.007373 seconds
probability of topic_Department_29 is 0.671

clique number: 2
unobserved tuple number: 1
gibbs sample time: 0.006619 seconds
probability of topic_Course_50 is 0.44

clique number: 2
unobserved tuple number: 1
gibbs sample time: 0.006817 seconds
probability of topic_Course_28 is 0.454

clique number: 8
unobserved tuple number: 3
gibbs sample time: 0.039102 seconds
probability of topic_Staff_21 is 0.506

clique number: 2
unobserved tuple number: 1
gibbs sample time: 0.007106 seconds
probability of topic_ResearchProject_14 is 0.524

clique number: 2
unobserved tuple number: 1
gibbs sample time: 0.007055 seconds
probability of topic_Staff_74 is 0.431

clique number: 2
unobserved tuple number: 1
gibbs sample time: 0.0068 seconds
probability of topic_Faculty_5 is 0.371

clique number: 2
unobserved tuple number: 1
gibbs sample time: 0.007125 seconds
probability of topic_Department_15 is 0.386

clique number: 2
unobserved tuple number: 1
gibbs sample time: 0.006951 seconds
probability of topic_Faculty_58 is 0.526

clique number: 2
unobserved tuple number: 1
gibbs sample time: 0.007061 seconds
probability of topic_Faculty_41 is 0.704

clique number: 6
unobserved tuple number: 2
gibbs sample time: 0.032693 seconds
probability of topic_Student_94 is 0.477

clique number: 5
unobserved tuple number: 2
gibbs sample time: 0.022461 seconds
probability of topic_Course_78 is 0.588

clique number: 6
unobserved tuple number: 2
gibbs sample time: 0.026574 seconds
probability of topic_Course_12 is 0.633

clique number: 6
unobserved tuple number: 2
gibbs sample time: 0.029129 seconds
probability of topic_Course_89 is 0.698

clique number: 2
unobserved tuple number: 1
gibbs sample time: 0.007918 seconds
probability of topic_Student_69 is 0.488

clique number: 3
unobserved tuple number: 1
gibbs sample time: 0.011604 seconds
probability of topic_Faculty_31 is 0.583

clique number: 2
unobserved tuple number: 1
gibbs sample time: 0.007358 seconds
probability of topic_Course_17 is 0.768

clique number: 3
unobserved tuple number: 1
gibbs sample time: 0.011392 seconds
probability of topic_Department_73 is 0.412

clique number: 5
unobserved tuple number: 2
gibbs sample time: 0.029112 seconds
probability of topic_ResearchProject_46 is 0.424

clique number: 2
unobserved tuple number: 1
gibbs sample time: 0.007203 seconds
probability of topic_Department_7 is 0.454

clique number: 2
unobserved tuple number: 1
gibbs sample time: 0.00686 seconds
probability of topic_Faculty_30 is 0.524

clique number: 2
unobserved tuple number: 1
gibbs sample time: 0.007201 seconds
probability of topic_Faculty_66 is 0.398

clique number: 2
unobserved tuple number: 1
gibbs sample time: 0.006904 seconds
probability of topic_ResearchProject_52 is 0.499

clique number: 3
unobserved tuple number: 1
gibbs sample time: 0.010663 seconds
probability of topic_ResearchProject_73 is 0.605

clique number: 2
unobserved tuple number: 1
gibbs sample time: 0.006577 seconds
probability of topic_Staff_28 is 0.447

clique number: 2
unobserved tuple number: 1
gibbs sample time: 0.006551 seconds
probability of topic_Course_87 is 0.468

clique number: 6
unobserved tuple number: 2
gibbs sample time: 0.031331 seconds
probability of topic_Student_93 is 0.526

clique number: 3
unobserved tuple number: 1
gibbs sample time: 0.010863 seconds
probability of topic_Department_9 is 0.575

clique number: 5
unobserved tuple number: 2
gibbs sample time: 0.022952 seconds
probability of topic_Staff_33 is 0.415

clique number: 2
unobserved tuple number: 1
gibbs sample time: 0.006825 seconds
probability of topic_Staff_84 is 0.558

clique number: 2
unobserved tuple number: 1
gibbs sample time: 0.007061 seconds
probability of topic_Faculty_74 is 0.377

clique number: 6
unobserved tuple number: 2
gibbs sample time: 0.027414 seconds
probability of topic_Faculty_89 is 0.446

clique number: 2
unobserved tuple number: 1
gibbs sample time: 0.0073 seconds
probability of topic_Faculty_15 is 0.428

clique number: 2
unobserved tuple number: 1
gibbs sample time: 0.006898 seconds
probability of topic_Student_97 is 0.446

clique number: 2
unobserved tuple number: 1
gibbs sample time: 0.007113 seconds
probability of topic_ResearchProject_76 is 0.474

clique number: 2
unobserved tuple number: 1
gibbs sample time: 0.007399 seconds
probability of topic_Faculty_64 is 0.523

clique number: 2
unobserved tuple number: 1
gibbs sample time: 0.007003 seconds
probability of topic_ResearchProject_80 is 0.531

clique number: 5
unobserved tuple number: 2
gibbs sample time: 0.023783 seconds
probability of topic_Department_119 is 0.457

clique number: 2
unobserved tuple number: 1
gibbs sample time: 0.006874 seconds
probability of topic_Student_25 is 0.555

clique number: 3
unobserved tuple number: 1
gibbs sample time: 0.010144 seconds
probability of topic_Faculty_9 is 0.469

clique number: 2
unobserved tuple number: 1
gibbs sample time: 0.006813 seconds
probability of topic_Course_72 is 0.393

clique number: 2
unobserved tuple number: 1
gibbs sample time: 0.007335 seconds
probability of topic_Department_74 is 0.475

clique number: 2
unobserved tuple number: 1
gibbs sample time: 0.006731 seconds
probability of topic_Person_17 is 0.271

clique number: 2
unobserved tuple number: 1
gibbs sample time: 0.007206 seconds
probability of topic_Student_92 is 0.484

clique number: 13
unobserved tuple number: 4
gibbs sample time: 0.064776 seconds
probability of topic_Staff_40 is 0.539

clique number: 6
unobserved tuple number: 2
gibbs sample time: 0.032938 seconds
probability of topic_Student_108 is 0.502

clique number: 2
unobserved tuple number: 1
gibbs sample time: 0.006551 seconds
probability of topic_Person_52 is 0.545

clique number: 2
unobserved tuple number: 1
gibbs sample time: 0.007229 seconds
probability of topic_Department_81 is 0.504

clique number: 2
unobserved tuple number: 1
gibbs sample time: 0.006971 seconds
probability of topic_Department_11 is 0.36

clique number: 13
unobserved tuple number: 4
gibbs sample time: 0.061448 seconds
probability of topic_Course_88 is 0.448

clique number: 6
unobserved tuple number: 2
gibbs sample time: 0.031947 seconds
probability of topic_ResearchProject_71 is 0.487

clique number: 2
unobserved tuple number: 1
gibbs sample time: 0.006935 seconds
probability of topic_ResearchProject_16 is 0.432

clique number: 2
unobserved tuple number: 1
gibbs sample time: 0.007153 seconds
probability of topic_Student_79 is 0.485

clique number: 2
unobserved tuple number: 1
gibbs sample time: 0.006978 seconds
probability of topic_Faculty_27 is 0.476

clique number: 2
unobserved tuple number: 1
gibbs sample time: 0.007079 seconds
probability of topic_Person_57 is 0.467

clique number: 2
unobserved tuple number: 1
gibbs sample time: 0.006998 seconds
probability of topic_Course_32 is 0.391

clique number: 5
unobserved tuple number: 2
gibbs sample time: 0.022694 seconds
probability of topic_Staff_90 is 0.581

clique number: 5
unobserved tuple number: 2
gibbs sample time: 0.02655 seconds
probability of topic_Person_93 is 0.48

clique number: 8
unobserved tuple number: 3
gibbs sample time: 0.039951 seconds
probability of topic_Faculty_51 is 0.484

clique number: 2
unobserved tuple number: 1
gibbs sample time: 0.006876 seconds
probability of topic_Person_4 is 0.541

clique number: 3
unobserved tuple number: 1
gibbs sample time: 0.010437 seconds
probability of topic_Staff_83 is 0.54

clique number: 5
unobserved tuple number: 2
gibbs sample time: 0.022457 seconds
probability of topic_Staff_78 is 0.409

clique number: 2
unobserved tuple number: 1
gibbs sample time: 0.007105 seconds
probability of topic_Student_96 is 0.537

clique number: 2
unobserved tuple number: 1
gibbs sample time: 0.006873 seconds
probability of topic_Faculty_96 is 0.577

clique number: 2
unobserved tuple number: 1
gibbs sample time: 0.006822 seconds
probability of topic_Person_64 is 0.508

clique number: 13
unobserved tuple number: 4
gibbs sample time: 0.066351 seconds
probability of topic_Department_68 is 0.513

clique number: 2
unobserved tuple number: 1
gibbs sample time: 0.007243 seconds
probability of topic_Department_17 is 0.567

clique number: 6
unobserved tuple number: 2
gibbs sample time: 0.033062 seconds
probability of topic_Course_59 is 0.439

clique number: 8
unobserved tuple number: 3
gibbs sample time: 0.041087 seconds
probability of topic_Student_20 is 0.512

clique number: 2
unobserved tuple number: 1
gibbs sample time: 0.006995 seconds
probability of topic_Student_91 is 0.448

clique number: 5
unobserved tuple number: 2
gibbs sample time: 0.022229 seconds
probability of topic_Course_19 is 0.682

clique number: 5
unobserved tuple number: 2
gibbs sample time: 0.023616 seconds
probability of topic_Student_85 is 0.54

clique number: 13
unobserved tuple number: 4
gibbs sample time: 0.066963 seconds
probability of topic_ResearchProject_68 is 0.467

clique number: 2
unobserved tuple number: 1
gibbs sample time: 0.007069 seconds
probability of topic_ResearchProject_15 is 0.46

clique number: 6
unobserved tuple number: 2
gibbs sample time: 0.030503 seconds
probability of topic_Course_71 is 0.401

clique number: 2
unobserved tuple number: 1
gibbs sample time: 0.00703 seconds
probability of topic_Student_57 is 0.478

clique number: 2
unobserved tuple number: 1
gibbs sample time: 0.006547 seconds
probability of topic_Staff_10 is 0.552

clique number: 13
unobserved tuple number: 4
gibbs sample time: 0.061232 seconds
probability of topic_Course_43 is 0.308

clique number: 6
unobserved tuple number: 2
gibbs sample time: 0.026597 seconds
probability of topic_Person_47 is 0.492

clique number: 3
unobserved tuple number: 1
gibbs sample time: 0.010273 seconds
probability of topic_Person_83 is 0.517

clique number: 2
unobserved tuple number: 1
gibbs sample time: 0.006944 seconds
probability of topic_Department_10 is 0.637

clique number: 2
unobserved tuple number: 1
gibbs sample time: 0.007047 seconds
probability of topic_Staff_37 is 0.486

clique number: 5
unobserved tuple number: 2
gibbs sample time: 0.023035 seconds
probability of topic_ResearchProject_90 is 0.665

clique number: 3
unobserved tuple number: 1
gibbs sample time: 0.010245 seconds
probability of topic_Person_31 is 0.504

clique number: 7
unobserved tuple number: 3
gibbs sample time: 0.035704 seconds
probability of topic_Person_102 is 0.411

clique number: 6
unobserved tuple number: 2
gibbs sample time: 0.027497 seconds
probability of topic_Student_26 is 0.647

clique number: 2
unobserved tuple number: 1
gibbs sample time: 0.00689 seconds
probability of topic_Course_98 is 0.452

clique number: 6
unobserved tuple number: 2
gibbs sample time: 0.029371 seconds
probability of topic_ResearchProject_89 is 0.414

clique number: 3
unobserved tuple number: 1
gibbs sample time: 0.01145 seconds
probability of topic_Student_83 is 0.539

clique number: 8
unobserved tuple number: 3
gibbs sample time: 0.040897 seconds
probability of topic_Person_21 is 0.397

clique number: 2
unobserved tuple number: 1
gibbs sample time: 0.007241 seconds
probability of topic_Student_56 is 0.336

clique number: 5
unobserved tuple number: 2
gibbs sample time: 0.027964 seconds
probability of topic_ResearchProject_59 is 0.486

clique number: 2
unobserved tuple number: 1
gibbs sample time: 0.007178 seconds
probability of topic_ResearchProject_4 is 0.48

clique number: 2
unobserved tuple number: 1
gibbs sample time: 0.007038 seconds
probability of topic_ResearchProject_29 is 0.392

clique number: 2
unobserved tuple number: 1
gibbs sample time: 0.006835 seconds
probability of topic_Course_54 is 0.585

clique number: 2
unobserved tuple number: 1
gibbs sample time: 0.006869 seconds
probability of topic_Person_84 is 0.553

clique number: 2
unobserved tuple number: 1
gibbs sample time: 0.0073 seconds
probability of topic_ResearchProject_69 is 0.449

clique number: 3
unobserved tuple number: 1
gibbs sample time: 0.010845 seconds
probability of topic_Department_55 is 0.261

clique number: 2
unobserved tuple number: 1
gibbs sample time: 0.006788 seconds
probability of topic_Staff_72 is 0.362

clique number: 5
unobserved tuple number: 2
gibbs sample time: 0.023478 seconds
probability of topic_Faculty_34 is 0.478

clique number: 2
unobserved tuple number: 1
gibbs sample time: 0.006554 seconds
probability of topic_Course_60 is 0.384

clique number: 6
unobserved tuple number: 2
gibbs sample time: 0.026403 seconds
probability of topic_Course_47 is 0.733

clique number: 2
unobserved tuple number: 1
gibbs sample time: 0.006967 seconds
probability of topic_ResearchProject_50 is 0.454

clique number: 7
unobserved tuple number: 3
gibbs sample time: 0.036145 seconds
probability of topic_Course_102 is 0.608

clique number: 2
unobserved tuple number: 1
gibbs sample time: 0.006617 seconds
probability of topic_Course_70 is 0.47

clique number: 2
unobserved tuple number: 1
gibbs sample time: 0.006593 seconds
probability of topic_Staff_52 is 0.509

clique number: 2
unobserved tuple number: 1
gibbs sample time: 0.006662 seconds
probability of topic_Course_10 is 0.462

clique number: 2
unobserved tuple number: 1
gibbs sample time: 0.007361 seconds
probability of topic_Department_76 is 0.46

clique number: 2
unobserved tuple number: 1
gibbs sample time: 0.006591 seconds
probability of topic_Person_16 is 0.481

clique number: 2
unobserved tuple number: 1
gibbs sample time: 0.006573 seconds
probability of topic_Course_96 is 0.518

clique number: 5
unobserved tuple number: 2
gibbs sample time: 0.022572 seconds
probability of topic_Course_90 is 0.378

clique number: 2
unobserved tuple number: 1
gibbs sample time: 0.007078 seconds
probability of topic_Student_86 is 0.504

clique number: 2
unobserved tuple number: 1
gibbs sample time: 0.00678 seconds
probability of topic_Faculty_8 is 0.454

clique number: 3
unobserved tuple number: 1
gibbs sample time: 0.01054 seconds
probability of topic_ResearchProject_44 is 0.491

clique number: 2
unobserved tuple number: 1
gibbs sample time: 0.006803 seconds
probability of topic_Person_14 is 0.675

clique number: 8
unobserved tuple number: 3
gibbs sample time: 0.04031 seconds
probability of topic_Faculty_113 is 0.441

clique number: 2
unobserved tuple number: 1
gibbs sample time: 0.006751 seconds
probability of topic_Course_62 is 0.438

clique number: 2
unobserved tuple number: 1
gibbs sample time: 0.00694 seconds
probability of topic_Department_60 is 0.418

clique number: 6
unobserved tuple number: 2
gibbs sample time: 0.028783 seconds
probability of topic_Department_47 is 0.351

clique number: 2
unobserved tuple number: 1
gibbs sample time: 0.007481 seconds
probability of topic_Faculty_42 is 0.634

clique number: 2
unobserved tuple number: 1
gibbs sample time: 0.007614 seconds
probability of topic_Student_27 is 0.552

clique number: 5
unobserved tuple number: 2
gibbs sample time: 0.025201 seconds
probability of topic_Faculty_19 is 0.489

clique number: 2
unobserved tuple number: 1
gibbs sample time: 0.007163 seconds
probability of topic_ResearchProject_67 is 0.616

clique number: 2
unobserved tuple number: 1
gibbs sample time: 0.006997 seconds
probability of topic_Department_53 is 0.489

clique number: 2
unobserved tuple number: 1
gibbs sample time: 0.006783 seconds
probability of topic_Course_24 is 0.461

clique number: 6
unobserved tuple number: 2
gibbs sample time: 0.027432 seconds
probability of topic_Student_12 is 0.511

clique number: 2
unobserved tuple number: 1
gibbs sample time: 0.007163 seconds
probability of topic_Department_42 is 0.402

clique number: 6
unobserved tuple number: 2
gibbs sample time: 0.03263 seconds
probability of topic_Department_46 is 0.495

clique number: 2
unobserved tuple number: 1
gibbs sample time: 0.006677 seconds
probability of topic_Staff_7 is 0.447

clique number: 2
unobserved tuple number: 1
gibbs sample time: 0.007326 seconds
probability of topic_Student_77 is 0.572

clique number: 2
unobserved tuple number: 1
gibbs sample time: 0.007034 seconds
probability of topic_Student_67 is 0.445

clique number: 2
unobserved tuple number: 1
gibbs sample time: 0.006986 seconds
probability of topic_Department_38 is 0.536

clique number: 2
unobserved tuple number: 1
gibbs sample time: 0.007047 seconds
probability of topic_Faculty_84 is 0.547

clique number: 2
unobserved tuple number: 1
gibbs sample time: 0.006875 seconds
probability of topic_Student_10 is 0.509

clique number: 8
unobserved tuple number: 3
gibbs sample time: 0.039069 seconds
probability of topic_Course_51 is 0.464

clique number: 2
unobserved tuple number: 1
gibbs sample time: 0.006991 seconds
probability of topic_ResearchProject_98 is 0.635

clique number: 2
unobserved tuple number: 1
gibbs sample time: 0.006939 seconds
probability of topic_Faculty_38 is 0.451

clique number: 6
unobserved tuple number: 2
gibbs sample time: 0.032306 seconds
probability of topic_Course_46 is 0.409

clique number: 5
unobserved tuple number: 2
gibbs sample time: 0.024636 seconds
probability of topic_ResearchProject_61 is 0.694

clique number: 2
unobserved tuple number: 1
gibbs sample time: 0.006621 seconds
probability of topic_Staff_50 is 0.451

clique number: 6
unobserved tuple number: 2
gibbs sample time: 0.030864 seconds
probability of topic_Staff_93 is 0.392

clique number: 2
unobserved tuple number: 1
gibbs sample time: 0.00703 seconds
probability of topic_ResearchProject_86 is 0.46

clique number: 2
unobserved tuple number: 1
gibbs sample time: 0.007123 seconds
probability of topic_Person_95 is 0.449

clique number: 2
unobserved tuple number: 1
gibbs sample time: 0.006879 seconds
probability of topic_Faculty_18 is 0.381

clique number: 5
unobserved tuple number: 2
gibbs sample time: 0.02268 seconds
probability of topic_Person_39 is 0.444

clique number: 13
unobserved tuple number: 4
gibbs sample time: 0.065926 seconds
probability of topic_Department_88 is 0.534

clique number: 2
unobserved tuple number: 1
gibbs sample time: 0.006806 seconds
probability of topic_Person_13 is 0.506

clique number: 5
unobserved tuple number: 2
gibbs sample time: 0.023067 seconds
probability of topic_Staff_39 is 0.698

clique number: 2
unobserved tuple number: 1
gibbs sample time: 0.007334 seconds
probability of topic_Department_3 is 0.447

clique number: 2
unobserved tuple number: 1
gibbs sample time: 0.007139 seconds
probability of topic_Person_79 is 0.449

clique number: 2
unobserved tuple number: 1
gibbs sample time: 0.00696 seconds
probability of topic_Person_67 is 0.384

clique number: 3
unobserved tuple number: 1
gibbs sample time: 0.010314 seconds
probability of topic_Person_9 is 0.391

clique number: 2
unobserved tuple number: 1
gibbs sample time: 0.007337 seconds
probability of topic_Student_42 is 0.606

clique number: 3
unobserved tuple number: 1
gibbs sample time: 0.010262 seconds
probability of topic_Staff_9 is 0.488

clique number: 6
unobserved tuple number: 2
gibbs sample time: 0.032118 seconds
probability of topic_Student_59 is 0.431

clique number: 2
unobserved tuple number: 1
gibbs sample time: 0.00684 seconds
probability of topic_Course_13 is 0.459

clique number: 2
unobserved tuple number: 1
gibbs sample time: 0.007364 seconds
probability of topic_Department_64 is 0.5

clique number: 2
unobserved tuple number: 1
gibbs sample time: 0.006698 seconds
probability of topic_Staff_91 is 0.48

clique number: 5
unobserved tuple number: 2
gibbs sample time: 0.022954 seconds
probability of topic_Staff_19 is 0.501

clique number: 5
unobserved tuple number: 2
gibbs sample time: 0.023855 seconds
probability of topic_ResearchProject_22 is 0.62

clique number: 3
unobserved tuple number: 1
gibbs sample time: 0.010379 seconds
probability of topic_Student_49 is 0.785

clique number: 2
unobserved tuple number: 1
gibbs sample time: 0.006929 seconds
probability of topic_Staff_95 is 0.475

clique number: 2
unobserved tuple number: 1
gibbs sample time: 0.007089 seconds
probability of topic_ResearchProject_27 is 0.461

clique number: 2
unobserved tuple number: 1
gibbs sample time: 0.00711 seconds
probability of topic_Faculty_62 is 0.449

clique number: 2
unobserved tuple number: 1
gibbs sample time: 0.006894 seconds
probability of topic_ResearchProject_53 is 0.471

clique number: 2
unobserved tuple number: 1
gibbs sample time: 0.007155 seconds
probability of topic_Department_86 is 0.417

clique number: 2
unobserved tuple number: 1
gibbs sample time: 0.006835 seconds
probability of topic_Person_15 is 0.488

clique number: 5
unobserved tuple number: 2
gibbs sample time: 0.023408 seconds
probability of topic_ResearchProject_34 is 0.538

clique number: 8
unobserved tuple number: 3
gibbs sample time: 0.038751 seconds
probability of topic_Course_21 is 0.512

clique number: 2
unobserved tuple number: 1
gibbs sample time: 0.006813 seconds
probability of topic_Person_27 is 0.523

clique number: 3
unobserved tuple number: 1
gibbs sample time: 0.010323 seconds
probability of topic_Faculty_49 is 0.502

clique number: 2
unobserved tuple number: 1
gibbs sample time: 0.007116 seconds
probability of topic_Department_37 is 0.431

clique number: 5
unobserved tuple number: 2
gibbs sample time: 0.023744 seconds
probability of topic_Department_34 is 0.473

clique number: 2
unobserved tuple number: 1
gibbs sample time: 0.006915 seconds
probability of topic_Person_25 is 0.487

clique number: 5
unobserved tuple number: 2
gibbs sample time: 0.023426 seconds
probability of topic_Course_85 is 0.38

clique number: 2
unobserved tuple number: 1
gibbs sample time: 0.006772 seconds
probability of topic_Staff_99 is 0.479

clique number: 2
unobserved tuple number: 1
gibbs sample time: 0.006736 seconds
probability of topic_Person_30 is 0.492

clique number: 2
unobserved tuple number: 1
gibbs sample time: 0.006658 seconds
probability of topic_Staff_58 is 0.594

clique number: 2
unobserved tuple number: 1
gibbs sample time: 0.006923 seconds
probability of topic_Student_33 is 0.682

clique number: 2
unobserved tuple number: 1
gibbs sample time: 0.006839 seconds
probability of topic_ResearchProject_11 is 0.223

clique number: 2
unobserved tuple number: 1
gibbs sample time: 0.007591 seconds
probability of topic_Student_32 is 0.462

clique number: 2
unobserved tuple number: 1
gibbs sample time: 0.007507 seconds
probability of topic_Department_99 is 0.456

clique number: 8
unobserved tuple number: 3
gibbs sample time: 0.041448 seconds
probability of topic_Staff_113 is 0.533

clique number: 2
unobserved tuple number: 1
gibbs sample time: 0.006665 seconds
probability of topic_Faculty_2 is 0.545

clique number: 2
unobserved tuple number: 1
gibbs sample time: 0.007391 seconds
probability of topic_ResearchProject_72 is 0.478

clique number: 6
unobserved tuple number: 2
gibbs sample time: 0.032117 seconds
probability of topic_Person_59 is 0.476

clique number: 6
unobserved tuple number: 2
gibbs sample time: 0.031948 seconds
probability of topic_Faculty_59 is 0.574

clique number: 2
unobserved tuple number: 1
gibbs sample time: 0.006965 seconds
probability of topic_ResearchProject_87 is 0.444

clique number: 2
unobserved tuple number: 1
gibbs sample time: 0.006577 seconds
probability of topic_Staff_65 is 0.44

clique number: 2
unobserved tuple number: 1
gibbs sample time: 0.006906 seconds
probability of topic_ResearchProject_66 is 0.443

clique number: 6
unobserved tuple number: 2
gibbs sample time: 0.032343 seconds
probability of topic_Faculty_108 is 0.43

clique number: 5
unobserved tuple number: 2
gibbs sample time: 0.023478 seconds
probability of topic_Student_90 is 0.475

clique number: 2
unobserved tuple number: 1
gibbs sample time: 0.007027 seconds
probability of topic_Staff_41 is 0.444

clique number: 2
unobserved tuple number: 1
gibbs sample time: 0.007099 seconds
probability of topic_Department_24 is 0.65

clique number: 2
unobserved tuple number: 1
gibbs sample time: 0.006985 seconds
probability of topic_Faculty_81 is 0.367

clique number: 2
unobserved tuple number: 1
gibbs sample time: 0.007055 seconds
probability of topic_Staff_29 is 0.558

clique number: 5
unobserved tuple number: 2
gibbs sample time: 0.021893 seconds
probability of topic_Course_22 is 0.552

clique number: 6
unobserved tuple number: 2
gibbs sample time: 0.026125 seconds
probability of topic_Staff_89 is 0.582

clique number: 2
unobserved tuple number: 1
gibbs sample time: 0.006992 seconds
probability of topic_Staff_54 is 0.469

clique number: 2
unobserved tuple number: 1
gibbs sample time: 0.007114 seconds
probability of topic_ResearchProject_32 is 0.649

clique number: 2
unobserved tuple number: 1
gibbs sample time: 0.006628 seconds
probability of topic_Course_99 is 0.641

clique number: 6
unobserved tuple number: 2
gibbs sample time: 0.031926 seconds
probability of topic_Person_46 is 0.473

clique number: 5
unobserved tuple number: 2
gibbs sample time: 0.022515 seconds
probability of topic_Person_35 is 0.515

clique number: 5
unobserved tuple number: 2
gibbs sample time: 0.023226 seconds
probability of topic_Faculty_61 is 0.617

clique number: 2
unobserved tuple number: 1
gibbs sample time: 0.006997 seconds
probability of topic_Staff_45 is 0.489

clique number: 2
unobserved tuple number: 1
gibbs sample time: 0.007012 seconds
probability of topic_Course_67 is 0.568

clique number: 2
unobserved tuple number: 1
gibbs sample time: 0.006778 seconds
probability of topic_Student_7 is 0.489

clique number: 2
unobserved tuple number: 1
gibbs sample time: 0.006783 seconds
probability of topic_Course_45 is 0.487

clique number: 13
unobserved tuple number: 4
gibbs sample time: 0.069733 seconds
probability of topic_Department_40 is 0.62

clique number: 2
unobserved tuple number: 1
gibbs sample time: 0.007124 seconds
probability of topic_Course_79 is 0.451

clique number: 2
unobserved tuple number: 1
gibbs sample time: 0.007116 seconds
probability of topic_Staff_22 is 0.541

clique number: 2
unobserved tuple number: 1
gibbs sample time: 0.006518 seconds
probability of topic_Course_11 is 0.284

clique number: 8
unobserved tuple number: 3
gibbs sample time: 0.041098 seconds
probability of topic_ResearchProject_21 is 0.545

clique number: 8
unobserved tuple number: 3
gibbs sample time: 0.040097 seconds
probability of topic_Faculty_21 is 0.514

clique number: 2
unobserved tuple number: 1
gibbs sample time: 0.006826 seconds
probability of topic_Person_56 is 0.381

clique number: 3
unobserved tuple number: 1
gibbs sample time: 0.010123 seconds
probability of topic_Person_55 is 0.461

clique number: 5
unobserved tuple number: 2
gibbs sample time: 0.023699 seconds
probability of topic_ResearchProject_35 is 0.561

clique number: 5
unobserved tuple number: 2
gibbs sample time: 0.022848 seconds
probability of topic_Person_61 is 0.504

clique number: 5
unobserved tuple number: 2
gibbs sample time: 0.024201 seconds
probability of topic_Department_35 is 0.542

clique number: 6
unobserved tuple number: 2
gibbs sample time: 0.032537 seconds
probability of topic_ResearchProject_93 is 0.486

clique number: 2
unobserved tuple number: 1
gibbs sample time: 0.006629 seconds
probability of topic_Person_38 is 0.343

clique number: 2
unobserved tuple number: 1
gibbs sample time: 0.006582 seconds
probability of topic_Staff_27 is 0.578

clique number: 2
unobserved tuple number: 1
gibbs sample time: 0.006556 seconds
probability of topic_Course_52 is 0.449

clique number: 2
unobserved tuple number: 1
gibbs sample time: 0.006562 seconds
probability of topic_Person_70 is 0.364

clique number: 2
unobserved tuple number: 1
gibbs sample time: 0.007146 seconds
probability of topic_Department_77 is 0.484

clique number: 2
unobserved tuple number: 1
gibbs sample time: 0.006912 seconds
probability of topic_ResearchProject_28 is 0.434

clique number: 13
unobserved tuple number: 4
gibbs sample time: 0.061732 seconds
probability of topic_Person_40 is 0.64

clique number: 5
unobserved tuple number: 2
gibbs sample time: 0.022622 seconds
probability of topic_Person_22 is 0.374

clique number: 3
unobserved tuple number: 1
gibbs sample time: 0.010624 seconds
probability of topic_Staff_55 is 0.477

clique number: 2
unobserved tuple number: 1
gibbs sample time: 0.00706 seconds
probability of topic_Student_15 is 0.546

clique number: 2
unobserved tuple number: 1
gibbs sample time: 0.006811 seconds
probability of topic_Staff_79 is 0.474

clique number: 2
unobserved tuple number: 1
gibbs sample time: 0.006808 seconds
probability of topic_Course_84 is 0.414

clique number: 2
unobserved tuple number: 1
gibbs sample time: 0.006756 seconds
probability of topic_Course_74 is 0.424

clique number: 2
unobserved tuple number: 1
gibbs sample time: 0.007115 seconds
probability of topic_Staff_98 is 0.495

clique number: 2
unobserved tuple number: 1
gibbs sample time: 0.007487 seconds
probability of topic_Student_36 is 0.561

clique number: 2
unobserved tuple number: 1
gibbs sample time: 0.007571 seconds
probability of topic_ResearchProject_74 is 0.447

clique number: 2
unobserved tuple number: 1
gibbs sample time: 0.007632 seconds
probability of topic_Student_14 is 0.592

clique number: 5
unobserved tuple number: 2
gibbs sample time: 0.02642 seconds
probability of topic_Student_61 is 0.391

clique number: 2
unobserved tuple number: 1
gibbs sample time: 0.007367 seconds
probability of topic_Staff_57 is 0.479

clique number: 8
unobserved tuple number: 3
gibbs sample time: 0.042268 seconds
probability of topic_Student_51 is 0.521

clique number: 5
unobserved tuple number: 2
gibbs sample time: 0.025145 seconds
probability of topic_Student_39 is 0.334

clique number: 2
unobserved tuple number: 1
gibbs sample time: 0.007036 seconds
probability of topic_Person_36 is 0.573

clique number: 2
unobserved tuple number: 1
gibbs sample time: 0.006912 seconds
probability of topic_Course_14 is 0.492

clique number: 5
unobserved tuple number: 2
gibbs sample time: 0.024193 seconds
probability of topic_ResearchProject_19 is 0.512

clique number: 6
unobserved tuple number: 2
gibbs sample time: 0.02715 seconds
probability of topic_Person_44 is 0.546

clique number: 5
unobserved tuple number: 2
gibbs sample time: 0.024269 seconds
probability of topic_Faculty_124 is 0.478

clique number: 6
unobserved tuple number: 2
gibbs sample time: 0.027121 seconds
probability of topic_Person_124 is 0.497

clique number: 2
unobserved tuple number: 1
gibbs sample time: 0.006949 seconds
probability of topic_Student_23 is 0.508

clique number: 5
unobserved tuple number: 2
gibbs sample time: 0.02667 seconds
probability of topic_Person_71 is 0.489

clique number: 2
unobserved tuple number: 1
gibbs sample time: 0.007677 seconds
probability of topic_Student_17 is 0.298

clique number: 2
unobserved tuple number: 1
gibbs sample time: 0.007167 seconds
probability of topic_Course_41 is 0.391

clique number: 2
unobserved tuple number: 1
gibbs sample time: 0.006974 seconds
probability of topic_Staff_32 is 0.575

clique number: 2
unobserved tuple number: 1
gibbs sample time: 0.006999 seconds
probability of topic_Faculty_3 is 0.528

clique number: 2
unobserved tuple number: 1
gibbs sample time: 0.006991 seconds
probability of topic_Student_11 is 0.048

clique number: 2
unobserved tuple number: 1
gibbs sample time: 0.007015 seconds
probability of topic_Faculty_63 is 0.481

clique number: 2
unobserved tuple number: 1
gibbs sample time: 0.007093 seconds
probability of topic_Faculty_69 is 0.402

clique number: 2
unobserved tuple number: 1
gibbs sample time: 0.00705 seconds
probability of topic_ResearchProject_48 is 0.388

clique number: 2
unobserved tuple number: 1
gibbs sample time: 0.007013 seconds
probability of topic_Faculty_87 is 0.487

clique number: 2
unobserved tuple number: 1
gibbs sample time: 0.007244 seconds
probability of topic_ResearchProject_41 is 0.363

clique number: 2
unobserved tuple number: 1
gibbs sample time: 0.006631 seconds
probability of topic_Person_7 is 0.471

clique number: 2
unobserved tuple number: 1
gibbs sample time: 0.007127 seconds
probability of topic_Student_28 is 0.509

clique number: 5
unobserved tuple number: 2
gibbs sample time: 0.023092 seconds
probability of topic_Person_34 is 0.417

clique number: 5
unobserved tuple number: 2
gibbs sample time: 0.023207 seconds
probability of topic_Person_119 is 0.495

clique number: 6
unobserved tuple number: 2
gibbs sample time: 0.028877 seconds
probability of topic_Course_124 is 0.484

clique number: 2
unobserved tuple number: 1
gibbs sample time: 0.007392 seconds
probability of topic_Staff_77 is 0.472

clique number: 2
unobserved tuple number: 1
gibbs sample time: 0.007246 seconds
probability of topic_Person_82 is 0.562

clique number: 3
unobserved tuple number: 1
gibbs sample time: 0.010857 seconds
probability of topic_Faculty_55 is 0.349

clique number: 5
unobserved tuple number: 2
gibbs sample time: 0.02277 seconds
probability of topic_Course_39 is 0.671

clique number: 2
unobserved tuple number: 1
gibbs sample time: 0.006943 seconds
probability of topic_Student_48 is 0.449

clique number: 2
unobserved tuple number: 1
gibbs sample time: 0.006925 seconds
probability of topic_ResearchProject_63 is 0.473

clique number: 2
unobserved tuple number: 1
gibbs sample time: 0.00661 seconds
probability of topic_Staff_60 is 0.411

clique number: 2
unobserved tuple number: 1
gibbs sample time: 0.006825 seconds
probability of topic_Course_57 is 0.539

clique number: 2
unobserved tuple number: 1
gibbs sample time: 0.006607 seconds
probability of topic_Course_63 is 0.491

clique number: 6
unobserved tuple number: 2
gibbs sample time: 0.032099 seconds
probability of topic_Student_46 is 0.546

clique number: 2
unobserved tuple number: 1
gibbs sample time: 0.007098 seconds
probability of topic_Department_85 is 0.412

clique number: 2
unobserved tuple number: 1
gibbs sample time: 0.006607 seconds
probability of topic_Person_98 is 0.71

clique number: 6
unobserved tuple number: 2
gibbs sample time: 0.02803 seconds
probability of topic_Department_12 is 0.465

clique number: 2
unobserved tuple number: 1
gibbs sample time: 0.00683 seconds
probability of topic_Course_69 is 0.397

clique number: 2
unobserved tuple number: 1
gibbs sample time: 0.006669 seconds
probability of topic_Staff_63 is 0.584

clique number: 2
unobserved tuple number: 1
gibbs sample time: 0.0066 seconds
probability of topic_Staff_30 is 0.528

clique number: 5
unobserved tuple number: 2
gibbs sample time: 0.023642 seconds
probability of topic_Student_128 is 0.527

clique number: 13
unobserved tuple number: 4
gibbs sample time: 0.06448 seconds
probability of topic_Faculty_88 is 0.449

clique number: 3
unobserved tuple number: 1
gibbs sample time: 0.010773 seconds
probability of topic_Faculty_83 is 0.518

clique number: 2
unobserved tuple number: 1
gibbs sample time: 0.00712 seconds
probability of topic_Department_84 is 0.551

clique number: 6
unobserved tuple number: 2
gibbs sample time: 0.031528 seconds
probability of topic_Student_71 is 0.519

clique number: 2
unobserved tuple number: 1
gibbs sample time: 0.007099 seconds
probability of topic_Faculty_92 is 0.375

clique number: 13
unobserved tuple number: 4
gibbs sample time: 0.068527 seconds
probability of topic_Student_68 is 0.524

clique number: 3
unobserved tuple number: 1
gibbs sample time: 0.010208 seconds
probability of topic_Course_9 is 0.439

clique number: 3
unobserved tuple number: 1
gibbs sample time: 0.009752 seconds
probability of topic_Person_49 is 0.753

clique number: 6
unobserved tuple number: 2
gibbs sample time: 0.027345 seconds
probability of topic_Person_12 is 0.455

clique number: 2
unobserved tuple number: 1
gibbs sample time: 0.007393 seconds
probability of topic_Student_3 is 0.45

clique number: 2
unobserved tuple number: 1
gibbs sample time: 0.007643 seconds
probability of topic_Faculty_14 is 0.646

clique number: 2
unobserved tuple number: 1
gibbs sample time: 0.007189 seconds
probability of topic_Person_72 is 0.495

clique number: 3
unobserved tuple number: 1
gibbs sample time: 0.011016 seconds
probability of topic_Student_31 is 0.646

clique number: 2
unobserved tuple number: 1
gibbs sample time: 0.007176 seconds
probability of topic_ResearchProject_36 is 0.394

clique number: 2
unobserved tuple number: 1
gibbs sample time: 0.007096 seconds
probability of topic_Department_30 is 0.473

clique number: 2
unobserved tuple number: 1
gibbs sample time: 0.007402 seconds
probability of topic_Faculty_45 is 0.506

clique number: 2
unobserved tuple number: 1
gibbs sample time: 0.007039 seconds
probability of topic_Department_23 is 0.457

clique number: 3
unobserved tuple number: 1
gibbs sample time: 0.010689 seconds
probability of topic_Student_73 is 0.413

clique number: 2
unobserved tuple number: 1
gibbs sample time: 0.007297 seconds
probability of topic_Student_54 is 0.379

clique number: 2
unobserved tuple number: 1
gibbs sample time: 0.007206 seconds
probability of topic_ResearchProject_13 is 0.538

clique number: 2
unobserved tuple number: 1
gibbs sample time: 0.006582 seconds
probability of topic_Staff_82 is 0.531

clique number: 2
unobserved tuple number: 1
gibbs sample time: 0.006894 seconds
probability of topic_Person_41 is 0.767

clique number: 2
unobserved tuple number: 1
gibbs sample time: 0.00693 seconds
probability of topic_Faculty_4 is 0.523

clique number: 6
unobserved tuple number: 2
gibbs sample time: 0.032125 seconds
probability of topic_Faculty_46 is 0.406

clique number: 2
unobserved tuple number: 1
gibbs sample time: 0.007219 seconds
probability of topic_Faculty_37 is 0.443

clique number: 3
unobserved tuple number: 1
gibbs sample time: 0.010558 seconds
probability of topic_Course_31 is 0.462

clique number: 2
unobserved tuple number: 1
gibbs sample time: 0.00729 seconds
probability of topic_Department_69 is 0.466

clique number: 2
unobserved tuple number: 1
gibbs sample time: 0.007635 seconds
probability of topic_Department_87 is 0.371

clique number: 6
unobserved tuple number: 2
gibbs sample time: 0.029559 seconds
probability of topic_Course_44 is 0.294

clique number: 6
unobserved tuple number: 2
gibbs sample time: 0.035376 seconds
probability of topic_Course_108 is 0.413

clique number: 2
unobserved tuple number: 1
gibbs sample time: 0.007813 seconds
probability of topic_Department_33 is 0.631

clique number: 5
unobserved tuple number: 2
gibbs sample time: 0.025528 seconds
probability of topic_Faculty_33 is 0.468

clique number: 2
unobserved tuple number: 1
gibbs sample time: 0.007309 seconds
probability of topic_Student_62 is 0.473

clique number: 2
unobserved tuple number: 1
gibbs sample time: 0.00692 seconds
probability of topic_Course_76 is 0.422

clique number: 7
unobserved tuple number: 3
gibbs sample time: 0.036832 seconds
probability of topic_Course_20 is 0.484

clique number: 2
unobserved tuple number: 1
gibbs sample time: 0.006839 seconds
probability of topic_Course_42 is 0.54

clique number: 5
unobserved tuple number: 2
gibbs sample time: 0.023688 seconds
probability of topic_Faculty_119 is 0.486

clique number: 5
unobserved tuple number: 2
gibbs sample time: 0.02251 seconds
probability of topic_Staff_34 is 0.455

clique number: 2
unobserved tuple number: 1
gibbs sample time: 0.007112 seconds
probability of topic_Faculty_86 is 0.416

clique number: 5
unobserved tuple number: 2
gibbs sample time: 0.022552 seconds
probability of topic_Staff_119 is 0.493

clique number: 5
unobserved tuple number: 2
gibbs sample time: 0.021962 seconds
probability of topic_Person_78 is 0.686

clique number: 2
unobserved tuple number: 1
gibbs sample time: 0.007146 seconds
probability of topic_ResearchProject_10 is 0.466

clique number: 13
unobserved tuple number: 4
gibbs sample time: 0.062865 seconds
probability of topic_Course_40 is 0.565

clique number: 2
unobserved tuple number: 1
gibbs sample time: 0.006957 seconds
probability of topic_Student_80 is 0.478

clique number: 5
unobserved tuple number: 2
gibbs sample time: 0.023359 seconds
probability of topic_Faculty_39 is 0.407

clique number: 2
unobserved tuple number: 1
gibbs sample time: 0.007031 seconds
probability of topic_Faculty_25 is 0.465

clique number: 7
unobserved tuple number: 3
gibbs sample time: 0.036368 seconds
probability of topic_Person_18 is 0.518

clique number: 13
unobserved tuple number: 4
gibbs sample time: 0.065666 seconds
probability of topic_Faculty_40 is 0.592

clique number: 5
unobserved tuple number: 2
gibbs sample time: 0.023269 seconds
probability of topic_Faculty_90 is 0.611

clique number: 2
unobserved tuple number: 1
gibbs sample time: 0.006658 seconds
probability of topic_Course_30 is 0.589

clique number: 2
unobserved tuple number: 1
gibbs sample time: 0.00707 seconds
probability of topic_Faculty_29 is 0.698

clique number: 2
unobserved tuple number: 1
gibbs sample time: 0.006865 seconds
probability of topic_Person_63 is 0.49

clique number: 2
unobserved tuple number: 1
gibbs sample time: 0.006996 seconds
probability of topic_Student_87 is 0.621

clique number: 5
unobserved tuple number: 2
gibbs sample time: 0.023132 seconds
probability of topic_Faculty_78 is 0.442

clique number: 2
unobserved tuple number: 1
gibbs sample time: 0.00714 seconds
probability of topic_Department_5 is 0.478

clique number: 3
unobserved tuple number: 1
gibbs sample time: 0.010652 seconds
probability of topic_Department_83 is 0.452

clique number: 2
unobserved tuple number: 1
gibbs sample time: 0.007124 seconds
probability of topic_Person_32 is 0.502

clique number: 6
unobserved tuple number: 2
gibbs sample time: 0.025819 seconds
probability of topic_Staff_26 is 0.436

clique number: 2
unobserved tuple number: 1
gibbs sample time: 0.007209 seconds
probability of topic_ResearchProject_17 is 0.478

clique number: 5
unobserved tuple number: 2
gibbs sample time: 0.02365 seconds
probability of topic_Faculty_22 is 0.368

clique number: 6
unobserved tuple number: 2
gibbs sample time: 0.027451 seconds
probability of topic_Student_47 is 0.433

clique number: 6
unobserved tuple number: 2
gibbs sample time: 0.032827 seconds
probability of topic_Faculty_94 is 0.402

clique number: 2
unobserved tuple number: 1
gibbs sample time: 0.007141 seconds
probability of topic_ResearchProject_45 is 0.479

clique number: 2
unobserved tuple number: 1
gibbs sample time: 0.006631 seconds
probability of topic_Person_96 is 0.564

clique number: 2
unobserved tuple number: 1
gibbs sample time: 0.007174 seconds
probability of topic_Course_73 is 0.427

clique number: 8
unobserved tuple number: 3
gibbs sample time: 0.040072 seconds
probability of topic_Person_51 is 0.463

clique number: 8
unobserved tuple number: 3
gibbs sample time: 0.040462 seconds
probability of topic_Person_113 is 0.342

clique number: 2
unobserved tuple number: 1
gibbs sample time: 0.00691 seconds
probability of topic_Faculty_97 is 0.472

clique number: 2
unobserved tuple number: 1
gibbs sample time: 0.00688 seconds
probability of topic_Department_6 is 0.482

clique number: 2
unobserved tuple number: 1
gibbs sample time: 0.007012 seconds
probability of topic_Department_91 is 0.441

clique number: 5
unobserved tuple number: 2
gibbs sample time: 0.023376 seconds
probability of topic_Student_78 is 0.677

clique number: 2
unobserved tuple number: 1
gibbs sample time: 0.006603 seconds
probability of topic_Person_65 is 0.53

clique number: 2
unobserved tuple number: 1
gibbs sample time: 0.006992 seconds
probability of topic_Staff_3 is 0.46

clique number: 5
unobserved tuple number: 2
gibbs sample time: 0.022995 seconds
probability of topic_Course_128 is 0.501

clique number: 13
unobserved tuple number: 4
gibbs sample time: 0.063831 seconds
probability of topic_Staff_43 is 0.356

clique number: 2
unobserved tuple number: 1
gibbs sample time: 0.006945 seconds
probability of topic_Department_65 is 0.404

clique number: 5
unobserved tuple number: 2
gibbs sample time: 0.023146 seconds
probability of topic_Department_78 is 0.629

clique number: 13
unobserved tuple number: 4
gibbs sample time: 0.063941 seconds
probability of topic_Staff_88 is 0.395

clique number: 5
unobserved tuple number: 2
gibbs sample time: 0.023571 seconds
probability of topic_Faculty_35 is 0.611

clique number: 13
unobserved tuple number: 4
gibbs sample time: 0.063896 seconds
probability of topic_Staff_68 is 0.437

clique number: 2
unobserved tuple number: 1
gibbs sample time: 0.006853 seconds
probability of topic_Course_80 is 0.484

clique number: 2
unobserved tuple number: 1
gibbs sample time: 0.00757 seconds
probability of topic_Department_57 is 0.49

clique number: 5
unobserved tuple number: 2
gibbs sample time: 0.022233 seconds
probability of topic_Course_35 is 0.623

clique number: 2
unobserved tuple number: 1
gibbs sample time: 0.006877 seconds
probability of topic_Staff_62 is 0.384

clique number: 2
unobserved tuple number: 1
gibbs sample time: 0.006948 seconds
probability of topic_Course_75 is 0.527

clique number: 2
unobserved tuple number: 1
gibbs sample time: 0.006914 seconds
probability of topic_Staff_75 is 0.352

clique number: 3
unobserved tuple number: 1
gibbs sample time: 0.010131 seconds
probability of topic_Course_83 is 0.694

clique number: 8
unobserved tuple number: 3
gibbs sample time: 0.040694 seconds
probability of topic_ResearchProject_20 is 0.428

clique number: 2
unobserved tuple number: 1
gibbs sample time: 0.006775 seconds
probability of topic_Staff_86 is 0.389

clique number: 2
unobserved tuple number: 1
gibbs sample time: 0.006881 seconds
probability of topic_ResearchProject_38 is 0.562

clique number: 6
unobserved tuple number: 2
gibbs sample time: 0.030886 seconds
probability of topic_Staff_71 is 0.437

clique number: 2
unobserved tuple number: 1
gibbs sample time: 0.006829 seconds
probability of topic_Faculty_10 is 0.45

clique number: 2
unobserved tuple number: 1
gibbs sample time: 0.006857 seconds
probability of topic_Student_53 is 0.507

clique number: 2
unobserved tuple number: 1
gibbs sample time: 0.006577 seconds
probability of topic_Person_28 is 0.496

clique number: 2
unobserved tuple number: 1
gibbs sample time: 0.00693 seconds
probability of topic_ResearchProject_60 is 0.489

clique number: 2
unobserved tuple number: 1
gibbs sample time: 0.006851 seconds
probability of topic_Person_50 is 0.591

clique number: 2
unobserved tuple number: 1
gibbs sample time: 0.00695 seconds
probability of topic_Faculty_7 is 0.428

clique number: 2
unobserved tuple number: 1
gibbs sample time: 0.006698 seconds
probability of topic_Staff_6 is 0.45

clique number: 2
unobserved tuple number: 1
gibbs sample time: 0.007184 seconds
probability of topic_Student_72 is 0.68

clique number: 2
unobserved tuple number: 1
gibbs sample time: 0.00725 seconds
probability of topic_Faculty_76 is 0.467

clique number: 2
unobserved tuple number: 1
gibbs sample time: 0.006992 seconds
probability of topic_ResearchProject_99 is 0.495

clique number: 5
unobserved tuple number: 2
gibbs sample time: 0.023125 seconds
probability of topic_Faculty_85 is 0.444

clique number: 2
unobserved tuple number: 1
gibbs sample time: 0.00709 seconds
probability of topic_Department_4 is 0.503

clique number: 2
unobserved tuple number: 1
gibbs sample time: 0.0066 seconds
probability of topic_Course_25 is 0.467

clique number: 2
unobserved tuple number: 1
gibbs sample time: 0.006796 seconds
probability of topic_Person_75 is 0.645

clique number: 5
unobserved tuple number: 2
gibbs sample time: 0.022796 seconds
probability of topic_Person_19 is 0.399

clique number: 2
unobserved tuple number: 1
gibbs sample time: 0.006737 seconds
probability of topic_Staff_5 is 0.412

clique number: 6
unobserved tuple number: 2
gibbs sample time: 0.029039 seconds
probability of topic_ResearchProject_26 is 0.583

clique number: 2
unobserved tuple number: 1
gibbs sample time: 0.00695 seconds
probability of topic_Staff_87 is 0.472

clique number: 2
unobserved tuple number: 1
gibbs sample time: 0.007138 seconds
probability of topic_Staff_76 is 0.647

clique number: 2
unobserved tuple number: 1
gibbs sample time: 0.006836 seconds
probability of topic_Student_70 is 0.456

clique number: 13
unobserved tuple number: 4
gibbs sample time: 0.067507 seconds
probability of topic_ResearchProject_88 is 0.48

clique number: 2
unobserved tuple number: 1
gibbs sample time: 0.007054 seconds
probability of topic_Faculty_72 is 0.434

clique number: 2
unobserved tuple number: 1
gibbs sample time: 0.007129 seconds
probability of topic_Department_95 is 0.46

clique number: 2
unobserved tuple number: 1
gibbs sample time: 0.00751 seconds
probability of topic_Department_56 is 0.612

clique number: 2
unobserved tuple number: 1
gibbs sample time: 0.007207 seconds
probability of topic_Student_74 is 0.498

clique number: 2
unobserved tuple number: 1
gibbs sample time: 0.006639 seconds
probability of topic_Person_80 is 0.442

clique number: 2
unobserved tuple number: 1
gibbs sample time: 0.007125 seconds
probability of topic_Department_62 is 0.502

clique number: 5
unobserved tuple number: 2
gibbs sample time: 0.024163 seconds
probability of topic_ResearchProject_33 is 0.299

clique number: 13
unobserved tuple number: 4
gibbs sample time: 0.061836 seconds
probability of topic_Person_88 is 0.52

clique number: 2
unobserved tuple number: 1
gibbs sample time: 0.006714 seconds
probability of topic_Course_2 is 0.462

clique number: 2
unobserved tuple number: 1
gibbs sample time: 0.006972 seconds
probability of topic_Student_45 is 0.502

clique number: 2
unobserved tuple number: 1
gibbs sample time: 0.007069 seconds
probability of topic_ResearchProject_57 is 0.456

clique number: 2
unobserved tuple number: 1
gibbs sample time: 0.006849 seconds
probability of topic_Person_29 is 0.628

clique number: 2
unobserved tuple number: 1
gibbs sample time: 0.007006 seconds
probability of topic_Student_37 is 0.502

clique number: 3
unobserved tuple number: 1
gibbs sample time: 0.01099 seconds
probability of topic_ResearchProject_83 is 0.444

clique number: 5
unobserved tuple number: 2
gibbs sample time: 0.021693 seconds
probability of topic_Person_90 is 0.543

clique number: 2
unobserved tuple number: 1
gibbs sample time: 0.007033 seconds
probability of topic_Student_81 is 0.503

clique number: 2
unobserved tuple number: 1
gibbs sample time: 0.007074 seconds
probability of topic_ResearchProject_79 is 0.43

clique number: 6
unobserved tuple number: 2
gibbs sample time: 0.030173 seconds
probability of topic_Staff_59 is 0.5

clique number: 6
unobserved tuple number: 2
gibbs sample time: 0.030243 seconds
probability of topic_Staff_46 is 0.436

clique number: 2
unobserved tuple number: 1
gibbs sample time: 0.00687 seconds
probability of topic_Student_60 is 0.531

clique number: 2
unobserved tuple number: 1
gibbs sample time: 0.006779 seconds
probability of topic_Person_45 is 0.476

clique number: 6
unobserved tuple number: 2
gibbs sample time: 0.030725 seconds
probability of topic_Course_93 is 0.466

clique number: 2
unobserved tuple number: 1
gibbs sample time: 0.007124 seconds
probability of topic_ResearchProject_56 is 0.521

clique number: 2
unobserved tuple number: 1
gibbs sample time: 0.007086 seconds
probability of topic_Faculty_32 is 0.407

clique number: 2
unobserved tuple number: 1
gibbs sample time: 0.006814 seconds
probability of topic_Staff_81 is 0.446

clique number: 2
unobserved tuple number: 1
gibbs sample time: 0.006719 seconds
probability of topic_Student_6 is 0.504

clique number: 13
unobserved tuple number: 4
gibbs sample time: 0.067723 seconds
probability of topic_Student_88 is 0.544

clique number: 8
unobserved tuple number: 3
gibbs sample time: 0.04096 seconds
probability of topic_ResearchProject_51 is 0.408

clique number: 8
unobserved tuple number: 3
gibbs sample time: 0.041792 seconds
probability of topic_ResearchProject_113 is 0.617

clique number: 3
unobserved tuple number: 1
gibbs sample time: 0.011051 seconds
probability of topic_Department_31 is 0.496

clique number: 3
unobserved tuple number: 1
gibbs sample time: 0.009765 seconds
probability of topic_Staff_49 is 0.468

clique number: 2
unobserved tuple number: 1
gibbs sample time: 0.006938 seconds
probability of topic_ResearchProject_65 is 0.534

clique number: 2
unobserved tuple number: 1
gibbs sample time: 0.007788 seconds
probability of topic_ResearchProject_25 is 0.483

clique number: 2
unobserved tuple number: 1
gibbs sample time: 0.007556 seconds
probability of topic_Faculty_11 is 0.317

clique number: 6
unobserved tuple number: 2
gibbs sample time: 0.034632 seconds
probability of topic_Department_59 is 0.534

clique number: 5
unobserved tuple number: 2
gibbs sample time: 0.02291 seconds
probability of topic_Staff_61 is 0.499

clique number: 2
unobserved tuple number: 1
gibbs sample time: 0.007087 seconds
probability of topic_ResearchProject_96 is 0.385

clique number: 2
unobserved tuple number: 1
gibbs sample time: 0.007176 seconds
probability of topic_ResearchProject_42 is 0.523

clique number: 2
unobserved tuple number: 1
gibbs sample time: 0.007194 seconds
probability of topic_Staff_64 is 0.474

clique number: 13
unobserved tuple number: 4
gibbs sample time: 0.064296 seconds
probability of topic_Course_68 is 0.446

clique number: 2
unobserved tuple number: 1
gibbs sample time: 0.006821 seconds
probability of topic_Staff_4 is 0.473

clique number: 2
unobserved tuple number: 1
gibbs sample time: 0.006772 seconds
probability of topic_Course_15 is 0.47

clique number: 2
unobserved tuple number: 1
gibbs sample time: 0.006592 seconds
probability of topic_Faculty_6 is 0.449

clique number: 2
unobserved tuple number: 1
gibbs sample time: 0.007133 seconds
probability of topic_Department_75 is 0.779

clique number: 2
unobserved tuple number: 1
gibbs sample time: 0.006817 seconds
probability of topic_Faculty_48 is 0.385

clique number: 2
unobserved tuple number: 1
gibbs sample time: 0.006858 seconds
probability of topic_ResearchProject_58 is 0.458

clique number: 2
unobserved tuple number: 1
gibbs sample time: 0.006702 seconds
probability of topic_Staff_1 is 0.496

clique number: 2
unobserved tuple number: 1
gibbs sample time: 0.006735 seconds
probability of topic_Staff_31 is 0.455

clique number: 2
unobserved tuple number: 1
gibbs sample time: 0.007129 seconds
probability of topic_Department_14 is 0.425

clique number: 2
unobserved tuple number: 1
gibbs sample time: 0.006806 seconds
probability of topic_Person_69 is 0.46

clique number: 2
unobserved tuple number: 1
gibbs sample time: 0.00703 seconds
probability of topic_Staff_17 is 0.444

clique number: 2
unobserved tuple number: 1
gibbs sample time: 0.007341 seconds
probability of topic_Department_45 is 0.484

clique number: 6
unobserved tuple number: 2
gibbs sample time: 0.02858 seconds
probability of topic_Department_26 is 0.613

clique number: 6
unobserved tuple number: 2
gibbs sample time: 0.02773 seconds
probability of topic_Student_89 is 0.367

clique number: 8
unobserved tuple number: 3
gibbs sample time: 0.038769 seconds
probability of topic_Course_113 is 0.395

clique number: 2
unobserved tuple number: 1
gibbs sample time: 0.006578 seconds
probability of topic_Staff_53 is 0.447

clique number: 6
unobserved tuple number: 2
gibbs sample time: 0.028401 seconds
probability of topic_Faculty_26 is 0.586

clique number: 5
unobserved tuple number: 2
gibbs sample time: 0.023636 seconds
probability of topic_Department_90 is 0.65

clique number: 2
unobserved tuple number: 1
gibbs sample time: 0.007274 seconds
probability of topic_ResearchProject_84 is 0.429

clique number: 2
unobserved tuple number: 1
gibbs sample time: 0.007024 seconds
probability of topic_Department_52 is 0.464

clique number: 13
unobserved tuple number: 4
gibbs sample time: 0.067333 seconds
probability of topic_ResearchProject_40 is 0.394

