clique number: 2
unobserved tuple number: 1
gibbs sample time: 0.007394 seconds
probability of topic_Course_3 is 0.505

clique number: 10
unobserved tuple number: 3
gibbs sample time: 0.05203 seconds
probability of topic_ResearchProject_49 is 0.217

clique number: 5
unobserved tuple number: 2
gibbs sample time: 0.026406 seconds
probability of topic_Student_177 is 0.478

clique number: 5
unobserved tuple number: 2
gibbs sample time: 0.025858 seconds
probability of topic_Student_41 is 0.756

clique number: 2
unobserved tuple number: 1
gibbs sample time: 0.007822 seconds
probability of topic_Student_16 is 0.485

clique number: 8
unobserved tuple number: 3
gibbs sample time: 0.050552 seconds
probability of topic_Course_154 is 0.467

clique number: 8
unobserved tuple number: 3
gibbs sample time: 0.049305 seconds
probability of topic_Course_65 is 0.498

clique number: 2
unobserved tuple number: 1
gibbs sample time: 0.007108 seconds
probability of topic_Student_5 is 0.503

clique number: 2
unobserved tuple number: 1
gibbs sample time: 0.00748 seconds
probability of topic_Department_96 is 0.417

clique number: 2
unobserved tuple number: 1
gibbs sample time: 0.00779 seconds
probability of topic_Department_98 is 0.647

clique number: 2
unobserved tuple number: 1
gibbs sample time: 0.007663 seconds
probability of topic_ResearchProject_95 is 0.451

clique number: 2
unobserved tuple number: 1
gibbs sample time: 0.007313 seconds
probability of topic_Course_82 is 0.499

clique number: 24
unobserved tuple number: 8
gibbs sample time: 0.138008 seconds
probability of topic_Person_10 is 0.495

clique number: 2
unobserved tuple number: 1
gibbs sample time: 0.007378 seconds
probability of topic_Staff_23 is 0.495

clique number: 5
unobserved tuple number: 2
gibbs sample time: 0.026367 seconds
probability of topic_Student_119 is 0.514

clique number: 2
unobserved tuple number: 1
gibbs sample time: 0.007424 seconds
probability of topic_ResearchProject_23 is 0.477

clique number: 5
unobserved tuple number: 2
gibbs sample time: 0.025495 seconds
probability of topic_Person_177 is 0.45

clique number: 2
unobserved tuple number: 1
gibbs sample time: 0.007535 seconds
probability of topic_Person_37 is 0.457

clique number: 7
unobserved tuple number: 2
gibbs sample time: 0.036045 seconds
probability of topic_ResearchProject_47 is 0.402

clique number: 2
unobserved tuple number: 1
gibbs sample time: 0.008398 seconds
probability of topic_Department_32 is 0.381

clique number: 9
unobserved tuple number: 3
gibbs sample time: 0.054441 seconds
probability of topic_Department_94 is 0.471

clique number: 2
unobserved tuple number: 1
gibbs sample time: 0.007479 seconds
probability of topic_ResearchProject_5 is 0.406

clique number: 8
unobserved tuple number: 3
gibbs sample time: 0.047246 seconds
probability of topic_Staff_108 is 0.435

clique number: 3
unobserved tuple number: 1
gibbs sample time: 0.011512 seconds
probability of topic_Student_84 is 0.544

clique number: 8
unobserved tuple number: 3
gibbs sample time: 0.043955 seconds
probability of topic_ResearchProject_30 is 0.46

clique number: 9
unobserved tuple number: 3
gibbs sample time: 0.052193 seconds
probability of topic_Student_102 is 0.397

clique number: 2
unobserved tuple number: 1
gibbs sample time: 0.007186 seconds
probability of topic_Faculty_79 is 0.496

clique number: 2
unobserved tuple number: 1
gibbs sample time: 0.006607 seconds
probability of topic_Person_85 is 0.727

clique number: 2
unobserved tuple number: 1
gibbs sample time: 0.006932 seconds
probability of topic_ResearchProject_92 is 0.46

clique number: 2
unobserved tuple number: 1
gibbs sample time: 0.007136 seconds
probability of topic_Person_74 is 0.498

clique number: 6
unobserved tuple number: 2
gibbs sample time: 0.028629 seconds
probability of topic_Faculty_146 is 0.507

clique number: 6
unobserved tuple number: 2
gibbs sample time: 0.028287 seconds
probability of topic_Faculty_47 is 0.622

clique number: 2
unobserved tuple number: 1
gibbs sample time: 0.006847 seconds
probability of topic_Staff_67 is 0.5

clique number: 2
unobserved tuple number: 1
gibbs sample time: 0.006812 seconds
probability of topic_Person_62 is 0.461

clique number: 2
unobserved tuple number: 1
gibbs sample time: 0.007365 seconds
probability of topic_Faculty_67 is 0.476

clique number: 5
unobserved tuple number: 2
gibbs sample time: 0.023891 seconds
probability of topic_Department_22 is 0.714

clique number: 3
unobserved tuple number: 1
gibbs sample time: 0.011034 seconds
probability of topic_Faculty_73 is 0.357

clique number: 2
unobserved tuple number: 1
gibbs sample time: 0.006765 seconds
probability of topic_Staff_38 is 0.429

clique number: 9
unobserved tuple number: 3
gibbs sample time: 0.049016 seconds
probability of topic_Person_94 is 0.465

clique number: 2
unobserved tuple number: 1
gibbs sample time: 0.007234 seconds
probability of topic_Student_95 is 0.391

clique number: 9
unobserved tuple number: 3
gibbs sample time: 0.050573 seconds
probability of topic_Staff_18 is 0.413

clique number: 2
unobserved tuple number: 1
gibbs sample time: 0.006995 seconds
probability of topic_Staff_24 is 0.606

clique number: 2
unobserved tuple number: 1
gibbs sample time: 0.006797 seconds
probability of topic_Course_37 is 0.484

clique number: 14
unobserved tuple number: 4
gibbs sample time: 0.068396 seconds
probability of topic_Faculty_43 is 0.395

clique number: 2
unobserved tuple number: 1
gibbs sample time: 0.006772 seconds
probability of topic_Staff_96 is 0.432

clique number: 2
unobserved tuple number: 1
gibbs sample time: 0.007215 seconds
probability of topic_Department_67 is 0.455

clique number: 2
unobserved tuple number: 1
gibbs sample time: 0.006809 seconds
probability of topic_Faculty_28 is 0.432

clique number: 3
unobserved tuple number: 1
gibbs sample time: 0.010121 seconds
probability of topic_Course_58 is 0.514

clique number: 9
unobserved tuple number: 3
gibbs sample time: 0.048945 seconds
probability of topic_Student_18 is 0.469

clique number: 6
unobserved tuple number: 2
gibbs sample time: 0.033097 seconds
probability of topic_Department_107 is 0.473

clique number: 6
unobserved tuple number: 2
gibbs sample time: 0.032286 seconds
probability of topic_Faculty_93 is 0.434

clique number: 2
unobserved tuple number: 1
gibbs sample time: 0.007094 seconds
probability of topic_Department_54 is 0.5

clique number: 7
unobserved tuple number: 2
gibbs sample time: 0.032318 seconds
probability of topic_ResearchProject_146 is 0.544

clique number: 2
unobserved tuple number: 1
gibbs sample time: 0.007044 seconds
probability of topic_Faculty_56 is 0.565

clique number: 2
unobserved tuple number: 1
gibbs sample time: 0.007145 seconds
probability of topic_Course_4 is 0.479

clique number: 6
unobserved tuple number: 2
gibbs sample time: 0.025897 seconds
probability of topic_Staff_85 is 0.343

clique number: 2
unobserved tuple number: 1
gibbs sample time: 0.007156 seconds
probability of topic_Faculty_13 is 0.552

clique number: 2
unobserved tuple number: 1
gibbs sample time: 0.006793 seconds
probability of topic_Person_24 is 0.487

clique number: 9
unobserved tuple number: 3
gibbs sample time: 0.050626 seconds
probability of topic_Student_154 is 0.444

clique number: 2
unobserved tuple number: 1
gibbs sample time: 0.006523 seconds
probability of topic_Student_2 is 0.444

clique number: 2
unobserved tuple number: 1
gibbs sample time: 0.006763 seconds
probability of topic_Course_86 is 0.394

clique number: 2
unobserved tuple number: 1
gibbs sample time: 0.007083 seconds
probability of topic_ResearchProject_91 is 0.431

clique number: 2
unobserved tuple number: 1
gibbs sample time: 0.007001 seconds
probability of topic_ResearchProject_37 is 0.485

clique number: 6
unobserved tuple number: 2
gibbs sample time: 0.033051 seconds
probability of topic_Department_71 is 0.435

clique number: 2
unobserved tuple number: 1
gibbs sample time: 0.007197 seconds
probability of topic_Department_13 is 0.448

clique number: 6
unobserved tuple number: 2
gibbs sample time: 0.032724 seconds
probability of topic_Department_93 is 0.398

clique number: 2
unobserved tuple number: 1
gibbs sample time: 0.006993 seconds
probability of topic_Course_77 is 0.516

clique number: 2
unobserved tuple number: 1
gibbs sample time: 0.007203 seconds
probability of topic_ResearchProject_62 is 0.482

clique number: 2
unobserved tuple number: 1
gibbs sample time: 0.007056 seconds
probability of topic_ResearchProject_77 is 0.512

clique number: 2
unobserved tuple number: 1
gibbs sample time: 0.00695 seconds
probability of topic_Student_98 is 0.713

clique number: 10
unobserved tuple number: 3
gibbs sample time: 0.048407 seconds
probability of topic_Course_49 is 0.434

clique number: 6
unobserved tuple number: 2
gibbs sample time: 0.027871 seconds
probability of topic_Student_124 is 0.497

clique number: 2
unobserved tuple number: 1
gibbs sample time: 0.007292 seconds
probability of topic_Department_28 is 0.473

clique number: 14
unobserved tuple number: 4
gibbs sample time: 0.065733 seconds
probability of topic_Person_43 is 0.328

clique number: 2
unobserved tuple number: 1
gibbs sample time: 0.007248 seconds
probability of topic_Department_25 is 0.632

clique number: 3
unobserved tuple number: 1
gibbs sample time: 0.010933 seconds
probability of topic_ResearchProject_9 is 0.356

clique number: 24
unobserved tuple number: 8
gibbs sample time: 0.128546 seconds
probability of topic_Student_75 is 0.758

clique number: 2
unobserved tuple number: 1
gibbs sample time: 0.00695 seconds
probability of topic_Faculty_98 is 0.494

clique number: 2
unobserved tuple number: 1
gibbs sample time: 0.006873 seconds
probability of topic_Staff_11 is 0.283

clique number: 3
unobserved tuple number: 1
gibbs sample time: 0.010439 seconds
probability of topic_ResearchProject_85 is 0.301

clique number: 2
unobserved tuple number: 1
gibbs sample time: 0.006571 seconds
probability of topic_Course_48 is 0.544

clique number: 2
unobserved tuple number: 1
gibbs sample time: 0.007172 seconds
probability of topic_ResearchProject_81 is 0.448

clique number: 2
unobserved tuple number: 1
gibbs sample time: 0.006748 seconds
probability of topic_Course_29 is 0.49

clique number: 2
unobserved tuple number: 1
gibbs sample time: 0.007257 seconds
probability of topic_Department_80 is 0.487

clique number: 2
unobserved tuple number: 1
gibbs sample time: 0.006914 seconds
probability of topic_Person_99 is 0.655

clique number: 2
unobserved tuple number: 1
gibbs sample time: 0.007141 seconds
probability of topic_Person_97 is 0.415

clique number: 3
unobserved tuple number: 1
gibbs sample time: 0.01091 seconds
probability of topic_Person_73 is 0.407

clique number: 2
unobserved tuple number: 1
gibbs sample time: 0.007497 seconds
probability of topic_Department_97 is 0.338

clique number: 2
unobserved tuple number: 1
gibbs sample time: 0.006947 seconds
probability of topic_Person_92 is 0.476

clique number: 3
unobserved tuple number: 1
gibbs sample time: 0.010254 seconds
probability of topic_Course_27 is 0.405

clique number: 2
unobserved tuple number: 1
gibbs sample time: 0.006548 seconds
probability of topic_Person_11 is 0.057

clique number: 24
unobserved tuple number: 8
gibbs sample time: 0.13468 seconds
probability of topic_Department_113 is 0.293

clique number: 24
unobserved tuple number: 8
gibbs sample time: 0.132131 seconds
probability of topic_Department_51 is 0.597

clique number: 2
unobserved tuple number: 1
gibbs sample time: 0.006917 seconds
probability of topic_Student_4 is 0.525

clique number: 24
unobserved tuple number: 8
gibbs sample time: 0.12893 seconds
probability of topic_Student_113 is 0.333

clique number: 2
unobserved tuple number: 1
gibbs sample time: 0.007181 seconds
probability of topic_Department_63 is 0.665

clique number: 2
unobserved tuple number: 1
gibbs sample time: 0.006976 seconds
probability of topic_Faculty_77 is 0.453

clique number: 2
unobserved tuple number: 1
gibbs sample time: 0.007416 seconds
probability of topic_ResearchProject_24 is 0.607

clique number: 2
unobserved tuple number: 1
gibbs sample time: 0.007402 seconds
probability of topic_Department_8 is 0.485

clique number: 8
unobserved tuple number: 3
gibbs sample time: 0.044617 seconds
probability of topic_Staff_94 is 0.503

clique number: 2
unobserved tuple number: 1
gibbs sample time: 0.006781 seconds
probability of topic_Course_36 is 0.686

clique number: 2
unobserved tuple number: 1
gibbs sample time: 0.007277 seconds
probability of topic_Student_76 is 0.582

clique number: 5
unobserved tuple number: 2
gibbs sample time: 0.02443 seconds
probability of topic_Department_41 is 0.441

clique number: 2
unobserved tuple number: 1
gibbs sample time: 0.00719 seconds
probability of topic_ResearchProject_6 is 0.469

clique number: 2
unobserved tuple number: 1
gibbs sample time: 0.006561 seconds
probability of topic_Person_91 is 0.473

clique number: 2
unobserved tuple number: 1
gibbs sample time: 0.006831 seconds
probability of topic_Faculty_82 is 0.463

clique number: 2
unobserved tuple number: 1
gibbs sample time: 0.006819 seconds
probability of topic_Student_50 is 0.62

clique number: 6
unobserved tuple number: 2
gibbs sample time: 0.02813 seconds
probability of topic_Department_124 is 0.524

clique number: 8
unobserved tuple number: 3
gibbs sample time: 0.041401 seconds
probability of topic_ResearchProject_168 is 0.627

clique number: 2
unobserved tuple number: 1
gibbs sample time: 0.007061 seconds
probability of topic_Student_82 is 0.555

clique number: 9
unobserved tuple number: 3
gibbs sample time: 0.048556 seconds
probability of topic_Person_108 is 0.477

clique number: 2
unobserved tuple number: 1
gibbs sample time: 0.006804 seconds
probability of topic_Person_54 is 0.365

clique number: 10
unobserved tuple number: 3
gibbs sample time: 0.050634 seconds
probability of topic_Department_49 is 0.475

clique number: 2
unobserved tuple number: 1
gibbs sample time: 0.006749 seconds
probability of topic_Staff_56 is 0.496

clique number: 3
unobserved tuple number: 1
gibbs sample time: 0.010875 seconds
probability of topic_Department_79 is 0.453

clique number: 24
unobserved tuple number: 8
gibbs sample time: 0.129504 seconds
probability of topic_Student_55 is 0.472

clique number: 2
unobserved tuple number: 1
gibbs sample time: 0.007044 seconds
probability of topic_Course_81 is 0.437

clique number: 5
unobserved tuple number: 2
gibbs sample time: 0.024184 seconds
probability of topic_Course_119 is 0.519

clique number: 5
unobserved tuple number: 2
gibbs sample time: 0.024071 seconds
probability of topic_Course_34 is 0.474

clique number: 2
unobserved tuple number: 1
gibbs sample time: 0.007071 seconds
probability of topic_Person_42 is 0.668

clique number: 9
unobserved tuple number: 3
gibbs sample time: 0.051758 seconds
probability of topic_Student_65 is 0.567

clique number: 24
unobserved tuple number: 8
gibbs sample time: 0.133834 seconds
probability of topic_Department_159 is 0.443

clique number: 2
unobserved tuple number: 1
gibbs sample time: 0.007094 seconds
probability of topic_ResearchProject_97 is 0.395

clique number: 2
unobserved tuple number: 1
gibbs sample time: 0.006958 seconds
probability of topic_Course_95 is 0.459

clique number: 2
unobserved tuple number: 1
gibbs sample time: 0.006932 seconds
probability of topic_Staff_97 is 0.458

clique number: 2
unobserved tuple number: 1
gibbs sample time: 0.007298 seconds
probability of topic_Student_13 is 0.533

clique number: 2
unobserved tuple number: 1
gibbs sample time: 0.007212 seconds
probability of topic_Faculty_23 is 0.475

clique number: 14
unobserved tuple number: 4
gibbs sample time: 0.072243 seconds
probability of topic_ResearchProject_43 is 0.304

clique number: 8
unobserved tuple number: 3
gibbs sample time: 0.040235 seconds
probability of topic_Person_33 is 0.668

clique number: 6
unobserved tuple number: 2
gibbs sample time: 0.032672 seconds
probability of topic_Faculty_71 is 0.425

clique number: 2
unobserved tuple number: 1
gibbs sample time: 0.007189 seconds
probability of topic_Student_29 is 0.544

clique number: 2
unobserved tuple number: 1
gibbs sample time: 0.006692 seconds
probability of topic_Course_23 is 0.461

clique number: 2
unobserved tuple number: 1
gibbs sample time: 0.007203 seconds
probability of topic_Staff_13 is 0.429

clique number: 2
unobserved tuple number: 1
gibbs sample time: 0.007873 seconds
probability of topic_Department_36 is 0.36

clique number: 9
unobserved tuple number: 3
gibbs sample time: 0.052682 seconds
probability of topic_ResearchProject_18 is 0.407

clique number: 2
unobserved tuple number: 1
gibbs sample time: 0.007043 seconds
probability of topic_Course_5 is 0.427

clique number: 2
unobserved tuple number: 1
gibbs sample time: 0.007246 seconds
probability of topic_Student_63 is 0.542

clique number: 6
unobserved tuple number: 2
gibbs sample time: 0.026532 seconds
probability of topic_Staff_128 is 0.591

clique number: 2
unobserved tuple number: 1
gibbs sample time: 0.007256 seconds
probability of topic_ResearchProject_3 is 0.383

clique number: 2
unobserved tuple number: 1
gibbs sample time: 0.006868 seconds
probability of topic_Faculty_60 is 0.455

clique number: 2
unobserved tuple number: 1
gibbs sample time: 0.007028 seconds
probability of topic_Faculty_57 is 0.466

clique number: 3
unobserved tuple number: 1
gibbs sample time: 0.010787 seconds
probability of topic_Department_58 is 0.871

clique number: 2
unobserved tuple number: 1
gibbs sample time: 0.006508 seconds
probability of topic_Staff_70 is 0.485

clique number: 2
unobserved tuple number: 1
gibbs sample time: 0.006804 seconds
probability of topic_Person_3 is 0.435

clique number: 9
unobserved tuple number: 3
gibbs sample time: 0.051239 seconds
probability of topic_Staff_102 is 0.485

clique number: 9
unobserved tuple number: 3
gibbs sample time: 0.050538 seconds
probability of topic_Staff_20 is 0.465

clique number: 3
unobserved tuple number: 1
gibbs sample time: 0.011141 seconds
probability of topic_ResearchProject_31 is 0.498

clique number: 6
unobserved tuple number: 2
gibbs sample time: 0.028352 seconds
probability of topic_Department_44 is 0.347

clique number: 8
unobserved tuple number: 3
gibbs sample time: 0.040815 seconds
probability of topic_Department_168 is 0.637

clique number: 5
unobserved tuple number: 2
gibbs sample time: 0.024351 seconds
probability of topic_Faculty_44 is 0.468

clique number: 2
unobserved tuple number: 1
gibbs sample time: 0.007371 seconds
probability of topic_Department_50 is 0.477

clique number: 3
unobserved tuple number: 1
gibbs sample time: 0.010748 seconds
probability of topic_Staff_73 is 0.434

clique number: 9
unobserved tuple number: 3
gibbs sample time: 0.052034 seconds
probability of topic_Department_102 is 0.436

clique number: 2
unobserved tuple number: 1
gibbs sample time: 0.006705 seconds
probability of topic_Staff_25 is 0.567

clique number: 2
unobserved tuple number: 1
gibbs sample time: 0.007154 seconds
probability of topic_ResearchProject_2 is 0.474

clique number: 9
unobserved tuple number: 3
gibbs sample time: 0.054726 seconds
probability of topic_Department_18 is 0.476

clique number: 2
unobserved tuple number: 1
gibbs sample time: 0.007566 seconds
probability of topic_ResearchProject_64 is 0.518

clique number: 2
unobserved tuple number: 1
gibbs sample time: 0.007342 seconds
probability of topic_Person_66 is 0.499

clique number: 2
unobserved tuple number: 1
gibbs sample time: 0.007057 seconds
probability of topic_Course_38 is 0.418

clique number: 2
unobserved tuple number: 1
gibbs sample time: 0.007431 seconds
probability of topic_Faculty_53 is 0.424

clique number: 5
unobserved tuple number: 2
gibbs sample time: 0.023901 seconds
probability of topic_ResearchProject_78 is 0.264

clique number: 3
unobserved tuple number: 1
gibbs sample time: 0.010253 seconds
probability of topic_Staff_44 is 0.446

clique number: 9
unobserved tuple number: 3
gibbs sample time: 0.042216 seconds
probability of topic_Staff_12 is 0.505

clique number: 9
unobserved tuple number: 3
gibbs sample time: 0.042244 seconds
probability of topic_Staff_47 is 0.377

clique number: 2
unobserved tuple number: 1
gibbs sample time: 0.006808 seconds
probability of topic_Student_38 is 0.403

clique number: 2
unobserved tuple number: 1
gibbs sample time: 0.006787 seconds
probability of topic_Person_86 is 0.493

clique number: 2
unobserved tuple number: 1
gibbs sample time: 0.006803 seconds
probability of topic_Student_66 is 0.48

clique number: 2
unobserved tuple number: 1
gibbs sample time: 0.006786 seconds
probability of topic_Faculty_70 is 0.41

clique number: 2
unobserved tuple number: 1
gibbs sample time: 0.006524 seconds
probability of topic_Staff_80 is 0.452

clique number: 2
unobserved tuple number: 1
gibbs sample time: 0.006929 seconds
probability of topic_Student_22 is 0.435

clique number: 2
unobserved tuple number: 1
gibbs sample time: 0.007004 seconds
probability of topic_Faculty_17 is 0.43

clique number: 14
unobserved tuple number: 4
gibbs sample time: 0.0708 seconds
probability of topic_ResearchProject_40 is 0.375

clique number: 5
unobserved tuple number: 2
gibbs sample time: 0.021583 seconds
probability of topic_Person_78 is 0.7

clique number: 24
unobserved tuple number: 8
gibbs sample time: 0.137604 seconds
probability of topic_ResearchProject_10 is 0.457

clique number: 3
unobserved tuple number: 1
gibbs sample time: 0.010656 seconds
probability of topic_ResearchProject_84 is 0.334

clique number: 2
unobserved tuple number: 1
gibbs sample time: 0.00706 seconds
probability of topic_Department_52 is 0.447

clique number: 2
unobserved tuple number: 1
gibbs sample time: 0.006826 seconds
probability of topic_Course_66 is 0.434

clique number: 2
unobserved tuple number: 1
gibbs sample time: 0.006929 seconds
probability of topic_Department_66 is 0.454

clique number: 2
unobserved tuple number: 1
gibbs sample time: 0.00679 seconds
probability of topic_Person_81 is 0.433

clique number: 6
unobserved tuple number: 2
gibbs sample time: 0.033193 seconds
probability of topic_Department_65 is 0.403

clique number: 5
unobserved tuple number: 2
gibbs sample time: 0.022673 seconds
probability of topic_Department_78 is 0.654

clique number: 2
unobserved tuple number: 1
gibbs sample time: 0.006779 seconds
probability of topic_Faculty_3 is 0.542

clique number: 2
unobserved tuple number: 1
gibbs sample time: 0.006956 seconds
probability of topic_Student_11 is 0.047

clique number: 9
unobserved tuple number: 3
gibbs sample time: 0.044452 seconds
probability of topic_Staff_146 is 0.725

clique number: 10
unobserved tuple number: 3
gibbs sample time: 0.048962 seconds
probability of topic_Student_26 is 0.64

clique number: 2
unobserved tuple number: 1
gibbs sample time: 0.007301 seconds
probability of topic_Faculty_76 is 0.511

clique number: 3
unobserved tuple number: 1
gibbs sample time: 0.010773 seconds
probability of topic_ResearchProject_58 is 0.316

clique number: 2
unobserved tuple number: 1
gibbs sample time: 0.006728 seconds
probability of topic_Faculty_6 is 0.396

clique number: 24
unobserved tuple number: 8
gibbs sample time: 0.132683 seconds
probability of topic_Department_75 is 0.771

clique number: 2
unobserved tuple number: 1
gibbs sample time: 0.006897 seconds
probability of topic_Faculty_48 is 0.437

clique number: 5
unobserved tuple number: 2
gibbs sample time: 0.024433 seconds
probability of topic_Department_177 is 0.443

clique number: 2
unobserved tuple number: 1
gibbs sample time: 0.007089 seconds
probability of topic_ResearchProject_96 is 0.397

clique number: 5
unobserved tuple number: 2
gibbs sample time: 0.022316 seconds
probability of topic_Staff_39 is 0.717

clique number: 8
unobserved tuple number: 3
gibbs sample time: 0.04881 seconds
probability of topic_Course_107 is 0.41

clique number: 2
unobserved tuple number: 1
gibbs sample time: 0.007083 seconds
probability of topic_Staff_45 is 0.51

clique number: 2
unobserved tuple number: 1
gibbs sample time: 0.006978 seconds
probability of topic_ResearchProject_80 is 0.547

clique number: 9
unobserved tuple number: 3
gibbs sample time: 0.052093 seconds
probability of topic_Student_108 is 0.461

clique number: 2
unobserved tuple number: 1
gibbs sample time: 0.006871 seconds
probability of topic_Person_52 is 0.532

clique number: 2
unobserved tuple number: 1
gibbs sample time: 0.007183 seconds
probability of topic_Department_81 is 0.515

clique number: 3
unobserved tuple number: 1
gibbs sample time: 0.011266 seconds
probability of topic_Department_31 is 0.432

clique number: 24
unobserved tuple number: 8
gibbs sample time: 0.137701 seconds
probability of topic_ResearchProject_113 is 0.607

clique number: 24
unobserved tuple number: 8
gibbs sample time: 0.13702 seconds
probability of topic_ResearchProject_159 is 0.565

clique number: 2
unobserved tuple number: 1
gibbs sample time: 0.0066 seconds
probability of topic_Person_82 is 0.594

clique number: 24
unobserved tuple number: 8
gibbs sample time: 0.129551 seconds
probability of topic_Faculty_55 is 0.327

clique number: 2
unobserved tuple number: 1
gibbs sample time: 0.00713 seconds
probability of topic_Student_36 is 0.574

clique number: 9
unobserved tuple number: 3
gibbs sample time: 0.050319 seconds
probability of topic_ResearchProject_102 is 0.491

clique number: 9
unobserved tuple number: 3
gibbs sample time: 0.044392 seconds
probability of topic_Department_146 is 0.404

clique number: 9
unobserved tuple number: 3
gibbs sample time: 0.044667 seconds
probability of topic_Department_47 is 0.311

clique number: 5
unobserved tuple number: 2
gibbs sample time: 0.022379 seconds
probability of topic_Staff_61 is 0.525

clique number: 6
unobserved tuple number: 2
gibbs sample time: 0.032274 seconds
probability of topic_Department_59 is 0.539

clique number: 5
unobserved tuple number: 2
gibbs sample time: 0.023339 seconds
probability of topic_ResearchProject_119 is 0.52

clique number: 6
unobserved tuple number: 2
gibbs sample time: 0.027027 seconds
probability of topic_Faculty_128 is 0.415

clique number: 24
unobserved tuple number: 8
gibbs sample time: 0.129924 seconds
probability of topic_Student_153 is 0.544

clique number: 2
unobserved tuple number: 1
gibbs sample time: 0.00683 seconds
probability of topic_Staff_16 is 0.452

clique number: 2
unobserved tuple number: 1
gibbs sample time: 0.006829 seconds
probability of topic_Person_53 is 0.489

clique number: 8
unobserved tuple number: 3
gibbs sample time: 0.039568 seconds
probability of topic_Staff_69 is 0.405

clique number: 24
unobserved tuple number: 8
gibbs sample time: 0.136269 seconds
probability of topic_ResearchProject_75 is 0.362

clique number: 3
unobserved tuple number: 1
gibbs sample time: 0.01053 seconds
probability of topic_Student_58 is 0.768

clique number: 5
unobserved tuple number: 2
gibbs sample time: 0.024397 seconds
probability of topic_Student_34 is 0.438

clique number: 2
unobserved tuple number: 1
gibbs sample time: 0.007117 seconds
probability of topic_Department_2 is 0.477

clique number: 2
unobserved tuple number: 1
gibbs sample time: 0.006538 seconds
probability of topic_Faculty_1 is 0.527

clique number: 2
unobserved tuple number: 1
gibbs sample time: 0.006763 seconds
probability of topic_Staff_36 is 0.506

clique number: 24
unobserved tuple number: 8
gibbs sample time: 0.122939 seconds
probability of topic_Staff_51 is 0.516

clique number: 24
unobserved tuple number: 8
gibbs sample time: 0.128813 seconds
probability of topic_Student_21 is 0.457

clique number: 2
unobserved tuple number: 1
gibbs sample time: 0.006615 seconds
probability of topic_Course_92 is 0.319

clique number: 2
unobserved tuple number: 1
gibbs sample time: 0.007457 seconds
probability of topic_Student_64 is 0.484

clique number: 24
unobserved tuple number: 8
gibbs sample time: 0.129908 seconds
probability of topic_Course_55 is 0.347

clique number: 13
unobserved tuple number: 4
gibbs sample time: 0.067918 seconds
probability of topic_Student_40 is 0.611

clique number: 2
unobserved tuple number: 1
gibbs sample time: 0.006803 seconds
probability of topic_Course_8 is 0.617

clique number: 24
unobserved tuple number: 8
gibbs sample time: 0.132812 seconds
probability of topic_Department_21 is 0.479

clique number: 2
unobserved tuple number: 1
gibbs sample time: 0.006535 seconds
probability of topic_Course_97 is 0.605

clique number: 2
unobserved tuple number: 1
gibbs sample time: 0.006944 seconds
probability of topic_ResearchProject_82 is 0.48

clique number: 9
unobserved tuple number: 3
gibbs sample time: 0.049892 seconds
probability of topic_Faculty_65 is 0.462

clique number: 8
unobserved tuple number: 3
gibbs sample time: 0.040576 seconds
probability of topic_Course_168 is 0.434

clique number: 13
unobserved tuple number: 4
gibbs sample time: 0.068413 seconds
probability of topic_Student_43 is 0.439

clique number: 3
unobserved tuple number: 1
gibbs sample time: 0.010567 seconds
probability of topic_Department_27 is 0.63

clique number: 3
unobserved tuple number: 1
gibbs sample time: 0.010143 seconds
probability of topic_Student_9 is 0.444

clique number: 3
unobserved tuple number: 1
gibbs sample time: 0.010171 seconds
probability of topic_Person_58 is 0.658

clique number: 2
unobserved tuple number: 1
gibbs sample time: 0.007127 seconds
probability of topic_Staff_15 is 0.375

clique number: 24
unobserved tuple number: 8
gibbs sample time: 0.136254 seconds
probability of topic_ResearchProject_55 is 0.606

clique number: 24
unobserved tuple number: 8
gibbs sample time: 0.128034 seconds
probability of topic_Person_153 is 0.555

clique number: 2
unobserved tuple number: 1
gibbs sample time: 0.006892 seconds
probability of topic_Person_25 is 0.501

clique number: 6
unobserved tuple number: 2
gibbs sample time: 0.026832 seconds
probability of topic_Course_85 is 0.479

clique number: 2
unobserved tuple number: 1
gibbs sample time: 0.006605 seconds
probability of topic_Staff_99 is 0.488

clique number: 2
unobserved tuple number: 1
gibbs sample time: 0.006535 seconds
probability of topic_Course_16 is 0.448

clique number: 2
unobserved tuple number: 1
gibbs sample time: 0.006874 seconds
probability of topic_Faculty_80 is 0.441

clique number: 10
unobserved tuple number: 3
gibbs sample time: 0.047843 seconds
probability of topic_Student_146 is 0.367

clique number: 2
unobserved tuple number: 1
gibbs sample time: 0.006884 seconds
probability of topic_Person_76 is 0.647

clique number: 2
unobserved tuple number: 1
gibbs sample time: 0.006635 seconds
probability of topic_Person_6 is 0.491

clique number: 8
unobserved tuple number: 3
gibbs sample time: 0.040589 seconds
probability of topic_Course_33 is 0.544

clique number: 10
unobserved tuple number: 3
gibbs sample time: 0.045689 seconds
probability of topic_Person_89 is 0.425

clique number: 14
unobserved tuple number: 4
gibbs sample time: 0.065311 seconds
probability of topic_Person_68 is 0.496

clique number: 5
unobserved tuple number: 2
gibbs sample time: 0.022023 seconds
probability of topic_Course_61 is 0.337

clique number: 5
unobserved tuple number: 2
gibbs sample time: 0.024635 seconds
probability of topic_ResearchProject_39 is 0.552

clique number: 2
unobserved tuple number: 1
gibbs sample time: 0.006802 seconds
probability of topic_Course_28 is 0.427

clique number: 24
unobserved tuple number: 8
gibbs sample time: 0.122764 seconds
probability of topic_Staff_21 is 0.499

clique number: 2
unobserved tuple number: 1
gibbs sample time: 0.007058 seconds
probability of topic_ResearchProject_14 is 0.511

clique number: 2
unobserved tuple number: 1
gibbs sample time: 0.00704 seconds
probability of topic_Staff_74 is 0.454

clique number: 2
unobserved tuple number: 1
gibbs sample time: 0.006771 seconds
probability of topic_Faculty_5 is 0.382

clique number: 2
unobserved tuple number: 1
gibbs sample time: 0.007086 seconds
probability of topic_Department_15 is 0.384

clique number: 3
unobserved tuple number: 1
gibbs sample time: 0.010527 seconds
probability of topic_Faculty_58 is 0.408

clique number: 5
unobserved tuple number: 2
gibbs sample time: 0.024088 seconds
probability of topic_Faculty_124 is 0.491

clique number: 6
unobserved tuple number: 2
gibbs sample time: 0.026853 seconds
probability of topic_Person_124 is 0.471

clique number: 5
unobserved tuple number: 2
gibbs sample time: 0.023509 seconds
probability of topic_Faculty_41 is 0.696

clique number: 9
unobserved tuple number: 3
gibbs sample time: 0.048741 seconds
probability of topic_Student_94 is 0.487

clique number: 5
unobserved tuple number: 2
gibbs sample time: 0.02234 seconds
probability of topic_Course_78 is 0.561

clique number: 10
unobserved tuple number: 3
gibbs sample time: 0.047483 seconds
probability of topic_Course_12 is 0.639

clique number: 10
unobserved tuple number: 3
gibbs sample time: 0.048288 seconds
probability of topic_Course_89 is 0.711

clique number: 2
unobserved tuple number: 1
gibbs sample time: 0.007472 seconds
probability of topic_Student_69 is 0.515

clique number: 3
unobserved tuple number: 1
gibbs sample time: 0.011262 seconds
probability of topic_Faculty_31 is 0.562

clique number: 2
unobserved tuple number: 1
gibbs sample time: 0.007035 seconds
probability of topic_Course_17 is 0.781

clique number: 3
unobserved tuple number: 1
gibbs sample time: 0.010756 seconds
probability of topic_Department_73 is 0.393

clique number: 5
unobserved tuple number: 2
gibbs sample time: 0.027848 seconds
probability of topic_ResearchProject_46 is 0.447

clique number: 9
unobserved tuple number: 3
gibbs sample time: 0.049003 seconds
probability of topic_Department_7 is 0.506

clique number: 2
unobserved tuple number: 1
gibbs sample time: 0.007016 seconds
probability of topic_Faculty_30 is 0.515

clique number: 2
unobserved tuple number: 1
gibbs sample time: 0.006564 seconds
probability of topic_Staff_28 is 0.465

clique number: 2
unobserved tuple number: 1
gibbs sample time: 0.006622 seconds
probability of topic_Course_87 is 0.483

clique number: 6
unobserved tuple number: 2
gibbs sample time: 0.031457 seconds
probability of topic_Student_93 is 0.492

clique number: 3
unobserved tuple number: 1
gibbs sample time: 0.010857 seconds
probability of topic_Department_9 is 0.581

clique number: 8
unobserved tuple number: 3
gibbs sample time: 0.039177 seconds
probability of topic_Staff_33 is 0.45

clique number: 2
unobserved tuple number: 1
gibbs sample time: 0.006837 seconds
probability of topic_Student_97 is 0.447

clique number: 2
unobserved tuple number: 1
gibbs sample time: 0.007026 seconds
probability of topic_ResearchProject_76 is 0.497

clique number: 5
unobserved tuple number: 2
gibbs sample time: 0.023731 seconds
probability of topic_Department_119 is 0.453

clique number: 2
unobserved tuple number: 1
gibbs sample time: 0.006839 seconds
probability of topic_Student_25 is 0.532

clique number: 3
unobserved tuple number: 1
gibbs sample time: 0.010033 seconds
probability of topic_Faculty_9 is 0.467

clique number: 2
unobserved tuple number: 1
gibbs sample time: 0.006758 seconds
probability of topic_Course_72 is 0.378

clique number: 3
unobserved tuple number: 1
gibbs sample time: 0.010522 seconds
probability of topic_Staff_84 is 0.623

clique number: 2
unobserved tuple number: 1
gibbs sample time: 0.007135 seconds
probability of topic_Faculty_74 is 0.408

clique number: 10
unobserved tuple number: 3
gibbs sample time: 0.047471 seconds
probability of topic_Faculty_89 is 0.481

clique number: 2
unobserved tuple number: 1
gibbs sample time: 0.007241 seconds
probability of topic_Faculty_15 is 0.443

clique number: 3
unobserved tuple number: 1
gibbs sample time: 0.010418 seconds
probability of topic_Person_27 is 0.523

clique number: 10
unobserved tuple number: 3
gibbs sample time: 0.04722 seconds
probability of topic_Faculty_49 is 0.501

clique number: 24
unobserved tuple number: 8
gibbs sample time: 0.129718 seconds
probability of topic_Course_21 is 0.532

clique number: 6
unobserved tuple number: 2
gibbs sample time: 0.03191 seconds
probability of topic_ResearchProject_71 is 0.478

clique number: 2
unobserved tuple number: 1
gibbs sample time: 0.006838 seconds
probability of topic_ResearchProject_16 is 0.448

clique number: 3
unobserved tuple number: 1
gibbs sample time: 0.010488 seconds
probability of topic_Faculty_84 is 0.527

clique number: 24
unobserved tuple number: 8
gibbs sample time: 0.129415 seconds
probability of topic_Student_10 is 0.509

clique number: 2
unobserved tuple number: 1
gibbs sample time: 0.006787 seconds
probability of topic_Person_56 is 0.413

clique number: 2
unobserved tuple number: 1
gibbs sample time: 0.007075 seconds
probability of topic_Student_92 is 0.506

clique number: 14
unobserved tuple number: 4
gibbs sample time: 0.071827 seconds
probability of topic_Staff_40 is 0.539

clique number: 2
unobserved tuple number: 1
gibbs sample time: 0.006946 seconds
probability of topic_Course_11 is 0.331

clique number: 24
unobserved tuple number: 8
gibbs sample time: 0.140548 seconds
probability of topic_ResearchProject_21 is 0.549

clique number: 24
unobserved tuple number: 8
gibbs sample time: 0.128536 seconds
probability of topic_Faculty_21 is 0.495

clique number: 24
unobserved tuple number: 8
gibbs sample time: 0.127427 seconds
probability of topic_Person_55 is 0.437

clique number: 5
unobserved tuple number: 2
gibbs sample time: 0.022612 seconds
probability of topic_Person_61 is 0.509

clique number: 5
unobserved tuple number: 2
gibbs sample time: 0.024585 seconds
probability of topic_Department_35 is 0.482

clique number: 5
unobserved tuple number: 2
gibbs sample time: 0.024171 seconds
probability of topic_ResearchProject_35 is 0.552

clique number: 2
unobserved tuple number: 1
gibbs sample time: 0.006606 seconds
probability of topic_Course_70 is 0.47

clique number: 5
unobserved tuple number: 2
gibbs sample time: 0.023483 seconds
probability of topic_Faculty_34 is 0.478

clique number: 2
unobserved tuple number: 1
gibbs sample time: 0.006794 seconds
probability of topic_Course_60 is 0.422

clique number: 10
unobserved tuple number: 3
gibbs sample time: 0.047858 seconds
probability of topic_Course_47 is 0.74

clique number: 2
unobserved tuple number: 1
gibbs sample time: 0.007127 seconds
probability of topic_ResearchProject_50 is 0.468

clique number: 8
unobserved tuple number: 3
gibbs sample time: 0.04532 seconds
probability of topic_Course_102 is 0.58

clique number: 3
unobserved tuple number: 1
gibbs sample time: 0.010887 seconds
probability of topic_Faculty_27 is 0.396

clique number: 2
unobserved tuple number: 1
gibbs sample time: 0.007055 seconds
probability of topic_Person_57 is 0.488

clique number: 2
unobserved tuple number: 1
gibbs sample time: 0.006936 seconds
probability of topic_Course_32 is 0.387

clique number: 5
unobserved tuple number: 2
gibbs sample time: 0.022731 seconds
probability of topic_Staff_90 is 0.584

clique number: 5
unobserved tuple number: 2
gibbs sample time: 0.026297 seconds
probability of topic_Person_93 is 0.481

clique number: 24
unobserved tuple number: 8
gibbs sample time: 0.12825 seconds
probability of topic_Faculty_51 is 0.445

clique number: 2
unobserved tuple number: 1
gibbs sample time: 0.006807 seconds
probability of topic_Person_4 is 0.551

clique number: 3
unobserved tuple number: 1
gibbs sample time: 0.010805 seconds
probability of topic_Staff_83 is 0.535

clique number: 5
unobserved tuple number: 2
gibbs sample time: 0.022655 seconds
probability of topic_Staff_78 is 0.455

clique number: 2
unobserved tuple number: 1
gibbs sample time: 0.007064 seconds
probability of topic_Student_96 is 0.535

clique number: 2
unobserved tuple number: 1
gibbs sample time: 0.006822 seconds
probability of topic_Faculty_96 is 0.603

clique number: 2
unobserved tuple number: 1
gibbs sample time: 0.007154 seconds
probability of topic_Department_17 is 0.577

clique number: 2
unobserved tuple number: 1
gibbs sample time: 0.007107 seconds
probability of topic_Student_32 is 0.447

clique number: 2
unobserved tuple number: 1
gibbs sample time: 0.00743 seconds
probability of topic_Department_99 is 0.427

clique number: 6
unobserved tuple number: 2
gibbs sample time: 0.03391 seconds
probability of topic_Course_59 is 0.471

clique number: 9
unobserved tuple number: 3
gibbs sample time: 0.049271 seconds
probability of topic_Student_20 is 0.521

clique number: 2
unobserved tuple number: 1
gibbs sample time: 0.006939 seconds
probability of topic_Student_91 is 0.476

clique number: 8
unobserved tuple number: 3
gibbs sample time: 0.040409 seconds
probability of topic_Course_127 is 0.471

clique number: 8
unobserved tuple number: 3
gibbs sample time: 0.040235 seconds
probability of topic_Course_19 is 0.686

clique number: 6
unobserved tuple number: 2
gibbs sample time: 0.027015 seconds
probability of topic_Student_85 is 0.72

clique number: 14
unobserved tuple number: 4
gibbs sample time: 0.070569 seconds
probability of topic_ResearchProject_68 is 0.457

clique number: 2
unobserved tuple number: 1
gibbs sample time: 0.007195 seconds
probability of topic_ResearchProject_15 is 0.473

clique number: 6
unobserved tuple number: 2
gibbs sample time: 0.030753 seconds
probability of topic_Course_71 is 0.382

clique number: 3
unobserved tuple number: 1
gibbs sample time: 0.010147 seconds
probability of topic_Staff_9 is 0.435

clique number: 6
unobserved tuple number: 2
gibbs sample time: 0.032092 seconds
probability of topic_Student_59 is 0.432

clique number: 2
unobserved tuple number: 1
gibbs sample time: 0.007042 seconds
probability of topic_Staff_37 is 0.459

clique number: 5
unobserved tuple number: 2
gibbs sample time: 0.022901 seconds
probability of topic_ResearchProject_90 is 0.615

clique number: 3
unobserved tuple number: 1
gibbs sample time: 0.010169 seconds
probability of topic_Person_31 is 0.513

clique number: 8
unobserved tuple number: 3
gibbs sample time: 0.044478 seconds
probability of topic_Person_102 is 0.402

clique number: 2
unobserved tuple number: 1
gibbs sample time: 0.006811 seconds
probability of topic_Course_98 is 0.489

clique number: 10
unobserved tuple number: 3
gibbs sample time: 0.04929 seconds
probability of topic_ResearchProject_89 is 0.451

clique number: 3
unobserved tuple number: 1
gibbs sample time: 0.010633 seconds
probability of topic_Student_83 is 0.544

clique number: 24
unobserved tuple number: 8
gibbs sample time: 0.129101 seconds
probability of topic_Person_21 is 0.402

clique number: 2
unobserved tuple number: 1
gibbs sample time: 0.007012 seconds
probability of topic_Department_48 is 0.388

clique number: 4
unobserved tuple number: 2
gibbs sample time: 0.020186 seconds
probability of topic_Department_39 is 0.406

clique number: 14
unobserved tuple number: 4
gibbs sample time: 0.069434 seconds
probability of topic_Department_43 is 0.291

clique number: 10
unobserved tuple number: 3
gibbs sample time: 0.045679 seconds
probability of topic_Person_26 is 0.6

clique number: 10
unobserved tuple number: 3
gibbs sample time: 0.048048 seconds
probability of topic_Course_26 is 0.543

clique number: 2
unobserved tuple number: 1
gibbs sample time: 0.00698 seconds
probability of topic_Person_8 is 0.571

clique number: 9
unobserved tuple number: 3
gibbs sample time: 0.051072 seconds
probability of topic_ResearchProject_108 is 0.439

clique number: 2
unobserved tuple number: 1
gibbs sample time: 0.007065 seconds
probability of topic_Student_57 is 0.505

clique number: 24
unobserved tuple number: 8
gibbs sample time: 0.123633 seconds
probability of topic_Staff_10 is 0.569

clique number: 14
unobserved tuple number: 4
gibbs sample time: 0.064889 seconds
probability of topic_Course_43 is 0.385

clique number: 9
unobserved tuple number: 3
gibbs sample time: 0.050535 seconds
probability of topic_Department_20 is 0.5

clique number: 24
unobserved tuple number: 8
gibbs sample time: 0.131026 seconds
probability of topic_Faculty_153 is 0.641

clique number: 5
unobserved tuple number: 2
gibbs sample time: 0.022708 seconds
probability of topic_Person_39 is 0.447

clique number: 24
unobserved tuple number: 8
gibbs sample time: 0.132213 seconds
probability of topic_Department_10 is 0.653

clique number: 2
unobserved tuple number: 1
gibbs sample time: 0.0072 seconds
probability of topic_ResearchProject_29 is 0.399

clique number: 2
unobserved tuple number: 1
gibbs sample time: 0.006981 seconds
probability of topic_Course_54 is 0.616

clique number: 3
unobserved tuple number: 1
gibbs sample time: 0.010285 seconds
probability of topic_Person_84 is 0.586

clique number: 2
unobserved tuple number: 1
gibbs sample time: 0.007134 seconds
probability of topic_ResearchProject_4 is 0.491

clique number: 2
unobserved tuple number: 1
gibbs sample time: 0.006819 seconds
probability of topic_Staff_2 is 0.71

clique number: 24
unobserved tuple number: 8
gibbs sample time: 0.128297 seconds
probability of topic_Faculty_75 is 0.394

clique number: 8
unobserved tuple number: 3
gibbs sample time: 0.046664 seconds
probability of topic_Faculty_102 is 0.523

clique number: 2
unobserved tuple number: 1
gibbs sample time: 0.007102 seconds
probability of topic_Faculty_66 is 0.424

clique number: 2
unobserved tuple number: 1
gibbs sample time: 0.006846 seconds
probability of topic_ResearchProject_52 is 0.502

clique number: 3
unobserved tuple number: 1
gibbs sample time: 0.010571 seconds
probability of topic_ResearchProject_73 is 0.573

clique number: 8
unobserved tuple number: 3
gibbs sample time: 0.041112 seconds
probability of topic_ResearchProject_69 is 0.402

clique number: 24
unobserved tuple number: 8
gibbs sample time: 0.133036 seconds
probability of topic_Department_55 is 0.259

clique number: 5
unobserved tuple number: 2
gibbs sample time: 0.022867 seconds
probability of topic_Department_90 is 0.64

clique number: 10
unobserved tuple number: 3
gibbs sample time: 0.04733 seconds
probability of topic_Faculty_26 is 0.61

clique number: 5
unobserved tuple number: 2
gibbs sample time: 0.023513 seconds
probability of topic_Department_127 is 0.437

clique number: 8
unobserved tuple number: 3
gibbs sample time: 0.040328 seconds
probability of topic_Department_69 is 0.475

clique number: 2
unobserved tuple number: 1
gibbs sample time: 0.00702 seconds
probability of topic_Department_87 is 0.368

clique number: 6
unobserved tuple number: 2
gibbs sample time: 0.027295 seconds
probability of topic_Course_44 is 0.318

clique number: 6
unobserved tuple number: 2
gibbs sample time: 0.03189 seconds
probability of topic_Course_108 is 0.421

clique number: 2
unobserved tuple number: 1
gibbs sample time: 0.006755 seconds
probability of topic_Staff_72 is 0.395

clique number: 2
unobserved tuple number: 1
gibbs sample time: 0.007236 seconds
probability of topic_Student_56 is 0.322

clique number: 5
unobserved tuple number: 2
gibbs sample time: 0.027955 seconds
probability of topic_ResearchProject_59 is 0.502

clique number: 9
unobserved tuple number: 3
gibbs sample time: 0.050607 seconds
probability of topic_Student_107 is 0.484

clique number: 24
unobserved tuple number: 8
gibbs sample time: 0.123478 seconds
probability of topic_Staff_153 is 0.6

clique number: 24
unobserved tuple number: 8
gibbs sample time: 0.13019 seconds
probability of topic_Course_51 is 0.435

clique number: 2
unobserved tuple number: 1
gibbs sample time: 0.007136 seconds
probability of topic_ResearchProject_86 is 0.473

clique number: 2
unobserved tuple number: 1
gibbs sample time: 0.007096 seconds
probability of topic_Person_95 is 0.433

clique number: 2
unobserved tuple number: 1
gibbs sample time: 0.006647 seconds
probability of topic_Course_96 is 0.501

clique number: 2
unobserved tuple number: 1
gibbs sample time: 0.007143 seconds
probability of topic_Student_86 is 0.524

clique number: 2
unobserved tuple number: 1
gibbs sample time: 0.006803 seconds
probability of topic_Faculty_8 is 0.464

clique number: 3
unobserved tuple number: 1
gibbs sample time: 0.010633 seconds
probability of topic_ResearchProject_44 is 0.515

clique number: 2
unobserved tuple number: 1
gibbs sample time: 0.006976 seconds
probability of topic_Person_14 is 0.681

clique number: 24
unobserved tuple number: 8
gibbs sample time: 0.129186 seconds
probability of topic_Faculty_113 is 0.411

clique number: 2
unobserved tuple number: 1
gibbs sample time: 0.006789 seconds
probability of topic_Course_62 is 0.444

clique number: 2
unobserved tuple number: 1
gibbs sample time: 0.006966 seconds
probability of topic_Department_60 is 0.449

clique number: 2
unobserved tuple number: 1
gibbs sample time: 0.007002 seconds
probability of topic_Faculty_42 is 0.617

clique number: 3
unobserved tuple number: 1
gibbs sample time: 0.010929 seconds
probability of topic_Student_27 is 0.52

clique number: 8
unobserved tuple number: 3
gibbs sample time: 0.042472 seconds
probability of topic_Faculty_19 is 0.502

clique number: 2
unobserved tuple number: 1
gibbs sample time: 0.007029 seconds
probability of topic_ResearchProject_67 is 0.582

clique number: 2
unobserved tuple number: 1
gibbs sample time: 0.006918 seconds
probability of topic_Department_53 is 0.487

clique number: 10
unobserved tuple number: 3
gibbs sample time: 0.047896 seconds
probability of topic_Student_12 is 0.487

clique number: 2
unobserved tuple number: 1
gibbs sample time: 0.007223 seconds
probability of topic_Department_42 is 0.445

clique number: 8
unobserved tuple number: 3
gibbs sample time: 0.03939 seconds
probability of topic_Staff_127 is 0.468

clique number: 3
unobserved tuple number: 1
gibbs sample time: 0.010042 seconds
probability of topic_Staff_27 is 0.498

clique number: 8
unobserved tuple number: 3
gibbs sample time: 0.046865 seconds
probability of topic_Faculty_20 is 0.412

clique number: 5
unobserved tuple number: 2
gibbs sample time: 0.023682 seconds
probability of topic_Student_78 is 0.681

clique number: 5
unobserved tuple number: 2
gibbs sample time: 0.024533 seconds
probability of topic_ResearchProject_61 is 0.662

clique number: 6
unobserved tuple number: 2
gibbs sample time: 0.032848 seconds
probability of topic_Course_46 is 0.409

clique number: 24
unobserved tuple number: 8
gibbs sample time: 0.129499 seconds
probability of topic_Course_10 is 0.464

clique number: 2
unobserved tuple number: 1
gibbs sample time: 0.007347 seconds
probability of topic_Department_76 is 0.433

clique number: 2
unobserved tuple number: 1
gibbs sample time: 0.006553 seconds
probability of topic_Person_16 is 0.486

clique number: 9
unobserved tuple number: 3
gibbs sample time: 0.049773 seconds
probability of topic_Person_154 is 0.425

clique number: 9
unobserved tuple number: 3
gibbs sample time: 0.051359 seconds
probability of topic_ResearchProject_154 is 0.448

clique number: 8
unobserved tuple number: 3
gibbs sample time: 0.046513 seconds
probability of topic_Faculty_18 is 0.386

clique number: 2
unobserved tuple number: 1
gibbs sample time: 0.006556 seconds
probability of topic_Staff_1 is 0.506

clique number: 2
unobserved tuple number: 1
gibbs sample time: 0.006758 seconds
probability of topic_Staff_31 is 0.415

clique number: 8
unobserved tuple number: 3
gibbs sample time: 0.039029 seconds
probability of topic_Person_69 is 0.487

clique number: 2
unobserved tuple number: 1
gibbs sample time: 0.007077 seconds
probability of topic_Department_14 is 0.377

clique number: 14
unobserved tuple number: 4
gibbs sample time: 0.07074 seconds
probability of topic_Department_88 is 0.506

clique number: 2
unobserved tuple number: 1
gibbs sample time: 0.006973 seconds
probability of topic_Person_13 is 0.506

clique number: 2
unobserved tuple number: 1
gibbs sample time: 0.007175 seconds
probability of topic_Department_3 is 0.387

clique number: 3
unobserved tuple number: 1
gibbs sample time: 0.010481 seconds
probability of topic_Person_79 is 0.43

clique number: 2
unobserved tuple number: 1
gibbs sample time: 0.006757 seconds
probability of topic_Person_67 is 0.387

clique number: 3
unobserved tuple number: 1
gibbs sample time: 0.010351 seconds
probability of topic_Person_9 is 0.374

clique number: 2
unobserved tuple number: 1
gibbs sample time: 0.00657 seconds
probability of topic_Staff_48 is 0.458

clique number: 14
unobserved tuple number: 4
gibbs sample time: 0.070512 seconds
probability of topic_Department_68 is 0.488

clique number: 2
unobserved tuple number: 1
gibbs sample time: 0.007883 seconds
probability of topic_Person_64 is 0.493

clique number: 9
unobserved tuple number: 3
gibbs sample time: 0.050905 seconds
probability of topic_Staff_107 is 0.425

clique number: 2
unobserved tuple number: 1
gibbs sample time: 0.007584 seconds
probability of topic_Faculty_54 is 0.493

clique number: 14
unobserved tuple number: 4
gibbs sample time: 0.069165 seconds
probability of topic_Course_88 is 0.465

clique number: 2
unobserved tuple number: 1
gibbs sample time: 0.007369 seconds
probability of topic_Department_11 is 0.381

clique number: 2
unobserved tuple number: 1
gibbs sample time: 0.007677 seconds
probability of topic_Student_42 is 0.601

clique number: 2
unobserved tuple number: 1
gibbs sample time: 0.007232 seconds
probability of topic_Staff_8 is 0.556

clique number: 5
unobserved tuple number: 2
gibbs sample time: 0.025601 seconds
probability of topic_ResearchProject_177 is 0.634

clique number: 8
unobserved tuple number: 3
gibbs sample time: 0.045321 seconds
probability of topic_Staff_7 is 0.471

clique number: 6
unobserved tuple number: 2
gibbs sample time: 0.032515 seconds
probability of topic_Department_46 is 0.439

clique number: 2
unobserved tuple number: 1
gibbs sample time: 0.00738 seconds
probability of topic_Department_74 is 0.479

clique number: 24
unobserved tuple number: 8
gibbs sample time: 0.124542 seconds
probability of topic_Staff_159 is 0.483

clique number: 2
unobserved tuple number: 1
gibbs sample time: 0.006736 seconds
probability of topic_Person_17 is 0.26

clique number: 10
unobserved tuple number: 3
gibbs sample time: 0.044824 seconds
probability of topic_Staff_49 is 0.44

clique number: 2
unobserved tuple number: 1
gibbs sample time: 0.006792 seconds
probability of topic_Faculty_11 is 0.307

clique number: 2
unobserved tuple number: 1
gibbs sample time: 0.006825 seconds
probability of topic_ResearchProject_25 is 0.433

clique number: 9
unobserved tuple number: 3
gibbs sample time: 0.051146 seconds
probability of topic_ResearchProject_65 is 0.533

clique number: 2
unobserved tuple number: 1
gibbs sample time: 0.006833 seconds
probability of topic_Student_99 is 0.638

clique number: 24
unobserved tuple number: 8
gibbs sample time: 0.13136 seconds
probability of topic_Course_153 is 0.491

clique number: 24
unobserved tuple number: 8
gibbs sample time: 0.13785 seconds
probability of topic_ResearchProject_153 is 0.663

clique number: 9
unobserved tuple number: 3
gibbs sample time: 0.052014 seconds
probability of topic_ResearchProject_107 is 0.458

clique number: 2
unobserved tuple number: 1
gibbs sample time: 0.006845 seconds
probability of topic_ResearchProject_38 is 0.556

clique number: 6
unobserved tuple number: 2
gibbs sample time: 0.031097 seconds
probability of topic_Staff_71 is 0.41

clique number: 24
unobserved tuple number: 8
gibbs sample time: 0.129446 seconds
probability of topic_Faculty_10 is 0.471

clique number: 2
unobserved tuple number: 1
gibbs sample time: 0.006808 seconds
probability of topic_Student_53 is 0.503

clique number: 2
unobserved tuple number: 1
gibbs sample time: 0.00656 seconds
probability of topic_Person_28 is 0.502

clique number: 2
unobserved tuple number: 1
gibbs sample time: 0.006834 seconds
probability of topic_ResearchProject_60 is 0.464

clique number: 2
unobserved tuple number: 1
gibbs sample time: 0.006758 seconds
probability of topic_Course_24 is 0.433

clique number: 2
unobserved tuple number: 1
gibbs sample time: 0.006961 seconds
probability of topic_Course_13 is 0.436

clique number: 2
unobserved tuple number: 1
gibbs sample time: 0.007339 seconds
probability of topic_Department_64 is 0.502

clique number: 2
unobserved tuple number: 1
gibbs sample time: 0.006518 seconds
probability of topic_Staff_91 is 0.466

clique number: 8
unobserved tuple number: 3
gibbs sample time: 0.039142 seconds
probability of topic_Staff_19 is 0.512

clique number: 5
unobserved tuple number: 2
gibbs sample time: 0.023716 seconds
probability of topic_ResearchProject_22 is 0.607

clique number: 2
unobserved tuple number: 1
gibbs sample time: 0.006874 seconds
probability of topic_Staff_81 is 0.43

clique number: 2
unobserved tuple number: 1
gibbs sample time: 0.00721 seconds
probability of topic_Faculty_32 is 0.403

clique number: 10
unobserved tuple number: 3
gibbs sample time: 0.04708 seconds
probability of topic_Student_49 is 0.737

clique number: 2
unobserved tuple number: 1
gibbs sample time: 0.006761 seconds
probability of topic_Staff_95 is 0.474

clique number: 3
unobserved tuple number: 1
gibbs sample time: 0.010825 seconds
probability of topic_ResearchProject_27 is 0.414

clique number: 2
unobserved tuple number: 1
gibbs sample time: 0.007001 seconds
probability of topic_Faculty_62 is 0.409

clique number: 2
unobserved tuple number: 1
gibbs sample time: 0.006842 seconds
probability of topic_ResearchProject_53 is 0.439

clique number: 2
unobserved tuple number: 1
gibbs sample time: 0.007798 seconds
probability of topic_Department_86 is 0.455

clique number: 2
unobserved tuple number: 1
gibbs sample time: 0.007314 seconds
probability of topic_Person_15 is 0.486

clique number: 5
unobserved tuple number: 2
gibbs sample time: 0.025121 seconds
probability of topic_ResearchProject_34 is 0.534

clique number: 2
unobserved tuple number: 1
gibbs sample time: 0.007562 seconds
probability of topic_Department_37 is 0.427

clique number: 5
unobserved tuple number: 2
gibbs sample time: 0.025594 seconds
probability of topic_Department_34 is 0.497

clique number: 8
unobserved tuple number: 3
gibbs sample time: 0.04606 seconds
probability of topic_Person_20 is 0.502

clique number: 2
unobserved tuple number: 1
gibbs sample time: 0.006558 seconds
probability of topic_Staff_53 is 0.412

clique number: 24
unobserved tuple number: 8
gibbs sample time: 0.128783 seconds
probability of topic_Course_113 is 0.436

clique number: 8
unobserved tuple number: 3
gibbs sample time: 0.039683 seconds
probability of topic_Person_30 is 0.455

clique number: 2
unobserved tuple number: 1
gibbs sample time: 0.00682 seconds
probability of topic_ResearchProject_11 is 0.209

clique number: 24
unobserved tuple number: 8
gibbs sample time: 0.122836 seconds
probability of topic_Staff_113 is 0.531

clique number: 2
unobserved tuple number: 1
gibbs sample time: 0.006527 seconds
probability of topic_Faculty_2 is 0.511

clique number: 2
unobserved tuple number: 1
gibbs sample time: 0.007267 seconds
probability of topic_ResearchProject_72 is 0.47

clique number: 6
unobserved tuple number: 2
gibbs sample time: 0.03247 seconds
probability of topic_Person_59 is 0.505

clique number: 6
unobserved tuple number: 2
gibbs sample time: 0.034578 seconds
probability of topic_Faculty_59 is 0.564

clique number: 2
unobserved tuple number: 1
gibbs sample time: 0.007351 seconds
probability of topic_ResearchProject_87 is 0.46

clique number: 9
unobserved tuple number: 3
gibbs sample time: 0.048261 seconds
probability of topic_Staff_65 is 0.44

clique number: 2
unobserved tuple number: 1
gibbs sample time: 0.006897 seconds
probability of topic_ResearchProject_66 is 0.457

clique number: 10
unobserved tuple number: 3
gibbs sample time: 0.047695 seconds
probability of topic_Person_146 is 0.622

clique number: 9
unobserved tuple number: 3
gibbs sample time: 0.050109 seconds
probability of topic_Faculty_108 is 0.399

clique number: 5
unobserved tuple number: 2
gibbs sample time: 0.02329 seconds
probability of topic_Student_90 is 0.494

clique number: 9
unobserved tuple number: 3
gibbs sample time: 0.04901 seconds
probability of topic_Department_108 is 0.475

clique number: 8
unobserved tuple number: 3
gibbs sample time: 0.03939 seconds
probability of topic_Staff_168 is 0.679

clique number: 5
unobserved tuple number: 2
gibbs sample time: 0.022683 seconds
probability of topic_Staff_41 is 0.446

clique number: 2
unobserved tuple number: 1
gibbs sample time: 0.00728 seconds
probability of topic_Department_24 is 0.646

clique number: 24
unobserved tuple number: 8
gibbs sample time: 0.131495 seconds
probability of topic_Course_159 is 0.466

clique number: 2
unobserved tuple number: 1
gibbs sample time: 0.007452 seconds
probability of topic_Faculty_81 is 0.392

clique number: 6
unobserved tuple number: 2
gibbs sample time: 0.034833 seconds
probability of topic_ResearchProject_93 is 0.465

clique number: 2
unobserved tuple number: 1
gibbs sample time: 0.006963 seconds
probability of topic_Person_38 is 0.332

clique number: 14
unobserved tuple number: 4
gibbs sample time: 0.070206 seconds
probability of topic_Faculty_68 is 0.419

clique number: 5
unobserved tuple number: 2
gibbs sample time: 0.022425 seconds
probability of topic_Staff_177 is 0.539

clique number: 2
unobserved tuple number: 1
gibbs sample time: 0.00706 seconds
probability of topic_Staff_29 is 0.551

clique number: 5
unobserved tuple number: 2
gibbs sample time: 0.021989 seconds
probability of topic_Course_22 is 0.53

clique number: 5
unobserved tuple number: 2
gibbs sample time: 0.022494 seconds
probability of topic_Person_35 is 0.52

clique number: 5
unobserved tuple number: 2
gibbs sample time: 0.023194 seconds
probability of topic_Faculty_61 is 0.638

clique number: 10
unobserved tuple number: 3
gibbs sample time: 0.044825 seconds
probability of topic_Staff_89 is 0.608

clique number: 2
unobserved tuple number: 1
gibbs sample time: 0.006898 seconds
probability of topic_Staff_62 is 0.379

clique number: 5
unobserved tuple number: 2
gibbs sample time: 0.022104 seconds
probability of topic_Course_35 is 0.636

clique number: 10
unobserved tuple number: 3
gibbs sample time: 0.047574 seconds
probability of topic_Course_146 is 0.421

clique number: 2
unobserved tuple number: 1
gibbs sample time: 0.007042 seconds
probability of topic_Course_67 is 0.576

clique number: 2
unobserved tuple number: 1
gibbs sample time: 0.006772 seconds
probability of topic_Course_45 is 0.499

clique number: 9
unobserved tuple number: 3
gibbs sample time: 0.048657 seconds
probability of topic_Student_7 is 0.507

clique number: 14
unobserved tuple number: 4
gibbs sample time: 0.071004 seconds
probability of topic_Department_40 is 0.627

clique number: 3
unobserved tuple number: 1
gibbs sample time: 0.010632 seconds
probability of topic_Course_79 is 0.436

clique number: 2
unobserved tuple number: 1
gibbs sample time: 0.007116 seconds
probability of topic_Staff_22 is 0.561

clique number: 3
unobserved tuple number: 1
gibbs sample time: 0.010254 seconds
probability of topic_Person_83 is 0.538

clique number: 10
unobserved tuple number: 3
gibbs sample time: 0.047168 seconds
probability of topic_Person_47 is 0.438

clique number: 2
unobserved tuple number: 1
gibbs sample time: 0.00683 seconds
probability of topic_Faculty_50 is 0.52

clique number: 4
unobserved tuple number: 2
gibbs sample time: 0.020049 seconds
probability of topic_Department_61 is 0.476

clique number: 2
unobserved tuple number: 1
gibbs sample time: 0.006518 seconds
probability of topic_Student_1 is 0.471

clique number: 2
unobserved tuple number: 1
gibbs sample time: 0.00694 seconds
probability of topic_Department_16 is 0.489

clique number: 3
unobserved tuple number: 1
gibbs sample time: 0.010017 seconds
probability of topic_Staff_58 is 0.445

clique number: 5
unobserved tuple number: 2
gibbs sample time: 0.023201 seconds
probability of topic_Student_33 is 0.689

clique number: 2
unobserved tuple number: 1
gibbs sample time: 0.007306 seconds
probability of topic_Faculty_64 is 0.552

clique number: 5
unobserved tuple number: 2
gibbs sample time: 0.023118 seconds
probability of topic_Student_127 is 0.463

clique number: 2
unobserved tuple number: 1
gibbs sample time: 0.006847 seconds
probability of topic_Faculty_38 is 0.472

clique number: 2
unobserved tuple number: 1
gibbs sample time: 0.00684 seconds
probability of topic_ResearchProject_98 is 0.606

clique number: 3
unobserved tuple number: 1
gibbs sample time: 0.010436 seconds
probability of topic_Student_79 is 0.397

clique number: 2
unobserved tuple number: 1
gibbs sample time: 0.00679 seconds
probability of topic_Staff_54 is 0.476

clique number: 2
unobserved tuple number: 1
gibbs sample time: 0.007091 seconds
probability of topic_ResearchProject_32 is 0.654

clique number: 6
unobserved tuple number: 2
gibbs sample time: 0.032035 seconds
probability of topic_Person_46 is 0.496

clique number: 2
unobserved tuple number: 1
gibbs sample time: 0.006653 seconds
probability of topic_Course_99 is 0.638

clique number: 2
unobserved tuple number: 1
gibbs sample time: 0.007233 seconds
probability of topic_Student_77 is 0.561

clique number: 2
unobserved tuple number: 1
gibbs sample time: 0.007029 seconds
probability of topic_Student_67 is 0.438

clique number: 2
unobserved tuple number: 1
gibbs sample time: 0.006937 seconds
probability of topic_Department_38 is 0.553

clique number: 2
unobserved tuple number: 1
gibbs sample time: 0.00656 seconds
probability of topic_Student_6 is 0.507

clique number: 24
unobserved tuple number: 8
gibbs sample time: 0.136506 seconds
probability of topic_ResearchProject_51 is 0.417

clique number: 13
unobserved tuple number: 4
gibbs sample time: 0.068287 seconds
probability of topic_Student_88 is 0.502

clique number: 2
unobserved tuple number: 1
gibbs sample time: 0.00664 seconds
probability of topic_Staff_50 is 0.471

clique number: 6
unobserved tuple number: 2
gibbs sample time: 0.030914 seconds
probability of topic_Staff_93 is 0.408

clique number: 2
unobserved tuple number: 1
gibbs sample time: 0.006767 seconds
probability of topic_Person_2 is 0.62

clique number: 2
unobserved tuple number: 1
gibbs sample time: 0.007016 seconds
probability of topic_ResearchProject_42 is 0.514

clique number: 2
unobserved tuple number: 1
gibbs sample time: 0.007011 seconds
probability of topic_Staff_64 is 0.513

clique number: 2
unobserved tuple number: 1
gibbs sample time: 0.006753 seconds
probability of topic_Course_15 is 0.479

clique number: 2
unobserved tuple number: 1
gibbs sample time: 0.006788 seconds
probability of topic_Staff_4 is 0.451

clique number: 14
unobserved tuple number: 4
gibbs sample time: 0.064274 seconds
probability of topic_Course_68 is 0.451

clique number: 10
unobserved tuple number: 3
gibbs sample time: 0.050565 seconds
probability of topic_Department_89 is 0.673

clique number: 9
unobserved tuple number: 3
gibbs sample time: 0.050994 seconds
probability of topic_ResearchProject_94 is 0.412

clique number: 6
unobserved tuple number: 2
gibbs sample time: 0.032019 seconds
probability of topic_Course_94 is 0.427

clique number: 9
unobserved tuple number: 3
gibbs sample time: 0.050652 seconds
probability of topic_ResearchProject_7 is 0.45

clique number: 8
unobserved tuple number: 3
gibbs sample time: 0.044586 seconds
probability of topic_Course_18 is 0.409

clique number: 8
unobserved tuple number: 3
gibbs sample time: 0.045715 seconds
probability of topic_Course_20 is 0.519

clique number: 8
unobserved tuple number: 3
gibbs sample time: 0.042336 seconds
probability of topic_Faculty_33 is 0.444

clique number: 2
unobserved tuple number: 1
gibbs sample time: 0.007513 seconds
probability of topic_Student_62 is 0.524

clique number: 2
unobserved tuple number: 1
gibbs sample time: 0.007265 seconds
probability of topic_Course_76 is 0.474

clique number: 24
unobserved tuple number: 8
gibbs sample time: 0.134139 seconds
probability of topic_Department_153 is 0.66

clique number: 2
unobserved tuple number: 1
gibbs sample time: 0.006532 seconds
probability of topic_Course_52 is 0.469

clique number: 5
unobserved tuple number: 2
gibbs sample time: 0.022392 seconds
probability of topic_Course_90 is 0.391

clique number: 8
unobserved tuple number: 3
gibbs sample time: 0.039201 seconds
probability of topic_Person_168 is 0.504

clique number: 2
unobserved tuple number: 1
gibbs sample time: 0.006543 seconds
probability of topic_Person_70 is 0.353

clique number: 2
unobserved tuple number: 1
gibbs sample time: 0.006989 seconds
probability of topic_Faculty_95 is 0.606

clique number: 9
unobserved tuple number: 3
gibbs sample time: 0.048867 seconds
probability of topic_Faculty_107 is 0.4

clique number: 2
unobserved tuple number: 1
gibbs sample time: 0.007108 seconds
probability of topic_Department_77 is 0.457

clique number: 2
unobserved tuple number: 1
gibbs sample time: 0.006992 seconds
probability of topic_ResearchProject_28 is 0.435

clique number: 14
unobserved tuple number: 4
gibbs sample time: 0.066119 seconds
probability of topic_Person_40 is 0.642

clique number: 2
unobserved tuple number: 1
gibbs sample time: 0.007084 seconds
probability of topic_Department_62 is 0.478

clique number: 2
unobserved tuple number: 1
gibbs sample time: 0.006601 seconds
probability of topic_Person_80 is 0.439

clique number: 5
unobserved tuple number: 2
gibbs sample time: 0.022797 seconds
probability of topic_Person_22 is 0.398

clique number: 24
unobserved tuple number: 8
gibbs sample time: 0.124081 seconds
probability of topic_Staff_55 is 0.445

clique number: 2
unobserved tuple number: 1
gibbs sample time: 0.006982 seconds
probability of topic_Student_15 is 0.53

clique number: 3
unobserved tuple number: 1
gibbs sample time: 0.010007 seconds
probability of topic_Staff_79 is 0.46

clique number: 3
unobserved tuple number: 1
gibbs sample time: 0.0101 seconds
probability of topic_Course_84 is 0.594

clique number: 2
unobserved tuple number: 1
gibbs sample time: 0.006762 seconds
probability of topic_Course_74 is 0.409

clique number: 2
unobserved tuple number: 1
gibbs sample time: 0.006542 seconds
probability of topic_Staff_98 is 0.48

clique number: 2
unobserved tuple number: 1
gibbs sample time: 0.00703 seconds
probability of topic_ResearchProject_74 is 0.405

clique number: 2
unobserved tuple number: 1
gibbs sample time: 0.007128 seconds
probability of topic_Student_14 is 0.613

clique number: 5
unobserved tuple number: 2
gibbs sample time: 0.024516 seconds
probability of topic_Student_61 is 0.418

clique number: 2
unobserved tuple number: 1
gibbs sample time: 0.006756 seconds
probability of topic_Staff_57 is 0.49

clique number: 24
unobserved tuple number: 8
gibbs sample time: 0.129885 seconds
probability of topic_Student_51 is 0.467

clique number: 5
unobserved tuple number: 2
gibbs sample time: 0.024458 seconds
probability of topic_Student_39 is 0.324

clique number: 2
unobserved tuple number: 1
gibbs sample time: 0.006817 seconds
probability of topic_Person_36 is 0.545

clique number: 2
unobserved tuple number: 1
gibbs sample time: 0.006788 seconds
probability of topic_Course_14 is 0.514

clique number: 8
unobserved tuple number: 3
gibbs sample time: 0.041123 seconds
probability of topic_ResearchProject_19 is 0.495

clique number: 6
unobserved tuple number: 2
gibbs sample time: 0.026867 seconds
probability of topic_Person_44 is 0.56

clique number: 2
unobserved tuple number: 1
gibbs sample time: 0.006951 seconds
probability of topic_Student_23 is 0.534

clique number: 5
unobserved tuple number: 2
gibbs sample time: 0.026939 seconds
probability of topic_Person_71 is 0.487

clique number: 2
unobserved tuple number: 1
gibbs sample time: 0.007211 seconds
probability of topic_Student_17 is 0.303

clique number: 5
unobserved tuple number: 2
gibbs sample time: 0.023876 seconds
probability of topic_Course_41 is 0.379

clique number: 6
unobserved tuple number: 2
gibbs sample time: 0.027443 seconds
probability of topic_Student_44 is 0.483

clique number: 2
unobserved tuple number: 1
gibbs sample time: 0.00739 seconds
probability of topic_Department_29 is 0.691

clique number: 2
unobserved tuple number: 1
gibbs sample time: 0.006592 seconds
probability of topic_Course_50 is 0.435

clique number: 5
unobserved tuple number: 2
gibbs sample time: 0.024019 seconds
probability of topic_Course_177 is 0.53

clique number: 2
unobserved tuple number: 1
gibbs sample time: 0.00681 seconds
probability of topic_Staff_32 is 0.6

clique number: 2
unobserved tuple number: 1
gibbs sample time: 0.00684 seconds
probability of topic_Faculty_63 is 0.5

clique number: 2
unobserved tuple number: 1
gibbs sample time: 0.00701 seconds
probability of topic_Faculty_69 is 0.404

clique number: 2
unobserved tuple number: 1
gibbs sample time: 0.006878 seconds
probability of topic_ResearchProject_48 is 0.38

clique number: 2
unobserved tuple number: 1
gibbs sample time: 0.00699 seconds
probability of topic_Faculty_87 is 0.494

clique number: 5
unobserved tuple number: 2
gibbs sample time: 0.024377 seconds
probability of topic_ResearchProject_41 is 0.347

clique number: 9
unobserved tuple number: 3
gibbs sample time: 0.04852 seconds
probability of topic_Person_7 is 0.518

clique number: 2
unobserved tuple number: 1
gibbs sample time: 0.007104 seconds
probability of topic_Student_28 is 0.518

clique number: 5
unobserved tuple number: 2
gibbs sample time: 0.022984 seconds
probability of topic_Person_34 is 0.403

clique number: 5
unobserved tuple number: 2
gibbs sample time: 0.022773 seconds
probability of topic_Person_119 is 0.472

clique number: 6
unobserved tuple number: 2
gibbs sample time: 0.027162 seconds
probability of topic_Course_124 is 0.489

clique number: 2
unobserved tuple number: 1
gibbs sample time: 0.006789 seconds
probability of topic_Staff_77 is 0.51

clique number: 5
unobserved tuple number: 2
gibbs sample time: 0.022228 seconds
probability of topic_Course_39 is 0.659

clique number: 2
unobserved tuple number: 1
gibbs sample time: 0.00686 seconds
probability of topic_Student_48 is 0.459

clique number: 2
unobserved tuple number: 1
gibbs sample time: 0.006861 seconds
probability of topic_ResearchProject_63 is 0.483

clique number: 2
unobserved tuple number: 1
gibbs sample time: 0.006577 seconds
probability of topic_Staff_60 is 0.414

clique number: 2
unobserved tuple number: 1
gibbs sample time: 0.006923 seconds
probability of topic_Course_57 is 0.542

clique number: 2
unobserved tuple number: 1
gibbs sample time: 0.006649 seconds
probability of topic_Course_63 is 0.489

clique number: 6
unobserved tuple number: 2
gibbs sample time: 0.032362 seconds
probability of topic_Student_46 is 0.508

clique number: 2
unobserved tuple number: 1
gibbs sample time: 0.006876 seconds
probability of topic_Faculty_16 is 0.423

clique number: 9
unobserved tuple number: 3
gibbs sample time: 0.0515 seconds
probability of topic_Faculty_154 is 0.477

clique number: 3
unobserved tuple number: 1
gibbs sample time: 0.010409 seconds
probability of topic_Department_85 is 0.584

clique number: 2
unobserved tuple number: 1
gibbs sample time: 0.006578 seconds
probability of topic_Person_98 is 0.733

clique number: 9
unobserved tuple number: 3
gibbs sample time: 0.044865 seconds
probability of topic_Department_12 is 0.484

clique number: 8
unobserved tuple number: 3
gibbs sample time: 0.040284 seconds
probability of topic_Course_69 is 0.415

clique number: 2
unobserved tuple number: 1
gibbs sample time: 0.00656 seconds
probability of topic_Staff_63 is 0.595

clique number: 8
unobserved tuple number: 3
gibbs sample time: 0.039388 seconds
probability of topic_Staff_30 is 0.483

clique number: 6
unobserved tuple number: 2
gibbs sample time: 0.027125 seconds
probability of topic_Student_128 is 0.515

clique number: 14
unobserved tuple number: 4
gibbs sample time: 0.068852 seconds
probability of topic_Faculty_88 is 0.447

clique number: 3
unobserved tuple number: 1
gibbs sample time: 0.010772 seconds
probability of topic_Faculty_83 is 0.536

clique number: 3
unobserved tuple number: 1
gibbs sample time: 0.010738 seconds
probability of topic_Department_84 is 0.538

clique number: 8
unobserved tuple number: 3
gibbs sample time: 0.040004 seconds
probability of topic_Person_127 is 0.516

clique number: 6
unobserved tuple number: 2
gibbs sample time: 0.031539 seconds
probability of topic_Student_71 is 0.532

clique number: 2
unobserved tuple number: 1
gibbs sample time: 0.007044 seconds
probability of topic_Faculty_92 is 0.385

clique number: 13
unobserved tuple number: 4
gibbs sample time: 0.067605 seconds
probability of topic_Student_68 is 0.503

clique number: 3
unobserved tuple number: 1
gibbs sample time: 0.010127 seconds
probability of topic_Course_9 is 0.457

clique number: 10
unobserved tuple number: 3
gibbs sample time: 0.046587 seconds
probability of topic_Person_49 is 0.73

clique number: 10
unobserved tuple number: 3
gibbs sample time: 0.047886 seconds
probability of topic_Person_12 is 0.439

clique number: 2
unobserved tuple number: 1
gibbs sample time: 0.006902 seconds
probability of topic_Student_3 is 0.446

clique number: 2
unobserved tuple number: 1
gibbs sample time: 0.007007 seconds
probability of topic_Faculty_14 is 0.62

clique number: 2
unobserved tuple number: 1
gibbs sample time: 0.006763 seconds
probability of topic_Person_72 is 0.47

clique number: 3
unobserved tuple number: 1
gibbs sample time: 0.010848 seconds
probability of topic_Student_31 is 0.643

clique number: 24
unobserved tuple number: 8
gibbs sample time: 0.128757 seconds
probability of topic_Faculty_159 is 0.588

clique number: 2
unobserved tuple number: 1
gibbs sample time: 0.007046 seconds
probability of topic_ResearchProject_36 is 0.383

clique number: 8
unobserved tuple number: 3
gibbs sample time: 0.04013 seconds
probability of topic_Department_30 is 0.476

clique number: 2
unobserved tuple number: 1
gibbs sample time: 0.007256 seconds
probability of topic_Faculty_45 is 0.509

clique number: 2
unobserved tuple number: 1
gibbs sample time: 0.006907 seconds
probability of topic_Department_23 is 0.45

clique number: 3
unobserved tuple number: 1
gibbs sample time: 0.010458 seconds
probability of topic_Student_73 is 0.424

clique number: 2
unobserved tuple number: 1
gibbs sample time: 0.007036 seconds
probability of topic_Student_54 is 0.411

clique number: 2
unobserved tuple number: 1
gibbs sample time: 0.00702 seconds
probability of topic_ResearchProject_13 is 0.527

clique number: 2
unobserved tuple number: 1
gibbs sample time: 0.006693 seconds
probability of topic_Staff_82 is 0.529

clique number: 5
unobserved tuple number: 2
gibbs sample time: 0.02399 seconds
probability of topic_Person_41 is 0.76

clique number: 2
unobserved tuple number: 1
gibbs sample time: 0.006922 seconds
probability of topic_Faculty_4 is 0.533

clique number: 2
unobserved tuple number: 1
gibbs sample time: 0.007103 seconds
probability of topic_Faculty_37 is 0.472

clique number: 6
unobserved tuple number: 2
gibbs sample time: 0.031694 seconds
probability of topic_Faculty_46 is 0.383

clique number: 3
unobserved tuple number: 1
gibbs sample time: 0.010435 seconds
probability of topic_Course_31 is 0.458

clique number: 5
unobserved tuple number: 2
gibbs sample time: 0.023924 seconds
probability of topic_Department_33 is 0.628

clique number: 2
unobserved tuple number: 1
gibbs sample time: 0.007162 seconds
probability of topic_Staff_17 is 0.456

clique number: 2
unobserved tuple number: 1
gibbs sample time: 0.007501 seconds
probability of topic_Department_45 is 0.52

clique number: 10
unobserved tuple number: 3
gibbs sample time: 0.047435 seconds
probability of topic_Student_89 is 0.406

clique number: 10
unobserved tuple number: 3
gibbs sample time: 0.051631 seconds
probability of topic_Department_26 is 0.639

clique number: 8
unobserved tuple number: 3
gibbs sample time: 0.041451 seconds
probability of topic_Faculty_127 is 0.545

clique number: 2
unobserved tuple number: 1
gibbs sample time: 0.006996 seconds
probability of topic_Student_37 is 0.506

clique number: 3
unobserved tuple number: 1
gibbs sample time: 0.010926 seconds
probability of topic_ResearchProject_83 is 0.42

clique number: 2
unobserved tuple number: 1
gibbs sample time: 0.006829 seconds
probability of topic_Course_42 is 0.555

clique number: 5
unobserved tuple number: 2
gibbs sample time: 0.023291 seconds
probability of topic_Faculty_119 is 0.479

clique number: 5
unobserved tuple number: 2
gibbs sample time: 0.022055 seconds
probability of topic_Staff_34 is 0.489

clique number: 2
unobserved tuple number: 1
gibbs sample time: 0.007075 seconds
probability of topic_Faculty_86 is 0.427

clique number: 5
unobserved tuple number: 2
gibbs sample time: 0.022354 seconds
probability of topic_Staff_119 is 0.493

clique number: 14
unobserved tuple number: 4
gibbs sample time: 0.065056 seconds
probability of topic_Course_40 is 0.546

clique number: 2
unobserved tuple number: 1
gibbs sample time: 0.006829 seconds
probability of topic_Student_80 is 0.521

clique number: 5
unobserved tuple number: 2
gibbs sample time: 0.023158 seconds
probability of topic_Faculty_39 is 0.438

clique number: 2
unobserved tuple number: 1
gibbs sample time: 0.006855 seconds
probability of topic_Faculty_25 is 0.492

clique number: 8
unobserved tuple number: 3
gibbs sample time: 0.044541 seconds
probability of topic_Person_18 is 0.484

clique number: 14
unobserved tuple number: 4
gibbs sample time: 0.069788 seconds
probability of topic_Faculty_40 is 0.592

clique number: 5
unobserved tuple number: 2
gibbs sample time: 0.02312 seconds
probability of topic_Faculty_90 is 0.617

clique number: 9
unobserved tuple number: 3
gibbs sample time: 0.047277 seconds
probability of topic_Staff_154 is 0.48

clique number: 8
unobserved tuple number: 3
gibbs sample time: 0.040204 seconds
probability of topic_Course_30 is 0.59

clique number: 2
unobserved tuple number: 1
gibbs sample time: 0.007045 seconds
probability of topic_Faculty_29 is 0.645

clique number: 2
unobserved tuple number: 1
gibbs sample time: 0.006808 seconds
probability of topic_Person_63 is 0.507

clique number: 2
unobserved tuple number: 1
gibbs sample time: 0.006878 seconds
probability of topic_Student_87 is 0.624

clique number: 5
unobserved tuple number: 2
gibbs sample time: 0.023396 seconds
probability of topic_Faculty_78 is 0.454

clique number: 2
unobserved tuple number: 1
gibbs sample time: 0.007205 seconds
probability of topic_Department_5 is 0.474

clique number: 3
unobserved tuple number: 1
gibbs sample time: 0.010821 seconds
probability of topic_Department_83 is 0.425

clique number: 2
unobserved tuple number: 1
gibbs sample time: 0.007035 seconds
probability of topic_Person_32 is 0.49

clique number: 10
unobserved tuple number: 3
gibbs sample time: 0.044665 seconds
probability of topic_Staff_26 is 0.403

clique number: 2
unobserved tuple number: 1
gibbs sample time: 0.00718 seconds
probability of topic_ResearchProject_17 is 0.483

clique number: 5
unobserved tuple number: 2
gibbs sample time: 0.023453 seconds
probability of topic_Faculty_22 is 0.379

clique number: 10
unobserved tuple number: 3
gibbs sample time: 0.047711 seconds
probability of topic_Student_47 is 0.459

clique number: 9
unobserved tuple number: 3
gibbs sample time: 0.050161 seconds
probability of topic_Faculty_94 is 0.393

clique number: 2
unobserved tuple number: 1
gibbs sample time: 0.006885 seconds
probability of topic_Person_50 is 0.567

clique number: 9
unobserved tuple number: 3
gibbs sample time: 0.049773 seconds
probability of topic_Faculty_7 is 0.461

clique number: 2
unobserved tuple number: 1
gibbs sample time: 0.007076 seconds
probability of topic_ResearchProject_45 is 0.533

clique number: 2
unobserved tuple number: 1
gibbs sample time: 0.006579 seconds
probability of topic_Person_96 is 0.528

clique number: 24
unobserved tuple number: 8
gibbs sample time: 0.128141 seconds
probability of topic_Person_159 is 0.523

clique number: 2
unobserved tuple number: 1
gibbs sample time: 0.007011 seconds
probability of topic_Course_73 is 0.441

clique number: 24
unobserved tuple number: 8
gibbs sample time: 0.127331 seconds
probability of topic_Person_51 is 0.451

clique number: 24
unobserved tuple number: 8
gibbs sample time: 0.127907 seconds
probability of topic_Person_113 is 0.328

clique number: 2
unobserved tuple number: 1
gibbs sample time: 0.0069 seconds
probability of topic_Faculty_97 is 0.503

clique number: 2
unobserved tuple number: 1
gibbs sample time: 0.006874 seconds
probability of topic_Department_6 is 0.455

clique number: 2
unobserved tuple number: 1
gibbs sample time: 0.006949 seconds
probability of topic_Department_91 is 0.41

clique number: 9
unobserved tuple number: 3
gibbs sample time: 0.049764 seconds
probability of topic_Person_65 is 0.5

clique number: 2
unobserved tuple number: 1
gibbs sample time: 0.007137 seconds
probability of topic_Staff_3 is 0.481

clique number: 6
unobserved tuple number: 2
gibbs sample time: 0.026993 seconds
probability of topic_Course_128 is 0.488

clique number: 14
unobserved tuple number: 4
gibbs sample time: 0.067715 seconds
probability of topic_Staff_43 is 0.356

clique number: 24
unobserved tuple number: 8
gibbs sample time: 0.129288 seconds
probability of topic_Student_159 is 0.53

clique number: 14
unobserved tuple number: 4
gibbs sample time: 0.067501 seconds
probability of topic_Staff_88 is 0.423

clique number: 5
unobserved tuple number: 2
gibbs sample time: 0.023452 seconds
probability of topic_Faculty_35 is 0.593

clique number: 14
unobserved tuple number: 4
gibbs sample time: 0.067856 seconds
probability of topic_Staff_68 is 0.45

clique number: 2
unobserved tuple number: 1
gibbs sample time: 0.006823 seconds
probability of topic_Course_80 is 0.453

clique number: 2
unobserved tuple number: 1
gibbs sample time: 0.007336 seconds
probability of topic_Department_57 is 0.512

clique number: 24
unobserved tuple number: 8
gibbs sample time: 0.129884 seconds
probability of topic_Course_75 is 0.517

clique number: 9
unobserved tuple number: 3
gibbs sample time: 0.049974 seconds
probability of topic_Person_107 is 0.49

clique number: 24
unobserved tuple number: 8
gibbs sample time: 0.122754 seconds
probability of topic_Staff_75 is 0.343

clique number: 3
unobserved tuple number: 1
gibbs sample time: 0.010119 seconds
probability of topic_Course_83 is 0.699

clique number: 9
unobserved tuple number: 3
gibbs sample time: 0.049907 seconds
probability of topic_ResearchProject_20 is 0.493

clique number: 2
unobserved tuple number: 1
gibbs sample time: 0.006892 seconds
probability of topic_Staff_86 is 0.382

clique number: 2
unobserved tuple number: 1
gibbs sample time: 0.006677 seconds
probability of topic_Staff_6 is 0.456

clique number: 2
unobserved tuple number: 1
gibbs sample time: 0.007104 seconds
probability of topic_Student_72 is 0.664

clique number: 2
unobserved tuple number: 1
gibbs sample time: 0.006996 seconds
probability of topic_ResearchProject_99 is 0.477

clique number: 6
unobserved tuple number: 2
gibbs sample time: 0.027353 seconds
probability of topic_Faculty_85 is 0.366

clique number: 2
unobserved tuple number: 1
gibbs sample time: 0.007193 seconds
probability of topic_Department_4 is 0.456

clique number: 2
unobserved tuple number: 1
gibbs sample time: 0.006569 seconds
probability of topic_Course_25 is 0.481

clique number: 24
unobserved tuple number: 8
gibbs sample time: 0.127893 seconds
probability of topic_Person_75 is 0.62

clique number: 8
unobserved tuple number: 3
gibbs sample time: 0.039835 seconds
probability of topic_Person_19 is 0.35

clique number: 2
unobserved tuple number: 1
gibbs sample time: 0.006591 seconds
probability of topic_Staff_5 is 0.459

clique number: 10
unobserved tuple number: 3
gibbs sample time: 0.047874 seconds
probability of topic_ResearchProject_26 is 0.539

clique number: 2
unobserved tuple number: 1
gibbs sample time: 0.006829 seconds
probability of topic_Staff_87 is 0.476

clique number: 2
unobserved tuple number: 1
gibbs sample time: 0.007036 seconds
probability of topic_Staff_76 is 0.667

clique number: 2
unobserved tuple number: 1
gibbs sample time: 0.006811 seconds
probability of topic_Student_70 is 0.439

clique number: 2
unobserved tuple number: 1
gibbs sample time: 0.006985 seconds
probability of topic_Faculty_72 is 0.454

clique number: 14
unobserved tuple number: 4
gibbs sample time: 0.070933 seconds
probability of topic_ResearchProject_88 is 0.472

clique number: 2
unobserved tuple number: 1
gibbs sample time: 0.007189 seconds
probability of topic_Department_95 is 0.445

clique number: 2
unobserved tuple number: 1
gibbs sample time: 0.007099 seconds
probability of topic_Department_56 is 0.595

clique number: 2
unobserved tuple number: 1
gibbs sample time: 0.00703 seconds
probability of topic_Student_74 is 0.46

clique number: 8
unobserved tuple number: 3
gibbs sample time: 0.041274 seconds
probability of topic_ResearchProject_33 is 0.309

clique number: 2
unobserved tuple number: 1
gibbs sample time: 0.006585 seconds
probability of topic_Staff_52 is 0.516

clique number: 8
unobserved tuple number: 3
gibbs sample time: 0.041182 seconds
probability of topic_ResearchProject_127 is 0.45

clique number: 14
unobserved tuple number: 4
gibbs sample time: 0.065682 seconds
probability of topic_Person_88 is 0.508

clique number: 2
unobserved tuple number: 1
gibbs sample time: 0.006687 seconds
probability of topic_Course_2 is 0.463

clique number: 5
unobserved tuple number: 2
gibbs sample time: 0.023537 seconds
probability of topic_Faculty_177 is 0.513

clique number: 2
unobserved tuple number: 1
gibbs sample time: 0.006996 seconds
probability of topic_Student_45 is 0.479

clique number: 2
unobserved tuple number: 1
gibbs sample time: 0.007053 seconds
probability of topic_ResearchProject_57 is 0.47

clique number: 2
unobserved tuple number: 1
gibbs sample time: 0.006795 seconds
probability of topic_Person_29 is 0.607

clique number: 5
unobserved tuple number: 2
gibbs sample time: 0.021494 seconds
probability of topic_Person_90 is 0.542

clique number: 2
unobserved tuple number: 1
gibbs sample time: 0.00704 seconds
probability of topic_Student_81 is 0.465

clique number: 3
unobserved tuple number: 1
gibbs sample time: 0.010529 seconds
probability of topic_ResearchProject_79 is 0.356

clique number: 6
unobserved tuple number: 2
gibbs sample time: 0.030194 seconds
probability of topic_Staff_59 is 0.48

clique number: 6
unobserved tuple number: 2
gibbs sample time: 0.030283 seconds
probability of topic_Staff_46 is 0.429

clique number: 2
unobserved tuple number: 1
gibbs sample time: 0.006851 seconds
probability of topic_Student_60 is 0.535

clique number: 2
unobserved tuple number: 1
gibbs sample time: 0.006808 seconds
probability of topic_Person_45 is 0.489

clique number: 6
unobserved tuple number: 2
gibbs sample time: 0.030462 seconds
probability of topic_Course_93 is 0.45

clique number: 2
unobserved tuple number: 1
gibbs sample time: 0.007016 seconds
probability of topic_ResearchProject_56 is 0.567

