clique number: 2
unobserved tuple number: 1
gibbs sample time: 0.006867 seconds
probability of topic_Course_3 is 0.498

clique number: 10
unobserved tuple number: 3
gibbs sample time: 0.047825 seconds
probability of topic_ResearchProject_49 is 0.196

clique number: 5
unobserved tuple number: 2
gibbs sample time: 0.02328 seconds
probability of topic_Student_177 is 0.479

clique number: 5
unobserved tuple number: 2
gibbs sample time: 0.02334 seconds
probability of topic_Student_41 is 0.762

clique number: 2
unobserved tuple number: 1
gibbs sample time: 0.007081 seconds
probability of topic_Student_16 is 0.522

clique number: 9
unobserved tuple number: 3
gibbs sample time: 0.049109 seconds
probability of topic_Course_154 is 0.504

clique number: 9
unobserved tuple number: 3
gibbs sample time: 0.049251 seconds
probability of topic_Course_65 is 0.488

clique number: 2
unobserved tuple number: 1
gibbs sample time: 0.00657 seconds
probability of topic_Student_5 is 0.473

clique number: 2
unobserved tuple number: 1
gibbs sample time: 0.006931 seconds
probability of topic_Department_96 is 0.406

clique number: 2
unobserved tuple number: 1
gibbs sample time: 0.007242 seconds
probability of topic_Department_98 is 0.619

clique number: 2
unobserved tuple number: 1
gibbs sample time: 0.007183 seconds
probability of topic_ResearchProject_95 is 0.448

clique number: 57
unobserved tuple number: 18
gibbs sample time: 0.323494 seconds
probability of topic_Person_10 is 0.454

clique number: 2
unobserved tuple number: 1
gibbs sample time: 0.00655 seconds
probability of topic_Staff_23 is 0.454

clique number: 12
unobserved tuple number: 4
gibbs sample time: 0.066592 seconds
probability of topic_Student_221 is 0.542

clique number: 2
unobserved tuple number: 1
gibbs sample time: 0.006968 seconds
probability of topic_ResearchProject_23 is 0.472

clique number: 5
unobserved tuple number: 2
gibbs sample time: 0.023776 seconds
probability of topic_Person_177 is 0.47

clique number: 2
unobserved tuple number: 1
gibbs sample time: 0.006806 seconds
probability of topic_Person_37 is 0.492

clique number: 7
unobserved tuple number: 2
gibbs sample time: 0.031973 seconds
probability of topic_ResearchProject_47 is 0.391

clique number: 5
unobserved tuple number: 2
gibbs sample time: 0.023506 seconds
probability of topic_Staff_243 is 0.504

clique number: 2
unobserved tuple number: 1
gibbs sample time: 0.007137 seconds
probability of topic_Department_32 is 0.42

clique number: 9
unobserved tuple number: 3
gibbs sample time: 0.049125 seconds
probability of topic_Department_94 is 0.478

clique number: 2
unobserved tuple number: 1
gibbs sample time: 0.006964 seconds
probability of topic_ResearchProject_5 is 0.415

clique number: 8
unobserved tuple number: 3
gibbs sample time: 0.044539 seconds
probability of topic_Staff_108 is 0.437

clique number: 3
unobserved tuple number: 1
gibbs sample time: 0.010795 seconds
probability of topic_Student_84 is 0.559

clique number: 13
unobserved tuple number: 4
gibbs sample time: 0.065613 seconds
probability of topic_ResearchProject_30 is 0.515

clique number: 12
unobserved tuple number: 4
gibbs sample time: 0.066012 seconds
probability of topic_Student_102 is 0.385

clique number: 3
unobserved tuple number: 1
gibbs sample time: 0.010976 seconds
probability of topic_Faculty_79 is 0.513

clique number: 2
unobserved tuple number: 1
gibbs sample time: 0.006694 seconds
probability of topic_Person_85 is 0.705

clique number: 2
unobserved tuple number: 1
gibbs sample time: 0.007005 seconds
probability of topic_ResearchProject_92 is 0.467

clique number: 2
unobserved tuple number: 1
gibbs sample time: 0.007023 seconds
probability of topic_Person_74 is 0.509

clique number: 6
unobserved tuple number: 2
gibbs sample time: 0.028382 seconds
probability of topic_Faculty_146 is 0.51

clique number: 6
unobserved tuple number: 2
gibbs sample time: 0.028164 seconds
probability of topic_Faculty_47 is 0.653

clique number: 2
unobserved tuple number: 1
gibbs sample time: 0.006795 seconds
probability of topic_Staff_67 is 0.475

clique number: 2
unobserved tuple number: 1
gibbs sample time: 0.006774 seconds
probability of topic_Person_62 is 0.5

clique number: 2
unobserved tuple number: 1
gibbs sample time: 0.007268 seconds
probability of topic_Faculty_67 is 0.464

clique number: 5
unobserved tuple number: 2
gibbs sample time: 0.023794 seconds
probability of topic_Department_22 is 0.721

clique number: 3
unobserved tuple number: 1
gibbs sample time: 0.010781 seconds
probability of topic_Faculty_73 is 0.388

clique number: 3
unobserved tuple number: 1
gibbs sample time: 0.010069 seconds
probability of topic_Staff_38 is 0.451

clique number: 9
unobserved tuple number: 3
gibbs sample time: 0.048771 seconds
probability of topic_Person_94 is 0.468

clique number: 6
unobserved tuple number: 2
gibbs sample time: 0.027657 seconds
probability of topic_ResearchProject_139 is 0.418

clique number: 2
unobserved tuple number: 1
gibbs sample time: 0.007051 seconds
probability of topic_Student_95 is 0.367

clique number: 12
unobserved tuple number: 4
gibbs sample time: 0.065957 seconds
probability of topic_Staff_18 is 0.406

clique number: 5
unobserved tuple number: 2
gibbs sample time: 0.023458 seconds
probability of topic_Staff_24 is 0.599

clique number: 2
unobserved tuple number: 1
gibbs sample time: 0.006834 seconds
probability of topic_Course_37 is 0.495

clique number: 18
unobserved tuple number: 4
gibbs sample time: 0.08672 seconds
probability of topic_Faculty_43 is 0.243

clique number: 2
unobserved tuple number: 1
gibbs sample time: 0.006908 seconds
probability of topic_Staff_96 is 0.435

clique number: 2
unobserved tuple number: 1
gibbs sample time: 0.007153 seconds
probability of topic_Department_67 is 0.445

clique number: 2
unobserved tuple number: 1
gibbs sample time: 0.00682 seconds
probability of topic_Faculty_28 is 0.439

clique number: 3
unobserved tuple number: 1
gibbs sample time: 0.010173 seconds
probability of topic_Course_58 is 0.506

clique number: 12
unobserved tuple number: 4
gibbs sample time: 0.06735 seconds
probability of topic_Student_18 is 0.486

clique number: 7
unobserved tuple number: 2
gibbs sample time: 0.037615 seconds
probability of topic_Department_107 is 0.558

clique number: 6
unobserved tuple number: 2
gibbs sample time: 0.032585 seconds
probability of topic_Faculty_93 is 0.442

clique number: 2
unobserved tuple number: 1
gibbs sample time: 0.007152 seconds
probability of topic_Department_54 is 0.495

clique number: 7
unobserved tuple number: 2
gibbs sample time: 0.032002 seconds
probability of topic_ResearchProject_146 is 0.574

clique number: 2
unobserved tuple number: 1
gibbs sample time: 0.007025 seconds
probability of topic_Faculty_56 is 0.565

clique number: 2
unobserved tuple number: 1
gibbs sample time: 0.007007 seconds
probability of topic_Course_4 is 0.468

clique number: 6
unobserved tuple number: 2
gibbs sample time: 0.025978 seconds
probability of topic_Staff_85 is 0.362

clique number: 2
unobserved tuple number: 1
gibbs sample time: 0.00705 seconds
probability of topic_Faculty_13 is 0.555

clique number: 5
unobserved tuple number: 2
gibbs sample time: 0.023596 seconds
probability of topic_Person_24 is 0.456

clique number: 10
unobserved tuple number: 3
gibbs sample time: 0.056299 seconds
probability of topic_Student_154 is 0.449

clique number: 2
unobserved tuple number: 1
gibbs sample time: 0.006858 seconds
probability of topic_Student_2 is 0.444

clique number: 3
unobserved tuple number: 1
gibbs sample time: 0.01007 seconds
probability of topic_Course_86 is 0.366

clique number: 2
unobserved tuple number: 1
gibbs sample time: 0.007138 seconds
probability of topic_ResearchProject_91 is 0.443

clique number: 2
unobserved tuple number: 1
gibbs sample time: 0.007077 seconds
probability of topic_ResearchProject_37 is 0.503

clique number: 6
unobserved tuple number: 2
gibbs sample time: 0.032557 seconds
probability of topic_Department_71 is 0.411

clique number: 13
unobserved tuple number: 4
gibbs sample time: 0.065438 seconds
probability of topic_Department_13 is 0.371

clique number: 6
unobserved tuple number: 2
gibbs sample time: 0.032685 seconds
probability of topic_Department_93 is 0.384

clique number: 2
unobserved tuple number: 1
gibbs sample time: 0.006967 seconds
probability of topic_Course_77 is 0.498

clique number: 2
unobserved tuple number: 1
gibbs sample time: 0.007023 seconds
probability of topic_ResearchProject_62 is 0.478

clique number: 2
unobserved tuple number: 1
gibbs sample time: 0.007125 seconds
probability of topic_ResearchProject_77 is 0.498

clique number: 4
unobserved tuple number: 2
gibbs sample time: 0.020012 seconds
probability of topic_Student_243 is 0.554

clique number: 4
unobserved tuple number: 2
gibbs sample time: 0.019959 seconds
probability of topic_Student_24 is 0.466

clique number: 2
unobserved tuple number: 1
gibbs sample time: 0.006883 seconds
probability of topic_Student_98 is 0.734

clique number: 10
unobserved tuple number: 3
gibbs sample time: 0.047968 seconds
probability of topic_Course_49 is 0.456

clique number: 5
unobserved tuple number: 2
gibbs sample time: 0.023287 seconds
probability of topic_Person_243 is 0.541

clique number: 9
unobserved tuple number: 3
gibbs sample time: 0.045144 seconds
probability of topic_Student_139 is 0.653

clique number: 9
unobserved tuple number: 3
gibbs sample time: 0.044952 seconds
probability of topic_Student_124 is 0.503

clique number: 2
unobserved tuple number: 1
gibbs sample time: 0.007211 seconds
probability of topic_Department_28 is 0.478

clique number: 18
unobserved tuple number: 4
gibbs sample time: 0.080053 seconds
probability of topic_Person_43 is 0.179

clique number: 3
unobserved tuple number: 1
gibbs sample time: 0.010965 seconds
probability of topic_Department_25 is 0.603

clique number: 4
unobserved tuple number: 1
gibbs sample time: 0.014096 seconds
probability of topic_ResearchProject_9 is 0.33

clique number: 2
unobserved tuple number: 1
gibbs sample time: 0.006995 seconds
probability of topic_Faculty_98 is 0.52

clique number: 3
unobserved tuple number: 1
gibbs sample time: 0.010761 seconds
probability of topic_Staff_11 is 0.206

clique number: 3
unobserved tuple number: 1
gibbs sample time: 0.010154 seconds
probability of topic_ResearchProject_85 is 0.289

clique number: 3
unobserved tuple number: 1
gibbs sample time: 0.00984 seconds
probability of topic_Course_48 is 0.462

clique number: 2
unobserved tuple number: 1
gibbs sample time: 0.007042 seconds
probability of topic_ResearchProject_81 is 0.437

clique number: 3
unobserved tuple number: 1
gibbs sample time: 0.010095 seconds
probability of topic_Course_29 is 0.428

clique number: 3
unobserved tuple number: 1
gibbs sample time: 0.010874 seconds
probability of topic_Department_80 is 0.491

clique number: 2
unobserved tuple number: 1
gibbs sample time: 0.006798 seconds
probability of topic_Person_99 is 0.625

clique number: 2
unobserved tuple number: 1
gibbs sample time: 0.006559 seconds
probability of topic_Person_97 is 0.417

clique number: 3
unobserved tuple number: 1
gibbs sample time: 0.010082 seconds
probability of topic_Person_73 is 0.41

clique number: 2
unobserved tuple number: 1
gibbs sample time: 0.006927 seconds
probability of topic_Department_97 is 0.339

clique number: 2
unobserved tuple number: 1
gibbs sample time: 0.006562 seconds
probability of topic_Person_92 is 0.496

clique number: 52
unobserved tuple number: 17
gibbs sample time: 0.304865 seconds
probability of topic_Department_113 is 0.286

clique number: 52
unobserved tuple number: 17
gibbs sample time: 0.304726 seconds
probability of topic_Department_51 is 0.584

clique number: 2
unobserved tuple number: 1
gibbs sample time: 0.006831 seconds
probability of topic_Student_4 is 0.536

clique number: 52
unobserved tuple number: 16
gibbs sample time: 0.295681 seconds
probability of topic_Student_113 is 0.547

clique number: 2
unobserved tuple number: 1
gibbs sample time: 0.007192 seconds
probability of topic_Department_63 is 0.653

clique number: 2
unobserved tuple number: 1
gibbs sample time: 0.007044 seconds
probability of topic_Faculty_77 is 0.467

clique number: 5
unobserved tuple number: 2
gibbs sample time: 0.023496 seconds
probability of topic_ResearchProject_24 is 0.585

clique number: 2
unobserved tuple number: 1
gibbs sample time: 0.007078 seconds
probability of topic_Department_8 is 0.472

clique number: 8
unobserved tuple number: 3
gibbs sample time: 0.044366 seconds
probability of topic_Staff_94 is 0.473

clique number: 2
unobserved tuple number: 1
gibbs sample time: 0.006829 seconds
probability of topic_Course_36 is 0.666

clique number: 2
unobserved tuple number: 1
gibbs sample time: 0.007266 seconds
probability of topic_Student_76 is 0.585

clique number: 5
unobserved tuple number: 2
gibbs sample time: 0.024685 seconds
probability of topic_Department_41 is 0.433

clique number: 2
unobserved tuple number: 1
gibbs sample time: 0.007364 seconds
probability of topic_ResearchProject_6 is 0.42

clique number: 2
unobserved tuple number: 1
gibbs sample time: 0.006643 seconds
probability of topic_Person_91 is 0.444

clique number: 52
unobserved tuple number: 16
gibbs sample time: 0.293349 seconds
probability of topic_Student_50 is 0.591

clique number: 9
unobserved tuple number: 3
gibbs sample time: 0.045617 seconds
probability of topic_Department_139 is 0.41

clique number: 9
unobserved tuple number: 3
gibbs sample time: 0.045827 seconds
probability of topic_Department_124 is 0.503

clique number: 4
unobserved tuple number: 1
gibbs sample time: 0.013707 seconds
probability of topic_Student_82 is 0.499

clique number: 9
unobserved tuple number: 3
gibbs sample time: 0.048539 seconds
probability of topic_Person_108 is 0.479

clique number: 2
unobserved tuple number: 1
gibbs sample time: 0.006794 seconds
probability of topic_Person_54 is 0.371

clique number: 10
unobserved tuple number: 3
gibbs sample time: 0.050989 seconds
probability of topic_Department_49 is 0.437

clique number: 2
unobserved tuple number: 1
gibbs sample time: 0.006801 seconds
probability of topic_Staff_56 is 0.488

clique number: 4
unobserved tuple number: 1
gibbs sample time: 0.014405 seconds
probability of topic_Department_79 is 0.37

clique number: 52
unobserved tuple number: 16
gibbs sample time: 0.295252 seconds
probability of topic_Student_55 is 0.458

clique number: 2
unobserved tuple number: 1
gibbs sample time: 0.007023 seconds
probability of topic_Course_81 is 0.425

clique number: 10
unobserved tuple number: 3
gibbs sample time: 0.053885 seconds
probability of topic_Student_65 is 0.511

clique number: 52
unobserved tuple number: 17
gibbs sample time: 0.304139 seconds
probability of topic_Department_159 is 0.426

clique number: 2
unobserved tuple number: 1
gibbs sample time: 0.007425 seconds
probability of topic_ResearchProject_97 is 0.395

clique number: 2
unobserved tuple number: 1
gibbs sample time: 0.007016 seconds
probability of topic_Course_95 is 0.507

clique number: 2
unobserved tuple number: 1
gibbs sample time: 0.007118 seconds
probability of topic_Staff_97 is 0.473

clique number: 2
unobserved tuple number: 1
gibbs sample time: 0.007263 seconds
probability of topic_Student_13 is 0.543

clique number: 2
unobserved tuple number: 1
gibbs sample time: 0.006999 seconds
probability of topic_Faculty_23 is 0.456

clique number: 18
unobserved tuple number: 4
gibbs sample time: 0.084697 seconds
probability of topic_ResearchProject_43 is 0.321

clique number: 57
unobserved tuple number: 18
gibbs sample time: 0.324121 seconds
probability of topic_Person_33 is 0.653

clique number: 6
unobserved tuple number: 2
gibbs sample time: 0.032437 seconds
probability of topic_Faculty_71 is 0.415

clique number: 3
unobserved tuple number: 1
gibbs sample time: 0.010627 seconds
probability of topic_Student_29 is 0.526

clique number: 2
unobserved tuple number: 1
gibbs sample time: 0.006595 seconds
probability of topic_Course_23 is 0.503

clique number: 13
unobserved tuple number: 4
gibbs sample time: 0.06573 seconds
probability of topic_Staff_13 is 0.428

clique number: 2
unobserved tuple number: 1
gibbs sample time: 0.007139 seconds
probability of topic_Department_36 is 0.387

clique number: 12
unobserved tuple number: 4
gibbs sample time: 0.066499 seconds
probability of topic_ResearchProject_18 is 0.385

clique number: 2
unobserved tuple number: 1
gibbs sample time: 0.00657 seconds
probability of topic_Course_5 is 0.423

clique number: 2
unobserved tuple number: 1
gibbs sample time: 0.006839 seconds
probability of topic_Student_63 is 0.54

clique number: 6
unobserved tuple number: 2
gibbs sample time: 0.026025 seconds
probability of topic_Staff_128 is 0.61

clique number: 3
unobserved tuple number: 1
gibbs sample time: 0.01067 seconds
probability of topic_ResearchProject_3 is 0.353

clique number: 2
unobserved tuple number: 1
gibbs sample time: 0.007128 seconds
probability of topic_Faculty_60 is 0.413

clique number: 2
unobserved tuple number: 1
gibbs sample time: 0.006971 seconds
probability of topic_Faculty_57 is 0.515

clique number: 3
unobserved tuple number: 1
gibbs sample time: 0.010709 seconds
probability of topic_Department_58 is 0.884

clique number: 2
unobserved tuple number: 1
gibbs sample time: 0.006638 seconds
probability of topic_Staff_70 is 0.502

clique number: 3
unobserved tuple number: 1
gibbs sample time: 0.010129 seconds
probability of topic_Person_3 is 0.446

clique number: 12
unobserved tuple number: 4
gibbs sample time: 0.06606 seconds
probability of topic_Staff_102 is 0.476

clique number: 12
unobserved tuple number: 4
gibbs sample time: 0.065894 seconds
probability of topic_Staff_20 is 0.456

clique number: 4
unobserved tuple number: 1
gibbs sample time: 0.014452 seconds
probability of topic_ResearchProject_31 is 0.498

clique number: 9
unobserved tuple number: 3
gibbs sample time: 0.045832 seconds
probability of topic_Department_44 is 0.366

clique number: 13
unobserved tuple number: 4
gibbs sample time: 0.065583 seconds
probability of topic_Department_168 is 0.659

clique number: 8
unobserved tuple number: 3
gibbs sample time: 0.041354 seconds
probability of topic_Faculty_139 is 0.439

clique number: 8
unobserved tuple number: 3
gibbs sample time: 0.041391 seconds
probability of topic_Faculty_44 is 0.465

clique number: 52
unobserved tuple number: 17
gibbs sample time: 0.305369 seconds
probability of topic_Department_50 is 0.463

clique number: 3
unobserved tuple number: 1
gibbs sample time: 0.010478 seconds
probability of topic_Staff_73 is 0.445

clique number: 12
unobserved tuple number: 4
gibbs sample time: 0.067808 seconds
probability of topic_Department_102 is 0.388

clique number: 3
unobserved tuple number: 1
gibbs sample time: 0.010811 seconds
probability of topic_Staff_25 is 0.542

clique number: 2
unobserved tuple number: 1
gibbs sample time: 0.007259 seconds
probability of topic_ResearchProject_2 is 0.432

clique number: 12
unobserved tuple number: 4
gibbs sample time: 0.068558 seconds
probability of topic_Department_18 is 0.481

clique number: 2
unobserved tuple number: 1
gibbs sample time: 0.007097 seconds
probability of topic_ResearchProject_64 is 0.483

clique number: 2
unobserved tuple number: 1
gibbs sample time: 0.006807 seconds
probability of topic_Person_66 is 0.5

clique number: 3
unobserved tuple number: 1
gibbs sample time: 0.01004 seconds
probability of topic_Course_38 is 0.359

clique number: 2
unobserved tuple number: 1
gibbs sample time: 0.006815 seconds
probability of topic_Faculty_53 is 0.422

clique number: 17
unobserved tuple number: 5
gibbs sample time: 0.087872 seconds
probability of topic_ResearchProject_78 is 0.342

clique number: 6
unobserved tuple number: 2
gibbs sample time: 0.026238 seconds
probability of topic_Staff_44 is 0.453

clique number: 9
unobserved tuple number: 3
gibbs sample time: 0.042554 seconds
probability of topic_Staff_12 is 0.523

clique number: 9
unobserved tuple number: 3
gibbs sample time: 0.042179 seconds
probability of topic_Staff_47 is 0.394

clique number: 3
unobserved tuple number: 1
gibbs sample time: 0.010469 seconds
probability of topic_Student_38 is 0.313

clique number: 4
unobserved tuple number: 1
gibbs sample time: 0.013409 seconds
probability of topic_Person_86 is 0.522

clique number: 2
unobserved tuple number: 1
gibbs sample time: 0.006847 seconds
probability of topic_Student_66 is 0.495

clique number: 2
unobserved tuple number: 1
gibbs sample time: 0.006869 seconds
probability of topic_Faculty_70 is 0.445

clique number: 3
unobserved tuple number: 1
gibbs sample time: 0.010146 seconds
probability of topic_Staff_80 is 0.446

clique number: 2
unobserved tuple number: 1
gibbs sample time: 0.007067 seconds
probability of topic_Student_22 is 0.439

clique number: 2
unobserved tuple number: 1
gibbs sample time: 0.007088 seconds
probability of topic_Faculty_17 is 0.417

clique number: 18
unobserved tuple number: 4
gibbs sample time: 0.084698 seconds
probability of topic_ResearchProject_40 is 0.386

clique number: 17
unobserved tuple number: 5
gibbs sample time: 0.085067 seconds
probability of topic_Person_78 is 0.666

clique number: 57
unobserved tuple number: 18
gibbs sample time: 0.334452 seconds
probability of topic_ResearchProject_10 is 0.429

clique number: 3
unobserved tuple number: 1
gibbs sample time: 0.010472 seconds
probability of topic_ResearchProject_84 is 0.36

clique number: 2
unobserved tuple number: 1
gibbs sample time: 0.006938 seconds
probability of topic_Department_52 is 0.468

clique number: 2
unobserved tuple number: 1
gibbs sample time: 0.006876 seconds
probability of topic_Course_66 is 0.422

clique number: 2
unobserved tuple number: 1
gibbs sample time: 0.006923 seconds
probability of topic_Department_66 is 0.486

clique number: 2
unobserved tuple number: 1
gibbs sample time: 0.006831 seconds
probability of topic_Person_81 is 0.492

clique number: 7
unobserved tuple number: 2
gibbs sample time: 0.03729 seconds
probability of topic_Department_65 is 0.408

clique number: 17
unobserved tuple number: 5
gibbs sample time: 0.087615 seconds
probability of topic_Department_78 is 0.635

clique number: 3
unobserved tuple number: 1
gibbs sample time: 0.010098 seconds
probability of topic_Faculty_3 is 0.448

clique number: 3
unobserved tuple number: 1
gibbs sample time: 0.010549 seconds
probability of topic_Student_11 is 0.036

clique number: 9
unobserved tuple number: 3
gibbs sample time: 0.042471 seconds
probability of topic_Staff_146 is 0.712

clique number: 10
unobserved tuple number: 3
gibbs sample time: 0.047391 seconds
probability of topic_Student_26 is 0.648

clique number: 2
unobserved tuple number: 1
gibbs sample time: 0.007371 seconds
probability of topic_Faculty_76 is 0.488

clique number: 3
unobserved tuple number: 1
gibbs sample time: 0.010575 seconds
probability of topic_ResearchProject_58 is 0.326

clique number: 2
unobserved tuple number: 1
gibbs sample time: 0.006588 seconds
probability of topic_Faculty_6 is 0.448

clique number: 52
unobserved tuple number: 17
gibbs sample time: 0.304788 seconds
probability of topic_Department_75 is 0.781

clique number: 3
unobserved tuple number: 1
gibbs sample time: 0.010133 seconds
probability of topic_Faculty_48 is 0.33

clique number: 5
unobserved tuple number: 2
gibbs sample time: 0.02473 seconds
probability of topic_Department_177 is 0.436

clique number: 2
unobserved tuple number: 1
gibbs sample time: 0.007183 seconds
probability of topic_ResearchProject_96 is 0.369

clique number: 58
unobserved tuple number: 18
gibbs sample time: 0.319906 seconds
probability of topic_Staff_39 is 0.665

clique number: 9
unobserved tuple number: 3
gibbs sample time: 0.049302 seconds
probability of topic_Course_107 is 0.483

clique number: 3
unobserved tuple number: 1
gibbs sample time: 0.010574 seconds
probability of topic_Staff_45 is 0.55

clique number: 2
unobserved tuple number: 1
gibbs sample time: 0.006975 seconds
probability of topic_ResearchProject_80 is 0.54

clique number: 9
unobserved tuple number: 3
gibbs sample time: 0.048723 seconds
probability of topic_Student_108 is 0.464

clique number: 2
unobserved tuple number: 1
gibbs sample time: 0.00655 seconds
probability of topic_Person_52 is 0.512

clique number: 2
unobserved tuple number: 1
gibbs sample time: 0.007164 seconds
probability of topic_Department_81 is 0.497

clique number: 4
unobserved tuple number: 1
gibbs sample time: 0.014532 seconds
probability of topic_Department_31 is 0.485

clique number: 57
unobserved tuple number: 18
gibbs sample time: 0.335572 seconds
probability of topic_ResearchProject_113 is 0.633

clique number: 57
unobserved tuple number: 18
gibbs sample time: 0.336489 seconds
probability of topic_ResearchProject_159 is 0.532

clique number: 4
unobserved tuple number: 1
gibbs sample time: 0.013122 seconds
probability of topic_Person_82 is 0.414

clique number: 58
unobserved tuple number: 18
gibbs sample time: 0.338366 seconds
probability of topic_Faculty_55 is 0.319

clique number: 2
unobserved tuple number: 1
gibbs sample time: 0.007065 seconds
probability of topic_Student_36 is 0.528

clique number: 12
unobserved tuple number: 4
gibbs sample time: 0.067063 seconds
probability of topic_ResearchProject_102 is 0.471

clique number: 9
unobserved tuple number: 3
gibbs sample time: 0.044601 seconds
probability of topic_Department_146 is 0.405

clique number: 9
unobserved tuple number: 3
gibbs sample time: 0.044622 seconds
probability of topic_Department_47 is 0.309

clique number: 6
unobserved tuple number: 2
gibbs sample time: 0.026165 seconds
probability of topic_Staff_139 is 0.545

clique number: 3
unobserved tuple number: 1
gibbs sample time: 0.010425 seconds
probability of topic_Person_45 is 0.407

clique number: 58
unobserved tuple number: 18
gibbs sample time: 0.337559 seconds
probability of topic_Faculty_159 is 0.612

clique number: 6
unobserved tuple number: 2
gibbs sample time: 0.027591 seconds
probability of topic_ResearchProject_44 is 0.482

clique number: 3
unobserved tuple number: 1
gibbs sample time: 0.010501 seconds
probability of topic_Person_14 is 0.516

clique number: 58
unobserved tuple number: 18
gibbs sample time: 0.337513 seconds
probability of topic_Faculty_113 is 0.389

clique number: 58
unobserved tuple number: 18
gibbs sample time: 0.337581 seconds
probability of topic_Faculty_51 is 0.408

clique number: 2
unobserved tuple number: 1
gibbs sample time: 0.006819 seconds
probability of topic_Course_28 is 0.425

clique number: 2
unobserved tuple number: 1
gibbs sample time: 0.006886 seconds
probability of topic_Student_60 is 0.515

clique number: 58
unobserved tuple number: 18
gibbs sample time: 0.319606 seconds
probability of topic_Staff_46 is 0.434

clique number: 17
unobserved tuple number: 5
gibbs sample time: 0.085391 seconds
probability of topic_Person_90 is 0.609

clique number: 3
unobserved tuple number: 1
gibbs sample time: 0.010514 seconds
probability of topic_Student_15 is 0.509

clique number: 2
unobserved tuple number: 1
gibbs sample time: 0.006779 seconds
probability of topic_Staff_62 is 0.414

clique number: 5
unobserved tuple number: 2
gibbs sample time: 0.021897 seconds
probability of topic_Course_35 is 0.604

clique number: 5
unobserved tuple number: 2
gibbs sample time: 0.02183 seconds
probability of topic_Course_22 is 0.558

clique number: 2
unobserved tuple number: 1
gibbs sample time: 0.006541 seconds
probability of topic_Person_6 is 0.496

clique number: 2
unobserved tuple number: 1
gibbs sample time: 0.006761 seconds
probability of topic_Person_67 is 0.386

clique number: 4
unobserved tuple number: 1
gibbs sample time: 0.01356 seconds
probability of topic_Person_9 is 0.451

clique number: 57
unobserved tuple number: 18
gibbs sample time: 0.335315 seconds
probability of topic_ResearchProject_33 is 0.252

clique number: 2
unobserved tuple number: 1
gibbs sample time: 0.007128 seconds
probability of topic_Department_56 is 0.635

clique number: 2
unobserved tuple number: 1
gibbs sample time: 0.00708 seconds
probability of topic_Student_74 is 0.488

clique number: 2
unobserved tuple number: 1
gibbs sample time: 0.007035 seconds
probability of topic_Staff_76 is 0.639

clique number: 2
unobserved tuple number: 1
gibbs sample time: 0.006842 seconds
probability of topic_Student_70 is 0.459

clique number: 52
unobserved tuple number: 16
gibbs sample time: 0.294611 seconds
probability of topic_Student_59 is 0.392

clique number: 52
unobserved tuple number: 16
gibbs sample time: 0.293829 seconds
probability of topic_Student_46 is 0.492

clique number: 57
unobserved tuple number: 18
gibbs sample time: 0.326686 seconds
probability of topic_Person_19 is 0.386

clique number: 2
unobserved tuple number: 1
gibbs sample time: 0.006562 seconds
probability of topic_Staff_5 is 0.424

clique number: 2
unobserved tuple number: 1
gibbs sample time: 0.006849 seconds
probability of topic_Student_53 is 0.493

clique number: 2
unobserved tuple number: 1
gibbs sample time: 0.00657 seconds
probability of topic_Person_28 is 0.518

clique number: 2
unobserved tuple number: 1
gibbs sample time: 0.006859 seconds
probability of topic_ResearchProject_60 is 0.485

clique number: 3
unobserved tuple number: 1
gibbs sample time: 0.010101 seconds
probability of topic_Course_25 is 0.523

clique number: 57
unobserved tuple number: 18
gibbs sample time: 0.324523 seconds
probability of topic_Person_75 is 0.61

clique number: 2
unobserved tuple number: 1
gibbs sample time: 0.00658 seconds
probability of topic_Faculty_1 is 0.485

clique number: 2
unobserved tuple number: 1
gibbs sample time: 0.006856 seconds
probability of topic_Course_8 is 0.648

clique number: 52
unobserved tuple number: 17
gibbs sample time: 0.305348 seconds
probability of topic_Department_21 is 0.481

clique number: 2
unobserved tuple number: 1
gibbs sample time: 0.006603 seconds
probability of topic_Course_97 is 0.592

clique number: 4
unobserved tuple number: 1
gibbs sample time: 0.013755 seconds
probability of topic_ResearchProject_82 is 0.57

clique number: 10
unobserved tuple number: 3
gibbs sample time: 0.05255 seconds
probability of topic_Faculty_65 is 0.427

clique number: 13
unobserved tuple number: 4
gibbs sample time: 0.063837 seconds
probability of topic_Course_168 is 0.47

clique number: 17
unobserved tuple number: 4
gibbs sample time: 0.081697 seconds
probability of topic_Student_43 is 0.343

clique number: 3
unobserved tuple number: 1
gibbs sample time: 0.010675 seconds
probability of topic_Department_27 is 0.635

clique number: 4
unobserved tuple number: 1
gibbs sample time: 0.013422 seconds
probability of topic_Student_9 is 0.415

clique number: 3
unobserved tuple number: 1
gibbs sample time: 0.010131 seconds
probability of topic_Person_58 is 0.647

clique number: 3
unobserved tuple number: 1
gibbs sample time: 0.01067 seconds
probability of topic_Staff_15 is 0.402

clique number: 2
unobserved tuple number: 1
gibbs sample time: 0.006546 seconds
probability of topic_Course_16 is 0.423

clique number: 3
unobserved tuple number: 1
gibbs sample time: 0.010492 seconds
probability of topic_Faculty_80 is 0.458

clique number: 10
unobserved tuple number: 3
gibbs sample time: 0.047913 seconds
probability of topic_Student_146 is 0.375

clique number: 2
unobserved tuple number: 1
gibbs sample time: 0.006874 seconds
probability of topic_Person_76 is 0.673

clique number: 58
unobserved tuple number: 18
gibbs sample time: 0.326208 seconds
probability of topic_Course_33 is 0.516

clique number: 10
unobserved tuple number: 3
gibbs sample time: 0.046508 seconds
probability of topic_Person_89 is 0.418

clique number: 18
unobserved tuple number: 4
gibbs sample time: 0.080586 seconds
probability of topic_Person_68 is 0.486

clique number: 57
unobserved tuple number: 18
gibbs sample time: 0.334776 seconds
probability of topic_ResearchProject_39 is 0.572

clique number: 2
unobserved tuple number: 1
gibbs sample time: 0.006828 seconds
probability of topic_Staff_77 is 0.466

clique number: 9
unobserved tuple number: 3
gibbs sample time: 0.045001 seconds
probability of topic_Course_124 is 0.499

clique number: 3
unobserved tuple number: 1
gibbs sample time: 0.010674 seconds
probability of topic_Department_15 is 0.402

clique number: 2
unobserved tuple number: 1
gibbs sample time: 0.007026 seconds
probability of topic_Student_81 is 0.513

clique number: 58
unobserved tuple number: 18
gibbs sample time: 0.317903 seconds
probability of topic_Staff_59 is 0.461

clique number: 17
unobserved tuple number: 5
gibbs sample time: 0.085442 seconds
probability of topic_Person_198 is 0.545

clique number: 4
unobserved tuple number: 1
gibbs sample time: 0.013953 seconds
probability of topic_ResearchProject_79 is 0.412

clique number: 3
unobserved tuple number: 1
gibbs sample time: 0.010427 seconds
probability of topic_Faculty_58 is 0.434

clique number: 3
unobserved tuple number: 1
gibbs sample time: 0.010458 seconds
probability of topic_Student_45 is 0.454

clique number: 5
unobserved tuple number: 2
gibbs sample time: 0.023631 seconds
probability of topic_Faculty_177 is 0.512

clique number: 17
unobserved tuple number: 5
gibbs sample time: 0.088009 seconds
probability of topic_ResearchProject_198 is 0.659

clique number: 8
unobserved tuple number: 3
gibbs sample time: 0.041614 seconds
probability of topic_Faculty_124 is 0.457

clique number: 9
unobserved tuple number: 3
gibbs sample time: 0.043523 seconds
probability of topic_Person_124 is 0.47

clique number: 5
unobserved tuple number: 2
gibbs sample time: 0.023552 seconds
probability of topic_Faculty_41 is 0.689

clique number: 17
unobserved tuple number: 4
gibbs sample time: 0.081464 seconds
probability of topic_Student_40 is 0.646

clique number: 17
unobserved tuple number: 5
gibbs sample time: 0.085956 seconds
probability of topic_Course_119 is 0.505

clique number: 9
unobserved tuple number: 3
gibbs sample time: 0.048689 seconds
probability of topic_Student_94 is 0.512

clique number: 17
unobserved tuple number: 5
gibbs sample time: 0.086302 seconds
probability of topic_Course_78 is 0.676

clique number: 10
unobserved tuple number: 3
gibbs sample time: 0.049099 seconds
probability of topic_Course_89 is 0.709

clique number: 10
unobserved tuple number: 3
gibbs sample time: 0.047271 seconds
probability of topic_Course_12 is 0.639

clique number: 3
unobserved tuple number: 1
gibbs sample time: 0.010921 seconds
probability of topic_Student_69 is 0.502

clique number: 4
unobserved tuple number: 1
gibbs sample time: 0.015017 seconds
probability of topic_Faculty_31 is 0.504

clique number: 2
unobserved tuple number: 1
gibbs sample time: 0.006803 seconds
probability of topic_Course_17 is 0.742

clique number: 3
unobserved tuple number: 1
gibbs sample time: 0.010645 seconds
probability of topic_Department_73 is 0.405

clique number: 57
unobserved tuple number: 18
gibbs sample time: 0.334958 seconds
probability of topic_ResearchProject_46 is 0.436

clique number: 12
unobserved tuple number: 4
gibbs sample time: 0.067866 seconds
probability of topic_Department_221 is 0.461

clique number: 3
unobserved tuple number: 1
gibbs sample time: 0.010921 seconds
probability of topic_Faculty_30 is 0.589

clique number: 2
unobserved tuple number: 1
gibbs sample time: 0.006685 seconds
probability of topic_Staff_28 is 0.432

clique number: 2
unobserved tuple number: 1
gibbs sample time: 0.006552 seconds
probability of topic_Course_87 is 0.432

clique number: 6
unobserved tuple number: 2
gibbs sample time: 0.031513 seconds
probability of topic_Student_93 is 0.501

clique number: 4
unobserved tuple number: 1
gibbs sample time: 0.014077 seconds
probability of topic_Department_9 is 0.568

clique number: 58
unobserved tuple number: 18
gibbs sample time: 0.319087 seconds
probability of topic_Staff_33 is 0.42

clique number: 2
unobserved tuple number: 1
gibbs sample time: 0.007011 seconds
probability of topic_Student_97 is 0.447

clique number: 2
unobserved tuple number: 1
gibbs sample time: 0.007131 seconds
probability of topic_ResearchProject_76 is 0.485

clique number: 17
unobserved tuple number: 5
gibbs sample time: 0.087501 seconds
probability of topic_Department_119 is 0.454

clique number: 3
unobserved tuple number: 1
gibbs sample time: 0.010551 seconds
probability of topic_Student_25 is 0.537

clique number: 4
unobserved tuple number: 1
gibbs sample time: 0.013558 seconds
probability of topic_Faculty_9 is 0.538

clique number: 2
unobserved tuple number: 1
gibbs sample time: 0.006765 seconds
probability of topic_Course_72 is 0.407

clique number: 2
unobserved tuple number: 1
gibbs sample time: 0.006606 seconds
probability of topic_Course_2 is 0.48

clique number: 18
unobserved tuple number: 4
gibbs sample time: 0.080508 seconds
probability of topic_Person_88 is 0.457

clique number: 17
unobserved tuple number: 5
gibbs sample time: 0.087968 seconds
probability of topic_ResearchProject_119 is 0.524

clique number: 58
unobserved tuple number: 18
gibbs sample time: 0.320082 seconds
probability of topic_Staff_61 is 0.367

clique number: 52
unobserved tuple number: 17
gibbs sample time: 0.304896 seconds
probability of topic_Department_59 is 0.497

clique number: 3
unobserved tuple number: 1
gibbs sample time: 0.01037 seconds
probability of topic_Staff_84 is 0.621

clique number: 2
unobserved tuple number: 1
gibbs sample time: 0.00713 seconds
probability of topic_Faculty_74 is 0.398

clique number: 10
unobserved tuple number: 3
gibbs sample time: 0.047843 seconds
probability of topic_Faculty_89 is 0.497

clique number: 3
unobserved tuple number: 1
gibbs sample time: 0.01101 seconds
probability of topic_Faculty_15 is 0.442

clique number: 3
unobserved tuple number: 1
gibbs sample time: 0.010429 seconds
probability of topic_Person_27 is 0.475

clique number: 10
unobserved tuple number: 3
gibbs sample time: 0.047298 seconds
probability of topic_Faculty_49 is 0.472

clique number: 6
unobserved tuple number: 2
gibbs sample time: 0.031822 seconds
probability of topic_ResearchProject_71 is 0.49

clique number: 2
unobserved tuple number: 1
gibbs sample time: 0.006965 seconds
probability of topic_ResearchProject_16 is 0.416

clique number: 3
unobserved tuple number: 1
gibbs sample time: 0.01058 seconds
probability of topic_Faculty_84 is 0.563

clique number: 52
unobserved tuple number: 16
gibbs sample time: 0.295185 seconds
probability of topic_Student_10 is 0.523

clique number: 2
unobserved tuple number: 1
gibbs sample time: 0.006799 seconds
probability of topic_Person_56 is 0.389

clique number: 2
unobserved tuple number: 1
gibbs sample time: 0.007098 seconds
probability of topic_Student_92 is 0.498

clique number: 17
unobserved tuple number: 5
gibbs sample time: 0.08735 seconds
probability of topic_Department_198 is 0.575

clique number: 17
unobserved tuple number: 4
gibbs sample time: 0.07778 seconds
probability of topic_Staff_40 is 0.549

clique number: 3
unobserved tuple number: 1
gibbs sample time: 0.01008 seconds
probability of topic_Course_11 is 0.207

clique number: 57
unobserved tuple number: 18
gibbs sample time: 0.334694 seconds
probability of topic_ResearchProject_21 is 0.507

clique number: 58
unobserved tuple number: 18
gibbs sample time: 0.339875 seconds
probability of topic_Faculty_21 is 0.513

clique number: 57
unobserved tuple number: 18
gibbs sample time: 0.324918 seconds
probability of topic_Person_55 is 0.442

clique number: 57
unobserved tuple number: 18
gibbs sample time: 0.323853 seconds
probability of topic_Person_61 is 0.093

clique number: 5
unobserved tuple number: 2
gibbs sample time: 0.023934 seconds
probability of topic_Department_35 is 0.535

clique number: 5
unobserved tuple number: 2
gibbs sample time: 0.023718 seconds
probability of topic_ResearchProject_35 is 0.562

clique number: 2
unobserved tuple number: 1
gibbs sample time: 0.006547 seconds
probability of topic_Course_70 is 0.459

clique number: 57
unobserved tuple number: 18
gibbs sample time: 0.336383 seconds
probability of topic_ResearchProject_50 is 0.462

clique number: 11
unobserved tuple number: 4
gibbs sample time: 0.061907 seconds
probability of topic_Course_102 is 0.574

clique number: 8
unobserved tuple number: 3
gibbs sample time: 0.044091 seconds
probability of topic_Staff_7 is 0.435

clique number: 52
unobserved tuple number: 17
gibbs sample time: 0.375438 seconds
probability of topic_Department_46 is 0.486

clique number: 2
unobserved tuple number: 1
gibbs sample time: 0.011355 seconds
probability of topic_Staff_72 is 0.385

clique number: 5
unobserved tuple number: 2
gibbs sample time: 0.034834 seconds
probability of topic_Course_243 is 0.447

clique number: 2
unobserved tuple number: 1
gibbs sample time: 0.00734 seconds
probability of topic_Person_4 is 0.547

clique number: 3
unobserved tuple number: 1
gibbs sample time: 0.023329 seconds
probability of topic_Staff_83 is 0.559

clique number: 58
unobserved tuple number: 18
gibbs sample time: 0.44295 seconds
probability of topic_Faculty_103 is 0.545

clique number: 4
unobserved tuple number: 1
gibbs sample time: 0.014034 seconds
probability of topic_Faculty_82 is 0.427

clique number: 57
unobserved tuple number: 18
gibbs sample time: 0.33492 seconds
probability of topic_Person_189 is 0.61

clique number: 57
unobserved tuple number: 18
gibbs sample time: 0.324825 seconds
probability of topic_Person_39 is 0.444

clique number: 12
unobserved tuple number: 4
gibbs sample time: 0.068054 seconds
probability of topic_Department_20 is 0.481

clique number: 58
unobserved tuple number: 18
gibbs sample time: 0.339775 seconds
probability of topic_Faculty_153 is 0.659

clique number: 58
unobserved tuple number: 18
gibbs sample time: 0.318995 seconds
probability of topic_Staff_51 is 0.516

clique number: 58
unobserved tuple number: 18
gibbs sample time: 0.318658 seconds
probability of topic_Staff_21 is 0.493

clique number: 4
unobserved tuple number: 1
gibbs sample time: 0.013322 seconds
probability of topic_Course_82 is 0.465

clique number: 57
unobserved tuple number: 18
gibbs sample time: 0.334916 seconds
probability of topic_ResearchProject_189 is 0.596

clique number: 3
unobserved tuple number: 1
gibbs sample time: 0.010599 seconds
probability of topic_ResearchProject_14 is 0.576

clique number: 2
unobserved tuple number: 1
gibbs sample time: 0.007033 seconds
probability of topic_Staff_74 is 0.411

clique number: 2
unobserved tuple number: 1
gibbs sample time: 0.006815 seconds
probability of topic_Faculty_5 is 0.376

clique number: 3
unobserved tuple number: 1
gibbs sample time: 0.010706 seconds
probability of topic_Person_42 is 0.681

clique number: 57
unobserved tuple number: 18
gibbs sample time: 0.324807 seconds
probability of topic_Person_103 is 0.605

clique number: 57
unobserved tuple number: 18
gibbs sample time: 0.335667 seconds
probability of topic_ResearchProject_55 is 0.611

clique number: 57
unobserved tuple number: 18
gibbs sample time: 0.324453 seconds
probability of topic_Person_153 is 0.616

clique number: 6
unobserved tuple number: 2
gibbs sample time: 0.027075 seconds
probability of topic_Course_85 is 0.488

clique number: 2
unobserved tuple number: 1
gibbs sample time: 0.00657 seconds
probability of topic_Staff_99 is 0.495

clique number: 2
unobserved tuple number: 1
gibbs sample time: 0.007415 seconds
probability of topic_ResearchProject_72 is 0.454

clique number: 58
unobserved tuple number: 18
gibbs sample time: 0.338789 seconds
probability of topic_Faculty_59 is 0.526

clique number: 57
unobserved tuple number: 18
gibbs sample time: 0.329546 seconds
probability of topic_Person_59 is 0.471

clique number: 2
unobserved tuple number: 1
gibbs sample time: 0.007437 seconds
probability of topic_ResearchProject_67 is 0.606

clique number: 2
unobserved tuple number: 1
gibbs sample time: 0.006927 seconds
probability of topic_Department_53 is 0.471

clique number: 3
unobserved tuple number: 1
gibbs sample time: 0.010568 seconds
probability of topic_Staff_29 is 0.45

clique number: 6
unobserved tuple number: 2
gibbs sample time: 0.031913 seconds
probability of topic_ResearchProject_93 is 0.48

clique number: 3
unobserved tuple number: 1
gibbs sample time: 0.010019 seconds
probability of topic_Person_38 is 0.329

clique number: 18
unobserved tuple number: 4
gibbs sample time: 0.086082 seconds
probability of topic_Faculty_68 is 0.442

clique number: 5
unobserved tuple number: 2
gibbs sample time: 0.022432 seconds
probability of topic_Staff_177 is 0.539

clique number: 58
unobserved tuple number: 18
gibbs sample time: 0.326987 seconds
probability of topic_Course_59 is 0.433

clique number: 16
unobserved tuple number: 5
gibbs sample time: 0.079172 seconds
probability of topic_Staff_78 is 0.457

clique number: 12
unobserved tuple number: 4
gibbs sample time: 0.066907 seconds
probability of topic_Student_20 is 0.501

clique number: 2
unobserved tuple number: 1
gibbs sample time: 0.006996 seconds
probability of topic_Student_91 is 0.459

clique number: 3
unobserved tuple number: 1
gibbs sample time: 0.010994 seconds
probability of topic_Student_64 is 0.483

clique number: 58
unobserved tuple number: 18
gibbs sample time: 0.326744 seconds
probability of topic_Course_55 is 0.345

clique number: 9
unobserved tuple number: 3
gibbs sample time: 0.049305 seconds
probability of topic_Department_7 is 0.502

clique number: 58
unobserved tuple number: 18
gibbs sample time: 0.318532 seconds
probability of topic_Staff_103 is 0.524

clique number: 2
unobserved tuple number: 1
gibbs sample time: 0.006852 seconds
probability of topic_Student_99 is 0.647

clique number: 58
unobserved tuple number: 18
gibbs sample time: 0.327715 seconds
probability of topic_Course_153 is 0.489

clique number: 57
unobserved tuple number: 18
gibbs sample time: 0.335789 seconds
probability of topic_ResearchProject_153 is 0.725

clique number: 3
unobserved tuple number: 1
gibbs sample time: 0.010349 seconds
probability of topic_Department_82 is 0.524

clique number: 2
unobserved tuple number: 1
gibbs sample time: 0.006826 seconds
probability of topic_Course_64 is 0.582

clique number: 4
unobserved tuple number: 1
gibbs sample time: 0.013228 seconds
probability of topic_Staff_9 is 0.429

clique number: 52
unobserved tuple number: 16
gibbs sample time: 0.294107 seconds
probability of topic_Student_21 is 0.488

clique number: 2
unobserved tuple number: 1
gibbs sample time: 0.006508 seconds
probability of topic_Course_92 is 0.339

clique number: 52
unobserved tuple number: 16
gibbs sample time: 0.295201 seconds
probability of topic_Student_103 is 0.518

clique number: 58
unobserved tuple number: 18
gibbs sample time: 0.318625 seconds
probability of topic_Staff_127 is 0.468

clique number: 3
unobserved tuple number: 1
gibbs sample time: 0.010274 seconds
probability of topic_Staff_27 is 0.513

clique number: 2
unobserved tuple number: 1
gibbs sample time: 0.007171 seconds
probability of topic_Staff_37 is 0.488

clique number: 3
unobserved tuple number: 1
gibbs sample time: 0.010607 seconds
probability of topic_Person_29 is 0.6

clique number: 2
unobserved tuple number: 1
gibbs sample time: 0.0071 seconds
probability of topic_ResearchProject_57 is 0.475

clique number: 17
unobserved tuple number: 5
gibbs sample time: 0.087615 seconds
probability of topic_ResearchProject_90 is 0.535

clique number: 4
unobserved tuple number: 1
gibbs sample time: 0.013665 seconds
probability of topic_Person_31 is 0.528

clique number: 8
unobserved tuple number: 3
gibbs sample time: 0.044534 seconds
probability of topic_Person_102 is 0.435

clique number: 2
unobserved tuple number: 1
gibbs sample time: 0.006827 seconds
probability of topic_Course_98 is 0.488

clique number: 2
unobserved tuple number: 1
gibbs sample time: 0.006838 seconds
probability of topic_Staff_87 is 0.45

clique number: 10
unobserved tuple number: 3
gibbs sample time: 0.048377 seconds
probability of topic_ResearchProject_26 is 0.593

clique number: 10
unobserved tuple number: 3
gibbs sample time: 0.047955 seconds
probability of topic_ResearchProject_89 is 0.413

clique number: 3
unobserved tuple number: 1
gibbs sample time: 0.010445 seconds
probability of topic_Student_83 is 0.518

clique number: 57
unobserved tuple number: 18
gibbs sample time: 0.324241 seconds
probability of topic_Person_21 is 0.386

clique number: 52
unobserved tuple number: 16
gibbs sample time: 0.295586 seconds
probability of topic_Student_153 is 0.574

clique number: 2
unobserved tuple number: 1
gibbs sample time: 0.006785 seconds
probability of topic_Staff_16 is 0.462

clique number: 18
unobserved tuple number: 4
gibbs sample time: 0.083964 seconds
probability of topic_Department_43 is 0.242

clique number: 10
unobserved tuple number: 3
gibbs sample time: 0.045861 seconds
probability of topic_Person_26 is 0.6

clique number: 10
unobserved tuple number: 3
gibbs sample time: 0.047814 seconds
probability of topic_Course_26 is 0.511

clique number: 2
unobserved tuple number: 1
gibbs sample time: 0.006803 seconds
probability of topic_Person_8 is 0.563

clique number: 9
unobserved tuple number: 3
gibbs sample time: 0.050629 seconds
probability of topic_ResearchProject_108 is 0.444

clique number: 2
unobserved tuple number: 1
gibbs sample time: 0.007188 seconds
probability of topic_Student_57 is 0.501

clique number: 58
unobserved tuple number: 18
gibbs sample time: 0.319039 seconds
probability of topic_Staff_10 is 0.582

clique number: 18
unobserved tuple number: 4
gibbs sample time: 0.079917 seconds
probability of topic_Course_43 is 0.395

clique number: 3
unobserved tuple number: 1
gibbs sample time: 0.011049 seconds
probability of topic_Department_3 is 0.422

clique number: 4
unobserved tuple number: 1
gibbs sample time: 0.013552 seconds
probability of topic_Person_79 is 0.514

clique number: 5
unobserved tuple number: 2
gibbs sample time: 0.022261 seconds
probability of topic_Person_35 is 0.514

clique number: 58
unobserved tuple number: 18
gibbs sample time: 0.338255 seconds
probability of topic_Faculty_61 is 0.479

clique number: 10
unobserved tuple number: 3
gibbs sample time: 0.045024 seconds
probability of topic_Staff_89 is 0.563

clique number: 2
unobserved tuple number: 1
gibbs sample time: 0.006796 seconds
probability of topic_Staff_8 is 0.535

clique number: 5
unobserved tuple number: 2
gibbs sample time: 0.023928 seconds
probability of topic_ResearchProject_177 is 0.586

clique number: 2
unobserved tuple number: 1
gibbs sample time: 0.007315 seconds
probability of topic_Student_42 is 0.587

clique number: 2
unobserved tuple number: 1
gibbs sample time: 0.007134 seconds
probability of topic_ResearchProject_4 is 0.508

clique number: 3
unobserved tuple number: 1
gibbs sample time: 0.01008 seconds
probability of topic_Course_27 is 0.433

clique number: 3
unobserved tuple number: 1
gibbs sample time: 0.010043 seconds
probability of topic_Person_11 is 0.045

clique number: 2
unobserved tuple number: 1
gibbs sample time: 0.007042 seconds
probability of topic_Student_30 is 0.501

clique number: 11
unobserved tuple number: 4
gibbs sample time: 0.062197 seconds
probability of topic_Course_18 is 0.406

clique number: 3
unobserved tuple number: 1
gibbs sample time: 0.010249 seconds
probability of topic_Person_84 is 0.607

clique number: 58
unobserved tuple number: 18
gibbs sample time: 0.32566 seconds
probability of topic_Course_21 is 0.541

clique number: 4
unobserved tuple number: 2
gibbs sample time: 0.020041 seconds
probability of topic_Faculty_243 is 0.424

clique number: 2
unobserved tuple number: 1
gibbs sample time: 0.007072 seconds
probability of topic_Faculty_66 is 0.384

clique number: 2
unobserved tuple number: 1
gibbs sample time: 0.006886 seconds
probability of topic_ResearchProject_52 is 0.497

clique number: 3
unobserved tuple number: 1
gibbs sample time: 0.010872 seconds
probability of topic_ResearchProject_73 is 0.61

clique number: 2
unobserved tuple number: 1
gibbs sample time: 0.007142 seconds
probability of topic_Department_5 is 0.439

clique number: 13
unobserved tuple number: 4
gibbs sample time: 0.066038 seconds
probability of topic_ResearchProject_69 is 0.327

clique number: 52
unobserved tuple number: 17
gibbs sample time: 0.30519 seconds
probability of topic_Department_55 is 0.268

clique number: 17
unobserved tuple number: 5
gibbs sample time: 0.088818 seconds
probability of topic_Department_90 is 0.481

clique number: 10
unobserved tuple number: 3
gibbs sample time: 0.047555 seconds
probability of topic_Faculty_26 is 0.564

clique number: 52
unobserved tuple number: 17
gibbs sample time: 0.306456 seconds
probability of topic_Department_127 is 0.405

clique number: 11
unobserved tuple number: 4
gibbs sample time: 0.063739 seconds
probability of topic_Faculty_221 is 0.492

clique number: 10
unobserved tuple number: 3
gibbs sample time: 0.054719 seconds
probability of topic_ResearchProject_154 is 0.493

clique number: 11
unobserved tuple number: 4
gibbs sample time: 0.064926 seconds
probability of topic_Faculty_18 is 0.372

clique number: 2
unobserved tuple number: 1
gibbs sample time: 0.006571 seconds
probability of topic_Staff_1 is 0.508

clique number: 3
unobserved tuple number: 1
gibbs sample time: 0.010454 seconds
probability of topic_Staff_31 is 0.517

clique number: 13
unobserved tuple number: 4
gibbs sample time: 0.064082 seconds
probability of topic_Person_69 is 0.637

clique number: 3
unobserved tuple number: 1
gibbs sample time: 0.010522 seconds
probability of topic_Department_14 is 0.426

clique number: 2
unobserved tuple number: 1
gibbs sample time: 0.007229 seconds
probability of topic_Student_56 is 0.319

clique number: 57
unobserved tuple number: 18
gibbs sample time: 0.335748 seconds
probability of topic_ResearchProject_59 is 0.469

clique number: 16
unobserved tuple number: 5
gibbs sample time: 0.079336 seconds
probability of topic_Staff_198 is 0.617

clique number: 17
unobserved tuple number: 5
gibbs sample time: 0.086102 seconds
probability of topic_Course_34 is 0.509

clique number: 2
unobserved tuple number: 1
gibbs sample time: 0.006567 seconds
probability of topic_Course_96 is 0.482

clique number: 3
unobserved tuple number: 1
gibbs sample time: 0.010396 seconds
probability of topic_Person_25 is 0.521

clique number: 11
unobserved tuple number: 4
gibbs sample time: 0.061814 seconds
probability of topic_Course_221 is 0.534

clique number: 52
unobserved tuple number: 17
gibbs sample time: 0.30642 seconds
probability of topic_Department_189 is 0.469

clique number: 4
unobserved tuple number: 1
gibbs sample time: 0.01417 seconds
probability of topic_ResearchProject_86 is 0.508

clique number: 2
unobserved tuple number: 1
gibbs sample time: 0.007025 seconds
probability of topic_Person_95 is 0.452

clique number: 52
unobserved tuple number: 17
gibbs sample time: 0.305927 seconds
probability of topic_Department_10 is 0.65

clique number: 52
unobserved tuple number: 16
gibbs sample time: 0.295854 seconds
probability of topic_Student_75 is 0.75

clique number: 9
unobserved tuple number: 3
gibbs sample time: 0.04448 seconds
probability of topic_Course_139 is 0.521

clique number: 3
unobserved tuple number: 1
gibbs sample time: 0.010559 seconds
probability of topic_Department_38 is 0.573

clique number: 10
unobserved tuple number: 3
gibbs sample time: 0.047182 seconds
probability of topic_Student_49 is 0.754

clique number: 2
unobserved tuple number: 1
gibbs sample time: 0.006759 seconds
probability of topic_Staff_95 is 0.49

clique number: 3
unobserved tuple number: 1
gibbs sample time: 0.010948 seconds
probability of topic_ResearchProject_27 is 0.388

clique number: 52
unobserved tuple number: 17
gibbs sample time: 0.306588 seconds
probability of topic_Department_103 is 0.485

clique number: 58
unobserved tuple number: 18
gibbs sample time: 0.339649 seconds
probability of topic_Faculty_189 is 0.55

clique number: 17
unobserved tuple number: 5
gibbs sample time: 0.086717 seconds
probability of topic_Course_198 is 0.453

clique number: 11
unobserved tuple number: 4
gibbs sample time: 0.064577 seconds
probability of topic_Faculty_20 is 0.432

clique number: 15
unobserved tuple number: 5
gibbs sample time: 0.078368 seconds
probability of topic_Student_78 is 0.684

clique number: 2
unobserved tuple number: 1
gibbs sample time: 0.006818 seconds
probability of topic_Course_54 is 0.632

clique number: 3
unobserved tuple number: 1
gibbs sample time: 0.010469 seconds
probability of topic_ResearchProject_29 is 0.379

clique number: 57
unobserved tuple number: 18
gibbs sample time: 0.335466 seconds
probability of topic_ResearchProject_127 is 0.425

clique number: 2
unobserved tuple number: 1
gibbs sample time: 0.006541 seconds
probability of topic_Staff_52 is 0.493

clique number: 57
unobserved tuple number: 18
gibbs sample time: 0.335979 seconds
probability of topic_ResearchProject_61 is 0.364

clique number: 58
unobserved tuple number: 18
gibbs sample time: 0.326169 seconds
probability of topic_Course_46 is 0.422

clique number: 58
unobserved tuple number: 18
gibbs sample time: 0.327194 seconds
probability of topic_Course_10 is 0.467

clique number: 2
unobserved tuple number: 1
gibbs sample time: 0.00763 seconds
probability of topic_Department_76 is 0.448

clique number: 2
unobserved tuple number: 1
gibbs sample time: 0.006637 seconds
probability of topic_Person_16 is 0.49

clique number: 10
unobserved tuple number: 3
gibbs sample time: 0.053978 seconds
probability of topic_Student_107 is 0.399

clique number: 58
unobserved tuple number: 18
gibbs sample time: 0.318738 seconds
probability of topic_Staff_153 is 0.665

clique number: 58
unobserved tuple number: 18
gibbs sample time: 0.325944 seconds
probability of topic_Course_51 is 0.445

clique number: 15
unobserved tuple number: 5
gibbs sample time: 0.078501 seconds
probability of topic_Student_198 is 0.492

clique number: 4
unobserved tuple number: 1
gibbs sample time: 0.014047 seconds
probability of topic_Student_86 is 0.459

clique number: 3
unobserved tuple number: 1
gibbs sample time: 0.010494 seconds
probability of topic_Faculty_42 is 0.687

clique number: 58
unobserved tuple number: 18
gibbs sample time: 0.338856 seconds
probability of topic_Faculty_19 is 0.531

clique number: 3
unobserved tuple number: 1
gibbs sample time: 0.010935 seconds
probability of topic_Student_27 is 0.491

clique number: 2
unobserved tuple number: 1
gibbs sample time: 0.006828 seconds
probability of topic_Faculty_8 is 0.47

clique number: 3
unobserved tuple number: 1
gibbs sample time: 0.009718 seconds
probability of topic_Staff_48 is 0.409

clique number: 16
unobserved tuple number: 5
gibbs sample time: 0.07931 seconds
probability of topic_Staff_119 is 0.486

clique number: 4
unobserved tuple number: 1
gibbs sample time: 0.014086 seconds
probability of topic_Faculty_86 is 0.496

clique number: 10
unobserved tuple number: 3
gibbs sample time: 0.050173 seconds
probability of topic_Staff_107 is 0.347

clique number: 2
unobserved tuple number: 1
gibbs sample time: 0.00705 seconds
probability of topic_Faculty_54 is 0.487

clique number: 18
unobserved tuple number: 4
gibbs sample time: 0.079111 seconds
probability of topic_Course_88 is 0.342

clique number: 3
unobserved tuple number: 1
gibbs sample time: 0.010694 seconds
probability of topic_Department_11 is 0.325

clique number: 58
unobserved tuple number: 18
gibbs sample time: 0.328329 seconds
probability of topic_Course_19 is 0.671

clique number: 6
unobserved tuple number: 2
gibbs sample time: 0.027074 seconds
probability of topic_Student_85 is 0.719

clique number: 18
unobserved tuple number: 4
gibbs sample time: 0.085266 seconds
probability of topic_ResearchProject_68 is 0.447

clique number: 3
unobserved tuple number: 1
gibbs sample time: 0.010646 seconds
probability of topic_ResearchProject_15 is 0.481

clique number: 6
unobserved tuple number: 2
gibbs sample time: 0.030609 seconds
probability of topic_Course_71 is 0.434

clique number: 58
unobserved tuple number: 18
gibbs sample time: 0.326902 seconds
probability of topic_Course_127 is 0.502

clique number: 2
unobserved tuple number: 1
gibbs sample time: 0.006897 seconds
probability of topic_Course_32 is 0.409

clique number: 16
unobserved tuple number: 5
gibbs sample time: 0.079864 seconds
probability of topic_Staff_90 is 0.613

clique number: 5
unobserved tuple number: 2
gibbs sample time: 0.024032 seconds
probability of topic_ResearchProject_243 is 0.652

clique number: 5
unobserved tuple number: 2
gibbs sample time: 0.026689 seconds
probability of topic_Person_93 is 0.499

clique number: 58
unobserved tuple number: 18
gibbs sample time: 0.326174 seconds
probability of topic_Course_103 is 0.456

clique number: 18
unobserved tuple number: 4
gibbs sample time: 0.083629 seconds
probability of topic_Department_88 is 0.599

clique number: 13
unobserved tuple number: 4
gibbs sample time: 0.064783 seconds
probability of topic_Person_13 is 0.455

clique number: 17
unobserved tuple number: 5
gibbs sample time: 0.085785 seconds
probability of topic_Course_90 is 0.357

clique number: 13
unobserved tuple number: 4
gibbs sample time: 0.065094 seconds
probability of topic_Person_168 is 0.536

clique number: 3
unobserved tuple number: 1
gibbs sample time: 0.010756 seconds
probability of topic_Faculty_27 is 0.373

clique number: 2
unobserved tuple number: 1
gibbs sample time: 0.007062 seconds
probability of topic_Person_57 is 0.48

clique number: 2
unobserved tuple number: 1
gibbs sample time: 0.0072 seconds
probability of topic_Student_67 is 0.468

clique number: 2
unobserved tuple number: 1
gibbs sample time: 0.007287 seconds
probability of topic_Student_77 is 0.566

clique number: 10
unobserved tuple number: 3
gibbs sample time: 0.048311 seconds
probability of topic_Student_12 is 0.524

clique number: 3
unobserved tuple number: 1
gibbs sample time: 0.010608 seconds
probability of topic_Department_42 is 0.369

clique number: 57
unobserved tuple number: 18
gibbs sample time: 0.336425 seconds
probability of topic_ResearchProject_103 is 0.489

clique number: 10
unobserved tuple number: 3
gibbs sample time: 0.044843 seconds
probability of topic_Staff_49 is 0.414

clique number: 3
unobserved tuple number: 1
gibbs sample time: 0.010494 seconds
probability of topic_Faculty_11 is 0.312

clique number: 3
unobserved tuple number: 1
gibbs sample time: 0.010845 seconds
probability of topic_ResearchProject_25 is 0.423

clique number: 10
unobserved tuple number: 3
gibbs sample time: 0.054584 seconds
probability of topic_ResearchProject_65 is 0.522

clique number: 10
unobserved tuple number: 3
gibbs sample time: 0.055016 seconds
probability of topic_ResearchProject_107 is 0.34

clique number: 2
unobserved tuple number: 1
gibbs sample time: 0.00689 seconds
probability of topic_ResearchProject_38 is 0.553

clique number: 6
unobserved tuple number: 2
gibbs sample time: 0.030673 seconds
probability of topic_Staff_71 is 0.439

clique number: 58
unobserved tuple number: 18
gibbs sample time: 0.339826 seconds
probability of topic_Faculty_10 is 0.465

clique number: 5
unobserved tuple number: 2
gibbs sample time: 0.023227 seconds
probability of topic_Course_24 is 0.43

clique number: 2
unobserved tuple number: 1
gibbs sample time: 0.007078 seconds
probability of topic_Staff_22 is 0.571

clique number: 4
unobserved tuple number: 1
gibbs sample time: 0.013502 seconds
probability of topic_Course_79 is 0.415

clique number: 57
unobserved tuple number: 18
gibbs sample time: 0.335054 seconds
probability of topic_ResearchProject_75 is 0.351

clique number: 12
unobserved tuple number: 4
gibbs sample time: 0.066294 seconds
probability of topic_Staff_221 is 0.499

clique number: 2
unobserved tuple number: 1
gibbs sample time: 0.007065 seconds
probability of topic_Course_67 is 0.557

clique number: 3
unobserved tuple number: 1
gibbs sample time: 0.010389 seconds
probability of topic_Course_45 is 0.494

clique number: 18
unobserved tuple number: 4
gibbs sample time: 0.084251 seconds
probability of topic_Department_40 is 0.626

clique number: 9
unobserved tuple number: 3
gibbs sample time: 0.049205 seconds
probability of topic_Student_7 is 0.485

clique number: 10
unobserved tuple number: 3
gibbs sample time: 0.047463 seconds
probability of topic_Course_146 is 0.404

clique number: 13
unobserved tuple number: 4
gibbs sample time: 0.065477 seconds
probability of topic_Staff_69 is 0.5

clique number: 13
unobserved tuple number: 4
gibbs sample time: 0.0647 seconds
probability of topic_Course_13 is 0.46

clique number: 3
unobserved tuple number: 1
gibbs sample time: 0.010974 seconds
probability of topic_Department_64 is 0.396

clique number: 2
unobserved tuple number: 1
gibbs sample time: 0.006658 seconds
probability of topic_Staff_91 is 0.488

clique number: 16
unobserved tuple number: 5
gibbs sample time: 0.083112 seconds
probability of topic_Faculty_198 is 0.496

clique number: 58
unobserved tuple number: 18
gibbs sample time: 0.319157 seconds
probability of topic_Staff_19 is 0.501

clique number: 5
unobserved tuple number: 2
gibbs sample time: 0.023758 seconds
probability of topic_ResearchProject_22 is 0.608

clique number: 2
unobserved tuple number: 1
gibbs sample time: 0.006771 seconds
probability of topic_Staff_81 is 0.429

clique number: 2
unobserved tuple number: 1
gibbs sample time: 0.007046 seconds
probability of topic_Faculty_32 is 0.374

clique number: 2
unobserved tuple number: 1
gibbs sample time: 0.007048 seconds
probability of topic_Faculty_62 is 0.435

clique number: 2
unobserved tuple number: 1
gibbs sample time: 0.006859 seconds
probability of topic_ResearchProject_53 is 0.465

clique number: 4
unobserved tuple number: 1
gibbs sample time: 0.013968 seconds
probability of topic_Department_86 is 0.426

clique number: 3
unobserved tuple number: 1
gibbs sample time: 0.010312 seconds
probability of topic_Person_15 is 0.492

clique number: 2
unobserved tuple number: 1
gibbs sample time: 0.006576 seconds
probability of topic_Person_48 is 0.482

clique number: 17
unobserved tuple number: 5
gibbs sample time: 0.088344 seconds
probability of topic_ResearchProject_34 is 0.542

clique number: 2
unobserved tuple number: 1
gibbs sample time: 0.007165 seconds
probability of topic_Department_37 is 0.422

clique number: 17
unobserved tuple number: 5
gibbs sample time: 0.087466 seconds
probability of topic_Department_34 is 0.485

clique number: 8
unobserved tuple number: 3
gibbs sample time: 0.044492 seconds
probability of topic_Person_20 is 0.492

clique number: 2
unobserved tuple number: 1
gibbs sample time: 0.006706 seconds
probability of topic_Staff_53 is 0.442

clique number: 58
unobserved tuple number: 18
gibbs sample time: 0.326293 seconds
probability of topic_Course_113 is 0.362

clique number: 13
unobserved tuple number: 4
gibbs sample time: 0.064073 seconds
probability of topic_Person_30 is 0.504

clique number: 3
unobserved tuple number: 1
gibbs sample time: 0.010629 seconds
probability of topic_ResearchProject_11 is 0.228

clique number: 2
unobserved tuple number: 1
gibbs sample time: 0.007034 seconds
probability of topic_Student_32 is 0.458

clique number: 2
unobserved tuple number: 1
gibbs sample time: 0.007065 seconds
probability of topic_Department_99 is 0.432

clique number: 2
unobserved tuple number: 1
gibbs sample time: 0.006875 seconds
probability of topic_Faculty_2 is 0.513

clique number: 2
unobserved tuple number: 1
gibbs sample time: 0.007037 seconds
probability of topic_ResearchProject_87 is 0.454

clique number: 10
unobserved tuple number: 3
gibbs sample time: 0.050453 seconds
probability of topic_Staff_65 is 0.434

clique number: 2
unobserved tuple number: 1
gibbs sample time: 0.006862 seconds
probability of topic_ResearchProject_66 is 0.432

clique number: 10
unobserved tuple number: 3
gibbs sample time: 0.04738 seconds
probability of topic_Person_146 is 0.612

clique number: 9
unobserved tuple number: 3
gibbs sample time: 0.05028 seconds
probability of topic_Faculty_108 is 0.406

clique number: 15
unobserved tuple number: 5
gibbs sample time: 0.078447 seconds
probability of topic_Student_90 is 0.621

clique number: 2
unobserved tuple number: 1
gibbs sample time: 0.006782 seconds
probability of topic_Course_62 is 0.439

clique number: 2
unobserved tuple number: 1
gibbs sample time: 0.006929 seconds
probability of topic_Department_60 is 0.428

clique number: 3
unobserved tuple number: 1
gibbs sample time: 0.010441 seconds
probability of topic_Student_48 is 0.439

clique number: 58
unobserved tuple number: 18
gibbs sample time: 0.326118 seconds
probability of topic_Course_39 is 0.64

clique number: 3
unobserved tuple number: 1
gibbs sample time: 0.010503 seconds
probability of topic_Department_48 is 0.381

clique number: 52
unobserved tuple number: 17
gibbs sample time: 0.305006 seconds
probability of topic_Department_39 is 0.381

clique number: 5
unobserved tuple number: 2
gibbs sample time: 0.022738 seconds
probability of topic_Staff_41 is 0.445

clique number: 58
unobserved tuple number: 18
gibbs sample time: 0.326075 seconds
probability of topic_Course_189 is 0.504

clique number: 58
unobserved tuple number: 18
gibbs sample time: 0.319756 seconds
probability of topic_Staff_113 is 0.42

clique number: 2
unobserved tuple number: 1
gibbs sample time: 0.007397 seconds
probability of topic_Department_74 is 0.458

clique number: 2
unobserved tuple number: 1
gibbs sample time: 0.006757 seconds
probability of topic_Person_17 is 0.244

clique number: 58
unobserved tuple number: 18
gibbs sample time: 0.319008 seconds
probability of topic_Staff_159 is 0.424

clique number: 2
unobserved tuple number: 1
gibbs sample time: 0.006894 seconds
probability of topic_Faculty_96 is 0.591

clique number: 2
unobserved tuple number: 1
gibbs sample time: 0.007112 seconds
probability of topic_Student_96 is 0.566

clique number: 2
unobserved tuple number: 1
gibbs sample time: 0.006786 seconds
probability of topic_Staff_36 is 0.523

clique number: 2
unobserved tuple number: 1
gibbs sample time: 0.007016 seconds
probability of topic_Faculty_72 is 0.431

clique number: 12
unobserved tuple number: 4
gibbs sample time: 0.066803 seconds
probability of topic_ResearchProject_221 is 0.472

clique number: 2
unobserved tuple number: 1
gibbs sample time: 0.007131 seconds
probability of topic_Department_95 is 0.449

clique number: 18
unobserved tuple number: 4
gibbs sample time: 0.085195 seconds
probability of topic_ResearchProject_88 is 0.488

clique number: 15
unobserved tuple number: 5
gibbs sample time: 0.078626 seconds
probability of topic_Student_34 is 0.446

clique number: 2
unobserved tuple number: 1
gibbs sample time: 0.007148 seconds
probability of topic_Department_2 is 0.475

clique number: 3
unobserved tuple number: 1
gibbs sample time: 0.01048 seconds
probability of topic_Student_58 is 0.772

clique number: 9
unobserved tuple number: 3
gibbs sample time: 0.049434 seconds
probability of topic_Department_108 is 0.458

clique number: 13
unobserved tuple number: 4
gibbs sample time: 0.065848 seconds
probability of topic_Staff_168 is 0.665

clique number: 58
unobserved tuple number: 18
gibbs sample time: 0.319132 seconds
probability of topic_Staff_189 is 0.534

clique number: 13
unobserved tuple number: 4
gibbs sample time: 0.066221 seconds
probability of topic_Department_69 is 0.411

clique number: 9
unobserved tuple number: 3
gibbs sample time: 0.044538 seconds
probability of topic_Course_44 is 0.305

clique number: 6
unobserved tuple number: 2
gibbs sample time: 0.031971 seconds
probability of topic_Course_108 is 0.406

clique number: 2
unobserved tuple number: 1
gibbs sample time: 0.006943 seconds
probability of topic_Department_87 is 0.369

clique number: 2
unobserved tuple number: 1
gibbs sample time: 0.006819 seconds
probability of topic_Person_53 is 0.507

clique number: 2
unobserved tuple number: 1
gibbs sample time: 0.006814 seconds
probability of topic_Staff_2 is 0.727

clique number: 11
unobserved tuple number: 4
gibbs sample time: 0.064783 seconds
probability of topic_Faculty_102 is 0.511

clique number: 58
unobserved tuple number: 18
gibbs sample time: 0.340309 seconds
probability of topic_Faculty_75 is 0.432

clique number: 6
unobserved tuple number: 2
gibbs sample time: 0.027088 seconds
probability of topic_Faculty_128 is 0.423

clique number: 10
unobserved tuple number: 3
gibbs sample time: 0.052847 seconds
probability of topic_Person_154 is 0.409

clique number: 58
unobserved tuple number: 18
gibbs sample time: 0.326392 seconds
probability of topic_Course_159 is 0.535

clique number: 2
unobserved tuple number: 1
gibbs sample time: 0.006988 seconds
probability of topic_Faculty_81 is 0.393

clique number: 5
unobserved tuple number: 2
gibbs sample time: 0.024035 seconds
probability of topic_Department_24 is 0.636

clique number: 2
unobserved tuple number: 1
gibbs sample time: 0.007192 seconds
probability of topic_Department_17 is 0.584

clique number: 58
unobserved tuple number: 18
gibbs sample time: 0.325941 seconds
probability of topic_Course_61 is 0.352

clique number: 3
unobserved tuple number: 1
gibbs sample time: 0.010192 seconds
probability of topic_Person_83 is 0.529

clique number: 10
unobserved tuple number: 3
gibbs sample time: 0.047395 seconds
probability of topic_Person_47 is 0.463

clique number: 58
unobserved tuple number: 18
gibbs sample time: 0.338201 seconds
probability of topic_Faculty_50 is 0.509

clique number: 52
unobserved tuple number: 17
gibbs sample time: 0.308099 seconds
probability of topic_Department_61 is 0.307

clique number: 2
unobserved tuple number: 1
gibbs sample time: 0.006555 seconds
probability of topic_Student_1 is 0.511

clique number: 2
unobserved tuple number: 1
gibbs sample time: 0.006943 seconds
probability of topic_Department_16 is 0.489

clique number: 3
unobserved tuple number: 1
gibbs sample time: 0.010027 seconds
probability of topic_Staff_58 is 0.437

clique number: 52
unobserved tuple number: 16
gibbs sample time: 0.295894 seconds
probability of topic_Student_33 is 0.679

clique number: 3
unobserved tuple number: 1
gibbs sample time: 0.011064 seconds
probability of topic_Faculty_64 is 0.45

clique number: 52
unobserved tuple number: 16
gibbs sample time: 0.294587 seconds
probability of topic_Student_127 is 0.486

clique number: 3
unobserved tuple number: 1
gibbs sample time: 0.010611 seconds
probability of topic_Faculty_38 is 0.55

clique number: 2
unobserved tuple number: 1
gibbs sample time: 0.006898 seconds
probability of topic_ResearchProject_98 is 0.637

clique number: 18
unobserved tuple number: 4
gibbs sample time: 0.083747 seconds
probability of topic_Department_68 is 0.497

clique number: 3
unobserved tuple number: 1
gibbs sample time: 0.010224 seconds
probability of topic_Person_64 is 0.541

clique number: 5
unobserved tuple number: 2
gibbs sample time: 0.023786 seconds
probability of topic_Department_243 is 0.491

clique number: 9
unobserved tuple number: 3
gibbs sample time: 0.04354 seconds
probability of topic_Person_139 is 0.613

clique number: 4
unobserved tuple number: 1
gibbs sample time: 0.014019 seconds
probability of topic_Student_79 is 0.462

clique number: 2
unobserved tuple number: 1
gibbs sample time: 0.006827 seconds
probability of topic_Staff_54 is 0.509

clique number: 2
unobserved tuple number: 1
gibbs sample time: 0.007123 seconds
probability of topic_ResearchProject_32 is 0.624

clique number: 57
unobserved tuple number: 18
gibbs sample time: 0.326483 seconds
probability of topic_Person_46 is 0.476

clique number: 2
unobserved tuple number: 1
gibbs sample time: 0.006761 seconds
probability of topic_Course_99 is 0.614

clique number: 2
unobserved tuple number: 1
gibbs sample time: 0.006587 seconds
probability of topic_Student_6 is 0.505

clique number: 57
unobserved tuple number: 18
gibbs sample time: 0.337387 seconds
probability of topic_ResearchProject_51 is 0.391

clique number: 17
unobserved tuple number: 4
gibbs sample time: 0.081472 seconds
probability of topic_Student_88 is 0.345

clique number: 58
unobserved tuple number: 18
gibbs sample time: 0.318438 seconds
probability of topic_Staff_50 is 0.439

clique number: 6
unobserved tuple number: 2
gibbs sample time: 0.030722 seconds
probability of topic_Staff_93 is 0.39

clique number: 2
unobserved tuple number: 1
gibbs sample time: 0.006601 seconds
probability of topic_Person_2 is 0.608

clique number: 3
unobserved tuple number: 1
gibbs sample time: 0.010593 seconds
probability of topic_ResearchProject_42 is 0.54

clique number: 3
unobserved tuple number: 1
gibbs sample time: 0.010586 seconds
probability of topic_Staff_64 is 0.575

clique number: 3
unobserved tuple number: 1
gibbs sample time: 0.010194 seconds
probability of topic_Course_15 is 0.458

clique number: 2
unobserved tuple number: 1
gibbs sample time: 0.006799 seconds
probability of topic_Staff_4 is 0.46

clique number: 18
unobserved tuple number: 4
gibbs sample time: 0.079179 seconds
probability of topic_Course_68 is 0.452

clique number: 10
unobserved tuple number: 3
gibbs sample time: 0.051179 seconds
probability of topic_Department_89 is 0.686

clique number: 9
unobserved tuple number: 3
gibbs sample time: 0.050899 seconds
probability of topic_ResearchProject_94 is 0.46

clique number: 6
unobserved tuple number: 2
gibbs sample time: 0.032137 seconds
probability of topic_Course_94 is 0.396

clique number: 9
unobserved tuple number: 3
gibbs sample time: 0.0506 seconds
probability of topic_ResearchProject_7 is 0.442

clique number: 11
unobserved tuple number: 4
gibbs sample time: 0.062145 seconds
probability of topic_Course_20 is 0.482

clique number: 58
unobserved tuple number: 18
gibbs sample time: 0.338957 seconds
probability of topic_Faculty_33 is 0.446

clique number: 2
unobserved tuple number: 1
gibbs sample time: 0.007233 seconds
probability of topic_Student_62 is 0.5

clique number: 2
unobserved tuple number: 1
gibbs sample time: 0.006853 seconds
probability of topic_Course_76 is 0.47

clique number: 52
unobserved tuple number: 17
gibbs sample time: 0.306871 seconds
probability of topic_Department_153 is 0.675

clique number: 2
unobserved tuple number: 1
gibbs sample time: 0.006534 seconds
probability of topic_Course_52 is 0.471

clique number: 2
unobserved tuple number: 1
gibbs sample time: 0.006564 seconds
probability of topic_Person_70 is 0.381

clique number: 2
unobserved tuple number: 1
gibbs sample time: 0.007073 seconds
probability of topic_Faculty_95 is 0.617

clique number: 10
unobserved tuple number: 3
gibbs sample time: 0.052778 seconds
probability of topic_Faculty_107 is 0.436

clique number: 2
unobserved tuple number: 1
gibbs sample time: 0.007107 seconds
probability of topic_Department_77 is 0.457

clique number: 2
unobserved tuple number: 1
gibbs sample time: 0.006933 seconds
probability of topic_ResearchProject_28 is 0.446

clique number: 18
unobserved tuple number: 4
gibbs sample time: 0.08024 seconds
probability of topic_Person_40 is 0.654

clique number: 2
unobserved tuple number: 1
gibbs sample time: 0.007134 seconds
probability of topic_Department_62 is 0.446

clique number: 3
unobserved tuple number: 1
gibbs sample time: 0.010322 seconds
probability of topic_Person_80 is 0.363

clique number: 5
unobserved tuple number: 2
gibbs sample time: 0.022319 seconds
probability of topic_Person_22 is 0.392

clique number: 58
unobserved tuple number: 18
gibbs sample time: 0.326053 seconds
probability of topic_Staff_55 is 0.451

clique number: 4
unobserved tuple number: 1
gibbs sample time: 0.015007 seconds
probability of topic_Staff_79 is 0.599

clique number: 3
unobserved tuple number: 1
gibbs sample time: 0.011039 seconds
probability of topic_Course_84 is 0.604

clique number: 2
unobserved tuple number: 1
gibbs sample time: 0.00726 seconds
probability of topic_Course_74 is 0.432

clique number: 2
unobserved tuple number: 1
gibbs sample time: 0.006996 seconds
probability of topic_Staff_98 is 0.456

clique number: 2
unobserved tuple number: 1
gibbs sample time: 0.007567 seconds
probability of topic_ResearchProject_74 is 0.448

clique number: 3
unobserved tuple number: 1
gibbs sample time: 0.01132 seconds
probability of topic_Student_14 is 0.497

clique number: 52
unobserved tuple number: 16
gibbs sample time: 0.30407 seconds
probability of topic_Student_61 is 0.084

clique number: 2
unobserved tuple number: 1
gibbs sample time: 0.007118 seconds
probability of topic_Staff_57 is 0.454

clique number: 52
unobserved tuple number: 16
gibbs sample time: 0.308061 seconds
probability of topic_Student_51 is 0.444

clique number: 52
unobserved tuple number: 16
gibbs sample time: 0.29712 seconds
probability of topic_Student_39 is 0.289

clique number: 2
unobserved tuple number: 1
gibbs sample time: 0.006897 seconds
probability of topic_Person_36 is 0.569

clique number: 3
unobserved tuple number: 1
gibbs sample time: 0.010095 seconds
probability of topic_Course_14 is 0.446

clique number: 57
unobserved tuple number: 18
gibbs sample time: 0.336228 seconds
probability of topic_ResearchProject_19 is 0.5

clique number: 9
unobserved tuple number: 3
gibbs sample time: 0.043589 seconds
probability of topic_Person_44 is 0.516

clique number: 2
unobserved tuple number: 1
gibbs sample time: 0.006854 seconds
probability of topic_Student_23 is 0.493

clique number: 5
unobserved tuple number: 2
gibbs sample time: 0.026355 seconds
probability of topic_Person_71 is 0.503

clique number: 2
unobserved tuple number: 1
gibbs sample time: 0.007239 seconds
probability of topic_Student_17 is 0.276

clique number: 5
unobserved tuple number: 2
gibbs sample time: 0.024115 seconds
probability of topic_Course_41 is 0.388

clique number: 9
unobserved tuple number: 3
gibbs sample time: 0.045449 seconds
probability of topic_Student_44 is 0.473

clique number: 3
unobserved tuple number: 1
gibbs sample time: 0.011012 seconds
probability of topic_Department_29 is 0.576

clique number: 58
unobserved tuple number: 18
gibbs sample time: 0.32648 seconds
probability of topic_Course_50 is 0.414

clique number: 5
unobserved tuple number: 2
gibbs sample time: 0.024354 seconds
probability of topic_Course_177 is 0.535

clique number: 2
unobserved tuple number: 1
gibbs sample time: 0.006839 seconds
probability of topic_Staff_32 is 0.573

clique number: 2
unobserved tuple number: 1
gibbs sample time: 0.006949 seconds
probability of topic_Faculty_63 is 0.466

clique number: 3
unobserved tuple number: 1
gibbs sample time: 0.010796 seconds
probability of topic_Faculty_69 is 0.429

clique number: 3
unobserved tuple number: 1
gibbs sample time: 0.010274 seconds
probability of topic_ResearchProject_48 is 0.323

clique number: 2
unobserved tuple number: 1
gibbs sample time: 0.006836 seconds
probability of topic_Faculty_87 is 0.525

clique number: 5
unobserved tuple number: 2
gibbs sample time: 0.023885 seconds
probability of topic_ResearchProject_41 is 0.38

clique number: 9
unobserved tuple number: 3
gibbs sample time: 0.048499 seconds
probability of topic_Person_7 is 0.507

clique number: 2
unobserved tuple number: 1
gibbs sample time: 0.007116 seconds
probability of topic_Student_28 is 0.501

clique number: 17
unobserved tuple number: 5
gibbs sample time: 0.085713 seconds
probability of topic_Person_34 is 0.434

clique number: 17
unobserved tuple number: 5
gibbs sample time: 0.085213 seconds
probability of topic_Person_119 is 0.46

clique number: 2
unobserved tuple number: 1
gibbs sample time: 0.006858 seconds
probability of topic_ResearchProject_63 is 0.47

clique number: 2
unobserved tuple number: 1
gibbs sample time: 0.006587 seconds
probability of topic_Staff_60 is 0.42

clique number: 2
unobserved tuple number: 1
gibbs sample time: 0.00705 seconds
probability of topic_ResearchProject_56 is 0.536

clique number: 6
unobserved tuple number: 2
gibbs sample time: 0.030505 seconds
probability of topic_Course_93 is 0.445

clique number: 2
unobserved tuple number: 1
gibbs sample time: 0.007214 seconds
probability of topic_Course_57 is 0.554

clique number: 2
unobserved tuple number: 1
gibbs sample time: 0.006961 seconds
probability of topic_Staff_14 is 0.429

clique number: 2
unobserved tuple number: 1
gibbs sample time: 0.006673 seconds
probability of topic_Course_63 is 0.496

clique number: 2
unobserved tuple number: 1
gibbs sample time: 0.007118 seconds
probability of topic_Faculty_16 is 0.423

clique number: 10
unobserved tuple number: 3
gibbs sample time: 0.052576 seconds
probability of topic_Faculty_154 is 0.468

clique number: 3
unobserved tuple number: 1
gibbs sample time: 0.010333 seconds
probability of topic_Department_85 is 0.571

clique number: 2
unobserved tuple number: 1
gibbs sample time: 0.006606 seconds
probability of topic_Person_98 is 0.734

clique number: 9
unobserved tuple number: 3
gibbs sample time: 0.0445 seconds
probability of topic_Department_12 is 0.48

clique number: 13
unobserved tuple number: 4
gibbs sample time: 0.064533 seconds
probability of topic_Course_69 is 0.37

clique number: 2
unobserved tuple number: 1
gibbs sample time: 0.006563 seconds
probability of topic_Staff_63 is 0.568

clique number: 13
unobserved tuple number: 4
gibbs sample time: 0.065379 seconds
probability of topic_Staff_30 is 0.445

clique number: 6
unobserved tuple number: 2
gibbs sample time: 0.027206 seconds
probability of topic_Student_128 is 0.496

clique number: 18
unobserved tuple number: 4
gibbs sample time: 0.08629 seconds
probability of topic_Faculty_88 is 0.478

clique number: 3
unobserved tuple number: 1
gibbs sample time: 0.010986 seconds
probability of topic_Faculty_83 is 0.503

clique number: 3
unobserved tuple number: 1
gibbs sample time: 0.010546 seconds
probability of topic_Department_84 is 0.518

clique number: 57
unobserved tuple number: 18
gibbs sample time: 0.324419 seconds
probability of topic_Person_127 is 0.548

clique number: 6
unobserved tuple number: 2
gibbs sample time: 0.031908 seconds
probability of topic_Student_71 is 0.556

clique number: 4
unobserved tuple number: 2
gibbs sample time: 0.02017 seconds
probability of topic_Faculty_24 is 0.49

clique number: 2
unobserved tuple number: 1
gibbs sample time: 0.007068 seconds
probability of topic_Faculty_92 is 0.426

clique number: 17
unobserved tuple number: 4
gibbs sample time: 0.081243 seconds
probability of topic_Student_68 is 0.5

clique number: 4
unobserved tuple number: 1
gibbs sample time: 0.013163 seconds
probability of topic_Course_9 is 0.42

clique number: 10
unobserved tuple number: 3
gibbs sample time: 0.045867 seconds
probability of topic_Person_49 is 0.725

clique number: 10
unobserved tuple number: 3
gibbs sample time: 0.047871 seconds
probability of topic_Person_12 is 0.475

clique number: 3
unobserved tuple number: 1
gibbs sample time: 0.010249 seconds
probability of topic_Student_3 is 0.441

clique number: 3
unobserved tuple number: 1
gibbs sample time: 0.010469 seconds
probability of topic_Faculty_14 is 0.571

clique number: 2
unobserved tuple number: 1
gibbs sample time: 0.006876 seconds
probability of topic_Person_72 is 0.471

clique number: 4
unobserved tuple number: 1
gibbs sample time: 0.014624 seconds
probability of topic_Student_31 is 0.681

clique number: 2
unobserved tuple number: 1
gibbs sample time: 0.00709 seconds
probability of topic_ResearchProject_36 is 0.397

clique number: 13
unobserved tuple number: 4
gibbs sample time: 0.066452 seconds
probability of topic_Department_30 is 0.453

clique number: 3
unobserved tuple number: 1
gibbs sample time: 0.011047 seconds
probability of topic_Faculty_45 is 0.482

clique number: 16
unobserved tuple number: 5
gibbs sample time: 0.0797 seconds
probability of topic_Staff_34 is 0.478

clique number: 16
unobserved tuple number: 5
gibbs sample time: 0.083298 seconds
probability of topic_Faculty_119 is 0.478

clique number: 2
unobserved tuple number: 1
gibbs sample time: 0.006924 seconds
probability of topic_Department_23 is 0.456

clique number: 3
unobserved tuple number: 1
gibbs sample time: 0.010429 seconds
probability of topic_Student_73 is 0.413

clique number: 2
unobserved tuple number: 1
gibbs sample time: 0.007149 seconds
probability of topic_Student_54 is 0.406

clique number: 13
unobserved tuple number: 4
gibbs sample time: 0.065934 seconds
probability of topic_ResearchProject_13 is 0.487

clique number: 13
unobserved tuple number: 4
gibbs sample time: 0.065775 seconds
probability of topic_ResearchProject_168 is 0.626

clique number: 3
unobserved tuple number: 1
gibbs sample time: 0.01105 seconds
probability of topic_ResearchProject_83 is 0.447

clique number: 2
unobserved tuple number: 1
gibbs sample time: 0.007176 seconds
probability of topic_Student_37 is 0.522

clique number: 4
unobserved tuple number: 1
gibbs sample time: 0.013646 seconds
probability of topic_Staff_82 is 0.51

clique number: 5
unobserved tuple number: 2
gibbs sample time: 0.024079 seconds
probability of topic_Person_41 is 0.766

clique number: 2
unobserved tuple number: 1
gibbs sample time: 0.006913 seconds
probability of topic_Faculty_4 is 0.522

clique number: 2
unobserved tuple number: 1
gibbs sample time: 0.007082 seconds
probability of topic_Faculty_37 is 0.468

clique number: 58
unobserved tuple number: 18
gibbs sample time: 0.338276 seconds
probability of topic_Faculty_46 is 0.375

clique number: 4
unobserved tuple number: 1
gibbs sample time: 0.014124 seconds
probability of topic_Course_31 is 0.402

clique number: 52
unobserved tuple number: 17
gibbs sample time: 0.305367 seconds
probability of topic_Department_33 is 0.607

clique number: 2
unobserved tuple number: 1
gibbs sample time: 0.007017 seconds
probability of topic_Staff_17 is 0.456

clique number: 3
unobserved tuple number: 1
gibbs sample time: 0.010919 seconds
probability of topic_Department_45 is 0.479

clique number: 10
unobserved tuple number: 3
gibbs sample time: 0.047249 seconds
probability of topic_Student_89 is 0.365

clique number: 10
unobserved tuple number: 3
gibbs sample time: 0.051158 seconds
probability of topic_Department_26 is 0.61

clique number: 58
unobserved tuple number: 18
gibbs sample time: 0.338741 seconds
probability of topic_Faculty_127 is 0.566

clique number: 3
unobserved tuple number: 1
gibbs sample time: 0.010273 seconds
probability of topic_Course_42 is 0.525

clique number: 18
unobserved tuple number: 4
gibbs sample time: 0.07943 seconds
probability of topic_Course_40 is 0.552

clique number: 3
unobserved tuple number: 1
gibbs sample time: 0.010741 seconds
probability of topic_Student_80 is 0.446

clique number: 58
unobserved tuple number: 18
gibbs sample time: 0.340527 seconds
probability of topic_Faculty_39 is 0.408

clique number: 3
unobserved tuple number: 1
gibbs sample time: 0.010932 seconds
probability of topic_Faculty_25 is 0.595

clique number: 8
unobserved tuple number: 3
gibbs sample time: 0.04476 seconds
probability of topic_Person_18 is 0.51

clique number: 18
unobserved tuple number: 4
gibbs sample time: 0.086155 seconds
probability of topic_Faculty_40 is 0.592

clique number: 16
unobserved tuple number: 5
gibbs sample time: 0.083346 seconds
probability of topic_Faculty_90 is 0.466

clique number: 10
unobserved tuple number: 3
gibbs sample time: 0.049897 seconds
probability of topic_Staff_154 is 0.495

clique number: 13
unobserved tuple number: 4
gibbs sample time: 0.064174 seconds
probability of topic_Course_30 is 0.491

clique number: 3
unobserved tuple number: 1
gibbs sample time: 0.010867 seconds
probability of topic_Faculty_29 is 0.598

clique number: 2
unobserved tuple number: 1
gibbs sample time: 0.006923 seconds
probability of topic_Person_63 is 0.486

clique number: 2
unobserved tuple number: 1
gibbs sample time: 0.007023 seconds
probability of topic_Student_87 is 0.633

clique number: 16
unobserved tuple number: 5
gibbs sample time: 0.083126 seconds
probability of topic_Faculty_78 is 0.553

clique number: 2
unobserved tuple number: 1
gibbs sample time: 0.006561 seconds
probability of topic_Course_60 is 0.426

clique number: 10
unobserved tuple number: 3
gibbs sample time: 0.047328 seconds
probability of topic_Course_47 is 0.736

clique number: 16
unobserved tuple number: 5
gibbs sample time: 0.083419 seconds
probability of topic_Faculty_34 is 0.53

clique number: 3
unobserved tuple number: 1
gibbs sample time: 0.010637 seconds
probability of topic_Department_83 is 0.428

clique number: 2
unobserved tuple number: 1
gibbs sample time: 0.007049 seconds
probability of topic_Person_32 is 0.468

clique number: 10
unobserved tuple number: 3
gibbs sample time: 0.044753 seconds
probability of topic_Staff_26 is 0.436

clique number: 2
unobserved tuple number: 1
gibbs sample time: 0.007066 seconds
probability of topic_ResearchProject_17 is 0.497

clique number: 5
unobserved tuple number: 2
gibbs sample time: 0.02355 seconds
probability of topic_Faculty_22 is 0.393

clique number: 10
unobserved tuple number: 3
gibbs sample time: 0.048324 seconds
probability of topic_Student_47 is 0.47

clique number: 9
unobserved tuple number: 3
gibbs sample time: 0.050532 seconds
probability of topic_Faculty_94 is 0.414

clique number: 57
unobserved tuple number: 18
gibbs sample time: 0.325244 seconds
probability of topic_Person_50 is 0.576

clique number: 9
unobserved tuple number: 3
gibbs sample time: 0.050207 seconds
probability of topic_Faculty_7 is 0.412

clique number: 3
unobserved tuple number: 1
gibbs sample time: 0.010781 seconds
probability of topic_ResearchProject_45 is 0.5

clique number: 2
unobserved tuple number: 1
gibbs sample time: 0.00658 seconds
probability of topic_Person_96 is 0.594

clique number: 2
unobserved tuple number: 1
gibbs sample time: 0.007018 seconds
probability of topic_Course_73 is 0.395

clique number: 57
unobserved tuple number: 18
gibbs sample time: 0.325278 seconds
probability of topic_Person_51 is 0.428

clique number: 57
unobserved tuple number: 18
gibbs sample time: 0.325058 seconds
probability of topic_Person_113 is 0.34

clique number: 57
unobserved tuple number: 18
gibbs sample time: 0.325095 seconds
probability of topic_Person_159 is 0.568

clique number: 2
unobserved tuple number: 1
gibbs sample time: 0.006885 seconds
probability of topic_Faculty_97 is 0.483

clique number: 2
unobserved tuple number: 1
gibbs sample time: 0.006873 seconds
probability of topic_Department_6 is 0.464

clique number: 2
unobserved tuple number: 1
gibbs sample time: 0.006957 seconds
probability of topic_Department_91 is 0.428

clique number: 15
unobserved tuple number: 5
gibbs sample time: 0.078556 seconds
probability of topic_Student_119 is 0.521

clique number: 10
unobserved tuple number: 3
gibbs sample time: 0.052502 seconds
probability of topic_Person_65 is 0.512

clique number: 3
unobserved tuple number: 1
gibbs sample time: 0.010524 seconds
probability of topic_Staff_3 is 0.411

clique number: 6
unobserved tuple number: 2
gibbs sample time: 0.026792 seconds
probability of topic_Course_128 is 0.502

clique number: 17
unobserved tuple number: 4
gibbs sample time: 0.077357 seconds
probability of topic_Staff_43 is 0.342

clique number: 52
unobserved tuple number: 16
gibbs sample time: 0.296394 seconds
probability of topic_Student_159 is 0.619

clique number: 17
unobserved tuple number: 4
gibbs sample time: 0.077413 seconds
probability of topic_Staff_88 is 0.482

clique number: 5
unobserved tuple number: 2
gibbs sample time: 0.02357 seconds
probability of topic_Faculty_35 is 0.598

clique number: 17
unobserved tuple number: 4
gibbs sample time: 0.078837 seconds
probability of topic_Staff_68 is 0.445

clique number: 3
unobserved tuple number: 1
gibbs sample time: 0.010496 seconds
probability of topic_Course_80 is 0.626

clique number: 2
unobserved tuple number: 1
gibbs sample time: 0.007368 seconds
probability of topic_Department_57 is 0.487

clique number: 58
unobserved tuple number: 18
gibbs sample time: 0.326585 seconds
probability of topic_Course_75 is 0.537

clique number: 10
unobserved tuple number: 3
gibbs sample time: 0.052736 seconds
probability of topic_Person_107 is 0.464

clique number: 58
unobserved tuple number: 18
gibbs sample time: 0.318778 seconds
probability of topic_Staff_75 is 0.326

clique number: 3
unobserved tuple number: 1
gibbs sample time: 0.010209 seconds
probability of topic_Course_83 is 0.662

clique number: 12
unobserved tuple number: 4
gibbs sample time: 0.067422 seconds
probability of topic_ResearchProject_20 is 0.433

clique number: 4
unobserved tuple number: 1
gibbs sample time: 0.01358 seconds
probability of topic_Staff_86 is 0.509

clique number: 2
unobserved tuple number: 1
gibbs sample time: 0.006556 seconds
probability of topic_Staff_6 is 0.474

clique number: 2
unobserved tuple number: 1
gibbs sample time: 0.007085 seconds
probability of topic_Student_72 is 0.684

clique number: 2
unobserved tuple number: 1
gibbs sample time: 0.006859 seconds
probability of topic_ResearchProject_99 is 0.475

clique number: 6
unobserved tuple number: 2
gibbs sample time: 0.027082 seconds
probability of topic_Faculty_85 is 0.382

clique number: 2
unobserved tuple number: 1
gibbs sample time: 0.007212 seconds
probability of topic_Department_4 is 0.49

