clique number: 2
unobserved tuple number: 1
pgibbs sample time: 9.4e-05 seconds
probability of topic_Course_3 is 0.490213

mode equation: influence compute time (equation): 1.2e-05 seconds
influence of hasword_algorithm_3 on topic_Course_3 is -0.00978455

clique number: 10
unobserved tuple number: 3
pgibbs sample time: 0.000474 seconds
probability of topic_ResearchProject_49 is 0.213259

mode equation: influence compute time (equation): 7.6e-05 seconds
influence of r1794 on topic_ResearchProject_49 is 0.190077

clique number: 5
unobserved tuple number: 2
pgibbs sample time: 0.000218 seconds
probability of topic_Student_177 is 0.474684

mode equation: influence compute time (equation): 4e-05 seconds
influence of links_41_177 on topic_Student_177 is -1

clique number: 5
unobserved tuple number: 2
pgibbs sample time: 0.000219 seconds
probability of topic_Student_41 is 0.765482

mode equation: influence compute time (equation): 3.5e-05 seconds
influence of links_41_177 on topic_Student_41 is 36.1464

clique number: 2
unobserved tuple number: 1
pgibbs sample time: 5.8e-05 seconds
probability of topic_Student_16 is 0.493937

mode equation: influence compute time (equation): 1.1e-05 seconds
influence of hasword_gmt_16 on topic_Student_16 is -0.00606228

clique number: 8
unobserved tuple number: 3
pgibbs sample time: 0.000445 seconds
probability of topic_Course_154 is 0.475382

