clique number: 4
unobserved tuple number: 1
pgibbs sample time: 0.000119 seconds
probability of topic_Faculty_73 is 0.295332

mode equation: influence compute time (equation): 1.9e-05 seconds
mode equations: influence compute time (equations): 0.000959 seconds
influence of r3624 on topic_Faculty_73 is -2.78404e+150

clique number: 5
unobserved tuple number: 2
pgibbs sample time: 0.000225 seconds
probability of topic_Student_41 is 0.765482

mode equation: influence compute time (equation): 3.7e-05 seconds
mode equations: influence compute time (equations): 0.000973 seconds
influence of links_41_177 on topic_Student_41 is 36.1464

clique number: 2
unobserved tuple number: 1
pgibbs sample time: 5.9e-05 seconds
probability of topic_Faculty_23 is 0.478687

mode equation: influence compute time (equation): 1.1e-05 seconds
mode equations: influence compute time (equations): 0.000936 seconds
influence of hasword_texa_23 on topic_Faculty_23 is -0.0212869

clique number: 2
unobserved tuple number: 1
pgibbs sample time: 5.9e-05 seconds
probability of topic_Department_74 is 0.477077

mode equation: influence compute time (equation): 1.1e-05 seconds
mode equations: influence compute time (equations): 0.001034 seconds
influence of hasword_server_74 on topic_Department_74 is -0.022891

clique number: 2
unobserved tuple number: 1
pgibbs sample time: 5.8e-05 seconds
probability of topic_Student_16 is 0.493937

mode equation: influence compute time (equation): 1.1e-05 seconds
mode equations: influence compute time (equations): 0.000929 seconds
influence of hasword_gmt_16 on topic_Student_16 is -0.00606228

clique number: 3
unobserved tuple number: 1
pgibbs sample time: 7.7e-05 seconds
probability of topic_Faculty_84 is 0.544854

mode equation: influence compute time (equation): 1.3e-05 seconds
mode equations: influence compute time (equations): 0.000942 seconds
influence of hasword_mail_84 on topic_Faculty_84 is 2.30557e+150

clique number: 10
unobserved tuple number: 3
pgibbs sample time: 0.00058 seconds
probability of topic_Course_154 is 0.461237

