clique number: 2
unobserved tuple number: 1
pgibbs sample time: 8.9e-05 seconds
probability of topic_Course_3 is 0.490213

mode equation: influence compute time (equation): 1.2e-05 seconds
influence of hasword_algorithm_3 on topic_Course_3 is -0.00978455

clique number: 3
unobserved tuple number: 1
pgibbs sample time: 7.3e-05 seconds
probability of topic_ResearchProject_49 is 0.221396

mode equation: influence compute time (equation): 1.4e-05 seconds
influence of r1794 on topic_ResearchProject_49 is 0.17238

clique number: 2
unobserved tuple number: 1
pgibbs sample time: 6.2e-05 seconds
probability of topic_Student_41 is 0.774864

mode equation: influence compute time (equation): 1.1e-05 seconds
influence of hasword_interest_41 on topic_Student_41 is 0.215617

clique number: 2
unobserved tuple number: 1
pgibbs sample time: 5.7e-05 seconds
probability of topic_Student_16 is 0.493937

mode equation: influence compute time (equation): 1e-05 seconds
influence of hasword_gmt_16 on topic_Student_16 is -0.00606228

clique number: 2
unobserved tuple number: 1
pgibbs sample time: 5.5e-05 seconds
probability of topic_Student_5 is 0.486212

mode equation: influence compute time (equation): 9e-06 seconds
influence of hasword_html_5 on topic_Student_5 is -0.0137815

clique number: 2
unobserved tuple number: 1
pgibbs sample time: 5.7e-05 seconds
probability of topic_Department_96 is 0.395175

mode equation: influence compute time (equation): 1e-05 seconds
influence of hasword_oct_96 on topic_Department_96 is -0.101726

clique number: 2
unobserved tuple number: 1
pgibbs sample time: 5.7e-05 seconds
probability of topic_Department_98 is 0.63036

mode equation: influence compute time (equation): 1e-05 seconds
influence of hasword_nov_98 on topic_Department_98 is 0.12437

clique number: 2
unobserved tuple number: 1
pgibbs sample time: 5.7e-05 seconds
probability of topic_ResearchProject_95 is 0.452445

mode equation: influence compute time (equation): 1.1e-05 seconds
influence of hasword_format_95 on topic_ResearchProject_95 is -0.0472675

clique number: 2
unobserved tuple number: 1
pgibbs sample time: 5.4e-05 seconds
probability of topic_Course_82 is 0.495167

mode equation: influence compute time (equation): 1e-05 seconds
influence of hasword_kei_82 on topic_Course_82 is -0.00483222

clique number: 2
unobserved tuple number: 1
pgibbs sample time: 5.5e-05 seconds
probability of topic_Person_10 is 0.505972

mode equation: influence compute time (equation): 1e-05 seconds
influence of hasword_jan_10 on topic_Person_10 is 0.00597112

clique number: 2
unobserved tuple number: 1
pgibbs sample time: 5.4e-05 seconds
probability of topic_Staff_23 is 0.464129

mode equation: influence compute time (equation): 1e-05 seconds
influence of hasword_texa_23 on topic_Staff_23 is -0.0357481

clique number: 5
unobserved tuple number: 2
pgibbs sample time: 0.000222 seconds
probability of topic_Student_119 is 0.527335

mode equation: influence compute time (equation): 3.4e-05 seconds
influence of links_34_119 on topic_Student_119 is -0

clique number: 8
unobserved tuple number: 3
pgibbs sample time: 0.000399 seconds
probability of topic_Student_18 is 0.474907

