observed tuples: r1577 r4696 r2400 r3025 r2465 r1621 r2041 r1724 r343 r2829 r298 r86 r346 r3138 r4941 r3459 r4979 r3882 r68 r3455 r4743 r1624 r3032 r4911 r1714 r3524 r1052 r1277 r823 r3518 r3836 r4632 r4996 r1875 r4594 hasword_sequenc_31 hasword_dec_11 r1182 r1675 hasword_model_1 r2751 r1272 r109 r265 r2432 r4394 r784 r3636 r1028 r3273 r2200 r3938 r4566 r44 r4991 r2359 r2554 r1879 r4537 r3442 r2142 hasword_formal_44 r354 r3915 r808 r2869 hasword_apr_48 r3309 r559 hasword_materi_17 r1699 r1552 r1424 r3536 hasword_public_61 r107 r1635 r1405 r4004 r2055 r2528 r3843 r4681 r3805 r631 r3159 r371 hasword_modifi_55 r1541 hasword_date_20 r1467 r4714 r3516 r2226 r2027 r3663 r1557 r4784 r836 r1882 r1937 r4034 hasword_research_24 r1867 links_43_40 r3982 r1323 r4126 r2896 r287 links_46_59 hasword_austin_37 r802 hasword_mime_60 r1004 r4654 r1719 r3230 hasword_handout_19 r4841 r4543 r4613 hasword_jan_63 r2199 hasword_represent_4 links_59_46 r3549 r1495 r7 r3037 r4803 r2832 r4848 hasword_procedur_12 hasword_account_21 r206 r3575 r2526 r1753 r737 r4098 r1130 r4451 hasword_home_33 hasword_modifi_15 r2270 hasword_semest_47 r3626 r504 r3460 r2800 r4596 r4694 r1686 r2863 r4684 r3312 r200 hasword_softwar_32 r1592 hasword_game_43 r4885 r4870 hasword_html_18 hasword_interest_41 r2904 hasword_email_59 hasword_data_38 r648 r3771 hasword_implement_8 r1502 r1472 r1885 hasword_art_50 r4597 hasword_jan_10 r4024 r3891 links_51_21 r4942 r3392 r813 hasword_jan_25 r1652 r2133 links_33_19 hasword_high_65 r2966 r1353 r676 r2575 hasword_servic_9 r40 r695 r4410 r4498 r673 hasword_facil_9 r1236 rl r235 r4324 r1777 r4842 r2927 r3661 r3666 r1994 r1274 hasword_jan_58 hasword_date_7 r4908 r2675 hasword_develop_13 r4956 r2050 hasword_univers_40 r4721 hasword_test_52 r4811 hasword_fall_47 hasword_call_44 r2103 r2792 hasword_design_39 r1746 r3708 hasword_gmt_28 r4030 r3228 r2501 links_47_12 hasword_length_62 r1168 r2903 r1898 hasword_gener_22 hasword_man_34 r4365 hasword_syllabu_54 r3031 hasword_jan_51 hasword_gmt_16 hasword_scienc_42 r3206 r4921 hasword_phone_2 r4608 r4051 r3884 hasword_scienc_14 r3944 r2789 hasword_text_66 r795 r904 r4697 hasword_specif_26 r556 r4665 r2462 r3732 r4521 hasword_type_46 hasword_separ_57 r714 r2094 r1612 r4133 r2701 r2245 r4581 r198 r2316 hasword_system_36 r3854 r1282 r2622 r911 r4760 hasword_access_35 hasword_date_6 hasword_algorithm_3 hasword_laboratori_64 r405 r4674 r4388 hasword_utexa_45 r3542 r2715 r3310 r3768 r665 r294 r1647 r1148 r3931 r225 hasword_html_5 r4530 r1761 r3100 r3570 r3688 hasword_prototyp_26 r3642 r17 r3094 r3576 r1520 r3745 r4782 hasword_jan_27 r4209 r3789 r2782 r4156 r2205 hasword_depart_29 r2425 r2069 r4285 r331 r963 r656 r3641 r3317 r741 r2324 r769 hasword_home_49 r4592 r3959 hasword_texa_23 r4975 r1124 r3848 r1190 r4120 r1794 r4529 r2083 r3879 r3250 r59 hasword_includ_56 r177 r3440 r3424 r979 r2550 r42 r55 r1159 r3136 r856 r2280 r2762 r4033 r2348 links_22_35 r3933 r3801 r3462 r2543 r4897 r4316 r285 r4323 r1406 r3449 r3158 r3777 r758 r232 r2209 r321 r2885 r2936 r2620 r1679 links_61_39 r413 r3420 r4028 hasword_tree_30 r2024 r1925 r4386 r422 r66 r3600 hasword_date_53 r2047 r4149 r2471 r4473 r2569 r2277 r1657 r2218 r1997 r2812 r4177 r2448 r1427 r4801 r691 r542 r477 r231 r1369 r4980 r4549 r1843 r4303 r2429 r842 r3505 r2694 r1197 r4144 r2468 r3999 r3035 r4284 r359 r1202 r4472 r1831 r4200 r1058 r3904 r3450 r4738 r4497 r1122 r1970 r330 r397 r1140 r126 
size of observed tuples: 443
size of unobserved tuples: 427

pgibbs sample time: 7.6e-05 seconds
probability of topic_Course_3 is 0.490213

mode equations: influence compute time (equations): 0.000837 seconds
influence of hasword_algorithm_3 on topic_Course_3 is -0.00978455

pgibbs sample time: 6e-05 seconds
probability of topic_ResearchProject_49 is 0.29903

mode equations: influence compute time (equations): 0.000911 seconds
influence of hasword_home_49 on topic_ResearchProject_49 is -0.178572

pgibbs sample time: 5.8e-05 seconds
probability of topic_Student_41 is 0.774864

mode equations: influence compute time (equations): 0.000903 seconds
influence of hasword_interest_41 on topic_Student_41 is 0.215617

pgibbs sample time: 6.1e-05 seconds
probability of topic_Student_16 is 0.493937

mode equations: influence compute time (equations): 0.000914 seconds
influence of hasword_gmt_16 on topic_Student_16 is -0.00606228

pgibbs sample time: 5.6e-05 seconds
probability of topic_Student_5 is 0.486212

mode equations: influence compute time (equations): 0.000904 seconds
influence of hasword_html_5 on topic_Student_5 is -0.0137815

pgibbs sample time: 5.6e-05 seconds
probability of topic_Student_20 is 0.493937

mode equations: influence compute time (equations): 0.000902 seconds
influence of hasword_date_20 on topic_Student_20 is -0.00606228

pgibbs sample time: 5.7e-05 seconds
probability of topic_Department_13 is 0.428502

mode equations: influence compute time (equations): 0.000898 seconds
influence of hasword_develop_13 on topic_Department_13 is -0.070519

pgibbs sample time: 5.6e-05 seconds
probability of topic_ResearchProject_30 is 0.496069

mode equations: influence compute time (equations): 0.000899 seconds
influence of hasword_tree_30 on topic_ResearchProject_30 is -0.00393086

pgibbs sample time: 5.4e-05 seconds
probability of topic_Person_10 is 0.505972

mode equations: influence compute time (equations): 0.000903 seconds
influence of hasword_jan_10 on topic_Person_10 is 0.00597112

pgibbs sample time: 5.4e-05 seconds
probability of topic_Staff_23 is 0.464129

mode equations: influence compute time (equations): 0.000908 seconds
influence of hasword_texa_23 on topic_Staff_23 is -0.0357481

pgibbs sample time: 5.7e-05 seconds
probability of topic_Faculty_47 is 0.650745

mode equations: influence compute time (equations): 0.000908 seconds
influence of hasword_fall_47 on topic_Faculty_47 is 0.141438

pgibbs sample time: 5.5e-05 seconds
probability of topic_Department_38 is 0.535473

mode equations: influence compute time (equations): 0.000902 seconds
influence of hasword_data_38 on topic_Department_38 is 0.0353534

pgibbs sample time: 0.000213 seconds
probability of topic_Staff_43 is 0.451443

mode equations: influence compute time (equations): 0.000939 seconds
influence of links_43_40 on topic_Staff_43 is -0.0158209

pgibbs sample time: 0.000219 seconds
probability of topic_Department_35 is 0.514794

mode equations: influence compute time (equations): 0.000944 seconds
influence of links_22_35 on topic_Department_35 is 0.00790021

pgibbs sample time: 0.000212 seconds
probability of topic_Person_61 is 0.499062

mode equations: influence compute time (equations): 0.00094 seconds
influence of rl on topic_Person_61 is 0.116203

pgibbs sample time: 5.9e-05 seconds
probability of topic_ResearchProject_45 is 0.499619

mode equations: influence compute time (equations): 0.000897 seconds
influence of hasword_utexa_45 on topic_ResearchProject_45 is -0.00038101

pgibbs sample time: 5.7e-05 seconds
probability of topic_ResearchProject_3 is 0.401107

mode equations: influence compute time (equations): 0.0009 seconds
influence of hasword_algorithm_3 on topic_ResearchProject_3 is -0.096293

pgibbs sample time: 5.7e-05 seconds
probability of topic_Department_53 is 0.480109

mode equations: influence compute time (equations): 0.000906 seconds
influence of hasword_date_53 on topic_Department_53 is -0.01987

pgibbs sample time: 7.2e-05 seconds
probability of topic_Department_23 is 0.442131

mode equations: influence compute time (equations): 0.000906 seconds
influence of hasword_texa_23 on topic_Department_23 is -0.0573511

pgibbs sample time: 5.7e-05 seconds
probability of topic_Student_54 is 0.386345

mode equations: influence compute time (equations): 0.000907 seconds
influence of hasword_syllabu_54 on topic_Student_54 is -0.109698

pgibbs sample time: 5.7e-05 seconds
probability of topic_Department_5 is 0.481264

mode equations: influence compute time (equations): 0.00091 seconds
influence of hasword_html_5 on topic_Department_5 is -0.0187183

pgibbs sample time: 5.5e-05 seconds
probability of topic_Person_58 is 0.505972

mode equations: influence compute time (equations): 0.000906 seconds
influence of hasword_jan_58 on topic_Person_58 is 0.00597112

pgibbs sample time: 7e-05 seconds
probability of topic_Student_9 is 0.425073

mode equations: influence compute time (equations): 0.000913 seconds
influence of hasword_facil_9 on topic_Student_9 is -0.0559375

pgibbs sample time: 0.000208 seconds
probability of topic_Staff_21 is 0.50915

mode equations: influence compute time (equations): 0.000941 seconds
influence of links_51_21 on topic_Staff_21 is 0.0126174

pgibbs sample time: 5.6e-05 seconds
probability of topic_Person_3 is 0.454429

mode equations: influence compute time (equations): 0.000896 seconds
influence of hasword_algorithm_3 on topic_Person_3 is -0.0453181

pgibbs sample time: 0.000249 seconds
probability of topic_Student_47 is 0.455797

mode equations: influence compute time (equations): 0.00095 seconds
influence of links_47_12 on topic_Student_47 is -0.014322

pgibbs sample time: 5.7e-05 seconds
probability of topic_Department_33 is 0.643413

mode equations: influence compute time (equations): 0.000898 seconds
influence of hasword_home_33 on topic_Department_33 is 0.135413

pgibbs sample time: 5.8e-05 seconds
probability of topic_Faculty_15 is 0.429819

mode equations: influence compute time (equations): 0.0009 seconds
influence of hasword_modifi_15 on topic_Faculty_15 is -0.0692556

pgibbs sample time: 5.9e-05 seconds
probability of topic_Student_37 is 0.511284

mode equations: influence compute time (equations): 0.000907 seconds
influence of hasword_austin_37 on topic_Student_37 is 0.01128

pgibbs sample time: 0.000208 seconds
probability of topic_Person_21 is 0.397759

mode equations: influence compute time (equations): 0.000943 seconds
influence of links_51_21 on topic_Person_21 is 0.0138197

pgibbs sample time: 7.4e-05 seconds
probability of topic_ResearchProject_26 is 0.543882

mode equations: influence compute time (equations): 0.000909 seconds
influence of hasword_prototyp_26 on topic_ResearchProject_26 is 0.00193766

pgibbs sample time: 0.000206 seconds
probability of topic_Person_51 is 0.494868

mode equations: influence compute time (equations): 0.000967 seconds
influence of links_51_21 on topic_Person_51 is -0.011489

pgibbs sample time: 5.4e-05 seconds
probability of topic_Person_30 is 0.490523

mode equations: influence compute time (equations): 0.000897 seconds
influence of hasword_tree_30 on topic_Person_30 is -0.00947465

pgibbs sample time: 5.5e-05 seconds
probability of topic_Person_38 is 0.34738

mode equations: influence compute time (equations): 0.0009 seconds
influence of hasword_data_38 on topic_Person_38 is -0.142956

pgibbs sample time: 5.8e-05 seconds
probability of topic_Department_3 is 0.420608

mode equations: influence compute time (equations): 0.000907 seconds
influence of hasword_algorithm_3 on topic_Department_3 is -0.0780505

pgibbs sample time: 5.5e-05 seconds
probability of topic_Staff_34 is 0.493938

mode equations: influence compute time (equations): 0.000907 seconds
influence of hasword_man_34 on topic_Staff_34 is -0.00606133

pgibbs sample time: 5.4e-05 seconds
probability of topic_Staff_16 is 0.447858

mode equations: influence compute time (equations): 0.000904 seconds
influence of hasword_gmt_16 on topic_Staff_16 is -0.0517629

pgibbs sample time: 5.6e-05 seconds
probability of topic_Faculty_32 is 0.406926

mode equations: influence compute time (equations): 0.000905 seconds
influence of hasword_softwar_32 on topic_Faculty_32 is -0.0909084

pgibbs sample time: 0.000242 seconds
probability of topic_ResearchProject_22 is 0.607869

mode equations: influence compute time (equations): 0.000965 seconds
influence of links_22_35 on topic_ResearchProject_22 is -0.0152055

pgibbs sample time: 5.5e-05 seconds
probability of topic_Person_49 is 0.699056

mode equations: influence compute time (equations): 0.000901 seconds
influence of hasword_home_49 on topic_Person_49 is 0.177307

pgibbs sample time: 5.7e-05 seconds
probability of topic_Department_50 is 0.476935

mode equations: influence compute time (equations): 0.000907 seconds
influence of hasword_art_50 on topic_Department_50 is -0.0230328

pgibbs sample time: 7e-05 seconds
probability of topic_Course_9 is 0.462346

mode equations: influence compute time (equations): 0.000912 seconds
influence of hasword_facil_9 on topic_Course_9 is 0.0186943

pgibbs sample time: 5.5e-05 seconds
probability of topic_Course_42 is 0.523905

mode equations: influence compute time (equations): 0.000909 seconds
influence of hasword_scienc_42 on topic_Course_42 is 0.0238682

pgibbs sample time: 5.5e-05 seconds
probability of topic_Faculty_65 is 0.449955

mode equations: influence compute time (equations): 0.000905 seconds
influence of hasword_high_65 on topic_Faculty_65 is -0.0497102

pgibbs sample time: 0.00021 seconds
probability of topic_Staff_47 is 0.384983

mode equations: influence compute time (equations): 0.000981 seconds
influence of links_47_12 on topic_Staff_47 is -0.0138231

pgibbs sample time: 5.8e-05 seconds
probability of topic_Faculty_54 is 0.486159

mode equations: influence compute time (equations): 0.000899 seconds
influence of hasword_syllabu_54 on topic_Faculty_54 is -0.0138339

pgibbs sample time: 5.7e-05 seconds
probability of topic_Person_64 is 0.497282

mode equations: influence compute time (equations): 0.000902 seconds
influence of hasword_laboratori_64 on topic_Person_64 is -0.00271792

pgibbs sample time: 5.8e-05 seconds
probability of topic_Staff_48 is 0.459677

mode equations: influence compute time (equations): 0.000907 seconds
influence of hasword_apr_48 on topic_Staff_48 is -0.0401477

pgibbs sample time: 5.6e-05 seconds
probability of topic_ResearchProject_11 is 0.210008

mode equations: influence compute time (equations): 0.000912 seconds
influence of hasword_dec_11 on topic_ResearchProject_11 is -0.219803

pgibbs sample time: 5.6e-05 seconds
probability of topic_Student_17 is 0.298945

mode equations: influence compute time (equations): 0.000905 seconds
influence of hasword_materi_17 on topic_Student_17 is -0.178628

pgibbs sample time: 7e-05 seconds
probability of topic_Person_44 is 0.548804

mode equations: influence compute time (equations): 0.000911 seconds
influence of r1714 on topic_Person_44 is 0.247618

pgibbs sample time: 0.000217 seconds
probability of topic_ResearchProject_19 is 0.503998

mode equations: influence compute time (equations): 0.000945 seconds
influence of links_33_19 on topic_ResearchProject_19 is 0.0202283

pgibbs sample time: 5.6e-05 seconds
probability of topic_Faculty_38 is 0.477852

mode equations: influence compute time (equations): 0.0009 seconds
influence of hasword_data_38 on topic_Faculty_38 is -0.022119

pgibbs sample time: 0.000208 seconds
probability of topic_Course_51 is 0.462152

mode equations: influence compute time (equations): 0.000939 seconds
influence of links_51_21 on topic_Course_51 is -0.0147878

pgibbs sample time: 5.9e-05 seconds
probability of topic_Faculty_64 is 0.53041

mode equations: influence compute time (equations): 0.000905 seconds
influence of hasword_laboratori_64 on topic_Faculty_64 is 0.0303346

pgibbs sample time: 5.6e-05 seconds
probability of topic_Person_31 is 0.484264

mode equations: influence compute time (equations): 0.000902 seconds
influence of hasword_sequenc_31 on topic_Person_31 is -0.0157261

pgibbs sample time: 5.6e-05 seconds
probability of topic_Staff_37 is 0.472063

mode equations: influence compute time (equations): 0.000906 seconds
influence of hasword_austin_37 on topic_Staff_37 is -0.0278787

pgibbs sample time: 7.2e-05 seconds
probability of topic_Student_26 is 0.628265

mode equations: influence compute time (equations): 0.000918 seconds
influence of r3459 on topic_Student_26 is 0.233548

pgibbs sample time: 5.6e-05 seconds
probability of topic_Student_32 is 0.466327

mode equations: influence compute time (equations): 0.00091 seconds
influence of hasword_softwar_32 on topic_Student_32 is -0.0335715

pgibbs sample time: 5.5e-05 seconds
probability of topic_Person_4 is 0.544751

mode equations: influence compute time (equations): 0.000906 seconds
influence of hasword_represent_4 on topic_Person_4 is 0.0445118

pgibbs sample time: 5.5e-05 seconds
probability of topic_ResearchProject_28 is 0.442936

mode equations: influence compute time (equations): 0.00091 seconds
influence of hasword_gmt_28 on topic_ResearchProject_28 is -0.0565672

pgibbs sample time: 5.6e-05 seconds
probability of topic_Person_63 is 0.505972

mode equations: influence compute time (equations): 0.000909 seconds
influence of hasword_jan_63 on topic_Person_63 is 0.00597112

pgibbs sample time: 5.7e-05 seconds
probability of topic_Faculty_14 is 0.62985

mode equations: influence compute time (equations): 0.000908 seconds
influence of hasword_scienc_14 on topic_Faculty_14 is 0.12393

pgibbs sample time: 5.5e-05 seconds
probability of topic_Course_52 is 0.435111

mode equations: influence compute time (equations): 0.000907 seconds
influence of hasword_test_52 on topic_Course_52 is -0.0641577

pgibbs sample time: 5.3e-05 seconds
probability of topic_Course_23 is 0.497804

mode equations: influence compute time (equations): 0.000909 seconds
influence of hasword_texa_23 on topic_Course_23 is -0.00219608

pgibbs sample time: 5.7e-05 seconds
probability of topic_Student_15 is 0.50726

mode equations: influence compute time (equations): 0.000914 seconds
influence of hasword_modifi_15 on topic_Student_15 is 0.00725899

pgibbs sample time: 5.4e-05 seconds
probability of topic_Course_18 is 0.415922

mode equations: influence compute time (equations): 0.000912 seconds
influence of hasword_html_18 on topic_Course_18 is -0.0824838

pgibbs sample time: 5.3e-05 seconds
probability of topic_Staff_58 is 0.576178

mode equations: influence compute time (equations): 0.00088 seconds
influence of hasword_jan_58 on topic_Staff_58 is 0.0749938

pgibbs sample time: 5.5e-05 seconds
probability of topic_Student_33 is 0.701025

mode equations: influence compute time (equations): 0.000883 seconds
influence of hasword_home_33 on topic_Student_33 is 0.178608

pgibbs sample time: 5.4e-05 seconds
probability of topic_Department_16 is 0.480109

mode equations: influence compute time (equations): 0.000883 seconds
influence of hasword_gmt_16 on topic_Department_16 is -0.01987

pgibbs sample time: 5.3e-05 seconds
probability of topic_ResearchProject_16 is 0.442936

mode equations: influence compute time (equations): 0.000884 seconds
influence of hasword_gmt_16 on topic_ResearchProject_16 is -0.0565672

pgibbs sample time: 5.5e-05 seconds
probability of topic_Department_32 is 0.376874

mode equations: influence compute time (equations): 0.000883 seconds
influence of hasword_softwar_32 on topic_Department_32 is -0.118086

pgibbs sample time: 5.2e-05 seconds
probability of topic_Course_63 is 0.47654

mode equations: influence compute time (equations): 0.000889 seconds
influence of hasword_jan_63 on topic_Course_63 is -0.0234259

pgibbs sample time: 5.4e-05 seconds
probability of topic_Course_57 is 0.52745

mode equations: influence compute time (equations): 0.000883 seconds
influence of hasword_separ_57 on topic_Course_57 is 0.0273949

pgibbs sample time: 5.4e-05 seconds
probability of topic_Department_11 is 0.378791

mode equations: influence compute time (equations): 0.000883 seconds
influence of hasword_dec_11 on topic_Department_11 is -0.116403

pgibbs sample time: 5.4e-05 seconds
probability of topic_Student_23 is 0.527927

mode equations: influence compute time (equations): 0.000885 seconds
influence of hasword_texa_23 on topic_Student_23 is 0.027869

pgibbs sample time: 0.00023 seconds
probability of topic_Person_47 is 0.473317

mode equations: influence compute time (equations): 0.000919 seconds
influence of links_47_12 on topic_Person_47 is -0.0129995

pgibbs sample time: 5.6e-05 seconds
probability of topic_Faculty_25 is 0.489816

mode equations: influence compute time (equations): 0.000873 seconds
influence of hasword_jan_25 on topic_Faculty_25 is -0.0101812

pgibbs sample time: 0.000243 seconds
probability of topic_Department_12 is 0.493154

mode equations: influence compute time (equations): 0.000927 seconds
influence of rl on topic_Department_12 is -0.169322

pgibbs sample time: 5.4e-05 seconds
probability of topic_Person_53 is 0.498179

mode equations: influence compute time (equations): 0.000872 seconds
influence of hasword_date_53 on topic_Person_53 is -0.00182059

pgibbs sample time: 5.4e-05 seconds
probability of topic_Student_58 is 0.524583

mode equations: influence compute time (equations): 0.000881 seconds
influence of hasword_jan_58 on topic_Student_58 is 0.0245437

pgibbs sample time: 0.000214 seconds
probability of topic_Staff_51 is 0.562237

mode equations: influence compute time (equations): 0.000944 seconds
influence of links_51_21 on topic_Staff_51 is -0.0143407

pgibbs sample time: 5.7e-05 seconds
probability of topic_Department_48 is 0.405568

mode equations: influence compute time (equations): 0.000894 seconds
influence of hasword_apr_48 on topic_Department_48 is -0.0921702

pgibbs sample time: 0.000192 seconds
probability of topic_Department_39 is 0.385255

mode equations: influence compute time (equations): 0.00093 seconds
influence of links_61_39 on topic_Department_39 is 0.0138025

pgibbs sample time: 5.7e-05 seconds
probability of topic_Faculty_50 is 0.518346

mode equations: influence compute time (equations): 0.000904 seconds
influence of hasword_art_50 on topic_Faculty_50 is 0.0183292

pgibbs sample time: 5.4e-05 seconds
probability of topic_Student_1 is 0.468158

mode equations: influence compute time (equations): 0.000906 seconds
influence of hasword_model_1 on topic_Student_1 is -0.0317557

pgibbs sample time: 0.000183 seconds
probability of topic_Department_61 is 0.489246

mode equations: influence compute time (equations): 0.000908 seconds
influence of links_61_39 on topic_Department_61 is -0.0111355

pgibbs sample time: 0.000201 seconds
probability of topic_Course_43 is 0.415091

mode equations: influence compute time (equations): 0.000914 seconds
influence of links_43_40 on topic_Course_43 is -0.0157692

pgibbs sample time: 5.5e-05 seconds
probability of topic_Department_65 is 0.409874

mode equations: influence compute time (equations): 0.000873 seconds
influence of hasword_high_65 on topic_Department_65 is -0.0881613

pgibbs sample time: 5.4e-05 seconds
probability of topic_Course_10 is 0.47654

mode equations: influence compute time (equations): 0.00088 seconds
influence of hasword_jan_10 on topic_Course_10 is -0.0234259

pgibbs sample time: 5.2e-05 seconds
probability of topic_Person_16 is 0.498179

mode equations: influence compute time (equations): 0.000881 seconds
influence of hasword_gmt_16 on topic_Person_16 is -0.00182059

pgibbs sample time: 0.000215 seconds
probability of topic_ResearchProject_61 is 0.688916

mode equations: influence compute time (equations): 0.00092 seconds
influence of links_61_39 on topic_ResearchProject_61 is -0.0140791

pgibbs sample time: 0.000311 seconds
probability of topic_Course_46 is 0.422137

mode equations: influence compute time (equations): 0.000926 seconds
influence of links_46_59 on topic_Course_46 is -0.0132265

pgibbs sample time: 5.2e-05 seconds
probability of topic_Faculty_2 is 0.52117

mode equations: influence compute time (equations): 0.000874 seconds
influence of hasword_phone_2 on topic_Faculty_2 is 0.0211448

pgibbs sample time: 0.000306 seconds
probability of topic_Person_59 is 0.492999

mode equations: influence compute time (equations): 0.000925 seconds
influence of links_46_59 on topic_Person_59 is 0.01514

pgibbs sample time: 0.000307 seconds
probability of topic_Faculty_59 is 0.570501

mode equations: influence compute time (equations): 0.000929 seconds
influence of links_59_46 on topic_Faculty_59 is -0.0115981

pgibbs sample time: 0.000201 seconds
probability of topic_Course_21 is 0.517339

mode equations: influence compute time (equations): 0.000914 seconds
influence of links_51_21 on topic_Course_21 is 0.0154097

pgibbs sample time: 5.5e-05 seconds
probability of topic_Staff_45 is 0.494667

mode equations: influence compute time (equations): 0.000874 seconds
influence of hasword_utexa_45 on topic_Staff_45 is -0.00533299

pgibbs sample time: 5.3e-05 seconds
probability of topic_Person_15 is 0.489056

mode equations: influence compute time (equations): 0.000877 seconds
influence of hasword_modifi_15 on topic_Person_15 is -0.0109402

pgibbs sample time: 5.4e-05 seconds
probability of topic_ResearchProject_34 is 0.551646

mode equations: influence compute time (equations): 0.00089 seconds
influence of hasword_man_34 on topic_ResearchProject_34 is 0.0512778

pgibbs sample time: 5.5e-05 seconds
probability of topic_ResearchProject_24 is 0.602294

mode equations: influence compute time (equations): 0.00089 seconds
influence of hasword_research_24 on topic_ResearchProject_24 is 0.0994151

pgibbs sample time: 5.4e-05 seconds
probability of topic_ResearchProject_13 is 0.522631

mode equations: influence compute time (equations): 0.000878 seconds
influence of hasword_develop_13 on topic_ResearchProject_13 is 0.0226005

pgibbs sample time: 5.5e-05 seconds
probability of topic_Department_57 is 0.498504

mode equations: influence compute time (equations): 0.000882 seconds
influence of hasword_separ_57 on topic_Department_57 is -0.0014964

pgibbs sample time: 5.4e-05 seconds
probability of topic_Course_8 is 0.615754

mode equations: influence compute time (equations): 0.000886 seconds
influence of hasword_implement_8 on topic_Course_8 is 0.111572

pgibbs sample time: 0.000218 seconds
probability of topic_Department_21 is 0.45782

mode equations: influence compute time (equations): 0.000918 seconds
influence of links_51_21 on topic_Department_21 is 0.0103775

pgibbs sample time: 5.6e-05 seconds
probability of topic_Department_7 is 0.480109

mode equations: influence compute time (equations): 0.000877 seconds
influence of hasword_date_7 on topic_Department_7 is -0.01987

pgibbs sample time: 0.000274 seconds
probability of topic_ResearchProject_46 is 0.435427

mode equations: influence compute time (equations): 0.000925 seconds
influence of links_59_46 on topic_ResearchProject_46 is 0.0143383

pgibbs sample time: 5.4e-05 seconds
probability of topic_Person_17 is 0.251716

mode equations: influence compute time (equations): 0.000881 seconds
influence of hasword_materi_17 on topic_Person_17 is -0.205209

pgibbs sample time: 5.3e-05 seconds
probability of topic_Course_62 is 0.435971

mode equations: influence compute time (equations): 0.000883 seconds
influence of hasword_length_62 on topic_Course_62 is -0.0633262

pgibbs sample time: 5.4e-05 seconds
probability of topic_Department_60 is 0.429697

mode equations: influence compute time (equations): 0.000886 seconds
influence of hasword_mime_60 on topic_Department_60 is -0.0693724

pgibbs sample time: 0.000244 seconds
probability of topic_Department_47 is 0.335329

mode equations: influence compute time (equations): 0.000928 seconds
influence of rl on topic_Department_47 is 0.11413

pgibbs sample time: 6.9e-05 seconds
probability of topic_Course_44 is 0.322237

mode equations: influence compute time (equations): 0.000879 seconds
influence of hasword_call_44 on topic_Course_44 is -0.11443

pgibbs sample time: 5.7e-05 seconds
probability of topic_Student_42 is 0.602305

mode equations: influence compute time (equations): 0.000876 seconds
influence of hasword_scienc_42 on topic_Student_42 is 0.0994254

pgibbs sample time: 5.5e-05 seconds
probability of topic_Department_20 is 0.480109

mode equations: influence compute time (equations): 0.000887 seconds
influence of hasword_date_20 on topic_Department_20 is -0.01987

pgibbs sample time: 0.000233 seconds
probability of topic_Course_12 is 0.621417

mode equations: influence compute time (equations): 0.000923 seconds
influence of links_47_12 on topic_Course_12 is 0.00668302

pgibbs sample time: 5.4e-05 seconds
probability of topic_Course_14 is 0.523905

mode equations: influence compute time (equations): 0.000881 seconds
influence of hasword_scienc_14 on topic_Course_14 is 0.0238682

pgibbs sample time: 5.4e-05 seconds
probability of topic_Person_36 is 0.56344

mode equations: influence compute time (equations): 0.000883 seconds
influence of hasword_system_36 on topic_Person_36 is 0.0627569

pgibbs sample time: 5.6e-05 seconds
probability of topic_Student_31 is 0.474627

mode equations: influence compute time (equations): 0.000883 seconds
influence of hasword_sequenc_31 on topic_Student_31 is -0.0253296

pgibbs sample time: 5.5e-05 seconds
probability of topic_Faculty_27 is 0.489816

mode equations: influence compute time (equations): 0.000885 seconds
influence of hasword_jan_27 on topic_Faculty_27 is -0.0101812

pgibbs sample time: 5.4e-05 seconds
probability of topic_Person_57 is 0.476931

mode equations: influence compute time (equations): 0.000881 seconds
influence of hasword_separ_57 on topic_Person_57 is -0.0230358

pgibbs sample time: 5.3e-05 seconds
probability of topic_Person_13 is 0.513057

mode equations: influence compute time (equations): 0.000883 seconds
influence of hasword_develop_13 on topic_Person_13 is 0.013051

pgibbs sample time: 0.000204 seconds
probability of topic_Staff_39 is 0.694554

mode equations: influence compute time (equations): 0.000921 seconds
influence of rl on topic_Staff_39 is -0.109697

pgibbs sample time: 0.000201 seconds
probability of topic_Course_39 is 0.65972

mode equations: influence compute time (equations): 0.000917 seconds
influence of links_61_39 on topic_Course_39 is 0.0171946

pgibbs sample time: 5.5e-05 seconds
probability of topic_Student_48 is 0.459081

mode equations: influence compute time (equations): 0.000878 seconds
influence of hasword_apr_48 on topic_Student_48 is -0.0407358

pgibbs sample time: 5.5e-05 seconds
probability of topic_Faculty_57 is 0.490698

mode equations: influence compute time (equations): 0.000907 seconds
influence of hasword_separ_57 on topic_Faculty_57 is -0.00929988

pgibbs sample time: 5.4e-05 seconds
probability of topic_Student_14 is 0.602305

mode equations: influence compute time (equations): 0.000886 seconds
influence of hasword_scienc_14 on topic_Student_14 is 0.0994254

pgibbs sample time: 0.000216 seconds
probability of topic_Student_61 is 0.400758

mode equations: influence compute time (equations): 0.000921 seconds
influence of links_61_39 on topic_Student_61 is -0.00899915

pgibbs sample time: 5.4e-05 seconds
probability of topic_Staff_57 is 0.479842

mode equations: influence compute time (equations): 0.000878 seconds
influence of hasword_separ_57 on topic_Staff_57 is -0.0201365

pgibbs sample time: 5.4e-05 seconds
probability of topic_Staff_54 is 0.497096

mode equations: influence compute time (equations): 0.00088 seconds
influence of hasword_syllabu_54 on topic_Staff_54 is -0.002904

pgibbs sample time: 0.000306 seconds
probability of topic_Person_46 is 0.486778

mode equations: influence compute time (equations): 0.000929 seconds
influence of links_46_59 on topic_Person_46 is -0.0145984

pgibbs sample time: 5.6e-05 seconds
probability of topic_ResearchProject_32 is 0.651756

mode equations: influence compute time (equations): 0.000878 seconds
influence of hasword_softwar_32 on topic_ResearchProject_32 is 0.142257

pgibbs sample time: 0.00021 seconds
probability of topic_Faculty_43 is 0.458867

mode equations: influence compute time (equations): 0.00092 seconds
influence of links_43_40 on topic_Faculty_43 is -0.0167169

pgibbs sample time: 5.3e-05 seconds
probability of topic_Staff_18 is 0.423377

mode equations: influence compute time (equations): 0.000879 seconds
influence of hasword_html_18 on topic_Staff_18 is -0.0754173

pgibbs sample time: 5.2e-05 seconds
probability of topic_Staff_1 is 0.521778

mode equations: influence compute time (equations): 0.000885 seconds
influence of hasword_model_1 on topic_Staff_1 is 0.0217503

pgibbs sample time: 5.5e-05 seconds
probability of topic_Department_14 is 0.412026

mode equations: influence compute time (equations): 0.000887 seconds
influence of hasword_scienc_14 on topic_Department_14 is -0.0861474

pgibbs sample time: 5.4e-05 seconds
probability of topic_ResearchProject_23 is 0.46694

mode equations: influence compute time (equations): 0.000886 seconds
influence of hasword_texa_23 on topic_ResearchProject_23 is -0.032964

pgibbs sample time: 0.000211 seconds
probability of topic_Student_40 is 0.616323

mode equations: influence compute time (equations): 0.000922 seconds
influence of links_43_40 on topic_Student_40 is 0.0128498

pgibbs sample time: 5.5e-05 seconds
probability of topic_Department_55 is 0.39707

mode equations: influence compute time (equations): 0.000879 seconds
influence of hasword_modifi_55 on topic_Department_55 is -0.0999966

pgibbs sample time: 5.4e-05 seconds
probability of topic_Staff_50 is 0.470018

mode equations: influence compute time (equations): 0.000879 seconds
influence of hasword_art_50 on topic_Staff_50 is -0.0299098

pgibbs sample time: 5.3e-05 seconds
probability of topic_Course_34 is 0.489873

mode equations: influence compute time (equations): 0.000889 seconds
influence of hasword_man_34 on topic_Course_34 is -0.0101242

pgibbs sample time: 0.000201 seconds
probability of topic_Course_19 is 0.695218

mode equations: influence compute time (equations): 0.000922 seconds
influence of links_33_19 on topic_Course_19 is 0.0109045

pgibbs sample time: 5.6e-05 seconds
probability of topic_Faculty_44 is 0.480273

mode equations: influence compute time (equations): 0.000885 seconds
influence of hasword_formal_44 on topic_Faculty_44 is -0.0197061

pgibbs sample time: 5.5e-05 seconds
probability of topic_ResearchProject_15 is 0.474026

mode equations: influence compute time (equations): 0.000918 seconds
influence of hasword_modifi_15 on topic_ResearchProject_15 is -0.0259268

pgibbs sample time: 5.5e-05 seconds
probability of topic_Department_17 is 0.572671

mode equations: influence compute time (equations): 0.000887 seconds
influence of hasword_materi_17 on topic_Department_17 is 0.0716432

pgibbs sample time: 0.000311 seconds
probability of topic_Course_59 is 0.452114

mode equations: influence compute time (equations): 0.000927 seconds
influence of links_46_59 on topic_Course_59 is 0.0167162

pgibbs sample time: 5.5e-05 seconds
probability of topic_Staff_32 is 0.59457

mode equations: influence compute time (equations): 0.000878 seconds
influence of hasword_softwar_32 on topic_Staff_32 is 0.0922984

pgibbs sample time: 5.4e-05 seconds
probability of topic_Faculty_3 is 0.541141

mode equations: influence compute time (equations): 0.000879 seconds
influence of hasword_algorithm_3 on topic_Faculty_3 is 0.0409553

pgibbs sample time: 5.4e-05 seconds
probability of topic_Student_11 is 0.0545471

mode equations: influence compute time (equations): 0.000888 seconds
influence of hasword_dec_11 on topic_Student_11 is -0.147113

pgibbs sample time: 5.5e-05 seconds
probability of topic_ResearchProject_4 is 0.479583

mode equations: influence compute time (equations): 0.000892 seconds
influence of hasword_represent_4 on topic_ResearchProject_4 is -0.0203947

pgibbs sample time: 5.4e-05 seconds
probability of topic_ResearchProject_5 is 0.423904

mode equations: influence compute time (equations): 0.000885 seconds
influence of hasword_html_5 on topic_ResearchProject_5 is -0.0749154

pgibbs sample time: 5.4e-05 seconds
probability of topic_Faculty_58 is 0.489816

mode equations: influence compute time (equations): 0.000885 seconds
influence of hasword_jan_58 on topic_Faculty_58 is -0.0101812

pgibbs sample time: 0.000203 seconds
probability of topic_Person_40 is 0.641085

mode equations: influence compute time (equations): 0.00092 seconds
influence of links_43_40 on topic_Person_40 is 0.0136581

pgibbs sample time: 5.6e-05 seconds
probability of topic_Faculty_56 is 0.571956

mode equations: influence compute time (equations): 0.000879 seconds
influence of hasword_includ_56 on topic_Faculty_56 is 0.0709588

pgibbs sample time: 5.3e-05 seconds
probability of topic_Staff_10 is 0.576178

mode equations: influence compute time (equations): 0.00088 seconds
influence of hasword_jan_10 on topic_Staff_10 is 0.0749938

pgibbs sample time: 5.5e-05 seconds
probability of topic_Student_57 is 0.487116

mode equations: influence compute time (equations): 0.000887 seconds
influence of hasword_separ_57 on topic_Student_57 is -0.0128787

pgibbs sample time: 5.3e-05 seconds
probability of topic_Staff_30 is 0.501153

mode equations: influence compute time (equations): 0.000893 seconds
influence of hasword_tree_30 on topic_Staff_30 is 0.0011532

pgibbs sample time: 5.2e-05 seconds
probability of topic_Staff_63 is 0.576178

mode equations: influence compute time (equations): 0.000894 seconds
influence of hasword_jan_63 on topic_Staff_63 is 0.0749938

pgibbs sample time: 5.5e-05 seconds
probability of topic_Department_64 is 0.484707

mode equations: influence compute time (equations): 0.000885 seconds
influence of hasword_laboratori_64 on topic_Department_64 is -0.0152838

pgibbs sample time: 0.000205 seconds
probability of topic_Staff_19 is 0.510492

mode equations: influence compute time (equations): 0.000919 seconds
influence of links_33_19 on topic_Staff_19 is 0.0157912

pgibbs sample time: 5.4e-05 seconds
probability of topic_Staff_2 is 0.729589

mode equations: influence compute time (equations): 0.000879 seconds
influence of hasword_phone_2 on topic_Staff_2 is 0.195817

pgibbs sample time: 5.4e-05 seconds
probability of topic_Department_10 is 0.649423

mode equations: influence compute time (equations): 0.000881 seconds
influence of hasword_jan_10 on topic_Department_10 is 0.140361

pgibbs sample time: 5.4e-05 seconds
probability of topic_Student_50 is 0.603735

mode equations: influence compute time (equations): 0.000888 seconds
influence of hasword_art_50 on topic_Student_50 is 0.100732

pgibbs sample time: 0.000208 seconds
probability of topic_Department_43 is 0.426108

mode equations: influence compute time (equations): 0.000927 seconds
influence of links_43_40 on topic_Department_43 is -0.0176377

pgibbs sample time: 6.7e-05 seconds
probability of topic_Person_26 is 0.585279

mode equations: influence compute time (equations): 0.00089 seconds
influence of r1202 on topic_Person_26 is 0.242728

pgibbs sample time: 6.9e-05 seconds
probability of topic_Course_26 is 0.5223

mode equations: influence compute time (equations): 0.000891 seconds
influence of hasword_specif_26 on topic_Course_26 is 0.0165723

pgibbs sample time: 5.5e-05 seconds
probability of topic_ResearchProject_27 is 0.462699

mode equations: influence compute time (equations): 0.00089 seconds
influence of hasword_jan_27 on topic_ResearchProject_27 is -0.0371628

pgibbs sample time: 5.4e-05 seconds
probability of topic_Student_49 is 0.701025

mode equations: influence compute time (equations): 0.00089 seconds
influence of hasword_home_49 on topic_Student_49 is 0.178608

pgibbs sample time: 0.000201 seconds
probability of topic_Course_61 is 0.330837

mode equations: influence compute time (equations): 0.000921 seconds
influence of links_61_39 on topic_Course_61 is -0.0167346

pgibbs sample time: 0.000217 seconds
probability of topic_ResearchProject_39 is 0.579445

mode equations: influence compute time (equations): 0.000925 seconds
influence of links_61_39 on topic_ResearchProject_39 is 0.00884855

pgibbs sample time: 5.4e-05 seconds
probability of topic_Course_24 is 0.419802

mode equations: influence compute time (equations): 0.000878 seconds
influence of hasword_research_24 on topic_Course_24 is -0.0788151

pgibbs sample time: 5.4e-05 seconds
probability of topic_Faculty_28 is 0.419826

mode equations: influence compute time (equations): 0.000881 seconds
influence of hasword_gmt_28 on topic_Faculty_28 is -0.0787922

pgibbs sample time: 5.4e-05 seconds
probability of topic_Staff_41 is 0.461239

mode equations: influence compute time (equations): 0.000894 seconds
influence of hasword_interest_41 on topic_Staff_41 is -0.0386051

pgibbs sample time: 5.7e-05 seconds
probability of topic_Department_56 is 0.601492

mode equations: influence compute time (equations): 0.000894 seconds
influence of hasword_includ_56 on topic_Department_56 is 0.0986806

pgibbs sample time: 5.4e-05 seconds
probability of topic_Faculty_62 is 0.431532

mode equations: influence compute time (equations): 0.000888 seconds
influence of hasword_length_62 on topic_Faculty_62 is -0.067609

pgibbs sample time: 5.4e-05 seconds
probability of topic_ResearchProject_60 is 0.490687

mode equations: influence compute time (equations): 0.000887 seconds
influence of hasword_mime_60 on topic_ResearchProject_60 is -0.00931067

pgibbs sample time: 5.4e-05 seconds
probability of topic_Student_53 is 0.493937

mode equations: influence compute time (equations): 0.000891 seconds
influence of hasword_date_53 on topic_Student_53 is -0.00606228

pgibbs sample time: 5.2e-05 seconds
probability of topic_Person_28 is 0.498179

mode equations: influence compute time (equations): 0.00089 seconds
influence of hasword_gmt_28 on topic_Person_28 is -0.00182059

pgibbs sample time: 5.4e-05 seconds
probability of topic_Student_10 is 0.524583

mode equations: influence compute time (equations): 0.000893 seconds
influence of hasword_jan_10 on topic_Student_10 is 0.0245437

pgibbs sample time: 0.000216 seconds
probability of topic_Faculty_39 is 0.412909

mode equations: influence compute time (equations): 0.000925 seconds
influence of links_61_39 on topic_Faculty_39 is 0.00980096

pgibbs sample time: 0.0002 seconds
probability of topic_Course_40 is 0.565138

mode equations: influence compute time (equations): 0.000925 seconds
influence of links_43_40 on topic_Course_40 is 0.0164848

pgibbs sample time: 5.4e-05 seconds
probability of topic_Course_28 is 0.425378

mode equations: influence compute time (equations): 0.000906 seconds
influence of hasword_gmt_28 on topic_Course_28 is -0.0735086

pgibbs sample time: 5.5e-05 seconds
probability of topic_Faculty_18 is 0.387388

mode equations: influence compute time (equations): 0.000867 seconds
influence of hasword_html_18 on topic_Faculty_18 is -0.108764

pgibbs sample time: 5e-05 seconds
probability of topic_Course_41 is 0.404836

mode equations: influence compute time (equations): 0.000841 seconds
influence of hasword_interest_41 on topic_Course_41 is -0.0928485

pgibbs sample time: 5.3e-05 seconds
probability of topic_ResearchProject_53 is 0.442936

mode equations: influence compute time (equations): 0.000841 seconds
influence of hasword_date_53 on topic_ResearchProject_53 is -0.0565672

pgibbs sample time: 5.2e-05 seconds
probability of topic_Department_6 is 0.480109

mode equations: influence compute time (equations): 0.000838 seconds
influence of hasword_date_6 on topic_Department_6 is -0.01987

pgibbs sample time: 0.000207 seconds
probability of topic_Faculty_33 is 0.457887

mode equations: influence compute time (equations): 0.000873 seconds
influence of links_33_19 on topic_Faculty_33 is -0.0141123

pgibbs sample time: 6.6e-05 seconds
probability of topic_Staff_9 is 0.458123

mode equations: influence compute time (equations): 0.000858 seconds
influence of r4004 on topic_Staff_9 is 0.248246

pgibbs sample time: 0.000294 seconds
probability of topic_Student_59 is 0.417729

mode equations: influence compute time (equations): 0.000881 seconds
influence of hasword_type_46 on topic_Student_59 is 0.000676733

pgibbs sample time: 5.2e-05 seconds
probability of topic_Student_56 is 0.323068

mode equations: influence compute time (equations): 0.000835 seconds
influence of hasword_includ_56 on topic_Student_56 is -0.16177

pgibbs sample time: 5.1e-05 seconds
probability of topic_Department_27 is 0.649423

mode equations: influence compute time (equations): 0.000833 seconds
influence of hasword_jan_27 on topic_Department_27 is 0.140361

pgibbs sample time: 0.0002 seconds
probability of topic_Student_43 is 0.530882

mode equations: influence compute time (equations): 0.000874 seconds
influence of links_43_40 on topic_Student_43 is -0.0174979

pgibbs sample time: 5.2e-05 seconds
probability of topic_Faculty_42 is 0.62985

mode equations: influence compute time (equations): 0.000833 seconds
influence of hasword_scienc_42 on topic_Faculty_42 is 0.12393

pgibbs sample time: 0.000203 seconds
probability of topic_Faculty_19 is 0.493586

mode equations: influence compute time (equations): 0.000879 seconds
influence of links_33_19 on topic_Faculty_19 is 0.0155259

pgibbs sample time: 5.2e-05 seconds
probability of topic_Student_27 is 0.524583

mode equations: influence compute time (equations): 0.000839 seconds
influence of hasword_jan_27 on topic_Student_27 is 0.0245437

pgibbs sample time: 5.1e-05 seconds
probability of topic_Faculty_8 is 0.467878

mode equations: influence compute time (equations): 0.000835 seconds
influence of hasword_implement_8 on topic_Faculty_8 is -0.0320337

pgibbs sample time: 5.2e-05 seconds
probability of topic_Department_24 is 0.631889

mode equations: influence compute time (equations): 0.000843 seconds
influence of hasword_research_24 on topic_Department_24 is 0.125684

pgibbs sample time: 5.2e-05 seconds
probability of topic_Staff_55 is 0.392841

mode equations: influence compute time (equations): 0.000841 seconds
influence of hasword_modifi_55 on topic_Staff_55 is -0.103847

pgibbs sample time: 0.000191 seconds
probability of topic_Person_22 is 0.392847

mode equations: influence compute time (equations): 0.000882 seconds
influence of links_22_35 on topic_Person_22 is -0.0137818

pgibbs sample time: 0.000189 seconds
probability of topic_Course_33 is 0.558595

mode equations: influence compute time (equations): 0.000871 seconds
influence of links_33_19 on topic_Course_33 is -0.0194424

pgibbs sample time: 6.3e-05 seconds
probability of topic_Faculty_9 is 0.464437

mode equations: influence compute time (equations): 0.000843 seconds
influence of hasword_servic_9 on topic_Faculty_9 is -0.0208843

pgibbs sample time: 5e-05 seconds
probability of topic_Person_7 is 0.498179

mode equations: influence compute time (equations): 0.000881 seconds
influence of hasword_date_7 on topic_Person_7 is -0.00182059

pgibbs sample time: 5.3e-05 seconds
probability of topic_ResearchProject_41 is 0.379861

mode equations: influence compute time (equations): 0.000842 seconds
influence of hasword_interest_41 on topic_ResearchProject_41 is -0.115461

pgibbs sample time: 5.2e-05 seconds
probability of topic_Staff_29 is 0.553711

mode equations: influence compute time (equations): 0.000842 seconds
influence of hasword_depart_29 on topic_Staff_29 is 0.0532973

pgibbs sample time: 0.000191 seconds
probability of topic_Course_22 is 0.55126

mode equations: influence compute time (equations): 0.00088 seconds
influence of links_22_35 on topic_Course_22 is -0.0175109

pgibbs sample time: 5.1e-05 seconds
probability of topic_Student_7 is 0.493937

mode equations: influence compute time (equations): 0.000838 seconds
influence of hasword_date_7 on topic_Student_7 is -0.00606228

pgibbs sample time: 5.1e-05 seconds
probability of topic_Course_45 is 0.499943

mode equations: influence compute time (equations): 0.000834 seconds
influence of hasword_utexa_45 on topic_Course_45 is -5.73072e-05

pgibbs sample time: 0.000196 seconds
probability of topic_Department_40 is 0.630497

mode equations: influence compute time (equations): 0.000873 seconds
influence of links_43_40 on topic_Department_40 is 0.0153891

pgibbs sample time: 5.4e-05 seconds
probability of topic_ResearchProject_55 is 0.474026

mode equations: influence compute time (equations): 0.000836 seconds
influence of hasword_modifi_55 on topic_ResearchProject_55 is -0.0259268

pgibbs sample time: 5.2e-05 seconds
probability of topic_ResearchProject_18 is 0.423904

mode equations: influence compute time (equations): 0.000834 seconds
influence of hasword_html_18 on topic_ResearchProject_18 is -0.0749154

pgibbs sample time: 5.1e-05 seconds
probability of topic_Person_56 is 0.392505

mode equations: influence compute time (equations): 0.000844 seconds
influence of hasword_includ_56 on topic_Person_56 is -0.104152

pgibbs sample time: 0.000199 seconds
probability of topic_Faculty_22 is 0.373109

mode equations: influence compute time (equations): 0.000879 seconds
influence of links_22_35 on topic_Faculty_22 is -0.0161626

pgibbs sample time: 5.3e-05 seconds
probability of topic_ResearchProject_20 is 0.442936

mode equations: influence compute time (equations): 0.000839 seconds
influence of hasword_date_20 on topic_ResearchProject_20 is -0.0565672

pgibbs sample time: 5.1e-05 seconds
probability of topic_Person_55 is 0.489056

mode equations: influence compute time (equations): 0.000836 seconds
influence of hasword_modifi_55 on topic_Person_55 is -0.0109402

pgibbs sample time: 0.000201 seconds
probability of topic_ResearchProject_35 is 0.560039

mode equations: influence compute time (equations): 0.000875 seconds
influence of links_22_35 on topic_ResearchProject_35 is 0.0112078

pgibbs sample time: 0.0002 seconds
probability of topic_Student_21 is 0.477433

mode equations: influence compute time (equations): 0.000874 seconds
influence of links_51_21 on topic_Student_21 is 0.0139983

pgibbs sample time: 0.000194 seconds
probability of topic_Person_39 is 0.450608

mode equations: influence compute time (equations): 0.000873 seconds
influence of rl on topic_Person_39 is -0.127225

pgibbs sample time: 5.3e-05 seconds
probability of topic_Student_25 is 0.524583

mode equations: influence compute time (equations): 0.000835 seconds
influence of hasword_jan_25 on topic_Student_25 is 0.0245437

pgibbs sample time: 4.9e-05 seconds
probability of topic_Staff_27 is 0.576178

mode equations: influence compute time (equations): 0.000838 seconds
influence of hasword_jan_27 on topic_Staff_27 is 0.0749938

pgibbs sample time: 5.1e-05 seconds
probability of topic_Person_25 is 0.505972

mode equations: influence compute time (equations): 0.000843 seconds
influence of hasword_jan_25 on topic_Person_25 is 0.00597112

pgibbs sample time: 5e-05 seconds
probability of topic_Person_20 is 0.498179

mode equations: influence compute time (equations): 0.00084 seconds
influence of hasword_date_20 on topic_Person_20 is -0.00182059

pgibbs sample time: 0.000199 seconds
probability of topic_Faculty_35 is 0.601582

mode equations: influence compute time (equations): 0.000876 seconds
influence of links_22_35 on topic_Faculty_35 is 0.0172115

pgibbs sample time: 5e-05 seconds
probability of topic_Staff_28 is 0.447858

mode equations: influence compute time (equations): 0.000837 seconds
influence of hasword_gmt_28 on topic_Staff_28 is -0.0517629

pgibbs sample time: 6.6e-05 seconds
probability of topic_Department_9 is 0.581249

mode equations: influence compute time (equations): 0.000838 seconds
influence of hasword_facil_9 on topic_Department_9 is 0.0540476

pgibbs sample time: 0.000193 seconds
probability of topic_Staff_33 is 0.448652

mode equations: influence compute time (equations): 0.000877 seconds
influence of links_33_19 on topic_Staff_33 is -0.0145376

pgibbs sample time: 5.1e-05 seconds
probability of topic_Person_65 is 0.524409

mode equations: influence compute time (equations): 0.000835 seconds
influence of hasword_high_65 on topic_Person_65 is 0.0243699

pgibbs sample time: 5.1e-05 seconds
probability of topic_Staff_3 is 0.465986

mode equations: influence compute time (equations): 0.000836 seconds
influence of hasword_algorithm_3 on topic_Staff_3 is -0.0339088

pgibbs sample time: 5.2e-05 seconds
probability of topic_Faculty_49 is 0.471597

mode equations: influence compute time (equations): 0.000844 seconds
influence of hasword_home_49 on topic_Faculty_49 is -0.0283417

pgibbs sample time: 5.1e-05 seconds
probability of topic_Person_27 is 0.505972

mode equations: influence compute time (equations): 0.000842 seconds
influence of hasword_jan_27 on topic_Person_27 is 0.00597112

pgibbs sample time: 4.9e-05 seconds
probability of topic_Course_25 is 0.47654

mode equations: influence compute time (equations): 0.000846 seconds
influence of hasword_jan_25 on topic_Course_25 is -0.0234259

pgibbs sample time: 4.9e-05 seconds
probability of topic_Course_30 is 0.576832

mode equations: influence compute time (equations): 0.00084 seconds
influence of hasword_tree_30 on topic_Course_30 is 0.0756163

pgibbs sample time: 5.2e-05 seconds
probability of topic_Faculty_29 is 0.662028

mode equations: influence compute time (equations): 0.000873 seconds
influence of hasword_depart_29 on topic_Faculty_29 is 0.150435

pgibbs sample time: 6.8e-05 seconds
probability of topic_ResearchProject_47 is 0.410996

mode equations: influence compute time (equations): 0.000852 seconds
influence of r86 on topic_ResearchProject_47 is 0.242078

pgibbs sample time: 5.2e-05 seconds
probability of topic_Faculty_41 is 0.694037

mode equations: influence compute time (equations): 0.000847 seconds
influence of hasword_interest_41 on topic_Faculty_41 is 0.173927

pgibbs sample time: 6.6e-05 seconds
probability of topic_Faculty_26 is 0.580655

mode equations: influence compute time (equations): 0.000851 seconds
influence of hasword_specif_26 on topic_Faculty_26 is 0.0997335

pgibbs sample time: 5.1e-05 seconds
probability of topic_Staff_36 is 0.517015

mode equations: influence compute time (equations): 0.000855 seconds
influence of hasword_system_36 on topic_Staff_36 is 0.0170015

pgibbs sample time: 5e-05 seconds
probability of topic_Staff_52 is 0.511184

mode equations: influence compute time (equations): 0.000847 seconds
influence of hasword_test_52 on topic_Staff_52 is 0.0111803

pgibbs sample time: 4.9e-05 seconds
probability of topic_Person_2 is 0.620991

mode equations: influence compute time (equations): 0.000848 seconds
influence of hasword_phone_2 on topic_Person_2 is 0.116211

pgibbs sample time: 5.2e-05 seconds
probability of topic_Student_62 is 0.501822

mode equations: influence compute time (equations): 0.000848 seconds
influence of hasword_length_62 on topic_Student_62 is 0.00182246

pgibbs sample time: 5.1e-05 seconds
probability of topic_Course_36 is 0.687328

mode equations: influence compute time (equations): 0.000849 seconds
influence of hasword_system_36 on topic_Course_36 is 0.169274

pgibbs sample time: 5e-05 seconds
probability of topic_ResearchProject_66 is 0.437775

mode equations: influence compute time (equations): 0.000851 seconds
influence of hasword_text_66 on topic_ResearchProject_66 is -0.061581

pgibbs sample time: 5e-05 seconds
probability of topic_Staff_65 is 0.443048

mode equations: influence compute time (equations): 0.000849 seconds
influence of hasword_high_65 on topic_Staff_65 is -0.0564576

pgibbs sample time: 5.1e-05 seconds
probability of topic_Department_15 is 0.39707

mode equations: influence compute time (equations): 0.000848 seconds
influence of hasword_modifi_15 on topic_Department_15 is -0.0999966

pgibbs sample time: 5.3e-05 seconds
probability of topic_Department_54 is 0.498189

mode equations: influence compute time (equations): 0.000852 seconds
influence of hasword_syllabu_54 on topic_Department_54 is -0.00181056

pgibbs sample time: 0.000258 seconds
probability of topic_ResearchProject_59 is 0.503605

mode equations: influence compute time (equations): 0.000882 seconds
influence of links_59_46 on topic_ResearchProject_59 is -0.0129559

pgibbs sample time: 0.000195 seconds
probability of topic_Staff_40 is 0.556542

mode equations: influence compute time (equations): 0.000871 seconds
influence of links_43_40 on topic_Staff_40 is 0.0155545

pgibbs sample time: 5.1e-05 seconds
probability of topic_Person_62 is 0.482416

mode equations: influence compute time (equations): 0.000842 seconds
influence of hasword_length_62 on topic_Person_62 is -0.0175695

pgibbs sample time: 5e-05 seconds
probability of topic_Faculty_1 is 0.517145

mode equations: influence compute time (equations): 0.000842 seconds
influence of hasword_model_1 on topic_Faculty_1 is 0.0171314

pgibbs sample time: 5.2e-05 seconds
probability of topic_Student_13 is 0.540469

mode equations: influence compute time (equations): 0.000847 seconds
influence of hasword_develop_13 on topic_Student_13 is 0.0402921

pgibbs sample time: 5.2e-05 seconds
probability of topic_Staff_15 is 0.392841

mode equations: influence compute time (equations): 0.000853 seconds
influence of hasword_modifi_15 on topic_Staff_15 is -0.103847

pgibbs sample time: 5.2e-05 seconds
probability of topic_ResearchProject_63 is 0.462699

mode equations: influence compute time (equations): 0.000843 seconds
influence of hasword_jan_63 on topic_ResearchProject_63 is -0.0371628

pgibbs sample time: 5e-05 seconds
probability of topic_Staff_60 is 0.412752

mode equations: influence compute time (equations): 0.000841 seconds
influence of hasword_mime_60 on topic_Staff_60 is -0.0854659

pgibbs sample time: 5.2e-05 seconds
probability of topic_Student_28 is 0.493937

mode equations: influence compute time (equations): 0.000854 seconds
influence of hasword_gmt_28 on topic_Student_28 is -0.00606228

pgibbs sample time: 5e-05 seconds
probability of topic_Person_34 is 0.427691

mode equations: influence compute time (equations): 0.000846 seconds
influence of hasword_man_34 on topic_Person_34 is -0.071297

pgibbs sample time: 5.3e-05 seconds
probability of topic_ResearchProject_29 is 0.386627

mode equations: influence compute time (equations): 0.000845 seconds
influence of hasword_depart_29 on topic_ResearchProject_29 is -0.109446

pgibbs sample time: 5.1e-05 seconds
probability of topic_Course_54 is 0.598444

mode equations: influence compute time (equations): 0.000847 seconds
influence of hasword_syllabu_54 on topic_Course_54 is 0.0958803

pgibbs sample time: 5.1e-05 seconds
probability of topic_Staff_22 is 0.552182

mode equations: influence compute time (equations): 0.00085 seconds
influence of hasword_gener_22 on topic_Staff_22 is 0.0518023

pgibbs sample time: 0.000302 seconds
probability of topic_Department_46 is 0.475353

mode equations: influence compute time (equations): 0.000887 seconds
influence of links_46_59 on topic_Department_46 is -0.015682

pgibbs sample time: 5.1e-05 seconds
probability of topic_Staff_7 is 0.447858

mode equations: influence compute time (equations): 0.000846 seconds
influence of hasword_date_7 on topic_Staff_7 is -0.0517629

pgibbs sample time: 5.3e-05 seconds
probability of topic_ResearchProject_6 is 0.442936

mode equations: influence compute time (equations): 0.000838 seconds
influence of hasword_date_6 on topic_ResearchProject_6 is -0.0565672

pgibbs sample time: 5.1e-05 seconds
probability of topic_Course_13 is 0.459095

mode equations: influence compute time (equations): 0.000847 seconds
influence of hasword_develop_13 on topic_Course_13 is -0.0407224

pgibbs sample time: 5.1e-05 seconds
probability of topic_Student_3 is 0.439683

mode equations: influence compute time (equations): 0.000845 seconds
influence of hasword_algorithm_3 on topic_Student_3 is -0.0597297

pgibbs sample time: 0.000216 seconds
probability of topic_Person_12 is 0.452042

mode equations: influence compute time (equations): 0.000881 seconds
influence of links_47_12 on topic_Person_12 is 0.014928

pgibbs sample time: 5.4e-05 seconds
probability of topic_Student_64 is 0.469789

mode equations: influence compute time (equations): 0.000843 seconds
influence of hasword_laboratori_64 on topic_Student_64 is -0.0301373

pgibbs sample time: 5.1e-05 seconds
probability of topic_Course_55 is 0.43891

mode equations: influence compute time (equations): 0.000844 seconds
influence of hasword_modifi_55 on topic_Course_55 is -0.0604797

pgibbs sample time: 5.1e-05 seconds
probability of topic_Person_50 is 0.585637

mode equations: influence compute time (equations): 0.000845 seconds
influence of hasword_art_50 on topic_Person_50 is 0.0839519

pgibbs sample time: 4.9e-05 seconds
probability of topic_Faculty_7 is 0.419826

mode equations: influence compute time (equations): 0.000846 seconds
influence of hasword_date_7 on topic_Faculty_7 is -0.0787922

pgibbs sample time: 5e-05 seconds
probability of topic_Staff_6 is 0.447858

mode equations: influence compute time (equations): 0.000844 seconds
influence of hasword_date_6 on topic_Staff_6 is -0.0517629

pgibbs sample time: 5.2e-05 seconds
probability of topic_Department_4 is 0.48277

mode equations: influence compute time (equations): 0.000844 seconds
influence of hasword_represent_4 on topic_Department_4 is -0.0172163

pgibbs sample time: 5.1e-05 seconds
probability of topic_Faculty_30 is 0.519036

mode equations: influence compute time (equations): 0.000852 seconds
influence of hasword_tree_30 on topic_Faculty_30 is 0.0190173

pgibbs sample time: 0.000292 seconds
probability of topic_Student_46 is 0.492171

mode equations: influence compute time (equations): 0.000887 seconds
influence of hasword_type_46 on topic_Student_46 is -0.0124575

pgibbs sample time: 0.000198 seconds
probability of topic_ResearchProject_33 is 0.287368

mode equations: influence compute time (equations): 0.000925 seconds
influence of links_33_19 on topic_ResearchProject_33 is -0.0119883

pgibbs sample time: 5.1e-05 seconds
probability of topic_Course_2 is 0.464953

mode equations: influence compute time (equations): 0.000841 seconds
influence of hasword_phone_2 on topic_Course_2 is -0.034932

pgibbs sample time: 5.3e-05 seconds
probability of topic_Student_45 is 0.495991

mode equations: influence compute time (equations): 0.000841 seconds
influence of hasword_utexa_45 on topic_Student_45 is -0.00400899

pgibbs sample time: 5.3e-05 seconds
probability of topic_ResearchProject_57 is 0.489022

mode equations: influence compute time (equations): 0.000849 seconds
influence of hasword_separ_57 on topic_ResearchProject_57 is -0.0109745

pgibbs sample time: 5.1e-05 seconds
probability of topic_Person_29 is 0.615632

mode equations: influence compute time (equations): 0.000851 seconds
influence of hasword_depart_29 on topic_Person_29 is 0.111464

pgibbs sample time: 6.4e-05 seconds
probability of topic_Person_9 is 0.385403

mode equations: influence compute time (equations): 0.000847 seconds
influence of hasword_servic_9 on topic_Person_9 is -0.0409606

pgibbs sample time: 5.2e-05 seconds
probability of topic_ResearchProject_31 is 0.495024

mode equations: influence compute time (equations): 0.000845 seconds
influence of hasword_sequenc_31 on topic_ResearchProject_31 is -0.00497521

pgibbs sample time: 5e-05 seconds
probability of topic_Person_6 is 0.498179

mode equations: influence compute time (equations): 0.000848 seconds
influence of hasword_date_6 on topic_Person_6 is -0.00182059

pgibbs sample time: 5.1e-05 seconds
probability of topic_Staff_62 is 0.389253

mode equations: influence compute time (equations): 0.000848 seconds
influence of hasword_length_62 on topic_Staff_62 is -0.107088

pgibbs sample time: 0.000192 seconds
probability of topic_Course_35 is 0.621655

mode equations: influence compute time (equations): 0.000876 seconds
influence of links_22_35 on topic_Course_35 is 0.012246

pgibbs sample time: 5.2e-05 seconds
probability of topic_Faculty_17 is 0.446163

mode equations: influence compute time (equations): 0.000853 seconds
influence of hasword_materi_17 on topic_Faculty_17 is -0.0534204

pgibbs sample time: 5.2e-05 seconds
probability of topic_Student_22 is 0.43523

mode equations: influence compute time (equations): 0.000841 seconds
influence of hasword_gener_22 on topic_Student_22 is -0.0640425

pgibbs sample time: 0.00028 seconds
probability of topic_Staff_59 is 0.4983

mode equations: influence compute time (equations): 0.000901 seconds
influence of links_59_46 on topic_Staff_59 is -0.0129002

pgibbs sample time: 0.000279 seconds
probability of topic_Staff_46 is 0.433162

mode equations: influence compute time (equations): 0.000886 seconds
influence of links_59_46 on topic_Staff_46 is 0.0144634

pgibbs sample time: 5.3e-05 seconds
probability of topic_Student_60 is 0.526876

mode equations: influence compute time (equations): 0.00084 seconds
influence of hasword_mime_60 on topic_Student_60 is 0.0268238

pgibbs sample time: 0.0002 seconds
probability of topic_Faculty_51 is 0.475976

mode equations: influence compute time (equations): 0.000879 seconds
influence of links_51_21 on topic_Faculty_51 is -0.0142431

pgibbs sample time: 5.2e-05 seconds
probability of topic_Person_45 is 0.488394

mode equations: influence compute time (equations): 0.000839 seconds
influence of hasword_utexa_45 on topic_Person_45 is -0.0116017

pgibbs sample time: 5.2e-05 seconds
probability of topic_ResearchProject_56 is 0.543606

mode equations: influence compute time (equations): 0.000846 seconds
influence of hasword_includ_56 on topic_ResearchProject_56 is 0.043385

pgibbs sample time: 5e-05 seconds
probability of topic_Course_29 is 0.487672

mode equations: influence compute time (equations): 0.000846 seconds
influence of hasword_depart_29 on topic_Course_29 is -0.0123228

pgibbs sample time: 5.1e-05 seconds
probability of topic_Student_36 is 0.570691

mode equations: influence compute time (equations): 0.000848 seconds
influence of hasword_system_36 on topic_Student_36 is 0.0697457

pgibbs sample time: 5.1e-05 seconds
probability of topic_Faculty_55 is 0.429819

mode equations: influence compute time (equations): 0.000897 seconds
influence of hasword_modifi_55 on topic_Faculty_55 is -0.0692556

pgibbs sample time: 5.2e-05 seconds
probability of topic_Department_31 is 0.478045

mode equations: influence compute time (equations): 0.000846 seconds
influence of hasword_sequenc_31 on topic_Department_31 is -0.0219273

pgibbs sample time: 5e-05 seconds
probability of topic_Department_62 is 0.482103

mode equations: influence compute time (equations): 0.000854 seconds
influence of hasword_length_62 on topic_Department_62 is -0.0178819

pgibbs sample time: 0.0003 seconds
probability of topic_Department_59 is 0.53218

mode equations: influence compute time (equations): 0.000897 seconds
influence of links_46_59 on topic_Department_59 is 0.0154582

pgibbs sample time: 0.000192 seconds
probability of topic_Staff_61 is 0.502656

mode equations: influence compute time (equations): 0.000907 seconds
influence of rl on topic_Staff_61 is 0.176696

pgibbs sample time: 5.2e-05 seconds
probability of topic_Faculty_48 is 0.417515

mode equations: influence compute time (equations): 0.000839 seconds
influence of hasword_apr_48 on topic_Faculty_48 is -0.0809807

pgibbs sample time: 5.1e-05 seconds
probability of topic_ResearchProject_58 is 0.462699

mode equations: influence compute time (equations): 0.000841 seconds
influence of hasword_jan_58 on topic_ResearchProject_58 is -0.0371628

pgibbs sample time: 5e-05 seconds
probability of topic_Staff_53 is 0.447858

mode equations: influence compute time (equations): 0.000848 seconds
influence of hasword_date_53 on topic_Staff_53 is -0.0517629

pgibbs sample time: 5.2e-05 seconds
probability of topic_Department_52 is 0.452421

mode equations: influence compute time (equations): 0.000847 seconds
influence of hasword_test_52 on topic_Department_52 is -0.0472916

pgibbs sample time: 5.1e-05 seconds
probability of topic_ResearchProject_48 is 0.374853

mode equations: influence compute time (equations): 0.000849 seconds
influence of hasword_apr_48 on topic_ResearchProject_48 is -0.119853

pgibbs sample time: 5.1e-05 seconds
probability of topic_Faculty_63 is 0.489816

mode equations: influence compute time (equations): 0.000845 seconds
influence of hasword_jan_63 on topic_Faculty_63 is -0.0101812

pgibbs sample time: 5.1e-05 seconds
probability of topic_ResearchProject_10 is 0.462699

mode equations: influence compute time (equations): 0.00085 seconds
influence of hasword_jan_10 on topic_ResearchProject_10 is -0.0371628

pgibbs sample time: 5.3e-05 seconds
probability of topic_Department_2 is 0.492523

mode equations: influence compute time (equations): 0.00085 seconds
influence of hasword_phone_2 on topic_Department_2 is -0.00747603

pgibbs sample time: 5.1e-05 seconds
probability of topic_Student_34 is 0.438594

mode equations: influence compute time (equations): 0.000849 seconds
influence of hasword_man_34 on topic_Student_34 is -0.0607866

pgibbs sample time: 0.0002 seconds
probability of topic_ResearchProject_40 is 0.400194

mode equations: influence compute time (equations): 0.000881 seconds
influence of links_43_40 on topic_ResearchProject_40 is 0.0150409

pgibbs sample time: 5e-05 seconds
probability of topic_Course_16 is 0.425378

mode equations: influence compute time (equations): 0.000844 seconds
influence of hasword_gmt_16 on topic_Course_16 is -0.0735086

pgibbs sample time: 5.3e-05 seconds
probability of topic_Student_66 is 0.48777

mode equations: influence compute time (equations): 0.000841 seconds
influence of hasword_text_66 on topic_Student_66 is -0.0122252

pgibbs sample time: 5.1e-05 seconds
probability of topic_Faculty_60 is 0.432194

mode equations: influence compute time (equations): 0.000847 seconds
influence of hasword_mime_60 on topic_Faculty_60 is -0.0669715

pgibbs sample time: 5.1e-05 seconds
probability of topic_Student_38 is 0.3807

mode equations: influence compute time (equations): 0.000848 seconds
influence of hasword_data_38 on topic_Student_38 is -0.114719

pgibbs sample time: 0.000193 seconds
probability of topic_Staff_12 is 0.505254

mode equations: influence compute time (equations): 0.000878 seconds
influence of links_47_12 on topic_Staff_12 is 0.0175537

pgibbs sample time: 6.5e-05 seconds
probability of topic_Staff_44 is 0.447579

mode equations: influence compute time (equations): 0.000842 seconds
influence of hasword_formal_44 on topic_Staff_44 is -0.00931188

pgibbs sample time: 5.2e-05 seconds
probability of topic_Faculty_53 is 0.419826

mode equations: influence compute time (equations): 0.000848 seconds
influence of hasword_date_53 on topic_Faculty_53 is -0.0787922

pgibbs sample time: 5.1e-05 seconds
probability of topic_ResearchProject_65 is 0.529164

mode equations: influence compute time (equations): 0.000847 seconds
influence of hasword_high_65 on topic_ResearchProject_65 is 0.0290979

pgibbs sample time: 5e-05 seconds
probability of topic_ResearchProject_25 is 0.462699

mode equations: influence compute time (equations): 0.000894 seconds
influence of hasword_jan_25 on topic_ResearchProject_25 is -0.0371628

pgibbs sample time: 5e-05 seconds
probability of topic_Faculty_11 is 0.312406

mode equations: influence compute time (equations): 0.000845 seconds
influence of hasword_dec_11 on topic_Faculty_11 is -0.169461

pgibbs sample time: 5e-05 seconds
probability of topic_Staff_49 is 0.462791

mode equations: influence compute time (equations): 0.000845 seconds
influence of hasword_home_49 on topic_Staff_49 is -0.0370718

pgibbs sample time: 0.000221 seconds
probability of topic_ResearchProject_21 is 0.54492

mode equations: influence compute time (equations): 0.000908 seconds
influence of links_51_21 on topic_ResearchProject_21 is 0.0157256

pgibbs sample time: 0.0002 seconds
probability of topic_Faculty_21 is 0.496341

mode equations: influence compute time (equations): 0.000883 seconds
influence of links_51_21 on topic_Faculty_21 is 0.0150263

pgibbs sample time: 5e-05 seconds
probability of topic_Course_11 is 0.31139

mode equations: influence compute time (equations): 0.000839 seconds
influence of hasword_dec_11 on topic_Course_11 is -0.170175

pgibbs sample time: 6.5e-05 seconds
probability of topic_Student_44 is 0.499309

mode equations: influence compute time (equations): 0.000847 seconds
influence of r1159 on topic_Student_44 is 0.25

pgibbs sample time: 5.1e-05 seconds
probability of topic_Course_50 is 0.427222

mode equations: influence compute time (equations): 0.000846 seconds
influence of hasword_art_50 on topic_Course_50 is -0.0717456

pgibbs sample time: 5.3e-05 seconds
probability of topic_Department_29 is 0.692524

mode equations: influence compute time (equations): 0.000849 seconds
influence of hasword_depart_29 on topic_Department_29 is 0.172891

pgibbs sample time: 5e-05 seconds
probability of topic_Staff_11 is 0.280067

mode equations: influence compute time (equations): 0.000845 seconds
influence of hasword_dec_11 on topic_Staff_11 is -0.190364

pgibbs sample time: 5.1e-05 seconds
probability of topic_Faculty_34 is 0.488039

mode equations: influence compute time (equations): 0.000877 seconds
influence of hasword_man_34 on topic_Faculty_34 is -0.0119562

pgibbs sample time: 0.00022 seconds
probability of topic_Course_47 is 0.758464

mode equations: influence compute time (equations): 0.000881 seconds
influence of links_47_12 on topic_Course_47 is -0.0128494

pgibbs sample time: 5e-05 seconds
probability of topic_Course_60 is 0.411195

mode equations: influence compute time (equations): 0.000839 seconds
influence of hasword_mime_60 on topic_Course_60 is -0.0869258

pgibbs sample time: 4.9e-05 seconds
probability of topic_Course_38 is 0.409805

mode equations: influence compute time (equations): 0.000839 seconds
influence of hasword_data_38 on topic_Course_38 is -0.0882253

pgibbs sample time: 5e-05 seconds
probability of topic_Person_66 is 0.486242

mode equations: influence compute time (equations): 0.000848 seconds
influence of hasword_text_66 on topic_Person_66 is -0.0137514

pgibbs sample time: 5.5e-05 seconds
probability of topic_ResearchProject_64 is 0.470243

mode equations: influence compute time (equations): 0.000851 seconds
influence of hasword_laboratori_64 on topic_ResearchProject_64 is -0.029687

pgibbs sample time: 0.000198 seconds
probability of topic_Faculty_40 is 0.587785

mode equations: influence compute time (equations): 0.000884 seconds
influence of links_43_40 on topic_Faculty_40 is 0.0150937

pgibbs sample time: 5.1e-05 seconds
probability of topic_Staff_20 is 0.447858

mode equations: influence compute time (equations): 0.00084 seconds
influence of hasword_date_20 on topic_Staff_20 is -0.0517629

pgibbs sample time: 5.2e-05 seconds
probability of topic_Department_58 is 0.649423

mode equations: influence compute time (equations): 0.000867 seconds
influence of hasword_jan_58 on topic_Department_58 is 0.140361

pgibbs sample time: 5.1e-05 seconds
probability of topic_Faculty_16 is 0.419826

mode equations: influence compute time (equations): 0.000848 seconds
influence of hasword_gmt_16 on topic_Faculty_16 is -0.0787922

pgibbs sample time: 5.1e-05 seconds
probability of topic_Faculty_66 is 0.401781

mode equations: influence compute time (equations): 0.000848 seconds
influence of hasword_text_66 on topic_Faculty_66 is -0.0956723

pgibbs sample time: 5.1e-05 seconds
probability of topic_ResearchProject_52 is 0.476468

mode equations: influence compute time (equations): 0.000863 seconds
influence of hasword_test_52 on topic_ResearchProject_52 is -0.0234975

pgibbs sample time: 5.2e-05 seconds
probability of topic_Staff_13 is 0.457572

mode equations: influence compute time (equations): 0.00085 seconds
influence of hasword_develop_13 on topic_Staff_13 is -0.0422245

pgibbs sample time: 5.2e-05 seconds
probability of topic_Department_36 is 0.371091

mode equations: influence compute time (equations): 0.000849 seconds
influence of hasword_system_36 on topic_Department_36 is -0.123118

pgibbs sample time: 5.2e-05 seconds
probability of topic_Student_63 is 0.524583

mode equations: influence compute time (equations): 0.000897 seconds
influence of hasword_jan_63 on topic_Student_63 is 0.0245437

pgibbs sample time: 5.1e-05 seconds
probability of topic_Course_5 is 0.415922

mode equations: influence compute time (equations): 0.00085 seconds
influence of hasword_html_5 on topic_Course_5 is -0.0824838

pgibbs sample time: 5.2e-05 seconds
probability of topic_Department_18 is 0.481264

mode equations: influence compute time (equations): 0.000848 seconds
influence of hasword_html_18 on topic_Department_18 is -0.0187183

pgibbs sample time: 5.1e-05 seconds
probability of topic_ResearchProject_2 is 0.437523

mode equations: influence compute time (equations): 0.000855 seconds
influence of hasword_phone_2 on topic_ResearchProject_2 is -0.0618246

pgibbs sample time: 4.9e-05 seconds
probability of topic_Staff_25 is 0.576178

mode equations: influence compute time (equations): 0.00085 seconds
influence of hasword_jan_25 on topic_Staff_25 is 0.0749938

pgibbs sample time: 6.6e-05 seconds
probability of topic_Department_44 is 0.373148

mode equations: influence compute time (equations): 0.000854 seconds
influence of hasword_formal_44 on topic_Department_44 is -0.00569588

pgibbs sample time: 5.2e-05 seconds
probability of topic_Student_29 is 0.538624

mode equations: influence compute time (equations): 0.000849 seconds
influence of hasword_depart_29 on topic_Student_29 is 0.0384706

pgibbs sample time: 5.2e-05 seconds
probability of topic_Person_54 is 0.374065

mode equations: influence compute time (equations): 0.000852 seconds
influence of hasword_syllabu_54 on topic_Person_54 is -0.120539

pgibbs sample time: 5.1e-05 seconds
probability of topic_Faculty_20 is 0.419826

mode equations: influence compute time (equations): 0.000856 seconds
influence of hasword_date_20 on topic_Faculty_20 is -0.0787922

pgibbs sample time: 5.1e-05 seconds
probability of topic_Staff_56 is 0.505232

mode equations: influence compute time (equations): 0.000853 seconds
influence of hasword_includ_56 on topic_Staff_56 is 0.00523205

pgibbs sample time: 5e-05 seconds
probability of topic_Course_58 is 0.47654

mode equations: influence compute time (equations): 0.000852 seconds
influence of hasword_jan_58 on topic_Course_58 is -0.0234259

pgibbs sample time: 5.2e-05 seconds
probability of topic_Faculty_23 is 0.478687

mode equations: influence compute time (equations): 0.000855 seconds
influence of hasword_texa_23 on topic_Faculty_23 is -0.0212869

pgibbs sample time: 0.000199 seconds
probability of topic_ResearchProject_43 is 0.450356

mode equations: influence compute time (equations): 0.000882 seconds
influence of links_43_40 on topic_ResearchProject_43 is -0.011478

pgibbs sample time: 0.000193 seconds
probability of topic_Person_33 is 0.68996

mode equations: influence compute time (equations): 0.000878 seconds
influence of links_33_19 on topic_Person_33 is -0.00937336

pgibbs sample time: 5.1e-05 seconds
probability of topic_Staff_5 is 0.423377

mode equations: influence compute time (equations): 0.000841 seconds
influence of hasword_html_5 on topic_Staff_5 is -0.0754173

pgibbs sample time: 0.000191 seconds
probability of topic_Person_19 is 0.383952

mode equations: influence compute time (equations): 0.000883 seconds
influence of links_33_19 on topic_Person_19 is 0.00843687

pgibbs sample time: 5.2e-05 seconds
probability of topic_Person_42 is 0.661866

mode equations: influence compute time (equations): 0.000843 seconds
influence of hasword_scienc_42 on topic_Person_42 is 0.150309

pgibbs sample time: 5.3e-05 seconds
probability of topic_Faculty_13 is 0.546112

mode equations: influence compute time (equations): 0.000845 seconds
influence of hasword_develop_13 on topic_Faculty_13 is 0.0458499

pgibbs sample time: 5e-05 seconds
probability of topic_Course_32 is 0.425578

mode equations: influence compute time (equations): 0.00085 seconds
influence of hasword_softwar_32 on topic_Course_32 is -0.0733181

pgibbs sample time: 5.2e-05 seconds
probability of topic_Department_49 is 0.643413

mode equations: influence compute time (equations): 0.000848 seconds
influence of hasword_home_49 on topic_Department_49 is 0.135413

pgibbs sample time: 6.9e-05 seconds
probability of topic_ResearchProject_44 is 0.498634

mode equations: influence compute time (equations): 0.000852 seconds
influence of hasword_formal_44 on topic_ResearchProject_44 is -0.0398715

pgibbs sample time: 5e-05 seconds
probability of topic_Person_14 is 0.661866

mode equations: influence compute time (equations): 0.000853 seconds
influence of hasword_scienc_14 on topic_Person_14 is 0.150309

pgibbs sample time: 5.3e-05 seconds
probability of topic_ResearchProject_42 is 0.510441

mode equations: influence compute time (equations): 0.000852 seconds
influence of hasword_scienc_42 on topic_ResearchProject_42 is 0.0104381

pgibbs sample time: 5.1e-05 seconds
probability of topic_Staff_4 is 0.46839

mode equations: influence compute time (equations): 0.000849 seconds
influence of hasword_represent_4 on topic_Staff_4 is -0.0315252

pgibbs sample time: 5e-05 seconds
probability of topic_Course_15 is 0.43891

mode equations: influence compute time (equations): 0.000851 seconds
influence of hasword_modifi_15 on topic_Course_15 is -0.0604797

pgibbs sample time: 6.9e-05 seconds
probability of topic_Staff_64 is 0.503992

mode equations: influence compute time (equations): 0.000851 seconds
influence of hasword_laboratori_64 on topic_Staff_64 is 0.00399165

pgibbs sample time: 5e-05 seconds
probability of topic_Faculty_5 is 0.387388

mode equations: influence compute time (equations): 0.000859 seconds
influence of hasword_html_5 on topic_Faculty_5 is -0.108764

pgibbs sample time: 5.2e-05 seconds
probability of topic_ResearchProject_14 is 0.510441

mode equations: influence compute time (equations): 0.000852 seconds
influence of hasword_scienc_14 on topic_ResearchProject_14 is 0.0104381

pgibbs sample time: 5.2e-05 seconds
probability of topic_Department_41 is 0.424289

mode equations: influence compute time (equations): 0.000852 seconds
influence of hasword_interest_41 on topic_Department_41 is -0.0745481

pgibbs sample time: 5.2e-05 seconds
probability of topic_Department_8 is 0.477736

mode equations: influence compute time (equations): 0.000852 seconds
influence of hasword_implement_8 on topic_Department_8 is -0.0222348

pgibbs sample time: 5.2e-05 seconds
probability of topic_Department_63 is 0.649423

mode equations: influence compute time (equations): 0.000853 seconds
influence of hasword_jan_63 on topic_Department_63 is 0.140361

pgibbs sample time: 0.000204 seconds
probability of topic_Student_39 is 0.32077

mode equations: influence compute time (equations): 0.000881 seconds
influence of links_61_39 on topic_Student_39 is 0.0147987

pgibbs sample time: 0.000199 seconds
probability of topic_Student_51 is 0.511272

mode equations: influence compute time (equations): 0.000887 seconds
influence of links_51_21 on topic_Student_51 is -0.0137126

pgibbs sample time: 5.2e-05 seconds
probability of topic_Student_4 is 0.534022

mode equations: influence compute time (equations): 0.000846 seconds
influence of hasword_represent_4 on topic_Student_4 is 0.033917

pgibbs sample time: 5e-05 seconds
probability of topic_Staff_38 is 0.45716

mode equations: influence compute time (equations): 0.000841 seconds
influence of hasword_data_38 on topic_Staff_38 is -0.0426302

pgibbs sample time: 5.2e-05 seconds
probability of topic_ResearchProject_50 is 0.482183

mode equations: influence compute time (equations): 0.000852 seconds
influence of hasword_art_50 on topic_ResearchProject_50 is -0.0178022

pgibbs sample time: 0.000206 seconds
probability of topic_Department_51 is 0.637696

mode equations: influence compute time (equations): 0.000883 seconds
influence of links_51_21 on topic_Department_51 is -0.0120796

pgibbs sample time: 5.4e-05 seconds
probability of topic_Course_27 is 0.47654

mode equations: influence compute time (equations): 0.000851 seconds
influence of hasword_jan_27 on topic_Course_27 is -0.0234259

pgibbs sample time: 5.3e-05 seconds
probability of topic_Person_11 is 0.0568886

mode equations: influence compute time (equations): 0.000843 seconds
influence of hasword_dec_11 on topic_Person_11 is -0.15066

pgibbs sample time: 4.9e-05 seconds
probability of topic_Course_48 is 0.519589

mode equations: influence compute time (equations): 0.000854 seconds
influence of hasword_apr_48 on topic_Course_48 is 0.0195689

pgibbs sample time: 6.7e-05 seconds
probability of topic_ResearchProject_9 is 0.365006

mode equations: influence compute time (equations): 0.000853 seconds
influence of hasword_servic_9 on topic_ResearchProject_9 is -0.0964441

pgibbs sample time: 5.1e-05 seconds
probability of topic_Course_49 is 0.577641

mode equations: influence compute time (equations): 0.000848 seconds
influence of hasword_home_49 on topic_Course_49 is 0.0763864

pgibbs sample time: 5.2e-05 seconds
probability of topic_Department_25 is 0.649423

mode equations: influence compute time (equations): 0.000848 seconds
influence of hasword_jan_25 on topic_Department_25 is 0.140361

pgibbs sample time: 0.00019 seconds
probability of topic_Person_43 is 0.486714

mode equations: influence compute time (equations): 0.000877 seconds
influence of links_43_40 on topic_Person_43 is -0.0182659

pgibbs sample time: 7e-05 seconds
probability of topic_Department_28 is 0.480109

mode equations: influence compute time (equations): 0.000846 seconds
influence of hasword_gmt_28 on topic_Department_28 is -0.01987

pgibbs sample time: 5.2e-05 seconds
probability of topic_Department_42 is 0.412026

mode equations: influence compute time (equations): 0.000846 seconds
influence of hasword_scienc_42 on topic_Department_42 is -0.0861474

pgibbs sample time: 0.000229 seconds
probability of topic_Student_12 is 0.501461

mode equations: influence compute time (equations): 0.00089 seconds
influence of links_47_12 on topic_Student_12 is 0.0155925

pgibbs sample time: 5.2e-05 seconds
probability of topic_ResearchProject_62 is 0.470989

mode equations: influence compute time (equations): 0.000842 seconds
influence of hasword_length_62 on topic_ResearchProject_62 is -0.0289462

pgibbs sample time: 5.2e-05 seconds
probability of topic_Course_17 is 0.75994

mode equations: influence compute time (equations): 0.000843 seconds
influence of hasword_materi_17 on topic_Course_17 is 0.210225

pgibbs sample time: 5.2e-05 seconds
probability of topic_Faculty_31 is 0.547991

mode equations: influence compute time (equations): 0.00085 seconds
influence of hasword_sequenc_31 on topic_Faculty_31 is 0.0476958

pgibbs sample time: 5e-05 seconds
probability of topic_Staff_8 is 0.555017

mode equations: influence compute time (equations): 0.000855 seconds
influence of hasword_implement_8 on topic_Staff_8 is 0.0545719

pgibbs sample time: 5.2e-05 seconds
probability of topic_ResearchProject_7 is 0.442936

mode equations: influence compute time (equations): 0.000849 seconds
influence of hasword_date_7 on topic_ResearchProject_7 is -0.0565672

pgibbs sample time: 5.1e-05 seconds
probability of topic_ResearchProject_37 is 0.493629

mode equations: influence compute time (equations): 0.000849 seconds
influence of hasword_austin_37 on topic_ResearchProject_37 is -0.00637009

pgibbs sample time: 5e-05 seconds
probability of topic_Student_2 is 0.425061

mode equations: influence compute time (equations): 0.000852 seconds
influence of hasword_phone_2 on topic_Student_2 is -0.0738116

pgibbs sample time: 5.2e-05 seconds
probability of topic_Student_65 is 0.541661

mode equations: influence compute time (equations): 0.000852 seconds
influence of hasword_high_65 on topic_Student_65 is 0.0414678

pgibbs sample time: 5e-05 seconds
probability of topic_Person_24 is 0.488201

mode equations: influence compute time (equations): 0.00085 seconds
influence of hasword_research_24 on topic_Person_24 is -0.0117943

pgibbs sample time: 5.2e-05 seconds
probability of topic_Faculty_10 is 0.489816

mode equations: influence compute time (equations): 0.000853 seconds
influence of hasword_jan_10 on topic_Faculty_10 is -0.0101812

pgibbs sample time: 5.1e-05 seconds
probability of topic_ResearchProject_38 is 0.541454

mode equations: influence compute time (equations): 0.000853 seconds
influence of hasword_data_38 on topic_ResearchProject_38 is 0.0412634

pgibbs sample time: 0.0002 seconds
probability of topic_Department_22 is 0.728317

mode equations: influence compute time (equations): 0.000884 seconds
influence of links_22_35 on topic_Department_22 is -0.0115496

pgibbs sample time: 5.4e-05 seconds
probability of topic_Faculty_45 is 0.499912

mode equations: influence compute time (equations): 0.000844 seconds
influence of hasword_utexa_45 on topic_Faculty_45 is -8.8213e-05

pgibbs sample time: 5.1e-05 seconds
probability of topic_Department_30 is 0.495797

mode equations: influence compute time (equations): 0.000842 seconds
influence of hasword_tree_30 on topic_Department_30 is -0.00420323

pgibbs sample time: 5.5e-05 seconds
probability of topic_ResearchProject_36 is 0.403352

mode equations: influence compute time (equations): 0.000853 seconds
influence of hasword_system_36 on topic_ResearchProject_36 is -0.0942224

pgibbs sample time: 5.1e-05 seconds
probability of topic_Course_4 is 0.475249

mode equations: influence compute time (equations): 0.000854 seconds
influence of hasword_represent_4 on topic_Course_4 is -0.0247106

pgibbs sample time: 5e-05 seconds
probability of topic_Department_34 is 0.48951

mode equations: influence compute time (equations): 0.000848 seconds
influence of hasword_man_34 on topic_Department_34 is -0.0104865

pgibbs sample time: 5.2e-05 seconds
probability of topic_Department_37 is 0.448246

mode equations: influence compute time (equations): 0.000848 seconds
influence of hasword_austin_37 on topic_Department_37 is -0.0513835

pgibbs sample time: 5.3e-05 seconds
probability of topic_Staff_17 is 0.455511

mode equations: influence compute time (equations): 0.000852 seconds
influence of hasword_materi_17 on topic_Staff_17 is -0.0442534

pgibbs sample time: 6.8e-05 seconds
probability of topic_Department_26 is 0.601214

mode equations: influence compute time (equations): 0.000856 seconds
influence of hasword_prototyp_26 on topic_Department_26 is -0.0019461

pgibbs sample time: 5.1e-05 seconds
probability of topic_Department_45 is 0.498531

mode equations: influence compute time (equations): 0.000855 seconds
influence of hasword_utexa_45 on topic_Department_45 is -0.00146926

pgibbs sample time: 5e-05 seconds
probability of topic_Faculty_6 is 0.419826

mode equations: influence compute time (equations): 0.000849 seconds
influence of hasword_date_6 on topic_Faculty_6 is -0.0787922

pgibbs sample time: 5.2e-05 seconds
probability of topic_ResearchProject_17 is 0.479381

mode equations: influence compute time (equations): 0.000854 seconds
influence of hasword_materi_17 on topic_ResearchProject_17 is -0.0205953

pgibbs sample time: 5.2e-05 seconds
probability of topic_Person_32 is 0.481126

mode equations: influence compute time (equations): 0.000852 seconds
influence of hasword_softwar_32 on topic_Person_32 is -0.0188564

pgibbs sample time: 6.3e-05 seconds
probability of topic_Staff_26 is 0.418233

mode equations: influence compute time (equations): 0.000855 seconds
influence of hasword_prototyp_26 on topic_Staff_26 is 0.0132781

pgibbs sample time: 5.1e-05 seconds
probability of topic_Course_66 is 0.419663

mode equations: influence compute time (equations): 0.000856 seconds
influence of hasword_text_66 on topic_Course_66 is -0.0789471

pgibbs sample time: 5.3e-05 seconds
probability of topic_Department_66 is 0.477106

mode equations: influence compute time (equations): 0.000859 seconds
influence of hasword_text_66 on topic_Department_66 is -0.0228623

pgibbs sample time: 0.000201 seconds
probability of topic_Faculty_61 is 0.648704

mode equations: influence compute time (equations): 0.000884 seconds
influence of links_61_39 on topic_Faculty_61 is -0.0107572

pgibbs sample time: 0.000192 seconds
probability of topic_Person_35 is 0.50009

mode equations: influence compute time (equations): 0.000881 seconds
influence of links_22_35 on topic_Person_35 is 0.0173349

pgibbs sample time: 0.000197 seconds
probability of topic_ResearchProject_51 is 0.447609

mode equations: influence compute time (equations): 0.00093 seconds
influence of links_51_21 on topic_ResearchProject_51 is -0.01548

pgibbs sample time: 5.1e-05 seconds
probability of topic_Student_6 is 0.493937

mode equations: influence compute time (equations): 0.000844 seconds
influence of hasword_date_6 on topic_Student_6 is -0.00606228

pgibbs sample time: 5.2e-05 seconds
probability of topic_Student_55 is 0.50726

mode equations: influence compute time (equations): 0.000844 seconds
influence of hasword_modifi_55 on topic_Student_55 is 0.00725899

pgibbs sample time: 5e-05 seconds
probability of topic_Person_8 is 0.54974

mode equations: influence compute time (equations): 0.000854 seconds
influence of hasword_implement_8 on topic_Person_8 is 0.0494114

pgibbs sample time: 4.9e-05 seconds
probability of topic_Course_37 is 0.498392

mode equations: influence compute time (equations): 0.00085 seconds
influence of hasword_austin_37 on topic_Course_37 is -0.00160777

pgibbs sample time: 5e-05 seconds
probability of topic_Staff_24 is 0.637281

mode equations: influence compute time (equations): 0.000847 seconds
influence of hasword_research_24 on topic_Staff_24 is 0.130274

pgibbs sample time: 5e-05 seconds
probability of topic_Person_37 is 0.463107

mode equations: influence compute time (equations): 0.000848 seconds
influence of hasword_austin_37 on topic_Person_37 is -0.0367588

pgibbs sample time: 5e-05 seconds
probability of topic_Person_52 is 0.535638

mode equations: influence compute time (equations): 0.000852 seconds
influence of hasword_test_52 on topic_Person_52 is 0.0355174

pgibbs sample time: 5e-05 seconds
probability of topic_Course_31 is 0.464736

mode equations: influence compute time (equations): 0.000852 seconds
influence of hasword_sequenc_31 on topic_Course_31 is -0.035147

pgibbs sample time: 4.9e-05 seconds
probability of topic_Faculty_4 is 0.531785

mode equations: influence compute time (equations): 0.000884 seconds
influence of hasword_represent_4 on topic_Faculty_4 is 0.0316994

pgibbs sample time: 0.00029 seconds
probability of topic_Faculty_46 is 0.399612

mode equations: influence compute time (equations): 0.000899 seconds
influence of links_59_46 on topic_Faculty_46 is 0.0121287

pgibbs sample time: 5.3e-05 seconds
probability of topic_Faculty_37 is 0.469554

mode equations: influence compute time (equations): 0.000842 seconds
influence of hasword_austin_37 on topic_Faculty_37 is -0.030371

pgibbs sample time: 5.2e-05 seconds
probability of topic_Person_41 is 0.796164

mode equations: influence compute time (equations): 0.000843 seconds
influence of hasword_interest_41 on topic_Person_41 is 0.221114

pgibbs sample time: 5.1e-05 seconds
probability of topic_Student_18 is 0.486212

mode equations: influence compute time (equations): 0.000854 seconds
influence of hasword_html_18 on topic_Student_18 is -0.0137815

