clique number: 2
unobserved tuple number: 1
pgibbs sample time: 8.2e-05 seconds
probability of topic_Course_3 is 0.490213

influence of hasword_algorithm_3 on topic_Course_3 is -0.00978459

clique number: 2
unobserved tuple number: 1
pgibbs sample time: 5.7e-05 seconds
probability of topic_ResearchProject_49 is 0.29903

influence of hasword_home_49 on topic_ResearchProject_49 is -0.178877

clique number: 2
unobserved tuple number: 1
pgibbs sample time: 5.6e-05 seconds
probability of topic_Student_41 is 0.774864

influence of hasword_interest_41 on topic_Student_41 is 0.216349

clique number: 2
unobserved tuple number: 1
pgibbs sample time: 5.9e-05 seconds
probability of topic_Student_16 is 0.493937

influence of hasword_gmt_16 on topic_Student_16 is -0.00606229

clique number: 2
unobserved tuple number: 1
pgibbs sample time: 5.4e-05 seconds
probability of topic_Student_5 is 0.486212

influence of hasword_html_5 on topic_Student_5 is -0.0137816

clique number: 2
unobserved tuple number: 1
pgibbs sample time: 5.9e-05 seconds
probability of topic_Student_20 is 0.493937

influence of hasword_date_20 on topic_Student_20 is -0.00606229

clique number: 2
unobserved tuple number: 1
pgibbs sample time: 5.6e-05 seconds
probability of topic_Department_13 is 0.428502

influence of hasword_develop_13 on topic_Department_13 is -0.0705334

clique number: 2
unobserved tuple number: 1
pgibbs sample time: 5.5e-05 seconds
probability of topic_ResearchProject_30 is 0.496069

influence of hasword_tree_30 on topic_ResearchProject_30 is -0.00393086

clique number: 2
unobserved tuple number: 1
pgibbs sample time: 5.4e-05 seconds
probability of topic_Person_10 is 0.505972

influence of hasword_jan_10 on topic_Person_10 is 0.00597113

clique number: 2
unobserved tuple number: 1
pgibbs sample time: 5.4e-05 seconds
probability of topic_Staff_23 is 0.464129

influence of hasword_texa_23 on topic_Staff_23 is -0.0357499

clique number: 2
unobserved tuple number: 1
pgibbs sample time: 5.6e-05 seconds
probability of topic_Faculty_47 is 0.650745

influence of hasword_fall_47 on topic_Faculty_47 is 0.14157

clique number: 2
unobserved tuple number: 1
pgibbs sample time: 5.4e-05 seconds
probability of topic_Department_38 is 0.535473

influence of hasword_data_38 on topic_Department_38 is 0.0353552

clique number: 5
unobserved tuple number: 2
pgibbs sample time: 0.000212 seconds
probability of topic_Staff_43 is 0.451443

influence of links_43_40 on topic_Staff_43 is -0.015817

clique number: 5
unobserved tuple number: 2
pgibbs sample time: 0.000218 seconds
probability of topic_Department_35 is 0.514794

influence of links_22_35 on topic_Department_35 is 0.00789694

clique number: 5
unobserved tuple number: 2
pgibbs sample time: 0.000209 seconds
probability of topic_Person_61 is 0.499062

influence of rl on topic_Person_61 is 0.116204

clique number: 2
unobserved tuple number: 1
pgibbs sample time: 5.6e-05 seconds
probability of topic_ResearchProject_45 is 0.499619

influence of hasword_utexa_45 on topic_ResearchProject_45 is -0.00038101

clique number: 2
unobserved tuple number: 1
pgibbs sample time: 5.6e-05 seconds
probability of topic_ResearchProject_3 is 0.401107

influence of hasword_algorithm_3 on topic_ResearchProject_3 is -0.0963311

clique number: 2
unobserved tuple number: 1
pgibbs sample time: 5.5e-05 seconds
probability of topic_Department_53 is 0.480109

influence of hasword_date_53 on topic_Department_53 is -0.0198703

clique number: 2
unobserved tuple number: 1
pgibbs sample time: 5.5e-05 seconds
probability of topic_Department_23 is 0.442131

influence of hasword_texa_23 on topic_Department_23 is -0.0573588

clique number: 2
unobserved tuple number: 1
pgibbs sample time: 5.6e-05 seconds
probability of topic_Student_54 is 0.386345

influence of hasword_syllabu_54 on topic_Student_54 is -0.109756

clique number: 2
unobserved tuple number: 1
pgibbs sample time: 5.5e-05 seconds
probability of topic_Department_5 is 0.481264

influence of hasword_html_5 on topic_Department_5 is -0.0187186

clique number: 2
unobserved tuple number: 1
pgibbs sample time: 5.4e-05 seconds
probability of topic_Person_58 is 0.505972

influence of hasword_jan_58 on topic_Person_58 is 0.00597113

clique number: 3
unobserved tuple number: 1
pgibbs sample time: 7.1e-05 seconds
probability of topic_Student_9 is 0.425073

influence of hasword_facil_9 on topic_Student_9 is -0.0559471

clique number: 5
unobserved tuple number: 2
pgibbs sample time: 0.000207 seconds
probability of topic_Staff_21 is 0.50915

influence of links_51_21 on topic_Staff_21 is 0.0126133

clique number: 2
unobserved tuple number: 1
pgibbs sample time: 5.5e-05 seconds
probability of topic_Person_3 is 0.454429

influence of hasword_algorithm_3 on topic_Person_3 is -0.0453219

clique number: 6
unobserved tuple number: 2
pgibbs sample time: 0.000254 seconds
probability of topic_Student_47 is 0.455797

influence of links_47_12 on topic_Student_47 is -0.014318

clique number: 2
unobserved tuple number: 1
pgibbs sample time: 5.5e-05 seconds
probability of topic_Department_33 is 0.643413

influence of hasword_home_33 on topic_Department_33 is 0.135527

clique number: 2
unobserved tuple number: 1
pgibbs sample time: 5.7e-05 seconds
probability of topic_Faculty_15 is 0.429819

influence of hasword_modifi_15 on topic_Faculty_15 is -0.0692693

clique number: 2
unobserved tuple number: 1
pgibbs sample time: 5.5e-05 seconds
probability of topic_Student_37 is 0.511284

influence of hasword_austin_37 on topic_Student_37 is 0.0112801

clique number: 5
unobserved tuple number: 2
pgibbs sample time: 0.000209 seconds
probability of topic_Person_21 is 0.397759

influence of links_51_21 on topic_Person_21 is 0.0138157

clique number: 3
unobserved tuple number: 1
pgibbs sample time: 7.3e-05 seconds
probability of topic_ResearchProject_26 is 0.543882

influence of hasword_prototyp_26 on topic_ResearchProject_26 is 0.00193767

clique number: 5
unobserved tuple number: 2
pgibbs sample time: 0.000207 seconds
probability of topic_Person_51 is 0.494868

influence of links_51_21 on topic_Person_51 is -0.0114851

clique number: 2
unobserved tuple number: 1
pgibbs sample time: 5.3e-05 seconds
probability of topic_Person_30 is 0.490523

influence of hasword_tree_30 on topic_Person_30 is -0.00947468

clique number: 2
unobserved tuple number: 1
pgibbs sample time: 5.4e-05 seconds
probability of topic_Person_38 is 0.34738

influence of hasword_data_38 on topic_Person_38 is -0.143093

clique number: 2
unobserved tuple number: 1
pgibbs sample time: 5.7e-05 seconds
probability of topic_Department_3 is 0.420608

influence of hasword_algorithm_3 on topic_Department_3 is -0.0780703

clique number: 2
unobserved tuple number: 1
pgibbs sample time: 5.4e-05 seconds
probability of topic_Staff_34 is 0.493938

influence of hasword_man_34 on topic_Staff_34 is -0.00606134

clique number: 2
unobserved tuple number: 1
pgibbs sample time: 5.3e-05 seconds
probability of topic_Staff_16 is 0.447858

influence of hasword_gmt_16 on topic_Staff_16 is -0.0517685

clique number: 2
unobserved tuple number: 1
pgibbs sample time: 5.5e-05 seconds
probability of topic_Faculty_32 is 0.406926

influence of hasword_softwar_32 on topic_Faculty_32 is -0.0909402

clique number: 5
unobserved tuple number: 2
pgibbs sample time: 0.000217 seconds
probability of topic_ResearchProject_22 is 0.607869

influence of links_22_35 on topic_ResearchProject_22 is -0.0152014

clique number: 2
unobserved tuple number: 1
pgibbs sample time: 5.4e-05 seconds
probability of topic_Person_49 is 0.699056

influence of hasword_home_49 on topic_Person_49 is 0.177604

clique number: 2
unobserved tuple number: 1
pgibbs sample time: 5.6e-05 seconds
probability of topic_Department_50 is 0.476935

influence of hasword_art_50 on topic_Department_50 is -0.0230332

clique number: 3
unobserved tuple number: 1
pgibbs sample time: 7e-05 seconds
probability of topic_Course_9 is 0.462346

influence of hasword_facil_9 on topic_Course_9 is 0.0186937

clique number: 2
unobserved tuple number: 1
pgibbs sample time: 5.6e-05 seconds
probability of topic_Course_42 is 0.523905

influence of hasword_scienc_42 on topic_Course_42 is 0.0238688

clique number: 2
unobserved tuple number: 1
pgibbs sample time: 5.5e-05 seconds
probability of topic_Faculty_65 is 0.449955

influence of hasword_high_65 on topic_Faculty_65 is -0.0497152

clique number: 5
unobserved tuple number: 2
pgibbs sample time: 0.00021 seconds
probability of topic_Staff_47 is 0.384983

influence of links_47_12 on topic_Staff_47 is -0.0138193

clique number: 2
unobserved tuple number: 1
pgibbs sample time: 5.7e-05 seconds
probability of topic_Faculty_54 is 0.486159

influence of hasword_syllabu_54 on topic_Faculty_54 is -0.013834

clique number: 2
unobserved tuple number: 1
pgibbs sample time: 5.5e-05 seconds
probability of topic_Person_64 is 0.497282

influence of hasword_laboratori_64 on topic_Person_64 is -0.00271792

clique number: 2
unobserved tuple number: 1
pgibbs sample time: 5.4e-05 seconds
probability of topic_Staff_48 is 0.459677

influence of hasword_apr_48 on topic_Staff_48 is -0.0401503

clique number: 2
unobserved tuple number: 1
pgibbs sample time: 5.5e-05 seconds
probability of topic_ResearchProject_11 is 0.210008

influence of hasword_dec_11 on topic_ResearchProject_11 is -0.220648

clique number: 2
unobserved tuple number: 1
pgibbs sample time: 5.5e-05 seconds
probability of topic_Student_17 is 0.298945

influence of hasword_materi_17 on topic_Student_17 is -0.178933

clique number: 3
unobserved tuple number: 1
pgibbs sample time: 7.1e-05 seconds
probability of topic_Person_44 is 0.548804

influence of r1714 on topic_Person_44 is 0.247616

clique number: 5
unobserved tuple number: 2
pgibbs sample time: 0.000216 seconds
probability of topic_ResearchProject_19 is 0.503998

influence of links_33_19 on topic_ResearchProject_19 is 0.0202249

clique number: 2
unobserved tuple number: 1
pgibbs sample time: 5.5e-05 seconds
probability of topic_Faculty_38 is 0.477852

influence of hasword_data_38 on topic_Faculty_38 is -0.0221194

clique number: 5
unobserved tuple number: 2
pgibbs sample time: 0.000207 seconds
probability of topic_Course_51 is 0.462152

influence of links_51_21 on topic_Course_51 is -0.0147837

clique number: 2
unobserved tuple number: 1
pgibbs sample time: 5.7e-05 seconds
probability of topic_Faculty_64 is 0.53041

influence of hasword_laboratori_64 on topic_Faculty_64 is 0.0303357

clique number: 2
unobserved tuple number: 1
pgibbs sample time: 5.5e-05 seconds
probability of topic_Person_31 is 0.484264

influence of hasword_sequenc_31 on topic_Person_31 is -0.0157262

clique number: 2
unobserved tuple number: 1
pgibbs sample time: 5.5e-05 seconds
probability of topic_Staff_37 is 0.472063

influence of hasword_austin_37 on topic_Staff_37 is -0.0278796

clique number: 3
unobserved tuple number: 1
pgibbs sample time: 7.3e-05 seconds
probability of topic_Student_26 is 0.628265

influence of r3459 on topic_Student_26 is 0.233546

clique number: 2
unobserved tuple number: 1
pgibbs sample time: 5.5e-05 seconds
probability of topic_Student_32 is 0.466327

influence of hasword_softwar_32 on topic_Student_32 is -0.0335731

clique number: 2
unobserved tuple number: 1
pgibbs sample time: 5.6e-05 seconds
probability of topic_Person_4 is 0.544751

influence of hasword_represent_4 on topic_Person_4 is 0.0445154

clique number: 2
unobserved tuple number: 1
pgibbs sample time: 5.6e-05 seconds
probability of topic_ResearchProject_28 is 0.442936

influence of hasword_gmt_28 on topic_ResearchProject_28 is -0.0565746

clique number: 2
unobserved tuple number: 1
pgibbs sample time: 5.4e-05 seconds
probability of topic_Person_63 is 0.505972

influence of hasword_jan_63 on topic_Person_63 is 0.00597113

clique number: 2
unobserved tuple number: 1
pgibbs sample time: 5.7e-05 seconds
probability of topic_Faculty_14 is 0.62985

influence of hasword_scienc_14 on topic_Faculty_14 is 0.124016

clique number: 2
unobserved tuple number: 1
pgibbs sample time: 5.3e-05 seconds
probability of topic_Course_52 is 0.435111

influence of hasword_test_52 on topic_Course_52 is -0.0641685

clique number: 2
unobserved tuple number: 1
pgibbs sample time: 5.3e-05 seconds
probability of topic_Course_23 is 0.497804

influence of hasword_texa_23 on topic_Course_23 is -0.00219608

clique number: 2
unobserved tuple number: 1
pgibbs sample time: 5.6e-05 seconds
probability of topic_Student_15 is 0.50726

influence of hasword_modifi_15 on topic_Student_15 is 0.00725901

clique number: 2
unobserved tuple number: 1
pgibbs sample time: 5.3e-05 seconds
probability of topic_Course_18 is 0.415922

influence of hasword_html_18 on topic_Course_18 is -0.0825073

clique number: 2
unobserved tuple number: 1
pgibbs sample time: 5.4e-05 seconds
probability of topic_Staff_58 is 0.576178

influence of hasword_jan_58 on topic_Staff_58 is 0.0750113

clique number: 2
unobserved tuple number: 1
pgibbs sample time: 5.5e-05 seconds
probability of topic_Student_33 is 0.701025

influence of hasword_home_33 on topic_Student_33 is 0.178913

clique number: 2
unobserved tuple number: 1
pgibbs sample time: 5.5e-05 seconds
probability of topic_Department_16 is 0.480109

influence of hasword_gmt_16 on topic_Department_16 is -0.0198703

clique number: 2
unobserved tuple number: 1
pgibbs sample time: 5.5e-05 seconds
probability of topic_ResearchProject_16 is 0.442936

influence of hasword_gmt_16 on topic_ResearchProject_16 is -0.0565746

clique number: 2
unobserved tuple number: 1
pgibbs sample time: 5.6e-05 seconds
probability of topic_Department_32 is 0.376874

influence of hasword_softwar_32 on topic_Department_32 is -0.118159

clique number: 2
unobserved tuple number: 1
pgibbs sample time: 5.4e-05 seconds
probability of topic_Course_63 is 0.47654

influence of hasword_jan_63 on topic_Course_63 is -0.0234264

clique number: 2
unobserved tuple number: 1
pgibbs sample time: 5.5e-05 seconds
probability of topic_Course_57 is 0.52745

influence of hasword_separ_57 on topic_Course_57 is 0.0273958

clique number: 2
unobserved tuple number: 1
pgibbs sample time: 5.6e-05 seconds
probability of topic_Department_11 is 0.378791

influence of hasword_dec_11 on topic_Department_11 is -0.116472

clique number: 2
unobserved tuple number: 1
pgibbs sample time: 5.5e-05 seconds
probability of topic_Student_23 is 0.527927

influence of hasword_texa_23 on topic_Student_23 is 0.0278699

clique number: 6
unobserved tuple number: 2
pgibbs sample time: 0.000266 seconds
probability of topic_Person_47 is 0.473317

influence of links_47_12 on topic_Person_47 is -0.0129954

clique number: 2
unobserved tuple number: 1
pgibbs sample time: 5.6e-05 seconds
probability of topic_Faculty_25 is 0.489816

influence of hasword_jan_25 on topic_Faculty_25 is -0.0101812

clique number: 6
unobserved tuple number: 2
pgibbs sample time: 0.000251 seconds
probability of topic_Department_12 is 0.493154

influence of rl on topic_Department_12 is -0.169322

clique number: 2
unobserved tuple number: 1
pgibbs sample time: 5.5e-05 seconds
probability of topic_Person_53 is 0.498179

influence of hasword_date_53 on topic_Person_53 is -0.00182059

clique number: 2
unobserved tuple number: 1
pgibbs sample time: 5.5e-05 seconds
probability of topic_Student_58 is 0.524583

influence of hasword_jan_58 on topic_Student_58 is 0.0245443

clique number: 5
unobserved tuple number: 2
pgibbs sample time: 0.000249 seconds
probability of topic_Staff_51 is 0.562237

influence of links_51_21 on topic_Staff_51 is -0.0143366

clique number: 2
unobserved tuple number: 1
pgibbs sample time: 5.7e-05 seconds
probability of topic_Department_48 is 0.405568

influence of hasword_apr_48 on topic_Department_48 is -0.0922034

clique number: 4
unobserved tuple number: 2
pgibbs sample time: 0.000187 seconds
probability of topic_Department_39 is 0.385255

influence of links_61_39 on topic_Department_39 is 0.0137985

clique number: 2
unobserved tuple number: 1
pgibbs sample time: 5.5e-05 seconds
probability of topic_Faculty_50 is 0.518346

influence of hasword_art_50 on topic_Faculty_50 is 0.0183294

clique number: 2
unobserved tuple number: 1
pgibbs sample time: 5.4e-05 seconds
probability of topic_Student_1 is 0.468158

influence of hasword_model_1 on topic_Student_1 is -0.031757

clique number: 4
unobserved tuple number: 2
pgibbs sample time: 0.000191 seconds
probability of topic_Department_61 is 0.489246

influence of links_61_39 on topic_Department_61 is -0.0111316

clique number: 5
unobserved tuple number: 2
pgibbs sample time: 0.000206 seconds
probability of topic_Course_43 is 0.415091

influence of links_43_40 on topic_Course_43 is -0.0157655

clique number: 2
unobserved tuple number: 1
pgibbs sample time: 5.6e-05 seconds
probability of topic_Department_65 is 0.409874

influence of hasword_high_65 on topic_Department_65 is -0.0881902

clique number: 2
unobserved tuple number: 1
pgibbs sample time: 5.4e-05 seconds
probability of topic_Course_10 is 0.47654

influence of hasword_jan_10 on topic_Course_10 is -0.0234264

clique number: 2
unobserved tuple number: 1
pgibbs sample time: 5.3e-05 seconds
probability of topic_Person_16 is 0.498179

influence of hasword_gmt_16 on topic_Person_16 is -0.00182059

clique number: 5
unobserved tuple number: 2
pgibbs sample time: 0.000222 seconds
probability of topic_ResearchProject_61 is 0.688916

influence of links_61_39 on topic_ResearchProject_61 is -0.0140751

clique number: 6
unobserved tuple number: 2
pgibbs sample time: 0.00032 seconds
probability of topic_Course_46 is 0.422137

influence of links_46_59 on topic_Course_46 is -0.0132223

clique number: 2
unobserved tuple number: 1
pgibbs sample time: 5.4e-05 seconds
probability of topic_Faculty_2 is 0.52117

influence of hasword_phone_2 on topic_Faculty_2 is 0.0211452

clique number: 6
unobserved tuple number: 2
pgibbs sample time: 0.000314 seconds
probability of topic_Person_59 is 0.492999

influence of links_46_59 on topic_Person_59 is 0.0151356

clique number: 6
unobserved tuple number: 2
pgibbs sample time: 0.000316 seconds
probability of topic_Faculty_59 is 0.570501

influence of links_59_46 on topic_Faculty_59 is -0.0115942

clique number: 5
unobserved tuple number: 2
pgibbs sample time: 0.000208 seconds
probability of topic_Course_21 is 0.517339

influence of links_51_21 on topic_Course_21 is 0.0154056

clique number: 2
unobserved tuple number: 1
pgibbs sample time: 5.6e-05 seconds
probability of topic_Staff_45 is 0.494667

influence of hasword_utexa_45 on topic_Staff_45 is -0.005333

clique number: 2
unobserved tuple number: 1
pgibbs sample time: 5.4e-05 seconds
probability of topic_Person_15 is 0.489056

influence of hasword_modifi_15 on topic_Person_15 is -0.0109402

clique number: 2
unobserved tuple number: 1
pgibbs sample time: 5.6e-05 seconds
probability of topic_ResearchProject_34 is 0.551646

influence of hasword_man_34 on topic_ResearchProject_34 is 0.0512832

clique number: 2
unobserved tuple number: 1
pgibbs sample time: 5.5e-05 seconds
probability of topic_ResearchProject_24 is 0.602294

influence of hasword_research_24 on topic_ResearchProject_24 is 0.0994572

clique number: 2
unobserved tuple number: 1
pgibbs sample time: 5.5e-05 seconds
probability of topic_ResearchProject_13 is 0.522631

influence of hasword_develop_13 on topic_ResearchProject_13 is 0.0226009

clique number: 2
unobserved tuple number: 1
pgibbs sample time: 5.7e-05 seconds
probability of topic_Department_57 is 0.498504

influence of hasword_separ_57 on topic_Department_57 is -0.0014964

clique number: 2
unobserved tuple number: 1
pgibbs sample time: 5.5e-05 seconds
probability of topic_Course_8 is 0.615754

influence of hasword_implement_8 on topic_Course_8 is 0.111633

clique number: 5
unobserved tuple number: 2
pgibbs sample time: 0.000223 seconds
probability of topic_Department_21 is 0.45782

influence of links_51_21 on topic_Department_21 is 0.0103738

clique number: 2
unobserved tuple number: 1
pgibbs sample time: 5.8e-05 seconds
probability of topic_Department_7 is 0.480109

influence of hasword_date_7 on topic_Department_7 is -0.0198703

clique number: 5
unobserved tuple number: 2
pgibbs sample time: 0.000282 seconds
probability of topic_ResearchProject_46 is 0.435427

influence of links_59_46 on topic_ResearchProject_46 is 0.014334

clique number: 2
unobserved tuple number: 1
pgibbs sample time: 5.5e-05 seconds
probability of topic_Person_17 is 0.251716

influence of hasword_materi_17 on topic_Person_17 is -0.205764

clique number: 2
unobserved tuple number: 1
pgibbs sample time: 5.5e-05 seconds
probability of topic_Course_62 is 0.435971

influence of hasword_length_62 on topic_Course_62 is -0.0633366

clique number: 2
unobserved tuple number: 1
pgibbs sample time: 5.5e-05 seconds
probability of topic_Department_60 is 0.429697

influence of hasword_mime_60 on topic_Department_60 is -0.0693861

clique number: 6
unobserved tuple number: 2
pgibbs sample time: 0.000251 seconds
probability of topic_Department_47 is 0.335329

influence of rl on topic_Department_47 is 0.11413

clique number: 3
unobserved tuple number: 1
pgibbs sample time: 6.9e-05 seconds
probability of topic_Course_44 is 0.322237

influence of hasword_call_44 on topic_Course_44 is -0.114537

clique number: 2
unobserved tuple number: 1
pgibbs sample time: 5.8e-05 seconds
probability of topic_Student_42 is 0.602305

influence of hasword_scienc_42 on topic_Student_42 is 0.0994675

clique number: 2
unobserved tuple number: 1
pgibbs sample time: 5.5e-05 seconds
probability of topic_Department_20 is 0.480109

influence of hasword_date_20 on topic_Department_20 is -0.0198703

clique number: 6
unobserved tuple number: 2
pgibbs sample time: 0.00024 seconds
probability of topic_Course_12 is 0.621417

influence of links_47_12 on topic_Course_12 is 0.00667979

clique number: 2
unobserved tuple number: 1
pgibbs sample time: 5.4e-05 seconds
probability of topic_Course_14 is 0.523905

influence of hasword_scienc_14 on topic_Course_14 is 0.0238688

clique number: 2
unobserved tuple number: 1
pgibbs sample time: 5.4e-05 seconds
probability of topic_Person_36 is 0.56344

influence of hasword_system_36 on topic_Person_36 is 0.0627671

clique number: 2
unobserved tuple number: 1
pgibbs sample time: 5.6e-05 seconds
probability of topic_Student_31 is 0.474627

influence of hasword_sequenc_31 on topic_Student_31 is -0.0253303

clique number: 2
unobserved tuple number: 1
pgibbs sample time: 5.5e-05 seconds
probability of topic_Faculty_27 is 0.489816

influence of hasword_jan_27 on topic_Faculty_27 is -0.0101812

clique number: 2
unobserved tuple number: 1
pgibbs sample time: 5.5e-05 seconds
probability of topic_Person_57 is 0.476931

influence of hasword_separ_57 on topic_Person_57 is -0.0230362

clique number: 2
unobserved tuple number: 1
pgibbs sample time: 5.4e-05 seconds
probability of topic_Person_13 is 0.513057

influence of hasword_develop_13 on topic_Person_13 is 0.0130511

clique number: 5
unobserved tuple number: 2
pgibbs sample time: 0.000209 seconds
probability of topic_Staff_39 is 0.694554

influence of rl on topic_Staff_39 is -0.109697

clique number: 5
unobserved tuple number: 2
pgibbs sample time: 0.000208 seconds
probability of topic_Course_39 is 0.65972

influence of links_61_39 on topic_Course_39 is 0.0171924

clique number: 2
unobserved tuple number: 1
pgibbs sample time: 5.6e-05 seconds
probability of topic_Student_48 is 0.459081

influence of hasword_apr_48 on topic_Student_48 is -0.0407386

clique number: 2
unobserved tuple number: 1
pgibbs sample time: 5.6e-05 seconds
probability of topic_Faculty_57 is 0.490698

influence of hasword_separ_57 on topic_Faculty_57 is -0.00929991

clique number: 2
unobserved tuple number: 1
pgibbs sample time: 5.5e-05 seconds
probability of topic_Student_14 is 0.602305

influence of hasword_scienc_14 on topic_Student_14 is 0.0994675

clique number: 5
unobserved tuple number: 2
pgibbs sample time: 0.000222 seconds
probability of topic_Student_61 is 0.400758

influence of links_61_39 on topic_Student_61 is -0.00899542

clique number: 2
unobserved tuple number: 1
pgibbs sample time: 5.5e-05 seconds
probability of topic_Staff_57 is 0.479842

influence of hasword_separ_57 on topic_Staff_57 is -0.0201368

clique number: 2
unobserved tuple number: 1
pgibbs sample time: 5.4e-05 seconds
probability of topic_Staff_54 is 0.497096

influence of hasword_syllabu_54 on topic_Staff_54 is -0.002904

clique number: 6
unobserved tuple number: 2
pgibbs sample time: 0.000315 seconds
probability of topic_Person_46 is 0.486778

influence of links_46_59 on topic_Person_46 is -0.0145941

clique number: 2
unobserved tuple number: 1
pgibbs sample time: 5.7e-05 seconds
probability of topic_ResearchProject_32 is 0.651756

influence of hasword_softwar_32 on topic_ResearchProject_32 is 0.142392

clique number: 5
unobserved tuple number: 2
pgibbs sample time: 0.000216 seconds
probability of topic_Faculty_43 is 0.458867

influence of links_43_40 on topic_Faculty_43 is -0.0167131

clique number: 2
unobserved tuple number: 1
pgibbs sample time: 5.4e-05 seconds
probability of topic_Staff_18 is 0.423377

influence of hasword_html_18 on topic_Staff_18 is -0.0754351

clique number: 2
unobserved tuple number: 1
pgibbs sample time: 5.4e-05 seconds
probability of topic_Staff_1 is 0.521778

influence of hasword_model_1 on topic_Staff_1 is 0.0217507

clique number: 2
unobserved tuple number: 1
pgibbs sample time: 5.5e-05 seconds
probability of topic_Department_14 is 0.412026

influence of hasword_scienc_14 on topic_Department_14 is -0.0861742

clique number: 2
unobserved tuple number: 1
pgibbs sample time: 5.5e-05 seconds
probability of topic_ResearchProject_23 is 0.46694

influence of hasword_texa_23 on topic_ResearchProject_23 is -0.0329654

clique number: 5
unobserved tuple number: 2
pgibbs sample time: 0.000219 seconds
probability of topic_Student_40 is 0.616323

influence of links_43_40 on topic_Student_40 is 0.0128459

clique number: 2
unobserved tuple number: 1
pgibbs sample time: 5.6e-05 seconds
probability of topic_Department_55 is 0.39707

influence of hasword_modifi_55 on topic_Department_55 is -0.100039

clique number: 2
unobserved tuple number: 1
pgibbs sample time: 5.4e-05 seconds
probability of topic_Staff_50 is 0.470018

influence of hasword_art_50 on topic_Staff_50 is -0.0299109

clique number: 2
unobserved tuple number: 1
pgibbs sample time: 5.4e-05 seconds
probability of topic_Course_34 is 0.489873

influence of hasword_man_34 on topic_Course_34 is -0.0101243

clique number: 5
unobserved tuple number: 2
pgibbs sample time: 0.000207 seconds
probability of topic_Course_19 is 0.695218

influence of links_33_19 on topic_Course_19 is 0.0109009

clique number: 2
unobserved tuple number: 1
pgibbs sample time: 5.6e-05 seconds
probability of topic_Faculty_44 is 0.480273

influence of hasword_formal_44 on topic_Faculty_44 is -0.0197064

clique number: 2
unobserved tuple number: 1
pgibbs sample time: 5.6e-05 seconds
probability of topic_ResearchProject_15 is 0.474026

influence of hasword_modifi_15 on topic_ResearchProject_15 is -0.0259275

clique number: 2
unobserved tuple number: 1
pgibbs sample time: 5.6e-05 seconds
probability of topic_Department_17 is 0.572671

influence of hasword_materi_17 on topic_Department_17 is 0.0716584

clique number: 6
unobserved tuple number: 2
pgibbs sample time: 0.00032 seconds
probability of topic_Course_59 is 0.452114

influence of links_46_59 on topic_Course_59 is 0.0167118

clique number: 2
unobserved tuple number: 1
pgibbs sample time: 5.6e-05 seconds
probability of topic_Staff_32 is 0.59457

influence of hasword_softwar_32 on topic_Staff_32 is 0.0923317

clique number: 2
unobserved tuple number: 1
pgibbs sample time: 5.8e-05 seconds
probability of topic_Faculty_3 is 0.541141

influence of hasword_algorithm_3 on topic_Faculty_3 is 0.0409581

clique number: 2
unobserved tuple number: 1
pgibbs sample time: 5.6e-05 seconds
probability of topic_Student_11 is 0.0545471

influence of hasword_dec_11 on topic_Student_11 is -0.148997

clique number: 2
unobserved tuple number: 1
pgibbs sample time: 5.6e-05 seconds
probability of topic_ResearchProject_4 is 0.479583

influence of hasword_represent_4 on topic_ResearchProject_4 is -0.020395

clique number: 2
unobserved tuple number: 1
pgibbs sample time: 5.4e-05 seconds
probability of topic_ResearchProject_5 is 0.423904

influence of hasword_html_5 on topic_ResearchProject_5 is -0.0749328

clique number: 2
unobserved tuple number: 1
pgibbs sample time: 5.6e-05 seconds
probability of topic_Faculty_58 is 0.489816

influence of hasword_jan_58 on topic_Faculty_58 is -0.0101812

clique number: 5
unobserved tuple number: 2
pgibbs sample time: 0.000209 seconds
probability of topic_Person_40 is 0.641085

influence of links_43_40 on topic_Person_40 is 0.0136544

clique number: 2
unobserved tuple number: 1
pgibbs sample time: 5.6e-05 seconds
probability of topic_Faculty_56 is 0.571956

influence of hasword_includ_56 on topic_Faculty_56 is 0.0709735

clique number: 2
unobserved tuple number: 1
pgibbs sample time: 5.4e-05 seconds
probability of topic_Staff_10 is 0.576178

influence of hasword_jan_10 on topic_Staff_10 is 0.0750113

clique number: 2
unobserved tuple number: 1
pgibbs sample time: 5.6e-05 seconds
probability of topic_Student_57 is 0.487116

influence of hasword_separ_57 on topic_Student_57 is -0.0128788

clique number: 2
unobserved tuple number: 1
pgibbs sample time: 5.3e-05 seconds
probability of topic_Staff_30 is 0.501153

influence of hasword_tree_30 on topic_Staff_30 is 0.0011532

clique number: 2
unobserved tuple number: 1
pgibbs sample time: 5.4e-05 seconds
probability of topic_Staff_63 is 0.576178

influence of hasword_jan_63 on topic_Staff_63 is 0.0750113

clique number: 2
unobserved tuple number: 1
pgibbs sample time: 5.7e-05 seconds
probability of topic_Department_64 is 0.484707

influence of hasword_laboratori_64 on topic_Department_64 is -0.0152839

clique number: 5
unobserved tuple number: 2
pgibbs sample time: 0.000211 seconds
probability of topic_Staff_19 is 0.510492

influence of links_33_19 on topic_Staff_19 is 0.0157871

clique number: 2
unobserved tuple number: 1
pgibbs sample time: 5.5e-05 seconds
probability of topic_Staff_2 is 0.729589

influence of hasword_phone_2 on topic_Staff_2 is 0.196263

clique number: 2
unobserved tuple number: 1
pgibbs sample time: 5.6e-05 seconds
probability of topic_Department_10 is 0.649423

influence of hasword_jan_10 on topic_Department_10 is 0.14049

clique number: 2
unobserved tuple number: 1
pgibbs sample time: 5.5e-05 seconds
probability of topic_Student_50 is 0.603735

influence of hasword_art_50 on topic_Student_50 is 0.100776

clique number: 5
unobserved tuple number: 2
pgibbs sample time: 0.000215 seconds
probability of topic_Department_43 is 0.426108

influence of links_43_40 on topic_Department_43 is -0.0176344

clique number: 3
unobserved tuple number: 1
pgibbs sample time: 6.9e-05 seconds
probability of topic_Person_26 is 0.585279

influence of r1202 on topic_Person_26 is 0.242726

clique number: 3
unobserved tuple number: 1
pgibbs sample time: 7.1e-05 seconds
probability of topic_Course_26 is 0.5223

influence of hasword_specif_26 on topic_Course_26 is 0.0165725

clique number: 2
unobserved tuple number: 1
pgibbs sample time: 5.7e-05 seconds
probability of topic_ResearchProject_27 is 0.462699

influence of hasword_jan_27 on topic_ResearchProject_27 is -0.0371648

clique number: 2
unobserved tuple number: 1
pgibbs sample time: 5.6e-05 seconds
probability of topic_Student_49 is 0.701025

influence of hasword_home_49 on topic_Student_49 is 0.178913

clique number: 5
unobserved tuple number: 2
pgibbs sample time: 0.000208 seconds
probability of topic_Course_61 is 0.330837

influence of links_61_39 on topic_Course_61 is -0.0167325

clique number: 5
unobserved tuple number: 2
pgibbs sample time: 0.000222 seconds
probability of topic_ResearchProject_39 is 0.579445

influence of links_61_39 on topic_ResearchProject_39 is 0.00884488

clique number: 2
unobserved tuple number: 1
pgibbs sample time: 5.5e-05 seconds
probability of topic_Course_24 is 0.419802

influence of hasword_research_24 on topic_Course_24 is -0.0788354

clique number: 2
unobserved tuple number: 1
pgibbs sample time: 5.5e-05 seconds
probability of topic_Faculty_28 is 0.419826

influence of hasword_gmt_28 on topic_Faculty_28 is -0.0788126

clique number: 2
unobserved tuple number: 1
pgibbs sample time: 5.6e-05 seconds
probability of topic_Staff_41 is 0.461239

influence of hasword_interest_41 on topic_Staff_41 is -0.0386074

clique number: 2
unobserved tuple number: 1
pgibbs sample time: 5.7e-05 seconds
probability of topic_Department_56 is 0.601492

influence of hasword_includ_56 on topic_Department_56 is 0.0987218

clique number: 2
unobserved tuple number: 1
pgibbs sample time: 5.5e-05 seconds
probability of topic_Faculty_62 is 0.431532

influence of hasword_length_62 on topic_Faculty_62 is -0.0676217

clique number: 2
unobserved tuple number: 1
pgibbs sample time: 5.5e-05 seconds
probability of topic_ResearchProject_60 is 0.490687

influence of hasword_mime_60 on topic_ResearchProject_60 is -0.0093107

clique number: 2
unobserved tuple number: 1
pgibbs sample time: 5.6e-05 seconds
probability of topic_Student_53 is 0.493937

influence of hasword_date_53 on topic_Student_53 is -0.00606229

clique number: 2
unobserved tuple number: 1
pgibbs sample time: 5.3e-05 seconds
probability of topic_Person_28 is 0.498179

influence of hasword_gmt_28 on topic_Person_28 is -0.00182059

clique number: 2
unobserved tuple number: 1
pgibbs sample time: 5.6e-05 seconds
probability of topic_Student_10 is 0.524583

influence of hasword_jan_10 on topic_Student_10 is 0.0245443

clique number: 5
unobserved tuple number: 2
pgibbs sample time: 0.000223 seconds
probability of topic_Faculty_39 is 0.412909

influence of links_61_39 on topic_Faculty_39 is 0.00979762

clique number: 5
unobserved tuple number: 2
pgibbs sample time: 0.000208 seconds
probability of topic_Course_40 is 0.565138

influence of links_43_40 on topic_Course_40 is 0.0164811

clique number: 2
unobserved tuple number: 1
pgibbs sample time: 5.5e-05 seconds
probability of topic_Course_28 is 0.425378

influence of hasword_gmt_28 on topic_Course_28 is -0.0735251

clique number: 2
unobserved tuple number: 1
pgibbs sample time: 5.6e-05 seconds
probability of topic_Faculty_18 is 0.387388

influence of hasword_html_18 on topic_Faculty_18 is -0.10882

clique number: 2
unobserved tuple number: 1
pgibbs sample time: 5.4e-05 seconds
probability of topic_Course_41 is 0.404836

influence of hasword_interest_41 on topic_Course_41 is -0.0928824

clique number: 2
unobserved tuple number: 1
pgibbs sample time: 5.7e-05 seconds
probability of topic_ResearchProject_53 is 0.442936

influence of hasword_date_53 on topic_ResearchProject_53 is -0.0565746

clique number: 2
unobserved tuple number: 1
pgibbs sample time: 5.6e-05 seconds
probability of topic_Department_6 is 0.480109

influence of hasword_date_6 on topic_Department_6 is -0.0198703

clique number: 5
unobserved tuple number: 2
pgibbs sample time: 0.00022 seconds
probability of topic_Faculty_33 is 0.457887

influence of links_33_19 on topic_Faculty_33 is -0.0141082

clique number: 3
unobserved tuple number: 1
pgibbs sample time: 7.2e-05 seconds
probability of topic_Staff_9 is 0.458123

influence of r4004 on topic_Staff_9 is 0.248244

clique number: 6
unobserved tuple number: 2
pgibbs sample time: 0.000319 seconds
probability of topic_Student_59 is 0.417729

influence of hasword_type_46 on topic_Student_59 is 0.000676734

clique number: 2
unobserved tuple number: 1
pgibbs sample time: 5.5e-05 seconds
probability of topic_Student_56 is 0.323068

influence of hasword_includ_56 on topic_Student_56 is -0.161982

clique number: 2
unobserved tuple number: 1
pgibbs sample time: 5.5e-05 seconds
probability of topic_Department_27 is 0.649423

influence of hasword_jan_27 on topic_Department_27 is 0.14049

clique number: 5
unobserved tuple number: 2
pgibbs sample time: 0.000219 seconds
probability of topic_Student_43 is 0.530882

influence of links_43_40 on topic_Student_43 is -0.0174939

clique number: 2
unobserved tuple number: 1
pgibbs sample time: 5.7e-05 seconds
probability of topic_Faculty_42 is 0.62985

influence of hasword_scienc_42 on topic_Faculty_42 is 0.124016

clique number: 5
unobserved tuple number: 2
pgibbs sample time: 0.00022 seconds
probability of topic_Faculty_19 is 0.493586

influence of links_33_19 on topic_Faculty_19 is 0.0155218

clique number: 2
unobserved tuple number: 1
pgibbs sample time: 5.7e-05 seconds
probability of topic_Student_27 is 0.524583

influence of hasword_jan_27 on topic_Student_27 is 0.0245443

clique number: 2
unobserved tuple number: 1
pgibbs sample time: 5.5e-05 seconds
probability of topic_Faculty_8 is 0.467878

influence of hasword_implement_8 on topic_Faculty_8 is -0.0320351

clique number: 2
unobserved tuple number: 1
pgibbs sample time: 5.5e-05 seconds
probability of topic_Department_24 is 0.631889

influence of hasword_research_24 on topic_Department_24 is 0.125773

clique number: 2
unobserved tuple number: 1
pgibbs sample time: 5.5e-05 seconds
probability of topic_Staff_55 is 0.392841

influence of hasword_modifi_55 on topic_Staff_55 is -0.103895

clique number: 5
unobserved tuple number: 2
pgibbs sample time: 0.000209 seconds
probability of topic_Person_22 is 0.392847

influence of links_22_35 on topic_Person_22 is -0.0137779

clique number: 5
unobserved tuple number: 2
pgibbs sample time: 0.000205 seconds
probability of topic_Course_33 is 0.558595

influence of links_33_19 on topic_Course_33 is -0.0194384

clique number: 3
unobserved tuple number: 1
pgibbs sample time: 6.9e-05 seconds
probability of topic_Faculty_9 is 0.464437

influence of hasword_servic_9 on topic_Faculty_9 is -0.0208849

clique number: 2
unobserved tuple number: 1
pgibbs sample time: 5.5e-05 seconds
probability of topic_Person_7 is 0.498179

influence of hasword_date_7 on topic_Person_7 is -0.00182059

clique number: 2
unobserved tuple number: 1
pgibbs sample time: 5.6e-05 seconds
probability of topic_ResearchProject_41 is 0.379861

influence of hasword_interest_41 on topic_ResearchProject_41 is -0.115528

clique number: 2
unobserved tuple number: 1
pgibbs sample time: 5.6e-05 seconds
probability of topic_Staff_29 is 0.553711

influence of hasword_depart_29 on topic_Staff_29 is 0.0533034

clique number: 5
unobserved tuple number: 2
pgibbs sample time: 0.00021 seconds
probability of topic_Course_22 is 0.55126

influence of links_22_35 on topic_Course_22 is -0.0175068

clique number: 2
unobserved tuple number: 1
pgibbs sample time: 5.4e-05 seconds
probability of topic_Student_7 is 0.493937

influence of hasword_date_7 on topic_Student_7 is -0.00606229

clique number: 2
unobserved tuple number: 1
pgibbs sample time: 5.6e-05 seconds
probability of topic_Course_45 is 0.499943

influence of hasword_utexa_45 on topic_Course_45 is -5.73072e-05

clique number: 5
unobserved tuple number: 2
pgibbs sample time: 0.000214 seconds
probability of topic_Department_40 is 0.630497

influence of links_43_40 on topic_Department_40 is 0.0153858

clique number: 2
unobserved tuple number: 1
pgibbs sample time: 5.7e-05 seconds
probability of topic_ResearchProject_55 is 0.474026

influence of hasword_modifi_55 on topic_ResearchProject_55 is -0.0259275

clique number: 2
unobserved tuple number: 1
pgibbs sample time: 5.5e-05 seconds
probability of topic_ResearchProject_18 is 0.423904

influence of hasword_html_18 on topic_ResearchProject_18 is -0.0749328

clique number: 2
unobserved tuple number: 1
pgibbs sample time: 5.5e-05 seconds
probability of topic_Person_56 is 0.392505

influence of hasword_includ_56 on topic_Person_56 is -0.1042

clique number: 5
unobserved tuple number: 2
pgibbs sample time: 0.000216 seconds
probability of topic_Faculty_22 is 0.373109

influence of links_22_35 on topic_Faculty_22 is -0.0161594

clique number: 2
unobserved tuple number: 1
pgibbs sample time: 5.7e-05 seconds
probability of topic_ResearchProject_20 is 0.442936

influence of hasword_date_20 on topic_ResearchProject_20 is -0.0565746

clique number: 2
unobserved tuple number: 1
pgibbs sample time: 5.5e-05 seconds
probability of topic_Person_55 is 0.489056

influence of hasword_modifi_55 on topic_Person_55 is -0.0109402

clique number: 5
unobserved tuple number: 2
pgibbs sample time: 0.000222 seconds
probability of topic_ResearchProject_35 is 0.560039

influence of links_22_35 on topic_ResearchProject_35 is 0.0112039

clique number: 5
unobserved tuple number: 2
pgibbs sample time: 0.000215 seconds
probability of topic_Student_21 is 0.477433

influence of links_51_21 on topic_Student_21 is 0.0139942

clique number: 5
unobserved tuple number: 2
pgibbs sample time: 0.000211 seconds
probability of topic_Person_39 is 0.450608

influence of rl on topic_Person_39 is -0.127226

clique number: 2
unobserved tuple number: 1
pgibbs sample time: 5.7e-05 seconds
probability of topic_Student_25 is 0.524583

influence of hasword_jan_25 on topic_Student_25 is 0.0245443

clique number: 2
unobserved tuple number: 1
pgibbs sample time: 5.3e-05 seconds
probability of topic_Staff_27 is 0.576178

influence of hasword_jan_27 on topic_Staff_27 is 0.0750113

clique number: 2
unobserved tuple number: 1
pgibbs sample time: 5.5e-05 seconds
probability of topic_Person_25 is 0.505972

influence of hasword_jan_25 on topic_Person_25 is 0.00597113

clique number: 2
unobserved tuple number: 1
pgibbs sample time: 5.4e-05 seconds
probability of topic_Person_20 is 0.498179

influence of hasword_date_20 on topic_Person_20 is -0.00182059

clique number: 5
unobserved tuple number: 2
pgibbs sample time: 0.000216 seconds
probability of topic_Faculty_35 is 0.601582

influence of links_22_35 on topic_Faculty_35 is 0.0172083

clique number: 2
unobserved tuple number: 1
pgibbs sample time: 5.4e-05 seconds
probability of topic_Staff_28 is 0.447858

influence of hasword_gmt_28 on topic_Staff_28 is -0.0517685

clique number: 3
unobserved tuple number: 1
pgibbs sample time: 7.3e-05 seconds
probability of topic_Department_9 is 0.581249

influence of hasword_facil_9 on topic_Department_9 is 0.0540574

clique number: 5
unobserved tuple number: 2
pgibbs sample time: 0.000211 seconds
probability of topic_Staff_33 is 0.448652

influence of links_33_19 on topic_Staff_33 is -0.0145335

clique number: 2
unobserved tuple number: 1
pgibbs sample time: 5.3e-05 seconds
probability of topic_Person_65 is 0.524409

influence of hasword_high_65 on topic_Person_65 is 0.0243704

clique number: 2
unobserved tuple number: 1
pgibbs sample time: 5.6e-05 seconds
probability of topic_Staff_3 is 0.465986

influence of hasword_algorithm_3 on topic_Staff_3 is -0.0339104

clique number: 2
unobserved tuple number: 1
pgibbs sample time: 5.6e-05 seconds
probability of topic_Faculty_49 is 0.471597

influence of hasword_home_49 on topic_Faculty_49 is -0.0283427

clique number: 2
unobserved tuple number: 1
pgibbs sample time: 5.5e-05 seconds
probability of topic_Person_27 is 0.505972

influence of hasword_jan_27 on topic_Person_27 is 0.00597113

clique number: 2
unobserved tuple number: 1
pgibbs sample time: 5.4e-05 seconds
probability of topic_Course_25 is 0.47654

influence of hasword_jan_25 on topic_Course_25 is -0.0234264

clique number: 2
unobserved tuple number: 1
pgibbs sample time: 5.3e-05 seconds
probability of topic_Course_30 is 0.576832

influence of hasword_tree_30 on topic_Course_30 is 0.0756343

clique number: 2
unobserved tuple number: 1
pgibbs sample time: 5.6e-05 seconds
probability of topic_Faculty_29 is 0.662028

influence of hasword_depart_29 on topic_Faculty_29 is 0.150599

clique number: 3
unobserved tuple number: 1
pgibbs sample time: 7.4e-05 seconds
probability of topic_ResearchProject_47 is 0.410996

influence of r86 on topic_ResearchProject_47 is 0.242076

clique number: 2
unobserved tuple number: 1
pgibbs sample time: 5.5e-05 seconds
probability of topic_Faculty_41 is 0.694037

influence of hasword_interest_41 on topic_Faculty_41 is 0.174203

clique number: 3
unobserved tuple number: 1
pgibbs sample time: 7.3e-05 seconds
probability of topic_Faculty_26 is 0.580655

influence of hasword_specif_26 on topic_Faculty_26 is 0.0997663

clique number: 2
unobserved tuple number: 1
pgibbs sample time: 5.5e-05 seconds
probability of topic_Staff_36 is 0.517015

influence of hasword_system_36 on topic_Staff_36 is 0.0170017

clique number: 2
unobserved tuple number: 1
pgibbs sample time: 5.3e-05 seconds
probability of topic_Staff_52 is 0.511184

influence of hasword_test_52 on topic_Staff_52 is 0.0111804

clique number: 2
unobserved tuple number: 1
pgibbs sample time: 5.3e-05 seconds
probability of topic_Person_2 is 0.620991

influence of hasword_phone_2 on topic_Person_2 is 0.11628

clique number: 2
unobserved tuple number: 1
pgibbs sample time: 5.5e-05 seconds
probability of topic_Student_62 is 0.501822

influence of hasword_length_62 on topic_Student_62 is 0.00182246

clique number: 2
unobserved tuple number: 1
pgibbs sample time: 5.6e-05 seconds
probability of topic_Course_36 is 0.687328

influence of hasword_system_36 on topic_Course_36 is 0.169524

clique number: 2
unobserved tuple number: 1
pgibbs sample time: 5.5e-05 seconds
probability of topic_ResearchProject_66 is 0.437775

influence of hasword_text_66 on topic_ResearchProject_66 is -0.0615905

clique number: 2
unobserved tuple number: 1
pgibbs sample time: 5.4e-05 seconds
probability of topic_Staff_65 is 0.443048

influence of hasword_high_65 on topic_Staff_65 is -0.056465

clique number: 2
unobserved tuple number: 1
pgibbs sample time: 5.6e-05 seconds
probability of topic_Department_15 is 0.39707

influence of hasword_modifi_15 on topic_Department_15 is -0.100039

clique number: 2
unobserved tuple number: 1
pgibbs sample time: 5.6e-05 seconds
probability of topic_Department_54 is 0.498189

influence of hasword_syllabu_54 on topic_Department_54 is -0.00181056

clique number: 5
unobserved tuple number: 2
pgibbs sample time: 0.000283 seconds
probability of topic_ResearchProject_59 is 0.503605

influence of links_59_46 on topic_ResearchProject_59 is -0.0129517

clique number: 5
unobserved tuple number: 2
pgibbs sample time: 0.000212 seconds
probability of topic_Staff_40 is 0.556542

influence of links_43_40 on topic_Staff_40 is 0.0155506

clique number: 2
unobserved tuple number: 1
pgibbs sample time: 5.5e-05 seconds
probability of topic_Person_62 is 0.482416

influence of hasword_length_62 on topic_Person_62 is -0.0175697

clique number: 2
unobserved tuple number: 1
pgibbs sample time: 5.3e-05 seconds
probability of topic_Faculty_1 is 0.517145

influence of hasword_model_1 on topic_Faculty_1 is 0.0171316

clique number: 2
unobserved tuple number: 1
pgibbs sample time: 5.6e-05 seconds
probability of topic_Student_13 is 0.540469

influence of hasword_develop_13 on topic_Student_13 is 0.0402947

clique number: 2
unobserved tuple number: 1
pgibbs sample time: 5.6e-05 seconds
probability of topic_Staff_15 is 0.392841

influence of hasword_modifi_15 on topic_Staff_15 is -0.103895

clique number: 2
unobserved tuple number: 1
pgibbs sample time: 5.5e-05 seconds
probability of topic_ResearchProject_63 is 0.462699

influence of hasword_jan_63 on topic_ResearchProject_63 is -0.0371648

clique number: 2
unobserved tuple number: 1
pgibbs sample time: 5.5e-05 seconds
probability of topic_Staff_60 is 0.412752

influence of hasword_mime_60 on topic_Staff_60 is -0.0854922

clique number: 2
unobserved tuple number: 1
pgibbs sample time: 5.6e-05 seconds
probability of topic_Student_28 is 0.493937

influence of hasword_gmt_28 on topic_Student_28 is -0.00606229

clique number: 2
unobserved tuple number: 1
pgibbs sample time: 5.4e-05 seconds
probability of topic_Person_34 is 0.427691

influence of hasword_man_34 on topic_Person_34 is -0.071312

clique number: 2
unobserved tuple number: 1
pgibbs sample time: 5.8e-05 seconds
probability of topic_ResearchProject_29 is 0.386627

influence of hasword_depart_29 on topic_ResearchProject_29 is -0.109503

clique number: 2
unobserved tuple number: 1
pgibbs sample time: 5.5e-05 seconds
probability of topic_Course_54 is 0.598444

influence of hasword_syllabu_54 on topic_Course_54 is 0.0959178

clique number: 2
unobserved tuple number: 1
pgibbs sample time: 5.5e-05 seconds
probability of topic_Staff_22 is 0.552182

influence of hasword_gener_22 on topic_Staff_22 is 0.051808

clique number: 6
unobserved tuple number: 2
pgibbs sample time: 0.000327 seconds
probability of topic_Department_46 is 0.475353

influence of links_46_59 on topic_Department_46 is -0.0156777

clique number: 2
unobserved tuple number: 1
pgibbs sample time: 5.5e-05 seconds
probability of topic_Staff_7 is 0.447858

influence of hasword_date_7 on topic_Staff_7 is -0.0517685

clique number: 2
unobserved tuple number: 1
pgibbs sample time: 5.6e-05 seconds
probability of topic_ResearchProject_6 is 0.442936

influence of hasword_date_6 on topic_ResearchProject_6 is -0.0565746

clique number: 2
unobserved tuple number: 1
pgibbs sample time: 5.6e-05 seconds
probability of topic_Course_13 is 0.459095

influence of hasword_develop_13 on topic_Course_13 is -0.0407251

clique number: 2
unobserved tuple number: 1
pgibbs sample time: 5.5e-05 seconds
probability of topic_Student_3 is 0.439683

influence of hasword_algorithm_3 on topic_Student_3 is -0.0597384

clique number: 6
unobserved tuple number: 2
pgibbs sample time: 0.000238 seconds
probability of topic_Person_12 is 0.452042

influence of links_47_12 on topic_Person_12 is 0.0149238

clique number: 2
unobserved tuple number: 1
pgibbs sample time: 5.7e-05 seconds
probability of topic_Student_64 is 0.469789

influence of hasword_laboratori_64 on topic_Student_64 is -0.0301384

clique number: 2
unobserved tuple number: 1
pgibbs sample time: 5.5e-05 seconds
probability of topic_Course_55 is 0.43891

influence of hasword_modifi_55 on topic_Course_55 is -0.0604888

clique number: 2
unobserved tuple number: 1
pgibbs sample time: 5.4e-05 seconds
probability of topic_Person_50 is 0.585637

influence of hasword_art_50 on topic_Person_50 is 0.0839767

clique number: 2
unobserved tuple number: 1
pgibbs sample time: 5.4e-05 seconds
probability of topic_Faculty_7 is 0.419826

influence of hasword_date_7 on topic_Faculty_7 is -0.0788126

clique number: 2
unobserved tuple number: 1
pgibbs sample time: 5.4e-05 seconds
probability of topic_Staff_6 is 0.447858

influence of hasword_date_6 on topic_Staff_6 is -0.0517685

clique number: 2
unobserved tuple number: 1
pgibbs sample time: 5.9e-05 seconds
probability of topic_Department_4 is 0.48277

influence of hasword_represent_4 on topic_Department_4 is -0.0172165

clique number: 2
unobserved tuple number: 1
pgibbs sample time: 5.6e-05 seconds
probability of topic_Faculty_30 is 0.519036

influence of hasword_tree_30 on topic_Faculty_30 is 0.0190176

clique number: 6
unobserved tuple number: 2
pgibbs sample time: 0.000325 seconds
probability of topic_Student_46 is 0.492171

influence of hasword_type_46 on topic_Student_46 is -0.0124576

clique number: 5
unobserved tuple number: 2
pgibbs sample time: 0.000216 seconds
probability of topic_ResearchProject_33 is 0.287368

influence of links_33_19 on topic_ResearchProject_33 is -0.0119851

clique number: 2
unobserved tuple number: 1
pgibbs sample time: 5.5e-05 seconds
probability of topic_Course_2 is 0.464953

influence of hasword_phone_2 on topic_Course_2 is -0.0349337

clique number: 2
unobserved tuple number: 1
pgibbs sample time: 5.7e-05 seconds
probability of topic_Student_45 is 0.495991

influence of hasword_utexa_45 on topic_Student_45 is -0.00400899

clique number: 2
unobserved tuple number: 1
pgibbs sample time: 5.6e-05 seconds
probability of topic_ResearchProject_57 is 0.489022

influence of hasword_separ_57 on topic_ResearchProject_57 is -0.0109745

clique number: 2
unobserved tuple number: 1
pgibbs sample time: 5.5e-05 seconds
probability of topic_Person_29 is 0.615632

influence of hasword_depart_29 on topic_Person_29 is 0.111524

clique number: 3
unobserved tuple number: 1
pgibbs sample time: 7e-05 seconds
probability of topic_Person_9 is 0.385403

influence of hasword_servic_9 on topic_Person_9 is -0.0409687

clique number: 2
unobserved tuple number: 1
pgibbs sample time: 5.7e-05 seconds
probability of topic_ResearchProject_31 is 0.495024

influence of hasword_sequenc_31 on topic_ResearchProject_31 is -0.00497521

clique number: 2
unobserved tuple number: 1
pgibbs sample time: 5.4e-05 seconds
probability of topic_Person_6 is 0.498179

influence of hasword_date_6 on topic_Person_6 is -0.00182059

clique number: 2
unobserved tuple number: 1
pgibbs sample time: 5.5e-05 seconds
probability of topic_Staff_62 is 0.389253

influence of hasword_length_62 on topic_Staff_62 is -0.107142

clique number: 5
unobserved tuple number: 2
pgibbs sample time: 0.000209 seconds
probability of topic_Course_35 is 0.621655

influence of links_22_35 on topic_Course_35 is 0.0122421

clique number: 2
unobserved tuple number: 1
pgibbs sample time: 5.6e-05 seconds
probability of topic_Faculty_17 is 0.446163

influence of hasword_materi_17 on topic_Faculty_17 is -0.0534266

clique number: 2
unobserved tuple number: 1
pgibbs sample time: 5.6e-05 seconds
probability of topic_Student_22 is 0.43523

influence of hasword_gener_22 on topic_Student_22 is -0.0640533

clique number: 6
unobserved tuple number: 2
pgibbs sample time: 0.000306 seconds
probability of topic_Staff_59 is 0.4983

influence of links_59_46 on topic_Staff_59 is -0.012896

clique number: 6
unobserved tuple number: 2
pgibbs sample time: 0.000304 seconds
probability of topic_Staff_46 is 0.433162

influence of links_59_46 on topic_Staff_46 is 0.014459

clique number: 2
unobserved tuple number: 1
pgibbs sample time: 5.7e-05 seconds
probability of topic_Student_60 is 0.526876

influence of hasword_mime_60 on topic_Student_60 is 0.0268246

clique number: 5
unobserved tuple number: 2
pgibbs sample time: 0.000219 seconds
probability of topic_Faculty_51 is 0.475976

influence of links_51_21 on topic_Faculty_51 is -0.014239

clique number: 2
unobserved tuple number: 1
pgibbs sample time: 5.5e-05 seconds
probability of topic_Person_45 is 0.488394

influence of hasword_utexa_45 on topic_Person_45 is -0.0116018

clique number: 2
unobserved tuple number: 1
pgibbs sample time: 5.5e-05 seconds
probability of topic_ResearchProject_56 is 0.543606

influence of hasword_includ_56 on topic_ResearchProject_56 is 0.0433883

clique number: 2
unobserved tuple number: 1
pgibbs sample time: 5.4e-05 seconds
probability of topic_Course_29 is 0.487672

influence of hasword_depart_29 on topic_Course_29 is -0.0123229

clique number: 2
unobserved tuple number: 1
pgibbs sample time: 5.5e-05 seconds
probability of topic_Student_36 is 0.570691

influence of hasword_system_36 on topic_Student_36 is 0.0697596

clique number: 2
unobserved tuple number: 1
pgibbs sample time: 5.5e-05 seconds
probability of topic_Faculty_55 is 0.429819

influence of hasword_modifi_55 on topic_Faculty_55 is -0.0692693

clique number: 2
unobserved tuple number: 1
pgibbs sample time: 5.5e-05 seconds
probability of topic_Department_31 is 0.478045

influence of hasword_sequenc_31 on topic_Department_31 is -0.0219277

clique number: 2
unobserved tuple number: 1
pgibbs sample time: 5.4e-05 seconds
probability of topic_Department_62 is 0.482103

influence of hasword_length_62 on topic_Department_62 is -0.0178822

clique number: 6
unobserved tuple number: 2
pgibbs sample time: 0.000328 seconds
probability of topic_Department_59 is 0.53218

influence of links_46_59 on topic_Department_59 is 0.0154539

clique number: 5
unobserved tuple number: 2
pgibbs sample time: 0.00021 seconds
probability of topic_Staff_61 is 0.502656

influence of rl on topic_Staff_61 is 0.176696

clique number: 2
unobserved tuple number: 1
pgibbs sample time: 6.8e-05 seconds
probability of topic_Faculty_48 is 0.417515

influence of hasword_apr_48 on topic_Faculty_48 is -0.0810028

clique number: 2
unobserved tuple number: 1
pgibbs sample time: 5.5e-05 seconds
probability of topic_ResearchProject_58 is 0.462699

influence of hasword_jan_58 on topic_ResearchProject_58 is -0.0371648

clique number: 2
unobserved tuple number: 1
pgibbs sample time: 5.4e-05 seconds
probability of topic_Staff_53 is 0.447858

influence of hasword_date_53 on topic_Staff_53 is -0.0517685

clique number: 2
unobserved tuple number: 1
pgibbs sample time: 5.5e-05 seconds
probability of topic_Department_52 is 0.452421

influence of hasword_test_52 on topic_Department_52 is -0.0472959

clique number: 2
unobserved tuple number: 1
pgibbs sample time: 5.6e-05 seconds
probability of topic_ResearchProject_48 is 0.374853

influence of hasword_apr_48 on topic_ResearchProject_48 is -0.119929

clique number: 2
unobserved tuple number: 1
pgibbs sample time: 5.6e-05 seconds
probability of topic_Faculty_63 is 0.489816

influence of hasword_jan_63 on topic_Faculty_63 is -0.0101812

clique number: 2
unobserved tuple number: 1
pgibbs sample time: 5.4e-05 seconds
probability of topic_ResearchProject_10 is 0.462699

influence of hasword_jan_10 on topic_ResearchProject_10 is -0.0371648

clique number: 2
unobserved tuple number: 1
pgibbs sample time: 5.8e-05 seconds
probability of topic_Department_2 is 0.492523

influence of hasword_phone_2 on topic_Department_2 is -0.00747604

clique number: 2
unobserved tuple number: 1
pgibbs sample time: 5.5e-05 seconds
probability of topic_Student_34 is 0.438594

influence of hasword_man_34 on topic_Student_34 is -0.0607958

clique number: 5
unobserved tuple number: 2
pgibbs sample time: 0.000218 seconds
probability of topic_ResearchProject_40 is 0.400194

influence of links_43_40 on topic_ResearchProject_40 is 0.0150368

clique number: 2
unobserved tuple number: 1
pgibbs sample time: 5.4e-05 seconds
probability of topic_Course_16 is 0.425378

influence of hasword_gmt_16 on topic_Course_16 is -0.0735251

clique number: 2
unobserved tuple number: 1
pgibbs sample time: 5.7e-05 seconds
probability of topic_Student_66 is 0.48777

influence of hasword_text_66 on topic_Student_66 is -0.0122252

clique number: 2
unobserved tuple number: 1
pgibbs sample time: 5.4e-05 seconds
probability of topic_Faculty_60 is 0.432194

influence of hasword_mime_60 on topic_Faculty_60 is -0.0669839

clique number: 2
unobserved tuple number: 1
pgibbs sample time: 5.4e-05 seconds
probability of topic_Student_38 is 0.3807

influence of hasword_data_38 on topic_Student_38 is -0.114786

clique number: 5
unobserved tuple number: 2
pgibbs sample time: 0.00021 seconds
probability of topic_Staff_12 is 0.505254

influence of links_47_12 on topic_Staff_12 is 0.0175498

clique number: 3
unobserved tuple number: 1
pgibbs sample time: 7e-05 seconds
probability of topic_Staff_44 is 0.447579

influence of hasword_formal_44 on topic_Staff_44 is -0.00931207

clique number: 2
unobserved tuple number: 1
pgibbs sample time: 5.7e-05 seconds
probability of topic_Faculty_53 is 0.419826

influence of hasword_date_53 on topic_Faculty_53 is -0.0788126

clique number: 2
unobserved tuple number: 1
pgibbs sample time: 5.6e-05 seconds
probability of topic_ResearchProject_65 is 0.529164

influence of hasword_high_65 on topic_ResearchProject_65 is 0.0290989

clique number: 2
unobserved tuple number: 1
pgibbs sample time: 5.4e-05 seconds
probability of topic_ResearchProject_25 is 0.462699

influence of hasword_jan_25 on topic_ResearchProject_25 is -0.0371648

clique number: 2
unobserved tuple number: 1
pgibbs sample time: 5.5e-05 seconds
probability of topic_Faculty_11 is 0.312406

influence of hasword_dec_11 on topic_Faculty_11 is -0.169712

clique number: 2
unobserved tuple number: 1
pgibbs sample time: 5.3e-05 seconds
probability of topic_Staff_49 is 0.462791

influence of hasword_home_49 on topic_Staff_49 is -0.0370738

clique number: 5
unobserved tuple number: 2
pgibbs sample time: 0.000215 seconds
probability of topic_ResearchProject_21 is 0.54492

influence of links_51_21 on topic_ResearchProject_21 is 0.0157216

clique number: 5
unobserved tuple number: 2
pgibbs sample time: 0.000219 seconds
probability of topic_Faculty_21 is 0.496341

influence of links_51_21 on topic_Faculty_21 is 0.0150221

clique number: 2
unobserved tuple number: 1
pgibbs sample time: 5.4e-05 seconds
probability of topic_Course_11 is 0.31139

influence of hasword_dec_11 on topic_Course_11 is -0.170429

clique number: 3
unobserved tuple number: 1
pgibbs sample time: 0.000102 seconds
probability of topic_Student_44 is 0.499309

influence of r1159 on topic_Student_44 is 0.249997

clique number: 2
unobserved tuple number: 1
pgibbs sample time: 5.5e-05 seconds
probability of topic_Course_50 is 0.427222

influence of hasword_art_50 on topic_Course_50 is -0.0717608

clique number: 2
unobserved tuple number: 1
pgibbs sample time: 5.7e-05 seconds
probability of topic_Department_29 is 0.692524

influence of hasword_depart_29 on topic_Department_29 is 0.173161

clique number: 2
unobserved tuple number: 1
pgibbs sample time: 5.4e-05 seconds
probability of topic_Staff_11 is 0.280067

influence of hasword_dec_11 on topic_Staff_11 is -0.190759

clique number: 2
unobserved tuple number: 1
pgibbs sample time: 5.6e-05 seconds
probability of topic_Faculty_34 is 0.488039

influence of hasword_man_34 on topic_Faculty_34 is -0.0119563

clique number: 6
unobserved tuple number: 2
pgibbs sample time: 0.000242 seconds
probability of topic_Course_47 is 0.758464

influence of links_47_12 on topic_Course_47 is -0.0128456

clique number: 2
unobserved tuple number: 1
pgibbs sample time: 5.3e-05 seconds
probability of topic_Course_60 is 0.411195

influence of hasword_mime_60 on topic_Course_60 is -0.0869534

clique number: 2
unobserved tuple number: 1
pgibbs sample time: 5.3e-05 seconds
probability of topic_Course_38 is 0.409805

influence of hasword_data_38 on topic_Course_38 is -0.0882542

clique number: 2
unobserved tuple number: 1
pgibbs sample time: 5.4e-05 seconds
probability of topic_Person_66 is 0.486242

influence of hasword_text_66 on topic_Person_66 is -0.0137515

clique number: 2
unobserved tuple number: 1
pgibbs sample time: 5.6e-05 seconds
probability of topic_ResearchProject_64 is 0.470243

influence of hasword_laboratori_64 on topic_ResearchProject_64 is -0.029688

clique number: 5
unobserved tuple number: 2
pgibbs sample time: 0.000216 seconds
probability of topic_Faculty_40 is 0.587785

influence of links_43_40 on topic_Faculty_40 is 0.0150899

clique number: 2
unobserved tuple number: 1
pgibbs sample time: 5.5e-05 seconds
probability of topic_Staff_20 is 0.447858

influence of hasword_date_20 on topic_Staff_20 is -0.0517685

clique number: 2
unobserved tuple number: 1
pgibbs sample time: 5.5e-05 seconds
probability of topic_Department_58 is 0.649423

influence of hasword_jan_58 on topic_Department_58 is 0.14049

clique number: 2
unobserved tuple number: 1
pgibbs sample time: 5.5e-05 seconds
probability of topic_Faculty_16 is 0.419826

influence of hasword_gmt_16 on topic_Faculty_16 is -0.0788126

clique number: 2
unobserved tuple number: 1
pgibbs sample time: 5.6e-05 seconds
probability of topic_Faculty_66 is 0.401781

influence of hasword_text_66 on topic_Faculty_66 is -0.0957096

clique number: 2
unobserved tuple number: 1
pgibbs sample time: 5.4e-05 seconds
probability of topic_ResearchProject_52 is 0.476468

influence of hasword_test_52 on topic_ResearchProject_52 is -0.023498

clique number: 2
unobserved tuple number: 1
pgibbs sample time: 5.6e-05 seconds
probability of topic_Staff_13 is 0.457572

influence of hasword_develop_13 on topic_Staff_13 is -0.0422275

clique number: 2
unobserved tuple number: 1
pgibbs sample time: 5.6e-05 seconds
probability of topic_Department_36 is 0.371091

influence of hasword_system_36 on topic_Department_36 is -0.123202

clique number: 2
unobserved tuple number: 1
pgibbs sample time: 5.5e-05 seconds
probability of topic_Student_63 is 0.524583

influence of hasword_jan_63 on topic_Student_63 is 0.0245443

clique number: 2
unobserved tuple number: 1
pgibbs sample time: 5.4e-05 seconds
probability of topic_Course_5 is 0.415922

influence of hasword_html_5 on topic_Course_5 is -0.0825073

clique number: 2
unobserved tuple number: 1
pgibbs sample time: 5.5e-05 seconds
probability of topic_Department_18 is 0.481264

influence of hasword_html_18 on topic_Department_18 is -0.0187186

clique number: 2
unobserved tuple number: 1
pgibbs sample time: 5.6e-05 seconds
probability of topic_ResearchProject_2 is 0.437523

influence of hasword_phone_2 on topic_ResearchProject_2 is -0.0618343

clique number: 2
unobserved tuple number: 1
pgibbs sample time: 5.4e-05 seconds
probability of topic_Staff_25 is 0.576178

influence of hasword_jan_25 on topic_Staff_25 is 0.0750113

clique number: 3
unobserved tuple number: 1
pgibbs sample time: 7.3e-05 seconds
probability of topic_Department_44 is 0.373148

influence of hasword_formal_44 on topic_Department_44 is -0.00569606

clique number: 2
unobserved tuple number: 1
pgibbs sample time: 5.6e-05 seconds
probability of topic_Student_29 is 0.538624

influence of hasword_depart_29 on topic_Student_29 is 0.0384728

clique number: 2
unobserved tuple number: 1
pgibbs sample time: 5.5e-05 seconds
probability of topic_Person_54 is 0.374065

influence of hasword_syllabu_54 on topic_Person_54 is -0.120617

clique number: 2
unobserved tuple number: 1
pgibbs sample time: 5.5e-05 seconds
probability of topic_Faculty_20 is 0.419826

influence of hasword_date_20 on topic_Faculty_20 is -0.0788126

clique number: 2
unobserved tuple number: 1
pgibbs sample time: 5.5e-05 seconds
probability of topic_Staff_56 is 0.505232

influence of hasword_includ_56 on topic_Staff_56 is 0.00523206

clique number: 2
unobserved tuple number: 1
pgibbs sample time: 5.4e-05 seconds
probability of topic_Course_58 is 0.47654

influence of hasword_jan_58 on topic_Course_58 is -0.0234264

clique number: 2
unobserved tuple number: 1
pgibbs sample time: 5.5e-05 seconds
probability of topic_Faculty_23 is 0.478687

influence of hasword_texa_23 on topic_Faculty_23 is -0.0212873

clique number: 5
unobserved tuple number: 2
pgibbs sample time: 0.000218 seconds
probability of topic_ResearchProject_43 is 0.450356

influence of links_43_40 on topic_ResearchProject_43 is -0.011474

clique number: 5
unobserved tuple number: 2
pgibbs sample time: 0.00021 seconds
probability of topic_Person_33 is 0.68996

influence of links_33_19 on topic_Person_33 is -0.0093705

clique number: 2
unobserved tuple number: 1
pgibbs sample time: 5.5e-05 seconds
probability of topic_Staff_5 is 0.423377

influence of hasword_html_5 on topic_Staff_5 is -0.0754351

clique number: 5
unobserved tuple number: 2
pgibbs sample time: 0.000211 seconds
probability of topic_Person_19 is 0.383952

influence of links_33_19 on topic_Person_19 is 0.00843398

clique number: 2
unobserved tuple number: 1
pgibbs sample time: 5.6e-05 seconds
probability of topic_Person_42 is 0.661866

influence of hasword_scienc_42 on topic_Person_42 is 0.150472

clique number: 2
unobserved tuple number: 1
pgibbs sample time: 5.7e-05 seconds
probability of topic_Faculty_13 is 0.546112

influence of hasword_develop_13 on topic_Faculty_13 is 0.0458538

clique number: 2
unobserved tuple number: 1
pgibbs sample time: 5.5e-05 seconds
probability of topic_Course_32 is 0.425578

influence of hasword_softwar_32 on topic_Course_32 is -0.0733344

clique number: 2
unobserved tuple number: 1
pgibbs sample time: 5.6e-05 seconds
probability of topic_Department_49 is 0.643413

influence of hasword_home_49 on topic_Department_49 is 0.135527

clique number: 3
unobserved tuple number: 1
pgibbs sample time: 7.2e-05 seconds
probability of topic_ResearchProject_44 is 0.498634

influence of hasword_formal_44 on topic_ResearchProject_44 is -0.0398715

clique number: 2
unobserved tuple number: 1
pgibbs sample time: 5.6e-05 seconds
probability of topic_Person_14 is 0.661866

influence of hasword_scienc_14 on topic_Person_14 is 0.150472

clique number: 2
unobserved tuple number: 1
pgibbs sample time: 5.8e-05 seconds
probability of topic_ResearchProject_42 is 0.510441

influence of hasword_scienc_42 on topic_ResearchProject_42 is 0.0104382

clique number: 2
unobserved tuple number: 1
pgibbs sample time: 5.5e-05 seconds
probability of topic_Staff_4 is 0.46839

influence of hasword_represent_4 on topic_Staff_4 is -0.0315265

clique number: 2
unobserved tuple number: 1
pgibbs sample time: 5.5e-05 seconds
probability of topic_Course_15 is 0.43891

influence of hasword_modifi_15 on topic_Course_15 is -0.0604888

clique number: 2
unobserved tuple number: 1
pgibbs sample time: 5.5e-05 seconds
probability of topic_Staff_64 is 0.503992

influence of hasword_laboratori_64 on topic_Staff_64 is 0.00399165

clique number: 2
unobserved tuple number: 1
pgibbs sample time: 5.4e-05 seconds
probability of topic_Faculty_5 is 0.387388

influence of hasword_html_5 on topic_Faculty_5 is -0.10882

clique number: 2
unobserved tuple number: 1
pgibbs sample time: 5.7e-05 seconds
probability of topic_ResearchProject_14 is 0.510441

influence of hasword_scienc_14 on topic_ResearchProject_14 is 0.0104382

clique number: 2
unobserved tuple number: 1
pgibbs sample time: 5.5e-05 seconds
probability of topic_Department_41 is 0.424289

influence of hasword_interest_41 on topic_Department_41 is -0.0745653

clique number: 2
unobserved tuple number: 1
pgibbs sample time: 5.6e-05 seconds
probability of topic_Department_8 is 0.477736

influence of hasword_implement_8 on topic_Department_8 is -0.0222352

clique number: 2
unobserved tuple number: 1
pgibbs sample time: 5.6e-05 seconds
probability of topic_Department_63 is 0.649423

influence of hasword_jan_63 on topic_Department_63 is 0.14049

clique number: 5
unobserved tuple number: 2
pgibbs sample time: 0.00022 seconds
probability of topic_Student_39 is 0.32077

influence of links_61_39 on topic_Student_39 is 0.0147946

clique number: 5
unobserved tuple number: 2
pgibbs sample time: 0.000216 seconds
probability of topic_Student_51 is 0.511272

influence of links_51_21 on topic_Student_51 is -0.0137085

clique number: 2
unobserved tuple number: 1
pgibbs sample time: 5.5e-05 seconds
probability of topic_Student_4 is 0.534022

influence of hasword_represent_4 on topic_Student_4 is 0.0339186

clique number: 2
unobserved tuple number: 1
pgibbs sample time: 5.5e-05 seconds
probability of topic_Staff_38 is 0.45716

influence of hasword_data_38 on topic_Staff_38 is -0.0426334

clique number: 2
unobserved tuple number: 1
pgibbs sample time: 5.6e-05 seconds
probability of topic_ResearchProject_50 is 0.482183

influence of hasword_art_50 on topic_ResearchProject_50 is -0.0178024

clique number: 5
unobserved tuple number: 2
pgibbs sample time: 0.000223 seconds
probability of topic_Department_51 is 0.637696

influence of links_51_21 on topic_Department_51 is -0.012076

clique number: 2
unobserved tuple number: 1
pgibbs sample time: 5.4e-05 seconds
probability of topic_Course_27 is 0.47654

influence of hasword_jan_27 on topic_Course_27 is -0.0234264

clique number: 2
unobserved tuple number: 1
pgibbs sample time: 5.3e-05 seconds
probability of topic_Person_11 is 0.0568886

influence of hasword_dec_11 on topic_Person_11 is -0.152549

clique number: 2
unobserved tuple number: 1
pgibbs sample time: 5.3e-05 seconds
probability of topic_Course_48 is 0.519589

influence of hasword_apr_48 on topic_Course_48 is 0.0195692

clique number: 3
unobserved tuple number: 1
pgibbs sample time: 7.4e-05 seconds
probability of topic_ResearchProject_9 is 0.365006

influence of hasword_servic_9 on topic_ResearchProject_9 is -0.0964982

clique number: 2
unobserved tuple number: 1
pgibbs sample time: 5.5e-05 seconds
probability of topic_Course_49 is 0.577641

influence of hasword_home_49 on topic_Course_49 is 0.0764049

clique number: 2
unobserved tuple number: 1
pgibbs sample time: 5.6e-05 seconds
probability of topic_Department_25 is 0.649423

influence of hasword_jan_25 on topic_Department_25 is 0.14049

clique number: 5
unobserved tuple number: 2
pgibbs sample time: 0.000209 seconds
probability of topic_Person_43 is 0.486714

influence of links_43_40 on topic_Person_43 is -0.0182621

clique number: 2
unobserved tuple number: 1
pgibbs sample time: 5.5e-05 seconds
probability of topic_Department_28 is 0.480109

influence of hasword_gmt_28 on topic_Department_28 is -0.0198703

clique number: 2
unobserved tuple number: 1
pgibbs sample time: 5.5e-05 seconds
probability of topic_Department_42 is 0.412026

influence of hasword_scienc_42 on topic_Department_42 is -0.0861742

clique number: 6
unobserved tuple number: 2
pgibbs sample time: 0.00025 seconds
probability of topic_Student_12 is 0.501461

influence of links_47_12 on topic_Student_12 is 0.0155884

clique number: 2
unobserved tuple number: 1
pgibbs sample time: 5.6e-05 seconds
probability of topic_ResearchProject_62 is 0.470989

influence of hasword_length_62 on topic_ResearchProject_62 is -0.0289472

clique number: 2
unobserved tuple number: 1
pgibbs sample time: 5.5e-05 seconds
probability of topic_Course_17 is 0.75994

influence of hasword_materi_17 on topic_Course_17 is 0.210854

clique number: 2
unobserved tuple number: 1
pgibbs sample time: 5.6e-05 seconds
probability of topic_Faculty_31 is 0.547991

influence of hasword_sequenc_31 on topic_Faculty_31 is 0.0477002

clique number: 2
unobserved tuple number: 1
pgibbs sample time: 5.4e-05 seconds
probability of topic_Staff_8 is 0.555017

influence of hasword_implement_8 on topic_Staff_8 is 0.0545785

clique number: 2
unobserved tuple number: 1
pgibbs sample time: 5.7e-05 seconds
probability of topic_ResearchProject_7 is 0.442936

influence of hasword_date_7 on topic_ResearchProject_7 is -0.0565746

clique number: 2
unobserved tuple number: 1
pgibbs sample time: 5.6e-05 seconds
probability of topic_ResearchProject_37 is 0.493629

influence of hasword_austin_37 on topic_ResearchProject_37 is -0.0063701

clique number: 2
unobserved tuple number: 1
pgibbs sample time: 5.3e-05 seconds
probability of topic_Student_2 is 0.425061

influence of hasword_phone_2 on topic_Student_2 is -0.0738282

clique number: 2
unobserved tuple number: 1
pgibbs sample time: 6.2e-05 seconds
probability of topic_Student_65 is 0.541661

influence of hasword_high_65 on topic_Student_65 is 0.0414707

clique number: 2
unobserved tuple number: 1
pgibbs sample time: 5.3e-05 seconds
probability of topic_Person_24 is 0.488201

influence of hasword_research_24 on topic_Person_24 is -0.0117943

clique number: 2
unobserved tuple number: 1
pgibbs sample time: 5.5e-05 seconds
probability of topic_Faculty_10 is 0.489816

influence of hasword_jan_10 on topic_Faculty_10 is -0.0101812

clique number: 2
unobserved tuple number: 1
pgibbs sample time: 5.6e-05 seconds
probability of topic_ResearchProject_38 is 0.541454

influence of hasword_data_38 on topic_ResearchProject_38 is 0.0412662

clique number: 5
unobserved tuple number: 2
pgibbs sample time: 0.000219 seconds
probability of topic_Department_22 is 0.728317

influence of links_22_35 on topic_Department_22 is -0.0115462

clique number: 2
unobserved tuple number: 1
pgibbs sample time: 5.6e-05 seconds
probability of topic_Faculty_45 is 0.499912

influence of hasword_utexa_45 on topic_Faculty_45 is -8.8213e-05

clique number: 2
unobserved tuple number: 1
pgibbs sample time: 5.6e-05 seconds
probability of topic_Department_30 is 0.495797

influence of hasword_tree_30 on topic_Department_30 is -0.00420323

clique number: 2
unobserved tuple number: 1
pgibbs sample time: 5.6e-05 seconds
probability of topic_ResearchProject_36 is 0.403352

influence of hasword_system_36 on topic_ResearchProject_36 is -0.0942579

clique number: 2
unobserved tuple number: 1
pgibbs sample time: 5.6e-05 seconds
probability of topic_Course_4 is 0.475249

influence of hasword_represent_4 on topic_Course_4 is -0.0247113

clique number: 2
unobserved tuple number: 1
pgibbs sample time: 5.5e-05 seconds
probability of topic_Department_34 is 0.48951

influence of hasword_man_34 on topic_Department_34 is -0.0104865

clique number: 2
unobserved tuple number: 1
pgibbs sample time: 5.4e-05 seconds
probability of topic_Department_37 is 0.448246

influence of hasword_austin_37 on topic_Department_37 is -0.051389

clique number: 2
unobserved tuple number: 1
pgibbs sample time: 5.6e-05 seconds
probability of topic_Staff_17 is 0.455511

influence of hasword_materi_17 on topic_Staff_17 is -0.0442569

clique number: 3
unobserved tuple number: 1
pgibbs sample time: 7.4e-05 seconds
probability of topic_Department_26 is 0.601214

influence of hasword_prototyp_26 on topic_Department_26 is -0.00194608

clique number: 2
unobserved tuple number: 1
pgibbs sample time: 5.6e-05 seconds
probability of topic_Department_45 is 0.498531

influence of hasword_utexa_45 on topic_Department_45 is -0.00146926

clique number: 2
unobserved tuple number: 1
pgibbs sample time: 5.4e-05 seconds
probability of topic_Faculty_6 is 0.419826

influence of hasword_date_6 on topic_Faculty_6 is -0.0788126

clique number: 2
unobserved tuple number: 1
pgibbs sample time: 6.1e-05 seconds
probability of topic_ResearchProject_17 is 0.479381

influence of hasword_materi_17 on topic_ResearchProject_17 is -0.0205957

clique number: 2
unobserved tuple number: 1
pgibbs sample time: 5.5e-05 seconds
probability of topic_Person_32 is 0.481126

influence of hasword_softwar_32 on topic_Person_32 is -0.0188566

clique number: 3
unobserved tuple number: 1
pgibbs sample time: 6.9e-05 seconds
probability of topic_Staff_26 is 0.418233

influence of hasword_prototyp_26 on topic_Staff_26 is 0.0132775

clique number: 2
unobserved tuple number: 1
pgibbs sample time: 5.4e-05 seconds
probability of topic_Course_66 is 0.419663

influence of hasword_text_66 on topic_Course_66 is -0.0789676

clique number: 2
unobserved tuple number: 1
pgibbs sample time: 5.6e-05 seconds
probability of topic_Department_66 is 0.477106

influence of hasword_text_66 on topic_Department_66 is -0.0228628

clique number: 5
unobserved tuple number: 2
pgibbs sample time: 0.000218 seconds
probability of topic_Faculty_61 is 0.648704

influence of links_61_39 on topic_Faculty_61 is -0.0107539

clique number: 5
unobserved tuple number: 2
pgibbs sample time: 0.000228 seconds
probability of topic_Person_35 is 0.50009

influence of links_22_35 on topic_Person_35 is 0.017331

clique number: 5
unobserved tuple number: 2
pgibbs sample time: 0.000215 seconds
probability of topic_ResearchProject_51 is 0.447609

influence of links_51_21 on topic_ResearchProject_51 is -0.015476

clique number: 2
unobserved tuple number: 1
pgibbs sample time: 5.4e-05 seconds
probability of topic_Student_6 is 0.493937

influence of hasword_date_6 on topic_Student_6 is -0.00606229

clique number: 2
unobserved tuple number: 1
pgibbs sample time: 5.7e-05 seconds
probability of topic_Student_55 is 0.50726

influence of hasword_modifi_55 on topic_Student_55 is 0.00725901

clique number: 2
unobserved tuple number: 1
pgibbs sample time: 5.4e-05 seconds
probability of topic_Person_8 is 0.54974

influence of hasword_implement_8 on topic_Person_8 is 0.0494163

clique number: 2
unobserved tuple number: 1
pgibbs sample time: 5.4e-05 seconds
probability of topic_Course_37 is 0.498392

influence of hasword_austin_37 on topic_Course_37 is -0.00160777

clique number: 2
unobserved tuple number: 1
pgibbs sample time: 5.4e-05 seconds
probability of topic_Staff_24 is 0.637281

influence of hasword_research_24 on topic_Staff_24 is 0.130375

clique number: 2
unobserved tuple number: 1
pgibbs sample time: 5.4e-05 seconds
probability of topic_Person_37 is 0.463107

influence of hasword_austin_37 on topic_Person_37 is -0.0367608

clique number: 2
unobserved tuple number: 1
pgibbs sample time: 5.3e-05 seconds
probability of topic_Person_52 is 0.535638

influence of hasword_test_52 on topic_Person_52 is 0.0355192

clique number: 2
unobserved tuple number: 1
pgibbs sample time: 6.1e-05 seconds
probability of topic_Course_31 is 0.464736

influence of hasword_sequenc_31 on topic_Course_31 is -0.0351488

clique number: 2
unobserved tuple number: 1
pgibbs sample time: 5.4e-05 seconds
probability of topic_Faculty_4 is 0.531785

influence of hasword_represent_4 on topic_Faculty_4 is 0.0317007

clique number: 6
unobserved tuple number: 2
pgibbs sample time: 0.000318 seconds
probability of topic_Faculty_46 is 0.399612

influence of links_59_46 on topic_Faculty_46 is 0.0121247

clique number: 2
unobserved tuple number: 1
pgibbs sample time: 5.7e-05 seconds
probability of topic_Faculty_37 is 0.469554

influence of hasword_austin_37 on topic_Faculty_37 is -0.0303721

clique number: 2
unobserved tuple number: 1
pgibbs sample time: 5.5e-05 seconds
probability of topic_Person_41 is 0.796164

influence of hasword_interest_41 on topic_Person_41 is 0.222007

clique number: 2
unobserved tuple number: 1
pgibbs sample time: 5.5e-05 seconds
probability of topic_Student_18 is 0.486212

influence of hasword_html_18 on topic_Student_18 is -0.0137816

