observed tuples: r4873 r871 r3461 r421 r388 r4221 r2400 r1328 r2645 r1373 r296 r1785 r933 r3915 r3974 r86 r1358 r4858 r4127 r4941 r748 r3377 r429 r3748 r3321 r4743 r1624 r2104 r346 r4897 r2611 r1747 r2185 r126 r1354 r1035 r472 r4233 r4341 r520 r4877 r2733 r140 r4019 r330 r2842 r775 r4110 r4689 r1978 r4714 r8 r2990 r407 r2286 r757 r278 r1083 r3518 r4967 r3710 r1599 r1902 r447 r2348 r1544 r4765 r4590 r3509 r3542 r3100 r1159 r4200 r3739 r1301 r3553 r1678 r2513 r4781 r615 r285 r3789 r2681 r3768 r3383 r1362 r2996 r4228 r4024 r2209 r1674 r359 r3681 r4165 r935 r634 r2873 r862 r2380 r3035 r3361 r3999 r1985 r1910 r2485 r54 r2764 r2074 r1879 r4144 r4576 r2329 r2261 r4487 r3561 r2554 r3263 r1717 r1976 r405 r842 r43 r2780 r3440 r3564 r2384 r4543 r4007 r1424 r1668 r4146 r319 r4303 r4549 r130 r3165 r3055 r4522 r85 r2389 r226 r2983 r3949 r2110 r2280 r4485 r2448 r989 r4991 r1997 r1816 r2218 r371 r1792 r3088 r3506 r761 r2041 r1652 r2413 r4473 r397 r1028 r352 r675 r2471 r770 r2047 r157 r16 r859 r1950 r66 r4691 r4261 r1925 r3455 r3635 r2600 r4028 r2651 r658 r509 r1401 r4614 r3560 r1367 r2199 r3758 r2428 r4283 r3223 r2676 r642 r2620 r3459 r4979 r1428 r1124 r1949 r1568 r2885 r485 r232 r395 r3565 r2626 r3495 r3449 r2152 r4431 r1406 r3372 r68 r414 r1277 r4316 r1800 r2520 r3570 r588 r1506 r2543 r3801 r3955 r1582 r4012 r2831 r1300 r979 r3230 r1252 r1529 r1052 r3250 r4903 r4529 r1794 r4643 r3087 r2572 r4132 r3959 r453 r3381 r2425 r399 r3367 r1777 r2794 r4326 r2751 r1065 r17 r4499 r331 r3072 r2359 r1023 r656 r326 r1287 r3891 r3522 r2153 r1076 r2069 r3513 r120 r306 r610 r1340 r3233 r2940 r4480 r2725 r2504 r1833 r3262 r4932 r2715 r343 r2205 r3481 r2782 r4263 r2925 r1434 r3519 r3643 r788 r1604 r1173 r337 r4381 r3080 r2811 r3013 r3981 r4497 r309 r2034 r3288 r2530 r1419 r3094 r1156 r3688 r3662 r3982 r1761 r2595 r2225 r2958 r3879 r3395 r3296 r4428 r3060 r2589 r1101 hasword_server_81 r1360 r4530 r2672 hasword_html_5 r334 r3684 r2316 r3931 r4857 r2417 r4738 r665 r4538 r4162 r874 r1057 r1190 r995 r2805 r4625 r3284 r4209 r555 r1657 r3933 r982 r1256 r3168 r3121 r4323 r4674 hasword_case_3 r2829 r2731 hasword_date_3 r1241 r4811 r2685 r804 r2024 r225 r1609 r4383 r2586 r315 r1937 links_43_88 r3697 r2657 links_43_40 hasword_robert_43 r3460 hasword_time_43 hasword_request_43 r2762 r978 hasword_univers_40 r4784 r195 r4004 r2567 r1472 r542 r422 r4735 r691 r1629 r2094 r4410 r4422 hasword_creat_48 r577 r3032 hasword_back_92 r2148 r207 r1790 r4696 r4120 r1034 links_51_274 r2416 r3663 r418 r2106 r2027 r44 r4114 r1555 links_41_177 r4387 hasword_model_177 r1793 r1197 links_55_153 r3167 r708 r1650 r1647 r4993 r294 r2906 r3902 r1933 r2526 r3802 hasword_control_166 hasword_text_66 r3944 r2789 r4264 r4955 r1912 hasword_featur_42 hasword_email_59 r4682 r3115 r784 r4437 hasword_output_43 links_51_21 r1168 hasword_architectur_300 links_39_153 hasword_web_308 r1013 r3521 r3524 hasword_server_27 links_33_19 r2097 r354 hasword_fridai_113 r1395 links_24_229 links_93_71 hasword_sequenc_31 r4307 hasword_account_21 hasword_appoint_83 hasword_content_107 links_47_12 r1619 r4051 links_65_154 r4508 r3872 hasword_nov_98 r1633 hasword_student_75 hasword_dec_11 r1882 links_47_146 r1543 r1572 r1701 hasword_phone_2 r1258 r4654 r4158 hasword_cern_146 r1871 r235 r939 r2581 r2575 links_108_94 hasword_art_50 r1746 r2582 hasword_design_39 r3736 r3666 r3122 hasword_date_53 r4980 r930 r673 r4498 r1274 hasword_consult_154 r3692 r4996 hasword_text_43 r1118 r3331 r3424 r1831 r3668 hasword_construct_113 hasword_public_61 r1353 r676 r4174 hasword_separ_57 r3536 r1686 hasword_board_9 hasword_multimedia_243 r1397 r1323 hasword_machin_90 r1369 r4684 links_78_90 r3517 r1635 r836 r704 r2402 links_198_301 links_198_34 links_198_88 links_301_13 hasword_algorithm_43 r3116 r2745 links_301_186 hasword_scienc_42 hasword_gmt_16 r2884 links_140_168 r3953 r4022 r1762 links_63_166 r1875 hasword_jan_140 hasword_program_140 links_44_124 r1495 hasword_complex_13 hasword_tuesdai_14 links_157_58 hasword_consist_13 r1175 hasword_algorithm_3 r3938 r1689 r2462 r622 r1835 r2800 hasword_file_14 r4697 r504 r3485 hasword_initi_186 r3054 r2896 r2112 hasword_graphic_43 r4386 r1384 r2200 links_44_237 hasword_model_1 r1195 r569 r1423 r4815 r1355 r741 r229 r3338 hasword_length_62 links_34_119 r808 hasword_low_99 r0 r488 r3442 hasword_mondai_49 r2647 r1892 hasword_research_198 hasword_archiv_9 hasword_specif_26 r3642 r2501 r1898 hasword_gener_22 r4841 hasword_gmt_48 hasword_handl_69 links_107_65 r3601 r4584 r695 r4293 r936 r2349 r3716 r4721 hasword_statem_77 r3335 hasword_date_6 r793 r767 r3397 r2936 hasword_hardwar_43 r749 r4054 r1278 hasword_semest_47 r2429 r175 r1877 hasword_implement_8 r1502 r3771 r3206 r2468 links_108_7 r3936 r685 r4945 hasword_project_64 r1296 r3732 hasword_scienc_14 r3405 r4919 r4921 links_51_113 r835 r3997 hasword_task_80 r282 r648 hasword_data_38 r3342 r4665 hasword_cern_46 r2957 links_55_189 r3906 hasword_date_20 links_37_153 r2935 r26 r4962 hasword_softwar_55 hasword_refer_153 r963 r4149 links_301_140 hasword_jan_51 r1660 r4267 r4030 r3497 hasword_includ_56 r714 r59 r177 hasword_html_18 r1520 r2103 hasword_modifi_29 r1805 r4284 r1140 r3843 r4535 r2183 r4257 hasword_mobil_64 r4992 r1457 hasword_board_103 hasword_jan_27 r742 r4108 r107 hasword_prototyp_26 hasword_read_99 links_65_107 r2409 r2228 r3479 r4372 r1557 r1851 r904 r795 hasword_list_88 r4678 links_80_168 r4292 hasword_ph_79 links_51_159 r3516 r3084 r4816 hasword_institut_146 hasword_process_11 r3317 hasword_workshop_13 r4889 r425 r4577 r301 r3416 r3158 r783 r40 links_102_221 hasword_austin_119 r187 r198 r1299 r566 r4694 r2287 r2484 hasword_handout_19 r1097 r4916 r3576 r3989 hasword_hour_84 r2897 r4870 r3555 hasword_server_74 hasword_cern_140 r2221 r2992 links_102_20 r2985 hasword_maintain_189 r133 r3183 links_13_168 r3289 hasword_modifi_159 r1541 hasword_data_55 r4484 r4248 r2324 hasword_obtain_177 r4521 r956 r3441 r4409 rl r2864 r3309 r1236 r4451 hasword_jan_10 links_18_102 hasword_type_68 r3580 r3018 r3848 r4551 links_154_65 r1036 r2304 r259 r1748 r1824 r1753 r4845 r2431 r813 hasword_mime_60 r2802 r802 r231 r30 hasword_ut_221 r2574 r424 links_34_131 r3836 hasword_servic_154 r2678 hasword_texa_221 r3064 links_50_153 hasword_compil_30 hasword_apr_48 r3270 r630 r1058 hasword_area_86 hasword_syllabu_54 r4365 hasword_commun_27 links_59_46 r2133 hasword_represent_4 r3803 hasword_depart_29 r2249 r3286 r155 r3310 hasword_evalu_186 hasword_degre_10 r2535 hasword_servic_9 hasword_research_168 r3391 r816 r3392 r411 hasword_game_43 r2609 hasword_oct_96 hasword_www_153 hasword_access_35 r1592 r1700 hasword_softwar_32 r316 r1439 r4581 r3661 r2927 hasword_vol_15 r206 r2694 hasword_procedur_12 r4219 r3679 r1461 hasword_mathemat_98 r2621 hasword_laboratori_64 r3162 links_47_153 r2247 hasword_click_140 r724 r3138 hasword_oper_159 r3068 r41 r595 r2792 r2432 r4202 r3882 r4886 r1412 r3526 hasword_fall_47 r4596 r1100 r1108 hasword_format_95 r4597 links_10_153 r540 r3731 r1576 r4176 hasword_interest_41 hasword_home_33 r1122 r1001 r2264 r2029 r1878 r3986 r4677 r1294 hasword_reduc_86 hasword_develop_159 r4868 r3624 r4656 hasword_util_140 r4799 hasword_version_86 links_33_153 hasword_tuesdai_69 hasword_austin_37 links_46_59 r1532 r4032 links_154_107 r4492 links_59_153 r182 hasword_effici_31 links_43_68 hasword_hall_49 r2832 r4803 hasword_plan_73 hasword_code_102 r4613 r3037 r2566 r257 r3840 r556 hasword_web_89 r687 r4098 r4723 r2164 hasword_mondai_229 r737 r2460 r1202 r4348 hasword_mail_84 r2465 hasword_research_24 hasword_person_84 r3503 links_89_26 r971 hasword_system_227 r1960 hasword_imag_127 hasword_modifi_15 r2863 hasword_high_65 r213 links_30_168 hasword_jan_58 r4177 r2411 r3478 links_153_103 r42 r627 r2748 links_51_153 r3083 r7 r2003 r1411 r1600 r3532 r2364 r1272 r10 r1945 r1015 r1970 r4092 hasword_man_34 r1085 hasword_colleg_131 hasword_stuff_25 hasword_tree_30 hasword_html_90 r433 r3698 links_24_243 r650 hasword_group_73 r2643 links_75_153 r2638 hasword_develop_13 hasword_graduat_72 r3434 r1145 r2550 hasword_net_70 r3487 hasword_nov_301 r2226 r2136 hasword_due_91 r2569 r2142 r1675 hasword_type_274 hasword_summari_45 r1621 r2510 links_22_35 r1738 r321 r486 r1994 r4469 r247 r3610 r1025 r4175 r4265 r1341 r911 hasword_sundai_61 links_61_39 r413 r1580 hasword_length_88 r3074 r4608 r1218 r4057 r2710 r1778 hasword_utexa_45 r3549 r3626 r2239 r4997 r2403 hasword_univers_176 r4366 r621 hasword_real_93 r4842 links_71_176 r1552 links_71_93 hasword_text_94 r3505 r769 r4324 r4168 r838 r3228 r4285 r119 hasword_home_49 links_49_89 r4156 r2872 hasword_email_176 r4147 r4071 r121 r3025 r3108 hasword_offic_83 hasword_facil_9 hasword_onlin_76 r908 r1446 r1612 r1291 r3794 r1130 r1722 r2340 hasword_materi_17 r559 r4232 r2107 hasword_server_73 r4217 r4687 r4043 r4808 r597 hasword_solution_80 r1427 r2904 r4974 r4204 r3636 r3420 hasword_case_79 r1679 r351 r4547 r525 r477 hasword_year_87 r1185 hasword_januari_198 r1836 r864 r652 r1855 hasword_type_46 hasword_direct_13 r4801 hasword_access_78 r2177 r3858 hasword_vector_48 r1305 r2823 r2182 hasword_machin_139 r1654 r1467 links_94_108 r2014 hasword_tabl_157 hasword_student_58 links_58_157 hasword_graph_38 r2869 r1946 r2061 hasword_robert_67 r4299 r1110 r3429 r4512 hasword_home_78 r3904 r1867 hasword_offic_124 hasword_block_124 hasword_cern_237 r516 hasword_formal_44 r1934 hasword_call_44 hasword_jan_50 links_44_308 r3312 links_44_139 r878 r2128 r2055 hasword_link_97 r4874 r3653 r4034 links_43_300 r138 r758 r631 r1000 r3708 r3159 r2050 r2277 r253 r2739 r3892 r1066 r2015 r4211 r4031 r3884 r4879 r861 r3665 hasword_report_79 r4537 r4388 r4885 r174 r55 r4782 r1201 hasword_work_45 hasword_mime_71 r4575 r3745 r4367 r4822 links_20_102 hasword_test_52 r4066 r774 r2714 r2281 r1734 hasword_task_82 hasword_man_82 r1719 r302 links_176_71 r4566 r4862 r2966 r1602 r1685 r3142 r3462 hasword_prototyp_308 r921 r4033 r3596 r3090 r2601 r3195 r1080 hasword_texa_23 r1969 r4374 r2166 r1074 hasword_www_90 hasword_produc_79 r2245 r1830 r1086 r248 r4940 links_69_168 r1206 r4911 r3045 r1714 r3639 links_227_85 hasword_learn_128 links_128_227 r1885 hasword_knowledg_189 hasword_mime_85 hasword_manag_43 links_33_127 hasword_home_85 r4702 r1699 links_85_227 r1732 r2903 r2852 r3514 links_85_128 hasword_correct_79 r3777 r277 r37 r4795 r2723 r3411 r4796 r3374 r3450 r1530 r4434 hasword_length_6 hasword_time_80 r4394 r265 r353 hasword_content_86 r1610 r1841 r4681 hasword_class_91 r2701 r109 r3924 hasword_system_36 r91 hasword_kei_82 r2083 r3452 hasword_length_11 links_79_168 hasword_program_107 r3273 hasword_email_38 r1004 r1843 r4594 r3185 r4760 r385 r2637 r4956 r2455 r4334 r1238 r1963 r4848 r3641 r856 hasword_jan_63 r3179 r1577 r1724 r4915 hasword_faculti_72 r3146 r3798 hasword_modifi_93 r4908 r13 hasword_differ_140 r2675 links_90_198 r2231 hasword_server_108 r3547 r3190 r2913 r2812 r2312 r2270 hasword_date_7 r1968 r3996 r287 r3136 r1755 r4319 r3031 r4159 r2528 hasword_line_79 hasword_server_69 r2544 hasword_gmt_28 r3775 r823 r1920 r4975 r200 r4406 hasword_proceed_38 hasword_special_131 r2868 r4592 r2970 r3659 r3575 r84 r4942 hasword_tr_31 r3600 r1148 r2622 r2709 r4562 r2179 hasword_good_153 r1405 r3096 r709 r71 r4779 r4883 r4133 r872 r4235 r4472 hasword_faculti_99 r3805 r298 r1671 r4126 r3188 r2556 r3348 r2879 hasword_modifi_55 r3854 r4632 r1578 r3343 r1182 r4238 r2301 r2461 hasword_jan_25 r1282 
size of observed tuples: 1386
size of unobserved tuples: 891

pgibbs sample time: 0.000118 seconds
probability of topic_Faculty_73 is 0.295332

pgibbs sample time: 5.8e-05 seconds
probability of topic_Faculty_91 is 0.461091

pgibbs sample time: 0.000273 seconds
probability of topic_Student_41 is 0.767051

pgibbs sample time: 5.7e-05 seconds
probability of topic_Faculty_23 is 0.478687

pgibbs sample time: 5.8e-05 seconds
probability of topic_Department_74 is 0.477077

pgibbs sample time: 5.7e-05 seconds
probability of topic_Student_16 is 0.493937

pgibbs sample time: 8.6e-05 seconds
probability of topic_Faculty_84 is 0.51536

pgibbs sample time: 0.000624 seconds
probability of topic_Course_154 is 0.391719

pgibbs sample time: 0.000707 seconds
probability of topic_Course_107 is 0.514466

pgibbs sample time: 0.004882 seconds
probability of topic_ResearchProject_43 is 0.189668

pgibbs sample time: 0.0001 seconds
probability of topic_Department_48 is 0.337428

pgibbs sample time: 5.8e-05 seconds
probability of topic_Staff_17 is 0.455511

pgibbs sample time: 0.000507 seconds
probability of topic_Student_94 is 0.489221

pgibbs sample time: 7.2e-05 seconds
probability of topic_Faculty_42 is 0.679807

pgibbs sample time: 8.1e-05 seconds
probability of topic_Course_82 is 0.471645

pgibbs sample time: 5.8e-05 seconds
probability of topic_Department_72 is 0.794603

pgibbs sample time: 5.6e-05 seconds
probability of topic_Course_66 is 0.419663

pgibbs sample time: 0.000707 seconds
probability of topic_Student_221 is 0.580049

pgibbs sample time: 0.000703 seconds
probability of topic_Student_18 is 0.475721

pgibbs sample time: 0.00024 seconds
probability of topic_Person_177 is 0.386322

pgibbs sample time: 0.000272 seconds
probability of topic_Person_41 is 0.789073

pgibbs sample time: 0.000364 seconds
probability of topic_Staff_58 is 0.429792

pgibbs sample time: 5.5e-05 seconds
probability of topic_Person_52 is 0.535638

pgibbs sample time: 5.9e-05 seconds
probability of topic_Faculty_67 is 0.47323

pgibbs sample time: 0.005126 seconds
probability of topic_ResearchProject_146 is 0.560523

pgibbs sample time: 0.005157 seconds
probability of topic_ResearchProject_47 is 0.378141

pgibbs sample time: 0.000101 seconds
probability of topic_ResearchProject_86 is 0.430894

pgibbs sample time: 0.000467 seconds
probability of topic_Staff_229 is 0.358585

pgibbs sample time: 0.000369 seconds
probability of topic_Staff_24 is 0.614561

pgibbs sample time: 5.8e-05 seconds
probability of topic_Student_57 is 0.487116

pgibbs sample time: 0.005343 seconds
probability of topic_Course_10 is 0.431523

pgibbs sample time: 0.004778 seconds
probability of topic_Person_78 is 0.669991

pgibbs sample time: 0.000568 seconds
probability of topic_Department_108 is 0.464468

pgibbs sample time: 0.000505 seconds
probability of topic_Department_94 is 0.479086

pgibbs sample time: 5.7e-05 seconds
probability of topic_Person_8 is 0.54974

pgibbs sample time: 5.6e-05 seconds
probability of topic_Department_96 is 0.395175

pgibbs sample time: 8.5e-05 seconds
probability of topic_Student_84 is 0.419853

pgibbs sample time: 8.7e-05 seconds
probability of topic_Faculty_79 is 0.587213

pgibbs sample time: 5.5e-05 seconds
probability of topic_Course_60 is 0.411195

pgibbs sample time: 0.000559 seconds
probability of topic_Person_128 is 0.492983

pgibbs sample time: 0.000559 seconds
probability of topic_Person_227 is 0.567249

pgibbs sample time: 7.3e-05 seconds
probability of topic_Department_98 is 0.81711

pgibbs sample time: 0.005093 seconds
probability of topic_Student_47 is 0.431499

pgibbs sample time: 0.004688 seconds
probability of topic_Staff_68 is 0.456161

pgibbs sample time: 0.000233 seconds
probability of topic_Faculty_22 is 0.373109

pgibbs sample time: 0.000454 seconds
probability of topic_Staff_26 is 0.429648

pgibbs sample time: 5.7e-05 seconds
probability of topic_Person_32 is 0.481126

pgibbs sample time: 0.003568 seconds
probability of topic_Faculty_186 is 0.520737

pgibbs sample time: 8.5e-05 seconds
probability of topic_Staff_27 is 0.582702

pgibbs sample time: 0.004484 seconds
probability of topic_Staff_127 is 0.459404

pgibbs sample time: 0.003586 seconds
probability of topic_Faculty_131 is 0.465949

pgibbs sample time: 0.005105 seconds
probability of topic_Student_113 is 0.549335

pgibbs sample time: 5.8e-05 seconds
probability of topic_Student_87 is 0.629144

pgibbs sample time: 0.000248 seconds
probability of topic_Person_63 is 0.491965

pgibbs sample time: 0.000342 seconds
probability of topic_Person_157 is 0.491981

pgibbs sample time: 0.000813 seconds
probability of topic_Staff_139 is 0.573419

pgibbs sample time: 7.3e-05 seconds
probability of topic_Faculty_29 is 0.596224

pgibbs sample time: 0.004833 seconds
probability of topic_Course_30 is 0.500322

pgibbs sample time: 0.000702 seconds
probability of topic_Staff_154 is 0.441232

pgibbs sample time: 0.003694 seconds
probability of topic_Faculty_90 is 0.385242

pgibbs sample time: 0.003606 seconds
probability of topic_Faculty_40 is 0.591818

pgibbs sample time: 5.9e-05 seconds
probability of topic_ResearchProject_5 is 0.423904

pgibbs sample time: 0.000669 seconds
probability of topic_Person_18 is 0.489257

pgibbs sample time: 7.7e-05 seconds
probability of topic_Faculty_25 is 0.576602

pgibbs sample time: 0.005015 seconds
probability of topic_Faculty_39 is 0.398367

pgibbs sample time: 0.005147 seconds
probability of topic_Course_40 is 0.570276

pgibbs sample time: 7.2e-05 seconds
probability of topic_Course_42 is 0.518543

pgibbs sample time: 0.004597 seconds
probability of topic_Faculty_127 is 0.571392

pgibbs sample time: 0.000471 seconds
probability of topic_Student_89 is 0.3929

pgibbs sample time: 8.5e-05 seconds
probability of topic_Course_31 is 0.426331

pgibbs sample time: 0.004599 seconds
probability of topic_Faculty_46 is 0.364843

pgibbs sample time: 0.005164 seconds
probability of topic_Faculty_37 is 0.449771

pgibbs sample time: 5.7e-05 seconds
probability of topic_Faculty_4 is 0.531785

pgibbs sample time: 0.004699 seconds
probability of topic_Staff_34 is 0.478759

pgibbs sample time: 7.2e-05 seconds
probability of topic_Person_72 is 0.349613

pgibbs sample time: 0.000387 seconds
probability of topic_Course_157 is 0.555782

pgibbs sample time: 8.6e-05 seconds
probability of topic_Faculty_14 is 0.483857

pgibbs sample time: 8.2e-05 seconds
probability of topic_Student_3 is 0.377362

pgibbs sample time: 0.000459 seconds
probability of topic_Person_49 is 0.54857

pgibbs sample time: 0.00352 seconds
probability of topic_Student_68 is 0.505061

pgibbs sample time: 0.000353 seconds
probability of topic_Faculty_24 is 0.478177

pgibbs sample time: 0.000653 seconds
probability of topic_Student_71 is 0.5287

pgibbs sample time: 0.005315 seconds
probability of topic_Person_127 is 0.530497

pgibbs sample time: 8.6e-05 seconds
probability of topic_Department_84 is 0.500079

pgibbs sample time: 7.4e-05 seconds
probability of topic_Faculty_83 is 0.518471

pgibbs sample time: 0.000615 seconds
probability of topic_Student_128 is 0.503651

pgibbs sample time: 0.000222 seconds
probability of topic_Staff_63 is 0.56253

pgibbs sample time: 7e-05 seconds
probability of topic_Person_98 is 0.730351

pgibbs sample time: 0.000588 seconds
probability of topic_Department_85 is 0.569009

pgibbs sample time: 0.00083 seconds
probability of topic_Faculty_154 is 0.435541

pgibbs sample time: 0.003593 seconds
probability of topic_Faculty_34 is 0.476115

pgibbs sample time: 0.000593 seconds
probability of topic_Faculty_227 is 0.522672

pgibbs sample time: 7.1e-05 seconds
probability of topic_Staff_6 is 0.340789

pgibbs sample time: 8.3e-05 seconds
probability of topic_ResearchProject_99 is 0.44662

pgibbs sample time: 5.8e-05 seconds
probability of topic_Department_4 is 0.48277

pgibbs sample time: 0.000232 seconds
probability of topic_ResearchProject_63 is 0.449058

pgibbs sample time: 0.004892 seconds
probability of topic_Person_34 is 0.418883

pgibbs sample time: 5.8e-05 seconds
probability of topic_Student_28 is 0.493937

pgibbs sample time: 0.000497 seconds
probability of topic_Person_7 is 0.512902

pgibbs sample time: 0.000239 seconds
probability of topic_ResearchProject_41 is 0.366217

pgibbs sample time: 9.9e-05 seconds
probability of topic_ResearchProject_48 is 0.295438

pgibbs sample time: 8.5e-05 seconds
probability of topic_Faculty_69 is 0.320206

pgibbs sample time: 0.000236 seconds
probability of topic_Faculty_63 is 0.475419

pgibbs sample time: 5.7e-05 seconds
probability of topic_Staff_32 is 0.59457

pgibbs sample time: 0.00024 seconds
probability of topic_Course_177 is 0.535956

pgibbs sample time: 0.005274 seconds
probability of topic_Course_50 is 0.391035

pgibbs sample time: 0.001085 seconds
probability of topic_Student_44 is 0.435145

pgibbs sample time: 0.000238 seconds
probability of topic_Course_41 is 0.390502

pgibbs sample time: 5.8e-05 seconds
probability of topic_Student_17 is 0.298945

pgibbs sample time: 0.000911 seconds
probability of topic_Person_237 is 0.544354

pgibbs sample time: 0.005307 seconds
probability of topic_Course_274 is 0.435575

pgibbs sample time: 0.000474 seconds
probability of topic_ResearchProject_26 is 0.559581

pgibbs sample time: 5.7e-05 seconds
probability of topic_Staff_87 is 0.467612

pgibbs sample time: 0.005001 seconds
probability of topic_Department_51 is 0.590182

pgibbs sample time: 0.003705 seconds
probability of topic_Faculty_300 is 0.476158

pgibbs sample time: 0.000926 seconds
probability of topic_Person_44 is 0.488229

pgibbs sample time: 0.004832 seconds
probability of topic_ResearchProject_140 is 0.350821

pgibbs sample time: 8.4e-05 seconds
probability of topic_Course_14 is 0.518249

pgibbs sample time: 5.7e-05 seconds
probability of topic_Person_36 is 0.56344

pgibbs sample time: 0.005217 seconds
probability of topic_Student_39 is 0.315852

pgibbs sample time: 0.005128 seconds
probability of topic_Student_51 is 0.4509

pgibbs sample time: 0.005053 seconds
probability of topic_Staff_55 is 0.413123

pgibbs sample time: 0.004896 seconds
probability of topic_Person_80 is 0.322368

pgibbs sample time: 9.6e-05 seconds
probability of topic_Course_9 is 0.465094

pgibbs sample time: 0.000629 seconds
probability of topic_Person_221 is 0.517602

pgibbs sample time: 0.00488 seconds
probability of topic_Person_40 is 0.647776

pgibbs sample time: 0.000652 seconds
probability of topic_Student_176 is 0.520319

pgibbs sample time: 0.005089 seconds
probability of topic_Department_274 is 0.488573

pgibbs sample time: 0.0001 seconds
probability of topic_Student_86 is 0.436461

pgibbs sample time: 5.7e-05 seconds
probability of topic_ResearchProject_28 is 0.442936

pgibbs sample time: 5.8e-05 seconds
probability of topic_Department_77 is 0.474402

pgibbs sample time: 5.5e-05 seconds
probability of topic_Person_70 is 0.366619

pgibbs sample time: 0.00023 seconds
probability of topic_ResearchProject_166 is 0.492467

pgibbs sample time: 0.000232 seconds
probability of topic_Person_166 is 0.50175

pgibbs sample time: 0.005099 seconds
probability of topic_Department_12 is 0.493898

pgibbs sample time: 5.7e-05 seconds
probability of topic_Course_52 is 0.435111

pgibbs sample time: 0.005211 seconds
probability of topic_Faculty_33 is 0.422522

pgibbs sample time: 0.000631 seconds
probability of topic_Course_20 is 0.495878

pgibbs sample time: 0.000374 seconds
probability of topic_Department_229 is 0.421607

pgibbs sample time: 0.00035 seconds
probability of topic_Student_24 is 0.47333

pgibbs sample time: 0.00058 seconds
probability of topic_Department_89 is 0.68302

pgibbs sample time: 7.2e-05 seconds
probability of topic_ResearchProject_42 is 0.565867

pgibbs sample time: 5.6e-05 seconds
probability of topic_ResearchProject_23 is 0.46694

pgibbs sample time: 7.1e-05 seconds
probability of topic_Department_83 is 0.413138

pgibbs sample time: 0.004697 seconds
probability of topic_Faculty_153 is 0.713341

pgibbs sample time: 0.000719 seconds
probability of topic_Department_20 is 0.485432

pgibbs sample time: 5.8e-05 seconds
probability of topic_Student_62 is 0.501822

pgibbs sample time: 0.000105 seconds
probability of topic_Course_15 is 0.446832

pgibbs sample time: 5.5e-05 seconds
probability of topic_Course_76 is 0.467894

pgibbs sample time: 5.5e-05 seconds
probability of topic_Person_2 is 0.620991

pgibbs sample time: 5.6e-05 seconds
probability of topic_Course_74 is 0.419524

pgibbs sample time: 7.9e-05 seconds
probability of topic_Course_84 is 0.782467

pgibbs sample time: 0.000708 seconds
probability of topic_Staff_176 is 0.54068

pgibbs sample time: 0.000632 seconds
probability of topic_Staff_93 is 0.413203

pgibbs sample time: 7.4e-05 seconds
probability of topic_Department_29 is 0.597307

pgibbs sample time: 0.005123 seconds
probability of topic_Staff_50 is 0.52907

pgibbs sample time: 0.003546 seconds
probability of topic_Student_88 is 0.367867

pgibbs sample time: 0.000233 seconds
probability of topic_Faculty_35 is 0.601582

pgibbs sample time: 0.004622 seconds
probability of topic_ResearchProject_51 is 0.386929

pgibbs sample time: 7.1e-05 seconds
probability of topic_Student_6 is 0.495759

pgibbs sample time: 0.000916 seconds
probability of topic_Person_139 is 0.608133

pgibbs sample time: 0.00038 seconds
probability of topic_Department_243 is 0.481471

pgibbs sample time: 7e-05 seconds
probability of topic_Person_64 is 0.523015

pgibbs sample time: 0.005089 seconds
probability of topic_Department_68 is 0.502202

pgibbs sample time: 0.0001 seconds
probability of topic_Faculty_38 is 0.52535

pgibbs sample time: 0.005234 seconds
probability of topic_Student_127 is 0.487897

pgibbs sample time: 0.003615 seconds
probability of topic_Faculty_301 is 0.475167

pgibbs sample time: 5.8e-05 seconds
probability of topic_Department_16 is 0.480109

pgibbs sample time: 0.005171 seconds
probability of topic_Faculty_50 is 0.488256

pgibbs sample time: 7.2e-05 seconds
probability of topic_Person_83 is 0.516439

pgibbs sample time: 6e-05 seconds
probability of topic_Department_17 is 0.572671

pgibbs sample time: 0.005128 seconds
probability of topic_Student_33 is 0.677236

pgibbs sample time: 5.8e-05 seconds
probability of topic_Course_6 is 0.435971

pgibbs sample time: 0.005284 seconds
probability of topic_Course_159 is 0.480787

pgibbs sample time: 5.9e-05 seconds
probability of topic_Faculty_81 is 0.401374

pgibbs sample time: 0.005 seconds
probability of topic_Department_301 is 0.604876

pgibbs sample time: 0.000125 seconds
probability of topic_Student_79 is 0.516102

pgibbs sample time: 0.000783 seconds
probability of topic_Person_154 is 0.354926

pgibbs sample time: 0.000592 seconds
probability of topic_Faculty_128 is 0.40223

pgibbs sample time: 5.8e-05 seconds
probability of topic_Staff_2 is 0.729589

pgibbs sample time: 0.000617 seconds
probability of topic_Course_227 is 0.701209

pgibbs sample time: 0.00035 seconds
probability of topic_Student_243 is 0.565702

pgibbs sample time: 5.6e-05 seconds
probability of topic_Person_53 is 0.498179

pgibbs sample time: 0.004994 seconds
probability of topic_Department_300 is 0.475385

pgibbs sample time: 5.9e-05 seconds
probability of topic_Department_87 is 0.366359

pgibbs sample time: 0.005476 seconds
probability of topic_Department_61 is 0.305718

pgibbs sample time: 0.000338 seconds
probability of topic_Course_108 is 0.423673

pgibbs sample time: 0.005008 seconds
probability of topic_Department_69 is 0.311671

pgibbs sample time: 0.000341 seconds
probability of topic_Student_58 is 0.774175

pgibbs sample time: 5.7e-05 seconds
probability of topic_Student_96 is 0.535841

pgibbs sample time: 5.6e-05 seconds
probability of topic_Faculty_96 is 0.573274

pgibbs sample time: 0.005131 seconds
probability of topic_Staff_159 is 0.33661

pgibbs sample time: 5.7e-05 seconds
probability of topic_Person_17 is 0.251716

pgibbs sample time: 0.005091 seconds
probability of topic_Staff_113 is 0.428652

pgibbs sample time: 5.8e-05 seconds
probability of topic_Course_17 is 0.75994

pgibbs sample time: 8.8e-05 seconds
probability of topic_Faculty_31 is 0.527443

pgibbs sample time: 0.004725 seconds
probability of topic_Staff_131 is 0.444091

pgibbs sample time: 0.0053 seconds
probability of topic_Course_55 is 0.262362

pgibbs sample time: 9e-05 seconds
probability of topic_Student_64 is 0.404392

pgibbs sample time: 0.003544 seconds
probability of topic_Student_40 is 0.620464

pgibbs sample time: 5.7e-05 seconds
probability of topic_Course_62 is 0.435971

pgibbs sample time: 5.8e-05 seconds
probability of topic_Department_60 is 0.429697

pgibbs sample time: 5.5e-05 seconds
probability of topic_Course_97 is 0.593732

pgibbs sample time: 5.6e-05 seconds
probability of topic_Course_54 is 0.598444

pgibbs sample time: 7.1e-05 seconds
probability of topic_ResearchProject_29 is 0.362276

pgibbs sample time: 0.005263 seconds
probability of topic_ResearchProject_127 is 0.451522

pgibbs sample time: 0.000384 seconds
probability of topic_Student_157 is 0.334255

pgibbs sample time: 8.6e-05 seconds
probability of topic_Department_64 is 0.366552

pgibbs sample time: 7.2e-05 seconds
probability of topic_Staff_15 is 0.435361

pgibbs sample time: 0.004688 seconds
probability of topic_Person_55 is 0.296416

pgibbs sample time: 0.00083 seconds
probability of topic_Person_65 is 0.534909

pgibbs sample time: 0.00083 seconds
probability of topic_Person_107 is 0.456347

pgibbs sample time: 0.005046 seconds
probability of topic_Staff_75 is 0.337716

pgibbs sample time: 7.2e-05 seconds
probability of topic_Course_83 is 0.673088

pgibbs sample time: 0.005295 seconds
probability of topic_Course_75 is 0.525567

pgibbs sample time: 7.2e-05 seconds
probability of topic_Course_73 is 0.45295

pgibbs sample time: 5.8e-05 seconds
probability of topic_Student_32 is 0.466327

pgibbs sample time: 8.9e-05 seconds
probability of topic_ResearchProject_11 is 0.213433

pgibbs sample time: 0.004894 seconds
probability of topic_ResearchProject_168 is 0.693904

pgibbs sample time: 0.004895 seconds
probability of topic_Person_30 is 0.501468

pgibbs sample time: 5.6e-05 seconds
probability of topic_Staff_53 is 0.447858

pgibbs sample time: 5.7e-05 seconds
probability of topic_Faculty_95 is 0.586438

pgibbs sample time: 0.000629 seconds
probability of topic_Person_20 is 0.504607

pgibbs sample time: 0.004478 seconds
probability of topic_Department_34 is 0.471247

pgibbs sample time: 0.005039 seconds
probability of topic_Department_37 is 0.429397

pgibbs sample time: 0.000238 seconds
probability of topic_Course_63 is 0.4641

pgibbs sample time: 7e-05 seconds
probability of topic_Staff_14 is 0.368119

pgibbs sample time: 5.7e-05 seconds
probability of topic_Course_57 is 0.52745

pgibbs sample time: 0.004849 seconds
probability of topic_ResearchProject_131 is 0.450486

pgibbs sample time: 0.004902 seconds
probability of topic_ResearchProject_34 is 0.53496

pgibbs sample time: 5.7e-05 seconds
probability of topic_Student_5 is 0.486212

pgibbs sample time: 0.000103 seconds
probability of topic_Person_48 is 0.499883

pgibbs sample time: 6e-05 seconds
probability of topic_Student_54 is 0.386345

pgibbs sample time: 0.004637 seconds
probability of topic_Staff_69 is 0.418799

pgibbs sample time: 0.00473 seconds
probability of topic_Course_146 is 0.40455

pgibbs sample time: 8.5e-05 seconds
probability of topic_Course_45 is 0.45315

pgibbs sample time: 5.7e-05 seconds
probability of topic_Course_67 is 0.577589

pgibbs sample time: 0.000697 seconds
probability of topic_Staff_221 is 0.457272

pgibbs sample time: 0.004623 seconds
probability of topic_ResearchProject_75 is 0.353552

pgibbs sample time: 5.6e-05 seconds
probability of topic_Staff_52 is 0.511184

pgibbs sample time: 0.000938 seconds
probability of topic_Department_237 is 0.406934

pgibbs sample time: 0.004902 seconds
probability of topic_ResearchProject_30 is 0.509118

pgibbs sample time: 5.8e-05 seconds
probability of topic_ResearchProject_53 is 0.442936

pgibbs sample time: 0.0001 seconds
probability of topic_Department_86 is 0.38745

pgibbs sample time: 0.00495 seconds
probability of topic_Course_79 is 0.290381

pgibbs sample time: 5.7e-05 seconds
probability of topic_Person_92 is 0.476547

pgibbs sample time: 0.000753 seconds
probability of topic_ResearchProject_65 is 0.544545

pgibbs sample time: 8.6e-05 seconds
probability of topic_Faculty_11 is 0.272803

pgibbs sample time: 0.000456 seconds
probability of topic_Staff_49 is 0.295427

pgibbs sample time: 6e-05 seconds
probability of topic_Staff_36 is 0.517015

pgibbs sample time: 0.00534 seconds
probability of topic_Person_189 is 0.535642

pgibbs sample time: 5.8e-05 seconds
probability of topic_Person_57 is 0.476931

pgibbs sample time: 7.1e-05 seconds
probability of topic_ResearchProject_25 is 0.428627

pgibbs sample time: 8.5e-05 seconds
probability of topic_Faculty_27 is 0.380534

pgibbs sample time: 0.004819 seconds
probability of topic_Person_13 is 0.471358

pgibbs sample time: 0.000746 seconds
probability of topic_ResearchProject_124 is 0.460448

pgibbs sample time: 0.00472 seconds
probability of topic_Course_61 is 0.358306

pgibbs sample time: 0.000843 seconds
probability of topic_ResearchProject_107 is 0.366429

pgibbs sample time: 8.2e-05 seconds
probability of topic_Staff_82 is 0.50126

pgibbs sample time: 0.004642 seconds
probability of topic_Staff_140 is 0.326675

pgibbs sample time: 5.9e-05 seconds
probability of topic_Student_74 is 0.487579

pgibbs sample time: 0.001135 seconds
probability of topic_Person_308 is 0.523781

pgibbs sample time: 6e-05 seconds
probability of topic_Department_56 is 0.601492

pgibbs sample time: 0.004643 seconds
probability of topic_Staff_13 is 0.413288

pgibbs sample time: 6.1e-05 seconds
probability of topic_Department_36 is 0.371091

pgibbs sample time: 0.000374 seconds
probability of topic_Department_24 is 0.608136

pgibbs sample time: 0.005164 seconds
probability of topic_Staff_189 is 0.503041

pgibbs sample time: 0.005315 seconds
probability of topic_Course_39 is 0.64637

pgibbs sample time: 0.000102 seconds
probability of topic_Student_48 is 0.45288

pgibbs sample time: 0.000205 seconds
probability of topic_Course_166 is 0.447187

pgibbs sample time: 5.7e-05 seconds
probability of topic_Person_76 is 0.653984

pgibbs sample time: 0.00051 seconds
probability of topic_ResearchProject_94 is 0.441835

pgibbs sample time: 0.000375 seconds
probability of topic_Course_24 is 0.395038

pgibbs sample time: 0.005139 seconds
probability of topic_Student_146 is 0.374217

pgibbs sample time: 0.005394 seconds
probability of topic_Person_46 is 0.517811

pgibbs sample time: 5.9e-05 seconds
probability of topic_Staff_74 is 0.432401

pgibbs sample time: 5.6e-05 seconds
probability of topic_Faculty_5 is 0.387388

pgibbs sample time: 8.6e-05 seconds
probability of topic_ResearchProject_14 is 0.485442

pgibbs sample time: 0.005183 seconds
probability of topic_ResearchProject_274 is 0.452525

pgibbs sample time: 0.000375 seconds
probability of topic_ResearchProject_243 is 0.664336

pgibbs sample time: 0.004648 seconds
probability of topic_Staff_90 is 0.536093

pgibbs sample time: 0.005429 seconds
probability of topic_Course_127 is 0.467705

pgibbs sample time: 0.004836 seconds
probability of topic_ResearchProject_68 is 0.457987

pgibbs sample time: 0.000617 seconds
probability of topic_Student_85 is 0.708327

pgibbs sample time: 5.6e-05 seconds
probability of topic_Course_8 is 0.615754

pgibbs sample time: 0.005025 seconds
probability of topic_Department_21 is 0.459137

pgibbs sample time: 0.005303 seconds
probability of topic_Course_19 is 0.695852

pgibbs sample time: 8.7e-05 seconds
probability of topic_Department_11 is 0.315586

pgibbs sample time: 0.00486 seconds
probability of topic_Course_88 is 0.342483

pgibbs sample time: 5.7e-05 seconds
probability of topic_Faculty_8 is 0.467878

pgibbs sample time: 0.004647 seconds
probability of topic_Staff_300 is 0.556505

pgibbs sample time: 0.005644 seconds
probability of topic_Faculty_19 is 0.494574

pgibbs sample time: 0.004647 seconds
probability of topic_Staff_30 is 0.432514

pgibbs sample time: 0.00087 seconds
probability of topic_Faculty_65 is 0.454156

pgibbs sample time: 8.3e-05 seconds
probability of topic_ResearchProject_82 is 0.56357

pgibbs sample time: 0.003542 seconds
probability of topic_Student_131 is 0.400109

pgibbs sample time: 0.005301 seconds
probability of topic_Course_51 is 0.412919

pgibbs sample time: 0.005158 seconds
probability of topic_Staff_153 is 0.632416

pgibbs sample time: 0.000844 seconds
probability of topic_Student_107 is 0.42812

pgibbs sample time: 0.000758 seconds
probability of topic_ResearchProject_154 is 0.356581

pgibbs sample time: 0.004755 seconds
probability of topic_Staff_119 is 0.486589

pgibbs sample time: 9.9e-05 seconds
probability of topic_Faculty_86 is 0.38095

pgibbs sample time: 5.6e-05 seconds
probability of topic_Person_16 is 0.498179

pgibbs sample time: 5.9e-05 seconds
probability of topic_Department_76 is 0.436649

pgibbs sample time: 0.005179 seconds
probability of topic_ResearchProject_61 is 0.380467

pgibbs sample time: 0.005367 seconds
probability of topic_Person_10 is 0.527088

pgibbs sample time: 0.000604 seconds
probability of topic_Faculty_20 is 0.419378

pgibbs sample time: 0.004961 seconds
probability of topic_Course_198 is 0.44402

pgibbs sample time: 0.004499 seconds
probability of topic_Department_103 is 0.481659

pgibbs sample time: 8.7e-05 seconds
probability of topic_ResearchProject_27 is 0.414848

pgibbs sample time: 0.004628 seconds
probability of topic_ResearchProject_103 is 0.482564

pgibbs sample time: 5.7e-05 seconds
probability of topic_Staff_95 is 0.47193

pgibbs sample time: 0.000472 seconds
probability of topic_Student_49 is 0.647067

pgibbs sample time: 0.000343 seconds
probability of topic_Person_58 is 0.643639

pgibbs sample time: 8.7e-05 seconds
probability of topic_Student_27 is 0.473126

pgibbs sample time: 8.6e-05 seconds
probability of topic_Department_27 is 0.574933

pgibbs sample time: 0.005142 seconds
probability of topic_Student_274 is 0.502907

pgibbs sample time: 0.003679 seconds
probability of topic_Student_43 is 0.373715

pgibbs sample time: 0.000101 seconds
probability of topic_Student_9 is 0.459523

pgibbs sample time: 5.8e-05 seconds
probability of topic_Student_67 is 0.432953

pgibbs sample time: 0.000932 seconds
probability of topic_Course_139 is 0.497016

pgibbs sample time: 0.000511 seconds
probability of topic_ResearchProject_7 is 0.458799

pgibbs sample time: 0.004596 seconds
probability of topic_Student_75 is 0.738852

pgibbs sample time: 0.005036 seconds
probability of topic_Department_10 is 0.624475

pgibbs sample time: 0.005148 seconds
probability of topic_Department_189 is 0.369084

pgibbs sample time: 7.2e-05 seconds
probability of topic_Person_25 is 0.521188

pgibbs sample time: 5.4e-05 seconds
probability of topic_Faculty_2 is 0.52117

pgibbs sample time: 5.6e-05 seconds
probability of topic_Course_96 is 0.503376

pgibbs sample time: 8.5e-05 seconds
probability of topic_Department_99 is 0.735598

pgibbs sample time: 0.004649 seconds
probability of topic_Staff_301 is 0.467627

pgibbs sample time: 0.005219 seconds
probability of topic_Course_34 is 0.478398

pgibbs sample time: 0.004741 seconds
probability of topic_Staff_198 is 0.613463

pgibbs sample time: 0.005198 seconds
probability of topic_ResearchProject_59 is 0.484463

pgibbs sample time: 0.000456 seconds
probability of topic_Staff_94 is 0.504495

pgibbs sample time: 5.9e-05 seconds
probability of topic_Student_56 is 0.323068

pgibbs sample time: 8.6e-05 seconds
probability of topic_Department_14 is 0.310779

pgibbs sample time: 0.004822 seconds
probability of topic_Person_69 is 0.625978

pgibbs sample time: 7.3e-05 seconds
probability of topic_Staff_31 is 0.512334

pgibbs sample time: 0.000686 seconds
probability of topic_Faculty_221 is 0.492192

pgibbs sample time: 0.005145 seconds
probability of topic_Department_127 is 0.436653

pgibbs sample time: 8.8e-05 seconds
probability of topic_Student_31 is 0.670028

pgibbs sample time: 0.000474 seconds
probability of topic_Faculty_26 is 0.594706

pgibbs sample time: 0.005118 seconds
probability of topic_Department_55 is 0.28984

pgibbs sample time: 0.00482 seconds
probability of topic_ResearchProject_69 is 0.246863

pgibbs sample time: 6e-05 seconds
probability of topic_Department_5 is 0.481264

pgibbs sample time: 5.7e-05 seconds
probability of topic_ResearchProject_52 is 0.476468

pgibbs sample time: 0.005294 seconds
probability of topic_Course_21 is 0.518711

pgibbs sample time: 8.4e-05 seconds
probability of topic_Person_84 is 0.454709

pgibbs sample time: 0.000931 seconds
probability of topic_Course_237 is 0.447298

pgibbs sample time: 0.004757 seconds
probability of topic_Staff_78 is 0.447945

pgibbs sample time: 0.000689 seconds
probability of topic_Person_93 is 0.50397

pgibbs sample time: 0.000557 seconds
probability of topic_Course_18 is 0.400444

pgibbs sample time: 5.9e-05 seconds
probability of topic_Student_30 is 0.52508

pgibbs sample time: 8.2e-05 seconds
probability of topic_Person_11 is 0.0343826

pgibbs sample time: 8.2e-05 seconds
probability of topic_Course_27 is 0.320074

pgibbs sample time: 0.000506 seconds
probability of topic_Department_7 is 0.495049

pgibbs sample time: 0.0053 seconds
probability of topic_ResearchProject_46 is 0.442531

pgibbs sample time: 7.2e-05 seconds
probability of topic_Department_73 is 0.407934

pgibbs sample time: 5.8e-05 seconds
probability of topic_ResearchProject_4 is 0.479583

pgibbs sample time: 0.004815 seconds
probability of topic_Person_79 is 0.701

pgibbs sample time: 0.005205 seconds
probability of topic_Department_88 is 0.612933

pgibbs sample time: 8.7e-05 seconds
probability of topic_Department_3 is 0.398154

pgibbs sample time: 0.004863 seconds
probability of topic_Course_43 is 0.227621

pgibbs sample time: 0.000616 seconds
probability of topic_ResearchProject_176 is 0.385652

pgibbs sample time: 0.005065 seconds
probability of topic_Staff_10 is 0.558847

pgibbs sample time: 0.00051 seconds
probability of topic_ResearchProject_108 is 0.426198

pgibbs sample time: 0.000471 seconds
probability of topic_Course_26 is 0.530422

pgibbs sample time: 0.000458 seconds
probability of topic_Person_26 is 0.600769

pgibbs sample time: 0.005117 seconds
probability of topic_Department_43 is 0.101889

pgibbs sample time: 5.6e-05 seconds
probability of topic_Staff_16 is 0.447858

pgibbs sample time: 0.000612 seconds
probability of topic_Course_128 is 0.486809

pgibbs sample time: 0.004642 seconds
probability of topic_Staff_43 is 0.162428

pgibbs sample time: 0.005264 seconds
probability of topic_Student_153 is 0.506861

pgibbs sample time: 5.8e-05 seconds
probability of topic_ResearchProject_36 is 0.403352

pgibbs sample time: 7.2e-05 seconds
probability of topic_Course_98 is 0.489522

pgibbs sample time: 0.000556 seconds
probability of topic_Person_102 is 0.384879

pgibbs sample time: 8.4e-05 seconds
probability of topic_Person_31 is 0.534449

pgibbs sample time: 6e-05 seconds
probability of topic_ResearchProject_57 is 0.489022

pgibbs sample time: 6.9e-05 seconds
probability of topic_Person_29 is 0.60522

pgibbs sample time: 0.005202 seconds
probability of topic_Staff_37 is 0.454505

pgibbs sample time: 0.004828 seconds
probability of topic_ResearchProject_301 is 0.589371

pgibbs sample time: 0.003632 seconds
probability of topic_Faculty_198 is 0.477601

pgibbs sample time: 0.005152 seconds
probability of topic_Staff_19 is 0.511328

pgibbs sample time: 7.2e-05 seconds
probability of topic_Staff_91 is 0.456046

pgibbs sample time: 0.004587 seconds
probability of topic_Student_103 is 0.50911

pgibbs sample time: 5.7e-05 seconds
probability of topic_Course_92 is 0.344213

pgibbs sample time: 0.005143 seconds
probability of topic_Student_21 is 0.479116

pgibbs sample time: 0.000129 seconds
probability of topic_Staff_9 is 0.415935

pgibbs sample time: 6.9e-05 seconds
probability of topic_Course_64 is 0.556126

pgibbs sample time: 0.005298 seconds
probability of topic_Course_59 is 0.442111

pgibbs sample time: 5.9e-05 seconds
probability of topic_ResearchProject_87 is 0.446075

pgibbs sample time: 7.2e-05 seconds
probability of topic_Department_42 is 0.38993

pgibbs sample time: 0.004594 seconds
probability of topic_Student_12 is 0.502139

pgibbs sample time: 0.000507 seconds
probability of topic_Faculty_108 is 0.394651

pgibbs sample time: 8.4e-05 seconds
probability of topic_Staff_3 is 0.380455

pgibbs sample time: 0.005342 seconds
probability of topic_Person_146 is 0.613031

pgibbs sample time: 0.000198 seconds
probability of topic_Person_22 is 0.392847

pgibbs sample time: 5.7e-05 seconds
probability of topic_ResearchProject_66 is 0.437775

pgibbs sample time: 8.5e-05 seconds
probability of topic_Faculty_45 is 0.502788

pgibbs sample time: 0.00079 seconds
probability of topic_Staff_65 is 0.453959

pgibbs sample time: 5.9e-05 seconds
probability of topic_Department_2 is 0.492523

pgibbs sample time: 0.003579 seconds
probability of topic_Student_34 is 0.427944

pgibbs sample time: 0.00356 seconds
probability of topic_Student_140 is 0.252523

pgibbs sample time: 5.9e-05 seconds
probability of topic_Department_95 is 0.467383

pgibbs sample time: 0.000712 seconds
probability of topic_ResearchProject_221 is 0.480852

pgibbs sample time: 7.3e-05 seconds
probability of topic_Faculty_72 is 0.544179

pgibbs sample time: 0.000222 seconds
probability of topic_Staff_166 is 0.498498

pgibbs sample time: 7.2e-05 seconds
probability of topic_Staff_29 is 0.445293

pgibbs sample time: 0.000455 seconds
probability of topic_Staff_89 is 0.581389

pgibbs sample time: 0.005196 seconds
probability of topic_Faculty_61 is 0.475549

pgibbs sample time: 0.000225 seconds
probability of topic_Person_35 is 0.50009

pgibbs sample time: 5.8e-05 seconds
probability of topic_Student_42 is 0.602305

pgibbs sample time: 5.7e-05 seconds
probability of topic_Staff_8 is 0.555017

pgibbs sample time: 0.000366 seconds
probability of topic_Staff_157 is 0.441514

pgibbs sample time: 0.000632 seconds
probability of topic_Staff_71 is 0.415251

pgibbs sample time: 0.005189 seconds
probability of topic_Faculty_10 is 0.446918

pgibbs sample time: 8.8e-05 seconds
probability of topic_ResearchProject_38 is 0.645139

pgibbs sample time: 0.005068 seconds
probability of topic_Department_40 is 0.638891

pgibbs sample time: 9.9e-05 seconds
probability of topic_Staff_48 is 0.398727

pgibbs sample time: 7.5e-05 seconds
probability of topic_ResearchProject_83 is 0.435929

pgibbs sample time: 7.1e-05 seconds
probability of topic_Student_91 is 0.545441

pgibbs sample time: 0.004643 seconds
probability of topic_ResearchProject_153 is 0.671635

pgibbs sample time: 0.000224 seconds
probability of topic_Staff_41 is 0.446372

pgibbs sample time: 0.005025 seconds
probability of topic_Department_39 is 0.372067

pgibbs sample time: 0.003695 seconds
probability of topic_Faculty_13 is 0.541019

pgibbs sample time: 0.000224 seconds
probability of topic_Staff_177 is 0.537179

pgibbs sample time: 9.9e-05 seconds
probability of topic_Person_38 is 0.330059

pgibbs sample time: 0.000613 seconds
probability of topic_ResearchProject_93 is 0.480393

pgibbs sample time: 0.004604 seconds
probability of topic_Student_55 is 0.33047

pgibbs sample time: 5.8e-05 seconds
probability of topic_ResearchProject_67 is 0.609436

pgibbs sample time: 0.000796 seconds
probability of topic_Course_65 is 0.505238

pgibbs sample time: 0.004817 seconds
probability of topic_Person_119 is 0.479275

pgibbs sample time: 0.005323 seconds
probability of topic_Person_59 is 0.477601

pgibbs sample time: 0.005204 seconds
probability of topic_Faculty_59 is 0.552803

pgibbs sample time: 7.5e-05 seconds
probability of topic_ResearchProject_72 is 0.43915

pgibbs sample time: 0.004514 seconds
probability of topic_Staff_274 is 0.446521

pgibbs sample time: 6.3e-05 seconds
probability of topic_ResearchProject_74 is 0.435576

pgibbs sample time: 8.2e-05 seconds
probability of topic_Staff_99 is 0.412756

pgibbs sample time: 0.004695 seconds
probability of topic_Person_153 is 0.490011

pgibbs sample time: 0.005199 seconds
probability of topic_ResearchProject_55 is 0.634121

pgibbs sample time: 0.005359 seconds
probability of topic_Person_103 is 0.602093

pgibbs sample time: 6e-05 seconds
probability of topic_Faculty_92 is 0.40832

pgibbs sample time: 0.005249 seconds
probability of topic_ResearchProject_189 is 0.573451

pgibbs sample time: 0.005156 seconds
probability of topic_Student_37 is 0.497136

pgibbs sample time: 0.005077 seconds
probability of topic_Staff_21 is 0.510579

pgibbs sample time: 8.7e-05 seconds
probability of topic_Student_14 is 0.580548

pgibbs sample time: 0.004569 seconds
probability of topic_Staff_51 is 0.511035

pgibbs sample time: 0.00363 seconds
probability of topic_Faculty_140 is 0.53864

pgibbs sample time: 0.005007 seconds
probability of topic_Department_90 is 0.468551

pgibbs sample time: 0.005275 seconds
probability of topic_Faculty_274 is 0.4191

pgibbs sample time: 0.00488 seconds
probability of topic_Course_186 is 0.507099

pgibbs sample time: 0.005283 seconds
probability of topic_Person_39 is 0.447605

pgibbs sample time: 0.004741 seconds
probability of topic_Faculty_103 is 0.564956

pgibbs sample time: 7.3e-05 seconds
probability of topic_Person_42 is 0.680435

pgibbs sample time: 0.004946 seconds
probability of topic_Course_131 is 0.454481

pgibbs sample time: 7.3e-05 seconds
probability of topic_Staff_83 is 0.551996

pgibbs sample time: 8.4e-05 seconds
probability of topic_Faculty_82 is 0.411907

pgibbs sample time: 0.000687 seconds
probability of topic_Faculty_18 is 0.374008

pgibbs sample time: 5.8e-05 seconds
probability of topic_Person_4 is 0.544751

pgibbs sample time: 0.000376 seconds
probability of topic_Course_243 is 0.436114

pgibbs sample time: 0.004646 seconds
probability of topic_Staff_186 is 0.534138

pgibbs sample time: 7.2e-05 seconds
probability of topic_Staff_72 is 0.294353

pgibbs sample time: 0.005023 seconds
probability of topic_Department_46 is 0.366344

pgibbs sample time: 0.000485 seconds
probability of topic_Staff_7 is 0.463937

pgibbs sample time: 0.000631 seconds
probability of topic_Course_102 is 0.573833

pgibbs sample time: 0.004637 seconds
probability of topic_ResearchProject_50 is 0.426589

pgibbs sample time: 0.000713 seconds
probability of topic_Student_20 is 0.500843

pgibbs sample time: 0.000235 seconds
probability of topic_ResearchProject_35 is 0.560039

pgibbs sample time: 0.004735 seconds
probability of topic_Faculty_21 is 0.497928

pgibbs sample time: 0.005227 seconds
probability of topic_ResearchProject_21 is 0.5466

pgibbs sample time: 0.004823 seconds
probability of topic_ResearchProject_88 is 0.503514

pgibbs sample time: 0.00484 seconds
probability of topic_Staff_40 is 0.564492

pgibbs sample time: 0.00513 seconds
probability of topic_Department_198 is 0.568411

pgibbs sample time: 0.000627 seconds
probability of topic_Staff_227 is 0.536345

pgibbs sample time: 0.000506 seconds
probability of topic_Student_108 is 0.474002

pgibbs sample time: 5.7e-05 seconds
probability of topic_Person_56 is 0.392505

pgibbs sample time: 0.005249 seconds
probability of topic_Student_10 is 0.58778

pgibbs sample time: 0.003641 seconds
probability of topic_Faculty_78 is 0.546194

pgibbs sample time: 8.6e-05 seconds
probability of topic_Staff_64 is 0.593418

pgibbs sample time: 0.000615 seconds
probability of topic_ResearchProject_71 is 0.498165

pgibbs sample time: 7.4e-05 seconds
probability of topic_Faculty_15 is 0.422302

pgibbs sample time: 5.7e-05 seconds
probability of topic_Faculty_74 is 0.401374

pgibbs sample time: 0.004971 seconds
probability of topic_Course_13 is 0.319054

pgibbs sample time: 0.004978 seconds
probability of topic_Course_301 is 0.464649

pgibbs sample time: 0.000699 seconds
probability of topic_Staff_20 is 0.450086

pgibbs sample time: 0.00452 seconds
probability of topic_Staff_61 is 0.358546

pgibbs sample time: 0.004818 seconds
probability of topic_ResearchProject_119 is 0.506611

pgibbs sample time: 0.003637 seconds
probability of topic_Student_300 is 0.47479

pgibbs sample time: 0.004825 seconds
probability of topic_Person_88 is 0.430459

pgibbs sample time: 5.7e-05 seconds
probability of topic_Course_2 is 0.464953

pgibbs sample time: 7.3e-05 seconds
probability of topic_Student_25 is 0.533836

pgibbs sample time: 0.000273 seconds
probability of topic_Student_177 is 0.396212

pgibbs sample time: 8.6e-05 seconds
probability of topic_Faculty_64 is 0.447541

pgibbs sample time: 5.7e-05 seconds
probability of topic_Course_91 is 0.632866

pgibbs sample time: 0.005301 seconds
probability of topic_Course_103 is 0.482626

pgibbs sample time: 0.005078 seconds
probability of topic_Department_119 is 0.46289

pgibbs sample time: 5.9e-05 seconds
probability of topic_ResearchProject_76 is 0.478169

pgibbs sample time: 0.000238 seconds
probability of topic_Student_166 is 0.463316

pgibbs sample time: 0.000354 seconds
probability of topic_Faculty_229 is 0.351144

pgibbs sample time: 5.9e-05 seconds
probability of topic_Student_97 is 0.439022

pgibbs sample time: 0.000617 seconds
probability of topic_Person_71 is 0.493029

pgibbs sample time: 0.000613 seconds
probability of topic_Course_85 is 0.463755

pgibbs sample time: 0.005018 seconds
probability of topic_Department_131 is 0.623968

pgibbs sample time: 0.000236 seconds
probability of topic_ResearchProject_22 is 0.607869

pgibbs sample time: 0.000654 seconds
probability of topic_Student_93 is 0.446903

pgibbs sample time: 5.7e-05 seconds
probability of topic_Course_87 is 0.465118

pgibbs sample time: 5.4e-05 seconds
probability of topic_Staff_28 is 0.447858

pgibbs sample time: 0.005363 seconds
probability of topic_Course_47 is 0.739464

pgibbs sample time: 8.7e-05 seconds
probability of topic_Student_73 is 0.419633

pgibbs sample time: 0.000615 seconds
probability of topic_Person_176 is 0.620896

pgibbs sample time: 8.7e-05 seconds
probability of topic_Student_69 is 0.596784

pgibbs sample time: 0.004865 seconds
probability of topic_Course_68 is 0.440669

pgibbs sample time: 0.004829 seconds
probability of topic_Course_12 is 0.621916

pgibbs sample time: 0.005214 seconds
probability of topic_Faculty_189 is 0.527371

pgibbs sample time: 0.000556 seconds
probability of topic_Course_89 is 0.708246

pgibbs sample time: 0.004862 seconds
probability of topic_Course_78 is 0.674304

pgibbs sample time: 5.9e-05 seconds
probability of topic_Faculty_62 is 0.431532

pgibbs sample time: 0.000816 seconds
probability of topic_Staff_124 is 0.583614

pgibbs sample time: 0.004866 seconds
probability of topic_Course_119 is 0.512951

pgibbs sample time: 5.7e-05 seconds
probability of topic_Course_70 is 0.457571

pgibbs sample time: 5.8e-05 seconds
probability of topic_Department_67 is 0.459988

pgibbs sample time: 0.000741 seconds
probability of topic_Faculty_308 is 0.473462

pgibbs sample time: 0.004932 seconds
probability of topic_Course_168 is 0.521533

pgibbs sample time: 8.6e-05 seconds
probability of topic_Person_45 is 0.590867

pgibbs sample time: 0.005369 seconds
probability of topic_Course_46 is 0.353205

pgibbs sample time: 0.000236 seconds
probability of topic_Faculty_41 is 0.681795

pgibbs sample time: 0.000848 seconds
probability of topic_Faculty_124 is 0.432348

pgibbs sample time: 0.004838 seconds
probability of topic_ResearchProject_198 is 0.645178

pgibbs sample time: 7.4e-05 seconds
probability of topic_Student_45 is 0.456385

pgibbs sample time: 0.000332 seconds
probability of topic_Faculty_58 is 0.418101

pgibbs sample time: 7.1e-05 seconds
probability of topic_Course_3 is 0.457805

pgibbs sample time: 8.5e-05 seconds
probability of topic_Faculty_80 is 0.485217

pgibbs sample time: 0.004846 seconds
probability of topic_ResearchProject_13 is 0.593459

pgibbs sample time: 5.8e-05 seconds
probability of topic_Staff_4 is 0.46839

pgibbs sample time: 5.6e-05 seconds
probability of topic_Course_16 is 0.425378

pgibbs sample time: 0.004889 seconds
probability of topic_Person_198 is 0.522809

pgibbs sample time: 0.005119 seconds
probability of topic_Department_30 is 0.438146

pgibbs sample time: 0.00454 seconds
probability of topic_Staff_59 is 0.484058

pgibbs sample time: 6e-05 seconds
probability of topic_Student_81 is 0.487579

pgibbs sample time: 7.2e-05 seconds
probability of topic_Department_15 is 0.389289

pgibbs sample time: 0.00046 seconds
probability of topic_Person_89 is 0.425192

pgibbs sample time: 0.000943 seconds
probability of topic_Course_124 is 0.615139

pgibbs sample time: 5.7e-05 seconds
probability of topic_Staff_77 is 0.474394

pgibbs sample time: 0.000369 seconds
probability of topic_Staff_243 is 0.510552

pgibbs sample time: 0.005198 seconds
probability of topic_ResearchProject_39 is 0.569531

pgibbs sample time: 0.005362 seconds
probability of topic_Person_12 is 0.452888

pgibbs sample time: 0.004868 seconds
probability of topic_Course_300 is 0.474019

pgibbs sample time: 0.00079 seconds
probability of topic_Staff_107 is 0.361258

pgibbs sample time: 5.8e-05 seconds
probability of topic_Faculty_54 is 0.486159

pgibbs sample time: 0.000474 seconds
probability of topic_Faculty_49 is 0.329191

pgibbs sample time: 9.9e-05 seconds
probability of topic_Faculty_9 is 0.497216

pgibbs sample time: 6.9e-05 seconds
probability of topic_Course_72 is 0.473289

pgibbs sample time: 0.005315 seconds
probability of topic_Course_33 is 0.531782

pgibbs sample time: 0.004877 seconds
probability of topic_Course_80 is 0.468686

pgibbs sample time: 5.8e-05 seconds
probability of topic_Person_95 is 0.429657

pgibbs sample time: 5.8e-05 seconds
probability of topic_Department_57 is 0.498504

pgibbs sample time: 0.000273 seconds
probability of topic_ResearchProject_177 is 0.522443

pgibbs sample time: 0.00516 seconds
probability of topic_Student_61 is 0.0968427

pgibbs sample time: 0.000508 seconds
probability of topic_Faculty_7 is 0.436375

pgibbs sample time: 0.005274 seconds
probability of topic_Person_50 is 0.578136

pgibbs sample time: 6.4e-05 seconds
probability of topic_Department_23 is 0.442131

pgibbs sample time: 5.8e-05 seconds
probability of topic_Department_53 is 0.480109

pgibbs sample time: 0.000846 seconds
probability of topic_ResearchProject_237 is 0.521563

pgibbs sample time: 8.7e-05 seconds
probability of topic_ResearchProject_45 is 0.469952

pgibbs sample time: 5.7e-05 seconds
probability of topic_Person_96 is 0.557225

pgibbs sample time: 0.005261 seconds
probability of topic_Person_51 is 0.442572

pgibbs sample time: 0.00536 seconds
probability of topic_Person_113 is 0.325601

pgibbs sample time: 0.00472 seconds
probability of topic_Person_159 is 0.563373

pgibbs sample time: 7.4e-05 seconds
probability of topic_Student_83 is 0.529084

pgibbs sample time: 0.00047 seconds
probability of topic_ResearchProject_89 is 0.431528

pgibbs sample time: 0.005345 seconds
probability of topic_Person_274 is 0.501946

pgibbs sample time: 5.9e-05 seconds
probability of topic_ResearchProject_32 is 0.651756

pgibbs sample time: 0.004878 seconds
probability of topic_ResearchProject_40 is 0.407202

pgibbs sample time: 7.1e-05 seconds
probability of topic_Person_15 is 0.488154

pgibbs sample time: 0.000234 seconds
probability of topic_Department_35 is 0.514794

pgibbs sample time: 0.005246 seconds
probability of topic_Student_189 is 0.510644

pgibbs sample time: 5.8e-05 seconds
probability of topic_Faculty_32 is 0.406926

pgibbs sample time: 8.7e-05 seconds
probability of topic_Department_45 is 0.437957

pgibbs sample time: 5.8e-05 seconds
probability of topic_Staff_81 is 0.432401

pgibbs sample time: 5.8e-05 seconds
probability of topic_Faculty_97 is 0.483098

pgibbs sample time: 5.7e-05 seconds
probability of topic_Course_32 is 0.425578

pgibbs sample time: 0.003562 seconds
probability of topic_Student_78 is 0.687082

pgibbs sample time: 0.000375 seconds
probability of topic_Course_229 is 0.482663

pgibbs sample time: 0.00356 seconds
probability of topic_Student_90 is 0.588061

pgibbs sample time: 0.003624 seconds
probability of topic_Student_198 is 0.461065

pgibbs sample time: 0.003574 seconds
probability of topic_Student_119 is 0.527229

pgibbs sample time: 0.003654 seconds
probability of topic_Student_301 is 0.696043

pgibbs sample time: 0.000208 seconds
probability of topic_Department_22 is 0.728317

pgibbs sample time: 0.003563 seconds
probability of topic_Student_186 is 0.508275

pgibbs sample time: 0.003567 seconds
probability of topic_Student_13 is 0.466167

pgibbs sample time: 0.00071 seconds
probability of topic_ResearchProject_20 is 0.443735

pgibbs sample time: 0.000125 seconds
probability of topic_Department_38 is 0.521896

pgibbs sample time: 5.6e-05 seconds
probability of topic_Staff_60 is 0.412752

pgibbs sample time: 0.000563 seconds
probability of topic_Course_93 is 0.422468

pgibbs sample time: 5.8e-05 seconds
probability of topic_ResearchProject_56 is 0.543606

pgibbs sample time: 0.000694 seconds
probability of topic_Course_71 is 0.41531

pgibbs sample time: 0.000376 seconds
probability of topic_ResearchProject_229 is 0.300048

pgibbs sample time: 0.000639 seconds
probability of topic_Course_176 is 0.501529

pgibbs sample time: 0.004959 seconds
probability of topic_Course_69 is 0.435092

pgibbs sample time: 7.3e-05 seconds
probability of topic_Department_91 is 0.454745

pgibbs sample time: 5.7e-05 seconds
probability of topic_Staff_57 is 0.479842

pgibbs sample time: 7.3e-05 seconds
probability of topic_Student_72 is 0.507834

pgibbs sample time: 7.3e-05 seconds
probability of topic_Faculty_30 is 0.609717

pgibbs sample time: 0.005309 seconds
probability of topic_Course_153 is 0.500222

pgibbs sample time: 0.00072 seconds
probability of topic_Department_221 is 0.456878

pgibbs sample time: 0.005061 seconds
probability of topic_Staff_33 is 0.418694

pgibbs sample time: 0.0001 seconds
probability of topic_Department_9 is 0.48468

pgibbs sample time: 5.8e-05 seconds
probability of topic_Faculty_1 is 0.517145

pgibbs sample time: 0.000711 seconds
probability of topic_Student_102 is 0.376319

pgibbs sample time: 0.005348 seconds
probability of topic_Person_75 is 0.624992

pgibbs sample time: 7.4e-05 seconds
probability of topic_ResearchProject_15 is 0.463591

pgibbs sample time: 7e-05 seconds
probability of topic_Course_25 is 0.524908

pgibbs sample time: 0.004806 seconds
probability of topic_Person_47 is 0.442726

pgibbs sample time: 5.6e-05 seconds
probability of topic_Person_28 is 0.498179

pgibbs sample time: 5.8e-05 seconds
probability of topic_Student_53 is 0.493937

pgibbs sample time: 0.000498 seconds
probability of topic_Department_26 is 0.609669

pgibbs sample time: 5.8e-05 seconds
probability of topic_Staff_5 is 0.423377

pgibbs sample time: 0.00527 seconds
probability of topic_Person_19 is 0.38461

pgibbs sample time: 7.4e-05 seconds
probability of topic_Faculty_99 is 0.574803

pgibbs sample time: 5.7e-05 seconds
probability of topic_Staff_67 is 0.482886

pgibbs sample time: 0.004604 seconds
probability of topic_Student_46 is 0.523762

pgibbs sample time: 0.005213 seconds
probability of topic_ResearchProject_19 is 0.504696

pgibbs sample time: 7.1e-05 seconds
probability of topic_Course_99 is 0.724087

pgibbs sample time: 0.005152 seconds
probability of topic_Student_59 is 0.402331

pgibbs sample time: 0.000743 seconds
probability of topic_Faculty_107 is 0.488511

pgibbs sample time: 7.8e-05 seconds
probability of topic_Student_70 is 0.458271

pgibbs sample time: 5.7e-05 seconds
probability of topic_Staff_22 is 0.552182

pgibbs sample time: 5.5e-05 seconds
probability of topic_Staff_76 is 0.639653

pgibbs sample time: 0.005312 seconds
probability of topic_ResearchProject_33 is 0.262367

pgibbs sample time: 9.7e-05 seconds
probability of topic_Person_9 is 0.47258

pgibbs sample time: 0.005452 seconds
probability of topic_Course_189 is 0.605302

pgibbs sample time: 5.7e-05 seconds
probability of topic_Person_67 is 0.381565

pgibbs sample time: 0.003638 seconds
probability of topic_Faculty_119 is 0.484147

pgibbs sample time: 0.000226 seconds
probability of topic_Course_22 is 0.55126

pgibbs sample time: 0.000224 seconds
probability of topic_Course_35 is 0.621655

pgibbs sample time: 5.7e-05 seconds
probability of topic_Staff_62 is 0.389253

pgibbs sample time: 7e-05 seconds
probability of topic_Student_15 is 0.470317

pgibbs sample time: 5.7e-05 seconds
probability of topic_ResearchProject_17 is 0.479381

pgibbs sample time: 0.00483 seconds
probability of topic_Person_90 is 0.601983

pgibbs sample time: 0.005079 seconds
probability of topic_Person_301 is 0.694623

pgibbs sample time: 0.005083 seconds
probability of topic_Staff_47 is 0.350193

pgibbs sample time: 0.004823 seconds
probability of topic_Person_186 is 0.552189

pgibbs sample time: 0.005028 seconds
probability of topic_Person_140 is 0.268672

pgibbs sample time: 0.005084 seconds
probability of topic_Staff_46 is 0.372115

pgibbs sample time: 6e-05 seconds
probability of topic_Student_60 is 0.526876

pgibbs sample time: 6.9e-05 seconds
probability of topic_Person_6 is 0.480598

pgibbs sample time: 5.6e-05 seconds
probability of topic_Course_28 is 0.425378

pgibbs sample time: 5.8e-05 seconds
probability of topic_ResearchProject_2 is 0.437523

pgibbs sample time: 0.004642 seconds
probability of topic_Faculty_51 is 0.419121

pgibbs sample time: 0.004952 seconds
probability of topic_Course_90 is 0.285181

pgibbs sample time: 8.4e-05 seconds
probability of topic_Person_14 is 0.504365

pgibbs sample time: 0.000746 seconds
probability of topic_ResearchProject_44 is 0.447169

pgibbs sample time: 0.005298 seconds
probability of topic_Faculty_159 is 0.542239

pgibbs sample time: 0.000593 seconds
probability of topic_Faculty_85 is 0.392547

pgibbs sample time: 0.005133 seconds
probability of topic_Department_47 is 0.308679

pgibbs sample time: 0.004525 seconds
probability of topic_Department_146 is 0.407341

pgibbs sample time: 7.3e-05 seconds
probability of topic_Staff_25 is 0.556399

pgibbs sample time: 0.000712 seconds
probability of topic_ResearchProject_102 is 0.485499

pgibbs sample time: 5.7e-05 seconds
probability of topic_Student_36 is 0.570691

pgibbs sample time: 0.005288 seconds
probability of topic_Faculty_113 is 0.385292

pgibbs sample time: 0.005236 seconds
probability of topic_Faculty_55 is 0.291838

pgibbs sample time: 0.005224 seconds
probability of topic_ResearchProject_159 is 0.493359

pgibbs sample time: 0.005308 seconds
probability of topic_ResearchProject_113 is 0.618676

pgibbs sample time: 0.000584 seconds
probability of topic_ResearchProject_227 is 0.428468

pgibbs sample time: 0.0055 seconds
probability of topic_Person_21 is 0.399159

pgibbs sample time: 5.9e-05 seconds
probability of topic_ResearchProject_60 is 0.490687

pgibbs sample time: 8.7e-05 seconds
probability of topic_Department_31 is 0.499456

pgibbs sample time: 0.000875 seconds
probability of topic_Faculty_237 is 0.478112

pgibbs sample time: 5.8e-05 seconds
probability of topic_Department_81 is 0.477077

pgibbs sample time: 0.004826 seconds
probability of topic_ResearchProject_80 is 0.420227

pgibbs sample time: 5.7e-05 seconds
probability of topic_Staff_1 is 0.521778

pgibbs sample time: 0.005048 seconds
probability of topic_Department_59 is 0.519164

pgibbs sample time: 0.000356 seconds
probability of topic_Department_157 is 0.398136

pgibbs sample time: 8.3e-05 seconds
probability of topic_Staff_45 is 0.594517

pgibbs sample time: 0.005083 seconds
probability of topic_Staff_39 is 0.682865

pgibbs sample time: 5.9e-05 seconds
probability of topic_ResearchProject_96 is 0.368362

pgibbs sample time: 0.000274 seconds
probability of topic_Department_177 is 0.424398

pgibbs sample time: 0.0001 seconds
probability of topic_Faculty_48 is 0.32704

pgibbs sample time: 0.005131 seconds
probability of topic_Department_75 is 0.780222

pgibbs sample time: 7.1e-05 seconds
probability of topic_Faculty_6 is 0.354552

pgibbs sample time: 0.005359 seconds
probability of topic_Person_61 is 0.117766

pgibbs sample time: 0.000379 seconds
probability of topic_ResearchProject_58 is 0.338781

pgibbs sample time: 0.000377 seconds
probability of topic_ResearchProject_157 is 0.458749

pgibbs sample time: 0.000765 seconds
probability of topic_Faculty_102 is 0.508236

pgibbs sample time: 5.9e-05 seconds
probability of topic_Faculty_76 is 0.485938

pgibbs sample time: 0.000473 seconds
probability of topic_Student_26 is 0.643956

pgibbs sample time: 0.00035 seconds
probability of topic_Student_229 is 0.390537

pgibbs sample time: 0.005069 seconds
probability of topic_Staff_146 is 0.707495

pgibbs sample time: 0.004914 seconds
probability of topic_Person_131 is 0.321026

pgibbs sample time: 8.8e-05 seconds
probability of topic_Student_11 is 0.0360681

pgibbs sample time: 8.3e-05 seconds
probability of topic_Faculty_3 is 0.517271

pgibbs sample time: 5.7e-05 seconds
probability of topic_ResearchProject_95 is 0.452445

pgibbs sample time: 0.000765 seconds
probability of topic_Department_18 is 0.469997

pgibbs sample time: 0.005044 seconds
probability of topic_Department_78 is 0.63801

pgibbs sample time: 0.000888 seconds
probability of topic_Department_65 is 0.405432

pgibbs sample time: 0.005018 seconds
probability of topic_Department_186 is 0.475427

pgibbs sample time: 0.000711 seconds
probability of topic_Department_93 is 0.396382

pgibbs sample time: 0.005022 seconds
probability of topic_Department_168 is 0.722983

pgibbs sample time: 8.2e-05 seconds
probability of topic_Person_82 is 0.439633

pgibbs sample time: 0.001071 seconds
probability of topic_Department_44 is 0.323755

pgibbs sample time: 0.004401 seconds
probability of topic_Department_140 is 0.639015

pgibbs sample time: 8.8e-05 seconds
probability of topic_Student_80 is 0.448732

pgibbs sample time: 0.000498 seconds
probability of topic_Person_94 is 0.487774

pgibbs sample time: 0.000473 seconds
probability of topic_Faculty_89 is 0.480688

pgibbs sample time: 5.7e-05 seconds
probability of topic_Person_81 is 0.486143

pgibbs sample time: 5.9e-05 seconds
probability of topic_Department_66 is 0.477106

pgibbs sample time: 5.7e-05 seconds
probability of topic_Department_52 is 0.452421

pgibbs sample time: 8.5e-05 seconds
probability of topic_ResearchProject_84 is 0.35286

pgibbs sample time: 0.005304 seconds
probability of topic_Faculty_75 is 0.407929

pgibbs sample time: 0.00569 seconds
probability of topic_ResearchProject_10 is 0.403461

pgibbs sample time: 5.9e-05 seconds
probability of topic_Faculty_17 is 0.446163

pgibbs sample time: 5.8e-05 seconds
probability of topic_Student_22 is 0.43523

pgibbs sample time: 9.4e-05 seconds
probability of topic_Staff_84 is 0.595649

pgibbs sample time: 0.004744 seconds
probability of topic_Staff_80 is 0.307371

pgibbs sample time: 5.9e-05 seconds
probability of topic_Faculty_70 is 0.423657

pgibbs sample time: 5.8e-05 seconds
probability of topic_Student_66 is 0.48777

pgibbs sample time: 0.000354 seconds
probability of topic_Faculty_243 is 0.431066

pgibbs sample time: 9.9e-05 seconds
probability of topic_Person_86 is 0.525039

pgibbs sample time: 0.000101 seconds
probability of topic_Student_38 is 0.30854

pgibbs sample time: 0.004743 seconds
probability of topic_Staff_79 is 0.651169

pgibbs sample time: 0.004543 seconds
probability of topic_Staff_12 is 0.506225

pgibbs sample time: 5.8e-05 seconds
probability of topic_ResearchProject_98 is 0.620402

pgibbs sample time: 0.00081 seconds
probability of topic_Staff_44 is 0.387543

pgibbs sample time: 0.000472 seconds
probability of topic_ResearchProject_49 is 0.0997389

pgibbs sample time: 0.004937 seconds
probability of topic_ResearchProject_78 is 0.33046

pgibbs sample time: 5.7e-05 seconds
probability of topic_Staff_23 is 0.464129

pgibbs sample time: 0.00081 seconds
probability of topic_Staff_308 is 0.60366

pgibbs sample time: 0.004564 seconds
probability of topic_Department_33 is 0.614175

pgibbs sample time: 0.000812 seconds
probability of topic_Staff_237 is 0.452895

pgibbs sample time: 5.9e-05 seconds
probability of topic_Faculty_53 is 0.419826

pgibbs sample time: 8.5e-05 seconds
probability of topic_Course_38 is 0.331561

pgibbs sample time: 5.5e-05 seconds
probability of topic_Person_66 is 0.486242

pgibbs sample time: 7.1e-05 seconds
probability of topic_ResearchProject_64 is 0.454761

pgibbs sample time: 0.000719 seconds
probability of topic_Department_102 is 0.404548

pgibbs sample time: 7.1e-05 seconds
probability of topic_Staff_98 is 0.482866

pgibbs sample time: 8.4e-05 seconds
probability of topic_Staff_73 is 0.468641

pgibbs sample time: 9.7e-05 seconds
probability of topic_Staff_86 is 0.448411

pgibbs sample time: 0.004608 seconds
probability of topic_Department_50 is 0.610075

pgibbs sample time: 0.000848 seconds
probability of topic_Faculty_44 is 0.429875

pgibbs sample time: 0.000849 seconds
probability of topic_Faculty_139 is 0.437654

pgibbs sample time: 0.000664 seconds
probability of topic_Department_176 is 0.647918

pgibbs sample time: 8.7e-05 seconds
probability of topic_ResearchProject_31 is 0.48337

pgibbs sample time: 7e-05 seconds
probability of topic_Department_82 is 0.48087

pgibbs sample time: 0.000697 seconds
probability of topic_Staff_102 is 0.459683

pgibbs sample time: 8.2e-05 seconds
probability of topic_Person_3 is 0.47818

pgibbs sample time: 5.8e-05 seconds
probability of topic_Student_23 is 0.527927

pgibbs sample time: 0.004829 seconds
probability of topic_ResearchProject_186 is 0.573675

pgibbs sample time: 8.7e-05 seconds
probability of topic_Course_11 is 0.175781

pgibbs sample time: 5.5e-05 seconds
probability of topic_Staff_70 is 0.497347

pgibbs sample time: 0.003645 seconds
probability of topic_Faculty_68 is 0.422082

pgibbs sample time: 0.000335 seconds
probability of topic_Department_58 is 0.878976

pgibbs sample time: 5.8e-05 seconds
probability of topic_Faculty_57 is 0.490698

pgibbs sample time: 0.000949 seconds
probability of topic_Course_308 is 0.728313

pgibbs sample time: 5.6e-05 seconds
probability of topic_Staff_96 is 0.426056

pgibbs sample time: 5.8e-05 seconds
probability of topic_Faculty_60 is 0.432194

pgibbs sample time: 0.004644 seconds
probability of topic_Staff_88 is 0.479933

pgibbs sample time: 8.6e-05 seconds
probability of topic_ResearchProject_3 is 0.327549

pgibbs sample time: 0.005026 seconds
probability of topic_Department_13 is 0.283711

pgibbs sample time: 0.000597 seconds
probability of topic_Staff_128 is 0.585439

pgibbs sample time: 5.6e-05 seconds
probability of topic_Course_5 is 0.415922

pgibbs sample time: 0.000711 seconds
probability of topic_ResearchProject_18 is 0.410722

pgibbs sample time: 0.005365 seconds
probability of topic_Person_37 is 0.449533

pgibbs sample time: 5.7e-05 seconds
probability of topic_Course_23 is 0.497804

pgibbs sample time: 0.004878 seconds
probability of topic_Course_140 is 0.316987

pgibbs sample time: 7.4e-05 seconds
probability of topic_Student_29 is 0.545833

pgibbs sample time: 0.000956 seconds
probability of topic_Course_44 is 0.269141

pgibbs sample time: 0.000662 seconds
probability of topic_Faculty_71 is 0.425639

pgibbs sample time: 0.004709 seconds
probability of topic_Person_33 is 0.665054

pgibbs sample time: 5.7e-05 seconds
probability of topic_Staff_97 is 0.462623

pgibbs sample time: 5.8e-05 seconds
probability of topic_Student_77 is 0.580474

pgibbs sample time: 8.7e-05 seconds
probability of topic_ResearchProject_73 is 0.617425

pgibbs sample time: 5.7e-05 seconds
probability of topic_Course_95 is 0.475394

pgibbs sample time: 5.7e-05 seconds
probability of topic_ResearchProject_97 is 0.397012

pgibbs sample time: 0.005108 seconds
probability of topic_Department_159 is 0.340765

pgibbs sample time: 0.000842 seconds
probability of topic_Student_65 is 0.550956

pgibbs sample time: 0.004882 seconds
probability of topic_Person_300 is 0.500522

pgibbs sample time: 5.8e-05 seconds
probability of topic_Course_81 is 0.419524

pgibbs sample time: 0.004891 seconds
probability of topic_ResearchProject_90 is 0.463137

pgibbs sample time: 0.005129 seconds
probability of topic_Department_79 is 0.217039

pgibbs sample time: 5.7e-05 seconds
probability of topic_Staff_56 is 0.505232

pgibbs sample time: 0.000496 seconds
probability of topic_Department_49 is 0.392481

pgibbs sample time: 0.004566 seconds
probability of topic_Staff_168 is 0.720887

pgibbs sample time: 8.3e-05 seconds
probability of topic_Person_54 is 0.374065

pgibbs sample time: 0.000498 seconds
probability of topic_Person_108 is 0.472531

pgibbs sample time: 8.4e-05 seconds
probability of topic_Student_82 is 0.502841

pgibbs sample time: 0.001074 seconds
probability of topic_Department_124 is 0.445939

pgibbs sample time: 0.001079 seconds
probability of topic_Department_139 is 0.400325

pgibbs sample time: 0.001071 seconds
probability of topic_Student_308 is 0.540294

pgibbs sample time: 0.000969 seconds
probability of topic_Department_308 is 0.697479

pgibbs sample time: 0.005176 seconds
probability of topic_Student_50 is 0.613693

pgibbs sample time: 7.3e-05 seconds
probability of topic_Person_91 is 0.505122

pgibbs sample time: 8.1e-05 seconds
probability of topic_ResearchProject_6 is 0.414491

pgibbs sample time: 5.9e-05 seconds
probability of topic_Faculty_66 is 0.401781

pgibbs sample time: 0.000275 seconds
probability of topic_Department_41 is 0.412756

pgibbs sample time: 5.8e-05 seconds
probability of topic_Student_76 is 0.578996

pgibbs sample time: 5.7e-05 seconds
probability of topic_Course_36 is 0.687328

pgibbs sample time: 5.7e-05 seconds
probability of topic_Department_8 is 0.477736

pgibbs sample time: 5.8e-05 seconds
probability of topic_Faculty_87 is 0.504936

pgibbs sample time: 0.000377 seconds
probability of topic_ResearchProject_24 is 0.576236

pgibbs sample time: 5.8e-05 seconds
probability of topic_Faculty_77 is 0.465007

pgibbs sample time: 0.000258 seconds
probability of topic_Department_166 is 0.514983

pgibbs sample time: 5.6e-05 seconds
probability of topic_Student_4 is 0.534022

pgibbs sample time: 0.004824 seconds
probability of topic_Person_68 is 0.508014

pgibbs sample time: 0.004526 seconds
probability of topic_Department_113 is 0.280757

pgibbs sample time: 8.5e-05 seconds
probability of topic_Student_99 is 0.608991

pgibbs sample time: 5.7e-05 seconds
probability of topic_Department_97 is 0.336359

pgibbs sample time: 8.4e-05 seconds
probability of topic_Person_73 is 0.341147

pgibbs sample time: 0.000506 seconds
probability of topic_Faculty_94 is 0.407449

pgibbs sample time: 5.8e-05 seconds
probability of topic_Staff_54 is 0.497096

pgibbs sample time: 5.4e-05 seconds
probability of topic_Person_97 is 0.406991

pgibbs sample time: 8.3e-05 seconds
probability of topic_Person_99 is 0.557872

pgibbs sample time: 0.005026 seconds
probability of topic_Department_80 is 0.358524

pgibbs sample time: 7.1e-05 seconds
probability of topic_Course_29 is 0.426803

pgibbs sample time: 5.8e-05 seconds
probability of topic_ResearchProject_81 is 0.435576

pgibbs sample time: 9.7e-05 seconds
probability of topic_Course_48 is 0.358377

pgibbs sample time: 0.003751 seconds
probability of topic_Faculty_88 is 0.481663

pgibbs sample time: 0.000587 seconds
probability of topic_ResearchProject_85 is 0.282938

pgibbs sample time: 0.000513 seconds
probability of topic_ResearchProject_128 is 0.508056

pgibbs sample time: 8.5e-05 seconds
probability of topic_Staff_11 is 0.155006

pgibbs sample time: 7.2e-05 seconds
probability of topic_Faculty_98 is 0.516744

pgibbs sample time: 0.000101 seconds
probability of topic_ResearchProject_9 is 0.322278

pgibbs sample time: 0.004915 seconds
probability of topic_Staff_103 is 0.503688

pgibbs sample time: 0.000377 seconds
probability of topic_Faculty_157 is 0.486377

pgibbs sample time: 7.3e-05 seconds
probability of topic_Department_25 is 0.613331

pgibbs sample time: 5.6e-05 seconds
probability of topic_ResearchProject_16 is 0.442936

pgibbs sample time: 0.00494 seconds
probability of topic_Person_43 is 0.225199

pgibbs sample time: 0.000335 seconds
probability of topic_Course_94 is 0.42382

pgibbs sample time: 0.005264 seconds
probability of topic_Student_159 is 0.607513

pgibbs sample time: 0.00116 seconds
probability of topic_Student_237 is 0.546385

pgibbs sample time: 0.005042 seconds
probability of topic_ResearchProject_79 is 0.267035

pgibbs sample time: 0.000209 seconds
probability of topic_Department_63 is 0.63622

pgibbs sample time: 0.000956 seconds
probability of topic_Student_139 is 0.635625

pgibbs sample time: 0.000238 seconds
probability of topic_Student_63 is 0.511666

pgibbs sample time: 0.000375 seconds
probability of topic_Person_243 is 0.54884

pgibbs sample time: 0.001062 seconds
probability of topic_Student_124 is 0.589224

pgibbs sample time: 0.000633 seconds
probability of topic_Course_221 is 0.5097

pgibbs sample time: 0.000471 seconds
probability of topic_Course_49 is 0.422554

pgibbs sample time: 5.7e-05 seconds
probability of topic_Student_98 is 0.712049

pgibbs sample time: 5.7e-05 seconds
probability of topic_ResearchProject_77 is 0.508503

pgibbs sample time: 8.3e-05 seconds
probability of topic_Person_27 is 0.476875

pgibbs sample time: 5.8e-05 seconds
probability of topic_ResearchProject_62 is 0.470989

pgibbs sample time: 0.000457 seconds
probability of topic_Staff_108 is 0.419488

pgibbs sample time: 5.6e-05 seconds
probability of topic_Course_77 is 0.499328

pgibbs sample time: 0.000657 seconds
probability of topic_Department_71 is 0.427275

pgibbs sample time: 0.004668 seconds
probability of topic_ResearchProject_37 is 0.4749

pgibbs sample time: 5.6e-05 seconds
probability of topic_Student_1 is 0.468158

pgibbs sample time: 0.000585 seconds
probability of topic_Faculty_176 is 0.639332

pgibbs sample time: 7.5e-05 seconds
probability of topic_ResearchProject_91 is 0.405082

pgibbs sample time: 8.4e-05 seconds
probability of topic_Course_86 is 0.282528

pgibbs sample time: 0.004624 seconds
probability of topic_Department_153 is 0.68551

pgibbs sample time: 5.7e-05 seconds
probability of topic_Student_2 is 0.425061

pgibbs sample time: 0.000753 seconds
probability of topic_Student_154 is 0.40396

pgibbs sample time: 0.000568 seconds
probability of topic_Person_85 is 0.684113

pgibbs sample time: 0.000506 seconds
probability of topic_Student_7 is 0.508621

pgibbs sample time: 0.000375 seconds
probability of topic_Person_24 is 0.46388

pgibbs sample time: 0.000375 seconds
probability of topic_Person_229 is 0.324544

pgibbs sample time: 0.000946 seconds
probability of topic_Person_124 is 0.499181

pgibbs sample time: 0.000237 seconds
probability of topic_Faculty_166 is 0.516343

pgibbs sample time: 0.00482 seconds
probability of topic_Person_168 is 0.574442

pgibbs sample time: 0.000596 seconds
probability of topic_Staff_85 is 0.360036

pgibbs sample time: 5.8e-05 seconds
probability of topic_Course_4 is 0.475249

pgibbs sample time: 5.8e-05 seconds
probability of topic_Faculty_56 is 0.571956

pgibbs sample time: 6.1e-05 seconds
probability of topic_Department_54 is 0.498189

pgibbs sample time: 0.000719 seconds
probability of topic_Faculty_93 is 0.480486

pgibbs sample time: 5.7e-05 seconds
probability of topic_Faculty_16 is 0.419826

pgibbs sample time: 0.000808 seconds
probability of topic_Department_107 is 0.566444

pgibbs sample time: 0.000806 seconds
probability of topic_Department_154 is 0.515924

pgibbs sample time: 5.9e-05 seconds
probability of topic_Student_92 is 0.503814

pgibbs sample time: 0.000235 seconds
probability of topic_Faculty_177 is 0.510672

pgibbs sample time: 0.000388 seconds
probability of topic_Course_58 is 0.51296

pgibbs sample time: 5.7e-05 seconds
probability of topic_Faculty_28 is 0.419826

pgibbs sample time: 0.000543 seconds
probability of topic_Student_227 is 0.572871

pgibbs sample time: 5.8e-05 seconds
probability of topic_Department_32 is 0.376874

pgibbs sample time: 0.003642 seconds
probability of topic_Faculty_43 is 0.309558

pgibbs sample time: 0.004758 seconds
probability of topic_Course_37 is 0.484432

pgibbs sample time: 0.000699 seconds
probability of topic_Staff_18 is 0.410897

pgibbs sample time: 6.6e-05 seconds
probability of topic_Student_95 is 0.372561

pgibbs sample time: 0.000747 seconds
probability of topic_ResearchProject_139 is 0.429296

pgibbs sample time: 5.9e-05 seconds
probability of topic_Department_28 is 0.480109

pgibbs sample time: 0.000848 seconds
probability of topic_ResearchProject_308 is 0.439272

pgibbs sample time: 0.005323 seconds
probability of topic_Course_113 is 0.375078

pgibbs sample time: 9.9e-05 seconds
probability of topic_Staff_38 is 0.480982

pgibbs sample time: 5.8e-05 seconds
probability of topic_Department_62 is 0.482103

pgibbs sample time: 7.2e-05 seconds
probability of topic_Department_6 is 0.462266

pgibbs sample time: 5.7e-05 seconds
probability of topic_Person_62 is 0.482416

pgibbs sample time: 0.000589 seconds
probability of topic_Department_227 is 0.380536

pgibbs sample time: 0.000642 seconds
probability of topic_Department_128 is 0.501409

pgibbs sample time: 0.005217 seconds
probability of topic_Faculty_47 is 0.618727

pgibbs sample time: 0.005336 seconds
probability of topic_Faculty_146 is 0.523961

pgibbs sample time: 5.7e-05 seconds
probability of topic_Person_74 is 0.486143

pgibbs sample time: 5.7e-05 seconds
probability of topic_ResearchProject_92 is 0.484864

