observed tuples: r4873 r871 r4981 r3461 r421 r4221 r2400 r1328 r2645 r1373 r296 r1785 r1303 r3247 r1263 r3915 r3974 r86 r1358 r4858 r4127 r4941 r748 r3377 r429 r3748 r3321 r4743 r1624 r2104 r346 r4897 r2611 r1747 r2185 r126 r1354 r472 r4341 r520 r2733 r140 r4019 r330 r775 r1386 r4689 r2627 r1978 r4714 r8 r2286 r757 r3518 r4967 r1599 r1902 r447 r2348 r1544 r4765 r4590 r3509 r3542 r3100 r1159 r4200 r3739 r1678 r2513 r615 r285 r3789 r2681 r3383 r1362 r4228 r4024 r2209 r4928 r359 r3681 r4165 r935 r862 r3035 r3361 r3999 r1985 r1910 r2485 r54 r1211 r1079 r2764 r1879 r4144 r4576 r2329 r2261 r4487 r3561 r2554 r3263 r1717 r1976 r842 r2780 r3564 r2384 r4543 r1424 r1668 r4146 r4303 r4549 r85 r2983 r3949 r2110 r2280 r4110 r3468 r2448 r4991 r1997 r2990 r407 r3617 r2842 r807 r1816 r2218 r371 r2452 r3088 r130 r3506 r761 r2041 r989 r80 r1652 r2413 r397 r1028 r352 r675 r2471 r770 r2047 r157 r16 r859 r66 r4691 r4261 r1925 r2600 r4028 r2651 r43 r2132 r658 r573 r3223 r509 r1367 r3758 r2428 r4283 r1035 r2676 r3459 r4979 r1428 r1124 r1949 r1568 r2885 r232 r458 r395 r3565 r2626 r3495 r3165 r2152 r4431 r967 r1406 r3715 r3372 r68 r414 r1277 r4316 r1800 r2520 r3570 r588 r1506 r3801 r3955 r933 r1582 r4067 r4012 r2831 r1300 r979 r3230 r1252 r1529 r1052 r3250 r4529 r4301 r1794 r4643 r3087 r4132 r3595 r3959 r453 r3381 r2425 r399 r1777 hasword_iter_91 r1613 r2396 r2941 r2794 r4326 r2751 r1065 r2255 r17 r4499 r331 r2359 r1023 r656 r3891 r3522 r2153 r1076 r2069 r3513 r343 r439 r120 r2058 r306 r610 r1340 r3233 r2940 r4480 r2725 r2504 r1833 r3262 r4932 r4568 r2715 r3481 r2782 r4263 r2925 r1434 r3643 r788 r1604 r3710 r907 r1173 r2530 r369 r337 r4381 r3080 r2811 r3013 r3981 r4497 r309 r2034 r3682 r3288 r1419 r3094 r1156 r3688 r3662 r4485 r502 r3982 r1761 r2595 r2205 r3458 r2225 r1301 r2958 r3879 r3395 r3296 r4428 r1674 r3060 r2589 r1101 hasword_server_81 r1360 r4530 r2672 r1603 hasword_html_5 r334 r2089 r3684 r2316 r3931 r4857 r2417 r4738 r665 r4538 r4162 r874 r1057 r1190 r2805 r4625 r3284 r4209 r555 r3933 r982 r1256 r3168 r3121 r4323 r4674 hasword_case_3 r1241 r4811 r2685 r3287 r804 r911 r3084 r2461 r2301 r708 r1650 r2723 r3411 r4945 r1719 r1722 r2340 r1182 r1578 r4632 r795 r577 r1004 r3348 r4874 r3653 r4034 r4696 r4120 r742 r121 r298 r543 r930 r4133 r4883 r4779 r4677 r316 r71 r709 r4562 r3045 r1714 r3600 r1148 r4795 r622 r182 hasword_effici_31 r4942 hasword_tr_31 hasword_sequenc_31 r3575 r84 r4592 r2970 r3659 r813 r1427 r2904 r3601 r4584 r695 r3083 r823 r1097 r4916 r3802 r2567 r1602 r2323 r4197 r3031 r4319 r3136 r1403 r1755 r4367 r3692 r4996 r213 links_30_168 r2829 r2731 hasword_date_3 hasword_comment_30 r2812 r2312 r2270 r2913 r2642 r506 r3771 r2572 hasword_research_352 r1495 r4598 r2402 r3936 r685 r3836 hasword_text_94 r4708 links_108_7 links_108_94 hasword_server_108 r3798 r1724 r1831 r3668 r1577 r504 r3485 r1238 r1963 r531 r4334 r1341 r1677 r2429 r175 r1732 r540 r2637 r3122 r4760 r385 r784 r4437 r1609 r4383 hasword_tree_30 hasword_stuff_25 links_51_274 r1034 hasword_web_308 r3521 hasword_fridai_113 r1395 r4307 hasword_account_21 r1083 hasword_tuesdai_305 r4372 r1557 r3103 hasword_type_68 r4993 r294 r1647 r1654 links_94_108 r1467 r4799 r4051 links_65_154 r4508 r3524 r1080 hasword_texa_23 r4374 r1969 r3872 hasword_nov_98 r1633 links_47_146 r1543 r1572 r4654 r4158 hasword_cern_146 r1871 r235 r939 r2581 r2575 hasword_art_50 r1746 hasword_date_53 r673 r4498 r326 r1287 hasword_creat_42 r388 links_18_300 r198 r187 hasword_consult_154 links_24_229 links_93_71 r852 r1118 r3331 r3424 hasword_content_107 links_47_12 hasword_appoint_83 r1619 hasword_design_39 r2582 r1353 r676 r4238 r1397 r1323 hasword_machin_90 r4007 hasword_time_90 r516 hasword_formal_44 r1934 r3848 r1122 r1001 links_198_34 links_198_88 links_186_168 links_301_186 r56 links_301_13 r3449 links_301_168 hasword_specif_26 hasword_scienc_42 r2884 links_140_168 r995 hasword_gmt_131 r987 r3953 links_175_38 r1013 hasword_circuit_140 hasword_program_140 links_44_124 r1472 r542 r422 r4735 r691 hasword_school_83 hasword_model_69 r3416 r1793 r1197 r1878 r3986 r433 r3698 hasword_complex_13 hasword_tuesdai_14 links_157_58 hasword_consist_13 r1175 hasword_algorithm_3 r3938 r1689 r2231 links_90_198 r3516 links_51_159 links_175_153 r1805 r4284 r1140 r3843 r4535 r2183 r4257 r3009 hasword_mobil_64 r4678 links_80_168 r4292 hasword_html_90 r3642 r2501 r1898 hasword_handl_69 hasword_gener_22 r4774 r225 r2024 r1130 r1600 r3532 r2364 r1272 r2409 links_65_107 r2228 r3479 r627 r2748 r604 links_51_153 r13 r2675 hasword_differ_140 r2003 r1411 r7 r1461 hasword_mathemat_98 links_47_153 r2868 hasword_special_131 r2247 hasword_click_140 r724 r3138 r2556 r1835 r2863 hasword_high_65 r634 r459 hasword_model_177 links_81_153 hasword_modifi_15 r3731 hasword_imag_127 hasword_gmt_48 r4841 r3367 r3977 r2484 hasword_handout_19 r2287 rl r904 r3741 hasword_list_88 r1960 r1502 hasword_implement_8 r4108 r107 hasword_prototyp_26 r1851 hasword_email_59 hasword_featur_42 r3536 r1686 hasword_board_9 links_107_65 r4293 r3460 links_51_21 hasword_output_43 r319 links_51_305 r4387 r2465 hasword_mail_84 hasword_student_75 hasword_dec_11 hasword_visual_189 r3343 r4551 links_154_65 r1036 hasword_process_11 hasword_institut_146 r2462 hasword_servic_154 r2678 hasword_texa_221 links_18_102 r2574 r424 links_34_131 r3641 r4848 r2694 r4219 hasword_procedur_12 links_153_272 r2985 r2992 links_102_20 r3335 r4903 links_195_153 hasword_date_6 r793 r767 r3397 r2936 hasword_hardwar_43 links_10_153 r749 r4054 r1278 hasword_semest_47 r1877 hasword_statem_77 r1168 links_39_153 hasword_architectur_300 r4784 r195 r936 r2349 r3716 r4721 r4877 r2468 r1299 r566 r4521 r1296 r3732 r4921 hasword_cern_140 hasword_fall_47 r4596 r1100 r3660 r1108 r3736 r3666 r3086 hasword_format_95 r4597 r963 r4149 links_301_140 hasword_refer_153 hasword_jan_51 r1660 links_13_168 r133 r3183 r4267 r4030 hasword_austin_119 r40 links_102_221 hasword_man_34 hasword_colleg_131 r1085 r4577 r301 hasword_initi_186 hasword_gmt_16 r383 hasword_jan_140 hasword_commun_272 r1823 hasword_learn_128 r2179 r1405 hasword_good_153 r3576 r3989 r3286 r835 r1626 links_51_113 r3997 hasword_task_80 r231 r30 hasword_ut_221 r418 r2106 r3663 r2027 hasword_maintain_189 hasword_project_64 hasword_fax_352 r282 r648 hasword_data_38 r155 r3310 hasword_evalu_186 r4066 r2302 r956 r3441 r4409 r3072 r3317 r4451 hasword_jan_10 r2134 r3179 hasword_jan_63 hasword_hour_84 r10 r1945 r4092 r1015 r1970 r2897 r2264 hasword_machin_189 hasword_student_58 r4248 r2324 hasword_obtain_177 r4992 r1457 hasword_board_103 hasword_studi_1 hasword_jan_27 r3526 r1950 r4285 r119 hasword_home_49 r3560 r3440 links_102_153 r1748 r2304 r259 hasword_workshop_13 r4889 r425 hasword_html_18 r3882 r4202 r4886 r1412 r1517 hasword_oper_159 r3068 r41 r2432 links_78_90 r3517 r1635 r836 r704 hasword_cern_29 r4694 r3478 r42 links_153_103 r2535 hasword_degre_10 r278 r2403 hasword_univers_176 hasword_apr_48 r3270 r630 r1058 r4808 r1520 r2103 hasword_modifi_29 links_55_153 links_153_215 r2647 hasword_content_195 hasword_includ_56 r714 r59 r177 r3159 r3708 r1000 links_102_352 hasword_applic_99 hasword_research_24 r2953 r4484 r3342 r4665 hasword_cern_46 r2957 links_55_189 hasword_content_215 r3906 hasword_date_20 links_37_153 r2935 r3289 r4619 hasword_modifi_159 hasword_data_55 r1541 r2879 r3854 hasword_modifi_55 hasword_server_27 links_33_19 r2097 r354 hasword_archiv_9 hasword_research_198 r1892 r2792 r595 r3064 links_50_153 hasword_compil_30 r3018 r3580 r3137 r1733 r0 r488 r1610 r3177 hasword_content_86 r3555 r2150 hasword_server_74 r4870 r4849 r1369 r4684 r26 hasword_softwar_55 r4962 r1282 hasword_jan_25 hasword_ph_79 hasword_area_86 hasword_syllabu_54 r4365 hasword_requir_119 hasword_length_58 r2133 hasword_represent_4 hasword_commun_27 r3803 hasword_depart_29 links_215_195 r2249 links_59_46 hasword_read_99 r4386 r1384 r2200 links_44_237 hasword_model_1 r808 hasword_low_99 r4472 r3805 hasword_faculti_99 r1355 r741 r229 r3338 r4027 r2431 r1824 r4845 r1753 r1195 r3490 r569 r1423 r4815 r2199 r519 r2148 hasword_back_92 r2864 r1236 r3309 r3190 r3547 hasword_tuesdai_69 r4475 hasword_version_86 links_33_153 r4177 r2411 r1968 hasword_date_7 hasword_jan_58 r4980 r3519 r2112 r2800 hasword_file_14 r4697 r3405 r4919 hasword_scienc_14 hasword_text_66 r3944 r2789 r4264 r2718 r4955 r1912 hasword_servic_9 hasword_research_168 r3391 r816 r3697 links_43_88 r3392 hasword_ed_234 r2609 hasword_oct_96 r1606 r802 hasword_www_153 hasword_access_35 r2568 r1592 r1700 hasword_softwar_32 r2544 hasword_server_69 hasword_line_79 hasword_vol_15 r206 r3679 r1657 links_301_69 r2571 r3497 r4397 r2566 r257 r2440 r3840 r3775 hasword_gmt_28 r2029 links_198_301 r2074 r3591 hasword_util_140 r4156 r2872 r2802 hasword_develop_159 r4868 r3624 r4656 hasword_accept_48 r4862 r4004 hasword_reduc_86 r2455 r4956 links_388_175 hasword_austin_37 links_46_59 r1532 links_89_26 r971 hasword_system_227 hasword_person_84 r3503 r200 r4975 r2762 r978 r4032 links_154_107 r4492 links_59_153 r2832 r4803 r4613 r3037 r687 r4098 r4723 r2164 r2460 r1202 r4348 r4781 hasword_text_43 hasword_length_62 links_34_119 r2380 r4821 r3206 r1701 r1258 hasword_phone_2 r3115 r4682 r2620 r642 r1274 r2906 r405 links_52_388 hasword_differ_189 hasword_control_166 r4022 r1762 r1875 links_63_166 hasword_construct_113 hasword_public_61 r783 r3158 r4014 r2526 r4174 hasword_separ_57 hasword_dr_60 hasword_mime_60 r3902 r4235 r872 r2621 r3162 hasword_laboratori_64 r3167 hasword_electr_175 links_69_168 r4940 hasword_web_89 r556 r4114 r1555 links_41_177 r44 r2416 hasword_mondai_49 r3442 r4181 r207 r1790 r2221 r1933 hasword_code_102 hasword_plan_73 r3032 r1629 r2094 r4410 r4422 hasword_creat_48 r4581 r3661 r2927 r1294 hasword_comment_195 hasword_univers_40 r1830 r248 r1086 hasword_jan_40 r411 hasword_game_43 hasword_time_43 hasword_graphic_43 hasword_algorithm_43 r2367 r3116 r2745 hasword_robert_43 r138 links_43_300 links_43_68 hasword_hall_49 r2657 links_43_40 r1937 r2586 r1882 r315 hasword_multimedia_243 r3055 r3410 hasword_august_127 links_24_243 r650 hasword_group_73 r2643 links_75_153 r2638 r1588 r3146 r4915 hasword_faculti_72 hasword_develop_13 hasword_graduat_72 r3434 r2550 r1145 hasword_net_70 r3487 hasword_nov_301 r2226 r2136 hasword_due_91 r2569 r2142 r1675 hasword_type_274 hasword_summari_45 r1621 r2510 links_22_35 r1738 r321 r486 r1994 r4469 r247 r3610 r1025 r4175 r4265 r1074 hasword_www_90 links_195_215 hasword_produc_79 r2166 r2245 r2996 hasword_gmt_306 links_175_52 r1298 hasword_sundai_61 links_61_306 links_61_39 r413 r1580 hasword_length_88 r3074 r4608 r1218 r4057 r2710 r1778 hasword_utexa_45 r3549 r3626 r4908 hasword_modifi_93 hasword_real_93 r3553 hasword_type_278 r4366 r621 r4233 links_176_278 r4816 r3140 r1671 r3188 r4126 links_71_93 r4842 links_71_176 r1552 r3505 r769 r4324 r4168 r838 r3228 links_49_89 hasword_email_176 r4147 r4071 hasword_request_43 r1935 r1576 r4176 hasword_home_33 hasword_interest_41 hasword_updat_91 r3025 r3108 hasword_offic_83 hasword_facil_9 hasword_onlin_76 r908 r1446 r1612 r4438 r1291 r1843 r3794 hasword_materi_17 r559 r4232 r2107 hasword_server_73 r4593 r4217 r4522 r2201 r4687 r4043 hasword_lab_80 r597 hasword_solution_80 hasword_addition_272 r4974 r2061 r4299 hasword_robert_67 r2161 r3420 hasword_case_79 r1679 r2543 r3462 r351 r3096 r4547 r525 r477 hasword_year_87 r1185 hasword_januari_198 r1836 r864 r652 r1855 hasword_type_46 hasword_direct_13 r4204 r3636 r4211 r4031 r3884 r4879 r4801 hasword_access_78 r2177 r3858 hasword_vector_48 r1305 r1401 r4614 hasword_back_1 r2823 r2182 hasword_machin_139 r4473 r4512 r3747 r2873 hasword_univers_234 r2966 r287 r3996 hasword_time_234 r2014 hasword_tabl_157 r3768 links_58_234 links_58_157 hasword_graph_38 r2869 r1946 r1110 r3429 r1439 r1421 hasword_home_78 r3904 r3892 r2739 r1867 hasword_offic_124 hasword_block_124 hasword_cern_237 hasword_call_44 hasword_jan_50 links_44_308 r3312 links_44_139 r878 r2128 r2055 hasword_link_97 r758 r631 r2050 r2277 r253 r1066 r2015 r737 hasword_mondai_229 r1374 r861 r3665 r1259 hasword_report_79 r4537 r4388 r4885 r174 r2622 r2709 r55 r4782 r2910 r1201 hasword_work_45 hasword_mime_71 r4575 r485 hasword_semant_388 r3745 r4997 r2239 r4159 r2528 r856 r226 r2389 r700 hasword_length_11 r4406 hasword_proceed_38 r4822 links_20_102 hasword_test_52 r774 r2714 r2281 r1734 r3472 hasword_task_82 hasword_man_82 r302 links_176_71 r4566 r1685 r3142 links_78_198 r1792 links_128_227 r3054 r2896 r406 r2072 hasword_prototyp_308 r921 links_79_168 hasword_program_107 hasword_email_38 r3273 r4033 r3596 r3090 r2601 r3195 r4984 r1206 r4911 r3639 links_227_85 r1885 hasword_knowledg_189 hasword_mime_85 links_33_127 hasword_manag_43 hasword_home_85 r4702 r1699 links_85_227 r2903 r2852 r3514 links_85_128 hasword_correct_79 r3777 r277 r37 r4796 r3374 r3450 r1530 r4434 hasword_length_6 hasword_time_80 r4394 r265 r353 r1841 r4681 r3455 r3635 r2701 hasword_class_91 r109 hasword_system_36 r3924 r91 hasword_kei_82 r2083 r3452 r4594 r3185 r1920 
size of observed tuples: 1552
size of unobserved tuples: 965

pgibbs sample time: 0.000108 seconds
probability of topic_Faculty_73 is 0.295332

pgibbs sample time: 7.3e-05 seconds
probability of topic_Faculty_91 is 0.550535

pgibbs sample time: 0.000235 seconds
probability of topic_Student_41 is 0.767051

pgibbs sample time: 5.8e-05 seconds
probability of topic_Faculty_23 is 0.478687

pgibbs sample time: 5.8e-05 seconds
probability of topic_Department_74 is 0.477077

pgibbs sample time: 5.6e-05 seconds
probability of topic_Student_16 is 0.493937

pgibbs sample time: 8.7e-05 seconds
probability of topic_Faculty_84 is 0.51536

pgibbs sample time: 0.000707 seconds
probability of topic_Course_154 is 0.391719

pgibbs sample time: 0.000705 seconds
probability of topic_Course_107 is 0.514466

pgibbs sample time: 0.005438 seconds
probability of topic_ResearchProject_43 is 0.190289

pgibbs sample time: 5.8e-05 seconds
probability of topic_Staff_17 is 0.455511

pgibbs sample time: 0.000503 seconds
probability of topic_Student_94 is 0.489221

pgibbs sample time: 8.6e-05 seconds
probability of topic_Faculty_42 is 0.659595

pgibbs sample time: 8.8e-05 seconds
probability of topic_Course_82 is 0.471645

pgibbs sample time: 5.7e-05 seconds
probability of topic_Department_72 is 0.794603

pgibbs sample time: 5.6e-05 seconds
probability of topic_Course_66 is 0.419663

pgibbs sample time: 0.013753 seconds
probability of topic_Student_221 is 0.580648

pgibbs sample time: 0.013885 seconds
probability of topic_Student_18 is 0.462712

pgibbs sample time: 0.00024 seconds
probability of topic_Person_177 is 0.386322

pgibbs sample time: 0.000273 seconds
probability of topic_Person_41 is 0.789073

pgibbs sample time: 0.000728 seconds
probability of topic_Staff_58 is 0.313687

pgibbs sample time: 0.015938 seconds
probability of topic_Person_388 is 0.534585

pgibbs sample time: 0.01786 seconds
probability of topic_Person_52 is 0.5362

pgibbs sample time: 5.9e-05 seconds
probability of topic_Faculty_67 is 0.47323

pgibbs sample time: 0.009203 seconds
probability of topic_ResearchProject_146 is 0.560545

pgibbs sample time: 0.010295 seconds
probability of topic_ResearchProject_47 is 0.377325

pgibbs sample time: 0.0001 seconds
probability of topic_ResearchProject_86 is 0.430894

pgibbs sample time: 0.000369 seconds
probability of topic_Staff_229 is 0.358585

pgibbs sample time: 0.000368 seconds
probability of topic_Staff_24 is 0.614561

pgibbs sample time: 5.8e-05 seconds
probability of topic_Student_57 is 0.487116

pgibbs sample time: 0.015773 seconds
probability of topic_Course_10 is 0.430532

pgibbs sample time: 0.016123 seconds
probability of topic_Person_78 is 0.656845

pgibbs sample time: 0.00051 seconds
probability of topic_Department_108 is 0.464468

pgibbs sample time: 0.000504 seconds
probability of topic_Department_94 is 0.479086

pgibbs sample time: 5.7e-05 seconds
probability of topic_Person_8 is 0.54974

pgibbs sample time: 5.8e-05 seconds
probability of topic_Department_96 is 0.395175

pgibbs sample time: 0.0001 seconds
probability of topic_Student_84 is 0.419853

pgibbs sample time: 8.6e-05 seconds
probability of topic_Faculty_79 is 0.587213

pgibbs sample time: 6.8e-05 seconds
probability of topic_Course_60 is 0.396648

pgibbs sample time: 0.00056 seconds
probability of topic_Person_128 is 0.492983

pgibbs sample time: 0.000599 seconds
probability of topic_Person_227 is 0.567249

pgibbs sample time: 5.8e-05 seconds
probability of topic_ResearchProject_92 is 0.484864

pgibbs sample time: 5.6e-05 seconds
probability of topic_Person_74 is 0.486143

pgibbs sample time: 0.01391 seconds
probability of topic_Faculty_146 is 0.523983

pgibbs sample time: 0.014036 seconds
probability of topic_Faculty_47 is 0.617925

pgibbs sample time: 7.1e-05 seconds
probability of topic_Student_6 is 0.495759

pgibbs sample time: 0.000587 seconds
probability of topic_Department_128 is 0.501409

pgibbs sample time: 0.000518 seconds
probability of topic_Department_227 is 0.380536

pgibbs sample time: 0.000588 seconds
probability of topic_Department_85 is 0.569009

pgibbs sample time: 0.000226 seconds
probability of topic_Person_35 is 0.50009

pgibbs sample time: 0.000641 seconds
probability of topic_Staff_234 is 0.433029

pgibbs sample time: 0.000207 seconds
probability of topic_Department_22 is 0.728317

pgibbs sample time: 0.00047 seconds
probability of topic_ResearchProject_89 is 0.431528

pgibbs sample time: 0.013864 seconds
probability of topic_Student_300 is 0.489797

pgibbs sample time: 0.015492 seconds
probability of topic_Student_43 is 0.37273

pgibbs sample time: 0.000498 seconds
probability of topic_Person_108 is 0.472531

pgibbs sample time: 0.000744 seconds
probability of topic_ResearchProject_124 is 0.460448

pgibbs sample time: 0.000841 seconds
probability of topic_ResearchProject_139 is 0.429296

pgibbs sample time: 0.000841 seconds
probability of topic_ResearchProject_44 is 0.447169

pgibbs sample time: 5.8e-05 seconds
probability of topic_Student_95 is 0.372561

pgibbs sample time: 0.017224 seconds
probability of topic_Staff_18 is 0.396593

pgibbs sample time: 8.6e-05 seconds
probability of topic_ResearchProject_84 is 0.35286

pgibbs sample time: 0.015815 seconds
probability of topic_Course_37 is 0.483422

pgibbs sample time: 7e-05 seconds
probability of topic_Faculty_6 is 0.354552

pgibbs sample time: 5.8e-05 seconds
probability of topic_Department_32 is 0.376874

pgibbs sample time: 0.01395 seconds
probability of topic_Faculty_43 is 0.309377

pgibbs sample time: 0.000615 seconds
probability of topic_Student_128 is 0.503651

pgibbs sample time: 0.000614 seconds
probability of topic_Student_227 is 0.572871

pgibbs sample time: 0.000668 seconds
probability of topic_Student_85 is 0.708327

pgibbs sample time: 5.7e-05 seconds
probability of topic_Student_53 is 0.493937

pgibbs sample time: 5.7e-05 seconds
probability of topic_Student_22 is 0.43523

pgibbs sample time: 5.5e-05 seconds
probability of topic_Student_5 is 0.486212

pgibbs sample time: 9.8e-05 seconds
probability of topic_Person_48 is 0.374601

pgibbs sample time: 0.017799 seconds
probability of topic_Department_37 is 0.428631

pgibbs sample time: 5.8e-05 seconds
probability of topic_Faculty_28 is 0.419826

pgibbs sample time: 0.000674 seconds
probability of topic_Course_157 is 0.559948

pgibbs sample time: 0.000721 seconds
probability of topic_Department_154 is 0.515924

pgibbs sample time: 0.00072 seconds
probability of topic_Department_65 is 0.405432

pgibbs sample time: 5.6e-05 seconds
probability of topic_Course_87 is 0.465118

pgibbs sample time: 0.000822 seconds
probability of topic_Faculty_278 is 0.413416

pgibbs sample time: 0.000818 seconds
probability of topic_Faculty_93 is 0.480453

pgibbs sample time: 7e-05 seconds
probability of topic_Person_72 is 0.349613

pgibbs sample time: 5.8e-05 seconds
probability of topic_Department_54 is 0.498189

pgibbs sample time: 5.7e-05 seconds
probability of topic_Faculty_56 is 0.571956

pgibbs sample time: 6.3e-05 seconds
probability of topic_Course_4 is 0.475249

pgibbs sample time: 5.8e-05 seconds
probability of topic_Department_76 is 0.436649

pgibbs sample time: 0.000473 seconds
probability of topic_Student_49 is 0.647067

pgibbs sample time: 0.000595 seconds
probability of topic_Staff_227 is 0.536345

pgibbs sample time: 0.000237 seconds
probability of topic_Faculty_63 is 0.475419

pgibbs sample time: 8.5e-05 seconds
probability of topic_Course_31 is 0.426331

pgibbs sample time: 0.015464 seconds
probability of topic_Faculty_46 is 0.364887

pgibbs sample time: 0.014052 seconds
probability of topic_Faculty_37 is 0.448931

pgibbs sample time: 5.7e-05 seconds
probability of topic_Faculty_4 is 0.531785

pgibbs sample time: 8.6e-05 seconds
probability of topic_Faculty_14 is 0.483857

pgibbs sample time: 8.1e-05 seconds
probability of topic_Student_3 is 0.377362

pgibbs sample time: 0.000458 seconds
probability of topic_Person_49 is 0.54857

pgibbs sample time: 0.015399 seconds
probability of topic_Student_68 is 0.505089

pgibbs sample time: 0.000356 seconds
probability of topic_Faculty_24 is 0.478177

pgibbs sample time: 0.000836 seconds
probability of topic_Student_71 is 0.529483

pgibbs sample time: 0.017825 seconds
probability of topic_Person_127 is 0.776497

pgibbs sample time: 8.7e-05 seconds
probability of topic_Department_84 is 0.500079

pgibbs sample time: 8.7e-05 seconds
probability of topic_Faculty_83 is 0.454567

pgibbs sample time: 7.1e-05 seconds
probability of topic_Faculty_25 is 0.576602

pgibbs sample time: 5.6e-05 seconds
probability of topic_ResearchProject_5 is 0.423904

pgibbs sample time: 0.016104 seconds
probability of topic_Person_18 is 0.475739

pgibbs sample time: 0.000739 seconds
probability of topic_Faculty_154 is 0.435541

pgibbs sample time: 0.000807 seconds
probability of topic_Department_107 is 0.566444

pgibbs sample time: 5.7e-05 seconds
probability of topic_Faculty_16 is 0.419826

pgibbs sample time: 0.000591 seconds
probability of topic_Faculty_227 is 0.522672

pgibbs sample time: 7.1e-05 seconds
probability of topic_Staff_6 is 0.340789

pgibbs sample time: 9.9e-05 seconds
probability of topic_ResearchProject_99 is 0.480159

pgibbs sample time: 8.1e-05 seconds
probability of topic_Course_84 is 0.782467

pgibbs sample time: 0.016045 seconds
probability of topic_Person_306 is 0.522958

pgibbs sample time: 5.8e-05 seconds
probability of topic_Department_4 is 0.48277

pgibbs sample time: 0.000231 seconds
probability of topic_ResearchProject_63 is 0.449058

pgibbs sample time: 0.016029 seconds
probability of topic_Person_34 is 0.421639

pgibbs sample time: 5.9e-05 seconds
probability of topic_Student_28 is 0.493937

pgibbs sample time: 0.000537 seconds
probability of topic_Person_7 is 0.512902

pgibbs sample time: 0.000271 seconds
probability of topic_ResearchProject_41 is 0.366217

pgibbs sample time: 0.000112 seconds
probability of topic_ResearchProject_48 is 0.240342

pgibbs sample time: 0.012393 seconds
probability of topic_Faculty_69 is 0.348785

pgibbs sample time: 5.9e-05 seconds
probability of topic_Staff_32 is 0.59457

pgibbs sample time: 0.000234 seconds
probability of topic_Course_177 is 0.535956

pgibbs sample time: 0.015834 seconds
probability of topic_Course_50 is 0.390072

pgibbs sample time: 0.001093 seconds
probability of topic_Student_44 is 0.435145

pgibbs sample time: 0.000235 seconds
probability of topic_Course_41 is 0.390502

pgibbs sample time: 0.016128 seconds
probability of topic_Department_272 is 0.37131

pgibbs sample time: 0.000791 seconds
probability of topic_Person_278 is 0.497336

pgibbs sample time: 0.001035 seconds
probability of topic_Person_237 is 0.544354

pgibbs sample time: 0.01587 seconds
probability of topic_Course_274 is 0.436031

pgibbs sample time: 0.000471 seconds
probability of topic_ResearchProject_26 is 0.559581

pgibbs sample time: 5.7e-05 seconds
probability of topic_Staff_87 is 0.467612

pgibbs sample time: 0.013975 seconds
probability of topic_Faculty_300 is 0.493951

pgibbs sample time: 0.018117 seconds
probability of topic_Department_51 is 0.57817

pgibbs sample time: 0.000931 seconds
probability of topic_Student_278 is 0.50136

pgibbs sample time: 0.015863 seconds
probability of topic_Course_34 is 0.479888

pgibbs sample time: 0.001079 seconds
probability of topic_Person_44 is 0.488229

pgibbs sample time: 0.006175 seconds
probability of topic_ResearchProject_140 is 0.345704

pgibbs sample time: 8.3e-05 seconds
probability of topic_Course_14 is 0.518249

pgibbs sample time: 5.6e-05 seconds
probability of topic_Person_36 is 0.56344

pgibbs sample time: 0.015515 seconds
probability of topic_Student_39 is 0.315076

pgibbs sample time: 0.015605 seconds
probability of topic_Student_51 is 0.433551

pgibbs sample time: 0.000832 seconds
probability of topic_Student_176 is 0.506289

pgibbs sample time: 5.7e-05 seconds
probability of topic_ResearchProject_28 is 0.442936

pgibbs sample time: 5.7e-05 seconds
probability of topic_Department_77 is 0.474402

pgibbs sample time: 0.000231 seconds
probability of topic_Person_166 is 0.50175

pgibbs sample time: 0.000232 seconds
probability of topic_Person_63 is 0.491965

pgibbs sample time: 5.7e-05 seconds
probability of topic_Student_87 is 0.629144

pgibbs sample time: 0.015907 seconds
probability of topic_Course_38 is 0.344772

pgibbs sample time: 0.016036 seconds
probability of topic_Course_20 is 0.497289

pgibbs sample time: 0.000373 seconds
probability of topic_Department_229 is 0.421607

pgibbs sample time: 0.000348 seconds
probability of topic_Student_24 is 0.47333

pgibbs sample time: 0.000497 seconds
probability of topic_Department_89 is 0.68302

pgibbs sample time: 0.0001 seconds
probability of topic_Department_48 is 0.337428

pgibbs sample time: 0.017947 seconds
probability of topic_Course_215 is 0.432178

pgibbs sample time: 0.014161 seconds
probability of topic_Faculty_153 is 0.743759

pgibbs sample time: 0.0164 seconds
probability of topic_Department_20 is 0.487377

pgibbs sample time: 5.8e-05 seconds
probability of topic_Student_62 is 0.501822

pgibbs sample time: 5.6e-05 seconds
probability of topic_Person_2 is 0.620991

pgibbs sample time: 0.015641 seconds
probability of topic_Student_195 is 0.472495

pgibbs sample time: 0.000851 seconds
probability of topic_Staff_176 is 0.52825

pgibbs sample time: 0.000852 seconds
probability of topic_Staff_93 is 0.413167

pgibbs sample time: 8.6e-05 seconds
probability of topic_Department_29 is 0.485526

pgibbs sample time: 0.015649 seconds
probability of topic_Staff_50 is 0.528108

pgibbs sample time: 0.015584 seconds
probability of topic_Student_88 is 0.367663

pgibbs sample time: 0.001094 seconds
probability of topic_Person_139 is 0.608133

pgibbs sample time: 7.3e-05 seconds
probability of topic_Person_64 is 0.523015

pgibbs sample time: 0.016067 seconds
probability of topic_Department_68 is 0.502243

pgibbs sample time: 0.014113 seconds
probability of topic_Faculty_38 is 0.539478

pgibbs sample time: 0.015595 seconds
probability of topic_Student_127 is 0.764581

pgibbs sample time: 0.000993 seconds
probability of topic_Faculty_176 is 0.628589

pgibbs sample time: 8.5e-05 seconds
probability of topic_Student_1 is 0.478358

pgibbs sample time: 0.01397 seconds
probability of topic_Faculty_50 is 0.487407

pgibbs sample time: 8.5e-05 seconds
probability of topic_Person_83 is 0.502973

pgibbs sample time: 0.01556 seconds
probability of topic_Staff_55 is 0.412705

pgibbs sample time: 0.014119 seconds
probability of topic_Student_175 is 0.424965

pgibbs sample time: 0.01518 seconds
probability of topic_Student_52 is 0.50262

pgibbs sample time: 6.2e-05 seconds
probability of topic_Department_17 is 0.572671

pgibbs sample time: 0.000374 seconds
probability of topic_Department_243 is 0.481471

pgibbs sample time: 0.015868 seconds
probability of topic_Course_352 is 0.39171

pgibbs sample time: 0.014114 seconds
probability of topic_Student_33 is 0.669528

pgibbs sample time: 5.8e-05 seconds
probability of topic_Course_6 is 0.435971

pgibbs sample time: 0.01589 seconds
probability of topic_Course_159 is 0.48125

pgibbs sample time: 0.014165 seconds
probability of topic_Faculty_81 is 0.381591

pgibbs sample time: 0.016313 seconds
probability of topic_Department_301 is 0.578241

pgibbs sample time: 0.000126 seconds
probability of topic_Student_79 is 0.516102

pgibbs sample time: 0.000834 seconds
probability of topic_Person_154 is 0.354926

pgibbs sample time: 0.000593 seconds
probability of topic_Faculty_128 is 0.40223

pgibbs sample time: 5.7e-05 seconds
probability of topic_Staff_2 is 0.729589

pgibbs sample time: 0.00066 seconds
probability of topic_Course_227 is 0.701209

pgibbs sample time: 0.00035 seconds
probability of topic_Student_243 is 0.565702

pgibbs sample time: 5.7e-05 seconds
probability of topic_Person_53 is 0.498179

pgibbs sample time: 0.01624 seconds
probability of topic_Department_300 is 0.490556

pgibbs sample time: 5.9e-05 seconds
probability of topic_Department_87 is 0.366359

pgibbs sample time: 0.000819 seconds
probability of topic_Faculty_71 is 0.426228

pgibbs sample time: 0.001051 seconds
probability of topic_Course_44 is 0.269141

pgibbs sample time: 0.016146 seconds
probability of topic_Department_61 is 0.294011

pgibbs sample time: 0.000338 seconds
probability of topic_Course_108 is 0.423673

pgibbs sample time: 0.016111 seconds
probability of topic_Department_69 is 0.251886

pgibbs sample time: 5.7e-05 seconds
probability of topic_Person_70 is 0.366619

pgibbs sample time: 0.000231 seconds
probability of topic_ResearchProject_166 is 0.492467

pgibbs sample time: 0.000666 seconds
probability of topic_Student_234 is 0.606175

pgibbs sample time: 0.014012 seconds
probability of topic_Faculty_33 is 0.422741

pgibbs sample time: 0.000667 seconds
probability of topic_Student_58 is 0.763419

pgibbs sample time: 5.7e-05 seconds
probability of topic_Student_96 is 0.535841

pgibbs sample time: 5.6e-05 seconds
probability of topic_Faculty_96 is 0.573274

pgibbs sample time: 0.014004 seconds
probability of topic_Student_38 is 0.322405

pgibbs sample time: 0.01624 seconds
probability of topic_Staff_159 is 0.33694

pgibbs sample time: 5.7e-05 seconds
probability of topic_Person_17 is 0.251716

pgibbs sample time: 0.017868 seconds
probability of topic_Person_352 is 0.642704

pgibbs sample time: 0.015724 seconds
probability of topic_Staff_305 is 0.436758

pgibbs sample time: 0.014187 seconds
probability of topic_Faculty_21 is 0.498267

pgibbs sample time: 0.009239 seconds
probability of topic_ResearchProject_21 is 0.546932

pgibbs sample time: 0.015642 seconds
probability of topic_Staff_113 is 0.429013

pgibbs sample time: 5.8e-05 seconds
probability of topic_Course_17 is 0.75994

pgibbs sample time: 8.7e-05 seconds
probability of topic_Faculty_31 is 0.527443

pgibbs sample time: 0.017866 seconds
probability of topic_Person_80 is 0.319429

pgibbs sample time: 5.8e-05 seconds
probability of topic_Faculty_95 is 0.586438

pgibbs sample time: 0.016091 seconds
probability of topic_Person_20 is 0.5063

pgibbs sample time: 0.017577 seconds
probability of topic_Staff_131 is 0.39317

pgibbs sample time: 0.01608 seconds
probability of topic_Course_55 is 0.262827

pgibbs sample time: 8.9e-05 seconds
probability of topic_Student_64 is 0.404392

pgibbs sample time: 0.015514 seconds
probability of topic_Student_40 is 0.643375

pgibbs sample time: 5.8e-05 seconds
probability of topic_Course_62 is 0.435971

pgibbs sample time: 7.1e-05 seconds
probability of topic_Department_60 is 0.38179

pgibbs sample time: 5.6e-05 seconds
probability of topic_Course_97 is 0.593732

pgibbs sample time: 5.5e-05 seconds
probability of topic_Course_54 is 0.598444

pgibbs sample time: 8.7e-05 seconds
probability of topic_ResearchProject_29 is 0.367971

pgibbs sample time: 5.7e-05 seconds
probability of topic_Course_76 is 0.467894

pgibbs sample time: 6.9e-05 seconds
probability of topic_Course_15 is 0.446832

pgibbs sample time: 8.4e-05 seconds
probability of topic_ResearchProject_42 is 0.562288

pgibbs sample time: 0.015923 seconds
probability of topic_Course_30 is 0.593272

pgibbs sample time: 0.000791 seconds
probability of topic_Staff_154 is 0.441232

pgibbs sample time: 0.009282 seconds
probability of topic_ResearchProject_127 is 0.327279

pgibbs sample time: 0.000667 seconds
probability of topic_Student_157 is 0.33479

pgibbs sample time: 8.6e-05 seconds
probability of topic_Department_64 is 0.366552

pgibbs sample time: 0.000106 seconds
probability of topic_Staff_15 is 0.435361

pgibbs sample time: 0.016181 seconds
probability of topic_Person_55 is 0.295772

pgibbs sample time: 7e-05 seconds
probability of topic_Course_3 is 0.457805

pgibbs sample time: 0.000102 seconds
probability of topic_Faculty_80 is 0.427511

pgibbs sample time: 0.005445 seconds
probability of topic_ResearchProject_13 is 0.593665

pgibbs sample time: 0.016172 seconds
probability of topic_Department_306 is 0.499808

pgibbs sample time: 5.8e-05 seconds
probability of topic_Staff_4 is 0.46839

pgibbs sample time: 5.6e-05 seconds
probability of topic_Course_16 is 0.425378

pgibbs sample time: 7.3e-05 seconds
probability of topic_Department_15 is 0.389289

pgibbs sample time: 0.016162 seconds
probability of topic_Person_12 is 0.452921

pgibbs sample time: 0.01787 seconds
probability of topic_Course_300 is 0.491078

pgibbs sample time: 0.000705 seconds
probability of topic_Staff_107 is 0.361258

pgibbs sample time: 5.9e-05 seconds
probability of topic_Faculty_54 is 0.486159

pgibbs sample time: 0.000256 seconds
probability of topic_Student_166 is 0.463316

pgibbs sample time: 0.000375 seconds
probability of topic_Faculty_229 is 0.351144

pgibbs sample time: 0.01792 seconds
probability of topic_Person_175 is 0.445196

pgibbs sample time: 5.8e-05 seconds
probability of topic_Student_97 is 0.439022

pgibbs sample time: 0.000373 seconds
probability of topic_Staff_243 is 0.510552

pgibbs sample time: 0.008196 seconds
probability of topic_ResearchProject_39 is 0.56901

pgibbs sample time: 0.000992 seconds
probability of topic_Course_237 is 0.447298

pgibbs sample time: 0.014092 seconds
probability of topic_Faculty_52 is 0.498945

pgibbs sample time: 0.015792 seconds
probability of topic_Staff_78 is 0.434693

pgibbs sample time: 0.000459 seconds
probability of topic_Person_89 is 0.425192

pgibbs sample time: 0.000973 seconds
probability of topic_Course_124 is 0.615139

pgibbs sample time: 5.7e-05 seconds
probability of topic_Staff_77 is 0.474394

pgibbs sample time: 5.8e-05 seconds
probability of topic_Student_67 is 0.432953

pgibbs sample time: 5.7e-05 seconds
probability of topic_Staff_42 is 0.500444

pgibbs sample time: 0.000971 seconds
probability of topic_Course_139 is 0.497016

pgibbs sample time: 0.000515 seconds
probability of topic_ResearchProject_7 is 0.458799

pgibbs sample time: 0.016106 seconds
probability of topic_Student_75 is 0.738051

pgibbs sample time: 0.000524 seconds
probability of topic_Person_26 is 0.600769

pgibbs sample time: 0.014079 seconds
probability of topic_Faculty_127 is 0.532956

pgibbs sample time: 0.000473 seconds
probability of topic_Student_89 is 0.3929

pgibbs sample time: 0.000101 seconds
probability of topic_Student_86 is 0.436461

pgibbs sample time: 0.016164 seconds
probability of topic_Department_274 is 0.488908

pgibbs sample time: 8.5e-05 seconds
probability of topic_ResearchProject_82 is 0.56357

pgibbs sample time: 0.014287 seconds
probability of topic_Student_131 is 0.394258

pgibbs sample time: 0.018116 seconds
probability of topic_Course_40 is 0.547123

pgibbs sample time: 0.000498 seconds
probability of topic_Person_94 is 0.487774

pgibbs sample time: 0.000101 seconds
probability of topic_Student_80 is 0.531372

pgibbs sample time: 0.01407 seconds
probability of topic_Faculty_39 is 0.397876

pgibbs sample time: 0.006121 seconds
probability of topic_ResearchProject_168 is 0.71453

pgibbs sample time: 0.016201 seconds
probability of topic_Staff_215 is 0.449602

pgibbs sample time: 0.018123 seconds
probability of topic_Person_198 is 0.533247

pgibbs sample time: 0.01642 seconds
probability of topic_Department_30 is 0.621666

pgibbs sample time: 0.01655 seconds
probability of topic_Staff_59 is 0.483092

pgibbs sample time: 0.016116 seconds
probability of topic_Student_81 is 0.472417

pgibbs sample time: 5.8e-05 seconds
probability of topic_Course_8 is 0.615754

pgibbs sample time: 0.016289 seconds
probability of topic_Department_21 is 0.45947

pgibbs sample time: 0.000662 seconds
probability of topic_Faculty_234 is 0.634565

pgibbs sample time: 0.000661 seconds
probability of topic_Faculty_58 is 0.336696

pgibbs sample time: 0.000295 seconds
probability of topic_Faculty_166 is 0.516343

pgibbs sample time: 0.001136 seconds
probability of topic_Person_124 is 0.499181

pgibbs sample time: 0.01869 seconds
probability of topic_Course_195 is 0.502592

pgibbs sample time: 0.000843 seconds
probability of topic_Faculty_124 is 0.432348

pgibbs sample time: 0.005573 seconds
probability of topic_ResearchProject_198 is 0.665401

pgibbs sample time: 7.3e-05 seconds
probability of topic_Student_45 is 0.456385

pgibbs sample time: 5.6e-05 seconds
probability of topic_Person_92 is 0.476547

pgibbs sample time: 0.000978 seconds
probability of topic_ResearchProject_65 is 0.544545

pgibbs sample time: 0.009399 seconds
probability of topic_ResearchProject_305 is 0.42451

pgibbs sample time: 8.4e-05 seconds
probability of topic_Faculty_11 is 0.272803

pgibbs sample time: 0.000454 seconds
probability of topic_Staff_49 is 0.295427

pgibbs sample time: 5.7e-05 seconds
probability of topic_Staff_36 is 0.517015

pgibbs sample time: 0.016246 seconds
probability of topic_Person_189 is 0.520546

pgibbs sample time: 5.8e-05 seconds
probability of topic_Person_57 is 0.476931

pgibbs sample time: 7.2e-05 seconds
probability of topic_ResearchProject_25 is 0.428627

pgibbs sample time: 8.5e-05 seconds
probability of topic_Faculty_27 is 0.380534

pgibbs sample time: 0.009417 seconds
probability of topic_ResearchProject_274 is 0.452857

pgibbs sample time: 0.000381 seconds
probability of topic_ResearchProject_243 is 0.664336

pgibbs sample time: 0.015847 seconds
probability of topic_Staff_90 is 0.384298

pgibbs sample time: 0.016121 seconds
probability of topic_Course_61 is 0.347022

pgibbs sample time: 0.000891 seconds
probability of topic_ResearchProject_107 is 0.366429

pgibbs sample time: 8.1e-05 seconds
probability of topic_Staff_82 is 0.50126

pgibbs sample time: 0.015709 seconds
probability of topic_Staff_140 is 0.324406

pgibbs sample time: 6e-05 seconds
probability of topic_Student_74 is 0.487579

pgibbs sample time: 0.001074 seconds
probability of topic_Person_308 is 0.523781

pgibbs sample time: 5.9e-05 seconds
probability of topic_Department_56 is 0.601492

pgibbs sample time: 0.015671 seconds
probability of topic_Staff_13 is 0.413527

pgibbs sample time: 5.9e-05 seconds
probability of topic_Department_36 is 0.371091

pgibbs sample time: 5.6e-05 seconds
probability of topic_Person_76 is 0.653984

pgibbs sample time: 0.016558 seconds
probability of topic_Person_46 is 0.517878

pgibbs sample time: 6.3e-05 seconds
probability of topic_Staff_74 is 0.432401

pgibbs sample time: 6.2e-05 seconds
probability of topic_Faculty_5 is 0.387388

pgibbs sample time: 9.1e-05 seconds
probability of topic_ResearchProject_14 is 0.485442

pgibbs sample time: 0.016078 seconds
probability of topic_Course_127 is 0.436484

pgibbs sample time: 0.000143 seconds
probability of topic_Department_11 is 0.315586

pgibbs sample time: 0.015935 seconds
probability of topic_Course_88 is 0.342175

pgibbs sample time: 0.014131 seconds
probability of topic_Student_272 is 0.473675

pgibbs sample time: 0.014116 seconds
probability of topic_Student_69 is 0.574421

pgibbs sample time: 5.7e-05 seconds
probability of topic_Staff_8 is 0.555017

pgibbs sample time: 7.3e-05 seconds
probability of topic_Student_42 is 0.547219

pgibbs sample time: 5.7e-05 seconds
probability of topic_Faculty_8 is 0.467878

pgibbs sample time: 0.017341 seconds
probability of topic_Staff_300 is 0.573103

pgibbs sample time: 0.014176 seconds
probability of topic_Faculty_19 is 0.494568

pgibbs sample time: 0.000595 seconds
probability of topic_Staff_85 is 0.360036

pgibbs sample time: 0.017962 seconds
probability of topic_Person_168 is 0.602013

pgibbs sample time: 8.8e-05 seconds
probability of topic_Faculty_45 is 0.502788

pgibbs sample time: 0.000705 seconds
probability of topic_Staff_65 is 0.453959

pgibbs sample time: 0.000225 seconds
probability of topic_Person_22 is 0.392847

pgibbs sample time: 5.7e-05 seconds
probability of topic_ResearchProject_66 is 0.437775

pgibbs sample time: 0.016223 seconds
probability of topic_Person_13 is 0.471381

pgibbs sample time: 0.015809 seconds
probability of topic_Staff_175 is 0.450091

pgibbs sample time: 0.016087 seconds
probability of topic_Course_272 is 0.364447

pgibbs sample time: 0.015759 seconds
probability of topic_Student_102 is 0.354297

pgibbs sample time: 0.016335 seconds
probability of topic_Person_75 is 0.623873

pgibbs sample time: 0.017745 seconds
probability of topic_Staff_119 is 0.484402

pgibbs sample time: 9.9e-05 seconds
probability of topic_Faculty_86 is 0.38095

pgibbs sample time: 0.016878 seconds
probability of topic_Course_59 is 0.441111

pgibbs sample time: 0.016187 seconds
probability of topic_Course_19 is 0.695855

pgibbs sample time: 0.016966 seconds
probability of topic_Course_43 is 0.227747

pgibbs sample time: 0.014891 seconds
probability of topic_Student_388 is 0.481192

pgibbs sample time: 0.000783 seconds
probability of topic_ResearchProject_176 is 0.373706

pgibbs sample time: 0.017497 seconds
probability of topic_Staff_10 is 0.557895

pgibbs sample time: 0.000512 seconds
probability of topic_ResearchProject_108 is 0.426198

pgibbs sample time: 0.016194 seconds
probability of topic_Department_43 is 0.100445

pgibbs sample time: 8.5e-05 seconds
probability of topic_Staff_83 is 0.46865

pgibbs sample time: 0.000376 seconds
probability of topic_Course_243 is 0.436114

pgibbs sample time: 0.000455 seconds
probability of topic_Staff_94 is 0.504495

pgibbs sample time: 5.8e-05 seconds
probability of topic_Student_56 is 0.323068

pgibbs sample time: 0.015669 seconds
probability of topic_Staff_198 is 0.633119

pgibbs sample time: 0.00837 seconds
probability of topic_ResearchProject_59 is 0.483594

pgibbs sample time: 0.000375 seconds
probability of topic_Department_24 is 0.608136

pgibbs sample time: 0.017493 seconds
probability of topic_Staff_189 is 0.483902

pgibbs sample time: 0.018003 seconds
probability of topic_Course_39 is 0.645733

pgibbs sample time: 0.000103 seconds
probability of topic_Student_48 is 0.45288

pgibbs sample time: 0.000234 seconds
probability of topic_Course_166 is 0.447187

pgibbs sample time: 0.000472 seconds
probability of topic_Course_26 is 0.530422

pgibbs sample time: 0.013945 seconds
probability of topic_Staff_195 is 0.381075

pgibbs sample time: 0.014545 seconds
probability of topic_Faculty_175 is 0.49175

pgibbs sample time: 0.016404 seconds
probability of topic_Staff_186 is 0.514308

pgibbs sample time: 7e-05 seconds
probability of topic_Staff_72 is 0.294353

pgibbs sample time: 0.018521 seconds
probability of topic_Person_40 is 0.653217

pgibbs sample time: 0.000576 seconds
probability of topic_Department_7 is 0.495049

pgibbs sample time: 0.015678 seconds
probability of topic_Staff_153 is 0.666975

pgibbs sample time: 0.01787 seconds
probability of topic_Course_51 is 0.396302

pgibbs sample time: 0.000841 seconds
probability of topic_Student_107 is 0.42812

pgibbs sample time: 0.009228 seconds
probability of topic_ResearchProject_52 is 0.475094

pgibbs sample time: 0.000932 seconds
probability of topic_Faculty_308 is 0.473462

pgibbs sample time: 0.015935 seconds
probability of topic_Course_168 is 0.548952

pgibbs sample time: 0.016367 seconds
probability of topic_Department_103 is 0.480878

pgibbs sample time: 8.7e-05 seconds
probability of topic_ResearchProject_27 is 0.414848

pgibbs sample time: 0.009334 seconds
probability of topic_ResearchProject_103 is 0.481698

pgibbs sample time: 5.8e-05 seconds
probability of topic_Staff_95 is 0.47193

pgibbs sample time: 0.015956 seconds
probability of topic_Course_80 is 0.40985

pgibbs sample time: 5.9e-05 seconds
probability of topic_Student_17 is 0.298945

pgibbs sample time: 0.016123 seconds
probability of topic_Person_30 is 0.334733

pgibbs sample time: 0.015772 seconds
probability of topic_Staff_38 is 0.496325

pgibbs sample time: 0.016085 seconds
probability of topic_Course_113 is 0.375513

pgibbs sample time: 5.7e-05 seconds
probability of topic_Staff_53 is 0.447858

pgibbs sample time: 0.016142 seconds
probability of topic_Department_34 is 0.47229

pgibbs sample time: 5.9e-05 seconds
probability of topic_Faculty_92 is 0.40832

pgibbs sample time: 0.009227 seconds
probability of topic_ResearchProject_189 is 0.448681

pgibbs sample time: 0.014062 seconds
probability of topic_Faculty_221 is 0.493286

pgibbs sample time: 9.9e-05 seconds
probability of topic_Staff_9 is 0.415935

pgibbs sample time: 0.017454 seconds
probability of topic_Staff_21 is 0.510947

pgibbs sample time: 0.014086 seconds
probability of topic_Student_37 is 0.496099

pgibbs sample time: 0.01418 seconds
probability of topic_Student_306 is 0.519279

pgibbs sample time: 0.016308 seconds
probability of topic_Department_189 is 0.224317

pgibbs sample time: 8.9e-05 seconds
probability of topic_Faculty_29 is 0.55934

pgibbs sample time: 0.017394 seconds
probability of topic_Staff_306 is 0.46596

pgibbs sample time: 5.9e-05 seconds
probability of topic_Department_57 is 0.498504

pgibbs sample time: 5.8e-05 seconds
probability of topic_Person_95 is 0.429657

pgibbs sample time: 0.000842 seconds
probability of topic_ResearchProject_154 is 0.356581

pgibbs sample time: 8.4e-05 seconds
probability of topic_Faculty_82 is 0.411907

pgibbs sample time: 5.7e-05 seconds
probability of topic_Person_4 is 0.544751

pgibbs sample time: 0.014064 seconds
probability of topic_Faculty_18 is 0.362197

pgibbs sample time: 5.8e-05 seconds
probability of topic_Faculty_53 is 0.419826

pgibbs sample time: 0.016123 seconds
probability of topic_Department_55 is 0.292531

pgibbs sample time: 0.00547 seconds
probability of topic_ResearchProject_69 is 0.325329

pgibbs sample time: 0.015665 seconds
probability of topic_Staff_34 is 0.479692

pgibbs sample time: 7.1e-05 seconds
probability of topic_Staff_14 is 0.368119

pgibbs sample time: 0.000272 seconds
probability of topic_Course_63 is 0.4641

pgibbs sample time: 5.5e-05 seconds
probability of topic_Course_92 is 0.344213

pgibbs sample time: 0.014035 seconds
probability of topic_Student_103 is 0.508074

pgibbs sample time: 0.015152 seconds
probability of topic_Student_21 is 0.479599

pgibbs sample time: 8.8e-05 seconds
probability of topic_Department_14 is 0.310779

pgibbs sample time: 0.018077 seconds
probability of topic_Person_69 is 0.579368

pgibbs sample time: 7.2e-05 seconds
probability of topic_Staff_31 is 0.512334

pgibbs sample time: 0.01413 seconds
probability of topic_Faculty_272 is 0.495455

pgibbs sample time: 0.016347 seconds
probability of topic_Person_79 is 0.700355

pgibbs sample time: 0.016452 seconds
probability of topic_Department_88 is 0.612597

pgibbs sample time: 8.8e-05 seconds
probability of topic_Department_3 is 0.398154

pgibbs sample time: 7.5e-05 seconds
probability of topic_Department_16 is 0.480109

pgibbs sample time: 0.009318 seconds
probability of topic_ResearchProject_272 is 0.506032

pgibbs sample time: 0.016597 seconds
probability of topic_Course_102 is 0.54856

pgibbs sample time: 0.009413 seconds
probability of topic_ResearchProject_50 is 0.42574

pgibbs sample time: 0.008415 seconds
probability of topic_ResearchProject_195 is 0.455833

pgibbs sample time: 0.016279 seconds
probability of topic_Person_272 is 0.410015

pgibbs sample time: 0.014277 seconds
probability of topic_Faculty_103 is 0.564121

pgibbs sample time: 0.016125 seconds
probability of topic_Course_33 is 0.531643

pgibbs sample time: 0.006246 seconds
probability of topic_ResearchProject_68 is 0.45797

pgibbs sample time: 0.014109 seconds
probability of topic_Student_215 is 0.502034

pgibbs sample time: 0.015912 seconds
probability of topic_Staff_51 is 0.497839

pgibbs sample time: 8.8e-05 seconds
probability of topic_Student_14 is 0.580548

pgibbs sample time: 0.016131 seconds
probability of topic_Department_10 is 0.623742

pgibbs sample time: 0.016371 seconds
probability of topic_Department_195 is 0.641399

pgibbs sample time: 0.016325 seconds
probability of topic_Department_146 is 0.407359

pgibbs sample time: 6.1e-05 seconds
probability of topic_Course_74 is 0.419524

pgibbs sample time: 0.016271 seconds
probability of topic_Department_215 is 0.477208

pgibbs sample time: 0.01579 seconds
probability of topic_Staff_37 is 0.453548

pgibbs sample time: 0.006151 seconds
probability of topic_ResearchProject_301 is 0.561103

pgibbs sample time: 0.016077 seconds
probability of topic_Course_21 is 0.519175

pgibbs sample time: 8.3e-05 seconds
probability of topic_Person_84 is 0.454709

pgibbs sample time: 0.000852 seconds
probability of topic_Person_93 is 0.503929

pgibbs sample time: 0.01597 seconds
probability of topic_Course_18 is 0.388022

pgibbs sample time: 5.9e-05 seconds
probability of topic_Student_30 is 0.52508

pgibbs sample time: 8.4e-05 seconds
probability of topic_Person_11 is 0.0343826

pgibbs sample time: 8.2e-05 seconds
probability of topic_Course_27 is 0.320074

pgibbs sample time: 5.9e-05 seconds
probability of topic_ResearchProject_4 is 0.479583

pgibbs sample time: 8.5e-05 seconds
probability of topic_Student_27 is 0.473126

pgibbs sample time: 8.4e-05 seconds
probability of topic_Department_27 is 0.574933

pgibbs sample time: 0.01563 seconds
probability of topic_Student_274 is 0.503391

pgibbs sample time: 9.9e-05 seconds
probability of topic_Student_9 is 0.459523

pgibbs sample time: 0.016242 seconds
probability of topic_Person_10 is 0.525899

pgibbs sample time: 0.014216 seconds
probability of topic_Faculty_20 is 0.421513

pgibbs sample time: 0.017863 seconds
probability of topic_Course_198 is 0.456147

pgibbs sample time: 0.009326 seconds
probability of topic_ResearchProject_46 is 0.442579

pgibbs sample time: 7.2e-05 seconds
probability of topic_Department_73 is 0.407934

pgibbs sample time: 0.014068 seconds
probability of topic_Faculty_388 is 0.546047

pgibbs sample time: 7.1e-05 seconds
probability of topic_Course_64 is 0.556126

pgibbs sample time: 5.5e-05 seconds
probability of topic_Staff_16 is 0.447858

pgibbs sample time: 0.000614 seconds
probability of topic_Course_128 is 0.486809

pgibbs sample time: 0.015624 seconds
probability of topic_Staff_43 is 0.161071

pgibbs sample time: 0.014142 seconds
probability of topic_Student_153 is 0.544002

pgibbs sample time: 0.018072 seconds
probability of topic_Person_195 is 0.308656

pgibbs sample time: 8.5e-05 seconds
probability of topic_Staff_27 is 0.582702

pgibbs sample time: 0.014094 seconds
probability of topic_Faculty_186 is 0.521044

pgibbs sample time: 0.01577 seconds
probability of topic_Staff_127 is 0.45943

pgibbs sample time: 8.6e-05 seconds
probability of topic_Person_31 is 0.534449

pgibbs sample time: 0.014065 seconds
probability of topic_Faculty_215 is 0.414783

pgibbs sample time: 5.9e-05 seconds
probability of topic_ResearchProject_57 is 0.489022

pgibbs sample time: 8.1e-05 seconds
probability of topic_Person_29 is 0.633672

pgibbs sample time: 0.015967 seconds
probability of topic_Course_79 is 0.28975

pgibbs sample time: 0.000554 seconds
probability of topic_ResearchProject_94 is 0.441835

pgibbs sample time: 0.015545 seconds
probability of topic_Student_146 is 0.374243

pgibbs sample time: 0.000375 seconds
probability of topic_Course_24 is 0.395038

pgibbs sample time: 7.1e-05 seconds
probability of topic_Course_25 is 0.524908

pgibbs sample time: 7.3e-05 seconds
probability of topic_ResearchProject_15 is 0.463591

pgibbs sample time: 0.006192 seconds
probability of topic_ResearchProject_30 is 0.543438

pgibbs sample time: 5.9e-05 seconds
probability of topic_ResearchProject_53 is 0.442936

pgibbs sample time: 0.0001 seconds
probability of topic_Department_86 is 0.38745

pgibbs sample time: 0.01562 seconds
probability of topic_Staff_69 is 0.455095

pgibbs sample time: 0.017862 seconds
probability of topic_Course_146 is 0.404571

pgibbs sample time: 8.6e-05 seconds
probability of topic_Course_45 is 0.45315

pgibbs sample time: 5.7e-05 seconds
probability of topic_Course_67 is 0.577589

pgibbs sample time: 0.013828 seconds
probability of topic_Staff_221 is 0.458408

pgibbs sample time: 0.00925 seconds
probability of topic_ResearchProject_75 is 0.352759

pgibbs sample time: 0.014768 seconds
probability of topic_Student_352 is 0.31666

pgibbs sample time: 0.01593 seconds
probability of topic_Staff_52 is 0.512995

pgibbs sample time: 0.001017 seconds
probability of topic_Department_237 is 0.406934

pgibbs sample time: 0.006222 seconds
probability of topic_ResearchProject_34 is 0.537354

pgibbs sample time: 0.006239 seconds
probability of topic_ResearchProject_131 is 0.394549

pgibbs sample time: 0.015967 seconds
probability of topic_Course_305 is 0.579744

pgibbs sample time: 5.8e-05 seconds
probability of topic_Course_57 is 0.52745

pgibbs sample time: 0.000743 seconds
probability of topic_Person_107 is 0.456347

pgibbs sample time: 0.015619 seconds
probability of topic_Staff_75 is 0.336854

pgibbs sample time: 8.4e-05 seconds
probability of topic_Course_83 is 0.611296

pgibbs sample time: 0.015959 seconds
probability of topic_Course_75 is 0.524559

pgibbs sample time: 0.015875 seconds
probability of topic_Staff_301 is 0.434513

pgibbs sample time: 0.000102 seconds
probability of topic_Department_99 is 0.696445

pgibbs sample time: 7e-05 seconds
probability of topic_Course_73 is 0.45295

pgibbs sample time: 5.8e-05 seconds
probability of topic_Student_32 is 0.466327

pgibbs sample time: 8.6e-05 seconds
probability of topic_ResearchProject_11 is 0.213433

pgibbs sample time: 5.8e-05 seconds
probability of topic_ResearchProject_36 is 0.403352

pgibbs sample time: 0.017799 seconds
probability of topic_Course_388 is 0.430051

pgibbs sample time: 7.2e-05 seconds
probability of topic_Course_98 is 0.489522

pgibbs sample time: 0.000836 seconds
probability of topic_Person_65 is 0.534909

pgibbs sample time: 0.016114 seconds
probability of topic_Person_146 is 0.613063

pgibbs sample time: 8.4e-05 seconds
probability of topic_Staff_3 is 0.380455

pgibbs sample time: 5.6e-05 seconds
probability of topic_Course_96 is 0.503376

pgibbs sample time: 5.4e-05 seconds
probability of topic_Faculty_2 is 0.52117

pgibbs sample time: 5.5e-05 seconds
probability of topic_Person_16 is 0.498179

pgibbs sample time: 0.009309 seconds
probability of topic_ResearchProject_61 is 0.368439

pgibbs sample time: 5.8e-05 seconds
probability of topic_ResearchProject_87 is 0.446075

pgibbs sample time: 8.4e-05 seconds
probability of topic_Department_42 is 0.346319

pgibbs sample time: 0.01402 seconds
probability of topic_Student_12 is 0.502168

pgibbs sample time: 0.000195 seconds
probability of topic_Staff_63 is 0.56253

pgibbs sample time: 0.000742 seconds
probability of topic_Faculty_65 is 0.454156

pgibbs sample time: 0.01563 seconds
probability of topic_Staff_30 is 0.394115

pgibbs sample time: 0.014459 seconds
probability of topic_Person_215 is 0.509965

pgibbs sample time: 6.2e-05 seconds
probability of topic_ResearchProject_77 is 0.508503

pgibbs sample time: 5.9e-05 seconds
probability of topic_Department_2 is 0.492523

pgibbs sample time: 5.7e-05 seconds
probability of topic_Staff_76 is 0.639653

pgibbs sample time: 5.6e-05 seconds
probability of topic_Staff_22 is 0.552182

pgibbs sample time: 0.0008 seconds
probability of topic_Staff_278 is 0.446046

pgibbs sample time: 0.014018 seconds
probability of topic_Student_34 is 0.429602

pgibbs sample time: 0.014148 seconds
probability of topic_Student_140 is 0.203039

pgibbs sample time: 5.9e-05 seconds
probability of topic_Department_95 is 0.467383

pgibbs sample time: 0.009293 seconds
probability of topic_ResearchProject_221 is 0.48182

pgibbs sample time: 7.3e-05 seconds
probability of topic_Faculty_72 is 0.544179

pgibbs sample time: 0.014124 seconds
probability of topic_Faculty_352 is 0.669226

pgibbs sample time: 0.000223 seconds
probability of topic_Staff_166 is 0.498498

pgibbs sample time: 8.6e-05 seconds
probability of topic_Staff_29 is 0.382942

pgibbs sample time: 0.000456 seconds
probability of topic_Staff_89 is 0.581389

pgibbs sample time: 0.009218 seconds
probability of topic_ResearchProject_215 is 0.4484

pgibbs sample time: 0.015983 seconds
probability of topic_Course_175 is 0.471362

pgibbs sample time: 0.000457 seconds
probability of topic_Staff_26 is 0.429648

pgibbs sample time: 5.7e-05 seconds
probability of topic_Person_32 is 0.481126

pgibbs sample time: 0.00064 seconds
probability of topic_Staff_157 is 0.447917

pgibbs sample time: 0.000798 seconds
probability of topic_Staff_71 is 0.415927

pgibbs sample time: 0.014096 seconds
probability of topic_Faculty_10 is 0.446078

pgibbs sample time: 0.008214 seconds
probability of topic_ResearchProject_38 is 0.659298

pgibbs sample time: 0.017987 seconds
probability of topic_Department_40 is 0.766244

pgibbs sample time: 0.00011 seconds
probability of topic_Staff_48 is 0.455151

pgibbs sample time: 8.7e-05 seconds
probability of topic_ResearchProject_83 is 0.439229

pgibbs sample time: 8.4e-05 seconds
probability of topic_Student_91 is 0.555611

pgibbs sample time: 0.016274 seconds
probability of topic_Department_39 is 0.371642

pgibbs sample time: 0.000224 seconds
probability of topic_Staff_177 is 0.537179

pgibbs sample time: 0.016126 seconds
probability of topic_Person_38 is 0.3439

pgibbs sample time: 0.017525 seconds
probability of topic_Staff_388 is 0.485015

pgibbs sample time: 0.000784 seconds
probability of topic_ResearchProject_93 is 0.480355

pgibbs sample time: 0.000712 seconds
probability of topic_Course_65 is 0.505238

pgibbs sample time: 0.017958 seconds
probability of topic_Person_119 is 0.369169

pgibbs sample time: 0.016278 seconds
probability of topic_Person_59 is 0.476406

pgibbs sample time: 0.014202 seconds
probability of topic_Faculty_59 is 0.55196

pgibbs sample time: 7.3e-05 seconds
probability of topic_ResearchProject_72 is 0.43915

pgibbs sample time: 8.3e-05 seconds
probability of topic_Staff_99 is 0.412756

pgibbs sample time: 0.018932 seconds
probability of topic_Person_153 is 0.532743

pgibbs sample time: 0.009307 seconds
probability of topic_ResearchProject_55 is 0.636545

pgibbs sample time: 0.016322 seconds
probability of topic_Person_103 is 0.600949

pgibbs sample time: 0.016637 seconds
probability of topic_Course_131 is 0.381431

pgibbs sample time: 0.000122 seconds
probability of topic_Person_42 is 0.649393

pgibbs sample time: 5.8e-05 seconds
probability of topic_Department_66 is 0.477106

pgibbs sample time: 0.015979 seconds
probability of topic_Course_306 is 0.443291

pgibbs sample time: 0.000453 seconds
probability of topic_Staff_7 is 0.463937

pgibbs sample time: 0.014093 seconds
probability of topic_Faculty_34 is 0.478142

pgibbs sample time: 5.9e-05 seconds
probability of topic_Department_67 is 0.459988

pgibbs sample time: 5.5e-05 seconds
probability of topic_Course_70 is 0.457571

pgibbs sample time: 0.015514 seconds
probability of topic_Student_20 is 0.502072

pgibbs sample time: 0.000235 seconds
probability of topic_ResearchProject_35 is 0.560039

pgibbs sample time: 9.7e-05 seconds
probability of topic_Course_9 is 0.465094

pgibbs sample time: 0.016145 seconds
probability of topic_Person_221 is 0.518448

pgibbs sample time: 0.006137 seconds
probability of topic_ResearchProject_88 is 0.502932

pgibbs sample time: 0.015669 seconds
probability of topic_Staff_40 is 0.637994

pgibbs sample time: 0.016287 seconds
probability of topic_Department_198 is 0.582531

pgibbs sample time: 0.000677 seconds
probability of topic_Course_58 is 0.43734

pgibbs sample time: 0.000269 seconds
probability of topic_Faculty_177 is 0.510672

pgibbs sample time: 5.8e-05 seconds
probability of topic_Student_92 is 0.503814

pgibbs sample time: 0.000447 seconds
probability of topic_Student_108 is 0.474002

pgibbs sample time: 5.7e-05 seconds
probability of topic_Person_56 is 0.392505

pgibbs sample time: 0.012451 seconds
probability of topic_Student_10 is 0.586775

pgibbs sample time: 0.01798 seconds
probability of topic_Course_119 is 0.520437

pgibbs sample time: 0.015791 seconds
probability of topic_Staff_272 is 0.547351

pgibbs sample time: 9e-05 seconds
probability of topic_Faculty_74 is 0.401374

pgibbs sample time: 0.014175 seconds
probability of topic_Course_13 is 0.319081

pgibbs sample time: 0.01619 seconds
probability of topic_Course_301 is 0.436126

pgibbs sample time: 0.0158 seconds
probability of topic_Staff_20 is 0.452352

pgibbs sample time: 8.9e-05 seconds
probability of topic_Student_31 is 0.670028

pgibbs sample time: 0.000472 seconds
probability of topic_Faculty_26 is 0.594706

pgibbs sample time: 0.016137 seconds
probability of topic_Department_127 is 0.323254

pgibbs sample time: 0.015802 seconds
probability of topic_Staff_61 is 0.346683

pgibbs sample time: 0.005564 seconds
probability of topic_ResearchProject_119 is 0.456092

pgibbs sample time: 0.015966 seconds
probability of topic_Course_186 is 0.492571

pgibbs sample time: 0.016262 seconds
probability of topic_Person_39 is 0.446589

pgibbs sample time: 0.000629 seconds
probability of topic_Person_234 is 0.662816

pgibbs sample time: 0.017955 seconds
probability of topic_Person_88 is 0.430184

pgibbs sample time: 5.6e-05 seconds
probability of topic_Course_2 is 0.464953

pgibbs sample time: 7.2e-05 seconds
probability of topic_Student_25 is 0.533836

pgibbs sample time: 0.000268 seconds
probability of topic_Student_177 is 0.396212

pgibbs sample time: 8.7e-05 seconds
probability of topic_Faculty_64 is 0.447541

pgibbs sample time: 8.1e-05 seconds
probability of topic_Course_91 is 0.601122

pgibbs sample time: 0.01772 seconds
probability of topic_Course_103 is 0.481616

pgibbs sample time: 0.016362 seconds
probability of topic_Department_119 is 0.43017

pgibbs sample time: 5.9e-05 seconds
probability of topic_ResearchProject_76 is 0.478169

pgibbs sample time: 0.000792 seconds
probability of topic_Person_71 is 0.493768

pgibbs sample time: 0.000613 seconds
probability of topic_Course_85 is 0.463755

pgibbs sample time: 0.016147 seconds
probability of topic_Department_131 is 0.605085

pgibbs sample time: 0.000239 seconds
probability of topic_ResearchProject_22 is 0.607869

pgibbs sample time: 0.000836 seconds
probability of topic_Student_93 is 0.44686

pgibbs sample time: 5.5e-05 seconds
probability of topic_Staff_28 is 0.447858

pgibbs sample time: 0.014031 seconds
probability of topic_Faculty_189 is 0.495094

pgibbs sample time: 0.000473 seconds
probability of topic_Course_89 is 0.708246

pgibbs sample time: 0.017717 seconds
probability of topic_Course_68 is 0.440665

pgibbs sample time: 0.016112 seconds
probability of topic_Course_12 is 0.621937

pgibbs sample time: 0.016187 seconds
probability of topic_Course_78 is 0.664922

pgibbs sample time: 5.8e-05 seconds
probability of topic_Faculty_62 is 0.431532

pgibbs sample time: 0.000813 seconds
probability of topic_Staff_124 is 0.583614

pgibbs sample time: 7.4e-05 seconds
probability of topic_Faculty_15 is 0.422302

pgibbs sample time: 0.000474 seconds
probability of topic_Faculty_49 is 0.329191

pgibbs sample time: 9.8e-05 seconds
probability of topic_Faculty_9 is 0.497216

pgibbs sample time: 7.2e-05 seconds
probability of topic_Course_72 is 0.473289

pgibbs sample time: 0.015954 seconds
probability of topic_Course_47 is 0.738683

pgibbs sample time: 0.000793 seconds
probability of topic_Person_176 is 0.607699

pgibbs sample time: 8.6e-05 seconds
probability of topic_Student_73 is 0.419633

pgibbs sample time: 0.014069 seconds
probability of topic_Faculty_306 is 0.434486

pgibbs sample time: 5.9e-05 seconds
probability of topic_Student_54 is 0.386345

pgibbs sample time: 8.2e-05 seconds
probability of topic_Course_42 is 0.427932

pgibbs sample time: 0.01405 seconds
probability of topic_Faculty_61 is 0.463479

pgibbs sample time: 0.009327 seconds
probability of topic_ResearchProject_388 is 0.608358

pgibbs sample time: 0.012651 seconds
probability of topic_Student_55 is 0.328827

pgibbs sample time: 5.9e-05 seconds
probability of topic_ResearchProject_67 is 0.609436

pgibbs sample time: 0.016137 seconds
probability of topic_Person_102 is 0.354546

pgibbs sample time: 0.000626 seconds
probability of topic_Person_58 is 0.60978

pgibbs sample time: 0.000627 seconds
probability of topic_Person_157 is 0.493871

pgibbs sample time: 0.015978 seconds
probability of topic_Course_46 is 0.353256

pgibbs sample time: 0.000306 seconds
probability of topic_Faculty_41 is 0.681795

pgibbs sample time: 8.4e-05 seconds
probability of topic_Person_45 is 0.590867

pgibbs sample time: 0.000717 seconds
probability of topic_Staff_139 is 0.573419

pgibbs sample time: 0.015974 seconds
probability of topic_Course_52 is 0.437819

pgibbs sample time: 0.016265 seconds
probability of topic_Department_12 is 0.493917

pgibbs sample time: 7.3e-05 seconds
probability of topic_Person_98 is 0.730351

pgibbs sample time: 8.5e-05 seconds
probability of topic_Staff_64 is 0.593418

pgibbs sample time: 0.000877 seconds
probability of topic_ResearchProject_71 is 0.498835

pgibbs sample time: 0.014066 seconds
probability of topic_Faculty_78 is 0.531296

pgibbs sample time: 0.01421 seconds
probability of topic_Faculty_198 is 0.489612

pgibbs sample time: 0.015892 seconds
probability of topic_Staff_19 is 0.511355

pgibbs sample time: 0.0001 seconds
probability of topic_Staff_91 is 0.526058

pgibbs sample time: 0.014071 seconds
probability of topic_Faculty_131 is 0.386955

pgibbs sample time: 0.015712 seconds
probability of topic_Student_113 is 0.549814

pgibbs sample time: 0.014208 seconds
probability of topic_Faculty_301 is 0.464155

pgibbs sample time: 0.014223 seconds
probability of topic_Faculty_13 is 0.541324

pgibbs sample time: 0.014252 seconds
probability of topic_Faculty_140 is 0.573149

pgibbs sample time: 0.016297 seconds
probability of topic_Department_90 is 0.350937

pgibbs sample time: 0.014229 seconds
probability of topic_Faculty_274 is 0.419431

pgibbs sample time: 0.00926 seconds
probability of topic_ResearchProject_102 is 0.450767

pgibbs sample time: 7.2e-05 seconds
probability of topic_Staff_25 is 0.556399

pgibbs sample time: 0.014103 seconds
probability of topic_Faculty_90 is 0.432521

pgibbs sample time: 0.014206 seconds
probability of topic_Faculty_40 is 0.581946

pgibbs sample time: 5.9e-05 seconds
probability of topic_Department_5 is 0.481264

pgibbs sample time: 5.7e-05 seconds
probability of topic_ResearchProject_23 is 0.46694

pgibbs sample time: 8.5e-05 seconds
probability of topic_Department_83 is 0.637947

pgibbs sample time: 0.000234 seconds
probability of topic_Faculty_22 is 0.373109

pgibbs sample time: 0.009236 seconds
probability of topic_ResearchProject_51 is 0.374898

pgibbs sample time: 0.000233 seconds
probability of topic_Faculty_35 is 0.601582

pgibbs sample time: 0.017498 seconds
probability of topic_Staff_68 is 0.456198

pgibbs sample time: 7.4e-05 seconds
probability of topic_Department_98 is 0.81711

pgibbs sample time: 0.015554 seconds
probability of topic_Student_47 is 0.43048

pgibbs sample time: 0.000506 seconds
probability of topic_Faculty_108 is 0.394651

pgibbs sample time: 0.000238 seconds
probability of topic_ResearchProject_177 is 0.522443

pgibbs sample time: 0.013997 seconds
probability of topic_Student_61 is 0.0918952

pgibbs sample time: 0.000507 seconds
probability of topic_Faculty_7 is 0.436375

pgibbs sample time: 0.016154 seconds
probability of topic_Person_50 is 0.576971

pgibbs sample time: 5.9e-05 seconds
probability of topic_Department_23 is 0.442131

pgibbs sample time: 5.8e-05 seconds
probability of topic_Department_53 is 0.480109

pgibbs sample time: 0.000743 seconds
probability of topic_ResearchProject_237 is 0.521563

pgibbs sample time: 8.7e-05 seconds
probability of topic_ResearchProject_45 is 0.469952

pgibbs sample time: 5.7e-05 seconds
probability of topic_Person_96 is 0.557225

pgibbs sample time: 0.017932 seconds
probability of topic_Person_51 is 0.427579

pgibbs sample time: 0.01809 seconds
probability of topic_Person_113 is 0.325969

pgibbs sample time: 0.018081 seconds
probability of topic_Person_159 is 0.563785

pgibbs sample time: 8.5e-05 seconds
probability of topic_Student_83 is 0.612005

pgibbs sample time: 0.016205 seconds
probability of topic_Department_46 is 0.366385

pgibbs sample time: 0.018557 seconds
probability of topic_Person_305 is 0.501978

pgibbs sample time: 0.016354 seconds
probability of topic_Person_274 is 0.502365

pgibbs sample time: 5.9e-05 seconds
probability of topic_ResearchProject_32 is 0.651756

pgibbs sample time: 0.005452 seconds
probability of topic_ResearchProject_40 is 0.371661

pgibbs sample time: 7.1e-05 seconds
probability of topic_Person_15 is 0.488154

pgibbs sample time: 0.00025 seconds
probability of topic_Department_35 is 0.514794

pgibbs sample time: 0.014246 seconds
probability of topic_Student_189 is 0.540088

pgibbs sample time: 5.9e-05 seconds
probability of topic_Faculty_32 is 0.406926

pgibbs sample time: 8.8e-05 seconds
probability of topic_Department_45 is 0.437957

pgibbs sample time: 0.015693 seconds
probability of topic_Staff_81 is 0.414221

pgibbs sample time: 5.8e-05 seconds
probability of topic_Person_62 is 0.482416

pgibbs sample time: 5.8e-05 seconds
probability of topic_Department_62 is 0.482103

pgibbs sample time: 7.1e-05 seconds
probability of topic_Department_6 is 0.462266

pgibbs sample time: 5.6e-05 seconds
probability of topic_Faculty_97 is 0.483098

pgibbs sample time: 5.7e-05 seconds
probability of topic_Course_32 is 0.425578

pgibbs sample time: 0.014076 seconds
probability of topic_Student_78 is 0.675258

pgibbs sample time: 0.015745 seconds
probability of topic_Student_119 is 0.463612

pgibbs sample time: 0.014314 seconds
probability of topic_Student_301 is 0.683269

pgibbs sample time: 0.014178 seconds
probability of topic_Student_186 is 0.508631

pgibbs sample time: 0.015737 seconds
probability of topic_Student_13 is 0.466522

pgibbs sample time: 0.000375 seconds
probability of topic_Course_229 is 0.482663

pgibbs sample time: 0.015589 seconds
probability of topic_Student_90 is 0.605727

pgibbs sample time: 0.009352 seconds
probability of topic_ResearchProject_20 is 0.445651

pgibbs sample time: 0.016541 seconds
probability of topic_Department_38 is 0.535763

pgibbs sample time: 7.7e-05 seconds
probability of topic_Staff_60 is 0.398184

pgibbs sample time: 0.000883 seconds
probability of topic_Course_93 is 0.422432

pgibbs sample time: 6.4e-05 seconds
probability of topic_ResearchProject_56 is 0.543606

pgibbs sample time: 0.000886 seconds
probability of topic_Course_71 is 0.415971

pgibbs sample time: 0.000411 seconds
probability of topic_ResearchProject_229 is 0.300048

pgibbs sample time: 0.000883 seconds
probability of topic_Course_176 is 0.489393

pgibbs sample time: 0.015679 seconds
probability of topic_Staff_274 is 0.446885

pgibbs sample time: 5.8e-05 seconds
probability of topic_ResearchProject_74 is 0.435576

pgibbs sample time: 0.000943 seconds
probability of topic_Course_278 is 0.433477

pgibbs sample time: 0.015988 seconds
probability of topic_Course_69 is 0.468744

pgibbs sample time: 8.4e-05 seconds
probability of topic_Department_91 is 0.45099

pgibbs sample time: 5.7e-05 seconds
probability of topic_Staff_57 is 0.479842

pgibbs sample time: 7.1e-05 seconds
probability of topic_Student_72 is 0.507834

pgibbs sample time: 8.5e-05 seconds
probability of topic_Faculty_30 is 0.610366

pgibbs sample time: 0.015998 seconds
probability of topic_Course_153 is 0.536437

pgibbs sample time: 0.016398 seconds
probability of topic_Department_221 is 0.457844

pgibbs sample time: 0.015843 seconds
probability of topic_Staff_33 is 0.417754

pgibbs sample time: 0.000101 seconds
probability of topic_Department_9 is 0.48468

pgibbs sample time: 8.1e-05 seconds
probability of topic_Faculty_1 is 0.405798

pgibbs sample time: 0.016177 seconds
probability of topic_Person_47 is 0.441548

pgibbs sample time: 5.6e-05 seconds
probability of topic_Person_28 is 0.498179

pgibbs sample time: 0.000497 seconds
probability of topic_Department_26 is 0.609669

pgibbs sample time: 5.6e-05 seconds
probability of topic_Staff_5 is 0.423377

pgibbs sample time: 0.018328 seconds
probability of topic_Person_19 is 0.384801

pgibbs sample time: 6.4e-05 seconds
probability of topic_Staff_67 is 0.482886

pgibbs sample time: 8.9e-05 seconds
probability of topic_Faculty_99 is 0.659975

pgibbs sample time: 0.014022 seconds
probability of topic_Student_46 is 0.523818

pgibbs sample time: 0.009306 seconds
probability of topic_ResearchProject_19 is 0.504639

pgibbs sample time: 8.4e-05 seconds
probability of topic_Course_99 is 0.627826

pgibbs sample time: 0.013989 seconds
probability of topic_Student_59 is 0.401332

pgibbs sample time: 0.00083 seconds
probability of topic_Faculty_107 is 0.488511

pgibbs sample time: 5.8e-05 seconds
probability of topic_Student_70 is 0.458271

pgibbs sample time: 0.009519 seconds
probability of topic_ResearchProject_33 is 0.264387

pgibbs sample time: 9.8e-05 seconds
probability of topic_Person_9 is 0.47258

pgibbs sample time: 0.015953 seconds
probability of topic_Course_189 is 0.547615

pgibbs sample time: 5.7e-05 seconds
probability of topic_Person_67 is 0.381565

pgibbs sample time: 0.01404 seconds
probability of topic_Faculty_119 is 0.478376

pgibbs sample time: 0.000226 seconds
probability of topic_Course_22 is 0.55126

pgibbs sample time: 0.000198 seconds
probability of topic_Course_35 is 0.621655

pgibbs sample time: 5.6e-05 seconds
probability of topic_Staff_62 is 0.389253

pgibbs sample time: 7.2e-05 seconds
probability of topic_Student_15 is 0.470317

pgibbs sample time: 5.7e-05 seconds
probability of topic_ResearchProject_17 is 0.479381

pgibbs sample time: 0.018141 seconds
probability of topic_Person_90 is 0.596002

pgibbs sample time: 0.016267 seconds
probability of topic_Person_301 is 0.66621

pgibbs sample time: 0.015827 seconds
probability of topic_Staff_47 is 0.349315

pgibbs sample time: 0.018173 seconds
probability of topic_Person_186 is 0.536303

pgibbs sample time: 0.016307 seconds
probability of topic_Person_140 is 0.263417

pgibbs sample time: 0.017557 seconds
probability of topic_Staff_46 is 0.372165

pgibbs sample time: 7.2e-05 seconds
probability of topic_Student_60 is 0.56231

pgibbs sample time: 0.009316 seconds
probability of topic_ResearchProject_306 is 0.460401

pgibbs sample time: 0.000674 seconds
probability of topic_Course_234 is 0.406173

pgibbs sample time: 7e-05 seconds
probability of topic_Person_6 is 0.480598

pgibbs sample time: 5.6e-05 seconds
probability of topic_Course_28 is 0.425378

pgibbs sample time: 6.2e-05 seconds
probability of topic_ResearchProject_2 is 0.437523

pgibbs sample time: 0.014042 seconds
probability of topic_Faculty_51 is 0.406969

pgibbs sample time: 0.017884 seconds
probability of topic_Course_90 is 0.208825

pgibbs sample time: 8.9e-05 seconds
probability of topic_Person_14 is 0.504365

pgibbs sample time: 0.016494 seconds
probability of topic_Department_75 is 0.779685

pgibbs sample time: 0.013539 seconds
probability of topic_Faculty_159 is 0.542576

pgibbs sample time: 0.000591 seconds
probability of topic_Faculty_85 is 0.392547

pgibbs sample time: 0.016335 seconds
probability of topic_Department_47 is 0.308011

pgibbs sample time: 0.009373 seconds
probability of topic_ResearchProject_352 is 0.541212

pgibbs sample time: 5.8e-05 seconds
probability of topic_Student_36 is 0.570691

pgibbs sample time: 0.01411 seconds
probability of topic_Faculty_113 is 0.385614

pgibbs sample time: 0.014249 seconds
probability of topic_Faculty_55 is 0.29188

pgibbs sample time: 0.009336 seconds
probability of topic_ResearchProject_159 is 0.493695

pgibbs sample time: 0.009467 seconds
probability of topic_ResearchProject_113 is 0.618993

pgibbs sample time: 0.000581 seconds
probability of topic_ResearchProject_227 is 0.428468

pgibbs sample time: 0.016201 seconds
probability of topic_Person_21 is 0.39956

pgibbs sample time: 7.2e-05 seconds
probability of topic_ResearchProject_60 is 0.470686

pgibbs sample time: 8.6e-05 seconds
probability of topic_Department_31 is 0.499456

pgibbs sample time: 0.000741 seconds
probability of topic_Faculty_237 is 0.478112

pgibbs sample time: 0.016166 seconds
probability of topic_Department_81 is 0.457246

pgibbs sample time: 0.01422 seconds
probability of topic_Faculty_305 is 0.417131

pgibbs sample time: 0.006231 seconds
probability of topic_ResearchProject_80 is 0.30985

pgibbs sample time: 6.9e-05 seconds
probability of topic_Staff_1 is 0.467043

pgibbs sample time: 0.016206 seconds
probability of topic_Department_59 is 0.51838

pgibbs sample time: 0.000573 seconds
probability of topic_Department_157 is 0.398897

pgibbs sample time: 8.4e-05 seconds
probability of topic_Staff_45 is 0.594517

pgibbs sample time: 0.015763 seconds
probability of topic_Staff_39 is 0.682316

pgibbs sample time: 5.9e-05 seconds
probability of topic_ResearchProject_96 is 0.368362

pgibbs sample time: 0.000275 seconds
probability of topic_Department_177 is 0.424398

pgibbs sample time: 0.000113 seconds
probability of topic_Faculty_48 is 0.268607

pgibbs sample time: 0.016151 seconds
probability of topic_Person_61 is 0.111844

pgibbs sample time: 0.000663 seconds
probability of topic_ResearchProject_58 is 0.305813

pgibbs sample time: 0.000665 seconds
probability of topic_ResearchProject_157 is 0.460578

pgibbs sample time: 0.000664 seconds
probability of topic_ResearchProject_234 is 0.308529

pgibbs sample time: 0.014048 seconds
probability of topic_Faculty_102 is 0.46901

pgibbs sample time: 6e-05 seconds
probability of topic_Faculty_76 is 0.485938

pgibbs sample time: 0.000474 seconds
probability of topic_Student_26 is 0.643956

pgibbs sample time: 0.00035 seconds
probability of topic_Student_229 is 0.390537

pgibbs sample time: 0.015638 seconds
probability of topic_Staff_146 is 0.707515

pgibbs sample time: 0.018171 seconds
probability of topic_Person_131 is 0.319374

pgibbs sample time: 8.8e-05 seconds
probability of topic_Student_11 is 0.0360681

pgibbs sample time: 8.2e-05 seconds
probability of topic_Faculty_3 is 0.517271

pgibbs sample time: 5.8e-05 seconds
probability of topic_ResearchProject_95 is 0.452445

pgibbs sample time: 0.016181 seconds
probability of topic_Department_18 is 0.457343

pgibbs sample time: 0.016354 seconds
probability of topic_Department_78 is 0.625936

pgibbs sample time: 0.016321 seconds
probability of topic_Department_168 is 0.744052

pgibbs sample time: 8.2e-05 seconds
probability of topic_Person_82 is 0.439633

pgibbs sample time: 0.000995 seconds
probability of topic_Department_44 is 0.323755

pgibbs sample time: 0.000595 seconds
probability of topic_Staff_128 is 0.585439

pgibbs sample time: 0.016234 seconds
probability of topic_Department_13 is 0.283838

pgibbs sample time: 0.000829 seconds
probability of topic_Department_93 is 0.396345

pgibbs sample time: 0.016255 seconds
probability of topic_Department_140 is 0.636234

pgibbs sample time: 0.016347 seconds
probability of topic_Department_186 is 0.455496

pgibbs sample time: 0.000565 seconds
probability of topic_Faculty_89 is 0.480688

pgibbs sample time: 0.017936 seconds
probability of topic_Person_81 is 0.471299

pgibbs sample time: 0.016305 seconds
probability of topic_Department_52 is 0.452658

pgibbs sample time: 0.016382 seconds
probability of topic_Department_388 is 0.48981

pgibbs sample time: 9.9e-05 seconds
probability of topic_Staff_86 is 0.448411

pgibbs sample time: 0.016161 seconds
probability of topic_Department_50 is 0.60933

pgibbs sample time: 0.010377 seconds
probability of topic_ResearchProject_153 is 0.702717

pgibbs sample time: 0.000224 seconds
probability of topic_Staff_41 is 0.446372

pgibbs sample time: 0.016264 seconds
probability of topic_Department_175 is 0.501607

pgibbs sample time: 0.014204 seconds
probability of topic_Faculty_75 is 0.407109

pgibbs sample time: 0.009369 seconds
probability of topic_ResearchProject_10 is 0.402626

pgibbs sample time: 0.000835 seconds
probability of topic_Department_278 is 0.487312

pgibbs sample time: 5.8e-05 seconds
probability of topic_Faculty_17 is 0.446163

pgibbs sample time: 8.2e-05 seconds
probability of topic_Staff_84 is 0.595649

pgibbs sample time: 0.015638 seconds
probability of topic_Staff_80 is 0.250842

pgibbs sample time: 0.000787 seconds
probability of topic_ResearchProject_278 is 0.45289

pgibbs sample time: 0.014154 seconds
probability of topic_Student_305 is 0.590845

pgibbs sample time: 5.8e-05 seconds
probability of topic_Faculty_70 is 0.423657

pgibbs sample time: 5.8e-05 seconds
probability of topic_Student_66 is 0.48777

pgibbs sample time: 0.000354 seconds
probability of topic_Faculty_243 is 0.431066

pgibbs sample time: 9.9e-05 seconds
probability of topic_Person_86 is 0.525039

pgibbs sample time: 0.015635 seconds
probability of topic_Staff_79 is 0.650552

pgibbs sample time: 0.015766 seconds
probability of topic_Staff_12 is 0.506249

pgibbs sample time: 5.9e-05 seconds
probability of topic_ResearchProject_98 is 0.620402

pgibbs sample time: 0.000721 seconds
probability of topic_Staff_44 is 0.387543

pgibbs sample time: 0.000477 seconds
probability of topic_ResearchProject_49 is 0.0997389

pgibbs sample time: 0.00615 seconds
probability of topic_ResearchProject_78 is 0.316447

pgibbs sample time: 5.5e-05 seconds
probability of topic_Staff_23 is 0.464129

pgibbs sample time: 0.000716 seconds
probability of topic_Staff_308 is 0.60366

pgibbs sample time: 0.016155 seconds
probability of topic_Department_33 is 0.616432

pgibbs sample time: 0.000813 seconds
probability of topic_Staff_237 is 0.452895

pgibbs sample time: 5.7e-05 seconds
probability of topic_Person_66 is 0.486242

pgibbs sample time: 7.1e-05 seconds
probability of topic_ResearchProject_64 is 0.454761

pgibbs sample time: 0.016256 seconds
probability of topic_Department_102 is 0.369688

pgibbs sample time: 0.016399 seconds
probability of topic_Department_352 is 0.610726

pgibbs sample time: 7.1e-05 seconds
probability of topic_Staff_98 is 0.482866

pgibbs sample time: 8.4e-05 seconds
probability of topic_Staff_73 is 0.468641

pgibbs sample time: 0.000743 seconds
probability of topic_Faculty_44 is 0.429875

pgibbs sample time: 0.00084 seconds
probability of topic_Faculty_139 is 0.437654

pgibbs sample time: 0.00083 seconds
probability of topic_Department_176 is 0.635371

pgibbs sample time: 8.5e-05 seconds
probability of topic_ResearchProject_31 is 0.48337

pgibbs sample time: 7e-05 seconds
probability of topic_Department_82 is 0.48087

pgibbs sample time: 0.017421 seconds
probability of topic_Staff_102 is 0.418707

pgibbs sample time: 0.015771 seconds
probability of topic_Staff_352 is 0.832355

pgibbs sample time: 8.2e-05 seconds
probability of topic_Person_3 is 0.47818

pgibbs sample time: 5.7e-05 seconds
probability of topic_Student_23 is 0.527927

pgibbs sample time: 0.005495 seconds
probability of topic_ResearchProject_186 is 0.554835

pgibbs sample time: 8.6e-05 seconds
probability of topic_Course_11 is 0.175781

pgibbs sample time: 5.5e-05 seconds
probability of topic_Staff_70 is 0.497347

pgibbs sample time: 0.014093 seconds
probability of topic_Faculty_68 is 0.422087

pgibbs sample time: 0.000648 seconds
probability of topic_Department_58 is 0.864763

pgibbs sample time: 0.000573 seconds
probability of topic_Department_234 is 0.497396

pgibbs sample time: 6.1e-05 seconds
probability of topic_Faculty_57 is 0.490698

pgibbs sample time: 5.6e-05 seconds
probability of topic_Staff_96 is 0.426056

pgibbs sample time: 0.000982 seconds
probability of topic_Course_308 is 0.728313

pgibbs sample time: 5.8e-05 seconds
probability of topic_Faculty_60 is 0.432194

pgibbs sample time: 0.01568 seconds
probability of topic_Staff_88 is 0.479423

pgibbs sample time: 9.1e-05 seconds
probability of topic_ResearchProject_3 is 0.327549

pgibbs sample time: 0.009407 seconds
probability of topic_ResearchProject_175 is 0.440965

pgibbs sample time: 0.000375 seconds
probability of topic_Person_243 is 0.54884

pgibbs sample time: 0.000209 seconds
probability of topic_Student_63 is 0.511666

pgibbs sample time: 5.7e-05 seconds
probability of topic_Course_5 is 0.415922

pgibbs sample time: 0.009379 seconds
probability of topic_ResearchProject_18 is 0.411661

pgibbs sample time: 0.016204 seconds
probability of topic_Person_37 is 0.448352

pgibbs sample time: 5.7e-05 seconds
probability of topic_Course_23 is 0.497804

pgibbs sample time: 0.016007 seconds
probability of topic_Course_140 is 0.333819

pgibbs sample time: 8.8e-05 seconds
probability of topic_Student_29 is 0.576115

pgibbs sample time: 0.016253 seconds
probability of topic_Person_33 is 0.657829

pgibbs sample time: 5.7e-05 seconds
probability of topic_Staff_97 is 0.462623

pgibbs sample time: 5.8e-05 seconds
probability of topic_Student_77 is 0.580474

pgibbs sample time: 8.6e-05 seconds
probability of topic_ResearchProject_73 is 0.617425

pgibbs sample time: 5.7e-05 seconds
probability of topic_Course_95 is 0.475394

pgibbs sample time: 5.8e-05 seconds
probability of topic_ResearchProject_97 is 0.397012

pgibbs sample time: 0.016885 seconds
probability of topic_Department_159 is 0.341066

pgibbs sample time: 0.000746 seconds
probability of topic_Student_65 is 0.550956

pgibbs sample time: 0.016271 seconds
probability of topic_Person_300 is 0.515164

pgibbs sample time: 0.01632 seconds
probability of topic_Course_81 is 0.40501

pgibbs sample time: 0.006149 seconds
probability of topic_ResearchProject_90 is 0.371242

pgibbs sample time: 0.016237 seconds
probability of topic_Department_79 is 0.216639

pgibbs sample time: 5.7e-05 seconds
probability of topic_Staff_56 is 0.505232

pgibbs sample time: 0.000497 seconds
probability of topic_Department_49 is 0.392481

pgibbs sample time: 0.017434 seconds
probability of topic_Staff_168 is 0.745185

pgibbs sample time: 5.8e-05 seconds
probability of topic_Person_54 is 0.374065

pgibbs sample time: 8.4e-05 seconds
probability of topic_Student_82 is 0.502841

pgibbs sample time: 0.000996 seconds
probability of topic_Department_124 is 0.445939

pgibbs sample time: 0.001159 seconds
probability of topic_Department_139 is 0.400325

pgibbs sample time: 0.001093 seconds
probability of topic_Student_308 is 0.540294

pgibbs sample time: 0.000997 seconds
probability of topic_Department_308 is 0.697479

pgibbs sample time: 0.014844 seconds
probability of topic_Student_50 is 0.61271

pgibbs sample time: 7.5e-05 seconds
probability of topic_Person_91 is 0.505122

pgibbs sample time: 7.8e-05 seconds
probability of topic_ResearchProject_6 is 0.414491

pgibbs sample time: 6.1e-05 seconds
probability of topic_Faculty_66 is 0.401781

pgibbs sample time: 0.000276 seconds
probability of topic_Department_41 is 0.412756

pgibbs sample time: 5.8e-05 seconds
probability of topic_Student_76 is 0.578996

pgibbs sample time: 5.6e-05 seconds
probability of topic_Course_36 is 0.687328

pgibbs sample time: 5.7e-05 seconds
probability of topic_Department_8 is 0.477736

pgibbs sample time: 5.7e-05 seconds
probability of topic_Faculty_87 is 0.504936

pgibbs sample time: 0.000377 seconds
probability of topic_ResearchProject_24 is 0.576236

pgibbs sample time: 5.7e-05 seconds
probability of topic_Faculty_77 is 0.465007

pgibbs sample time: 0.014214 seconds
probability of topic_Faculty_195 is 0.387141

pgibbs sample time: 0.000239 seconds
probability of topic_Department_166 is 0.514983

pgibbs sample time: 5.7e-05 seconds
probability of topic_Student_4 is 0.534022

pgibbs sample time: 0.018026 seconds
probability of topic_Person_68 is 0.508025

pgibbs sample time: 0.016346 seconds
probability of topic_Department_113 is 0.281028

pgibbs sample time: 7.3e-05 seconds
probability of topic_Person_25 is 0.521188

pgibbs sample time: 0.016051 seconds
probability of topic_Department_305 is 0.413581

pgibbs sample time: 0.00056 seconds
probability of topic_Person_85 is 0.684113

pgibbs sample time: 0.000508 seconds
probability of topic_Student_7 is 0.508621

pgibbs sample time: 0.000375 seconds
probability of topic_Person_24 is 0.46388

pgibbs sample time: 8.4e-05 seconds
probability of topic_Student_99 is 0.608991

pgibbs sample time: 5.8e-05 seconds
probability of topic_Department_97 is 0.336359

pgibbs sample time: 8.5e-05 seconds
probability of topic_Person_73 is 0.341147

pgibbs sample time: 5.6e-05 seconds
probability of topic_Staff_54 is 0.497096

pgibbs sample time: 0.000505 seconds
probability of topic_Faculty_94 is 0.407449

pgibbs sample time: 5.7e-05 seconds
probability of topic_Person_97 is 0.406991

pgibbs sample time: 8.3e-05 seconds
probability of topic_Person_99 is 0.557872

pgibbs sample time: 0.016154 seconds
probability of topic_Department_80 is 0.238491

pgibbs sample time: 8.5e-05 seconds
probability of topic_Course_29 is 0.357067

pgibbs sample time: 0.00925 seconds
probability of topic_ResearchProject_81 is 0.416391

pgibbs sample time: 0.000111 seconds
probability of topic_Course_48 is 0.297895

pgibbs sample time: 0.014104 seconds
probability of topic_Faculty_88 is 0.481333

pgibbs sample time: 0.000585 seconds
probability of topic_ResearchProject_85 is 0.282938

pgibbs sample time: 0.000633 seconds
probability of topic_ResearchProject_128 is 0.508056

pgibbs sample time: 8.8e-05 seconds
probability of topic_Staff_11 is 0.155006

pgibbs sample time: 7.3e-05 seconds
probability of topic_Faculty_98 is 0.516744

pgibbs sample time: 0.0001 seconds
probability of topic_ResearchProject_9 is 0.322278

pgibbs sample time: 0.017495 seconds
probability of topic_Staff_103 is 0.502723

pgibbs sample time: 0.000663 seconds
probability of topic_Faculty_157 is 0.49092

pgibbs sample time: 7.3e-05 seconds
probability of topic_Department_25 is 0.613331

pgibbs sample time: 5.6e-05 seconds
probability of topic_ResearchProject_16 is 0.442936

pgibbs sample time: 0.017928 seconds
probability of topic_Person_43 is 0.224813

pgibbs sample time: 0.000844 seconds
probability of topic_ResearchProject_308 is 0.439272

pgibbs sample time: 5.8e-05 seconds
probability of topic_Department_28 is 0.480109

pgibbs sample time: 0.013991 seconds
probability of topic_Student_159 is 0.607975

pgibbs sample time: 0.000337 seconds
probability of topic_Course_94 is 0.42382

pgibbs sample time: 0.001096 seconds
probability of topic_Student_237 is 0.546385

pgibbs sample time: 0.006063 seconds
probability of topic_ResearchProject_79 is 0.266585

pgibbs sample time: 0.000238 seconds
probability of topic_Department_63 is 0.63622

pgibbs sample time: 0.001091 seconds
probability of topic_Student_139 is 0.635625

pgibbs sample time: 0.000988 seconds
probability of topic_Student_124 is 0.589224

pgibbs sample time: 0.016017 seconds
probability of topic_Course_221 is 0.510405

pgibbs sample time: 0.000473 seconds
probability of topic_Course_49 is 0.422554

pgibbs sample time: 5.8e-05 seconds
probability of topic_Student_98 is 0.712049

pgibbs sample time: 8.3e-05 seconds
probability of topic_Person_27 is 0.476875

pgibbs sample time: 5.8e-05 seconds
probability of topic_ResearchProject_62 is 0.470989

pgibbs sample time: 0.000454 seconds
probability of topic_Staff_108 is 0.419488

pgibbs sample time: 5.6e-05 seconds
probability of topic_Course_77 is 0.499328

pgibbs sample time: 0.000932 seconds
probability of topic_Department_71 is 0.427962

pgibbs sample time: 0.009274 seconds
probability of topic_ResearchProject_37 is 0.474034

pgibbs sample time: 0.000101 seconds
probability of topic_ResearchProject_91 is 0.322831

pgibbs sample time: 8.2e-05 seconds
probability of topic_Course_86 is 0.282528

pgibbs sample time: 0.013991 seconds
probability of topic_Student_198 is 0.469911

pgibbs sample time: 5.8e-05 seconds
probability of topic_Person_60 is 0.481716

pgibbs sample time: 0.016254 seconds
probability of topic_Department_153 is 0.713521

pgibbs sample time: 5.8e-05 seconds
probability of topic_Student_2 is 0.425061

pgibbs sample time: 0.00075 seconds
probability of topic_Student_154 is 0.40396

pgibbs sample time: 0.000376 seconds
probability of topic_Person_229 is 0.324544

