observed tuples: r4873 r871 r3461 r421 r4221 r2400 r1328 r2645 r1373 r296 r1785 r3247 r1263 r3915 r3974 r86 r1358 r4858 r4127 r4941 r748 r3377 r429 r3748 r3321 r4743 r1624 r2104 r346 r4897 r2611 r1747 r2185 r126 r1354 r1035 r472 r4341 r520 r2733 r140 r4019 r330 r775 r4689 r2627 r1978 r4714 r8 r2286 r757 r3518 r4967 r1599 r1902 r447 r2348 r1544 r4765 r4590 r3509 r3542 r3100 r1159 r4200 r3739 r1678 r2513 r4781 r615 r285 r3789 r2681 r3383 r1362 r4228 r4024 r2209 r359 r3681 r2323 r4165 r935 r634 r862 r2380 r3035 r3361 r3999 r1985 r1910 r2485 r54 r1211 r2764 r2074 r1879 r4144 r4576 r2329 r2261 r4487 r3561 r2554 r3263 r1717 r1976 r842 r2780 r3440 r3564 r2384 r4543 r1424 r1668 r4146 r4303 r4549 r130 r3055 r85 r2983 r3949 r2110 r2280 r4110 r3468 r2448 r989 r4991 r1997 r2990 r407 r3617 r2842 r807 r1816 r2218 r371 r2452 r1792 r3088 r3506 r761 r2041 r1652 r2413 r397 r1028 r352 r675 r2471 r770 r2047 r157 r16 r859 r1950 r66 r4691 r4261 r1925 r2600 r4028 r2651 r43 r2132 r658 r573 r509 r1401 r4614 r3560 r1367 r2199 r3758 r2428 r4283 r3223 r2676 r3459 r4979 r1428 r933 r1124 r1949 r1568 r2885 r232 r458 r395 r3565 r2626 r3495 r3165 r3449 r2152 r4431 r1406 r3372 r68 r414 r1277 r4316 r1800 r2520 r3570 r588 r1506 r3801 r3955 r1582 r4067 r4012 r2831 r1300 r979 r3230 r1252 r1529 r1052 r3250 r4529 r4301 r1794 r4643 r3087 r2572 r4132 r3595 r3959 r453 r3381 r2425 r399 r3367 r1777 hasword_iter_91 r1613 r2396 r2941 r2794 r4326 r2751 r1065 r2255 r17 r4499 r331 r2359 r1023 r656 r3891 r3522 r2153 r1076 r2069 r3513 r120 r2058 r306 r610 r1340 r3233 r2940 r4480 r2725 r2504 r1833 r3262 r4932 r2715 r343 r2205 r3481 r2782 r4263 r2925 r1434 r3643 r788 r1604 r3710 r907 r1173 r337 r4381 r3080 r2811 r3013 r3981 r4497 r309 r2034 r3288 r2530 r1419 r3094 r1156 r3688 r3662 r4485 r502 r3982 r1761 r2595 r2225 r1301 r2958 r3879 r3395 r3296 r4428 r1674 r3060 r2589 r1101 hasword_server_81 r1360 r4530 r2672 r1603 hasword_html_5 r334 r2089 r3684 r2316 r3931 r4857 r2417 r4738 r665 r4538 r4162 r874 r1057 r1190 r995 r2805 r4625 r3284 r4209 r555 r3933 r982 r1256 r3168 r3121 r4323 r4674 hasword_case_3 r2829 r2731 hasword_date_3 r1241 r4811 r2685 r3287 r804 r911 r3084 r2461 r2301 r708 r1650 r2723 r3411 r4945 r1719 r1722 r2340 r1182 r1578 r4632 r795 r577 r1004 r3348 r4874 r3653 r4034 r4696 r4120 r742 r121 r298 r930 r4133 r4883 r4779 r4677 r316 r71 r709 r3096 r4562 r3045 r1714 r1495 r3600 r1148 r4795 r622 r182 hasword_effici_31 r4942 hasword_tr_31 hasword_sequenc_31 r3575 r84 r4592 r2970 r3659 r813 r1427 r2904 r3601 r4584 r695 r3083 r823 r1097 r4916 r3802 r2567 r1602 r3031 r4319 r4004 r1472 r542 r422 r4735 r691 r1629 r2094 r4410 r4422 hasword_creat_48 r3032 hasword_back_92 r2148 r207 r1790 r1034 links_51_274 r4181 r2416 r3663 r418 r2106 r2027 r44 r319 links_51_305 r4387 hasword_model_177 r1793 r1197 r3167 hasword_electr_175 r4235 r872 r1647 r4993 r294 r2906 r405 links_52_388 r3902 r1933 r2526 hasword_control_166 hasword_text_66 r3944 r2789 r4264 r4955 r1912 hasword_featur_42 hasword_email_59 r2620 r642 r4682 r3115 r784 r4437 r1609 r4383 hasword_web_308 r1660 hasword_jan_51 r1013 r3521 hasword_server_27 links_33_19 r2097 r354 hasword_fridai_113 r1395 r4307 hasword_account_21 r1083 hasword_tuesdai_305 r4372 r1557 hasword_appoint_83 hasword_content_107 links_47_12 r1619 r3103 hasword_type_68 r4051 links_65_154 r4508 r3524 r1080 hasword_texa_23 r4374 r1969 r3872 hasword_nov_98 r1633 hasword_student_75 hasword_dec_11 links_47_146 r1543 r1572 r1701 hasword_phone_2 r1258 r4654 r4158 hasword_cern_146 r1871 r235 r939 r2581 r2575 links_108_94 hasword_art_50 r1746 r2582 hasword_design_39 r3122 hasword_date_53 r673 r4498 r326 r1287 hasword_creat_42 r388 links_18_300 r198 r187 r1274 hasword_consult_154 links_24_229 links_93_71 r852 r3692 r4996 r1118 r3331 r3424 r1831 r3668 r1353 r676 r4238 r3536 r1686 hasword_board_9 r1397 r1323 hasword_machin_90 r1369 r4684 r4849 links_78_90 r2402 r4114 r1555 links_41_177 r4007 hasword_time_90 r516 hasword_formal_44 r1934 links_198_301 links_198_34 links_198_88 links_301_13 links_301_186 hasword_scienc_42 r2884 links_140_168 r987 r3953 hasword_jan_140 links_175_38 hasword_program_140 links_44_124 hasword_school_83 r2621 r3162 hasword_laboratori_64 hasword_complex_13 hasword_tuesdai_14 links_157_58 hasword_consist_13 r1175 hasword_algorithm_3 r3938 r1689 r4816 r1805 r4284 r1140 r3843 r4535 r2183 r4257 r3009 hasword_mobil_64 r1878 r3986 r433 r3698 r4678 links_80_168 r4292 hasword_length_62 links_34_119 hasword_html_90 r3642 r2501 r1898 hasword_gener_22 r4774 hasword_handl_69 r225 r2024 hasword_stuff_25 hasword_tree_30 r1600 r3532 r2364 r1272 r2409 links_65_107 r2228 r3479 r627 r4577 r301 r2003 r1411 r7 r1461 hasword_mathemat_98 links_47_153 r2868 hasword_special_131 r2247 hasword_click_140 r724 r3138 r4980 r3519 r4472 r3805 hasword_faculti_99 r1355 r741 r229 r3338 r4386 r1384 r2200 links_44_237 hasword_model_1 r1733 r0 r488 r3442 hasword_mondai_49 r2647 links_55_153 links_153_215 r1892 hasword_research_198 hasword_archiv_9 r4697 r2800 hasword_file_14 r504 r3485 hasword_specif_26 links_107_65 r4293 r3335 hasword_date_6 r793 r4903 links_195_153 r767 r3397 r2936 hasword_hardwar_43 r3460 links_51_21 hasword_output_43 r3206 r2468 links_108_7 r3936 r685 hasword_scienc_14 r3405 r4919 r4921 r2465 hasword_mail_84 hasword_project_64 r1296 r3732 hasword_apr_48 r3270 r630 r1058 hasword_process_11 hasword_institut_146 r2462 r2556 r1835 hasword_refer_153 r963 r4149 links_301_140 r4066 r2302 links_90_198 r2231 hasword_read_99 r1851 r904 r3741 hasword_list_88 r1195 r3490 r569 r1423 r4815 r2264 r4992 r1457 hasword_board_103 hasword_studi_1 hasword_jan_27 r808 hasword_low_99 r936 r2349 r3716 r4721 hasword_statem_77 r4877 r1299 r566 hasword_initi_186 hasword_gmt_16 r383 hasword_fall_47 r4596 r1100 r3660 r1108 r3736 r3666 r3086 hasword_format_95 r4597 links_13_168 r133 r3183 r4174 hasword_separ_57 hasword_dr_60 links_37_153 hasword_date_20 r2935 r4870 r3555 hasword_server_74 hasword_cern_140 r2221 r2992 links_102_20 r2574 r424 links_34_131 r3836 r2694 r4219 hasword_procedur_12 r2985 hasword_austin_119 r40 links_102_221 hasword_man_34 hasword_colleg_131 r1085 links_51_113 r835 r3997 hasword_task_80 r282 r648 hasword_data_38 hasword_degre_10 r2535 r155 r3310 hasword_evalu_186 r4267 r4030 r4694 hasword_hour_84 r10 r1945 r4092 r1015 r1970 r2897 r2287 r2484 hasword_handout_19 r2179 r1405 hasword_good_153 r3576 r3989 hasword_maintain_189 hasword_ph_79 links_51_159 links_175_153 r3516 r3317 r3072 hasword_workshop_13 r4889 r425 hasword_html_18 r749 r4054 r1278 hasword_semest_47 r2429 r175 r1877 hasword_implement_8 r1502 r3771 r1520 r2103 hasword_modifi_29 r4177 r2411 hasword_jan_58 hasword_content_195 hasword_includ_56 r714 r59 r177 r3342 r4665 hasword_cern_46 r2957 links_55_189 hasword_content_215 r3906 r2879 r3854 hasword_modifi_55 r4484 r4248 r2324 hasword_obtain_177 r4521 r956 r3441 r4409 rl r2864 r3309 r1236 hasword_area_86 hasword_syllabu_54 r4365 r3803 hasword_depart_29 hasword_commun_27 links_59_46 r2133 hasword_represent_4 links_18_102 r3848 r4551 links_154_65 r1036 r1168 links_39_153 hasword_architectur_300 r3517 r1635 r704 r836 r4784 r195 r2304 r259 r1748 r4027 r1824 r1753 r4845 r2431 r3731 r1576 r4176 hasword_interest_41 hasword_home_33 r1122 r1001 r231 r30 hasword_ut_221 r3064 links_50_153 hasword_compil_30 r3478 r42 links_153_103 hasword_servic_154 r2678 hasword_texa_221 r2112 r3286 hasword_servic_9 hasword_research_168 r3391 r816 r3697 links_43_88 r3392 hasword_ed_234 r2609 hasword_oct_96 r1592 r1700 hasword_softwar_32 hasword_www_153 hasword_access_35 hasword_vol_15 r206 r3679 r1657 hasword_oper_159 r3068 r41 r595 r2792 r2432 r4202 r3882 r4886 r1412 r3289 hasword_modifi_159 r1541 hasword_data_55 r3159 r3708 r1000 r2566 r257 r556 hasword_web_89 r2440 r3840 r3526 links_10_153 r540 r3775 hasword_gmt_28 r2029 hasword_mime_60 r2802 r802 hasword_develop_159 r4868 r3624 r4656 hasword_gmt_48 r4841 hasword_reduc_86 r2748 links_51_153 r604 hasword_util_140 r4799 r4475 hasword_version_86 links_33_153 hasword_tuesdai_69 hasword_austin_37 links_46_59 r1532 r4032 links_154_107 r4492 links_59_153 r4022 r1762 r1875 links_63_166 hasword_construct_113 hasword_public_61 r2832 r4803 hasword_plan_73 hasword_code_102 r4613 r3037 hasword_cern_29 r506 r687 r4098 r4723 r2164 r2460 r1202 r4348 r2249 links_215_195 r278 r2403 hasword_univers_176 r1282 hasword_jan_25 hasword_person_84 r3503 r2762 r978 hasword_request_43 links_89_26 r971 hasword_system_227 r1960 hasword_imag_127 links_81_153 hasword_modifi_15 r2863 hasword_high_65 r213 links_30_168 r4451 hasword_jan_10 r4581 r3661 r2927 r1294 hasword_comment_195 hasword_univers_40 r4108 hasword_prototyp_26 r107 hasword_text_43 r411 hasword_game_43 hasword_time_43 hasword_graphic_43 hasword_algorithm_43 r2745 hasword_robert_43 r138 links_43_300 links_43_68 hasword_hall_49 r2657 links_43_40 r1937 r2586 r1882 r3018 r3580 r4962 hasword_softwar_55 r26 r3416 r3158 r4014 r783 r3343 r315 hasword_multimedia_243 hasword_research_24 hasword_august_127 links_24_243 r650 hasword_group_73 r2643 links_75_153 r2638 hasword_develop_13 hasword_graduat_72 r3434 r2550 r1145 hasword_net_70 r3487 hasword_nov_301 r2226 r2136 hasword_due_91 r2569 r2142 r1675 hasword_type_274 hasword_summari_45 r1621 r2510 links_22_35 r1738 r321 r486 r1994 r4469 r247 r3610 r1025 r4175 r4265 r2709 r2622 r1341 r2166 r1074 hasword_www_90 links_195_215 hasword_produc_79 r2245 r2996 hasword_gmt_306 links_175_52 hasword_sundai_61 links_61_306 links_61_39 r413 r1580 hasword_length_88 r3074 r4608 r1218 r4057 r2710 r1778 hasword_utexa_45 r3549 r3626 r2239 r4997 hasword_real_93 r3553 hasword_type_278 r4366 r621 r4233 links_176_278 r1671 r3188 r4126 links_71_93 hasword_text_94 r4842 links_71_176 r1552 r3505 r769 r4324 r4168 r838 r3228 r4285 r119 hasword_home_49 links_49_89 r4156 r2872 hasword_email_176 r4147 r4071 r3025 r3108 hasword_offic_83 hasword_facil_9 hasword_onlin_76 r908 r1446 r1612 r1291 r3794 r1130 hasword_materi_17 r559 r4232 r2107 hasword_server_73 r4217 r4522 r2201 r4687 r4043 r4808 hasword_lab_80 r597 hasword_solution_80 r4974 r2061 r4299 hasword_robert_67 r4204 r3636 r4211 r4031 r3884 r4879 r3420 hasword_case_79 r1679 r351 r4547 r525 r477 hasword_year_87 r1185 hasword_januari_198 r1836 r864 r652 r1855 hasword_type_46 hasword_direct_13 r4801 hasword_access_78 r2177 r3858 hasword_vector_48 r1305 r2823 r2182 hasword_machin_139 r1654 r1467 links_94_108 r4473 r4512 r3747 r2873 hasword_univers_234 r2966 r2014 hasword_tabl_157 hasword_length_58 hasword_student_58 r3768 links_58_234 links_58_157 hasword_graph_38 r2869 r1946 r1110 r3429 r1439 r1421 hasword_home_78 r3904 r3892 r2739 r1867 hasword_offic_124 hasword_block_124 hasword_cern_237 hasword_call_44 hasword_jan_50 links_44_308 r3312 links_44_139 r878 r2128 r2055 hasword_link_97 r758 r631 r2050 r2277 r253 r1066 r2015 r737 hasword_mondai_229 r1374 r861 r3665 r1259 hasword_report_79 r4537 r4388 r4885 r174 r55 r4782 r2910 r1201 hasword_work_45 hasword_mime_71 r4575 r485 hasword_semant_388 r3745 r4367 r4159 r2528 r856 r226 r2389 hasword_length_11 r4406 hasword_proceed_38 r4822 links_20_102 hasword_test_52 r774 r2714 r2281 r1734 r3472 hasword_task_82 hasword_man_82 r302 links_176_71 r4566 r4862 r1685 r3142 r3462 r2543 r3054 r2896 r2072 hasword_prototyp_308 r921 r1843 links_79_168 hasword_program_107 hasword_email_38 r3273 r4033 r3596 r3090 r2601 r3195 r4984 r1830 r1086 r248 hasword_model_69 r3116 r2367 r2544 hasword_line_79 hasword_server_69 r4940 links_69_168 r1206 r4911 r3639 links_227_85 hasword_learn_128 links_128_227 r1885 hasword_knowledg_189 hasword_mime_85 links_33_127 hasword_manag_43 hasword_home_85 r4702 r1699 links_85_227 r1732 r2903 r2852 r3514 links_85_128 hasword_correct_79 r3777 r277 r37 r4796 r3374 r3450 r1530 r4434 hasword_length_6 hasword_time_80 r4394 r265 r353 hasword_content_86 r1610 r1841 r4681 r2571 r3497 r4397 r3455 r3635 r2701 hasword_class_91 r109 hasword_system_36 r3924 r91 hasword_kei_82 r2083 r3452 r4594 r3185 r1920 r4975 r200 r4760 r385 r2637 links_388_175 r4956 r2455 r531 r4334 r1238 r1963 r4848 r3641 hasword_jan_63 r3179 r1577 r1724 r1588 r4915 hasword_faculti_72 r3146 r3798 hasword_modifi_93 r4908 r13 hasword_differ_140 r2675 hasword_server_108 r3547 r3190 r2642 r2913 r2812 r2312 r2270 hasword_date_7 r1968 r3996 r287 r3136 r1755 
size of observed tuples: 1482
size of unobserved tuples: 951

pgibbs sample time: 0.00011 seconds
probability of topic_Faculty_73 is 0.295332

pgibbs sample time: 5.8e-05 seconds
probability of topic_Faculty_91 is 0.461091

pgibbs sample time: 0.000269 seconds
probability of topic_Student_41 is 0.767051

pgibbs sample time: 7.6e-05 seconds
probability of topic_Faculty_23 is 0.478687

pgibbs sample time: 5.8e-05 seconds
probability of topic_Department_74 is 0.477077

pgibbs sample time: 5.8e-05 seconds
probability of topic_Student_16 is 0.493937

pgibbs sample time: 8.8e-05 seconds
probability of topic_Faculty_84 is 0.51536

pgibbs sample time: 0.000798 seconds
probability of topic_Course_154 is 0.391719

pgibbs sample time: 0.000794 seconds
probability of topic_Course_107 is 0.514466

pgibbs sample time: 0.00487 seconds
probability of topic_ResearchProject_43 is 0.189669

pgibbs sample time: 5.9e-05 seconds
probability of topic_Staff_17 is 0.455511

pgibbs sample time: 0.000508 seconds
probability of topic_Student_94 is 0.489221

pgibbs sample time: 8.5e-05 seconds
probability of topic_Faculty_42 is 0.659595

pgibbs sample time: 8.1e-05 seconds
probability of topic_Course_82 is 0.471645

pgibbs sample time: 5.7e-05 seconds
probability of topic_Department_72 is 0.794603

pgibbs sample time: 5.6e-05 seconds
probability of topic_Course_66 is 0.419663

pgibbs sample time: 0.004276 seconds
probability of topic_Student_221 is 0.580039

pgibbs sample time: 0.004614 seconds
probability of topic_Student_18 is 0.462091

pgibbs sample time: 0.000291 seconds
probability of topic_Person_177 is 0.386322

pgibbs sample time: 0.000291 seconds
probability of topic_Person_41 is 0.789073

pgibbs sample time: 0.000634 seconds
probability of topic_Staff_58 is 0.310019

pgibbs sample time: 0.006666 seconds
probability of topic_Person_388 is 0.53458

pgibbs sample time: 0.008413 seconds
probability of topic_Person_52 is 0.536195

pgibbs sample time: 5.9e-05 seconds
probability of topic_Faculty_67 is 0.47323

pgibbs sample time: 0.007427 seconds
probability of topic_ResearchProject_146 is 0.560545

pgibbs sample time: 0.007515 seconds
probability of topic_ResearchProject_47 is 0.37735

pgibbs sample time: 0.000101 seconds
probability of topic_ResearchProject_86 is 0.430894

pgibbs sample time: 0.000369 seconds
probability of topic_Staff_229 is 0.358585

pgibbs sample time: 0.000369 seconds
probability of topic_Staff_24 is 0.614561

pgibbs sample time: 5.9e-05 seconds
probability of topic_Student_57 is 0.487116

pgibbs sample time: 0.008472 seconds
probability of topic_Course_10 is 0.430598

pgibbs sample time: 0.00587 seconds
probability of topic_Person_78 is 0.67014

pgibbs sample time: 0.000505 seconds
probability of topic_Department_108 is 0.464468

pgibbs sample time: 0.000504 seconds
probability of topic_Department_94 is 0.479086

pgibbs sample time: 5.7e-05 seconds
probability of topic_Person_8 is 0.54974

pgibbs sample time: 5.8e-05 seconds
probability of topic_Department_96 is 0.395175

pgibbs sample time: 9.9e-05 seconds
probability of topic_Student_84 is 0.419853

pgibbs sample time: 8.7e-05 seconds
probability of topic_Faculty_79 is 0.587213

pgibbs sample time: 6.9e-05 seconds
probability of topic_Course_60 is 0.396648

pgibbs sample time: 0.000561 seconds
probability of topic_Person_128 is 0.492983

pgibbs sample time: 0.00056 seconds
probability of topic_Person_227 is 0.567249

pgibbs sample time: 5.8e-05 seconds
probability of topic_ResearchProject_92 is 0.484864

pgibbs sample time: 5.7e-05 seconds
probability of topic_Person_74 is 0.486143

pgibbs sample time: 0.007331 seconds
probability of topic_Faculty_146 is 0.523983

pgibbs sample time: 0.006713 seconds
probability of topic_Faculty_47 is 0.617944

pgibbs sample time: 7.1e-05 seconds
probability of topic_Student_6 is 0.495759

pgibbs sample time: 0.000519 seconds
probability of topic_Department_128 is 0.501409

pgibbs sample time: 0.000589 seconds
probability of topic_Department_227 is 0.380536

pgibbs sample time: 0.000588 seconds
probability of topic_Department_85 is 0.569009

pgibbs sample time: 0.000227 seconds
probability of topic_Person_35 is 0.50009

pgibbs sample time: 0.0006 seconds
probability of topic_Staff_234 is 0.585686

pgibbs sample time: 0.000207 seconds
probability of topic_Department_22 is 0.728317

pgibbs sample time: 0.000474 seconds
probability of topic_ResearchProject_89 is 0.431528

pgibbs sample time: 0.004405 seconds
probability of topic_Student_300 is 0.489798

pgibbs sample time: 0.004395 seconds
probability of topic_Student_43 is 0.373322

pgibbs sample time: 0.000498 seconds
probability of topic_Person_108 is 0.472531

pgibbs sample time: 0.000844 seconds
probability of topic_ResearchProject_124 is 0.460448

pgibbs sample time: 0.000743 seconds
probability of topic_ResearchProject_139 is 0.429296

pgibbs sample time: 0.000851 seconds
probability of topic_ResearchProject_44 is 0.447169

pgibbs sample time: 5.8e-05 seconds
probability of topic_Student_95 is 0.372561

pgibbs sample time: 0.005952 seconds
probability of topic_Department_69 is 0.243462

pgibbs sample time: 0.005684 seconds
probability of topic_Staff_18 is 0.395487

pgibbs sample time: 8.6e-05 seconds
probability of topic_ResearchProject_84 is 0.35286

pgibbs sample time: 0.007569 seconds
probability of topic_Course_37 is 0.483489

pgibbs sample time: 7e-05 seconds
probability of topic_Faculty_6 is 0.354552

pgibbs sample time: 5.9e-05 seconds
probability of topic_Department_32 is 0.376874

pgibbs sample time: 0.004423 seconds
probability of topic_Faculty_43 is 0.309131

pgibbs sample time: 0.000543 seconds
probability of topic_Student_128 is 0.503651

pgibbs sample time: 0.00062 seconds
probability of topic_Student_227 is 0.572871

pgibbs sample time: 0.000621 seconds
probability of topic_Student_85 is 0.708327

pgibbs sample time: 5.7e-05 seconds
probability of topic_Student_53 is 0.493937

pgibbs sample time: 5.8e-05 seconds
probability of topic_Student_22 is 0.43523

pgibbs sample time: 5.6e-05 seconds
probability of topic_Student_5 is 0.486212

pgibbs sample time: 8.3e-05 seconds
probability of topic_Person_48 is 0.499883

pgibbs sample time: 0.007325 seconds
probability of topic_Department_37 is 0.428793

pgibbs sample time: 5.8e-05 seconds
probability of topic_Faculty_28 is 0.419826

pgibbs sample time: 0.00063 seconds
probability of topic_Course_157 is 0.560103

pgibbs sample time: 0.00072 seconds
probability of topic_Department_154 is 0.515924

pgibbs sample time: 0.000807 seconds
probability of topic_Department_65 is 0.405432

pgibbs sample time: 5.7e-05 seconds
probability of topic_Course_87 is 0.465118

pgibbs sample time: 0.000825 seconds
probability of topic_Faculty_278 is 0.413416

pgibbs sample time: 0.000918 seconds
probability of topic_Faculty_93 is 0.480453

pgibbs sample time: 0.007355 seconds
probability of topic_Faculty_127 is 0.532955

pgibbs sample time: 0.000474 seconds
probability of topic_Student_89 is 0.3929

pgibbs sample time: 8.5e-05 seconds
probability of topic_Course_31 is 0.426331

pgibbs sample time: 0.00663 seconds
probability of topic_Faculty_46 is 0.364886

pgibbs sample time: 0.007541 seconds
probability of topic_Faculty_37 is 0.448951

pgibbs sample time: 5.8e-05 seconds
probability of topic_Faculty_4 is 0.531785

pgibbs sample time: 7e-05 seconds
probability of topic_Person_72 is 0.349613

pgibbs sample time: 9.8e-05 seconds
probability of topic_Faculty_14 is 0.483857

pgibbs sample time: 8.3e-05 seconds
probability of topic_Student_3 is 0.377362

pgibbs sample time: 0.000459 seconds
probability of topic_Person_49 is 0.54857

pgibbs sample time: 0.004304 seconds
probability of topic_Student_68 is 0.505072

pgibbs sample time: 0.000354 seconds
probability of topic_Faculty_24 is 0.478177

pgibbs sample time: 0.000938 seconds
probability of topic_Student_71 is 0.529483

pgibbs sample time: 0.007619 seconds
probability of topic_Person_127 is 0.776494

pgibbs sample time: 8.6e-05 seconds
probability of topic_Department_84 is 0.500079

pgibbs sample time: 8.7e-05 seconds
probability of topic_Faculty_83 is 0.454567

pgibbs sample time: 7.2e-05 seconds
probability of topic_Faculty_25 is 0.576602

pgibbs sample time: 5.8e-05 seconds
probability of topic_ResearchProject_5 is 0.423904

pgibbs sample time: 0.005709 seconds
probability of topic_Person_18 is 0.474883

pgibbs sample time: 0.000741 seconds
probability of topic_Faculty_154 is 0.435541

pgibbs sample time: 0.000807 seconds
probability of topic_Department_107 is 0.566444

pgibbs sample time: 5.7e-05 seconds
probability of topic_Faculty_16 is 0.419826

pgibbs sample time: 0.000595 seconds
probability of topic_Faculty_227 is 0.522672

pgibbs sample time: 7.1e-05 seconds
probability of topic_Staff_6 is 0.340789

pgibbs sample time: 8.3e-05 seconds
probability of topic_ResearchProject_99 is 0.44662

pgibbs sample time: 8.1e-05 seconds
probability of topic_Course_84 is 0.782467

pgibbs sample time: 0.008453 seconds
probability of topic_Person_306 is 0.522958

pgibbs sample time: 5.9e-05 seconds
probability of topic_Department_4 is 0.48277

pgibbs sample time: 0.000232 seconds
probability of topic_ResearchProject_63 is 0.449058

pgibbs sample time: 0.005708 seconds
probability of topic_Person_34 is 0.418878

pgibbs sample time: 5.9e-05 seconds
probability of topic_Student_28 is 0.493937

pgibbs sample time: 0.000498 seconds
probability of topic_Person_7 is 0.512902

pgibbs sample time: 0.000273 seconds
probability of topic_ResearchProject_41 is 0.366217

pgibbs sample time: 9.9e-05 seconds
probability of topic_ResearchProject_48 is 0.295438

pgibbs sample time: 0.000101 seconds
probability of topic_Faculty_69 is 0.33532

pgibbs sample time: 0.000239 seconds
probability of topic_Faculty_63 is 0.475419

pgibbs sample time: 5.8e-05 seconds
probability of topic_Staff_32 is 0.59457

pgibbs sample time: 0.000236 seconds
probability of topic_Course_177 is 0.535956

pgibbs sample time: 0.007674 seconds
probability of topic_Course_50 is 0.390136

pgibbs sample time: 0.001054 seconds
probability of topic_Student_44 is 0.435145

pgibbs sample time: 0.000293 seconds
probability of topic_Course_41 is 0.390502

pgibbs sample time: 0.000797 seconds
probability of topic_Person_278 is 0.497336

pgibbs sample time: 0.000925 seconds
probability of topic_Person_237 is 0.544354

pgibbs sample time: 0.007678 seconds
probability of topic_Course_274 is 0.436029

pgibbs sample time: 0.000472 seconds
probability of topic_ResearchProject_26 is 0.559581

pgibbs sample time: 5.8e-05 seconds
probability of topic_Staff_87 is 0.467612

pgibbs sample time: 0.004443 seconds
probability of topic_Faculty_300 is 0.493987

pgibbs sample time: 0.00742 seconds
probability of topic_Department_51 is 0.578332

pgibbs sample time: 0.00083 seconds
probability of topic_Student_278 is 0.50136

pgibbs sample time: 0.00574 seconds
probability of topic_Course_34 is 0.478339

pgibbs sample time: 0.001046 seconds
probability of topic_Person_44 is 0.488229

pgibbs sample time: 0.004927 seconds
probability of topic_ResearchProject_140 is 0.350798

pgibbs sample time: 8.4e-05 seconds
probability of topic_Course_14 is 0.518249

pgibbs sample time: 5.7e-05 seconds
probability of topic_Person_36 is 0.56344

pgibbs sample time: 0.007426 seconds
probability of topic_Student_39 is 0.315192

pgibbs sample time: 0.007522 seconds
probability of topic_Student_51 is 0.433685

pgibbs sample time: 0.000832 seconds
probability of topic_Student_176 is 0.506289

pgibbs sample time: 0.007249 seconds
probability of topic_Department_274 is 0.488903

pgibbs sample time: 0.00011 seconds
probability of topic_Student_86 is 0.436461

pgibbs sample time: 5.7e-05 seconds
probability of topic_ResearchProject_28 is 0.442936

pgibbs sample time: 5.8e-05 seconds
probability of topic_Department_77 is 0.474402

pgibbs sample time: 0.000204 seconds
probability of topic_Person_166 is 0.50175

pgibbs sample time: 0.000233 seconds
probability of topic_Person_63 is 0.491965

pgibbs sample time: 5.8e-05 seconds
probability of topic_Student_87 is 0.629144

pgibbs sample time: 0.007689 seconds
probability of topic_Course_38 is 0.34477

pgibbs sample time: 0.007468 seconds
probability of topic_Faculty_33 is 0.422761

pgibbs sample time: 0.00055 seconds
probability of topic_Student_234 is 0.588586

pgibbs sample time: 0.005747 seconds
probability of topic_Course_20 is 0.495858

pgibbs sample time: 0.000375 seconds
probability of topic_Department_229 is 0.421607

pgibbs sample time: 0.000349 seconds
probability of topic_Student_24 is 0.47333

pgibbs sample time: 0.000498 seconds
probability of topic_Department_89 is 0.68302

pgibbs sample time: 0.0001 seconds
probability of topic_Department_48 is 0.337428

pgibbs sample time: 0.00759 seconds
probability of topic_Course_215 is 0.432241

pgibbs sample time: 0.007471 seconds
probability of topic_Faculty_153 is 0.743012

pgibbs sample time: 0.006204 seconds
probability of topic_Department_20 is 0.485412

pgibbs sample time: 5.9e-05 seconds
probability of topic_Student_62 is 0.501822

pgibbs sample time: 5.6e-05 seconds
probability of topic_Person_2 is 0.620991

pgibbs sample time: 0.007432 seconds
probability of topic_Student_195 is 0.472622

pgibbs sample time: 0.000889 seconds
probability of topic_Staff_176 is 0.52825

pgibbs sample time: 0.000799 seconds
probability of topic_Staff_93 is 0.413167

pgibbs sample time: 9.2e-05 seconds
probability of topic_Department_29 is 0.485526

pgibbs sample time: 0.007315 seconds
probability of topic_Staff_50 is 0.528132

pgibbs sample time: 0.004479 seconds
probability of topic_Student_88 is 0.36789

pgibbs sample time: 0.001053 seconds
probability of topic_Person_139 is 0.608133

pgibbs sample time: 0.000374 seconds
probability of topic_Department_243 is 0.481471

pgibbs sample time: 7.2e-05 seconds
probability of topic_Person_64 is 0.523015

pgibbs sample time: 0.005995 seconds
probability of topic_Department_68 is 0.502207

pgibbs sample time: 0.007602 seconds
probability of topic_Faculty_38 is 0.539477

pgibbs sample time: 0.00763 seconds
probability of topic_Student_127 is 0.764578

pgibbs sample time: 0.000824 seconds
probability of topic_Faculty_176 is 0.628589

pgibbs sample time: 6.9e-05 seconds
probability of topic_Student_1 is 0.474552

pgibbs sample time: 0.007378 seconds
probability of topic_Faculty_50 is 0.487428

pgibbs sample time: 8.6e-05 seconds
probability of topic_Person_83 is 0.502973

pgibbs sample time: 0.007245 seconds
probability of topic_Staff_55 is 0.412209

pgibbs sample time: 0.006717 seconds
probability of topic_Student_175 is 0.425097

pgibbs sample time: 0.007632 seconds
probability of topic_Student_52 is 0.502616

pgibbs sample time: 6e-05 seconds
probability of topic_Department_17 is 0.572671

pgibbs sample time: 0.007536 seconds
probability of topic_Student_33 is 0.669648

pgibbs sample time: 5.9e-05 seconds
probability of topic_Course_6 is 0.435971

pgibbs sample time: 0.006769 seconds
probability of topic_Course_159 is 0.481248

pgibbs sample time: 0.007684 seconds
probability of topic_Faculty_81 is 0.381611

pgibbs sample time: 0.006198 seconds
probability of topic_Department_301 is 0.604796

pgibbs sample time: 0.000125 seconds
probability of topic_Student_79 is 0.516102

pgibbs sample time: 0.000744 seconds
probability of topic_Person_154 is 0.354926

pgibbs sample time: 0.000683 seconds
probability of topic_Faculty_128 is 0.40223

pgibbs sample time: 5.7e-05 seconds
probability of topic_Staff_2 is 0.729589

pgibbs sample time: 0.000615 seconds
probability of topic_Course_227 is 0.701209

pgibbs sample time: 0.000349 seconds
probability of topic_Student_243 is 0.565702

pgibbs sample time: 7.5e-05 seconds
probability of topic_Person_53 is 0.498179

pgibbs sample time: 0.006003 seconds
probability of topic_Department_300 is 0.490548

pgibbs sample time: 5.9e-05 seconds
probability of topic_Department_87 is 0.366359

pgibbs sample time: 0.000823 seconds
probability of topic_Faculty_71 is 0.426228

pgibbs sample time: 0.000937 seconds
probability of topic_Course_44 is 0.269141

pgibbs sample time: 0.007363 seconds
probability of topic_Department_61 is 0.294008

pgibbs sample time: 0.000339 seconds
probability of topic_Course_108 is 0.423673

pgibbs sample time: 6e-05 seconds
probability of topic_Person_70 is 0.366619

pgibbs sample time: 0.000232 seconds
probability of topic_ResearchProject_166 is 0.492467

pgibbs sample time: 0.000623 seconds
probability of topic_Student_58 is 0.763775

pgibbs sample time: 5.9e-05 seconds
probability of topic_Student_96 is 0.535841

pgibbs sample time: 5.7e-05 seconds
probability of topic_Faculty_96 is 0.573274

pgibbs sample time: 0.007459 seconds
probability of topic_Student_38 is 0.322402

pgibbs sample time: 0.00736 seconds
probability of topic_Staff_159 is 0.336939

pgibbs sample time: 5.7e-05 seconds
probability of topic_Person_17 is 0.251716

pgibbs sample time: 0.00725 seconds
probability of topic_Staff_305 is 0.436757

pgibbs sample time: 0.007583 seconds
probability of topic_Faculty_21 is 0.498267

pgibbs sample time: 0.007728 seconds
probability of topic_ResearchProject_21 is 0.546932

pgibbs sample time: 0.007485 seconds
probability of topic_Staff_113 is 0.429012

pgibbs sample time: 5.9e-05 seconds
probability of topic_Course_17 is 0.75994

pgibbs sample time: 8.8e-05 seconds
probability of topic_Faculty_31 is 0.527443

pgibbs sample time: 0.005721 seconds
probability of topic_Person_80 is 0.320061

pgibbs sample time: 5.8e-05 seconds
probability of topic_Faculty_95 is 0.586438

pgibbs sample time: 0.005728 seconds
probability of topic_Person_20 is 0.504586

pgibbs sample time: 0.005856 seconds
probability of topic_Staff_131 is 0.444094

pgibbs sample time: 0.008368 seconds
probability of topic_Course_55 is 0.261632

pgibbs sample time: 8.9e-05 seconds
probability of topic_Student_64 is 0.404392

pgibbs sample time: 0.00434 seconds
probability of topic_Student_40 is 0.620475

pgibbs sample time: 5.9e-05 seconds
probability of topic_Course_62 is 0.435971

pgibbs sample time: 7.2e-05 seconds
probability of topic_Department_60 is 0.38179

pgibbs sample time: 5.5e-05 seconds
probability of topic_Course_97 is 0.593732

pgibbs sample time: 5.6e-05 seconds
probability of topic_Course_54 is 0.598444

pgibbs sample time: 8.7e-05 seconds
probability of topic_ResearchProject_29 is 0.367971

pgibbs sample time: 6e-05 seconds
probability of topic_Course_76 is 0.467894

pgibbs sample time: 6.9e-05 seconds
probability of topic_Course_15 is 0.446832

pgibbs sample time: 8.5e-05 seconds
probability of topic_ResearchProject_42 is 0.562288

pgibbs sample time: 0.005752 seconds
probability of topic_Course_30 is 0.500291

pgibbs sample time: 0.000709 seconds
probability of topic_Staff_154 is 0.441232

pgibbs sample time: 0.007493 seconds
probability of topic_ResearchProject_127 is 0.327278

pgibbs sample time: 0.000624 seconds
probability of topic_Student_157 is 0.334773

pgibbs sample time: 8.7e-05 seconds
probability of topic_Department_64 is 0.366552

pgibbs sample time: 7.2e-05 seconds
probability of topic_Staff_15 is 0.435361

pgibbs sample time: 0.007701 seconds
probability of topic_Person_55 is 0.295575

pgibbs sample time: 7e-05 seconds
probability of topic_Course_3 is 0.457805

pgibbs sample time: 0.000102 seconds
probability of topic_Faculty_80 is 0.427511

pgibbs sample time: 0.00494 seconds
probability of topic_ResearchProject_13 is 0.593434

pgibbs sample time: 0.007504 seconds
probability of topic_Department_306 is 0.499808

pgibbs sample time: 5.8e-05 seconds
probability of topic_Staff_4 is 0.46839

pgibbs sample time: 5.5e-05 seconds
probability of topic_Course_16 is 0.425378

pgibbs sample time: 0.005803 seconds
probability of topic_Course_80 is 0.410561

pgibbs sample time: 7.3e-05 seconds
probability of topic_Department_15 is 0.389289

pgibbs sample time: 0.008522 seconds
probability of topic_Person_12 is 0.452916

pgibbs sample time: 0.00598 seconds
probability of topic_Course_300 is 0.49111

pgibbs sample time: 0.000792 seconds
probability of topic_Staff_107 is 0.361258

pgibbs sample time: 5.9e-05 seconds
probability of topic_Faculty_54 is 0.486159

pgibbs sample time: 0.00024 seconds
probability of topic_Student_166 is 0.463316

pgibbs sample time: 0.000354 seconds
probability of topic_Faculty_229 is 0.351144

pgibbs sample time: 0.008569 seconds
probability of topic_Person_175 is 0.445379

pgibbs sample time: 5.9e-05 seconds
probability of topic_Student_97 is 0.439022

pgibbs sample time: 0.000371 seconds
probability of topic_Staff_243 is 0.510552

pgibbs sample time: 0.00764 seconds
probability of topic_ResearchProject_39 is 0.569036

pgibbs sample time: 0.001098 seconds
probability of topic_Course_237 is 0.447298

pgibbs sample time: 0.007394 seconds
probability of topic_Faculty_52 is 0.498944

pgibbs sample time: 0.005722 seconds
probability of topic_Staff_78 is 0.452141

pgibbs sample time: 0.00046 seconds
probability of topic_Person_89 is 0.425192

pgibbs sample time: 0.000941 seconds
probability of topic_Course_124 is 0.615139

pgibbs sample time: 5.7e-05 seconds
probability of topic_Staff_77 is 0.474394

pgibbs sample time: 5.9e-05 seconds
probability of topic_Student_67 is 0.432953

pgibbs sample time: 5.6e-05 seconds
probability of topic_Staff_42 is 0.500444

pgibbs sample time: 0.001047 seconds
probability of topic_Course_139 is 0.497016

pgibbs sample time: 0.00051 seconds
probability of topic_ResearchProject_7 is 0.458799

pgibbs sample time: 0.007579 seconds
probability of topic_Student_75 is 0.738155

pgibbs sample time: 0.00046 seconds
probability of topic_Person_26 is 0.600769

pgibbs sample time: 8.4e-05 seconds
probability of topic_ResearchProject_82 is 0.56357

pgibbs sample time: 0.004334 seconds
probability of topic_Student_131 is 0.400109

pgibbs sample time: 0.005988 seconds
probability of topic_Course_40 is 0.570285

pgibbs sample time: 0.000502 seconds
probability of topic_Person_94 is 0.487774

pgibbs sample time: 0.000101 seconds
probability of topic_Student_80 is 0.531372

pgibbs sample time: 0.007472 seconds
probability of topic_Faculty_39 is 0.397896

pgibbs sample time: 0.005182 seconds
probability of topic_ResearchProject_131 is 0.450488

pgibbs sample time: 0.005101 seconds
probability of topic_ResearchProject_34 is 0.534894

pgibbs sample time: 5.9e-05 seconds
probability of topic_Department_16 is 0.480109

pgibbs sample time: 0.007614 seconds
probability of topic_ResearchProject_195 is 0.455858

pgibbs sample time: 0.005062 seconds
probability of topic_ResearchProject_30 is 0.509091

pgibbs sample time: 5.9e-05 seconds
probability of topic_ResearchProject_53 is 0.442936

pgibbs sample time: 0.000101 seconds
probability of topic_Department_86 is 0.38745

pgibbs sample time: 0.005757 seconds
probability of topic_Course_79 is 0.290356

pgibbs sample time: 5.7e-05 seconds
probability of topic_Person_92 is 0.476547

pgibbs sample time: 0.000847 seconds
probability of topic_ResearchProject_65 is 0.544545

pgibbs sample time: 0.007646 seconds
probability of topic_ResearchProject_305 is 0.42451

pgibbs sample time: 8.6e-05 seconds
probability of topic_Faculty_11 is 0.272803

pgibbs sample time: 0.000456 seconds
probability of topic_Staff_49 is 0.295427

pgibbs sample time: 5.8e-05 seconds
probability of topic_Staff_36 is 0.517015

pgibbs sample time: 0.00757 seconds
probability of topic_Person_189 is 0.535665

pgibbs sample time: 5.8e-05 seconds
probability of topic_Person_57 is 0.476931

pgibbs sample time: 7.3e-05 seconds
probability of topic_ResearchProject_25 is 0.428627

pgibbs sample time: 8.6e-05 seconds
probability of topic_Faculty_27 is 0.380534

pgibbs sample time: 0.00589 seconds
probability of topic_Person_13 is 0.471314

pgibbs sample time: 0.008275 seconds
probability of topic_Staff_175 is 0.450114

pgibbs sample time: 0.008686 seconds
probability of topic_Course_61 is 0.34702

pgibbs sample time: 0.00085 seconds
probability of topic_ResearchProject_107 is 0.366429

pgibbs sample time: 8.2e-05 seconds
probability of topic_Staff_82 is 0.50126

pgibbs sample time: 0.005616 seconds
probability of topic_Staff_140 is 0.326658

pgibbs sample time: 6e-05 seconds
probability of topic_Student_74 is 0.487579

pgibbs sample time: 0.001002 seconds
probability of topic_Person_308 is 0.523781

pgibbs sample time: 6e-05 seconds
probability of topic_Department_56 is 0.601492

pgibbs sample time: 0.005636 seconds
probability of topic_Staff_13 is 0.41327

pgibbs sample time: 6e-05 seconds
probability of topic_Department_36 is 0.371091

pgibbs sample time: 5.7e-05 seconds
probability of topic_Person_76 is 0.653984

pgibbs sample time: 0.000512 seconds
probability of topic_ResearchProject_94 is 0.441835

pgibbs sample time: 0.000375 seconds
probability of topic_Course_24 is 0.395038

pgibbs sample time: 0.007454 seconds
probability of topic_Student_146 is 0.37424

pgibbs sample time: 0.007711 seconds
probability of topic_Person_46 is 0.517868

pgibbs sample time: 5.9e-05 seconds
probability of topic_Staff_74 is 0.432401

pgibbs sample time: 5.8e-05 seconds
probability of topic_Faculty_5 is 0.387388

pgibbs sample time: 8.6e-05 seconds
probability of topic_ResearchProject_14 is 0.485442

pgibbs sample time: 0.007636 seconds
probability of topic_ResearchProject_274 is 0.452857

pgibbs sample time: 0.000384 seconds
probability of topic_ResearchProject_243 is 0.664336

pgibbs sample time: 0.005748 seconds
probability of topic_Staff_90 is 0.38425

pgibbs sample time: 0.007842 seconds
probability of topic_Course_127 is 0.436482

pgibbs sample time: 8.6e-05 seconds
probability of topic_Department_11 is 0.315586

pgibbs sample time: 0.005898 seconds
probability of topic_Course_88 is 0.342438

pgibbs sample time: 5.7e-05 seconds
probability of topic_Staff_8 is 0.555017

pgibbs sample time: 7.4e-05 seconds
probability of topic_Student_42 is 0.547219

pgibbs sample time: 0.000548 seconds
probability of topic_Faculty_234 is 0.588135

pgibbs sample time: 5.8e-05 seconds
probability of topic_Faculty_8 is 0.467878

pgibbs sample time: 0.00562 seconds
probability of topic_Staff_300 is 0.573103

pgibbs sample time: 0.007506 seconds
probability of topic_Faculty_19 is 0.494567

pgibbs sample time: 0.007837 seconds
probability of topic_Course_195 is 0.502655

pgibbs sample time: 0.000744 seconds
probability of topic_Faculty_124 is 0.432348

pgibbs sample time: 0.004948 seconds
probability of topic_ResearchProject_198 is 0.647528

pgibbs sample time: 8.8e-05 seconds
probability of topic_Faculty_45 is 0.502788

pgibbs sample time: 0.000849 seconds
probability of topic_Staff_65 is 0.453959

pgibbs sample time: 0.000226 seconds
probability of topic_Person_22 is 0.392847

pgibbs sample time: 5.8e-05 seconds
probability of topic_ResearchProject_66 is 0.437775

pgibbs sample time: 0.005759 seconds
probability of topic_Staff_119 is 0.486592

pgibbs sample time: 0.0001 seconds
probability of topic_Faculty_86 is 0.38095

pgibbs sample time: 0.005979 seconds
probability of topic_Staff_69 is 0.440132

pgibbs sample time: 0.008006 seconds
probability of topic_ResearchProject_75 is 0.352783

pgibbs sample time: 0.007468 seconds
probability of topic_Staff_52 is 0.512994

pgibbs sample time: 0.000878 seconds
probability of topic_Department_237 is 0.406934

pgibbs sample time: 0.00771 seconds
probability of topic_Course_146 is 0.404569

pgibbs sample time: 8.5e-05 seconds
probability of topic_Course_45 is 0.45315

pgibbs sample time: 5.7e-05 seconds
probability of topic_Course_67 is 0.577589

pgibbs sample time: 0.00572 seconds
probability of topic_Staff_221 is 0.45726

pgibbs sample time: 0.007824 seconds
probability of topic_Course_59 is 0.441178

pgibbs sample time: 5.7e-05 seconds
probability of topic_Course_8 is 0.615754

pgibbs sample time: 0.006579 seconds
probability of topic_Department_21 is 0.459466

pgibbs sample time: 0.007865 seconds
probability of topic_Course_19 is 0.695853

pgibbs sample time: 0.005958 seconds
probability of topic_Course_43 is 0.227286

pgibbs sample time: 0.007567 seconds
probability of topic_Student_388 is 0.481189

pgibbs sample time: 0.000785 seconds
probability of topic_ResearchProject_176 is 0.373706

pgibbs sample time: 0.007261 seconds
probability of topic_Staff_10 is 0.557918

pgibbs sample time: 0.000518 seconds
probability of topic_ResearchProject_108 is 0.426198

pgibbs sample time: 0.006161 seconds
probability of topic_Department_43 is 0.101735

pgibbs sample time: 5.9e-05 seconds
probability of topic_Student_17 is 0.298945

pgibbs sample time: 0.005826 seconds
probability of topic_Person_30 is 0.501424

pgibbs sample time: 0.007975 seconds
probability of topic_Staff_38 is 0.496324

pgibbs sample time: 0.007715 seconds
probability of topic_Course_113 is 0.375511

pgibbs sample time: 5.8e-05 seconds
probability of topic_Staff_53 is 0.447858

pgibbs sample time: 0.006035 seconds
probability of topic_Department_34 is 0.471157

pgibbs sample time: 0.007835 seconds
probability of topic_Department_103 is 0.481043

pgibbs sample time: 9.3e-05 seconds
probability of topic_ResearchProject_27 is 0.414848

pgibbs sample time: 0.007514 seconds
probability of topic_ResearchProject_103 is 0.481724

pgibbs sample time: 5.9e-05 seconds
probability of topic_Staff_95 is 0.47193

pgibbs sample time: 0.000474 seconds
probability of topic_Student_49 is 0.647067

pgibbs sample time: 0.000852 seconds
probability of topic_Faculty_308 is 0.473462

pgibbs sample time: 0.005904 seconds
probability of topic_Course_168 is 0.522634

pgibbs sample time: 8.8e-05 seconds
probability of topic_Student_27 is 0.473126

pgibbs sample time: 8.6e-05 seconds
probability of topic_Department_27 is 0.574933

pgibbs sample time: 0.008282 seconds
probability of topic_Student_274 is 0.503387

pgibbs sample time: 0.0001 seconds
probability of topic_Student_9 is 0.459523

pgibbs sample time: 0.004466 seconds
probability of topic_Faculty_221 is 0.492182

pgibbs sample time: 0.000456 seconds
probability of topic_Staff_94 is 0.504495

pgibbs sample time: 6e-05 seconds
probability of topic_Student_56 is 0.323068

pgibbs sample time: 0.005628 seconds
probability of topic_Staff_198 is 0.617484

pgibbs sample time: 0.008081 seconds
probability of topic_ResearchProject_59 is 0.48362

pgibbs sample time: 0.007393 seconds
probability of topic_Department_189 is 0.369097

pgibbs sample time: 8.9e-05 seconds
probability of topic_Faculty_29 is 0.55934

pgibbs sample time: 0.007251 seconds
probability of topic_Staff_306 is 0.46596

pgibbs sample time: 6.7e-05 seconds
probability of topic_Department_57 is 0.498504

pgibbs sample time: 5.7e-05 seconds
probability of topic_Person_95 is 0.429657

pgibbs sample time: 8.5e-05 seconds
probability of topic_Department_14 is 0.310779

pgibbs sample time: 0.005866 seconds
probability of topic_Person_69 is 0.57097

pgibbs sample time: 7.2e-05 seconds
probability of topic_Staff_31 is 0.512334

pgibbs sample time: 0.000852 seconds
probability of topic_ResearchProject_154 is 0.356581

pgibbs sample time: 0.00649 seconds
probability of topic_Department_127 is 0.32325

pgibbs sample time: 8.9e-05 seconds
probability of topic_Student_31 is 0.670028

pgibbs sample time: 0.000528 seconds
probability of topic_Faculty_26 is 0.594706

pgibbs sample time: 5.8e-05 seconds
probability of topic_Faculty_53 is 0.419826

pgibbs sample time: 0.007441 seconds
probability of topic_Department_55 is 0.289332

pgibbs sample time: 0.005089 seconds
probability of topic_ResearchProject_69 is 0.315138

pgibbs sample time: 0.005731 seconds
probability of topic_Staff_34 is 0.478647

pgibbs sample time: 7.2e-05 seconds
probability of topic_Staff_14 is 0.368119

pgibbs sample time: 0.000292 seconds
probability of topic_Course_63 is 0.4641

pgibbs sample time: 0.007253 seconds
probability of topic_Staff_153 is 0.666137

pgibbs sample time: 0.007711 seconds
probability of topic_Course_51 is 0.396367

pgibbs sample time: 0.00081 seconds
probability of topic_Student_107 is 0.42812

pgibbs sample time: 0.007515 seconds
probability of topic_ResearchProject_52 is 0.475093

pgibbs sample time: 0.000376 seconds
probability of topic_Department_24 is 0.608136

pgibbs sample time: 0.007961 seconds
probability of topic_Staff_189 is 0.503067

pgibbs sample time: 0.007583 seconds
probability of topic_Course_39 is 0.645795

pgibbs sample time: 0.000101 seconds
probability of topic_Student_48 is 0.45288

pgibbs sample time: 0.000234 seconds
probability of topic_Course_166 is 0.447187

pgibbs sample time: 0.000472 seconds
probability of topic_Course_26 is 0.530422

pgibbs sample time: 0.007262 seconds
probability of topic_Staff_195 is 0.381096

pgibbs sample time: 6e-05 seconds
probability of topic_Department_54 is 0.498189

pgibbs sample time: 0.00741 seconds
probability of topic_Faculty_175 is 0.491771

pgibbs sample time: 0.005738 seconds
probability of topic_Staff_186 is 0.534141

pgibbs sample time: 7.1e-05 seconds
probability of topic_Staff_72 is 0.294353

pgibbs sample time: 0.007581 seconds
probability of topic_Person_10 is 0.526083

pgibbs sample time: 0.004659 seconds
probability of topic_Faculty_20 is 0.419359

pgibbs sample time: 0.005874 seconds
probability of topic_Course_198 is 0.446131

pgibbs sample time: 0.007723 seconds
probability of topic_Course_21 is 0.519173

pgibbs sample time: 8.4e-05 seconds
probability of topic_Person_84 is 0.454709

pgibbs sample time: 0.000795 seconds
probability of topic_Person_93 is 0.503929

pgibbs sample time: 0.005864 seconds
probability of topic_Course_18 is 0.387342

pgibbs sample time: 5.9e-05 seconds
probability of topic_Student_30 is 0.52508

pgibbs sample time: 8.3e-05 seconds
probability of topic_Person_11 is 0.0343826

pgibbs sample time: 8.3e-05 seconds
probability of topic_Course_27 is 0.320074

pgibbs sample time: 6.4e-05 seconds
probability of topic_ResearchProject_4 is 0.479583

pgibbs sample time: 0.007481 seconds
probability of topic_Student_306 is 0.519279

pgibbs sample time: 0.0001 seconds
probability of topic_Staff_9 is 0.415935

pgibbs sample time: 5.7e-05 seconds
probability of topic_Course_74 is 0.419524

pgibbs sample time: 0.007402 seconds
probability of topic_Department_215 is 0.477365

pgibbs sample time: 0.007447 seconds
probability of topic_Staff_37 is 0.453571

pgibbs sample time: 0.005065 seconds
probability of topic_ResearchProject_301 is 0.589309

pgibbs sample time: 0.0074 seconds
probability of topic_Department_10 is 0.623897

pgibbs sample time: 0.007506 seconds
probability of topic_Department_195 is 0.641543

pgibbs sample time: 0.007506 seconds
probability of topic_Department_146 is 0.407355

pgibbs sample time: 0.00689 seconds
probability of topic_ResearchProject_46 is 0.442577

pgibbs sample time: 7.3e-05 seconds
probability of topic_Department_73 is 0.407934

pgibbs sample time: 0.000507 seconds
probability of topic_Department_7 is 0.495049

pgibbs sample time: 0.005825 seconds
probability of topic_Person_79 is 0.700964

pgibbs sample time: 0.006211 seconds
probability of topic_Department_88 is 0.612851

pgibbs sample time: 8.8e-05 seconds
probability of topic_Department_3 is 0.398154

pgibbs sample time: 5.6e-05 seconds
probability of topic_Staff_16 is 0.447858

pgibbs sample time: 0.000614 seconds
probability of topic_Course_128 is 0.486809

pgibbs sample time: 0.00563 seconds
probability of topic_Staff_43 is 0.162178

pgibbs sample time: 0.007662 seconds
probability of topic_Student_153 is 0.53916

pgibbs sample time: 8.5e-05 seconds
probability of topic_Person_31 is 0.534449

pgibbs sample time: 0.00741 seconds
probability of topic_Faculty_215 is 0.414802

pgibbs sample time: 5.9e-05 seconds
probability of topic_ResearchProject_57 is 0.489022

pgibbs sample time: 8.3e-05 seconds
probability of topic_Person_29 is 0.633672

pgibbs sample time: 0.007572 seconds
probability of topic_Person_195 is 0.308805

pgibbs sample time: 8.7e-05 seconds
probability of topic_Staff_27 is 0.582702

pgibbs sample time: 0.004463 seconds
probability of topic_Faculty_186 is 0.520736

pgibbs sample time: 0.007377 seconds
probability of topic_Staff_127 is 0.459429

pgibbs sample time: 0.007664 seconds
probability of topic_Student_103 is 0.508209

pgibbs sample time: 5.7e-05 seconds
probability of topic_Course_92 is 0.344213

pgibbs sample time: 0.007477 seconds
probability of topic_Student_21 is 0.479595

pgibbs sample time: 0.007634 seconds
probability of topic_Faculty_388 is 0.546046

pgibbs sample time: 7.1e-05 seconds
probability of topic_Course_64 is 0.556126

pgibbs sample time: 0.005742 seconds
probability of topic_Person_40 is 0.647783

pgibbs sample time: 0.007495 seconds
probability of topic_Staff_215 is 0.449624

pgibbs sample time: 0.0052 seconds
probability of topic_ResearchProject_168 is 0.694893

pgibbs sample time: 7.1e-05 seconds
probability of topic_Course_72 is 0.473289

pgibbs sample time: 0.007881 seconds
probability of topic_Course_33 is 0.53171

pgibbs sample time: 0.00537 seconds
probability of topic_ResearchProject_68 is 0.457987

pgibbs sample time: 0.007573 seconds
probability of topic_Student_215 is 0.502162

pgibbs sample time: 0.007511 seconds
probability of topic_Faculty_103 is 0.564141

pgibbs sample time: 0.007865 seconds
probability of topic_Course_305 is 0.579742

pgibbs sample time: 5.7e-05 seconds
probability of topic_Course_57 is 0.52745

pgibbs sample time: 0.000835 seconds
probability of topic_Person_107 is 0.456347

pgibbs sample time: 0.007258 seconds
probability of topic_Staff_75 is 0.336875

pgibbs sample time: 8.5e-05 seconds
probability of topic_Course_83 is 0.611296

pgibbs sample time: 0.008651 seconds
probability of topic_Course_75 is 0.524626

pgibbs sample time: 0.005738 seconds
probability of topic_Staff_301 is 0.467516

pgibbs sample time: 8.7e-05 seconds
probability of topic_Department_99 is 0.735598

pgibbs sample time: 7.1e-05 seconds
probability of topic_Course_73 is 0.45295

pgibbs sample time: 5.9e-05 seconds
probability of topic_Student_32 is 0.466327

pgibbs sample time: 8.6e-05 seconds
probability of topic_ResearchProject_11 is 0.213433

pgibbs sample time: 5.8e-05 seconds
probability of topic_ResearchProject_36 is 0.403352

pgibbs sample time: 0.007631 seconds
probability of topic_Course_388 is 0.43005

pgibbs sample time: 7.3e-05 seconds
probability of topic_Course_98 is 0.489522

pgibbs sample time: 0.000834 seconds
probability of topic_Person_65 is 0.534909

pgibbs sample time: 0.007952 seconds
probability of topic_Person_146 is 0.613058

pgibbs sample time: 8.8e-05 seconds
probability of topic_Staff_3 is 0.380455

pgibbs sample time: 5.9e-05 seconds
probability of topic_Course_96 is 0.503376

pgibbs sample time: 5.6e-05 seconds
probability of topic_Faculty_2 is 0.52117

pgibbs sample time: 5.5e-05 seconds
probability of topic_Person_16 is 0.498179

pgibbs sample time: 5.8e-05 seconds
probability of topic_Department_76 is 0.436649

pgibbs sample time: 0.007659 seconds
probability of topic_ResearchProject_61 is 0.368438

pgibbs sample time: 5.8e-05 seconds
probability of topic_ResearchProject_87 is 0.446075

pgibbs sample time: 9.1e-05 seconds
probability of topic_Department_42 is 0.346319

pgibbs sample time: 0.007581 seconds
probability of topic_Student_12 is 0.502164

pgibbs sample time: 0.000224 seconds
probability of topic_Staff_63 is 0.56253

pgibbs sample time: 0.000832 seconds
probability of topic_Faculty_65 is 0.454156

pgibbs sample time: 0.005758 seconds
probability of topic_Staff_30 is 0.432493

pgibbs sample time: 0.007676 seconds
probability of topic_Person_215 is 0.510141

pgibbs sample time: 5.8e-05 seconds
probability of topic_ResearchProject_77 is 0.508503

pgibbs sample time: 6e-05 seconds
probability of topic_Department_2 is 0.492523

pgibbs sample time: 5.8e-05 seconds
probability of topic_Staff_76 is 0.639653

pgibbs sample time: 5.6e-05 seconds
probability of topic_Staff_22 is 0.552182

pgibbs sample time: 0.000707 seconds
probability of topic_Staff_278 is 0.446046

pgibbs sample time: 0.004336 seconds
probability of topic_Student_34 is 0.427958

pgibbs sample time: 0.004489 seconds
probability of topic_Student_140 is 0.252523

pgibbs sample time: 5.9e-05 seconds
probability of topic_Department_95 is 0.467383

pgibbs sample time: 0.000712 seconds
probability of topic_ResearchProject_221 is 0.480852

pgibbs sample time: 7.2e-05 seconds
probability of topic_Faculty_72 is 0.544179

pgibbs sample time: 0.000222 seconds
probability of topic_Staff_166 is 0.498498

pgibbs sample time: 8.7e-05 seconds
probability of topic_Staff_29 is 0.382942

pgibbs sample time: 0.000396 seconds
probability of topic_Staff_89 is 0.581389

pgibbs sample time: 0.007529 seconds
probability of topic_ResearchProject_215 is 0.448425

pgibbs sample time: 0.007799 seconds
probability of topic_Course_175 is 0.471429

pgibbs sample time: 0.000456 seconds
probability of topic_Staff_26 is 0.429648

pgibbs sample time: 5.8e-05 seconds
probability of topic_Person_32 is 0.481126

pgibbs sample time: 0.000598 seconds
probability of topic_Staff_157 is 0.44812

pgibbs sample time: 0.000804 seconds
probability of topic_Staff_71 is 0.415927

pgibbs sample time: 0.006587 seconds
probability of topic_Faculty_10 is 0.446099

pgibbs sample time: 0.007777 seconds
probability of topic_ResearchProject_38 is 0.659298

pgibbs sample time: 0.006234 seconds
probability of topic_Department_40 is 0.638895

pgibbs sample time: 9.8e-05 seconds
probability of topic_Staff_48 is 0.398727

pgibbs sample time: 8.7e-05 seconds
probability of topic_ResearchProject_83 is 0.439229

pgibbs sample time: 7.2e-05 seconds
probability of topic_Student_91 is 0.545441

pgibbs sample time: 0.007285 seconds
probability of topic_Department_39 is 0.371796

pgibbs sample time: 0.000226 seconds
probability of topic_Staff_177 is 0.537179

pgibbs sample time: 0.008418 seconds
probability of topic_Person_38 is 0.343895

pgibbs sample time: 0.007371 seconds
probability of topic_Staff_388 is 0.485015

pgibbs sample time: 0.000934 seconds
probability of topic_ResearchProject_93 is 0.480355

pgibbs sample time: 0.000799 seconds
probability of topic_Course_65 is 0.505238

pgibbs sample time: 0.005836 seconds
probability of topic_Person_119 is 0.479275

pgibbs sample time: 0.007725 seconds
probability of topic_Person_59 is 0.476591

pgibbs sample time: 0.00751 seconds
probability of topic_Faculty_59 is 0.551981

pgibbs sample time: 7.5e-05 seconds
probability of topic_ResearchProject_72 is 0.43915

pgibbs sample time: 8.3e-05 seconds
probability of topic_Staff_99 is 0.412756

pgibbs sample time: 0.007702 seconds
probability of topic_Person_153 is 0.526129

pgibbs sample time: 0.007743 seconds
probability of topic_ResearchProject_55 is 0.633339

pgibbs sample time: 0.007698 seconds
probability of topic_Person_103 is 0.601127

pgibbs sample time: 0.00588 seconds
probability of topic_Course_131 is 0.454483

pgibbs sample time: 8.7e-05 seconds
probability of topic_Person_42 is 0.649393

pgibbs sample time: 8.6e-05 seconds
probability of topic_Student_14 is 0.580548

pgibbs sample time: 0.007345 seconds
probability of topic_Staff_51 is 0.497862

pgibbs sample time: 5.9e-05 seconds
probability of topic_Department_66 is 0.477106

pgibbs sample time: 0.007734 seconds
probability of topic_Course_306 is 0.443291

pgibbs sample time: 6.1e-05 seconds
probability of topic_Faculty_92 is 0.40832

pgibbs sample time: 0.007599 seconds
probability of topic_ResearchProject_189 is 0.573472

pgibbs sample time: 0.007676 seconds
probability of topic_Student_37 is 0.496234

pgibbs sample time: 0.007469 seconds
probability of topic_Staff_21 is 0.510946

pgibbs sample time: 8.6e-05 seconds
probability of topic_Staff_83 is 0.46865

pgibbs sample time: 8.3e-05 seconds
probability of topic_Faculty_82 is 0.411907

pgibbs sample time: 0.004564 seconds
probability of topic_Faculty_18 is 0.361176

pgibbs sample time: 5.8e-05 seconds
probability of topic_Person_4 is 0.544751

pgibbs sample time: 0.000375 seconds
probability of topic_Course_243 is 0.436114

pgibbs sample time: 0.000456 seconds
probability of topic_Staff_7 is 0.463937

pgibbs sample time: 0.005767 seconds
probability of topic_Course_102 is 0.574192

pgibbs sample time: 0.006891 seconds
probability of topic_ResearchProject_50 is 0.425765

pgibbs sample time: 0.004973 seconds
probability of topic_Faculty_34 is 0.476152

pgibbs sample time: 5.8e-05 seconds
probability of topic_Department_67 is 0.459988

pgibbs sample time: 5.6e-05 seconds
probability of topic_Course_70 is 0.457571

pgibbs sample time: 0.004428 seconds
probability of topic_Student_20 is 0.500823

pgibbs sample time: 0.000208 seconds
probability of topic_ResearchProject_35 is 0.560039

pgibbs sample time: 0.005066 seconds
probability of topic_ResearchProject_88 is 0.503448

pgibbs sample time: 0.005737 seconds
probability of topic_Staff_40 is 0.564499

pgibbs sample time: 0.006138 seconds
probability of topic_Department_198 is 0.571639

pgibbs sample time: 0.000595 seconds
probability of topic_Staff_227 is 0.536345

pgibbs sample time: 0.000508 seconds
probability of topic_Student_108 is 0.474002

pgibbs sample time: 5.7e-05 seconds
probability of topic_Person_56 is 0.392505

pgibbs sample time: 0.008382 seconds
probability of topic_Student_10 is 0.586906

pgibbs sample time: 0.005985 seconds
probability of topic_Course_119 is 0.512953

pgibbs sample time: 0.000102 seconds
probability of topic_Faculty_9 is 0.497216

pgibbs sample time: 0.000476 seconds
probability of topic_Faculty_49 is 0.329191

pgibbs sample time: 7.5e-05 seconds
probability of topic_Faculty_15 is 0.422302

pgibbs sample time: 5.9e-05 seconds
probability of topic_Faculty_74 is 0.401374

pgibbs sample time: 0.005785 seconds
probability of topic_Course_13 is 0.319029

pgibbs sample time: 0.005879 seconds
probability of topic_Course_301 is 0.464592

pgibbs sample time: 0.005825 seconds
probability of topic_Staff_20 is 0.450062

pgibbs sample time: 0.007454 seconds
probability of topic_Staff_61 is 0.346682

pgibbs sample time: 0.005069 seconds
probability of topic_ResearchProject_119 is 0.506613

pgibbs sample time: 0.005875 seconds
probability of topic_Course_186 is 0.507101

pgibbs sample time: 0.008609 seconds
probability of topic_Person_39 is 0.446771

pgibbs sample time: 0.000587 seconds
probability of topic_Person_234 is 0.668429

pgibbs sample time: 0.005736 seconds
probability of topic_Person_88 is 0.430462

pgibbs sample time: 5.8e-05 seconds
probability of topic_Course_2 is 0.464953

pgibbs sample time: 7.3e-05 seconds
probability of topic_Student_25 is 0.533836

pgibbs sample time: 0.000269 seconds
probability of topic_Student_177 is 0.396212

pgibbs sample time: 8.7e-05 seconds
probability of topic_Faculty_64 is 0.447541

pgibbs sample time: 7.1e-05 seconds
probability of topic_Course_91 is 0.589671

pgibbs sample time: 0.007732 seconds
probability of topic_Course_103 is 0.481683

pgibbs sample time: 0.006224 seconds
probability of topic_Department_119 is 0.462892

pgibbs sample time: 6.3e-05 seconds
probability of topic_ResearchProject_76 is 0.478169

pgibbs sample time: 0.0008 seconds
probability of topic_Person_71 is 0.493768

pgibbs sample time: 0.00062 seconds
probability of topic_Course_85 is 0.463755

pgibbs sample time: 0.006022 seconds
probability of topic_Department_131 is 0.62397

pgibbs sample time: 0.000207 seconds
probability of topic_ResearchProject_22 is 0.607869

pgibbs sample time: 0.000834 seconds
probability of topic_Student_93 is 0.44686

pgibbs sample time: 5.6e-05 seconds
probability of topic_Staff_28 is 0.447858

pgibbs sample time: 0.000102 seconds
probability of topic_Student_69 is 0.565753

pgibbs sample time: 0.005781 seconds
probability of topic_Course_68 is 0.440678

pgibbs sample time: 0.007827 seconds
probability of topic_Course_12 is 0.621935

pgibbs sample time: 0.007605 seconds
probability of topic_Faculty_189 is 0.52739

pgibbs sample time: 0.000475 seconds
probability of topic_Course_89 is 0.708246

pgibbs sample time: 0.005784 seconds
probability of topic_Course_78 is 0.676175

pgibbs sample time: 5.8e-05 seconds
probability of topic_Faculty_62 is 0.431532

pgibbs sample time: 0.000814 seconds
probability of topic_Staff_124 is 0.583614

pgibbs sample time: 0.00063 seconds
probability of topic_Course_58 is 0.434526

pgibbs sample time: 5.8e-05 seconds
probability of topic_Student_92 is 0.503814

pgibbs sample time: 0.000272 seconds
probability of topic_Faculty_177 is 0.510672

pgibbs sample time: 7.3e-05 seconds
probability of topic_Student_45 is 0.456385

pgibbs sample time: 0.00062 seconds
probability of topic_Faculty_58 is 0.337858

pgibbs sample time: 9.7e-05 seconds
probability of topic_Course_9 is 0.465094

pgibbs sample time: 0.005829 seconds
probability of topic_Person_221 is 0.517591

pgibbs sample time: 0.005891 seconds
probability of topic_Person_198 is 0.522978

pgibbs sample time: 0.006133 seconds
probability of topic_Department_30 is 0.43803

pgibbs sample time: 0.007388 seconds
probability of topic_Staff_59 is 0.483115

pgibbs sample time: 0.008529 seconds
probability of topic_Student_81 is 0.472552

pgibbs sample time: 0.007837 seconds
probability of topic_Course_47 is 0.738735

pgibbs sample time: 0.000795 seconds
probability of topic_Person_176 is 0.607699

pgibbs sample time: 8.7e-05 seconds
probability of topic_Student_73 is 0.419633

pgibbs sample time: 0.007412 seconds
probability of topic_Faculty_306 is 0.434486

pgibbs sample time: 6.1e-05 seconds
probability of topic_Student_54 is 0.386345

pgibbs sample time: 8.3e-05 seconds
probability of topic_Course_42 is 0.427932

pgibbs sample time: 0.0079 seconds
probability of topic_Faculty_61 is 0.463478

pgibbs sample time: 0.007729 seconds
probability of topic_ResearchProject_388 is 0.608358

pgibbs sample time: 0.007586 seconds
probability of topic_Student_55 is 0.329672

pgibbs sample time: 5.8e-05 seconds
probability of topic_ResearchProject_67 is 0.609436

pgibbs sample time: 0.005748 seconds
probability of topic_Person_102 is 0.385261

pgibbs sample time: 0.000514 seconds
probability of topic_Person_58 is 0.609631

pgibbs sample time: 0.000583 seconds
probability of topic_Person_157 is 0.493879

pgibbs sample time: 0.007734 seconds
probability of topic_Course_46 is 0.353253

pgibbs sample time: 0.000271 seconds
probability of topic_Faculty_41 is 0.681795

pgibbs sample time: 8.5e-05 seconds
probability of topic_Person_45 is 0.590867

pgibbs sample time: 0.000816 seconds
probability of topic_Staff_139 is 0.573419

pgibbs sample time: 0.007732 seconds
probability of topic_Course_52 is 0.437817

pgibbs sample time: 0.00742 seconds
probability of topic_Department_12 is 0.493913

pgibbs sample time: 7.3e-05 seconds
probability of topic_Person_98 is 0.730351

pgibbs sample time: 8.5e-05 seconds
probability of topic_Staff_64 is 0.593418

pgibbs sample time: 0.000785 seconds
probability of topic_ResearchProject_71 is 0.498835

pgibbs sample time: 0.004503 seconds
probability of topic_Faculty_78 is 0.544885

pgibbs sample time: 0.004573 seconds
probability of topic_Faculty_90 is 0.432514

pgibbs sample time: 0.004581 seconds
probability of topic_Faculty_40 is 0.59183

pgibbs sample time: 0.004657 seconds
probability of topic_Faculty_198 is 0.47628

pgibbs sample time: 0.00778 seconds
probability of topic_Staff_19 is 0.511354

pgibbs sample time: 8.5e-05 seconds
probability of topic_Staff_91 is 0.477413

pgibbs sample time: 0.004462 seconds
probability of topic_Faculty_131 is 0.465948

pgibbs sample time: 0.008394 seconds
probability of topic_Student_113 is 0.549811

pgibbs sample time: 0.004572 seconds
probability of topic_Faculty_301 is 0.475204

pgibbs sample time: 0.004656 seconds
probability of topic_Faculty_13 is 0.541018

pgibbs sample time: 0.004568 seconds
probability of topic_Faculty_140 is 0.538639

pgibbs sample time: 0.00614 seconds
probability of topic_Department_90 is 0.35083

pgibbs sample time: 0.006794 seconds
probability of topic_Faculty_274 is 0.41943

pgibbs sample time: 5.9e-05 seconds
probability of topic_Department_5 is 0.481264

pgibbs sample time: 5.8e-05 seconds
probability of topic_ResearchProject_23 is 0.46694

pgibbs sample time: 8.6e-05 seconds
probability of topic_Department_83 is 0.637947

pgibbs sample time: 0.000236 seconds
probability of topic_Faculty_22 is 0.373109

pgibbs sample time: 0.007624 seconds
probability of topic_ResearchProject_51 is 0.374923

pgibbs sample time: 0.000235 seconds
probability of topic_Faculty_35 is 0.601582

pgibbs sample time: 0.005633 seconds
probability of topic_Staff_68 is 0.456168

pgibbs sample time: 7.4e-05 seconds
probability of topic_Department_98 is 0.81711

pgibbs sample time: 0.008428 seconds
probability of topic_Student_47 is 0.430613

pgibbs sample time: 0.000508 seconds
probability of topic_Faculty_108 is 0.394651

pgibbs sample time: 0.000273 seconds
probability of topic_ResearchProject_177 is 0.522443

pgibbs sample time: 0.007477 seconds
probability of topic_Student_61 is 0.0918942

pgibbs sample time: 0.000597 seconds
probability of topic_Faculty_7 is 0.436375

pgibbs sample time: 0.007589 seconds
probability of topic_Person_50 is 0.577152

pgibbs sample time: 5.9e-05 seconds
probability of topic_Department_23 is 0.442131

pgibbs sample time: 5.8e-05 seconds
probability of topic_Department_53 is 0.480109

pgibbs sample time: 0.000747 seconds
probability of topic_ResearchProject_237 is 0.521563

pgibbs sample time: 8.7e-05 seconds
probability of topic_ResearchProject_45 is 0.469952

pgibbs sample time: 5.8e-05 seconds
probability of topic_Person_96 is 0.557225

pgibbs sample time: 0.008519 seconds
probability of topic_Person_51 is 0.42776

pgibbs sample time: 0.007699 seconds
probability of topic_Person_113 is 0.325965

pgibbs sample time: 0.007689 seconds
probability of topic_Person_159 is 0.56378

pgibbs sample time: 8.7e-05 seconds
probability of topic_Student_83 is 0.612005

pgibbs sample time: 0.007295 seconds
probability of topic_Department_46 is 0.366376

pgibbs sample time: 0.007697 seconds
probability of topic_Person_305 is 0.501973

pgibbs sample time: 5.9e-05 seconds
probability of topic_Faculty_56 is 0.571956

pgibbs sample time: 0.006753 seconds
probability of topic_Person_274 is 0.50236

pgibbs sample time: 6e-05 seconds
probability of topic_ResearchProject_32 is 0.651756

pgibbs sample time: 0.004944 seconds
probability of topic_ResearchProject_40 is 0.407202

pgibbs sample time: 7.2e-05 seconds
probability of topic_Person_15 is 0.488154

pgibbs sample time: 0.000207 seconds
probability of topic_Department_35 is 0.514794

pgibbs sample time: 0.007572 seconds
probability of topic_Student_189 is 0.510666

pgibbs sample time: 5.8e-05 seconds
probability of topic_Faculty_32 is 0.406926

pgibbs sample time: 8.7e-05 seconds
probability of topic_Department_45 is 0.437957

pgibbs sample time: 0.007356 seconds
probability of topic_Staff_81 is 0.414244

pgibbs sample time: 5.8e-05 seconds
probability of topic_Person_62 is 0.482416

pgibbs sample time: 5.7e-05 seconds
probability of topic_Department_62 is 0.482103

pgibbs sample time: 7.3e-05 seconds
probability of topic_Department_6 is 0.462266

pgibbs sample time: 5.7e-05 seconds
probability of topic_Faculty_97 is 0.483098

pgibbs sample time: 5.7e-05 seconds
probability of topic_Course_32 is 0.425578

pgibbs sample time: 0.004428 seconds
probability of topic_Student_78 is 0.686659

pgibbs sample time: 0.000377 seconds
probability of topic_Course_229 is 0.482663

pgibbs sample time: 0.004462 seconds
probability of topic_Student_90 is 0.605672

pgibbs sample time: 0.004448 seconds
probability of topic_Student_119 is 0.527229

pgibbs sample time: 0.004446 seconds
probability of topic_Student_301 is 0.696055

pgibbs sample time: 0.004435 seconds
probability of topic_Student_186 is 0.508275

pgibbs sample time: 0.004447 seconds
probability of topic_Student_13 is 0.466167

pgibbs sample time: 0.000629 seconds
probability of topic_ResearchProject_20 is 0.443735

pgibbs sample time: 0.007304 seconds
probability of topic_Department_38 is 0.535759

pgibbs sample time: 7.1e-05 seconds
probability of topic_Staff_60 is 0.398184

pgibbs sample time: 0.000809 seconds
probability of topic_Course_93 is 0.422432

pgibbs sample time: 5.9e-05 seconds
probability of topic_ResearchProject_56 is 0.543606

pgibbs sample time: 0.00091 seconds
probability of topic_Course_71 is 0.415971

pgibbs sample time: 0.00038 seconds
probability of topic_ResearchProject_229 is 0.300048

pgibbs sample time: 0.000813 seconds
probability of topic_Course_176 is 0.489393

pgibbs sample time: 0.007356 seconds
probability of topic_Staff_274 is 0.446885

pgibbs sample time: 5.9e-05 seconds
probability of topic_ResearchProject_74 is 0.435576

pgibbs sample time: 0.000907 seconds
probability of topic_Course_278 is 0.433477

pgibbs sample time: 0.005774 seconds
probability of topic_Course_69 is 0.453828

pgibbs sample time: 8.5e-05 seconds
probability of topic_Department_91 is 0.45099

pgibbs sample time: 5.6e-05 seconds
probability of topic_Staff_57 is 0.479842

pgibbs sample time: 7.3e-05 seconds
probability of topic_Student_72 is 0.507834

pgibbs sample time: 7.3e-05 seconds
probability of topic_Faculty_30 is 0.609717

pgibbs sample time: 0.007723 seconds
probability of topic_Course_153 is 0.534029

pgibbs sample time: 0.006223 seconds
probability of topic_Department_221 is 0.456868

pgibbs sample time: 0.00823 seconds
probability of topic_Staff_33 is 0.417776

pgibbs sample time: 0.000105 seconds
probability of topic_Department_9 is 0.48468

pgibbs sample time: 6.9e-05 seconds
probability of topic_Faculty_1 is 0.497388

pgibbs sample time: 0.004423 seconds
probability of topic_Student_102 is 0.376677

pgibbs sample time: 0.008618 seconds
probability of topic_Person_75 is 0.624047

pgibbs sample time: 7.4e-05 seconds
probability of topic_ResearchProject_15 is 0.463591

pgibbs sample time: 7.1e-05 seconds
probability of topic_Course_25 is 0.524908

pgibbs sample time: 0.007674 seconds
probability of topic_Person_47 is 0.44173

pgibbs sample time: 5.7e-05 seconds
probability of topic_Person_28 is 0.498179

pgibbs sample time: 0.000497 seconds
probability of topic_Department_26 is 0.609669

pgibbs sample time: 5.7e-05 seconds
probability of topic_Staff_5 is 0.423377

pgibbs sample time: 0.007614 seconds
probability of topic_Person_19 is 0.384797

pgibbs sample time: 5.8e-05 seconds
probability of topic_Staff_67 is 0.482886

pgibbs sample time: 7.3e-05 seconds
probability of topic_Faculty_99 is 0.574803

pgibbs sample time: 0.007556 seconds
probability of topic_Student_46 is 0.523811

pgibbs sample time: 0.008072 seconds
probability of topic_ResearchProject_19 is 0.504639

pgibbs sample time: 7e-05 seconds
probability of topic_Course_99 is 0.724087

pgibbs sample time: 0.007563 seconds
probability of topic_Student_59 is 0.401462

pgibbs sample time: 0.000742 seconds
probability of topic_Faculty_107 is 0.488511

pgibbs sample time: 5.9e-05 seconds
probability of topic_Student_70 is 0.458271

pgibbs sample time: 0.007528 seconds
probability of topic_ResearchProject_33 is 0.264407

pgibbs sample time: 0.00011 seconds
probability of topic_Person_9 is 0.47258

pgibbs sample time: 0.007696 seconds
probability of topic_Course_189 is 0.605322

pgibbs sample time: 5.8e-05 seconds
probability of topic_Person_67 is 0.381565

pgibbs sample time: 0.004479 seconds
probability of topic_Faculty_119 is 0.484146

pgibbs sample time: 0.000226 seconds
probability of topic_Course_22 is 0.55126

pgibbs sample time: 0.000224 seconds
probability of topic_Course_35 is 0.621655

pgibbs sample time: 5.6e-05 seconds
probability of topic_Staff_62 is 0.389253

pgibbs sample time: 7.3e-05 seconds
probability of topic_Student_15 is 0.470317

pgibbs sample time: 5.7e-05 seconds
probability of topic_ResearchProject_17 is 0.479381

pgibbs sample time: 0.005742 seconds
probability of topic_Person_90 is 0.595921

pgibbs sample time: 0.00591 seconds
probability of topic_Person_301 is 0.694621

pgibbs sample time: 0.007496 seconds
probability of topic_Staff_47 is 0.349336

pgibbs sample time: 0.005968 seconds
probability of topic_Person_186 is 0.55219

pgibbs sample time: 0.00635 seconds
probability of topic_Person_140 is 0.268638

pgibbs sample time: 0.007367 seconds
probability of topic_Staff_46 is 0.372164

pgibbs sample time: 7.3e-05 seconds
probability of topic_Student_60 is 0.56231

pgibbs sample time: 0.007526 seconds
probability of topic_ResearchProject_306 is 0.460401

pgibbs sample time: 0.000635 seconds
probability of topic_Course_234 is 0.508328

pgibbs sample time: 7e-05 seconds
probability of topic_Person_6 is 0.480598

pgibbs sample time: 5.7e-05 seconds
probability of topic_Course_28 is 0.425378

pgibbs sample time: 5.9e-05 seconds
probability of topic_ResearchProject_2 is 0.437523

pgibbs sample time: 0.007412 seconds
probability of topic_Faculty_51 is 0.406989

pgibbs sample time: 0.006024 seconds
probability of topic_Course_90 is 0.208802

pgibbs sample time: 8.4e-05 seconds
probability of topic_Person_14 is 0.504365

pgibbs sample time: 0.007425 seconds
probability of topic_Department_75 is 0.779799

pgibbs sample time: 0.007661 seconds
probability of topic_Faculty_159 is 0.542575

pgibbs sample time: 0.000593 seconds
probability of topic_Faculty_85 is 0.392547

pgibbs sample time: 0.007441 seconds
probability of topic_Department_47 is 0.308152

pgibbs sample time: 7.3e-05 seconds
probability of topic_Staff_25 is 0.556399

pgibbs sample time: 0.000803 seconds
probability of topic_ResearchProject_102 is 0.485499

pgibbs sample time: 6.2e-05 seconds
probability of topic_Student_36 is 0.570691

pgibbs sample time: 0.007785 seconds
probability of topic_Faculty_113 is 0.385613

pgibbs sample time: 0.006815 seconds
probability of topic_Faculty_55 is 0.291153

pgibbs sample time: 0.007631 seconds
probability of topic_ResearchProject_159 is 0.493694

pgibbs sample time: 0.007642 seconds
probability of topic_ResearchProject_113 is 0.618992

pgibbs sample time: 0.000588 seconds
probability of topic_ResearchProject_227 is 0.428468

pgibbs sample time: 0.008532 seconds
probability of topic_Person_21 is 0.399555

pgibbs sample time: 7.2e-05 seconds
probability of topic_ResearchProject_60 is 0.470686

pgibbs sample time: 8.6e-05 seconds
probability of topic_Department_31 is 0.499456

pgibbs sample time: 0.000742 seconds
probability of topic_Faculty_237 is 0.478112

pgibbs sample time: 0.007293 seconds
probability of topic_Department_81 is 0.45741

pgibbs sample time: 0.007619 seconds
probability of topic_Faculty_305 is 0.417131

pgibbs sample time: 0.005163 seconds
probability of topic_ResearchProject_80 is 0.310319

pgibbs sample time: 6.9e-05 seconds
probability of topic_Staff_1 is 0.467043

pgibbs sample time: 0.007391 seconds
probability of topic_Department_59 is 0.518546

pgibbs sample time: 0.000606 seconds
probability of topic_Department_157 is 0.398982

pgibbs sample time: 8.4e-05 seconds
probability of topic_Staff_45 is 0.594517

pgibbs sample time: 0.007183 seconds
probability of topic_Staff_39 is 0.682336

pgibbs sample time: 6e-05 seconds
probability of topic_ResearchProject_96 is 0.368362

pgibbs sample time: 0.000276 seconds
probability of topic_Department_177 is 0.424398

pgibbs sample time: 9.9e-05 seconds
probability of topic_Faculty_48 is 0.32704

pgibbs sample time: 0.00768 seconds
probability of topic_Person_61 is 0.111842

pgibbs sample time: 0.000622 seconds
probability of topic_ResearchProject_58 is 0.303772

pgibbs sample time: 0.000621 seconds
probability of topic_ResearchProject_234 is 0.394533

pgibbs sample time: 0.000623 seconds
probability of topic_ResearchProject_157 is 0.460691

pgibbs sample time: 0.004472 seconds
probability of topic_Faculty_102 is 0.508596

pgibbs sample time: 6e-05 seconds
probability of topic_Faculty_76 is 0.485938

pgibbs sample time: 0.000475 seconds
probability of topic_Student_26 is 0.643956

pgibbs sample time: 0.000351 seconds
probability of topic_Student_229 is 0.390537

pgibbs sample time: 0.007253 seconds
probability of topic_Staff_146 is 0.707515

pgibbs sample time: 0.00594 seconds
probability of topic_Person_131 is 0.321026

pgibbs sample time: 8.7e-05 seconds
probability of topic_Student_11 is 0.0360681

pgibbs sample time: 8.2e-05 seconds
probability of topic_Faculty_3 is 0.517271

pgibbs sample time: 6.1e-05 seconds
probability of topic_ResearchProject_95 is 0.452445

pgibbs sample time: 0.00603 seconds
probability of topic_Department_18 is 0.456368

pgibbs sample time: 0.006227 seconds
probability of topic_Department_78 is 0.641041

pgibbs sample time: 0.006234 seconds
probability of topic_Department_186 is 0.475429

pgibbs sample time: 0.000832 seconds
probability of topic_Department_93 is 0.396345

pgibbs sample time: 0.006123 seconds
probability of topic_Department_168 is 0.727174

pgibbs sample time: 8.2e-05 seconds
probability of topic_Person_82 is 0.439633

pgibbs sample time: 0.001072 seconds
probability of topic_Department_44 is 0.323755

pgibbs sample time: 0.006036 seconds
probability of topic_Department_140 is 0.63891

pgibbs sample time: 0.000475 seconds
probability of topic_Faculty_89 is 0.480688

pgibbs sample time: 0.008434 seconds
probability of topic_Person_81 is 0.471483

pgibbs sample time: 0.007417 seconds
probability of topic_Department_52 is 0.452654

pgibbs sample time: 0.007496 seconds
probability of topic_Department_388 is 0.489806

pgibbs sample time: 9.9e-05 seconds
probability of topic_Staff_86 is 0.448411

pgibbs sample time: 0.007306 seconds
probability of topic_Department_50 is 0.609488

pgibbs sample time: 0.00776 seconds
probability of topic_ResearchProject_153 is 0.701775

pgibbs sample time: 0.000226 seconds
probability of topic_Staff_41 is 0.446372

pgibbs sample time: 0.007307 seconds
probability of topic_Department_175 is 0.501773

pgibbs sample time: 0.007633 seconds
probability of topic_Faculty_75 is 0.407129

pgibbs sample time: 0.007734 seconds
probability of topic_ResearchProject_10 is 0.402652

pgibbs sample time: 0.000839 seconds
probability of topic_Department_278 is 0.487312

pgibbs sample time: 5.8e-05 seconds
probability of topic_Faculty_17 is 0.446163

pgibbs sample time: 8.3e-05 seconds
probability of topic_Staff_84 is 0.595649

pgibbs sample time: 0.005623 seconds
probability of topic_Staff_80 is 0.251335

pgibbs sample time: 0.000791 seconds
probability of topic_ResearchProject_278 is 0.45289

pgibbs sample time: 0.00758 seconds
probability of topic_Student_305 is 0.590841

pgibbs sample time: 5.9e-05 seconds
probability of topic_Faculty_70 is 0.423657

pgibbs sample time: 5.8e-05 seconds
probability of topic_Student_66 is 0.48777

pgibbs sample time: 0.000354 seconds
probability of topic_Faculty_243 is 0.431066

pgibbs sample time: 0.000109 seconds
probability of topic_Person_86 is 0.525039

pgibbs sample time: 0.005622 seconds
probability of topic_Staff_79 is 0.651149

pgibbs sample time: 0.007379 seconds
probability of topic_Staff_12 is 0.506249

pgibbs sample time: 5.9e-05 seconds
probability of topic_ResearchProject_98 is 0.620402

pgibbs sample time: 0.000812 seconds
probability of topic_Staff_44 is 0.387543

pgibbs sample time: 0.000474 seconds
probability of topic_ResearchProject_49 is 0.0997389

pgibbs sample time: 0.005039 seconds
probability of topic_ResearchProject_78 is 0.332734

pgibbs sample time: 5.6e-05 seconds
probability of topic_Staff_23 is 0.464129

pgibbs sample time: 0.000812 seconds
probability of topic_Staff_308 is 0.60366

pgibbs sample time: 0.006581 seconds
probability of topic_Department_33 is 0.616588

pgibbs sample time: 0.000715 seconds
probability of topic_Staff_237 is 0.452895

pgibbs sample time: 5.7e-05 seconds
probability of topic_Person_66 is 0.486242

pgibbs sample time: 7.3e-05 seconds
probability of topic_ResearchProject_64 is 0.454761

pgibbs sample time: 0.006032 seconds
probability of topic_Department_102 is 0.404917

pgibbs sample time: 7.2e-05 seconds
probability of topic_Staff_98 is 0.482866

pgibbs sample time: 8.3e-05 seconds
probability of topic_Staff_73 is 0.468641

pgibbs sample time: 0.000748 seconds
probability of topic_Faculty_44 is 0.429875

pgibbs sample time: 0.000895 seconds
probability of topic_Faculty_139 is 0.437654

pgibbs sample time: 0.000838 seconds
probability of topic_Department_176 is 0.635371

pgibbs sample time: 8.6e-05 seconds
probability of topic_ResearchProject_31 is 0.48337

pgibbs sample time: 6.9e-05 seconds
probability of topic_Department_82 is 0.48087

pgibbs sample time: 0.005622 seconds
probability of topic_Staff_102 is 0.460112

pgibbs sample time: 8.2e-05 seconds
probability of topic_Person_3 is 0.47818

pgibbs sample time: 5.8e-05 seconds
probability of topic_Student_23 is 0.527927

pgibbs sample time: 0.004965 seconds
probability of topic_ResearchProject_186 is 0.573677

pgibbs sample time: 8.6e-05 seconds
probability of topic_Course_11 is 0.175781

pgibbs sample time: 6e-05 seconds
probability of topic_Staff_70 is 0.497347

pgibbs sample time: 0.004408 seconds
probability of topic_Faculty_68 is 0.422093

pgibbs sample time: 0.000615 seconds
probability of topic_Department_58 is 0.863186

pgibbs sample time: 0.000584 seconds
probability of topic_Department_234 is 0.617392

pgibbs sample time: 6e-05 seconds
probability of topic_Faculty_57 is 0.490698

pgibbs sample time: 5.8e-05 seconds
probability of topic_Staff_96 is 0.426056

pgibbs sample time: 0.001006 seconds
probability of topic_Course_308 is 0.728313

pgibbs sample time: 5.9e-05 seconds
probability of topic_Faculty_60 is 0.432194

pgibbs sample time: 0.005748 seconds
probability of topic_Staff_88 is 0.479828

pgibbs sample time: 8.6e-05 seconds
probability of topic_ResearchProject_3 is 0.327549

pgibbs sample time: 0.00618 seconds
probability of topic_Department_13 is 0.283618

pgibbs sample time: 0.000601 seconds
probability of topic_Staff_128 is 0.585439

pgibbs sample time: 0.007643 seconds
probability of topic_ResearchProject_175 is 0.440991

pgibbs sample time: 5.7e-05 seconds
probability of topic_Course_5 is 0.415922

pgibbs sample time: 0.000715 seconds
probability of topic_ResearchProject_18 is 0.410722

pgibbs sample time: 0.007581 seconds
probability of topic_Person_37 is 0.448535

pgibbs sample time: 5.7e-05 seconds
probability of topic_Course_23 is 0.497804

pgibbs sample time: 0.005777 seconds
probability of topic_Course_140 is 0.316962

pgibbs sample time: 8.8e-05 seconds
probability of topic_Student_29 is 0.576115

pgibbs sample time: 0.007595 seconds
probability of topic_Person_33 is 0.657995

pgibbs sample time: 6.6e-05 seconds
probability of topic_Staff_97 is 0.462623

pgibbs sample time: 6e-05 seconds
probability of topic_Student_77 is 0.580474

pgibbs sample time: 8.7e-05 seconds
probability of topic_ResearchProject_73 is 0.617425

pgibbs sample time: 5.8e-05 seconds
probability of topic_Course_95 is 0.475394

pgibbs sample time: 5.8e-05 seconds
probability of topic_ResearchProject_97 is 0.397012

pgibbs sample time: 0.007296 seconds
probability of topic_Department_159 is 0.341062

pgibbs sample time: 0.000815 seconds
probability of topic_Student_65 is 0.550956

pgibbs sample time: 0.005739 seconds
probability of topic_Person_300 is 0.515185

pgibbs sample time: 0.007738 seconds
probability of topic_Course_81 is 0.405075

pgibbs sample time: 0.005121 seconds
probability of topic_ResearchProject_90 is 0.371283

pgibbs sample time: 0.006267 seconds
probability of topic_Department_79 is 0.216959

pgibbs sample time: 5.7e-05 seconds
probability of topic_Staff_56 is 0.505232

pgibbs sample time: 0.000497 seconds
probability of topic_Department_49 is 0.392481

pgibbs sample time: 0.005709 seconds
probability of topic_Staff_168 is 0.721668

pgibbs sample time: 5.8e-05 seconds
probability of topic_Person_54 is 0.374065

pgibbs sample time: 8.4e-05 seconds
probability of topic_Student_82 is 0.502841

pgibbs sample time: 0.000987 seconds
probability of topic_Department_124 is 0.445939

pgibbs sample time: 0.000969 seconds
probability of topic_Department_139 is 0.400325

pgibbs sample time: 0.001065 seconds
probability of topic_Student_308 is 0.540294

pgibbs sample time: 0.000968 seconds
probability of topic_Department_308 is 0.697479

pgibbs sample time: 0.007472 seconds
probability of topic_Student_50 is 0.612838

pgibbs sample time: 7.3e-05 seconds
probability of topic_Person_91 is 0.505122

pgibbs sample time: 7.3e-05 seconds
probability of topic_ResearchProject_6 is 0.414491

pgibbs sample time: 5.8e-05 seconds
probability of topic_Faculty_66 is 0.401781

pgibbs sample time: 0.000288 seconds
probability of topic_Department_41 is 0.412756

pgibbs sample time: 6e-05 seconds
probability of topic_Student_76 is 0.578996

pgibbs sample time: 5.8e-05 seconds
probability of topic_Course_36 is 0.687328

pgibbs sample time: 5.8e-05 seconds
probability of topic_Department_8 is 0.477736

pgibbs sample time: 5.7e-05 seconds
probability of topic_Faculty_87 is 0.504936

pgibbs sample time: 0.000377 seconds
probability of topic_ResearchProject_24 is 0.576236

pgibbs sample time: 5.8e-05 seconds
probability of topic_Faculty_77 is 0.465007

pgibbs sample time: 0.007548 seconds
probability of topic_Faculty_195 is 0.387159

pgibbs sample time: 0.00024 seconds
probability of topic_Department_166 is 0.514983

pgibbs sample time: 5.7e-05 seconds
probability of topic_Student_4 is 0.534022

pgibbs sample time: 0.005879 seconds
probability of topic_Person_68 is 0.508022

pgibbs sample time: 0.00754 seconds
probability of topic_Department_113 is 0.281024

pgibbs sample time: 7.2e-05 seconds
probability of topic_Person_25 is 0.521188

pgibbs sample time: 0.007432 seconds
probability of topic_Department_305 is 0.413577

pgibbs sample time: 0.000566 seconds
probability of topic_Person_85 is 0.684113

pgibbs sample time: 0.000512 seconds
probability of topic_Student_7 is 0.508621

pgibbs sample time: 0.000376 seconds
probability of topic_Person_24 is 0.46388

pgibbs sample time: 8.5e-05 seconds
probability of topic_Student_99 is 0.608991

pgibbs sample time: 5.7e-05 seconds
probability of topic_Department_97 is 0.336359

pgibbs sample time: 8.4e-05 seconds
probability of topic_Person_73 is 0.341147

pgibbs sample time: 5.6e-05 seconds
probability of topic_Staff_54 is 0.497096

pgibbs sample time: 0.000507 seconds
probability of topic_Faculty_94 is 0.407449

pgibbs sample time: 5.7e-05 seconds
probability of topic_Person_97 is 0.406991

pgibbs sample time: 8.4e-05 seconds
probability of topic_Person_99 is 0.557872

pgibbs sample time: 0.006024 seconds
probability of topic_Department_80 is 0.238834

pgibbs sample time: 8.5e-05 seconds
probability of topic_Course_29 is 0.357067

pgibbs sample time: 0.007522 seconds
probability of topic_ResearchProject_81 is 0.416416

pgibbs sample time: 9.8e-05 seconds
probability of topic_Course_48 is 0.358377

pgibbs sample time: 0.00447 seconds
probability of topic_Faculty_88 is 0.481712

pgibbs sample time: 0.000515 seconds
probability of topic_ResearchProject_85 is 0.282938

pgibbs sample time: 0.000583 seconds
probability of topic_ResearchProject_128 is 0.508056

pgibbs sample time: 8.5e-05 seconds
probability of topic_Staff_11 is 0.155006

pgibbs sample time: 7.2e-05 seconds
probability of topic_Faculty_98 is 0.516744

pgibbs sample time: 0.0001 seconds
probability of topic_ResearchProject_9 is 0.322278

pgibbs sample time: 0.007256 seconds
probability of topic_Staff_103 is 0.502747

pgibbs sample time: 0.000623 seconds
probability of topic_Faculty_157 is 0.490855

pgibbs sample time: 7.3e-05 seconds
probability of topic_Department_25 is 0.613331

pgibbs sample time: 5.7e-05 seconds
probability of topic_ResearchProject_16 is 0.442936

pgibbs sample time: 0.005888 seconds
probability of topic_Person_43 is 0.224913

pgibbs sample time: 0.000851 seconds
probability of topic_ResearchProject_308 is 0.439272

pgibbs sample time: 5.8e-05 seconds
probability of topic_Department_28 is 0.480109

pgibbs sample time: 0.000338 seconds
probability of topic_Course_94 is 0.42382

pgibbs sample time: 0.007473 seconds
probability of topic_Student_159 is 0.607971

pgibbs sample time: 0.001097 seconds
probability of topic_Student_237 is 0.546385

pgibbs sample time: 0.004957 seconds
probability of topic_ResearchProject_79 is 0.267014

pgibbs sample time: 0.000244 seconds
probability of topic_Department_63 is 0.63622

pgibbs sample time: 0.001066 seconds
probability of topic_Student_139 is 0.635625

pgibbs sample time: 0.00021 seconds
probability of topic_Student_63 is 0.511666

pgibbs sample time: 0.000376 seconds
probability of topic_Person_243 is 0.54884

pgibbs sample time: 0.000957 seconds
probability of topic_Student_124 is 0.589224

pgibbs sample time: 0.005857 seconds
probability of topic_Course_221 is 0.50969

pgibbs sample time: 0.000473 seconds
probability of topic_Course_49 is 0.422554

pgibbs sample time: 5.8e-05 seconds
probability of topic_Student_98 is 0.712049

pgibbs sample time: 8.4e-05 seconds
probability of topic_Person_27 is 0.476875

pgibbs sample time: 5.8e-05 seconds
probability of topic_ResearchProject_62 is 0.470989

pgibbs sample time: 0.000456 seconds
probability of topic_Staff_108 is 0.419488

pgibbs sample time: 5.7e-05 seconds
probability of topic_Course_77 is 0.499328

pgibbs sample time: 0.000833 seconds
probability of topic_Department_71 is 0.427962

pgibbs sample time: 0.007522 seconds
probability of topic_ResearchProject_37 is 0.47406

pgibbs sample time: 8.6e-05 seconds
probability of topic_ResearchProject_91 is 0.387792

pgibbs sample time: 8.3e-05 seconds
probability of topic_Course_86 is 0.282528

pgibbs sample time: 0.004265 seconds
probability of topic_Student_198 is 0.460575

pgibbs sample time: 5.8e-05 seconds
probability of topic_Person_60 is 0.481716

pgibbs sample time: 0.008098 seconds
probability of topic_Department_153 is 0.707597

pgibbs sample time: 5.7e-05 seconds
probability of topic_Student_2 is 0.425061

pgibbs sample time: 0.00075 seconds
probability of topic_Student_154 is 0.40396

pgibbs sample time: 0.000376 seconds
probability of topic_Person_229 is 0.324544

pgibbs sample time: 0.00114 seconds
probability of topic_Person_124 is 0.499181

pgibbs sample time: 0.000252 seconds
probability of topic_Faculty_166 is 0.516343

pgibbs sample time: 0.006192 seconds
probability of topic_Person_168 is 0.57601

pgibbs sample time: 0.000631 seconds
probability of topic_Staff_85 is 0.360036

pgibbs sample time: 6.1e-05 seconds
probability of topic_Course_4 is 0.475249

