observed tuples: r1577 r4696 r2400 r3025 r2465 r1621 r2041 r1724 r343 r2829 r298 r86 r346 r3138 r4941 r3459 r4979 r3882 r68 r3455 r4743 r1624 r3032 r4911 r1714 r3524 r1052 r1277 r823 r3518 r3836 r4632 r4996 r1875 r4594 hasword_sequenc_31 hasword_dec_11 r1182 r1675 hasword_model_1 r2751 r1272 r109 r265 r2432 r4394 r784 r3636 r1028 r3273 r2200 r3938 r4566 r44 r4991 r2359 r2554 r1879 r4537 r3442 r2142 hasword_formal_44 r354 r3915 r808 r2869 hasword_apr_48 r3309 r559 hasword_materi_17 r1699 r1552 r1424 r3536 hasword_public_61 r107 r1635 r1405 r4004 r2055 r2528 r3843 r4681 r3805 r631 r3159 r371 hasword_modifi_55 r1541 hasword_date_20 r1467 r4714 r3516 r2226 r2027 r3663 r1557 r4784 r836 r1882 r1937 r4034 hasword_research_24 r1867 links_43_40 r3982 r1323 r4126 r2896 r287 links_46_59 hasword_austin_37 r802 hasword_mime_60 r1004 r4654 r1719 r3230 hasword_handout_19 r4841 r4543 r4613 hasword_jan_63 r2199 hasword_represent_4 links_59_46 r3549 r1495 r7 r3037 r4803 r2832 r4848 hasword_procedur_12 hasword_account_21 r206 r3575 r2526 r1753 r737 r4098 r1130 r4451 hasword_home_33 hasword_modifi_15 r2270 hasword_semest_47 r3626 r504 r3460 r2800 r4596 r4694 r1686 r2863 r4684 r3312 r200 hasword_softwar_32 r1592 hasword_game_43 r4885 r4870 hasword_html_18 hasword_interest_41 r2904 hasword_email_59 hasword_data_38 r648 r3771 hasword_implement_8 r1502 r1472 r1885 hasword_art_50 r4597 hasword_jan_10 r4024 r3891 links_51_21 r4942 r3392 r813 hasword_jan_25 r1652 r2133 links_33_19 hasword_high_65 r2966 r1353 r676 r2575 hasword_servic_9 r40 r695 r4410 r4498 r673 hasword_facil_9 r1236 rl r235 r4324 r1777 r4842 r2927 r3661 r3666 r1994 r1274 hasword_jan_58 hasword_date_7 r4908 r2675 hasword_develop_13 r4956 r2050 hasword_univers_40 r4721 hasword_test_52 r4811 hasword_fall_47 hasword_call_44 r2103 r2792 hasword_design_39 r1746 r3708 hasword_gmt_28 r4030 r3228 r2501 links_47_12 hasword_length_62 r1168 r2903 r1898 hasword_gener_22 hasword_man_34 r4365 hasword_syllabu_54 r3031 hasword_jan_51 hasword_gmt_16 hasword_scienc_42 r3206 r4921 hasword_phone_2 r4608 r4051 r3884 hasword_scienc_14 r3944 r2789 hasword_text_66 r795 r904 r4697 hasword_specif_26 r556 r4665 r2462 r3732 r4521 hasword_type_46 hasword_separ_57 r714 r2094 r1612 r4133 r2701 r2245 r4581 r198 r2316 hasword_system_36 r3854 r1282 r2622 r911 r4760 hasword_access_35 hasword_date_6 hasword_algorithm_3 hasword_laboratori_64 r405 r4674 r4388 hasword_utexa_45 r3542 r2715 r3310 r3768 r665 r294 r1647 r1148 r3931 r225 hasword_html_5 r4530 r1761 r3100 r3570 r3688 hasword_prototyp_26 r3642 r17 r3094 r3576 r1520 r3745 r4782 hasword_jan_27 r4209 r3789 r2782 r4156 r2205 hasword_depart_29 r2425 r2069 r4285 r331 r963 r656 r3641 r3317 r741 r2324 r769 hasword_home_49 r4592 r3959 hasword_texa_23 r4975 r1124 r3848 r1190 r4120 r1794 r4529 r2083 r3879 r3250 r59 hasword_includ_56 r177 r3440 r3424 r979 r2550 r42 r55 r1159 r3136 r856 r2280 r2762 r4033 r2348 links_22_35 r3933 r3801 r3462 r2543 r4897 r4316 r285 r4323 r1406 r3449 r3158 r3777 r758 r232 r2209 r321 r2885 r2936 r2620 r1679 links_61_39 r413 r3420 r4028 hasword_tree_30 r2024 r1925 r4386 r422 r66 r3600 hasword_date_53 r2047 r4149 r2471 r4473 r2569 r2277 r1657 r2218 r1997 r2812 r4177 r2448 r1427 r4801 r691 r542 r477 r231 r1369 r4980 r4549 r1843 r4303 r2429 r842 r3505 r2694 r1197 r4144 r2468 r3999 r3035 r4284 r359 r1202 r4472 r1831 r4200 r1058 r3904 r3450 r4738 r4497 r1122 r1970 r330 r397 r1140 r126 
size of observed tuples: 443
size of unobserved tuples: 427

pgibbs sample time: 8.7e-05 seconds
probability of topic_Course_3 is 0.490213

pgibbs sample time: 5.9e-05 seconds
probability of topic_ResearchProject_49 is 0.29903

pgibbs sample time: 5.7e-05 seconds
probability of topic_Student_41 is 0.774864

pgibbs sample time: 6.1e-05 seconds
probability of topic_Student_16 is 0.493937

pgibbs sample time: 5.6e-05 seconds
probability of topic_Student_5 is 0.486212

pgibbs sample time: 5.7e-05 seconds
probability of topic_Student_20 is 0.493937

pgibbs sample time: 5.7e-05 seconds
probability of topic_Department_13 is 0.428502

pgibbs sample time: 5.6e-05 seconds
probability of topic_ResearchProject_30 is 0.496069

pgibbs sample time: 5.5e-05 seconds
probability of topic_Person_10 is 0.505972

pgibbs sample time: 5.4e-05 seconds
probability of topic_Staff_23 is 0.464129

pgibbs sample time: 5.6e-05 seconds
probability of topic_Faculty_47 is 0.650745

pgibbs sample time: 5.6e-05 seconds
probability of topic_Department_38 is 0.535473

pgibbs sample time: 0.000226 seconds
probability of topic_Staff_43 is 0.451443

pgibbs sample time: 0.000233 seconds
probability of topic_Department_35 is 0.514794

pgibbs sample time: 0.000226 seconds
probability of topic_Person_61 is 0.499062

pgibbs sample time: 5.7e-05 seconds
probability of topic_ResearchProject_45 is 0.499619

pgibbs sample time: 5.7e-05 seconds
probability of topic_ResearchProject_3 is 0.401107

pgibbs sample time: 5.6e-05 seconds
probability of topic_Department_53 is 0.480109

pgibbs sample time: 5.6e-05 seconds
probability of topic_Department_23 is 0.442131

pgibbs sample time: 5.7e-05 seconds
probability of topic_Student_54 is 0.386345

pgibbs sample time: 5.6e-05 seconds
probability of topic_Department_5 is 0.481264

pgibbs sample time: 5.6e-05 seconds
probability of topic_Person_58 is 0.505972

pgibbs sample time: 6.9e-05 seconds
probability of topic_Student_9 is 0.425073

pgibbs sample time: 0.000221 seconds
probability of topic_Staff_21 is 0.50915

pgibbs sample time: 5.6e-05 seconds
probability of topic_Person_3 is 0.454429

pgibbs sample time: 0.000265 seconds
probability of topic_Student_47 is 0.455797

pgibbs sample time: 5.7e-05 seconds
probability of topic_Department_33 is 0.643413

pgibbs sample time: 5.8e-05 seconds
probability of topic_Faculty_15 is 0.429819

pgibbs sample time: 5.5e-05 seconds
probability of topic_Student_37 is 0.511284

pgibbs sample time: 0.000222 seconds
probability of topic_Person_21 is 0.397759

pgibbs sample time: 7.3e-05 seconds
probability of topic_ResearchProject_26 is 0.543882

pgibbs sample time: 0.00022 seconds
probability of topic_Person_51 is 0.494868

pgibbs sample time: 5.5e-05 seconds
probability of topic_Person_30 is 0.490523

pgibbs sample time: 5.5e-05 seconds
probability of topic_Person_38 is 0.34738

pgibbs sample time: 5.8e-05 seconds
probability of topic_Department_3 is 0.420608

pgibbs sample time: 5.8e-05 seconds
probability of topic_Staff_34 is 0.493938

pgibbs sample time: 5.4e-05 seconds
probability of topic_Staff_16 is 0.447858

pgibbs sample time: 5.7e-05 seconds
probability of topic_Faculty_32 is 0.406926

pgibbs sample time: 0.000205 seconds
probability of topic_ResearchProject_22 is 0.607869

pgibbs sample time: 5.7e-05 seconds
probability of topic_Person_49 is 0.699056

pgibbs sample time: 5.7e-05 seconds
probability of topic_Department_50 is 0.476935

pgibbs sample time: 6.8e-05 seconds
probability of topic_Course_9 is 0.462346

pgibbs sample time: 5.5e-05 seconds
probability of topic_Course_42 is 0.523905

pgibbs sample time: 5.5e-05 seconds
probability of topic_Faculty_65 is 0.449955

pgibbs sample time: 0.000197 seconds
probability of topic_Staff_47 is 0.384983

pgibbs sample time: 5.8e-05 seconds
probability of topic_Faculty_54 is 0.486159

pgibbs sample time: 5.6e-05 seconds
probability of topic_Person_64 is 0.497282

pgibbs sample time: 5.6e-05 seconds
probability of topic_Staff_48 is 0.459677

pgibbs sample time: 5.5e-05 seconds
probability of topic_ResearchProject_11 is 0.210008

pgibbs sample time: 5.6e-05 seconds
probability of topic_Student_17 is 0.298945

pgibbs sample time: 6.9e-05 seconds
probability of topic_Person_44 is 0.548804

pgibbs sample time: 0.000203 seconds
probability of topic_ResearchProject_19 is 0.503998

pgibbs sample time: 5.8e-05 seconds
probability of topic_Faculty_38 is 0.477852

pgibbs sample time: 0.000194 seconds
probability of topic_Course_51 is 0.462152

pgibbs sample time: 5.8e-05 seconds
probability of topic_Faculty_64 is 0.53041

pgibbs sample time: 5.6e-05 seconds
probability of topic_Person_31 is 0.484264

pgibbs sample time: 5.5e-05 seconds
probability of topic_Staff_37 is 0.472063

pgibbs sample time: 7.1e-05 seconds
probability of topic_Student_26 is 0.628265

pgibbs sample time: 5.6e-05 seconds
probability of topic_Student_32 is 0.466327

pgibbs sample time: 5.6e-05 seconds
probability of topic_Person_4 is 0.544751

pgibbs sample time: 5.7e-05 seconds
probability of topic_ResearchProject_28 is 0.442936

pgibbs sample time: 5.5e-05 seconds
probability of topic_Person_63 is 0.505972

pgibbs sample time: 5.8e-05 seconds
probability of topic_Faculty_14 is 0.62985

pgibbs sample time: 9.6e-05 seconds
probability of topic_Course_52 is 0.435111

pgibbs sample time: 5.3e-05 seconds
probability of topic_Course_23 is 0.497804

pgibbs sample time: 5.6e-05 seconds
probability of topic_Student_15 is 0.50726

pgibbs sample time: 5.4e-05 seconds
probability of topic_Course_18 is 0.415922

pgibbs sample time: 5.4e-05 seconds
probability of topic_Staff_58 is 0.576178

pgibbs sample time: 6.5e-05 seconds
probability of topic_Student_33 is 0.701025

pgibbs sample time: 5.4e-05 seconds
probability of topic_Department_16 is 0.480109

pgibbs sample time: 5.5e-05 seconds
probability of topic_ResearchProject_16 is 0.442936

pgibbs sample time: 5.6e-05 seconds
probability of topic_Department_32 is 0.376874

pgibbs sample time: 5.5e-05 seconds
probability of topic_Course_63 is 0.47654

pgibbs sample time: 5.6e-05 seconds
probability of topic_Course_57 is 0.52745

pgibbs sample time: 5.6e-05 seconds
probability of topic_Department_11 is 0.378791

pgibbs sample time: 5.7e-05 seconds
probability of topic_Student_23 is 0.527927

pgibbs sample time: 0.000252 seconds
probability of topic_Person_47 is 0.473317

pgibbs sample time: 5.8e-05 seconds
probability of topic_Faculty_25 is 0.489816

pgibbs sample time: 0.00027 seconds
probability of topic_Department_12 is 0.493154

pgibbs sample time: 5.5e-05 seconds
probability of topic_Person_53 is 0.498179

pgibbs sample time: 5.7e-05 seconds
probability of topic_Student_58 is 0.524583

pgibbs sample time: 0.000221 seconds
probability of topic_Staff_51 is 0.562237

pgibbs sample time: 5.6e-05 seconds
probability of topic_Department_48 is 0.405568

pgibbs sample time: 0.000201 seconds
probability of topic_Department_39 is 0.385255

pgibbs sample time: 5.6e-05 seconds
probability of topic_Faculty_50 is 0.518346

pgibbs sample time: 5.5e-05 seconds
probability of topic_Student_1 is 0.468158

pgibbs sample time: 0.000201 seconds
probability of topic_Department_61 is 0.489246

pgibbs sample time: 0.000221 seconds
probability of topic_Course_43 is 0.415091

pgibbs sample time: 5.7e-05 seconds
probability of topic_Department_65 is 0.409874

pgibbs sample time: 5.4e-05 seconds
probability of topic_Course_10 is 0.47654

pgibbs sample time: 5.5e-05 seconds
probability of topic_Person_16 is 0.498179

pgibbs sample time: 0.000209 seconds
probability of topic_ResearchProject_61 is 0.688916

pgibbs sample time: 0.000335 seconds
probability of topic_Course_46 is 0.422137

pgibbs sample time: 5.5e-05 seconds
probability of topic_Faculty_2 is 0.52117

pgibbs sample time: 0.000293 seconds
probability of topic_Person_59 is 0.492999

pgibbs sample time: 0.000332 seconds
probability of topic_Faculty_59 is 0.570501

pgibbs sample time: 0.00022 seconds
probability of topic_Course_21 is 0.517339

pgibbs sample time: 5.7e-05 seconds
probability of topic_Staff_45 is 0.494667

pgibbs sample time: 5.4e-05 seconds
probability of topic_Person_15 is 0.489056

pgibbs sample time: 5.7e-05 seconds
probability of topic_ResearchProject_34 is 0.551646

pgibbs sample time: 5.5e-05 seconds
probability of topic_ResearchProject_24 is 0.602294

pgibbs sample time: 5.6e-05 seconds
probability of topic_ResearchProject_13 is 0.522631

pgibbs sample time: 5.7e-05 seconds
probability of topic_Department_57 is 0.498504

pgibbs sample time: 5.5e-05 seconds
probability of topic_Course_8 is 0.615754

pgibbs sample time: 0.000209 seconds
probability of topic_Department_21 is 0.45782

pgibbs sample time: 6.2e-05 seconds
probability of topic_Department_7 is 0.480109

pgibbs sample time: 0.000295 seconds
probability of topic_ResearchProject_46 is 0.435427

pgibbs sample time: 5.6e-05 seconds
probability of topic_Person_17 is 0.251716

pgibbs sample time: 5.5e-05 seconds
probability of topic_Course_62 is 0.435971

pgibbs sample time: 5.7e-05 seconds
probability of topic_Department_60 is 0.429697

pgibbs sample time: 0.00027 seconds
probability of topic_Department_47 is 0.335329

pgibbs sample time: 6.9e-05 seconds
probability of topic_Course_44 is 0.322237

pgibbs sample time: 5.9e-05 seconds
probability of topic_Student_42 is 0.602305

pgibbs sample time: 5.7e-05 seconds
probability of topic_Department_20 is 0.480109

pgibbs sample time: 0.000256 seconds
probability of topic_Course_12 is 0.621417

pgibbs sample time: 5.6e-05 seconds
probability of topic_Course_14 is 0.523905

pgibbs sample time: 5.4e-05 seconds
probability of topic_Person_36 is 0.56344

pgibbs sample time: 5.7e-05 seconds
probability of topic_Student_31 is 0.474627

pgibbs sample time: 5.8e-05 seconds
probability of topic_Faculty_27 is 0.489816

pgibbs sample time: 5.5e-05 seconds
probability of topic_Person_57 is 0.476931

pgibbs sample time: 5.5e-05 seconds
probability of topic_Person_13 is 0.513057

pgibbs sample time: 0.000224 seconds
probability of topic_Staff_39 is 0.694554

pgibbs sample time: 0.000194 seconds
probability of topic_Course_39 is 0.65972

pgibbs sample time: 5.7e-05 seconds
probability of topic_Student_48 is 0.459081

pgibbs sample time: 5.6e-05 seconds
probability of topic_Faculty_57 is 0.490698

pgibbs sample time: 5.7e-05 seconds
probability of topic_Student_14 is 0.602305

pgibbs sample time: 0.000236 seconds
probability of topic_Student_61 is 0.400758

pgibbs sample time: 5.5e-05 seconds
probability of topic_Staff_57 is 0.479842

pgibbs sample time: 5.7e-05 seconds
probability of topic_Staff_54 is 0.497096

pgibbs sample time: 0.000292 seconds
probability of topic_Person_46 is 0.486778

pgibbs sample time: 5.8e-05 seconds
probability of topic_ResearchProject_32 is 0.651756

pgibbs sample time: 0.000229 seconds
probability of topic_Faculty_43 is 0.458867

pgibbs sample time: 5.4e-05 seconds
probability of topic_Staff_18 is 0.423377

pgibbs sample time: 5.4e-05 seconds
probability of topic_Staff_1 is 0.521778

pgibbs sample time: 5.7e-05 seconds
probability of topic_Department_14 is 0.412026

pgibbs sample time: 5.6e-05 seconds
probability of topic_ResearchProject_23 is 0.46694

pgibbs sample time: 0.000204 seconds
probability of topic_Student_40 is 0.616323

pgibbs sample time: 5.7e-05 seconds
probability of topic_Department_55 is 0.39707

pgibbs sample time: 5.6e-05 seconds
probability of topic_Staff_50 is 0.470018

pgibbs sample time: 5.5e-05 seconds
probability of topic_Course_34 is 0.489873

pgibbs sample time: 0.00022 seconds
probability of topic_Course_19 is 0.695218

pgibbs sample time: 5.8e-05 seconds
probability of topic_Faculty_44 is 0.480273

pgibbs sample time: 5.7e-05 seconds
probability of topic_ResearchProject_15 is 0.474026

pgibbs sample time: 5.8e-05 seconds
probability of topic_Department_17 is 0.572671

pgibbs sample time: 0.000338 seconds
probability of topic_Course_59 is 0.452114

pgibbs sample time: 5.6e-05 seconds
probability of topic_Staff_32 is 0.59457

pgibbs sample time: 5.7e-05 seconds
probability of topic_Faculty_3 is 0.541141

pgibbs sample time: 5.7e-05 seconds
probability of topic_Student_11 is 0.0545471

pgibbs sample time: 5.6e-05 seconds
probability of topic_ResearchProject_4 is 0.479583

pgibbs sample time: 5.5e-05 seconds
probability of topic_ResearchProject_5 is 0.423904

pgibbs sample time: 5.6e-05 seconds
probability of topic_Faculty_58 is 0.489816

pgibbs sample time: 0.000223 seconds
probability of topic_Person_40 is 0.641085

pgibbs sample time: 5.7e-05 seconds
probability of topic_Faculty_56 is 0.571956

pgibbs sample time: 5.4e-05 seconds
probability of topic_Staff_10 is 0.576178

pgibbs sample time: 5.7e-05 seconds
probability of topic_Student_57 is 0.487116

pgibbs sample time: 5.4e-05 seconds
probability of topic_Staff_30 is 0.501153

pgibbs sample time: 5.5e-05 seconds
probability of topic_Staff_63 is 0.576178

pgibbs sample time: 5.8e-05 seconds
probability of topic_Department_64 is 0.484707

pgibbs sample time: 0.000225 seconds
probability of topic_Staff_19 is 0.510492

pgibbs sample time: 5.6e-05 seconds
probability of topic_Staff_2 is 0.729589

pgibbs sample time: 5.6e-05 seconds
probability of topic_Department_10 is 0.649423

pgibbs sample time: 5.5e-05 seconds
probability of topic_Student_50 is 0.603735

pgibbs sample time: 0.000228 seconds
probability of topic_Department_43 is 0.426108

pgibbs sample time: 6.8e-05 seconds
probability of topic_Person_26 is 0.585279

pgibbs sample time: 7.1e-05 seconds
probability of topic_Course_26 is 0.5223

pgibbs sample time: 5.8e-05 seconds
probability of topic_ResearchProject_27 is 0.462699

pgibbs sample time: 5.6e-05 seconds
probability of topic_Student_49 is 0.701025

pgibbs sample time: 0.000223 seconds
probability of topic_Course_61 is 0.330837

pgibbs sample time: 0.000237 seconds
probability of topic_ResearchProject_39 is 0.579445

pgibbs sample time: 5.5e-05 seconds
probability of topic_Course_24 is 0.419802

pgibbs sample time: 5.7e-05 seconds
probability of topic_Faculty_28 is 0.419826

pgibbs sample time: 5.6e-05 seconds
probability of topic_Staff_41 is 0.461239

pgibbs sample time: 5.8e-05 seconds
probability of topic_Department_56 is 0.601492

pgibbs sample time: 5.6e-05 seconds
probability of topic_Faculty_62 is 0.431532

pgibbs sample time: 5.6e-05 seconds
probability of topic_ResearchProject_60 is 0.490687

pgibbs sample time: 5.6e-05 seconds
probability of topic_Student_53 is 0.493937

pgibbs sample time: 5.3e-05 seconds
probability of topic_Person_28 is 0.498179

pgibbs sample time: 5.6e-05 seconds
probability of topic_Student_10 is 0.524583

pgibbs sample time: 0.000233 seconds
probability of topic_Faculty_39 is 0.412909

pgibbs sample time: 0.00022 seconds
probability of topic_Course_40 is 0.565138

pgibbs sample time: 5.6e-05 seconds
probability of topic_Course_28 is 0.425378

pgibbs sample time: 6.1e-05 seconds
probability of topic_Faculty_18 is 0.387388

pgibbs sample time: 5.5e-05 seconds
probability of topic_Course_41 is 0.404836

pgibbs sample time: 5.7e-05 seconds
probability of topic_ResearchProject_53 is 0.442936

pgibbs sample time: 5.5e-05 seconds
probability of topic_Department_6 is 0.480109

pgibbs sample time: 0.000236 seconds
probability of topic_Faculty_33 is 0.457887

pgibbs sample time: 7.1e-05 seconds
probability of topic_Staff_9 is 0.458123

pgibbs sample time: 0.000335 seconds
probability of topic_Student_59 is 0.417729

pgibbs sample time: 5.8e-05 seconds
probability of topic_Student_56 is 0.323068

pgibbs sample time: 5.7e-05 seconds
probability of topic_Department_27 is 0.649423

pgibbs sample time: 0.000231 seconds
probability of topic_Student_43 is 0.530882

pgibbs sample time: 5.8e-05 seconds
probability of topic_Faculty_42 is 0.62985

pgibbs sample time: 0.000236 seconds
probability of topic_Faculty_19 is 0.493586

pgibbs sample time: 5.7e-05 seconds
probability of topic_Student_27 is 0.524583

pgibbs sample time: 5.6e-05 seconds
probability of topic_Faculty_8 is 0.467878

pgibbs sample time: 5.6e-05 seconds
probability of topic_Department_24 is 0.631889

pgibbs sample time: 5.6e-05 seconds
probability of topic_Staff_55 is 0.392841

pgibbs sample time: 0.000225 seconds
probability of topic_Person_22 is 0.392847

pgibbs sample time: 0.000219 seconds
probability of topic_Course_33 is 0.558595

pgibbs sample time: 6.8e-05 seconds
probability of topic_Faculty_9 is 0.464437

pgibbs sample time: 5.4e-05 seconds
probability of topic_Person_7 is 0.498179

pgibbs sample time: 5.8e-05 seconds
probability of topic_ResearchProject_41 is 0.379861

pgibbs sample time: 5.7e-05 seconds
probability of topic_Staff_29 is 0.553711

pgibbs sample time: 0.000223 seconds
probability of topic_Course_22 is 0.55126

pgibbs sample time: 5.7e-05 seconds
probability of topic_Student_7 is 0.493937

pgibbs sample time: 5.7e-05 seconds
probability of topic_Course_45 is 0.499943

pgibbs sample time: 0.000199 seconds
probability of topic_Department_40 is 0.630497

pgibbs sample time: 5.8e-05 seconds
probability of topic_ResearchProject_55 is 0.474026

pgibbs sample time: 5.5e-05 seconds
probability of topic_ResearchProject_18 is 0.423904

pgibbs sample time: 5.6e-05 seconds
probability of topic_Person_56 is 0.392505

pgibbs sample time: 0.000232 seconds
probability of topic_Faculty_22 is 0.373109

pgibbs sample time: 5.7e-05 seconds
probability of topic_ResearchProject_20 is 0.442936

pgibbs sample time: 5.6e-05 seconds
probability of topic_Person_55 is 0.489056

pgibbs sample time: 0.000234 seconds
probability of topic_ResearchProject_35 is 0.560039

pgibbs sample time: 0.00023 seconds
probability of topic_Student_21 is 0.477433

pgibbs sample time: 0.000226 seconds
probability of topic_Person_39 is 0.450608

pgibbs sample time: 5.7e-05 seconds
probability of topic_Student_25 is 0.524583

pgibbs sample time: 5.4e-05 seconds
probability of topic_Staff_27 is 0.576178

pgibbs sample time: 5.7e-05 seconds
probability of topic_Person_25 is 0.505972

pgibbs sample time: 5.4e-05 seconds
probability of topic_Person_20 is 0.498179

pgibbs sample time: 0.000204 seconds
probability of topic_Faculty_35 is 0.601582

pgibbs sample time: 5.6e-05 seconds
probability of topic_Staff_28 is 0.447858

pgibbs sample time: 7.2e-05 seconds
probability of topic_Department_9 is 0.581249

pgibbs sample time: 0.000248 seconds
probability of topic_Staff_33 is 0.448652

pgibbs sample time: 5.6e-05 seconds
probability of topic_Person_65 is 0.524409

pgibbs sample time: 5.5e-05 seconds
probability of topic_Staff_3 is 0.465986

pgibbs sample time: 5.8e-05 seconds
probability of topic_Faculty_49 is 0.471597

pgibbs sample time: 5.5e-05 seconds
probability of topic_Person_27 is 0.505972

pgibbs sample time: 5.5e-05 seconds
probability of topic_Course_25 is 0.47654

pgibbs sample time: 5.4e-05 seconds
probability of topic_Course_30 is 0.576832

pgibbs sample time: 5.6e-05 seconds
probability of topic_Faculty_29 is 0.662028

pgibbs sample time: 7.3e-05 seconds
probability of topic_ResearchProject_47 is 0.410996

pgibbs sample time: 5.6e-05 seconds
probability of topic_Faculty_41 is 0.694037

pgibbs sample time: 7.1e-05 seconds
probability of topic_Faculty_26 is 0.580655

pgibbs sample time: 5.6e-05 seconds
probability of topic_Staff_36 is 0.517015

pgibbs sample time: 5.3e-05 seconds
probability of topic_Staff_52 is 0.511184

pgibbs sample time: 5.4e-05 seconds
probability of topic_Person_2 is 0.620991

pgibbs sample time: 5.6e-05 seconds
probability of topic_Student_62 is 0.501822

pgibbs sample time: 5.7e-05 seconds
probability of topic_Course_36 is 0.687328

pgibbs sample time: 5.6e-05 seconds
probability of topic_ResearchProject_66 is 0.437775

pgibbs sample time: 5.5e-05 seconds
probability of topic_Staff_65 is 0.443048

pgibbs sample time: 5.7e-05 seconds
probability of topic_Department_15 is 0.39707

pgibbs sample time: 5.6e-05 seconds
probability of topic_Department_54 is 0.498189

pgibbs sample time: 0.000297 seconds
probability of topic_ResearchProject_59 is 0.503605

pgibbs sample time: 0.000226 seconds
probability of topic_Staff_40 is 0.556542

pgibbs sample time: 5.5e-05 seconds
probability of topic_Person_62 is 0.482416

pgibbs sample time: 5.5e-05 seconds
probability of topic_Faculty_1 is 0.517145

pgibbs sample time: 5.7e-05 seconds
probability of topic_Student_13 is 0.540469

pgibbs sample time: 5.6e-05 seconds
probability of topic_Staff_15 is 0.392841

pgibbs sample time: 5.6e-05 seconds
probability of topic_ResearchProject_63 is 0.462699

pgibbs sample time: 5.5e-05 seconds
probability of topic_Staff_60 is 0.412752

pgibbs sample time: 5.7e-05 seconds
probability of topic_Student_28 is 0.493937

pgibbs sample time: 5.5e-05 seconds
probability of topic_Person_34 is 0.427691

pgibbs sample time: 5.8e-05 seconds
probability of topic_ResearchProject_29 is 0.386627

pgibbs sample time: 5.6e-05 seconds
probability of topic_Course_54 is 0.598444

pgibbs sample time: 5.5e-05 seconds
probability of topic_Staff_22 is 0.552182

pgibbs sample time: 0.000345 seconds
probability of topic_Department_46 is 0.475353

pgibbs sample time: 5.6e-05 seconds
probability of topic_Staff_7 is 0.447858

pgibbs sample time: 5.8e-05 seconds
probability of topic_ResearchProject_6 is 0.442936

pgibbs sample time: 5.6e-05 seconds
probability of topic_Course_13 is 0.459095

pgibbs sample time: 5.5e-05 seconds
probability of topic_Student_3 is 0.439683

pgibbs sample time: 0.000252 seconds
probability of topic_Person_12 is 0.452042

pgibbs sample time: 5.9e-05 seconds
probability of topic_Student_64 is 0.469789

pgibbs sample time: 5.5e-05 seconds
probability of topic_Course_55 is 0.43891

pgibbs sample time: 5.5e-05 seconds
probability of topic_Person_50 is 0.585637

pgibbs sample time: 5.5e-05 seconds
probability of topic_Faculty_7 is 0.419826

pgibbs sample time: 5.4e-05 seconds
probability of topic_Staff_6 is 0.447858

pgibbs sample time: 5.8e-05 seconds
probability of topic_Department_4 is 0.48277

pgibbs sample time: 5.6e-05 seconds
probability of topic_Faculty_30 is 0.519036

pgibbs sample time: 0.000337 seconds
probability of topic_Student_46 is 0.492171

pgibbs sample time: 0.000232 seconds
probability of topic_ResearchProject_33 is 0.287368

pgibbs sample time: 5.5e-05 seconds
probability of topic_Course_2 is 0.464953

pgibbs sample time: 5.7e-05 seconds
probability of topic_Student_45 is 0.495991

pgibbs sample time: 5.8e-05 seconds
probability of topic_ResearchProject_57 is 0.489022

pgibbs sample time: 5.5e-05 seconds
probability of topic_Person_29 is 0.615632

pgibbs sample time: 6.9e-05 seconds
probability of topic_Person_9 is 0.385403

pgibbs sample time: 5.7e-05 seconds
probability of topic_ResearchProject_31 is 0.495024

pgibbs sample time: 5.5e-05 seconds
probability of topic_Person_6 is 0.498179

pgibbs sample time: 5.5e-05 seconds
probability of topic_Staff_62 is 0.389253

pgibbs sample time: 0.000223 seconds
probability of topic_Course_35 is 0.621655

pgibbs sample time: 5.7e-05 seconds
probability of topic_Faculty_17 is 0.446163

pgibbs sample time: 5.6e-05 seconds
probability of topic_Student_22 is 0.43523

pgibbs sample time: 0.000321 seconds
probability of topic_Staff_59 is 0.4983

pgibbs sample time: 0.00032 seconds
probability of topic_Staff_46 is 0.433162

pgibbs sample time: 6.4e-05 seconds
probability of topic_Student_60 is 0.526876

pgibbs sample time: 0.000234 seconds
probability of topic_Faculty_51 is 0.475976

pgibbs sample time: 5.6e-05 seconds
probability of topic_Person_45 is 0.488394

pgibbs sample time: 5.6e-05 seconds
probability of topic_ResearchProject_56 is 0.543606

pgibbs sample time: 5.6e-05 seconds
probability of topic_Course_29 is 0.487672

pgibbs sample time: 5.7e-05 seconds
probability of topic_Student_36 is 0.570691

pgibbs sample time: 5.6e-05 seconds
probability of topic_Faculty_55 is 0.429819

pgibbs sample time: 5.7e-05 seconds
probability of topic_Department_31 is 0.478045

pgibbs sample time: 5.5e-05 seconds
probability of topic_Department_62 is 0.482103

pgibbs sample time: 0.000345 seconds
probability of topic_Department_59 is 0.53218

pgibbs sample time: 0.000224 seconds
probability of topic_Staff_61 is 0.502656

pgibbs sample time: 5.7e-05 seconds
probability of topic_Faculty_48 is 0.417515

pgibbs sample time: 5.6e-05 seconds
probability of topic_ResearchProject_58 is 0.462699

pgibbs sample time: 5.5e-05 seconds
probability of topic_Staff_53 is 0.447858

pgibbs sample time: 5.6e-05 seconds
probability of topic_Department_52 is 0.452421

pgibbs sample time: 5.7e-05 seconds
probability of topic_ResearchProject_48 is 0.374853

pgibbs sample time: 5.6e-05 seconds
probability of topic_Faculty_63 is 0.489816

pgibbs sample time: 5.6e-05 seconds
probability of topic_ResearchProject_10 is 0.462699

pgibbs sample time: 5.8e-05 seconds
probability of topic_Department_2 is 0.492523

pgibbs sample time: 5.5e-05 seconds
probability of topic_Student_34 is 0.438594

pgibbs sample time: 0.00023 seconds
probability of topic_ResearchProject_40 is 0.400194

pgibbs sample time: 5.5e-05 seconds
probability of topic_Course_16 is 0.425378

pgibbs sample time: 5.7e-05 seconds
probability of topic_Student_66 is 0.48777

pgibbs sample time: 5.6e-05 seconds
probability of topic_Faculty_60 is 0.432194

pgibbs sample time: 5.5e-05 seconds
probability of topic_Student_38 is 0.3807

pgibbs sample time: 0.000224 seconds
probability of topic_Staff_12 is 0.505254

pgibbs sample time: 7e-05 seconds
probability of topic_Staff_44 is 0.447579

pgibbs sample time: 5.5e-05 seconds
probability of topic_Faculty_53 is 0.419826

pgibbs sample time: 5.7e-05 seconds
probability of topic_ResearchProject_65 is 0.529164

pgibbs sample time: 5.5e-05 seconds
probability of topic_ResearchProject_25 is 0.462699

pgibbs sample time: 5.6e-05 seconds
probability of topic_Faculty_11 is 0.312406

pgibbs sample time: 5.5e-05 seconds
probability of topic_Staff_49 is 0.462791

pgibbs sample time: 0.00023 seconds
probability of topic_ResearchProject_21 is 0.54492

pgibbs sample time: 0.000234 seconds
probability of topic_Faculty_21 is 0.496341

pgibbs sample time: 5.7e-05 seconds
probability of topic_Course_11 is 0.31139

pgibbs sample time: 6.9e-05 seconds
probability of topic_Student_44 is 0.499309

pgibbs sample time: 5.6e-05 seconds
probability of topic_Course_50 is 0.427222

pgibbs sample time: 5.7e-05 seconds
probability of topic_Department_29 is 0.692524

pgibbs sample time: 5.6e-05 seconds
probability of topic_Staff_11 is 0.280067

pgibbs sample time: 5.7e-05 seconds
probability of topic_Faculty_34 is 0.488039

pgibbs sample time: 0.000224 seconds
probability of topic_Course_47 is 0.758464

pgibbs sample time: 5.6e-05 seconds
probability of topic_Course_60 is 0.411195

pgibbs sample time: 5.4e-05 seconds
probability of topic_Course_38 is 0.409805

pgibbs sample time: 5.4e-05 seconds
probability of topic_Person_66 is 0.486242

pgibbs sample time: 5.7e-05 seconds
probability of topic_ResearchProject_64 is 0.470243

pgibbs sample time: 0.00023 seconds
probability of topic_Faculty_40 is 0.587785

pgibbs sample time: 5.6e-05 seconds
probability of topic_Staff_20 is 0.447858

pgibbs sample time: 5.7e-05 seconds
probability of topic_Department_58 is 0.649423

pgibbs sample time: 5.6e-05 seconds
probability of topic_Faculty_16 is 0.419826

pgibbs sample time: 5.6e-05 seconds
probability of topic_Faculty_66 is 0.401781

pgibbs sample time: 5.5e-05 seconds
probability of topic_ResearchProject_52 is 0.476468

pgibbs sample time: 5.7e-05 seconds
probability of topic_Staff_13 is 0.457572

pgibbs sample time: 5.8e-05 seconds
probability of topic_Department_36 is 0.371091

pgibbs sample time: 5.6e-05 seconds
probability of topic_Student_63 is 0.524583

pgibbs sample time: 5.5e-05 seconds
probability of topic_Course_5 is 0.415922

pgibbs sample time: 5.7e-05 seconds
probability of topic_Department_18 is 0.481264

pgibbs sample time: 5.7e-05 seconds
probability of topic_ResearchProject_2 is 0.437523

pgibbs sample time: 5.4e-05 seconds
probability of topic_Staff_25 is 0.576178

pgibbs sample time: 7.1e-05 seconds
probability of topic_Department_44 is 0.373148

pgibbs sample time: 5.7e-05 seconds
probability of topic_Student_29 is 0.538624

pgibbs sample time: 5.5e-05 seconds
probability of topic_Person_54 is 0.374065

pgibbs sample time: 5.6e-05 seconds
probability of topic_Faculty_20 is 0.419826

pgibbs sample time: 5.6e-05 seconds
probability of topic_Staff_56 is 0.505232

pgibbs sample time: 5.4e-05 seconds
probability of topic_Course_58 is 0.47654

pgibbs sample time: 5.6e-05 seconds
probability of topic_Faculty_23 is 0.478687

pgibbs sample time: 0.000206 seconds
probability of topic_ResearchProject_43 is 0.450356

pgibbs sample time: 0.000224 seconds
probability of topic_Person_33 is 0.68996

pgibbs sample time: 5.5e-05 seconds
probability of topic_Staff_5 is 0.423377

pgibbs sample time: 0.000197 seconds
probability of topic_Person_19 is 0.383952

pgibbs sample time: 5.5e-05 seconds
probability of topic_Person_42 is 0.661866

pgibbs sample time: 5.9e-05 seconds
probability of topic_Faculty_13 is 0.546112

pgibbs sample time: 5.5e-05 seconds
probability of topic_Course_32 is 0.425578

pgibbs sample time: 5.7e-05 seconds
probability of topic_Department_49 is 0.643413

pgibbs sample time: 7.1e-05 seconds
probability of topic_ResearchProject_44 is 0.498634

pgibbs sample time: 5.5e-05 seconds
probability of topic_Person_14 is 0.661866

pgibbs sample time: 5.8e-05 seconds
probability of topic_ResearchProject_42 is 0.510441

pgibbs sample time: 5.5e-05 seconds
probability of topic_Staff_4 is 0.46839

pgibbs sample time: 5.5e-05 seconds
probability of topic_Course_15 is 0.43891

pgibbs sample time: 5.6e-05 seconds
probability of topic_Staff_64 is 0.503992

pgibbs sample time: 5.5e-05 seconds
probability of topic_Faculty_5 is 0.387388

pgibbs sample time: 5.7e-05 seconds
probability of topic_ResearchProject_14 is 0.510441

pgibbs sample time: 5.6e-05 seconds
probability of topic_Department_41 is 0.424289

pgibbs sample time: 5.7e-05 seconds
probability of topic_Department_8 is 0.477736

pgibbs sample time: 5.7e-05 seconds
probability of topic_Department_63 is 0.649423

pgibbs sample time: 0.000237 seconds
probability of topic_Student_39 is 0.32077

pgibbs sample time: 0.000232 seconds
probability of topic_Student_51 is 0.511272

pgibbs sample time: 5.6e-05 seconds
probability of topic_Student_4 is 0.534022

pgibbs sample time: 5.4e-05 seconds
probability of topic_Staff_38 is 0.45716

pgibbs sample time: 5.8e-05 seconds
probability of topic_ResearchProject_50 is 0.482183

pgibbs sample time: 0.00027 seconds
probability of topic_Department_51 is 0.637696

pgibbs sample time: 5.5e-05 seconds
probability of topic_Course_27 is 0.47654

pgibbs sample time: 5.5e-05 seconds
probability of topic_Person_11 is 0.0568886

pgibbs sample time: 5.3e-05 seconds
probability of topic_Course_48 is 0.519589

pgibbs sample time: 7.3e-05 seconds
probability of topic_ResearchProject_9 is 0.365006

pgibbs sample time: 7.2e-05 seconds
probability of topic_Course_49 is 0.577641

pgibbs sample time: 5.6e-05 seconds
probability of topic_Department_25 is 0.649423

pgibbs sample time: 0.000222 seconds
probability of topic_Person_43 is 0.486714

pgibbs sample time: 5.7e-05 seconds
probability of topic_Department_28 is 0.480109

pgibbs sample time: 5.9e-05 seconds
probability of topic_Department_42 is 0.412026

pgibbs sample time: 0.000268 seconds
probability of topic_Student_12 is 0.501461

pgibbs sample time: 5.7e-05 seconds
probability of topic_ResearchProject_62 is 0.470989

pgibbs sample time: 5.5e-05 seconds
probability of topic_Course_17 is 0.75994

pgibbs sample time: 5.7e-05 seconds
probability of topic_Faculty_31 is 0.547991

pgibbs sample time: 5.5e-05 seconds
probability of topic_Staff_8 is 0.555017

pgibbs sample time: 5.8e-05 seconds
probability of topic_ResearchProject_7 is 0.442936

pgibbs sample time: 5.6e-05 seconds
probability of topic_ResearchProject_37 is 0.493629

pgibbs sample time: 5.3e-05 seconds
probability of topic_Student_2 is 0.425061

pgibbs sample time: 5.6e-05 seconds
probability of topic_Student_65 is 0.541661

pgibbs sample time: 5.5e-05 seconds
probability of topic_Person_24 is 0.488201

pgibbs sample time: 5.7e-05 seconds
probability of topic_Faculty_10 is 0.489816

pgibbs sample time: 5.7e-05 seconds
probability of topic_ResearchProject_38 is 0.541454

pgibbs sample time: 0.000204 seconds
probability of topic_Department_22 is 0.728317

pgibbs sample time: 5.7e-05 seconds
probability of topic_Faculty_45 is 0.499912

pgibbs sample time: 5.5e-05 seconds
probability of topic_Department_30 is 0.495797

pgibbs sample time: 5.7e-05 seconds
probability of topic_ResearchProject_36 is 0.403352

pgibbs sample time: 5.6e-05 seconds
probability of topic_Course_4 is 0.475249

pgibbs sample time: 5.5e-05 seconds
probability of topic_Department_34 is 0.48951

pgibbs sample time: 5.6e-05 seconds
probability of topic_Department_37 is 0.448246

pgibbs sample time: 6.1e-05 seconds
probability of topic_Staff_17 is 0.455511

pgibbs sample time: 7.2e-05 seconds
probability of topic_Department_26 is 0.601214

pgibbs sample time: 5.6e-05 seconds
probability of topic_Department_45 is 0.498531

pgibbs sample time: 5.4e-05 seconds
probability of topic_Faculty_6 is 0.419826

pgibbs sample time: 5.7e-05 seconds
probability of topic_ResearchProject_17 is 0.479381

pgibbs sample time: 5.6e-05 seconds
probability of topic_Person_32 is 0.481126

pgibbs sample time: 6.7e-05 seconds
probability of topic_Staff_26 is 0.418233

pgibbs sample time: 5.6e-05 seconds
probability of topic_Course_66 is 0.419663

pgibbs sample time: 5.7e-05 seconds
probability of topic_Department_66 is 0.477106

pgibbs sample time: 0.000235 seconds
probability of topic_Faculty_61 is 0.648704

pgibbs sample time: 0.000223 seconds
probability of topic_Person_35 is 0.50009

pgibbs sample time: 0.000229 seconds
probability of topic_ResearchProject_51 is 0.447609

pgibbs sample time: 5.6e-05 seconds
probability of topic_Student_6 is 0.493937

pgibbs sample time: 5.7e-05 seconds
probability of topic_Student_55 is 0.50726

pgibbs sample time: 5.5e-05 seconds
probability of topic_Person_8 is 0.54974

pgibbs sample time: 5.5e-05 seconds
probability of topic_Course_37 is 0.498392

pgibbs sample time: 5.5e-05 seconds
probability of topic_Staff_24 is 0.637281

pgibbs sample time: 5.5e-05 seconds
probability of topic_Person_37 is 0.463107

pgibbs sample time: 5.4e-05 seconds
probability of topic_Person_52 is 0.535638

pgibbs sample time: 5.5e-05 seconds
probability of topic_Course_31 is 0.464736

pgibbs sample time: 5.5e-05 seconds
probability of topic_Faculty_4 is 0.531785

pgibbs sample time: 0.000338 seconds
probability of topic_Faculty_46 is 0.399612

pgibbs sample time: 5.7e-05 seconds
probability of topic_Faculty_37 is 0.469554

pgibbs sample time: 5.8e-05 seconds
probability of topic_Person_41 is 0.796164

pgibbs sample time: 5.7e-05 seconds
probability of topic_Student_18 is 0.486212

