observed tuples: r3624 r4696 r3461 r278 r421 r4221 r2645 r4487 r2829 r86 r4941 r68 r3455 r4257 r3025 r4022 r2586 r1076 r4743 r1624 r2611 r126 r2936 r4233 r133 r1738 r4019 r397 r1457 r4057 r247 r1122 r4024 r3891 r2247 r1080 r2050 r3553 r1083 r4738 r956 r1621 r2879 r3684 r3509 r4410 r155 r4200 r1871 r3789 r3383 r4158 r2133 r2061 r862 r2179 r343 r13 r2380 r3035 r3361 r2359 r1879 r2554 r4597 r610 r2384 r4543 r1424 r774 r4146 r1609 r4889 r231 r1679 r2110 r2280 r319 r2600 r4801 r1472 r2448 r4177 r2812 r4991 r1997 r371 r2569 r516 r1028 r3519 r4955 r3600 r66 r4921 r422 r4386 r1925 r1885 r3420 r2903 r2620 r3459 r4979 r2277 r1428 r1762 r3032 r182 r2710 r2885 r2209 r321 r232 r2714 r3055 r395 r2751 r3391 r2528 r3843 r3495 r1406 r353 r4323 r2715 r3310 r1277 r4897 r282 r4316 r4497 r1506 r3801 r675 r856 r4012 r979 r3739 r1052 r4529 r1794 r1668 r3087 r346 r4132 r2218 r1657 r1124 r3848 r3959 r2324 r741 r769 r3915 r808 r2520 r4942 r2748 r4857 r2651 r17 r2762 r4033 r7 r1369 r1287 r2153 r2069 r859 r3481 r1175 r2782 r2484 r3518 r4263 r2723 r1434 r4873 r4264 r3643 r1520 r3576 r3094 r1831 r4472 r3642 r331 r656 r963 r1156 r3688 r4596 r504 r3653 r1761 r42 r2550 r2589 r4530 r2672 r334 r3974 r2316 r2142 r1724 r2103 r2417 r665 r3449 r555 r1833 r2800 r3136 r4388 r40 r2685 r4760 r1282 r2461 r842 r3411 r1182 r3343 r1578 r4632 r1978 r3854 r4654 r1004 r4702 hasword_system_36 r1190 r4120 r298 r2485 r3805 r4133 r10 r4883 r316 r3096 r1405 r4562 r3549 r1495 r3931 r1148 hasword_effici_31 hasword_sequenc_31 r1140 r84 r3321 r3564 r3997 hasword_game_43 hasword_oct_96 r4885 r200 r2863 r4684 r1635 r107 r1717 r3442 r3159 r631 hasword_interest_41 r2904 r556 r4874 r3167 r1557 r405 hasword_laboratori_64 r2015 r3158 r1086 hasword_jan_63 links_59_46 r2199 hasword_represent_4 r4485 r2425 hasword_depart_29 r3115 hasword_phone_2 r3768 links_51_153 r4307 r2676 hasword_account_21 r187 r2832 r2185 r3037 hasword_univers_40 hasword_offic_83 r1274 r2526 r1933 r2992 r2221 r285 links_102_20 links_34_119 r413 links_61_39 r3836 r4004 r2166 r3450 r4292 r3884 r4051 r1358 hasword_request_43 r3524 r1902 r525 hasword_server_108 r3183 r4714 links_47_146 r1882 hasword_develop_159 r4656 hasword_semest_47 r2270 r3999 hasword_institut_146 links_89_26 r235 r939 hasword_cern_146 r1168 hasword_length_62 hasword_nov_98 links_75_153 r4848 hasword_procedur_12 hasword_art_50 r388 r4034 hasword_link_97 r2983 r3666 hasword_modifi_15 hasword_home_33 hasword_read_99 r4473 r4512 r3514 hasword_net_70 r1118 r1419 r477 r4030 r3228 r2864 hasword_gmt_28 r2471 r4149 r3748 hasword_develop_13 r4694 r3547 r4324 hasword_facil_9 r4674 links_51_159 r4261 hasword_servic_9 hasword_research_168 hasword_mail_84 r2465 r3206 r2245 r2701 r737 r4098 r1830 hasword_jan_51 hasword_length_88 r4176 r3882 hasword_jan_25 r3902 r1970 r566 r2041 hasword_year_87 r3317 r4870 hasword_jan_10 r3230 r1719 hasword_kei_82 r4451 r1427 hasword_statem_77 hasword_austin_37 links_46_59 hasword_person_84 r802 hasword_mime_60 r138 r2047 r1065 hasword_date_53 hasword_specif_26 r4697 r2957 hasword_home_78 r1423 r1612 r301 r4204 r1875 hasword_man_34 hasword_gener_22 r1898 r2106 r2027 r3663 r3440 r4248 r2733 r4521 hasword_type_46 r4535 r3536 r3521 r4594 r414 hasword_student_75 hasword_dec_11 r933 r2231 r3497 r3405 hasword_consult_154 r1734 hasword_html_18 r2543 r3462 r2535 hasword_web_89 r2657 r3555 hasword_server_74 hasword_model_177 links_33_19 hasword_modifi_55 links_41_177 r2024 hasword_tree_30 hasword_softwar_55 hasword_fridai_113 r4492 hasword_model_1 r3575 r4219 r206 hasword_line_79 r1354 r1058 r2348 r3335 r3397 r1543 r4665 links_18_102 r1699 r2264 r4209 hasword_jan_27 r1036 r1678 hasword_high_65 links_30_168 links_20_102 r2432 links_69_168 r265 r2792 r1647 r294 r411 r2694 links_55_153 r1197 r4549 r4980 hasword_public_61 r4498 r673 r714 r2094 hasword_separ_57 r2225 r3732 r1278 r4841 r2261 r2287 r4916 hasword_handout_19 r3513 links_78_90 r4613 links_33_127 r4144 r226 r3526 r2128 r3273 r1502 r3771 hasword_implement_8 r3933 links_22_35 r4469 hasword_graduat_72 hasword_produc_79 r359 r4284 r3392 r2501 links_47_12 hasword_content_107 hasword_appoint_83 r1619 r4956 r2329 r3064 hasword_email_59 hasword_robert_67 r4303 r1843 hasword_imag_127 r4285 r1755 links_65_154 r229 r1652 r621 r795 r904 r2429 r1851 r253 r1824 r1686 hasword_prototyp_26 r4348 r3938 rl r1236 r2462 r4156 r3982 r1323 links_94_108 r2823 r3460 hasword_output_43 links_43_88 links_43_40 r1937 hasword_html_5 r4383 r225 r2403 r2638 r1353 r676 r783 r1675 r2107 hasword_date_6 hasword_algorithm_3 hasword_www_153 hasword_access_35 hasword_version_86 r1753 r1195 r836 r4784 r177 hasword_includ_56 r59 r3626 r4997 r2055 r1746 r3708 hasword_design_39 r1296 r4608 r3542 hasword_utexa_45 hasword_modifi_93 r1994 links_93_71 r4165 r3505 r91 links_43_68 hasword_hall_49 r4127 r3100 r3570 hasword_learn_128 r4592 hasword_home_49 r2574 links_49_89 r1544 r4071 r198 hasword_austin_119 r4581 r3031 r2226 hasword_due_91 r1461 r3108 hasword_formal_44 hasword_onlin_76 r1130 r1552 r559 hasword_materi_17 links_51_21 hasword_group_73 hasword_server_73 r2869 r4043 r4996 r3377 links_51_113 hasword_task_80 hasword_fall_47 r1100 r488 hasword_server_81 hasword_mime_85 r4803 hasword_code_102 hasword_type_68 hasword_apr_48 hasword_text_66 hasword_scienc_14 r3944 r1912 r2789 hasword_texa_23 r4975 hasword_date_7 hasword_jan_58 r630 hasword_student_58 links_65_107 r3479 hasword_home_85 hasword_algorithm_43 r2745 r823 r3996 hasword_research_24 r1867 r3904 links_85_128 r2097 hasword_server_27 r354 r4721 r1777 r1173 r2739 hasword_block_124 r453 hasword_call_44 r911 r2622 r1341 r2400 links_44_124 r4842 r3661 r2927 r597 hasword_back_92 r2148 r3309 r472 r4537 r1159 r55 r1592 hasword_softwar_32 r44 hasword_date_20 r1541 r2239 r4782 r4367 r3745 r4811 hasword_test_52 r3312 r1294 r4066 r3517 r4566 r4159 r1202 hasword_syllabu_54 r4365 r4681 r921 hasword_mime_71 r4126 r296 r1600 r2896 r2200 r2601 r3195 r1577 r3698 r4108 hasword_format_95 r2468 links_108_7 r3263 r3665 r3138 hasword_server_69 r1714 r4911 r2205 r1604 r26 r1530 r4394 r784 r3636 r4735 r542 r691 r109 r1272 r2575 links_108_94 r758 r3777 r277 r2416 r3250 r3879 r2083 hasword_scienc_42 hasword_gmt_16 r4879 r3185 r385 links_10_153 r540 r4334 r1360 r3641 r3424 r3668 r4028 links_71_93 hasword_text_94 r4908 r2675 r1529 r330 hasword_www_90 r2402 r287 r1467 r2228 r3516 r2966 r1602 r648 hasword_data_38 r2868 links_107_65 r695 r813 
size of observed tuples: 796
size of unobserved tuples: 741

pgibbs sample time: 7.9e-05 seconds
probability of topic_Course_3 is 0.490213

pgibbs sample time: 0.000437 seconds
probability of topic_ResearchProject_49 is 0.213259

pgibbs sample time: 0.000206 seconds
probability of topic_Student_177 is 0.474684

pgibbs sample time: 0.000207 seconds
probability of topic_Student_41 is 0.765482

pgibbs sample time: 5.8e-05 seconds
probability of topic_Student_16 is 0.493937

pgibbs sample time: 0.000464 seconds
probability of topic_Course_154 is 0.475382

pgibbs sample time: 0.000469 seconds
probability of topic_Course_65 is 0.491188

pgibbs sample time: 5.6e-05 seconds
probability of topic_Student_5 is 0.486212

pgibbs sample time: 5.7e-05 seconds
probability of topic_Department_96 is 0.395175

pgibbs sample time: 5.7e-05 seconds
probability of topic_Department_98 is 0.63036

pgibbs sample time: 5.6e-05 seconds
probability of topic_ResearchProject_95 is 0.452445

pgibbs sample time: 5.6e-05 seconds
probability of topic_Course_82 is 0.495167

pgibbs sample time: 0.001335 seconds
probability of topic_Person_10 is 0.490116

pgibbs sample time: 5.5e-05 seconds
probability of topic_Staff_23 is 0.464129

pgibbs sample time: 0.000235 seconds
probability of topic_Student_119 is 0.527335

pgibbs sample time: 5.6e-05 seconds
probability of topic_ResearchProject_23 is 0.46694

pgibbs sample time: 0.00024 seconds
probability of topic_Person_177 is 0.448847

pgibbs sample time: 5.7e-05 seconds
probability of topic_Person_37 is 0.463107

pgibbs sample time: 0.000264 seconds
probability of topic_ResearchProject_47 is 0.395945

pgibbs sample time: 5.7e-05 seconds
probability of topic_Department_32 is 0.376874

pgibbs sample time: 0.000502 seconds
probability of topic_Department_94 is 0.479086

pgibbs sample time: 5.8e-05 seconds
probability of topic_ResearchProject_5 is 0.423904

pgibbs sample time: 0.000453 seconds
probability of topic_Staff_108 is 0.419488

pgibbs sample time: 7.1e-05 seconds
probability of topic_Student_84 is 0.550452

pgibbs sample time: 0.000376 seconds
probability of topic_ResearchProject_30 is 0.478455

pgibbs sample time: 0.000497 seconds
probability of topic_Student_102 is 0.391696

pgibbs sample time: 5.7e-05 seconds
probability of topic_Faculty_79 is 0.489675

pgibbs sample time: 5.5e-05 seconds
probability of topic_Person_85 is 0.699056

pgibbs sample time: 5.7e-05 seconds
probability of topic_ResearchProject_92 is 0.484864

pgibbs sample time: 5.5e-05 seconds
probability of topic_Person_74 is 0.486143

pgibbs sample time: 0.00027 seconds
probability of topic_Faculty_146 is 0.523442

pgibbs sample time: 0.000237 seconds
probability of topic_Faculty_47 is 0.637346

pgibbs sample time: 5.5e-05 seconds
probability of topic_Staff_67 is 0.482886

pgibbs sample time: 5.5e-05 seconds
probability of topic_Person_62 is 0.482416

pgibbs sample time: 5.8e-05 seconds
probability of topic_Faculty_67 is 0.47323

pgibbs sample time: 0.000233 seconds
probability of topic_Department_22 is 0.728317

pgibbs sample time: 7.2e-05 seconds
probability of topic_Faculty_73 is 0.362342

pgibbs sample time: 5.5e-05 seconds
probability of topic_Staff_38 is 0.45716

pgibbs sample time: 0.000492 seconds
probability of topic_Person_94 is 0.487774

pgibbs sample time: 5.7e-05 seconds
probability of topic_Student_95 is 0.372561

pgibbs sample time: 0.0005 seconds
probability of topic_Staff_18 is 0.410553

pgibbs sample time: 5.6e-05 seconds
probability of topic_Staff_24 is 0.637281

pgibbs sample time: 5.5e-05 seconds
probability of topic_Course_37 is 0.498392

pgibbs sample time: 0.000606 seconds
probability of topic_Faculty_43 is 0.385942

pgibbs sample time: 5.6e-05 seconds
probability of topic_Staff_96 is 0.426056

pgibbs sample time: 5.7e-05 seconds
probability of topic_Department_67 is 0.459988

pgibbs sample time: 5.6e-05 seconds
probability of topic_Faculty_28 is 0.419826

pgibbs sample time: 6.9e-05 seconds
probability of topic_Course_58 is 0.516072

pgibbs sample time: 0.000497 seconds
probability of topic_Student_18 is 0.475293

pgibbs sample time: 0.000304 seconds
probability of topic_Department_107 is 0.482075

pgibbs sample time: 0.000341 seconds
probability of topic_Faculty_93 is 0.433334

pgibbs sample time: 5.7e-05 seconds
probability of topic_Department_54 is 0.498189

pgibbs sample time: 0.000302 seconds
probability of topic_ResearchProject_146 is 0.560033

pgibbs sample time: 5.8e-05 seconds
probability of topic_Faculty_56 is 0.571956

pgibbs sample time: 5.6e-05 seconds
probability of topic_Course_4 is 0.475249

pgibbs sample time: 0.000254 seconds
probability of topic_Staff_85 is 0.361537

pgibbs sample time: 5.9e-05 seconds
probability of topic_Faculty_13 is 0.546112

pgibbs sample time: 5.5e-05 seconds
probability of topic_Person_24 is 0.488201

pgibbs sample time: 0.000509 seconds
probability of topic_Student_154 is 0.449121

pgibbs sample time: 5.5e-05 seconds
probability of topic_Student_2 is 0.425061

pgibbs sample time: 5.5e-05 seconds
probability of topic_Course_86 is 0.403024

pgibbs sample time: 5.7e-05 seconds
probability of topic_ResearchProject_91 is 0.441232

pgibbs sample time: 5.7e-05 seconds
probability of topic_ResearchProject_37 is 0.493629

pgibbs sample time: 0.000336 seconds
probability of topic_Department_71 is 0.435149

pgibbs sample time: 5.7e-05 seconds
probability of topic_Department_13 is 0.428502

pgibbs sample time: 0.000337 seconds
probability of topic_Department_93 is 0.400543

pgibbs sample time: 5.6e-05 seconds
probability of topic_Course_77 is 0.499328

pgibbs sample time: 5.7e-05 seconds
probability of topic_ResearchProject_62 is 0.470989

pgibbs sample time: 5.5e-05 seconds
probability of topic_ResearchProject_77 is 0.508503

pgibbs sample time: 5.6e-05 seconds
probability of topic_Student_98 is 0.712049

pgibbs sample time: 0.000431 seconds
probability of topic_Course_49 is 0.456292

pgibbs sample time: 0.000264 seconds
probability of topic_Student_124 is 0.517422

pgibbs sample time: 5.8e-05 seconds
probability of topic_Department_28 is 0.480109

pgibbs sample time: 0.00058 seconds
probability of topic_Person_43 is 0.323685

pgibbs sample time: 5.8e-05 seconds
probability of topic_Department_25 is 0.649423

pgibbs sample time: 7.1e-05 seconds
probability of topic_ResearchProject_9 is 0.365006

pgibbs sample time: 0.001421 seconds
probability of topic_Student_75 is 0.738258

pgibbs sample time: 5.7e-05 seconds
probability of topic_Faculty_98 is 0.505241

pgibbs sample time: 5.6e-05 seconds
probability of topic_Staff_11 is 0.280067

pgibbs sample time: 7.4e-05 seconds
probability of topic_ResearchProject_85 is 0.29128

pgibbs sample time: 5.6e-05 seconds
probability of topic_Course_48 is 0.519589

pgibbs sample time: 5.6e-05 seconds
probability of topic_ResearchProject_81 is 0.435576

pgibbs sample time: 5.5e-05 seconds
probability of topic_Course_29 is 0.487672

pgibbs sample time: 5.7e-05 seconds
probability of topic_Department_80 is 0.491353

pgibbs sample time: 5.6e-05 seconds
probability of topic_Person_99 is 0.626929

pgibbs sample time: 5.4e-05 seconds
probability of topic_Person_97 is 0.406991

pgibbs sample time: 7e-05 seconds
probability of topic_Person_73 is 0.395858

pgibbs sample time: 5.6e-05 seconds
probability of topic_Department_97 is 0.336359

pgibbs sample time: 5.5e-05 seconds
probability of topic_Person_92 is 0.476547

pgibbs sample time: 6.8e-05 seconds
probability of topic_Course_27 is 0.396843

pgibbs sample time: 5.4e-05 seconds
probability of topic_Person_11 is 0.0568886

pgibbs sample time: 0.001441 seconds
probability of topic_Department_113 is 0.280502

pgibbs sample time: 0.00144 seconds
probability of topic_Department_51 is 0.601489

pgibbs sample time: 5.7e-05 seconds
probability of topic_Student_4 is 0.534022

pgibbs sample time: 0.001423 seconds
probability of topic_Student_113 is 0.342416

pgibbs sample time: 5.8e-05 seconds
probability of topic_Department_63 is 0.649423

pgibbs sample time: 5.6e-05 seconds
probability of topic_Faculty_77 is 0.465007

pgibbs sample time: 5.6e-05 seconds
probability of topic_ResearchProject_24 is 0.602294

pgibbs sample time: 6e-05 seconds
probability of topic_Department_8 is 0.477736

pgibbs sample time: 0.000451 seconds
probability of topic_Staff_94 is 0.504495

pgibbs sample time: 5.7e-05 seconds
probability of topic_Course_36 is 0.687328

pgibbs sample time: 5.9e-05 seconds
probability of topic_Student_76 is 0.578996

pgibbs sample time: 0.000239 seconds
probability of topic_Department_41 is 0.412562

pgibbs sample time: 6e-05 seconds
probability of topic_ResearchProject_6 is 0.442936

pgibbs sample time: 5.9e-05 seconds
probability of topic_Person_91 is 0.45713

pgibbs sample time: 5.7e-05 seconds
probability of topic_Faculty_82 is 0.471343

pgibbs sample time: 5.6e-05 seconds
probability of topic_Student_50 is 0.603735

pgibbs sample time: 0.000272 seconds
probability of topic_Department_124 is 0.515679

pgibbs sample time: 0.000377 seconds
probability of topic_ResearchProject_168 is 0.6314

pgibbs sample time: 5.9e-05 seconds
probability of topic_Student_82 is 0.562528

pgibbs sample time: 0.000496 seconds
probability of topic_Person_108 is 0.472531

pgibbs sample time: 5.7e-05 seconds
probability of topic_Person_54 is 0.374065

pgibbs sample time: 0.000456 seconds
probability of topic_Department_49 is 0.480831

pgibbs sample time: 5.6e-05 seconds
probability of topic_Staff_56 is 0.505232

pgibbs sample time: 7.1e-05 seconds
probability of topic_Department_79 is 0.442519

pgibbs sample time: 0.001426 seconds
probability of topic_Student_55 is 0.458711

pgibbs sample time: 5.8e-05 seconds
probability of topic_Course_81 is 0.419524

pgibbs sample time: 0.000234 seconds
probability of topic_Course_119 is 0.51303

pgibbs sample time: 0.000232 seconds
probability of topic_Course_34 is 0.475569

pgibbs sample time: 5.6e-05 seconds
probability of topic_Person_42 is 0.661866

pgibbs sample time: 0.000509 seconds
probability of topic_Student_65 is 0.52996

pgibbs sample time: 0.001443 seconds
probability of topic_Department_159 is 0.439433

pgibbs sample time: 5.8e-05 seconds
probability of topic_ResearchProject_97 is 0.397012

pgibbs sample time: 5.6e-05 seconds
probability of topic_Course_95 is 0.475394

pgibbs sample time: 5.6e-05 seconds
probability of topic_Staff_97 is 0.462623

pgibbs sample time: 6e-05 seconds
probability of topic_Student_13 is 0.540469

pgibbs sample time: 5.6e-05 seconds
probability of topic_Faculty_23 is 0.478687

pgibbs sample time: 0.000669 seconds
probability of topic_ResearchProject_43 is 0.301436

pgibbs sample time: 0.000397 seconds
probability of topic_Person_33 is 0.677147

pgibbs sample time: 0.00033 seconds
probability of topic_Faculty_71 is 0.435852

pgibbs sample time: 5.8e-05 seconds
probability of topic_Student_29 is 0.538624

pgibbs sample time: 5.7e-05 seconds
probability of topic_Course_23 is 0.497804

pgibbs sample time: 5.7e-05 seconds
probability of topic_Staff_13 is 0.457572

pgibbs sample time: 5.9e-05 seconds
probability of topic_Department_36 is 0.371091

pgibbs sample time: 0.000488 seconds
probability of topic_ResearchProject_18 is 0.410358

pgibbs sample time: 5.8e-05 seconds
probability of topic_Course_5 is 0.415922

pgibbs sample time: 5.7e-05 seconds
probability of topic_Student_63 is 0.524583

pgibbs sample time: 0.000222 seconds
probability of topic_Staff_128 is 0.599857

pgibbs sample time: 6.2e-05 seconds
probability of topic_ResearchProject_3 is 0.401107

pgibbs sample time: 5.7e-05 seconds
probability of topic_Faculty_60 is 0.432194

pgibbs sample time: 5.6e-05 seconds
probability of topic_Faculty_57 is 0.490698

pgibbs sample time: 6.9e-05 seconds
probability of topic_Department_58 is 0.876534

pgibbs sample time: 5.5e-05 seconds
probability of topic_Staff_70 is 0.497347

pgibbs sample time: 5.6e-05 seconds
probability of topic_Person_3 is 0.454429

pgibbs sample time: 0.0005 seconds
probability of topic_Staff_102 is 0.472438

pgibbs sample time: 0.000499 seconds
probability of topic_Staff_20 is 0.449381

pgibbs sample time: 7.2e-05 seconds
probability of topic_ResearchProject_31 is 0.498826

pgibbs sample time: 0.000268 seconds
probability of topic_Department_44 is 0.359779

pgibbs sample time: 0.000367 seconds
probability of topic_Department_168 is 0.659065

pgibbs sample time: 0.000235 seconds
probability of topic_Faculty_44 is 0.467003

pgibbs sample time: 5.8e-05 seconds
probability of topic_Department_50 is 0.476935

pgibbs sample time: 7e-05 seconds
probability of topic_Staff_73 is 0.456252

pgibbs sample time: 0.000513 seconds
probability of topic_Department_102 is 0.416943

pgibbs sample time: 5.6e-05 seconds
probability of topic_Staff_25 is 0.576178

pgibbs sample time: 5.7e-05 seconds
probability of topic_ResearchProject_2 is 0.437523

pgibbs sample time: 0.000512 seconds
probability of topic_Department_18 is 0.469653

pgibbs sample time: 5.8e-05 seconds
probability of topic_ResearchProject_64 is 0.470243

pgibbs sample time: 5.5e-05 seconds
probability of topic_Person_66 is 0.486242

pgibbs sample time: 5.5e-05 seconds
probability of topic_Course_38 is 0.409805

pgibbs sample time: 5.7e-05 seconds
probability of topic_Faculty_53 is 0.419826

pgibbs sample time: 0.000226 seconds
probability of topic_ResearchProject_78 is 0.28423

pgibbs sample time: 7e-05 seconds
probability of topic_Staff_44 is 0.447579

pgibbs sample time: 0.000395 seconds
probability of topic_Staff_12 is 0.505771

pgibbs sample time: 0.000397 seconds
probability of topic_Staff_47 is 0.366451

pgibbs sample time: 5.6e-05 seconds
probability of topic_Student_38 is 0.3807

pgibbs sample time: 5.6e-05 seconds
probability of topic_Person_86 is 0.503183

pgibbs sample time: 5.6e-05 seconds
probability of topic_Student_66 is 0.48777

pgibbs sample time: 5.7e-05 seconds
probability of topic_Faculty_70 is 0.423657

pgibbs sample time: 5.5e-05 seconds
probability of topic_Staff_80 is 0.470664

pgibbs sample time: 5.6e-05 seconds
probability of topic_Student_22 is 0.43523

pgibbs sample time: 5.6e-05 seconds
probability of topic_Faculty_17 is 0.446163

pgibbs sample time: 0.000614 seconds
probability of topic_ResearchProject_40 is 0.404192

pgibbs sample time: 0.000276 seconds
probability of topic_Person_78 is 0.686653

pgibbs sample time: 0.001493 seconds
probability of topic_ResearchProject_10 is 0.443918

pgibbs sample time: 7.2e-05 seconds
probability of topic_ResearchProject_84 is 0.355738

pgibbs sample time: 5.7e-05 seconds
probability of topic_Department_52 is 0.452421

pgibbs sample time: 5.6e-05 seconds
probability of topic_Course_66 is 0.419663

pgibbs sample time: 5.6e-05 seconds
probability of topic_Department_66 is 0.477106

pgibbs sample time: 5.5e-05 seconds
probability of topic_Person_81 is 0.486143

pgibbs sample time: 0.000309 seconds
probability of topic_Department_65 is 0.410842

pgibbs sample time: 0.000228 seconds
probability of topic_Department_78 is 0.627352

pgibbs sample time: 5.6e-05 seconds
probability of topic_Faculty_3 is 0.541141

pgibbs sample time: 6e-05 seconds
probability of topic_Student_11 is 0.0545471

pgibbs sample time: 0.000393 seconds
probability of topic_Staff_146 is 0.707119

pgibbs sample time: 0.000433 seconds
probability of topic_Student_26 is 0.644028

pgibbs sample time: 5.8e-05 seconds
probability of topic_Faculty_76 is 0.485938

pgibbs sample time: 7e-05 seconds
probability of topic_ResearchProject_58 is 0.33672

pgibbs sample time: 5.5e-05 seconds
probability of topic_Faculty_6 is 0.419826

pgibbs sample time: 0.001446 seconds
probability of topic_Department_75 is 0.780796

pgibbs sample time: 5.7e-05 seconds
probability of topic_Faculty_48 is 0.417515

pgibbs sample time: 0.000238 seconds
probability of topic_Department_177 is 0.43158

pgibbs sample time: 5.8e-05 seconds
probability of topic_ResearchProject_96 is 0.368362

pgibbs sample time: 0.000198 seconds
probability of topic_Staff_39 is 0.694554

pgibbs sample time: 0.000468 seconds
probability of topic_Course_107 is 0.420142

pgibbs sample time: 5.7e-05 seconds
probability of topic_Staff_45 is 0.494667

pgibbs sample time: 5.7e-05 seconds
probability of topic_ResearchProject_80 is 0.533481

pgibbs sample time: 0.000508 seconds
probability of topic_Student_108 is 0.474002

pgibbs sample time: 5.5e-05 seconds
probability of topic_Person_52 is 0.535638

pgibbs sample time: 5.8e-05 seconds
probability of topic_Department_81 is 0.477077

pgibbs sample time: 7e-05 seconds
probability of topic_Department_31 is 0.462165

pgibbs sample time: 0.001301 seconds
probability of topic_ResearchProject_113 is 0.631676

pgibbs sample time: 0.001464 seconds
probability of topic_ResearchProject_159 is 0.539393

pgibbs sample time: 5.6e-05 seconds
probability of topic_Person_82 is 0.589601

pgibbs sample time: 0.001415 seconds
probability of topic_Faculty_55 is 0.325052

pgibbs sample time: 5.7e-05 seconds
probability of topic_Student_36 is 0.570691

pgibbs sample time: 0.000448 seconds
probability of topic_ResearchProject_102 is 0.498971

pgibbs sample time: 0.000408 seconds
probability of topic_Department_146 is 0.406893

pgibbs sample time: 0.000355 seconds
probability of topic_Department_47 is 0.325272

pgibbs sample time: 0.000198 seconds
probability of topic_Staff_61 is 0.502656

pgibbs sample time: 0.000344 seconds
probability of topic_Department_59 is 0.53218

pgibbs sample time: 0.000232 seconds
probability of topic_ResearchProject_119 is 0.506537

pgibbs sample time: 0.000229 seconds
probability of topic_Faculty_128 is 0.416317

pgibbs sample time: 0.001429 seconds
probability of topic_Student_153 is 0.534392

pgibbs sample time: 5.6e-05 seconds
probability of topic_Staff_16 is 0.447858

pgibbs sample time: 5.5e-05 seconds
probability of topic_Person_53 is 0.498179

pgibbs sample time: 0.000366 seconds
probability of topic_Staff_69 is 0.414268

pgibbs sample time: 0.001457 seconds
probability of topic_ResearchProject_75 is 0.353371

pgibbs sample time: 7.2e-05 seconds
probability of topic_Student_58 is 0.767638

pgibbs sample time: 0.000235 seconds
probability of topic_Student_34 is 0.424151

pgibbs sample time: 5.8e-05 seconds
probability of topic_Department_2 is 0.492523

pgibbs sample time: 5.7e-05 seconds
probability of topic_Faculty_1 is 0.517145

pgibbs sample time: 7.2e-05 seconds
probability of topic_Staff_36 is 0.517015

pgibbs sample time: 0.001377 seconds
probability of topic_Staff_51 is 0.517528

pgibbs sample time: 0.001438 seconds
probability of topic_Student_21 is 0.478547

pgibbs sample time: 5.6e-05 seconds
probability of topic_Course_92 is 0.344213

pgibbs sample time: 5.8e-05 seconds
probability of topic_Student_64 is 0.469789

pgibbs sample time: 0.001418 seconds
probability of topic_Course_55 is 0.355462

pgibbs sample time: 0.000675 seconds
probability of topic_Student_40 is 0.618761

pgibbs sample time: 6e-05 seconds
probability of topic_Course_8 is 0.615754

pgibbs sample time: 0.001448 seconds
probability of topic_Department_21 is 0.458824

pgibbs sample time: 5.6e-05 seconds
probability of topic_Course_97 is 0.593732

pgibbs sample time: 5.6e-05 seconds
probability of topic_ResearchProject_82 is 0.478567

pgibbs sample time: 0.000498 seconds
probability of topic_Faculty_65 is 0.441881

pgibbs sample time: 0.000369 seconds
probability of topic_Course_168 is 0.447993

pgibbs sample time: 0.000597 seconds
probability of topic_Student_43 is 0.438451

pgibbs sample time: 7.2e-05 seconds
probability of topic_Department_27 is 0.628257

pgibbs sample time: 7e-05 seconds
probability of topic_Student_9 is 0.425073

pgibbs sample time: 6.8e-05 seconds
probability of topic_Person_58 is 0.643228

pgibbs sample time: 5.8e-05 seconds
probability of topic_Staff_15 is 0.392841

pgibbs sample time: 0.00146 seconds
probability of topic_ResearchProject_55 is 0.609922

pgibbs sample time: 0.001413 seconds
probability of topic_Person_153 is 0.568011

pgibbs sample time: 5.7e-05 seconds
probability of topic_Person_25 is 0.505972

pgibbs sample time: 0.00026 seconds
probability of topic_Course_85 is 0.47441

pgibbs sample time: 5.7e-05 seconds
probability of topic_Staff_99 is 0.491937

pgibbs sample time: 5.5e-05 seconds
probability of topic_Course_16 is 0.425378

pgibbs sample time: 5.7e-05 seconds
probability of topic_Faculty_80 is 0.45178

pgibbs sample time: 0.000442 seconds
probability of topic_Student_146 is 0.373852

pgibbs sample time: 5.7e-05 seconds
probability of topic_Person_76 is 0.653984

pgibbs sample time: 5.5e-05 seconds
probability of topic_Person_6 is 0.498179

pgibbs sample time: 0.000372 seconds
probability of topic_Course_33 is 0.545682

pgibbs sample time: 0.000417 seconds
probability of topic_Person_89 is 0.420278

pgibbs sample time: 0.000658 seconds
probability of topic_Person_68 is 0.505265

pgibbs sample time: 0.000221 seconds
probability of topic_Course_61 is 0.330837

pgibbs sample time: 0.000239 seconds
probability of topic_ResearchProject_39 is 0.579445

pgibbs sample time: 5.7e-05 seconds
probability of topic_Course_28 is 0.425378

pgibbs sample time: 0.001379 seconds
probability of topic_Staff_21 is 0.510397

pgibbs sample time: 5.8e-05 seconds
probability of topic_ResearchProject_14 is 0.510441

pgibbs sample time: 5.7e-05 seconds
probability of topic_Staff_74 is 0.432401

pgibbs sample time: 5.6e-05 seconds
probability of topic_Faculty_5 is 0.387388

pgibbs sample time: 5.6e-05 seconds
probability of topic_Department_15 is 0.39707

pgibbs sample time: 7.1e-05 seconds
probability of topic_Faculty_58 is 0.417361

pgibbs sample time: 0.000234 seconds
probability of topic_Faculty_124 is 0.476697

pgibbs sample time: 0.000259 seconds
probability of topic_Person_124 is 0.482645

pgibbs sample time: 0.000235 seconds
probability of topic_Faculty_41 is 0.681423

pgibbs sample time: 0.000504 seconds
probability of topic_Student_94 is 0.489221

pgibbs sample time: 0.000226 seconds
probability of topic_Course_78 is 0.56683

pgibbs sample time: 0.000435 seconds
probability of topic_Course_12 is 0.621637

pgibbs sample time: 0.000432 seconds
probability of topic_Course_89 is 0.707466

pgibbs sample time: 6e-05 seconds
probability of topic_Student_69 is 0.487579

pgibbs sample time: 7.1e-05 seconds
probability of topic_Faculty_31 is 0.556957

pgibbs sample time: 5.6e-05 seconds
probability of topic_Course_17 is 0.75994

pgibbs sample time: 7.1e-05 seconds
probability of topic_Department_73 is 0.407934

pgibbs sample time: 0.000301 seconds
probability of topic_ResearchProject_46 is 0.435427

pgibbs sample time: 0.000443 seconds
probability of topic_Department_7 is 0.495049

pgibbs sample time: 5.7e-05 seconds
probability of topic_Faculty_30 is 0.519036

pgibbs sample time: 5.5e-05 seconds
probability of topic_Staff_28 is 0.447858

pgibbs sample time: 5.4e-05 seconds
probability of topic_Course_87 is 0.465118

pgibbs sample time: 0.000296 seconds
probability of topic_Student_93 is 0.505778

pgibbs sample time: 7.2e-05 seconds
probability of topic_Department_9 is 0.581249

pgibbs sample time: 0.000364 seconds
probability of topic_Staff_33 is 0.436001

pgibbs sample time: 5.7e-05 seconds
probability of topic_Student_97 is 0.439022

pgibbs sample time: 5.8e-05 seconds
probability of topic_ResearchProject_76 is 0.478169

pgibbs sample time: 0.000233 seconds
probability of topic_Department_119 is 0.462741

pgibbs sample time: 5.7e-05 seconds
probability of topic_Student_25 is 0.524583

pgibbs sample time: 6.9e-05 seconds
probability of topic_Faculty_9 is 0.464437

pgibbs sample time: 5.5e-05 seconds
probability of topic_Course_72 is 0.381758

pgibbs sample time: 6.9e-05 seconds
probability of topic_Staff_84 is 0.598454

pgibbs sample time: 5.7e-05 seconds
probability of topic_Faculty_74 is 0.401374

pgibbs sample time: 0.000435 seconds
probability of topic_Faculty_89 is 0.476197

pgibbs sample time: 5.9e-05 seconds
probability of topic_Faculty_15 is 0.429819

pgibbs sample time: 7.1e-05 seconds
probability of topic_Person_27 is 0.492113

pgibbs sample time: 0.000434 seconds
probability of topic_Faculty_49 is 0.490236

pgibbs sample time: 0.001424 seconds
probability of topic_Course_21 is 0.518372

pgibbs sample time: 0.000337 seconds
probability of topic_ResearchProject_71 is 0.492112

pgibbs sample time: 5.7e-05 seconds
probability of topic_ResearchProject_16 is 0.442936

pgibbs sample time: 7.1e-05 seconds
probability of topic_Faculty_84 is 0.544854

pgibbs sample time: 0.001276 seconds
probability of topic_Student_10 is 0.509683

pgibbs sample time: 5.7e-05 seconds
probability of topic_Person_56 is 0.392505

pgibbs sample time: 5.7e-05 seconds
probability of topic_Student_92 is 0.503814

pgibbs sample time: 0.0006 seconds
probability of topic_Staff_40 is 0.558761

pgibbs sample time: 5.6e-05 seconds
probability of topic_Course_11 is 0.31139

pgibbs sample time: 0.001458 seconds
probability of topic_ResearchProject_21 is 0.546315

pgibbs sample time: 0.001422 seconds
probability of topic_Faculty_21 is 0.497596

pgibbs sample time: 0.001411 seconds
probability of topic_Person_55 is 0.454441

pgibbs sample time: 0.000225 seconds
probability of topic_Person_61 is 0.499062

pgibbs sample time: 0.000234 seconds
probability of topic_Department_35 is 0.514794

pgibbs sample time: 0.000253 seconds
probability of topic_ResearchProject_35 is 0.560039

pgibbs sample time: 5.5e-05 seconds
probability of topic_Course_70 is 0.457571

pgibbs sample time: 0.000234 seconds
probability of topic_Faculty_34 is 0.474542

pgibbs sample time: 5.6e-05 seconds
probability of topic_Course_60 is 0.411195

pgibbs sample time: 0.000437 seconds
probability of topic_Course_47 is 0.750093

pgibbs sample time: 5.8e-05 seconds
probability of topic_ResearchProject_50 is 0.482183

pgibbs sample time: 0.000458 seconds
probability of topic_Course_102 is 0.587743

pgibbs sample time: 7.8e-05 seconds
probability of topic_Faculty_27 is 0.391625

pgibbs sample time: 5.6e-05 seconds
probability of topic_Person_57 is 0.476931

pgibbs sample time: 5.6e-05 seconds
probability of topic_Course_32 is 0.425578

pgibbs sample time: 0.000226 seconds
probability of topic_Staff_90 is 0.573157

pgibbs sample time: 0.000252 seconds
probability of topic_Person_93 is 0.489022

pgibbs sample time: 0.001414 seconds
probability of topic_Faculty_51 is 0.431015

pgibbs sample time: 5.6e-05 seconds
probability of topic_Person_4 is 0.544751

pgibbs sample time: 7.1e-05 seconds
probability of topic_Staff_83 is 0.551996

pgibbs sample time: 0.000221 seconds
probability of topic_Staff_78 is 0.446921

pgibbs sample time: 5.8e-05 seconds
probability of topic_Student_96 is 0.535841

pgibbs sample time: 5.6e-05 seconds
probability of topic_Faculty_96 is 0.573274

pgibbs sample time: 5.7e-05 seconds
probability of topic_Department_17 is 0.572671

pgibbs sample time: 5.6e-05 seconds
probability of topic_Student_32 is 0.466327

pgibbs sample time: 5.6e-05 seconds
probability of topic_Department_99 is 0.445427

pgibbs sample time: 0.000337 seconds
probability of topic_Course_59 is 0.452114

pgibbs sample time: 0.000501 seconds
probability of topic_Student_20 is 0.499984

pgibbs sample time: 5.7e-05 seconds
probability of topic_Student_91 is 0.440213

pgibbs sample time: 0.000372 seconds
probability of topic_Course_127 is 0.467319

pgibbs sample time: 0.000371 seconds
probability of topic_Course_19 is 0.695523

pgibbs sample time: 0.000266 seconds
probability of topic_Student_85 is 0.711313

pgibbs sample time: 0.000616 seconds
probability of topic_ResearchProject_68 is 0.454891

pgibbs sample time: 5.7e-05 seconds
probability of topic_ResearchProject_15 is 0.474026

pgibbs sample time: 0.000322 seconds
probability of topic_Course_71 is 0.414246

pgibbs sample time: 7.1e-05 seconds
probability of topic_Staff_9 is 0.458123

pgibbs sample time: 0.000336 seconds
probability of topic_Student_59 is 0.417729

pgibbs sample time: 5.6e-05 seconds
probability of topic_Staff_37 is 0.472063

pgibbs sample time: 0.000228 seconds
probability of topic_ResearchProject_90 is 0.641692

pgibbs sample time: 7e-05 seconds
probability of topic_Person_31 is 0.496857

pgibbs sample time: 0.000458 seconds
probability of topic_Person_102 is 0.398703

pgibbs sample time: 5.6e-05 seconds
probability of topic_Course_98 is 0.480991

pgibbs sample time: 0.000436 seconds
probability of topic_ResearchProject_89 is 0.428419

pgibbs sample time: 7.1e-05 seconds
probability of topic_Student_83 is 0.529084

pgibbs sample time: 0.001408 seconds
probability of topic_Person_21 is 0.398819

pgibbs sample time: 5.8e-05 seconds
probability of topic_Department_48 is 0.405568

pgibbs sample time: 0.000202 seconds
probability of topic_Department_39 is 0.385255

pgibbs sample time: 0.000611 seconds
probability of topic_Department_43 is 0.294509

pgibbs sample time: 0.000465 seconds
probability of topic_Person_26 is 0.6009

pgibbs sample time: 0.000431 seconds
probability of topic_Course_26 is 0.530444

pgibbs sample time: 5.6e-05 seconds
probability of topic_Person_8 is 0.54974

pgibbs sample time: 0.000508 seconds
probability of topic_ResearchProject_108 is 0.426198

pgibbs sample time: 5.7e-05 seconds
probability of topic_Student_57 is 0.487116

pgibbs sample time: 0.001376 seconds
probability of topic_Staff_10 is 0.559321

pgibbs sample time: 0.000656 seconds
probability of topic_Course_43 is 0.393696

pgibbs sample time: 0.000511 seconds
probability of topic_Department_20 is 0.484741

pgibbs sample time: 0.001421 seconds
probability of topic_Faculty_153 is 0.639162

pgibbs sample time: 0.000226 seconds
probability of topic_Person_39 is 0.450608

pgibbs sample time: 0.00145 seconds
probability of topic_Department_10 is 0.632581

pgibbs sample time: 5.9e-05 seconds
probability of topic_ResearchProject_29 is 0.386627

pgibbs sample time: 5.6e-05 seconds
probability of topic_Course_54 is 0.598444

pgibbs sample time: 6.9e-05 seconds
probability of topic_Person_84 is 0.595199

pgibbs sample time: 5.9e-05 seconds
probability of topic_ResearchProject_4 is 0.479583

pgibbs sample time: 5.6e-05 seconds
probability of topic_Staff_2 is 0.729589

pgibbs sample time: 0.001422 seconds
probability of topic_Faculty_75 is 0.409931

pgibbs sample time: 0.000468 seconds
probability of topic_Faculty_102 is 0.522015

pgibbs sample time: 5.8e-05 seconds
probability of topic_Faculty_66 is 0.401781

pgibbs sample time: 5.6e-05 seconds
probability of topic_ResearchProject_52 is 0.476468

pgibbs sample time: 7e-05 seconds
probability of topic_ResearchProject_73 is 0.588465

pgibbs sample time: 0.000378 seconds
probability of topic_ResearchProject_69 is 0.418327

pgibbs sample time: 0.001295 seconds
probability of topic_Department_55 is 0.270178

pgibbs sample time: 0.000228 seconds
probability of topic_Department_90 is 0.620886

pgibbs sample time: 0.000435 seconds
probability of topic_Faculty_26 is 0.594827

pgibbs sample time: 0.000205 seconds
probability of topic_Department_127 is 0.436159

pgibbs sample time: 0.000369 seconds
probability of topic_Department_69 is 0.458755

pgibbs sample time: 5.7e-05 seconds
probability of topic_Department_87 is 0.366359

pgibbs sample time: 0.000262 seconds
probability of topic_Course_44 is 0.310345

pgibbs sample time: 0.000335 seconds
probability of topic_Course_108 is 0.423673

pgibbs sample time: 5.5e-05 seconds
probability of topic_Staff_72 is 0.370987

pgibbs sample time: 5.8e-05 seconds
probability of topic_Student_56 is 0.323068

pgibbs sample time: 0.000297 seconds
probability of topic_ResearchProject_59 is 0.503605

pgibbs sample time: 0.000511 seconds
probability of topic_Student_107 is 0.486098

pgibbs sample time: 0.001463 seconds
probability of topic_Staff_153 is 0.615193

pgibbs sample time: 0.001427 seconds
probability of topic_Course_51 is 0.425085

pgibbs sample time: 5.7e-05 seconds
probability of topic_ResearchProject_86 is 0.472546

pgibbs sample time: 5.6e-05 seconds
probability of topic_Person_95 is 0.429657

pgibbs sample time: 5.5e-05 seconds
probability of topic_Course_96 is 0.503376

pgibbs sample time: 5.7e-05 seconds
probability of topic_Student_86 is 0.52095

pgibbs sample time: 5.5e-05 seconds
probability of topic_Faculty_8 is 0.467878

pgibbs sample time: 7e-05 seconds
probability of topic_ResearchProject_44 is 0.498634

pgibbs sample time: 5.4e-05 seconds
probability of topic_Person_14 is 0.661866

pgibbs sample time: 0.001424 seconds
probability of topic_Faculty_113 is 0.423491

pgibbs sample time: 5.7e-05 seconds
probability of topic_Course_62 is 0.435971

pgibbs sample time: 5.7e-05 seconds
probability of topic_Department_60 is 0.429697

pgibbs sample time: 5.7e-05 seconds
probability of topic_Faculty_42 is 0.62985

pgibbs sample time: 7.3e-05 seconds
probability of topic_Student_27 is 0.512177

pgibbs sample time: 0.00038 seconds
probability of topic_Faculty_19 is 0.494027

pgibbs sample time: 5.7e-05 seconds
probability of topic_ResearchProject_67 is 0.609436

pgibbs sample time: 5.8e-05 seconds
probability of topic_Department_53 is 0.480109

pgibbs sample time: 0.000441 seconds
probability of topic_Student_12 is 0.50175

pgibbs sample time: 5.6e-05 seconds
probability of topic_Department_42 is 0.412026

pgibbs sample time: 0.000364 seconds
probability of topic_Staff_127 is 0.458924

pgibbs sample time: 7e-05 seconds
probability of topic_Staff_27 is 0.50876

pgibbs sample time: 0.000473 seconds
probability of topic_Faculty_20 is 0.418629

pgibbs sample time: 0.000234 seconds
probability of topic_Student_78 is 0.689378

pgibbs sample time: 0.000237 seconds
probability of topic_ResearchProject_61 is 0.688916

pgibbs sample time: 0.000299 seconds
probability of topic_Course_46 is 0.422137

pgibbs sample time: 0.00142 seconds
probability of topic_Course_10 is 0.464181

pgibbs sample time: 5.9e-05 seconds
probability of topic_Department_76 is 0.436649

pgibbs sample time: 5.4e-05 seconds
probability of topic_Person_16 is 0.498179

pgibbs sample time: 0.000503 seconds
probability of topic_Person_154 is 0.422764

pgibbs sample time: 0.000454 seconds
probability of topic_ResearchProject_154 is 0.482614

pgibbs sample time: 0.000474 seconds
probability of topic_Faculty_18 is 0.373648

pgibbs sample time: 5.5e-05 seconds
probability of topic_Staff_1 is 0.521778

pgibbs sample time: 5.6e-05 seconds
probability of topic_Staff_31 is 0.459285

pgibbs sample time: 0.000367 seconds
probability of topic_Person_69 is 0.471721

pgibbs sample time: 5.8e-05 seconds
probability of topic_Department_14 is 0.412026

pgibbs sample time: 0.000692 seconds
probability of topic_Department_88 is 0.501791

pgibbs sample time: 5.7e-05 seconds
probability of topic_Person_13 is 0.513057

pgibbs sample time: 5.7e-05 seconds
probability of topic_Department_3 is 0.420608

pgibbs sample time: 6.9e-05 seconds
probability of topic_Person_79 is 0.445933

pgibbs sample time: 5.6e-05 seconds
probability of topic_Person_67 is 0.381565

pgibbs sample time: 6.8e-05 seconds
probability of topic_Person_9 is 0.385403

pgibbs sample time: 5.7e-05 seconds
probability of topic_Staff_48 is 0.459677

pgibbs sample time: 0.000616 seconds
probability of topic_Department_68 is 0.496825

pgibbs sample time: 5.8e-05 seconds
probability of topic_Person_64 is 0.497282

pgibbs sample time: 0.000485 seconds
probability of topic_Staff_107 is 0.437563

pgibbs sample time: 5.8e-05 seconds
probability of topic_Faculty_54 is 0.486159

pgibbs sample time: 0.00058 seconds
probability of topic_Course_88 is 0.452686

pgibbs sample time: 5.8e-05 seconds
probability of topic_Department_11 is 0.378791

pgibbs sample time: 5.8e-05 seconds
probability of topic_Student_42 is 0.602305

pgibbs sample time: 5.6e-05 seconds
probability of topic_Staff_8 is 0.555017

pgibbs sample time: 0.000207 seconds
probability of topic_ResearchProject_177 is 0.601163

pgibbs sample time: 0.000451 seconds
probability of topic_Staff_7 is 0.463937

pgibbs sample time: 0.000344 seconds
probability of topic_Department_46 is 0.475353

pgibbs sample time: 5.8e-05 seconds
probability of topic_Department_74 is 0.477077

pgibbs sample time: 0.001383 seconds
probability of topic_Staff_159 is 0.470971

pgibbs sample time: 5.6e-05 seconds
probability of topic_Person_17 is 0.251716

pgibbs sample time: 0.000413 seconds
probability of topic_Staff_49 is 0.439256

pgibbs sample time: 5.7e-05 seconds
probability of topic_Faculty_11 is 0.312406

pgibbs sample time: 5.6e-05 seconds
probability of topic_ResearchProject_25 is 0.462699

pgibbs sample time: 0.000515 seconds
probability of topic_ResearchProject_65 is 0.519248

pgibbs sample time: 5.7e-05 seconds
probability of topic_Student_99 is 0.635863

pgibbs sample time: 0.001268 seconds
probability of topic_Course_153 is 0.444285

pgibbs sample time: 0.001466 seconds
probability of topic_ResearchProject_153 is 0.678735

pgibbs sample time: 0.000515 seconds
probability of topic_ResearchProject_107 is 0.436717

pgibbs sample time: 5.9e-05 seconds
probability of topic_ResearchProject_38 is 0.541454

pgibbs sample time: 0.000328 seconds
probability of topic_Staff_71 is 0.418328

pgibbs sample time: 0.001422 seconds
probability of topic_Faculty_10 is 0.472

pgibbs sample time: 5.9e-05 seconds
probability of topic_Student_53 is 0.493937

pgibbs sample time: 5.6e-05 seconds
probability of topic_Person_28 is 0.498179

pgibbs sample time: 5.7e-05 seconds
probability of topic_ResearchProject_60 is 0.490687

pgibbs sample time: 5.7e-05 seconds
probability of topic_Course_24 is 0.419802

pgibbs sample time: 5.6e-05 seconds
probability of topic_Course_13 is 0.459095

pgibbs sample time: 6e-05 seconds
probability of topic_Department_64 is 0.484707

pgibbs sample time: 5.6e-05 seconds
probability of topic_Staff_91 is 0.473221

pgibbs sample time: 0.000368 seconds
probability of topic_Staff_19 is 0.510845

pgibbs sample time: 0.000233 seconds
probability of topic_ResearchProject_22 is 0.607869

pgibbs sample time: 5.7e-05 seconds
probability of topic_Staff_81 is 0.432401

pgibbs sample time: 6.1e-05 seconds
probability of topic_Faculty_32 is 0.406926

pgibbs sample time: 0.000433 seconds
probability of topic_Student_49 is 0.752195

pgibbs sample time: 5.6e-05 seconds
probability of topic_Staff_95 is 0.47193

pgibbs sample time: 7.2e-05 seconds
probability of topic_ResearchProject_27 is 0.399243

pgibbs sample time: 5.6e-05 seconds
probability of topic_Faculty_62 is 0.431532

pgibbs sample time: 5.8e-05 seconds
probability of topic_ResearchProject_53 is 0.442936

pgibbs sample time: 5.6e-05 seconds
probability of topic_Department_86 is 0.420875

pgibbs sample time: 5.6e-05 seconds
probability of topic_Person_15 is 0.489056

pgibbs sample time: 0.000233 seconds
probability of topic_ResearchProject_34 is 0.537618

pgibbs sample time: 6.3e-05 seconds
probability of topic_Department_37 is 0.448246

pgibbs sample time: 0.000232 seconds
probability of topic_Department_34 is 0.476607

pgibbs sample time: 0.000405 seconds
probability of topic_Person_20 is 0.503835

pgibbs sample time: 5.6e-05 seconds
probability of topic_Staff_53 is 0.447858

pgibbs sample time: 0.001428 seconds
probability of topic_Course_113 is 0.425086

pgibbs sample time: 0.000364 seconds
probability of topic_Person_30 is 0.476091

pgibbs sample time: 5.8e-05 seconds
probability of topic_ResearchProject_11 is 0.210008

pgibbs sample time: 0.001379 seconds
probability of topic_Staff_113 is 0.525428

pgibbs sample time: 5.6e-05 seconds
probability of topic_Faculty_2 is 0.52117

pgibbs sample time: 5.8e-05 seconds
probability of topic_ResearchProject_72 is 0.477466

pgibbs sample time: 0.000294 seconds
probability of topic_Person_59 is 0.492999

pgibbs sample time: 0.000333 seconds
probability of topic_Faculty_59 is 0.570501

pgibbs sample time: 5.8e-05 seconds
probability of topic_ResearchProject_87 is 0.446075

pgibbs sample time: 0.000485 seconds
probability of topic_Staff_65 is 0.432968

pgibbs sample time: 5.7e-05 seconds
probability of topic_ResearchProject_66 is 0.437775

pgibbs sample time: 0.00043 seconds
probability of topic_Person_146 is 0.612672

pgibbs sample time: 0.000503 seconds
probability of topic_Faculty_108 is 0.394651

pgibbs sample time: 0.000235 seconds
probability of topic_Student_90 is 0.492252

pgibbs sample time: 0.000504 seconds
probability of topic_Department_108 is 0.464468

pgibbs sample time: 0.000366 seconds
probability of topic_Staff_168 is 0.665248

pgibbs sample time: 0.000223 seconds
probability of topic_Staff_41 is 0.446372

pgibbs sample time: 5.8e-05 seconds
probability of topic_Department_24 is 0.631889

pgibbs sample time: 0.001421 seconds
probability of topic_Course_159 is 0.475074

pgibbs sample time: 5.8e-05 seconds
probability of topic_Faculty_81 is 0.401374

pgibbs sample time: 0.000339 seconds
probability of topic_ResearchProject_93 is 0.474466

pgibbs sample time: 5.6e-05 seconds
probability of topic_Person_38 is 0.34738

pgibbs sample time: 0.000607 seconds
probability of topic_Faculty_68 is 0.420002

pgibbs sample time: 0.000224 seconds
probability of topic_Staff_177 is 0.537179

pgibbs sample time: 5.7e-05 seconds
probability of topic_Staff_29 is 0.553711

pgibbs sample time: 0.000224 seconds
probability of topic_Course_22 is 0.55126

pgibbs sample time: 0.000223 seconds
probability of topic_Person_35 is 0.50009

pgibbs sample time: 0.000234 seconds
probability of topic_Faculty_61 is 0.648704

pgibbs sample time: 0.000415 seconds
probability of topic_Staff_89 is 0.577472

pgibbs sample time: 5.6e-05 seconds
probability of topic_Staff_62 is 0.389253

pgibbs sample time: 0.000223 seconds
probability of topic_Course_35 is 0.621655

pgibbs sample time: 0.000437 seconds
probability of topic_Course_146 is 0.404264

pgibbs sample time: 5.7e-05 seconds
probability of topic_Course_67 is 0.577589

pgibbs sample time: 5.7e-05 seconds
probability of topic_Course_45 is 0.499943

pgibbs sample time: 0.000504 seconds
probability of topic_Student_7 is 0.508621

pgibbs sample time: 0.000613 seconds
probability of topic_Department_40 is 0.633914

pgibbs sample time: 7e-05 seconds
probability of topic_Course_79 is 0.445121

pgibbs sample time: 5.6e-05 seconds
probability of topic_Staff_22 is 0.552182

pgibbs sample time: 7e-05 seconds
probability of topic_Person_83 is 0.516439

pgibbs sample time: 0.000429 seconds
probability of topic_Person_47 is 0.456286

pgibbs sample time: 5.7e-05 seconds
probability of topic_Faculty_50 is 0.518346

pgibbs sample time: 0.000178 seconds
probability of topic_Department_61 is 0.489246

pgibbs sample time: 5.4e-05 seconds
probability of topic_Student_1 is 0.468158

pgibbs sample time: 5.7e-05 seconds
probability of topic_Department_16 is 0.480109

pgibbs sample time: 6.9e-05 seconds
probability of topic_Staff_58 is 0.426594

pgibbs sample time: 0.000232 seconds
probability of topic_Student_33 is 0.68949

pgibbs sample time: 5.8e-05 seconds
probability of topic_Faculty_64 is 0.53041

pgibbs sample time: 0.000233 seconds
probability of topic_Student_127 is 0.487555

pgibbs sample time: 5.5e-05 seconds
probability of topic_Faculty_38 is 0.477852

pgibbs sample time: 5.7e-05 seconds
probability of topic_ResearchProject_98 is 0.620402

pgibbs sample time: 7.1e-05 seconds
probability of topic_Student_79 is 0.399537

pgibbs sample time: 5.6e-05 seconds
probability of topic_Staff_54 is 0.497096

pgibbs sample time: 5.8e-05 seconds
probability of topic_ResearchProject_32 is 0.651756

pgibbs sample time: 0.000333 seconds
probability of topic_Person_46 is 0.486778

pgibbs sample time: 5.5e-05 seconds
probability of topic_Course_99 is 0.643291

pgibbs sample time: 5.8e-05 seconds
probability of topic_Student_77 is 0.580474

pgibbs sample time: 5.7e-05 seconds
probability of topic_Student_67 is 0.432953

pgibbs sample time: 5.6e-05 seconds
probability of topic_Department_38 is 0.535473

pgibbs sample time: 5.5e-05 seconds
probability of topic_Student_6 is 0.493937

pgibbs sample time: 0.001465 seconds
probability of topic_ResearchProject_51 is 0.397221

pgibbs sample time: 0.000679 seconds
probability of topic_Student_88 is 0.517492

pgibbs sample time: 5.6e-05 seconds
probability of topic_Staff_50 is 0.470018

pgibbs sample time: 0.000327 seconds
probability of topic_Staff_93 is 0.397201

pgibbs sample time: 5.5e-05 seconds
probability of topic_Person_2 is 0.620991

pgibbs sample time: 5.8e-05 seconds
probability of topic_ResearchProject_42 is 0.510441

pgibbs sample time: 5.6e-05 seconds
probability of topic_Staff_64 is 0.503992

pgibbs sample time: 5.6e-05 seconds
probability of topic_Course_15 is 0.43891

pgibbs sample time: 5.5e-05 seconds
probability of topic_Staff_4 is 0.46839

pgibbs sample time: 0.000578 seconds
probability of topic_Course_68 is 0.436103

pgibbs sample time: 0.000457 seconds
probability of topic_Department_89 is 0.680878

pgibbs sample time: 0.000509 seconds
probability of topic_ResearchProject_94 is 0.441835

pgibbs sample time: 0.000336 seconds
probability of topic_Course_94 is 0.42382

pgibbs sample time: 0.000508 seconds
probability of topic_ResearchProject_7 is 0.458799

pgibbs sample time: 0.000457 seconds
probability of topic_Course_18 is 0.400071

pgibbs sample time: 0.000404 seconds
probability of topic_Course_20 is 0.495101

pgibbs sample time: 0.000382 seconds
probability of topic_Faculty_33 is 0.442099

pgibbs sample time: 5.7e-05 seconds
probability of topic_Student_62 is 0.501822

pgibbs sample time: 5.6e-05 seconds
probability of topic_Course_76 is 0.467894

pgibbs sample time: 0.001455 seconds
probability of topic_Department_153 is 0.655478

pgibbs sample time: 5.6e-05 seconds
probability of topic_Course_52 is 0.435111

pgibbs sample time: 0.000226 seconds
probability of topic_Course_90 is 0.395504

pgibbs sample time: 0.000364 seconds
probability of topic_Person_168 is 0.517566

pgibbs sample time: 5.6e-05 seconds
probability of topic_Person_70 is 0.366619

pgibbs sample time: 5.7e-05 seconds
probability of topic_Faculty_95 is 0.586438

pgibbs sample time: 0.000499 seconds
probability of topic_Faculty_107 is 0.404905

pgibbs sample time: 5.8e-05 seconds
probability of topic_Department_77 is 0.474402

pgibbs sample time: 5.7e-05 seconds
probability of topic_ResearchProject_28 is 0.442936

pgibbs sample time: 0.000586 seconds
probability of topic_Person_40 is 0.645263

pgibbs sample time: 5.7e-05 seconds
probability of topic_Department_62 is 0.482103

pgibbs sample time: 5.5e-05 seconds
probability of topic_Person_80 is 0.422215

pgibbs sample time: 0.000223 seconds
probability of topic_Person_22 is 0.392847

pgibbs sample time: 0.001381 seconds
probability of topic_Staff_55 is 0.469739

pgibbs sample time: 5.7e-05 seconds
probability of topic_Student_15 is 0.50726

pgibbs sample time: 7e-05 seconds
probability of topic_Staff_79 is 0.459679

pgibbs sample time: 7e-05 seconds
probability of topic_Course_84 is 0.592611

pgibbs sample time: 5.5e-05 seconds
probability of topic_Course_74 is 0.419524

pgibbs sample time: 5.5e-05 seconds
probability of topic_Staff_98 is 0.492361

pgibbs sample time: 5.6e-05 seconds
probability of topic_ResearchProject_74 is 0.435576

pgibbs sample time: 5.7e-05 seconds
probability of topic_Student_14 is 0.602305

pgibbs sample time: 0.000238 seconds
probability of topic_Student_61 is 0.400758

pgibbs sample time: 5.5e-05 seconds
probability of topic_Staff_57 is 0.479842

pgibbs sample time: 0.001442 seconds
probability of topic_Student_51 is 0.4713

pgibbs sample time: 0.000238 seconds
probability of topic_Student_39 is 0.32077

pgibbs sample time: 5.7e-05 seconds
probability of topic_Person_36 is 0.56344

pgibbs sample time: 5.6e-05 seconds
probability of topic_Course_14 is 0.523905

pgibbs sample time: 0.000377 seconds
probability of topic_ResearchProject_19 is 0.504283

pgibbs sample time: 0.00026 seconds
probability of topic_Person_44 is 0.535426

pgibbs sample time: 5.7e-05 seconds
probability of topic_Student_23 is 0.527927

pgibbs sample time: 0.000284 seconds
probability of topic_Person_71 is 0.500613

pgibbs sample time: 5.8e-05 seconds
probability of topic_Student_17 is 0.298945

pgibbs sample time: 0.000234 seconds
probability of topic_Course_41 is 0.390502

pgibbs sample time: 0.000264 seconds
probability of topic_Student_44 is 0.484869

pgibbs sample time: 5.7e-05 seconds
probability of topic_Department_29 is 0.692524

pgibbs sample time: 5.8e-05 seconds
probability of topic_Course_50 is 0.427222

pgibbs sample time: 0.000233 seconds
probability of topic_Course_177 is 0.535956

pgibbs sample time: 5.6e-05 seconds
probability of topic_Staff_32 is 0.59457

pgibbs sample time: 5.8e-05 seconds
probability of topic_Faculty_63 is 0.489816

pgibbs sample time: 5.7e-05 seconds
probability of topic_Faculty_69 is 0.401374

pgibbs sample time: 5.7e-05 seconds
probability of topic_ResearchProject_48 is 0.374853

pgibbs sample time: 5.7e-05 seconds
probability of topic_Faculty_87 is 0.504936

pgibbs sample time: 0.000212 seconds
probability of topic_ResearchProject_41 is 0.364179

pgibbs sample time: 0.000495 seconds
probability of topic_Person_7 is 0.512902

pgibbs sample time: 5.8e-05 seconds
probability of topic_Student_28 is 0.493937

pgibbs sample time: 0.000229 seconds
probability of topic_Person_34 is 0.414641

pgibbs sample time: 0.000228 seconds
probability of topic_Person_119 is 0.479393

pgibbs sample time: 0.000261 seconds
probability of topic_Course_124 is 0.492499

pgibbs sample time: 5.6e-05 seconds
probability of topic_Staff_77 is 0.474394

pgibbs sample time: 0.000222 seconds
probability of topic_Course_39 is 0.65972

pgibbs sample time: 5.6e-05 seconds
probability of topic_Student_48 is 0.459081

pgibbs sample time: 5.6e-05 seconds
probability of topic_ResearchProject_63 is 0.462699

pgibbs sample time: 5.5e-05 seconds
probability of topic_Staff_60 is 0.412752

pgibbs sample time: 5.7e-05 seconds
probability of topic_Course_57 is 0.52745

pgibbs sample time: 5.5e-05 seconds
probability of topic_Course_63 is 0.47654

pgibbs sample time: 0.000302 seconds
probability of topic_Student_46 is 0.492171

pgibbs sample time: 5.6e-05 seconds
probability of topic_Faculty_16 is 0.419826

pgibbs sample time: 0.000498 seconds
probability of topic_Faculty_154 is 0.482837

pgibbs sample time: 7.1e-05 seconds
probability of topic_Department_85 is 0.576182

pgibbs sample time: 5.5e-05 seconds
probability of topic_Person_98 is 0.713581

pgibbs sample time: 0.000409 seconds
probability of topic_Department_12 is 0.493435

pgibbs sample time: 0.000372 seconds
probability of topic_Course_69 is 0.407393

pgibbs sample time: 5.5e-05 seconds
probability of topic_Staff_63 is 0.576178

pgibbs sample time: 0.000365 seconds
probability of topic_Staff_30 is 0.482588

pgibbs sample time: 0.000268 seconds
probability of topic_Student_128 is 0.519551

pgibbs sample time: 0.000607 seconds
probability of topic_Faculty_88 is 0.448426

pgibbs sample time: 7.2e-05 seconds
probability of topic_Faculty_83 is 0.518471

pgibbs sample time: 7.1e-05 seconds
probability of topic_Department_84 is 0.536599

pgibbs sample time: 0.000371 seconds
probability of topic_Person_127 is 0.530161

pgibbs sample time: 0.000297 seconds
probability of topic_Student_71 is 0.526554

pgibbs sample time: 5.7e-05 seconds
probability of topic_Faculty_92 is 0.40832

pgibbs sample time: 0.000678 seconds
probability of topic_Student_68 is 0.503254

pgibbs sample time: 7e-05 seconds
probability of topic_Course_9 is 0.462346

pgibbs sample time: 0.000417 seconds
probability of topic_Person_49 is 0.728748

pgibbs sample time: 0.00043 seconds
probability of topic_Person_12 is 0.452513

pgibbs sample time: 5.7e-05 seconds
probability of topic_Student_3 is 0.439683

pgibbs sample time: 5.9e-05 seconds
probability of topic_Faculty_14 is 0.62985

pgibbs sample time: 5.6e-05 seconds
probability of topic_Person_72 is 0.485746

pgibbs sample time: 7.3e-05 seconds
probability of topic_Student_31 is 0.638618

pgibbs sample time: 0.001427 seconds
probability of topic_Faculty_159 is 0.56181

pgibbs sample time: 5.8e-05 seconds
probability of topic_ResearchProject_36 is 0.403352

pgibbs sample time: 0.000368 seconds
probability of topic_Department_30 is 0.477412

pgibbs sample time: 5.8e-05 seconds
probability of topic_Faculty_45 is 0.499912

pgibbs sample time: 5.7e-05 seconds
probability of topic_Department_23 is 0.442131

pgibbs sample time: 7e-05 seconds
probability of topic_Student_73 is 0.432723

pgibbs sample time: 5.7e-05 seconds
probability of topic_Student_54 is 0.386345

pgibbs sample time: 5.6e-05 seconds
probability of topic_ResearchProject_13 is 0.522631

pgibbs sample time: 5.5e-05 seconds
probability of topic_Staff_82 is 0.536626

pgibbs sample time: 0.000209 seconds
probability of topic_Person_41 is 0.787909

pgibbs sample time: 5.6e-05 seconds
probability of topic_Faculty_4 is 0.531785

pgibbs sample time: 5.7e-05 seconds
probability of topic_Faculty_37 is 0.469554

pgibbs sample time: 0.000333 seconds
probability of topic_Faculty_46 is 0.399612

pgibbs sample time: 7.1e-05 seconds
probability of topic_Course_31 is 0.468859

pgibbs sample time: 0.000232 seconds
probability of topic_Department_33 is 0.632162

pgibbs sample time: 5.7e-05 seconds
probability of topic_Staff_17 is 0.455511

pgibbs sample time: 5.8e-05 seconds
probability of topic_Department_45 is 0.498531

pgibbs sample time: 0.000438 seconds
probability of topic_Student_89 is 0.390102

pgibbs sample time: 0.000457 seconds
probability of topic_Department_26 is 0.609726

pgibbs sample time: 0.000381 seconds
probability of topic_Faculty_127 is 0.570856

pgibbs sample time: 5.8e-05 seconds
probability of topic_Student_37 is 0.511284

pgibbs sample time: 7.2e-05 seconds
probability of topic_ResearchProject_83 is 0.435929

pgibbs sample time: 5.7e-05 seconds
probability of topic_Course_42 is 0.523905

pgibbs sample time: 0.000251 seconds
probability of topic_Faculty_119 is 0.484191

pgibbs sample time: 0.000236 seconds
probability of topic_Staff_34 is 0.480365

pgibbs sample time: 5.8e-05 seconds
probability of topic_Faculty_86 is 0.413153

pgibbs sample time: 0.000236 seconds
probability of topic_Staff_119 is 0.486544

pgibbs sample time: 0.000712 seconds
probability of topic_Course_40 is 0.565725

pgibbs sample time: 6.2e-05 seconds
probability of topic_Student_80 is 0.501701

pgibbs sample time: 0.000235 seconds
probability of topic_Faculty_39 is 0.412909

pgibbs sample time: 5.8e-05 seconds
probability of topic_Faculty_25 is 0.489816

pgibbs sample time: 0.000459 seconds
probability of topic_Person_18 is 0.488871

pgibbs sample time: 0.000611 seconds
probability of topic_Faculty_40 is 0.589756

pgibbs sample time: 0.000233 seconds
probability of topic_Faculty_90 is 0.59117

pgibbs sample time: 0.000428 seconds
probability of topic_Staff_154 is 0.491603

pgibbs sample time: 0.000371 seconds
probability of topic_Course_30 is 0.564575

pgibbs sample time: 5.7e-05 seconds
probability of topic_Faculty_29 is 0.662028

pgibbs sample time: 5.7e-05 seconds
probability of topic_Person_63 is 0.505972

pgibbs sample time: 5.7e-05 seconds
probability of topic_Student_87 is 0.629144

pgibbs sample time: 0.000238 seconds
probability of topic_Faculty_78 is 0.455183

pgibbs sample time: 5.9e-05 seconds
probability of topic_Department_5 is 0.481264

pgibbs sample time: 7e-05 seconds
probability of topic_Department_83 is 0.413138

pgibbs sample time: 5.6e-05 seconds
probability of topic_Person_32 is 0.481126

pgibbs sample time: 0.000414 seconds
probability of topic_Staff_26 is 0.429755

pgibbs sample time: 5.8e-05 seconds
probability of topic_ResearchProject_17 is 0.479381

pgibbs sample time: 0.000233 seconds
probability of topic_Faculty_22 is 0.373109

pgibbs sample time: 0.000442 seconds
probability of topic_Student_47 is 0.445454

pgibbs sample time: 0.000503 seconds
probability of topic_Faculty_94 is 0.407449

pgibbs sample time: 5.6e-05 seconds
probability of topic_Person_50 is 0.585637

pgibbs sample time: 0.000504 seconds
probability of topic_Faculty_7 is 0.436375

pgibbs sample time: 5.8e-05 seconds
probability of topic_ResearchProject_45 is 0.499619

pgibbs sample time: 5.6e-05 seconds
probability of topic_Person_96 is 0.557225

pgibbs sample time: 0.001408 seconds
probability of topic_Person_159 is 0.528237

pgibbs sample time: 5.8e-05 seconds
probability of topic_Course_73 is 0.419524

pgibbs sample time: 0.001408 seconds
probability of topic_Person_51 is 0.455272

pgibbs sample time: 0.001419 seconds
probability of topic_Person_113 is 0.32529

pgibbs sample time: 5.6e-05 seconds
probability of topic_Faculty_97 is 0.483098

pgibbs sample time: 5.8e-05 seconds
probability of topic_Department_6 is 0.480109

pgibbs sample time: 5.7e-05 seconds
probability of topic_Department_91 is 0.42341

pgibbs sample time: 0.000508 seconds
probability of topic_Person_65 is 0.513432

pgibbs sample time: 5.7e-05 seconds
probability of topic_Staff_3 is 0.465986

pgibbs sample time: 0.000262 seconds
probability of topic_Course_128 is 0.506084

pgibbs sample time: 0.000602 seconds
probability of topic_Staff_43 is 0.370895

pgibbs sample time: 0.001435 seconds
probability of topic_Student_159 is 0.555093

pgibbs sample time: 0.000601 seconds
probability of topic_Staff_88 is 0.406078

pgibbs sample time: 0.000204 seconds
probability of topic_Faculty_35 is 0.601582

pgibbs sample time: 0.000602 seconds
probability of topic_Staff_68 is 0.450392

pgibbs sample time: 5.6e-05 seconds
probability of topic_Course_80 is 0.486579

pgibbs sample time: 5.7e-05 seconds
probability of topic_Department_57 is 0.498504

pgibbs sample time: 0.001428 seconds
probability of topic_Course_75 is 0.527125

pgibbs sample time: 0.000504 seconds
probability of topic_Person_107 is 0.485492

pgibbs sample time: 0.00138 seconds
probability of topic_Staff_75 is 0.338147

pgibbs sample time: 7e-05 seconds
probability of topic_Course_83 is 0.673088

pgibbs sample time: 0.000508 seconds
probability of topic_ResearchProject_20 is 0.442993

pgibbs sample time: 5.7e-05 seconds
probability of topic_Staff_86 is 0.403287

pgibbs sample time: 5.5e-05 seconds
probability of topic_Staff_6 is 0.447858

pgibbs sample time: 5.7e-05 seconds
probability of topic_Student_72 is 0.675257

pgibbs sample time: 5.5e-05 seconds
probability of topic_ResearchProject_99 is 0.47182

pgibbs sample time: 0.000263 seconds
probability of topic_Faculty_85 is 0.393379

pgibbs sample time: 5.9e-05 seconds
probability of topic_Department_4 is 0.48277

pgibbs sample time: 5.6e-05 seconds
probability of topic_Course_25 is 0.47654

pgibbs sample time: 0.001414 seconds
probability of topic_Person_75 is 0.622949

pgibbs sample time: 0.000369 seconds
probability of topic_Person_19 is 0.384291

pgibbs sample time: 5.6e-05 seconds
probability of topic_Staff_5 is 0.423377

pgibbs sample time: 0.000438 seconds
probability of topic_ResearchProject_26 is 0.559666

pgibbs sample time: 5.6e-05 seconds
probability of topic_Staff_87 is 0.467612

pgibbs sample time: 5.6e-05 seconds
probability of topic_Staff_76 is 0.639653

pgibbs sample time: 5.7e-05 seconds
probability of topic_Student_70 is 0.458271

pgibbs sample time: 5.7e-05 seconds
probability of topic_Faculty_72 is 0.44287

pgibbs sample time: 0.000617 seconds
probability of topic_ResearchProject_88 is 0.490459

pgibbs sample time: 5.7e-05 seconds
probability of topic_Department_95 is 0.467383

pgibbs sample time: 5.7e-05 seconds
probability of topic_Department_56 is 0.601492

pgibbs sample time: 5.7e-05 seconds
probability of topic_Student_74 is 0.487579

pgibbs sample time: 0.000378 seconds
probability of topic_ResearchProject_33 is 0.277157

pgibbs sample time: 5.6e-05 seconds
probability of topic_Staff_52 is 0.511184

pgibbs sample time: 0.000377 seconds
probability of topic_ResearchProject_127 is 0.451113

pgibbs sample time: 0.000581 seconds
probability of topic_Person_88 is 0.50129

pgibbs sample time: 5.6e-05 seconds
probability of topic_Course_2 is 0.464953

pgibbs sample time: 0.000236 seconds
probability of topic_Faculty_177 is 0.526022

pgibbs sample time: 5.8e-05 seconds
probability of topic_Student_45 is 0.495991

pgibbs sample time: 5.7e-05 seconds
probability of topic_ResearchProject_57 is 0.489022

pgibbs sample time: 5.5e-05 seconds
probability of topic_Person_29 is 0.615632

pgibbs sample time: 0.000219 seconds
probability of topic_Person_90 is 0.521969

pgibbs sample time: 5.8e-05 seconds
probability of topic_Student_81 is 0.487579

pgibbs sample time: 7.1e-05 seconds
probability of topic_ResearchProject_79 is 0.378765

pgibbs sample time: 0.00032 seconds
probability of topic_Staff_59 is 0.4983

pgibbs sample time: 0.000322 seconds
probability of topic_Staff_46 is 0.433162

pgibbs sample time: 5.8e-05 seconds
probability of topic_Student_60 is 0.526876

pgibbs sample time: 5.5e-05 seconds
probability of topic_Person_45 is 0.488394

pgibbs sample time: 0.000322 seconds
probability of topic_Course_93 is 0.443632

pgibbs sample time: 5.7e-05 seconds
probability of topic_ResearchProject_56 is 0.543606

