observed tuples: r4873 r3461 r421 r388 r4221 r2400 r1328 r2645 r1373 r296 r343 r933 r3915 r3974 r86 r1358 r4858 r4127 r4691 r4941 r748 r3377 r3748 r770 r3321 r4743 r1624 r346 r4897 r2611 r1747 r2185 r126 r1354 r1035 r472 r4233 r520 r2733 r140 r4019 r330 r775 r4689 r509 r1978 r4714 r2247 r4024 r2209 r2966 r407 r2286 r1241 r120 r278 r1083 r3518 r4967 r1599 r1902 r2348 r1544 r4765 r4590 r3509 r3542 r3100 r1159 r4200 r3739 r2940 r3553 r1678 r4781 r615 r285 r3789 r2681 r3424 r3768 r3383 r1362 r2996 r2429 r4228 r4162 r359 r3681 r4165 r935 r2873 r862 r2380 r3035 r2199 r3361 r3999 r1985 r2324 r1910 r2485 r2764 r2074 r1879 r4144 r2329 r2261 r4487 r3561 r2554 r3263 r1717 r610 r405 r842 r3165 r43 r2780 r3440 r3564 r1401 r2384 r4543 r4007 r1424 r1668 r4146 r319 r4303 r4549 r130 r4889 r3055 r4522 r3949 r226 r2983 r2110 r2280 r4410 r4422 r4485 r2448 r989 r4991 r1997 r1816 r2218 r371 r761 r231 r30 r2041 r1652 r2413 r4473 r397 r1028 r352 r675 r2586 r504 r2471 r2047 r157 r16 r859 r1950 r66 r4921 r2520 r3570 r4261 r1925 r3455 r3635 r2600 r4028 r1600 r2651 r3072 r2676 r3068 r2620 r3459 r4979 r1428 r2566 r1124 r1949 r1568 r2885 r1140 r4535 r3843 r232 r395 r3565 r2626 r3495 r3449 r2152 r4431 r1406 r68 r414 r353 r155 r3310 r1277 r4316 r1800 r3981 r4497 r1506 r2543 r3801 r3955 r856 r1582 r4012 r2831 r1300 r979 r3230 r1252 r177 r1529 r1052 r3250 r4903 r4529 r3997 hasword_task_80 links_51_113 r835 r4808 r4217 hasword_materi_17 r559 r1256 r1552 r4842 links_71_176 r1130 r2340 hasword_due_91 r4071 r121 links_49_89 r4285 hasword_home_49 hasword_hall_49 links_43_68 r3505 r4126 links_93_71 links_24_229 r4366 r621 r4608 r1218 r908 r1168 links_39_153 hasword_jan_50 r1746 r4784 r195 r1195 hasword_access_35 hasword_www_153 r4232 r2107 r1621 r2510 r3416 hasword_multimedia_243 r2024 r225 r1609 r4383 hasword_html_5 r1604 r2205 r3580 r315 r1937 links_43_88 r3697 r2657 links_43_40 hasword_robert_43 r2359 r656 r4499 r331 links_51_21 hasword_output_43 r3460 hasword_request_43 hasword_univers_40 r247 r4004 links_71_93 hasword_text_94 r1472 r542 r422 r4735 r691 r577 r3032 hasword_back_92 r2148 r1790 r4696 r4120 r1190 r1034 links_51_274 r3442 r3663 r2027 r418 r2106 r44 r4114 links_41_177 r4387 hasword_model_177 r2097 links_33_19 r1197 links_55_153 r1557 r864 r3167 r4043 r1647 r4993 r294 r783 r3158 r2897 r3902 r1933 r2526 r3802 hasword_text_66 r3944 r2789 r4264 r4955 r1912 hasword_featur_42 hasword_email_59 r4682 hasword_year_87 r3115 r784 r4437 hasword_scienc_42 hasword_gmt_16 hasword_server_73 r4323 r4674 r1580 r3074 hasword_length_88 hasword_server_27 r354 hasword_fridai_113 hasword_sequenc_31 r3521 r3794 r4307 hasword_account_21 r1025 r4175 r4265 hasword_appoint_83 links_47_12 r1619 hasword_content_107 hasword_design_39 r2582 r4051 r1835 r4508 links_65_154 r3524 r2638 links_75_153 hasword_student_75 hasword_dec_11 r133 r3183 links_13_168 r3624 r4656 hasword_develop_159 r1882 links_47_146 r1543 r1572 r1701 hasword_phone_2 r1258 r939 r1871 r235 r2287 r2535 r2581 r2575 links_108_94 hasword_art_50 r3666 r3122 hasword_date_53 r4326 r2751 r1065 hasword_construct_113 hasword_public_61 r4980 r4057 r2710 hasword_utexa_45 r673 r4498 r1274 hasword_scienc_14 r3405 hasword_consult_154 hasword_oper_159 r4738 r665 r2432 hasword_read_99 links_65_107 r2409 r2228 r3479 r3025 r3108 r1851 r904 r795 r4551 r1036 r2239 r4997 r3288 hasword_implement_8 r1502 r3771 r2462 r622 r4697 hasword_initi_186 r2112 hasword_graphic_43 r4386 r1384 hasword_model_1 r3206 r4597 hasword_format_95 r2468 links_108_7 r3936 r685 r4945 r1423 r4815 r3391 r816 hasword_ph_79 links_51_159 r3516 r3084 r1892 hasword_specif_26 r413 links_61_39 r0 r488 hasword_content_86 r2647 r3392 r4147 r2164 r4098 hasword_mondai_229 r737 hasword_gener_22 r4841 hasword_gmt_48 hasword_handl_69 r936 r4721 hasword_statem_77 hasword_mail_84 r4174 hasword_separ_57 links_55_189 r3906 r1296 r3732 hasword_project_64 r2225 r4484 links_18_102 r2957 r4665 r3679 r1657 hasword_date_20 links_37_153 r2935 r3289 r1541 hasword_tuesdai_14 links_157_58 r26 hasword_softwar_55 hasword_refer_153 hasword_jan_51 r1660 hasword_onlin_76 hasword_offic_83 hasword_facil_9 r4202 r3882 hasword_date_6 r793 r3335 r767 r3397 r2936 hasword_hardwar_43 r1612 r40 links_102_221 hasword_austin_119 r187 r198 r2402 r1877 r749 r4054 r1278 hasword_semest_47 r4406 r3497 hasword_includ_56 r714 r59 hasword_html_18 r1341 r911 r1457 hasword_board_103 hasword_jan_27 r742 r107 r4108 hasword_prototyp_26 r956 r3441 r4409 rl r2864 r3309 r1236 hasword_list_88 r3517 r1635 r836 r704 links_78_90 r3513 r4293 links_107_65 r2094 r1629 hasword_type_46 r4521 r4248 r4292 r411 hasword_game_43 r316 r2609 hasword_oct_96 r1592 hasword_softwar_32 r3317 r1299 r566 hasword_sundai_61 r4694 r3639 hasword_archiv_9 hasword_research_198 r282 r648 hasword_data_38 r301 r4577 r3228 r4267 r4030 r2685 links_22_35 r1738 r321 r486 r1994 r4469 r3933 r2985 r2226 hasword_nov_301 r3487 hasword_maintain_189 hasword_type_68 hasword_apr_48 r1122 r1001 r2530 r1291 r2304 r259 r1748 r4257 hasword_mobil_64 r2678 hasword_texa_221 r1461 hasword_mathemat_98 hasword_laboratori_64 r3162 r724 r3138 r3064 links_50_153 hasword_compil_30 r2403 hasword_univers_176 r2221 r2992 links_102_20 r3555 hasword_server_74 r4870 hasword_version_86 links_33_153 hasword_mime_60 r802 r4451 hasword_jan_10 r1650 r708 hasword_fall_47 r1108 links_10_153 r540 r2264 r1878 r4677 r1294 hasword_reduc_86 r1369 r4684 links_24_243 r3481 hasword_austin_37 links_46_59 r1532 r4032 links_154_107 hasword_board_9 r3536 r1686 r4492 links_59_153 r182 hasword_effici_31 r2832 r4803 hasword_plan_73 hasword_code_102 r4613 r3037 hasword_area_86 hasword_syllabu_54 r4365 links_59_46 r2133 hasword_represent_4 r3060 hasword_commun_27 r3803 hasword_depart_29 r2425 r2460 r4799 hasword_research_24 r2872 r4156 r556 hasword_web_89 hasword_person_84 r3503 links_89_26 r2792 r595 r4348 r1202 r2528 r4159 hasword_summari_45 hasword_type_274 links_198_34 r1689 r1960 r3526 hasword_imag_127 hasword_modifi_15 r4176 hasword_interest_41 hasword_home_33 r2863 hasword_high_65 r213 links_30_168 links_198_301 hasword_jan_58 r4177 r2411 r3478 links_153_103 r42 r627 hasword_algorithm_43 r3116 r2745 links_301_186 r3083 r2925 r7 r2003 r1411 r3262 hasword_man_34 r1085 hasword_colleg_131 hasword_stuff_25 hasword_tree_30 r2574 links_34_131 r3836 r4915 hasword_length_62 links_34_119 links_198_88 r1836 hasword_januari_198 r1805 r4284 hasword_machin_90 r1397 r1323 r3662 hasword_servic_9 hasword_research_168 r1824 r1753 r4845 r2782 hasword_algorithm_3 r3938 r1175 r2431 r813 hasword_graduat_72 hasword_develop_13 hasword_group_73 r2643 r963 r4149 r2029 r1353 r676 hasword_text_43 r1118 r1145 r3434 r2550 hasword_net_70 hasword_vol_15 r206 r2694 hasword_procedur_12 r4219 r597 hasword_solution_80 r1427 r2904 r4974 hasword_handout_19 r2484 r3420 hasword_case_79 r1679 r4801 hasword_access_78 hasword_vector_48 r2823 r2182 hasword_machin_139 r1654 r1467 links_94_108 r2014 hasword_tabl_157 hasword_student_58 links_58_157 hasword_graph_38 r2869 r1110 r3429 r4512 hasword_home_78 r3904 r4581 r3661 r2927 r804 r2739 r1173 r1777 r1867 hasword_offic_124 hasword_block_124 hasword_cern_237 r516 hasword_formal_44 r1934 hasword_call_44 r453 r3312 links_44_139 r878 links_44_124 r2128 r2055 hasword_link_97 r4874 r3653 r4034 r138 r758 r631 r1000 r3708 r3159 r2050 r2277 r253 r1066 r2015 r4211 r3884 r4879 r861 r3665 hasword_report_79 r4537 r4885 r174 r741 r229 r3338 r55 r1287 hasword_mime_71 r4575 r3745 r4367 r1201 r4782 links_20_102 hasword_test_52 r4811 r4066 r774 r2714 r2281 r1734 hasword_task_82 hasword_man_82 r1719 links_176_71 r302 r4566 r630 r1058 r4862 r1685 r3142 r3462 r921 links_44_237 r2200 r525 r477 r1013 r4033 r2762 r3090 r2601 r2465 r3195 r1080 hasword_texa_23 r4374 r2166 r1074 hasword_produc_79 hasword_www_90 r2245 r3698 r1086 r1830 r248 r4940 links_69_168 r4702 r1699 r1206 r4911 r1714 hasword_learn_128 r1885 hasword_knowledg_189 hasword_mime_85 hasword_server_81 links_33_127 hasword_home_85 r2903 r2852 r3514 links_85_128 r3777 r277 r37 r4795 r2723 r3411 r3450 r1530 hasword_time_80 r4394 r265 r1841 r4681 r2701 r109 r2364 r1272 r10 r1945 r1970 r4092 r2416 r91 hasword_system_36 r3924 hasword_kei_82 r2083 r2958 r3879 r971 r3452 hasword_institut_146 hasword_process_11 r1843 r4594 r3185 r4760 r385 r2637 r1732 r4956 r2455 r3643 r4334 r1963 r1156 r4848 r3641 r1360 r4022 r1762 r1875 hasword_jan_63 r3179 r1577 r1831 r3668 r1724 r3798 hasword_modifi_93 r4908 r13 r2675 links_90_198 r2231 hasword_server_108 r3547 r3190 r4204 r3636 r2812 r2312 r2270 hasword_date_7 r1968 r3692 r4996 r3996 r287 r4319 r3031 hasword_line_79 hasword_server_69 r2544 r1602 r2061 hasword_robert_67 r4299 hasword_gmt_28 r3775 r823 r1920 r4975 r200 hasword_program_107 r3273 hasword_email_38 r1004 hasword_cern_146 r4158 r4654 hasword_special_131 r2868 r4592 r2970 r3659 r3575 r84 r4942 hasword_tr_31 r3600 r1148 r3931 r1495 r3626 r3549 r2622 r2709 r4562 r2179 r1405 r995 r3096 r709 r71 r4883 r4133 r872 r4235 r4472 r3805 r298 r3348 r2879 hasword_modifi_55 r3854 r4632 r1578 r3343 r1182 r4238 r2461 r4168 hasword_jan_25 r1282 r4324 r769 r2829 hasword_date_3 r3121 r3168 r4388 r1755 r3136 hasword_file_14 r2800 r1833 r3284 r4209 r555 r4625 hasword_nov_98 r3872 r1100 r4596 r2569 r1675 r2142 r2896 r3054 r4132 r3684 r2316 r334 r2672 r4530 r1101 r2589 r4932 r4428 r4916 r1097 r3982 r1761 r3688 r1419 r3094 r1412 r4886 r2501 r1898 r3642 r3989 r3576 r2572 hasword_modifi_29 r2103 r1520 r695 r4584 r2069 r3519 r1434 r4263 r2725 r2504 r2715 r1076 r2153 r3891 r3522 r17 r2794 r2417 r4857 links_51_153 r2748 r3367 hasword_low_99 r808 r3381 r3959 r3848 r3087 r1794 
size of observed tuples: 1183
size of unobserved tuples: 849

pgibbs sample time: 0.000103 seconds
probability of topic_Faculty_73 is 0.295332

pgibbs sample time: 0.000234 seconds
probability of topic_Student_41 is 0.765482

pgibbs sample time: 5.8e-05 seconds
probability of topic_Faculty_23 is 0.478687

pgibbs sample time: 5.7e-05 seconds
probability of topic_Department_74 is 0.477077

pgibbs sample time: 5.6e-05 seconds
probability of topic_Student_16 is 0.493937

pgibbs sample time: 7.5e-05 seconds
probability of topic_Faculty_84 is 0.544854

pgibbs sample time: 0.000589 seconds
probability of topic_Course_154 is 0.461237

pgibbs sample time: 0.000592 seconds
probability of topic_Course_107 is 0.513579

pgibbs sample time: 0.002494 seconds
probability of topic_ResearchProject_43 is 0.263745

pgibbs sample time: 8.4e-05 seconds
probability of topic_Department_48 is 0.380571

pgibbs sample time: 5.7e-05 seconds
probability of topic_Staff_17 is 0.455511

pgibbs sample time: 0.000502 seconds
probability of topic_Student_94 is 0.489221

pgibbs sample time: 7.2e-05 seconds
probability of topic_Faculty_42 is 0.679807

pgibbs sample time: 0.000576 seconds
probability of topic_Staff_13 is 0.438842

pgibbs sample time: 8.1e-05 seconds
probability of topic_Course_82 is 0.471645

pgibbs sample time: 8.1e-05 seconds
probability of topic_Staff_82 is 0.50126

pgibbs sample time: 5.7e-05 seconds
probability of topic_Faculty_97 is 0.483098

pgibbs sample time: 0.004203 seconds
probability of topic_Person_274 is 0.501978

pgibbs sample time: 0.004281 seconds
probability of topic_Person_159 is 0.574142

pgibbs sample time: 0.004291 seconds
probability of topic_Person_113 is 0.325629

pgibbs sample time: 0.004292 seconds
probability of topic_Person_51 is 0.441443

pgibbs sample time: 5.7e-05 seconds
probability of topic_Person_96 is 0.557225

pgibbs sample time: 0.004174 seconds
probability of topic_Staff_75 is 0.338169

pgibbs sample time: 0.00062 seconds
probability of topic_Person_107 is 0.455891

pgibbs sample time: 7.2e-05 seconds
probability of topic_Course_83 is 0.673088

pgibbs sample time: 0.003871 seconds
probability of topic_Course_75 is 0.524553

pgibbs sample time: 0.004318 seconds
probability of topic_Person_50 is 0.577315

pgibbs sample time: 7.7e-05 seconds
probability of topic_Department_98 is 0.81711

pgibbs sample time: 0.000442 seconds
probability of topic_Student_47 is 0.445454

pgibbs sample time: 0.002105 seconds
probability of topic_Staff_68 is 0.453002

pgibbs sample time: 0.000232 seconds
probability of topic_Faculty_22 is 0.373109

pgibbs sample time: 0.000413 seconds
probability of topic_Staff_26 is 0.429755

pgibbs sample time: 5.7e-05 seconds
probability of topic_Person_32 is 0.481126

pgibbs sample time: 0.002534 seconds
probability of topic_Faculty_131 is 0.465946

pgibbs sample time: 0.003687 seconds
probability of topic_Student_113 is 0.549311

pgibbs sample time: 0.002542 seconds
probability of topic_Faculty_34 is 0.476228

pgibbs sample time: 5.6e-05 seconds
probability of topic_Course_60 is 0.411195

pgibbs sample time: 0.002529 seconds
probability of topic_Faculty_186 is 0.45677

pgibbs sample time: 8.6e-05 seconds
probability of topic_Staff_27 is 0.582702

pgibbs sample time: 0.003817 seconds
probability of topic_Staff_127 is 0.45939

pgibbs sample time: 5.7e-05 seconds
probability of topic_Student_87 is 0.629144

pgibbs sample time: 5.6e-05 seconds
probability of topic_Person_63 is 0.505972

pgibbs sample time: 0.000303 seconds
probability of topic_Person_157 is 0.491981

pgibbs sample time: 0.000529 seconds
probability of topic_Staff_139 is 0.572978

pgibbs sample time: 7.2e-05 seconds
probability of topic_Faculty_29 is 0.596224

pgibbs sample time: 0.000573 seconds
probability of topic_Course_30 is 0.501874

pgibbs sample time: 0.000594 seconds
probability of topic_Staff_154 is 0.481405

pgibbs sample time: 0.002537 seconds
probability of topic_Faculty_90 is 0.497938

pgibbs sample time: 0.002546 seconds
probability of topic_Faculty_40 is 0.592617

pgibbs sample time: 7.2e-05 seconds
probability of topic_Faculty_25 is 0.576602

pgibbs sample time: 0.004428 seconds
probability of topic_Faculty_39 is 0.397999

pgibbs sample time: 0.002567 seconds
probability of topic_Course_40 is 0.566706

pgibbs sample time: 7.2e-05 seconds
probability of topic_Course_42 is 0.518543

pgibbs sample time: 0.00396 seconds
probability of topic_Faculty_127 is 0.571402

pgibbs sample time: 0.000433 seconds
probability of topic_Student_89 is 0.390102

pgibbs sample time: 8.4e-05 seconds
probability of topic_Course_31 is 0.426331

pgibbs sample time: 0.003962 seconds
probability of topic_Faculty_46 is 0.400688

pgibbs sample time: 0.003976 seconds
probability of topic_Faculty_37 is 0.449392

pgibbs sample time: 5.6e-05 seconds
probability of topic_Faculty_4 is 0.531785

pgibbs sample time: 0.000237 seconds
probability of topic_Person_41 is 0.787909

pgibbs sample time: 0.000658 seconds
probability of topic_ResearchProject_168 is 0.645775

pgibbs sample time: 6.1e-05 seconds
probability of topic_Department_23 is 0.442131

pgibbs sample time: 0.002382 seconds
probability of topic_Staff_34 is 0.478827

pgibbs sample time: 5.8e-05 seconds
probability of topic_Person_72 is 0.485746

pgibbs sample time: 0.000385 seconds
probability of topic_Course_157 is 0.555782

pgibbs sample time: 8.5e-05 seconds
probability of topic_Faculty_14 is 0.483857

pgibbs sample time: 7.1e-05 seconds
probability of topic_Student_3 is 0.433717

pgibbs sample time: 0.000418 seconds
probability of topic_Person_49 is 0.728748

pgibbs sample time: 9.6e-05 seconds
probability of topic_Course_9 is 0.465094

pgibbs sample time: 0.002462 seconds
probability of topic_Student_68 is 0.502918

pgibbs sample time: 0.000353 seconds
probability of topic_Faculty_24 is 0.478177

pgibbs sample time: 0.000577 seconds
probability of topic_Student_71 is 0.520812

pgibbs sample time: 0.00431 seconds
probability of topic_Person_127 is 0.530518

pgibbs sample time: 7.2e-05 seconds
probability of topic_Department_84 is 0.536599

pgibbs sample time: 7.3e-05 seconds
probability of topic_Faculty_83 is 0.518471

pgibbs sample time: 0.000266 seconds
probability of topic_Student_128 is 0.519551

pgibbs sample time: 5.5e-05 seconds
probability of topic_Staff_63 is 0.576178

pgibbs sample time: 7e-05 seconds
probability of topic_Person_98 is 0.730351

pgibbs sample time: 7.1e-05 seconds
probability of topic_Department_85 is 0.576182

pgibbs sample time: 0.000627 seconds
probability of topic_Faculty_154 is 0.469349

pgibbs sample time: 7e-05 seconds
probability of topic_ResearchProject_99 is 0.485025

pgibbs sample time: 5.8e-05 seconds
probability of topic_Department_4 is 0.48277

pgibbs sample time: 5.6e-05 seconds
probability of topic_ResearchProject_63 is 0.462699

pgibbs sample time: 0.002506 seconds
probability of topic_Person_34 is 0.418896

pgibbs sample time: 5.8e-05 seconds
probability of topic_Student_28 is 0.493937

pgibbs sample time: 0.000497 seconds
probability of topic_Person_7 is 0.512902

pgibbs sample time: 0.000236 seconds
probability of topic_ResearchProject_41 is 0.364179

pgibbs sample time: 8.2e-05 seconds
probability of topic_ResearchProject_48 is 0.298477

pgibbs sample time: 7.2e-05 seconds
probability of topic_Faculty_69 is 0.412887

pgibbs sample time: 5.7e-05 seconds
probability of topic_Faculty_63 is 0.489816

pgibbs sample time: 5.6e-05 seconds
probability of topic_Staff_32 is 0.59457

pgibbs sample time: 0.000232 seconds
probability of topic_Course_177 is 0.535956

pgibbs sample time: 0.00434 seconds
probability of topic_Course_50 is 0.390066

pgibbs sample time: 0.000584 seconds
probability of topic_Student_44 is 0.450061

pgibbs sample time: 0.000206 seconds
probability of topic_Course_41 is 0.390502

pgibbs sample time: 5.7e-05 seconds
probability of topic_Student_17 is 0.298945

pgibbs sample time: 0.000574 seconds
probability of topic_Person_237 is 0.543948

pgibbs sample time: 0.003879 seconds
probability of topic_Course_274 is 0.435648

pgibbs sample time: 0.000439 seconds
probability of topic_ResearchProject_26 is 0.559666

pgibbs sample time: 5.7e-05 seconds
probability of topic_Staff_87 is 0.467612

pgibbs sample time: 0.00065 seconds
probability of topic_Person_44 is 0.502883

pgibbs sample time: 8.4e-05 seconds
probability of topic_Course_14 is 0.518249

pgibbs sample time: 5.6e-05 seconds
probability of topic_Person_36 is 0.56344

pgibbs sample time: 0.004138 seconds
probability of topic_Student_39 is 0.316439

pgibbs sample time: 0.003698 seconds
probability of topic_Student_51 is 0.451766

pgibbs sample time: 0.00383 seconds
probability of topic_Staff_55 is 0.455832

pgibbs sample time: 8.4e-05 seconds
probability of topic_Person_80 is 0.336537

pgibbs sample time: 0.002506 seconds
probability of topic_Person_40 is 0.64735

pgibbs sample time: 0.000579 seconds
probability of topic_Student_176 is 0.60275

pgibbs sample time: 0.004066 seconds
probability of topic_Department_274 is 0.488675

pgibbs sample time: 0.0001 seconds
probability of topic_Student_86 is 0.436461

pgibbs sample time: 5.7e-05 seconds
probability of topic_ResearchProject_28 is 0.442936

pgibbs sample time: 5.7e-05 seconds
probability of topic_Department_77 is 0.474402

pgibbs sample time: 5.6e-05 seconds
probability of topic_Person_70 is 0.366619

pgibbs sample time: 0.000409 seconds
probability of topic_Department_12 is 0.493435

pgibbs sample time: 5.5e-05 seconds
probability of topic_Course_52 is 0.435111

pgibbs sample time: 0.003972 seconds
probability of topic_Faculty_33 is 0.422147

pgibbs sample time: 0.00063 seconds
probability of topic_Course_20 is 0.495878

pgibbs sample time: 0.000374 seconds
probability of topic_Department_229 is 0.421607

pgibbs sample time: 0.000348 seconds
probability of topic_Student_24 is 0.47333

pgibbs sample time: 0.00046 seconds
probability of topic_Department_89 is 0.680878

pgibbs sample time: 7.1e-05 seconds
probability of topic_ResearchProject_42 is 0.565867

pgibbs sample time: 5.7e-05 seconds
probability of topic_Student_62 is 0.501822

pgibbs sample time: 6.9e-05 seconds
probability of topic_Course_15 is 0.446832

pgibbs sample time: 5.5e-05 seconds
probability of topic_Course_76 is 0.467894

pgibbs sample time: 5.5e-05 seconds
probability of topic_Person_2 is 0.620991

pgibbs sample time: 5.6e-05 seconds
probability of topic_Course_74 is 0.419524

pgibbs sample time: 6.8e-05 seconds
probability of topic_Course_84 is 0.592611

pgibbs sample time: 0.000556 seconds
probability of topic_Staff_176 is 0.54604

pgibbs sample time: 0.000555 seconds
probability of topic_Staff_93 is 0.397335

pgibbs sample time: 7.3e-05 seconds
probability of topic_Department_29 is 0.597307

pgibbs sample time: 0.004272 seconds
probability of topic_Staff_50 is 0.529574

pgibbs sample time: 0.002481 seconds
probability of topic_Student_88 is 0.365895

pgibbs sample time: 0.000234 seconds
probability of topic_Faculty_35 is 0.601582

pgibbs sample time: 0.003947 seconds
probability of topic_ResearchProject_51 is 0.386649

pgibbs sample time: 5.7e-05 seconds
probability of topic_Student_6 is 0.493937

pgibbs sample time: 0.002297 seconds
probability of topic_ResearchProject_40 is 0.405207

pgibbs sample time: 5.9e-05 seconds
probability of topic_ResearchProject_32 is 0.651756

pgibbs sample time: 0.000651 seconds
probability of topic_Person_139 is 0.607743

pgibbs sample time: 0.000374 seconds
probability of topic_Department_243 is 0.481471

pgibbs sample time: 7.2e-05 seconds
probability of topic_Person_64 is 0.523015

pgibbs sample time: 0.00259 seconds
probability of topic_Department_68 is 0.499045

pgibbs sample time: 8.5e-05 seconds
probability of topic_Faculty_38 is 0.577006

pgibbs sample time: 0.004146 seconds
probability of topic_Student_127 is 0.48788

pgibbs sample time: 0.000206 seconds
probability of topic_Student_177 is 0.474684

pgibbs sample time: 8.7e-05 seconds
probability of topic_Faculty_64 is 0.447541

pgibbs sample time: 0.003696 seconds
probability of topic_Student_33 is 0.677829

pgibbs sample time: 0.000364 seconds
probability of topic_Staff_58 is 0.429792

pgibbs sample time: 0.002554 seconds
probability of topic_Faculty_301 is 0.507187

pgibbs sample time: 5.7e-05 seconds
probability of topic_Department_16 is 0.480109

pgibbs sample time: 0.003966 seconds
probability of topic_Faculty_50 is 0.487873

pgibbs sample time: 7.2e-05 seconds
probability of topic_Person_83 is 0.516439

pgibbs sample time: 5.9e-05 seconds
probability of topic_Department_17 is 0.572671

pgibbs sample time: 0.004348 seconds
probability of topic_Course_159 is 0.542148

pgibbs sample time: 5.8e-05 seconds
probability of topic_Faculty_81 is 0.401374

pgibbs sample time: 0.002593 seconds
probability of topic_Department_301 is 0.628539

pgibbs sample time: 0.000113 seconds
probability of topic_Student_79 is 0.468964

pgibbs sample time: 0.000621 seconds
probability of topic_Person_154 is 0.410338

pgibbs sample time: 0.000263 seconds
probability of topic_Faculty_128 is 0.416317

pgibbs sample time: 5.9e-05 seconds
probability of topic_Staff_2 is 0.729589

pgibbs sample time: 5.6e-05 seconds
probability of topic_Person_53 is 0.498179

pgibbs sample time: 5.7e-05 seconds
probability of topic_Department_87 is 0.366359

pgibbs sample time: 0.003637 seconds
probability of topic_Department_61 is 0.30574

pgibbs sample time: 0.000298 seconds
probability of topic_Course_108 is 0.423673

pgibbs sample time: 0.000582 seconds
probability of topic_Department_69 is 0.403529

pgibbs sample time: 0.000376 seconds
probability of topic_Department_24 is 0.608136

pgibbs sample time: 0.004275 seconds
probability of topic_Staff_189 is 0.501849

pgibbs sample time: 0.000505 seconds
probability of topic_Department_108 is 0.464468

pgibbs sample time: 0.000341 seconds
probability of topic_Student_58 is 0.774175

pgibbs sample time: 5.8e-05 seconds
probability of topic_Department_2 is 0.492523

pgibbs sample time: 0.002469 seconds
probability of topic_Student_34 is 0.427966

pgibbs sample time: 5.8e-05 seconds
probability of topic_Department_95 is 0.467383

pgibbs sample time: 0.000676 seconds
probability of topic_ResearchProject_221 is 0.481264

pgibbs sample time: 5.8e-05 seconds
probability of topic_Faculty_72 is 0.44287

pgibbs sample time: 5.7e-05 seconds
probability of topic_Student_96 is 0.535841

pgibbs sample time: 5.6e-05 seconds
probability of topic_Faculty_96 is 0.573274

pgibbs sample time: 0.003815 seconds
probability of topic_Staff_159 is 0.4396

pgibbs sample time: 5.6e-05 seconds
probability of topic_Person_17 is 0.251716

pgibbs sample time: 0.003819 seconds
probability of topic_Staff_113 is 0.428717

pgibbs sample time: 5.8e-05 seconds
probability of topic_Course_17 is 0.75994

pgibbs sample time: 8.7e-05 seconds
probability of topic_Faculty_31 is 0.527443

pgibbs sample time: 0.002394 seconds
probability of topic_Staff_131 is 0.444089

pgibbs sample time: 0.004353 seconds
probability of topic_Course_55 is 0.33787

pgibbs sample time: 9e-05 seconds
probability of topic_Student_64 is 0.404392

pgibbs sample time: 0.002469 seconds
probability of topic_Student_40 is 0.618443

pgibbs sample time: 5.8e-05 seconds
probability of topic_Course_62 is 0.435971

pgibbs sample time: 5.8e-05 seconds
probability of topic_Department_60 is 0.429697

pgibbs sample time: 5.5e-05 seconds
probability of topic_Course_97 is 0.593732

pgibbs sample time: 5.7e-05 seconds
probability of topic_ResearchProject_87 is 0.446075

pgibbs sample time: 0.000624 seconds
probability of topic_Person_65 is 0.51543

pgibbs sample time: 7.1e-05 seconds
probability of topic_Course_73 is 0.45295

pgibbs sample time: 5.7e-05 seconds
probability of topic_Student_32 is 0.466327

pgibbs sample time: 7.2e-05 seconds
probability of topic_ResearchProject_11 is 0.233585

pgibbs sample time: 0.000575 seconds
probability of topic_Person_30 is 0.502817

pgibbs sample time: 6e-05 seconds
probability of topic_Staff_53 is 0.447858

pgibbs sample time: 5.7e-05 seconds
probability of topic_Faculty_95 is 0.586438

pgibbs sample time: 0.000458 seconds
probability of topic_Person_20 is 0.503835

pgibbs sample time: 0.002592 seconds
probability of topic_Department_34 is 0.471277

pgibbs sample time: 0.004085 seconds
probability of topic_Department_37 is 0.428401

pgibbs sample time: 5.6e-05 seconds
probability of topic_Course_63 is 0.47654

pgibbs sample time: 7.1e-05 seconds
probability of topic_Staff_14 is 0.368119

pgibbs sample time: 5.6e-05 seconds
probability of topic_Course_57 is 0.52745

pgibbs sample time: 0.000504 seconds
probability of topic_Faculty_108 is 0.394651

pgibbs sample time: 7.1e-05 seconds
probability of topic_Staff_3 is 0.414451

pgibbs sample time: 0.000431 seconds
probability of topic_Person_146 is 0.612672

pgibbs sample time: 0.000225 seconds
probability of topic_Person_22 is 0.392847

pgibbs sample time: 5.6e-05 seconds
probability of topic_ResearchProject_66 is 0.437775

pgibbs sample time: 7.3e-05 seconds
probability of topic_Faculty_45 is 0.480919

pgibbs sample time: 0.000595 seconds
probability of topic_Staff_65 is 0.437447

pgibbs sample time: 0.000369 seconds
probability of topic_Staff_229 is 0.358585

pgibbs sample time: 0.002599 seconds
probability of topic_ResearchProject_131 is 0.450484

pgibbs sample time: 0.002604 seconds
probability of topic_ResearchProject_34 is 0.535032

pgibbs sample time: 5.6e-05 seconds
probability of topic_Student_5 is 0.486212

pgibbs sample time: 7e-05 seconds
probability of topic_Person_48 is 0.534677

pgibbs sample time: 5.7e-05 seconds
probability of topic_Student_54 is 0.386345

pgibbs sample time: 0.000586 seconds
probability of topic_Staff_69 is 0.496866

pgibbs sample time: 0.000438 seconds
probability of topic_Course_146 is 0.404264

pgibbs sample time: 7.1e-05 seconds
probability of topic_Course_45 is 0.493129

pgibbs sample time: 5.6e-05 seconds
probability of topic_Course_67 is 0.577589

pgibbs sample time: 0.000658 seconds
probability of topic_Staff_221 is 0.47918

pgibbs sample time: 0.004432 seconds
probability of topic_ResearchProject_75 is 0.353946

pgibbs sample time: 9.9e-05 seconds
probability of topic_Department_86 is 0.38745

pgibbs sample time: 0.000111 seconds
probability of topic_Course_79 is 0.348696

pgibbs sample time: 0.004345 seconds
probability of topic_Course_61 is 0.358329

pgibbs sample time: 0.000634 seconds
probability of topic_ResearchProject_107 is 0.364518

pgibbs sample time: 5.6e-05 seconds
probability of topic_Person_92 is 0.476547

pgibbs sample time: 0.000633 seconds
probability of topic_ResearchProject_65 is 0.523558

pgibbs sample time: 7.2e-05 seconds
probability of topic_Faculty_11 is 0.330739

pgibbs sample time: 0.000414 seconds
probability of topic_Staff_49 is 0.439256

pgibbs sample time: 7.2e-05 seconds
probability of topic_Department_42 is 0.38993

pgibbs sample time: 0.000443 seconds
probability of topic_Student_12 is 0.50175

pgibbs sample time: 6.2e-05 seconds
probability of topic_Student_67 is 0.432953

pgibbs sample time: 5.7e-05 seconds
probability of topic_Person_57 is 0.476931

pgibbs sample time: 7.1e-05 seconds
probability of topic_ResearchProject_25 is 0.428627

pgibbs sample time: 8.4e-05 seconds
probability of topic_Faculty_27 is 0.380534

pgibbs sample time: 0.000574 seconds
probability of topic_Person_13 is 0.498372

pgibbs sample time: 0.000556 seconds
probability of topic_ResearchProject_124 is 0.46011

pgibbs sample time: 0.004355 seconds
probability of topic_Course_39 is 0.645439

pgibbs sample time: 8.7e-05 seconds
probability of topic_Student_48 is 0.509148

pgibbs sample time: 5.6e-05 seconds
probability of topic_Person_76 is 0.653984

pgibbs sample time: 0.000515 seconds
probability of topic_ResearchProject_94 is 0.441835

pgibbs sample time: 0.000373 seconds
probability of topic_Course_24 is 0.395038

pgibbs sample time: 0.000442 seconds
probability of topic_Student_146 is 0.373852

pgibbs sample time: 0.004376 seconds
probability of topic_Person_46 is 0.48759

pgibbs sample time: 5.8e-05 seconds
probability of topic_Staff_74 is 0.432401

pgibbs sample time: 5.6e-05 seconds
probability of topic_Faculty_5 is 0.387388

pgibbs sample time: 8.5e-05 seconds
probability of topic_ResearchProject_14 is 0.485442

pgibbs sample time: 0.00396 seconds
probability of topic_ResearchProject_274 is 0.452532

pgibbs sample time: 0.000375 seconds
probability of topic_ResearchProject_243 is 0.664336

pgibbs sample time: 0.002399 seconds
probability of topic_Staff_90 is 0.611602

pgibbs sample time: 0.004354 seconds
probability of topic_Course_127 is 0.467733

pgibbs sample time: 0.002614 seconds
probability of topic_ResearchProject_68 is 0.455935

pgibbs sample time: 0.000268 seconds
probability of topic_Student_85 is 0.711313

pgibbs sample time: 5.7e-05 seconds
probability of topic_Course_8 is 0.615754

pgibbs sample time: 0.004072 seconds
probability of topic_Department_21 is 0.459239

pgibbs sample time: 0.00436 seconds
probability of topic_Course_19 is 0.695876

pgibbs sample time: 7.4e-05 seconds
probability of topic_Department_11 is 0.331256

pgibbs sample time: 0.00256 seconds
probability of topic_Course_88 is 0.339273

pgibbs sample time: 5.6e-05 seconds
probability of topic_Faculty_8 is 0.467878

pgibbs sample time: 0.003978 seconds
probability of topic_Faculty_19 is 0.494584

pgibbs sample time: 0.004367 seconds
probability of topic_Course_51 is 0.410268

pgibbs sample time: 0.003832 seconds
probability of topic_Staff_153 is 0.614313

pgibbs sample time: 0.00063 seconds
probability of topic_Student_107 is 0.428165

pgibbs sample time: 0.000639 seconds
probability of topic_ResearchProject_154 is 0.472339

pgibbs sample time: 5.5e-05 seconds
probability of topic_Person_16 is 0.498179

pgibbs sample time: 5.9e-05 seconds
probability of topic_Department_76 is 0.436649

pgibbs sample time: 0.004352 seconds
probability of topic_Course_10 is 0.461616

pgibbs sample time: 0.003965 seconds
probability of topic_ResearchProject_61 is 0.380456

pgibbs sample time: 0.000593 seconds
probability of topic_Department_237 is 0.406468

pgibbs sample time: 5.5e-05 seconds
probability of topic_Staff_52 is 0.511184

pgibbs sample time: 0.004458 seconds
probability of topic_ResearchProject_127 is 0.451513

pgibbs sample time: 7.3e-05 seconds
probability of topic_ResearchProject_45 is 0.48455

pgibbs sample time: 0.000555 seconds
probability of topic_ResearchProject_237 is 0.521223

pgibbs sample time: 7.3e-05 seconds
probability of topic_ResearchProject_29 is 0.362276

pgibbs sample time: 5.8e-05 seconds
probability of topic_Course_54 is 0.598444

pgibbs sample time: 5.6e-05 seconds
probability of topic_Course_32 is 0.425578

pgibbs sample time: 0.002484 seconds
probability of topic_Student_78 is 0.686762

pgibbs sample time: 0.002574 seconds
probability of topic_Course_198 is 0.441619

pgibbs sample time: 0.004078 seconds
probability of topic_Department_103 is 0.480643

pgibbs sample time: 8.7e-05 seconds
probability of topic_ResearchProject_27 is 0.414848

pgibbs sample time: 0.00443 seconds
probability of topic_ResearchProject_103 is 0.482995

pgibbs sample time: 5.7e-05 seconds
probability of topic_Staff_95 is 0.47193

pgibbs sample time: 0.000434 seconds
probability of topic_Student_49 is 0.752195

pgibbs sample time: 0.000585 seconds
probability of topic_Course_139 is 0.496561

pgibbs sample time: 0.00051 seconds
probability of topic_ResearchProject_7 is 0.458799

pgibbs sample time: 0.004156 seconds
probability of topic_Student_75 is 0.739375

pgibbs sample time: 0.003656 seconds
probability of topic_Department_10 is 0.630854

pgibbs sample time: 0.0001 seconds
probability of topic_ResearchProject_86 is 0.430894

pgibbs sample time: 0.003654 seconds
probability of topic_Department_189 is 0.369843

pgibbs sample time: 7.2e-05 seconds
probability of topic_Person_25 is 0.521188

pgibbs sample time: 5.4e-05 seconds
probability of topic_Faculty_2 is 0.52117

pgibbs sample time: 5.4e-05 seconds
probability of topic_Course_96 is 0.503376

pgibbs sample time: 7.1e-05 seconds
probability of topic_Department_99 is 0.418317

pgibbs sample time: 0.002401 seconds
probability of topic_Staff_301 is 0.486913

pgibbs sample time: 0.002575 seconds
probability of topic_Course_34 is 0.478465

pgibbs sample time: 0.002402 seconds
probability of topic_Staff_198 is 0.61103

pgibbs sample time: 0.003967 seconds
probability of topic_ResearchProject_59 is 0.485234

pgibbs sample time: 8.7e-05 seconds
probability of topic_Department_14 is 0.310779

pgibbs sample time: 0.000655 seconds
probability of topic_Person_69 is 0.640241

pgibbs sample time: 7.1e-05 seconds
probability of topic_Staff_31 is 0.512334

pgibbs sample time: 0.000641 seconds
probability of topic_Faculty_221 is 0.492404

pgibbs sample time: 0.003652 seconds
probability of topic_Department_127 is 0.43668

pgibbs sample time: 8.8e-05 seconds
probability of topic_Student_31 is 0.670028

pgibbs sample time: 0.000439 seconds
probability of topic_Faculty_26 is 0.594827

pgibbs sample time: 0.004082 seconds
probability of topic_Department_55 is 0.260679

pgibbs sample time: 0.000584 seconds
probability of topic_ResearchProject_69 is 0.323891

pgibbs sample time: 5.8e-05 seconds
probability of topic_Department_5 is 0.481264

pgibbs sample time: 5.7e-05 seconds
probability of topic_ResearchProject_52 is 0.476468

pgibbs sample time: 0.004358 seconds
probability of topic_Course_21 is 0.518785

pgibbs sample time: 7e-05 seconds
probability of topic_Person_84 is 0.595199

pgibbs sample time: 0.000665 seconds
probability of topic_Course_237 is 0.446847

pgibbs sample time: 0.002408 seconds
probability of topic_Staff_78 is 0.44586

pgibbs sample time: 0.000545 seconds
probability of topic_Person_93 is 0.489423

pgibbs sample time: 0.000634 seconds
probability of topic_Course_18 is 0.400444

pgibbs sample time: 5.8e-05 seconds
probability of topic_Student_30 is 0.52508

pgibbs sample time: 7e-05 seconds
probability of topic_Person_11 is 0.0367969

pgibbs sample time: 8.2e-05 seconds
probability of topic_Course_27 is 0.320074

pgibbs sample time: 0.000506 seconds
probability of topic_Department_7 is 0.495049

pgibbs sample time: 0.003961 seconds
probability of topic_ResearchProject_46 is 0.436436

pgibbs sample time: 7.2e-05 seconds
probability of topic_Department_73 is 0.407934

pgibbs sample time: 5.8e-05 seconds
probability of topic_ResearchProject_4 is 0.479583

pgibbs sample time: 0.000108 seconds
probability of topic_Person_79 is 0.685369

pgibbs sample time: 0.002611 seconds
probability of topic_Department_88 is 0.609961

pgibbs sample time: 7.4e-05 seconds
probability of topic_Department_3 is 0.40134

pgibbs sample time: 0.002571 seconds
probability of topic_Course_43 is 0.357958

pgibbs sample time: 0.000646 seconds
probability of topic_ResearchProject_176 is 0.385634

pgibbs sample time: 0.003937 seconds
probability of topic_Staff_10 is 0.559345

pgibbs sample time: 5.9e-05 seconds
probability of topic_Student_57 is 0.487116

pgibbs sample time: 0.000554 seconds
probability of topic_ResearchProject_108 is 0.426198

pgibbs sample time: 5.6e-05 seconds
probability of topic_Person_8 is 0.54974

pgibbs sample time: 0.000433 seconds
probability of topic_Course_26 is 0.530444

pgibbs sample time: 0.000419 seconds
probability of topic_Person_26 is 0.6009

pgibbs sample time: 0.0026 seconds
probability of topic_Department_43 is 0.214995

pgibbs sample time: 5.6e-05 seconds
probability of topic_Staff_16 is 0.447858

pgibbs sample time: 0.000261 seconds
probability of topic_Course_128 is 0.506084

pgibbs sample time: 0.002406 seconds
probability of topic_Staff_43 is 0.276514

pgibbs sample time: 0.004158 seconds
probability of topic_Student_153 is 0.482571

pgibbs sample time: 7.2e-05 seconds
probability of topic_Student_83 is 0.529084

pgibbs sample time: 0.000438 seconds
probability of topic_ResearchProject_89 is 0.428419

pgibbs sample time: 5.8e-05 seconds
probability of topic_ResearchProject_36 is 0.403352

pgibbs sample time: 7e-05 seconds
probability of topic_Course_98 is 0.489522

pgibbs sample time: 0.000459 seconds
probability of topic_Person_102 is 0.398703

pgibbs sample time: 8.4e-05 seconds
probability of topic_Person_31 is 0.534449

pgibbs sample time: 5.9e-05 seconds
probability of topic_ResearchProject_57 is 0.489022

pgibbs sample time: 6.9e-05 seconds
probability of topic_Person_29 is 0.60522

pgibbs sample time: 0.003831 seconds
probability of topic_Staff_37 is 0.455006

pgibbs sample time: 0.002617 seconds
probability of topic_ResearchProject_301 is 0.61559

pgibbs sample time: 0.002568 seconds
probability of topic_Faculty_198 is 0.473541

pgibbs sample time: 0.004292 seconds
probability of topic_Staff_19 is 0.511315

pgibbs sample time: 5.7e-05 seconds
probability of topic_Staff_91 is 0.473221

pgibbs sample time: 0.003722 seconds
probability of topic_Student_103 is 0.509788

pgibbs sample time: 5.6e-05 seconds
probability of topic_Course_92 is 0.344213

pgibbs sample time: 0.004165 seconds
probability of topic_Student_21 is 0.479092

pgibbs sample time: 9.8e-05 seconds
probability of topic_Staff_9 is 0.415935

pgibbs sample time: 7e-05 seconds
probability of topic_Course_64 is 0.556126

pgibbs sample time: 0.004364 seconds
probability of topic_Course_59 is 0.437271

pgibbs sample time: 0.002417 seconds
probability of topic_Staff_119 is 0.486587

pgibbs sample time: 9.8e-05 seconds
probability of topic_Faculty_86 is 0.38095

pgibbs sample time: 7.2e-05 seconds
probability of topic_Department_45 is 0.480134

pgibbs sample time: 5.6e-05 seconds
probability of topic_Staff_81 is 0.432401

pgibbs sample time: 0.000341 seconds
probability of topic_Student_157 is 0.334255

pgibbs sample time: 8.7e-05 seconds
probability of topic_Department_64 is 0.366552

pgibbs sample time: 0.000413 seconds
probability of topic_Staff_89 is 0.577472

pgibbs sample time: 0.004464 seconds
probability of topic_Faculty_61 is 0.475559

pgibbs sample time: 0.000225 seconds
probability of topic_Person_35 is 0.50009

pgibbs sample time: 5.9e-05 seconds
probability of topic_Student_42 is 0.602305

pgibbs sample time: 5.6e-05 seconds
probability of topic_Staff_8 is 0.555017

pgibbs sample time: 0.000363 seconds
probability of topic_Staff_157 is 0.441514

pgibbs sample time: 0.000556 seconds
probability of topic_Staff_71 is 0.415821

pgibbs sample time: 0.004471 seconds
probability of topic_Faculty_10 is 0.469554

pgibbs sample time: 7.3e-05 seconds
probability of topic_ResearchProject_38 is 0.532267

pgibbs sample time: 0.0026 seconds
probability of topic_Department_40 is 0.635972

pgibbs sample time: 8.2e-05 seconds
probability of topic_Staff_48 is 0.398301

pgibbs sample time: 7.4e-05 seconds
probability of topic_ResearchProject_83 is 0.435929

pgibbs sample time: 5.7e-05 seconds
probability of topic_Student_91 is 0.440213

pgibbs sample time: 0.004435 seconds
probability of topic_ResearchProject_153 is 0.656202

pgibbs sample time: 0.000197 seconds
probability of topic_Staff_41 is 0.446372

pgibbs sample time: 0.00365 seconds
probability of topic_Department_39 is 0.371116

pgibbs sample time: 0.000224 seconds
probability of topic_Staff_177 is 0.537179

pgibbs sample time: 8.2e-05 seconds
probability of topic_Person_38 is 0.338027

pgibbs sample time: 0.000581 seconds
probability of topic_ResearchProject_93 is 0.474109

pgibbs sample time: 7.3e-05 seconds
probability of topic_Staff_29 is 0.445293

pgibbs sample time: 5.8e-05 seconds
probability of topic_Department_53 is 0.480109

pgibbs sample time: 0.000593 seconds
probability of topic_Course_65 is 0.486369

pgibbs sample time: 0.002231 seconds
probability of topic_Person_119 is 0.479275

pgibbs sample time: 0.004336 seconds
probability of topic_Person_59 is 0.478445

pgibbs sample time: 0.003999 seconds
probability of topic_Faculty_59 is 0.550443

pgibbs sample time: 5.9e-05 seconds
probability of topic_ResearchProject_72 is 0.477466

pgibbs sample time: 0.000505 seconds
probability of topic_Faculty_7 is 0.436375

pgibbs sample time: 0.000207 seconds
probability of topic_ResearchProject_177 is 0.601163

pgibbs sample time: 0.004162 seconds
probability of topic_Student_61 is 0.0968369

pgibbs sample time: 0.004295 seconds
probability of topic_Staff_274 is 0.446587

pgibbs sample time: 5.9e-05 seconds
probability of topic_ResearchProject_74 is 0.435576

pgibbs sample time: 6.9e-05 seconds
probability of topic_Staff_99 is 0.498443

pgibbs sample time: 0.004325 seconds
probability of topic_Person_153 is 0.520134

pgibbs sample time: 0.003975 seconds
probability of topic_ResearchProject_55 is 0.595162

pgibbs sample time: 0.00434 seconds
probability of topic_Person_103 is 0.601287

pgibbs sample time: 5.8e-05 seconds
probability of topic_Faculty_92 is 0.40832

pgibbs sample time: 0.004441 seconds
probability of topic_ResearchProject_189 is 0.574515

pgibbs sample time: 0.004169 seconds
probability of topic_Student_37 is 0.497814

pgibbs sample time: 0.004298 seconds
probability of topic_Staff_21 is 0.510645

pgibbs sample time: 8.7e-05 seconds
probability of topic_Student_14 is 0.580548

pgibbs sample time: 0.004281 seconds
probability of topic_Staff_51 is 0.50866

pgibbs sample time: 0.003996 seconds
probability of topic_Faculty_153 is 0.727083

pgibbs sample time: 0.000687 seconds
probability of topic_Department_20 is 0.485435

pgibbs sample time: 5.6e-05 seconds
probability of topic_Staff_36 is 0.517015

pgibbs sample time: 0.004323 seconds
probability of topic_Person_189 is 0.531622

pgibbs sample time: 0.004466 seconds
probability of topic_Faculty_103 is 0.564579

pgibbs sample time: 7.3e-05 seconds
probability of topic_Person_42 is 0.680435

pgibbs sample time: 0.002567 seconds
probability of topic_Course_131 is 0.45448

pgibbs sample time: 7.2e-05 seconds
probability of topic_Staff_83 is 0.551996

pgibbs sample time: 0.00064 seconds
probability of topic_Faculty_18 is 0.374008

pgibbs sample time: 8.3e-05 seconds
probability of topic_Faculty_82 is 0.411907

pgibbs sample time: 5.6e-05 seconds
probability of topic_Person_4 is 0.544751

pgibbs sample time: 0.000373 seconds
probability of topic_Course_243 is 0.436114

pgibbs sample time: 0.002128 seconds
probability of topic_Staff_186 is 0.584208

pgibbs sample time: 5.7e-05 seconds
probability of topic_Staff_72 is 0.370987

pgibbs sample time: 0.004087 seconds
probability of topic_Department_46 is 0.476477

pgibbs sample time: 0.000453 seconds
probability of topic_Staff_7 is 0.463937

pgibbs sample time: 0.000631 seconds
probability of topic_Course_102 is 0.573833

pgibbs sample time: 0.004436 seconds
probability of topic_ResearchProject_50 is 0.42701

pgibbs sample time: 0.000669 seconds
probability of topic_Student_20 is 0.500791

pgibbs sample time: 0.000235 seconds
probability of topic_ResearchProject_35 is 0.560039

pgibbs sample time: 0.004326 seconds
probability of topic_Person_55 is 0.441084

pgibbs sample time: 0.004473 seconds
probability of topic_Faculty_21 is 0.497991

pgibbs sample time: 0.004456 seconds
probability of topic_ResearchProject_21 is 0.546607

pgibbs sample time: 0.002613 seconds
probability of topic_ResearchProject_88 is 0.501518

pgibbs sample time: 0.002416 seconds
probability of topic_Staff_40 is 0.561358

pgibbs sample time: 0.002613 seconds
probability of topic_Department_198 is 0.567329

pgibbs sample time: 0.000504 seconds
probability of topic_Student_108 is 0.474002

pgibbs sample time: 5.7e-05 seconds
probability of topic_Person_56 is 0.392505

pgibbs sample time: 0.00372 seconds
probability of topic_Student_10 is 0.511129

pgibbs sample time: 0.00257 seconds
probability of topic_Faculty_78 is 0.543073

pgibbs sample time: 8.5e-05 seconds
probability of topic_Staff_64 is 0.593418

pgibbs sample time: 0.00065 seconds
probability of topic_ResearchProject_71 is 0.498517

pgibbs sample time: 7.3e-05 seconds
probability of topic_Faculty_15 is 0.422302

pgibbs sample time: 5.7e-05 seconds
probability of topic_Faculty_74 is 0.401374

pgibbs sample time: 0.000574 seconds
probability of topic_Course_13 is 0.446204

pgibbs sample time: 0.002571 seconds
probability of topic_Course_301 is 0.480957

pgibbs sample time: 0.000661 seconds
probability of topic_Staff_20 is 0.45012

pgibbs sample time: 0.004291 seconds
probability of topic_Staff_61 is 0.358535

pgibbs sample time: 0.002659 seconds
probability of topic_ResearchProject_119 is 0.506609

pgibbs sample time: 0.002243 seconds
probability of topic_Person_88 is 0.430014

pgibbs sample time: 5.6e-05 seconds
probability of topic_Course_2 is 0.464953

pgibbs sample time: 5.6e-05 seconds
probability of topic_Course_72 is 0.381758

pgibbs sample time: 0.000438 seconds
probability of topic_Faculty_49 is 0.490236

pgibbs sample time: 9.8e-05 seconds
probability of topic_Faculty_9 is 0.497216

pgibbs sample time: 7.2e-05 seconds
probability of topic_Student_25 is 0.533836

pgibbs sample time: 0.003897 seconds
probability of topic_Course_103 is 0.48161

pgibbs sample time: 0.002614 seconds
probability of topic_Department_119 is 0.462889

pgibbs sample time: 5.8e-05 seconds
probability of topic_ResearchProject_76 is 0.478169

pgibbs sample time: 0.000353 seconds
probability of topic_Faculty_229 is 0.351144

pgibbs sample time: 5.7e-05 seconds
probability of topic_Student_97 is 0.439022

pgibbs sample time: 0.000606 seconds
probability of topic_Person_71 is 0.493437

pgibbs sample time: 0.000261 seconds
probability of topic_Course_85 is 0.47441

pgibbs sample time: 0.002612 seconds
probability of topic_Department_131 is 0.623967

pgibbs sample time: 0.000235 seconds
probability of topic_ResearchProject_22 is 0.607869

pgibbs sample time: 0.000579 seconds
probability of topic_Student_93 is 0.506098

pgibbs sample time: 5.6e-05 seconds
probability of topic_Course_87 is 0.465118

pgibbs sample time: 5.4e-05 seconds
probability of topic_Staff_28 is 0.447858

pgibbs sample time: 0.000438 seconds
probability of topic_Course_47 is 0.750093

pgibbs sample time: 8.5e-05 seconds
probability of topic_Student_73 is 0.419633

pgibbs sample time: 0.000541 seconds
probability of topic_Person_176 is 0.628134

pgibbs sample time: 7.4e-05 seconds
probability of topic_Student_69 is 0.521955

pgibbs sample time: 0.002572 seconds
probability of topic_Course_68 is 0.437084

pgibbs sample time: 0.000438 seconds
probability of topic_Course_12 is 0.621637

pgibbs sample time: 0.003996 seconds
probability of topic_Faculty_189 is 0.526861

pgibbs sample time: 0.000435 seconds
probability of topic_Course_89 is 0.707466

pgibbs sample time: 0.002572 seconds
probability of topic_Course_78 is 0.672487

pgibbs sample time: 5.8e-05 seconds
probability of topic_Faculty_62 is 0.431532

pgibbs sample time: 0.000605 seconds
probability of topic_Staff_124 is 0.583175

pgibbs sample time: 0.004335 seconds
probability of topic_Person_39 is 0.446773

pgibbs sample time: 0.002286 seconds
probability of topic_Course_186 is 0.5596

pgibbs sample time: 5.6e-05 seconds
probability of topic_Staff_6 is 0.447858

pgibbs sample time: 0.002576 seconds
probability of topic_Course_119 is 0.512949

pgibbs sample time: 7.1e-05 seconds
probability of topic_Person_45 is 0.424578

pgibbs sample time: 0.00436 seconds
probability of topic_Course_46 is 0.422946

pgibbs sample time: 0.000237 seconds
probability of topic_Faculty_41 is 0.681423

pgibbs sample time: 0.000499 seconds
probability of topic_Person_124 is 0.498772

pgibbs sample time: 0.000571 seconds
probability of topic_Faculty_124 is 0.431991

pgibbs sample time: 0.002605 seconds
probability of topic_ResearchProject_198 is 0.642593

pgibbs sample time: 7.2e-05 seconds
probability of topic_Student_45 is 0.456385

pgibbs sample time: 0.000376 seconds
probability of topic_Faculty_58 is 0.418101

pgibbs sample time: 6.9e-05 seconds
probability of topic_Person_15 is 0.488154

pgibbs sample time: 0.000234 seconds
probability of topic_Department_35 is 0.514794

pgibbs sample time: 5.6e-05 seconds
probability of topic_Course_3 is 0.490213

pgibbs sample time: 8.4e-05 seconds
probability of topic_Faculty_80 is 0.485217

pgibbs sample time: 0.000589 seconds
probability of topic_ResearchProject_13 is 0.504618

pgibbs sample time: 5.7e-05 seconds
probability of topic_Staff_4 is 0.46839

pgibbs sample time: 5.6e-05 seconds
probability of topic_Course_16 is 0.425378

pgibbs sample time: 0.002525 seconds
probability of topic_Person_198 is 0.522338

pgibbs sample time: 0.000582 seconds
probability of topic_Department_30 is 0.439438

pgibbs sample time: 0.004288 seconds
probability of topic_Staff_59 is 0.481106

pgibbs sample time: 6e-05 seconds
probability of topic_Student_81 is 0.487579

pgibbs sample time: 7.2e-05 seconds
probability of topic_Department_15 is 0.389289

pgibbs sample time: 0.000445 seconds
probability of topic_Person_89 is 0.420278

pgibbs sample time: 0.000586 seconds
probability of topic_Course_124 is 0.614707

pgibbs sample time: 5.8e-05 seconds
probability of topic_Staff_77 is 0.474394

pgibbs sample time: 0.000432 seconds
probability of topic_Person_12 is 0.452513

pgibbs sample time: 0.000594 seconds
probability of topic_Staff_107 is 0.361073

pgibbs sample time: 5.9e-05 seconds
probability of topic_Faculty_54 is 0.486159

pgibbs sample time: 0.004365 seconds
probability of topic_Course_33 is 0.530767

pgibbs sample time: 8.4e-05 seconds
probability of topic_Course_80 is 0.483211

pgibbs sample time: 5.7e-05 seconds
probability of topic_Person_95 is 0.429657

pgibbs sample time: 5.8e-05 seconds
probability of topic_Department_57 is 0.498504

pgibbs sample time: 7e-05 seconds
probability of topic_Staff_15 is 0.435361

pgibbs sample time: 0.000343 seconds
probability of topic_Person_58 is 0.643639

pgibbs sample time: 9.9e-05 seconds
probability of topic_Student_9 is 0.459523

pgibbs sample time: 8.6e-05 seconds
probability of topic_Student_27 is 0.473126

pgibbs sample time: 8.4e-05 seconds
probability of topic_Department_27 is 0.574933

pgibbs sample time: 0.003725 seconds
probability of topic_Student_274 is 0.502883

pgibbs sample time: 0.002504 seconds
probability of topic_Student_43 is 0.450506

pgibbs sample time: 0.000579 seconds
probability of topic_Course_168 is 0.465961

pgibbs sample time: 0.000579 seconds
probability of topic_Staff_30 is 0.433683

pgibbs sample time: 0.000626 seconds
probability of topic_Faculty_65 is 0.437653

pgibbs sample time: 8.3e-05 seconds
probability of topic_ResearchProject_82 is 0.56357

pgibbs sample time: 0.00249 seconds
probability of topic_Student_131 is 0.400109

pgibbs sample time: 0.000373 seconds
probability of topic_Course_229 is 0.482663

pgibbs sample time: 0.002492 seconds
probability of topic_Student_90 is 0.601386

pgibbs sample time: 0.002491 seconds
probability of topic_Student_198 is 0.460292

pgibbs sample time: 0.002495 seconds
probability of topic_Student_301 is 0.712539

pgibbs sample time: 0.000235 seconds
probability of topic_Department_22 is 0.728317

pgibbs sample time: 5.9e-05 seconds
probability of topic_Faculty_67 is 0.47323

pgibbs sample time: 0.00249 seconds
probability of topic_Student_186 is 0.518312

pgibbs sample time: 0.002206 seconds
probability of topic_Student_119 is 0.527229

pgibbs sample time: 0.000676 seconds
probability of topic_ResearchProject_20 is 0.443736

pgibbs sample time: 7.2e-05 seconds
probability of topic_Department_38 is 0.565993

pgibbs sample time: 5.6e-05 seconds
probability of topic_Staff_60 is 0.412752

pgibbs sample time: 0.000559 seconds
probability of topic_Course_93 is 0.443794

pgibbs sample time: 5.8e-05 seconds
probability of topic_ResearchProject_56 is 0.543606

pgibbs sample time: 0.00056 seconds
probability of topic_Course_71 is 0.411318

pgibbs sample time: 0.000378 seconds
probability of topic_ResearchProject_229 is 0.300048

pgibbs sample time: 0.000559 seconds
probability of topic_Course_176 is 0.553923

pgibbs sample time: 0.00065 seconds
probability of topic_Course_69 is 0.37538

pgibbs sample time: 5.9e-05 seconds
probability of topic_Department_91 is 0.42341

pgibbs sample time: 5.5e-05 seconds
probability of topic_Staff_57 is 0.479842

pgibbs sample time: 5.6e-05 seconds
probability of topic_Student_72 is 0.675257

pgibbs sample time: 7.2e-05 seconds
probability of topic_Faculty_30 is 0.609717

pgibbs sample time: 0.004361 seconds
probability of topic_Course_153 is 0.536668

pgibbs sample time: 0.000683 seconds
probability of topic_Department_221 is 0.45859

pgibbs sample time: 0.004293 seconds
probability of topic_Staff_33 is 0.419187

pgibbs sample time: 9.9e-05 seconds
probability of topic_Department_9 is 0.48468

pgibbs sample time: 5.5e-05 seconds
probability of topic_Faculty_1 is 0.517145

pgibbs sample time: 7.2e-05 seconds
probability of topic_ResearchProject_15 is 0.463591

pgibbs sample time: 6.9e-05 seconds
probability of topic_Course_25 is 0.524908

pgibbs sample time: 0.00043 seconds
probability of topic_Person_47 is 0.456286

pgibbs sample time: 5.5e-05 seconds
probability of topic_Person_28 is 0.498179

pgibbs sample time: 5.7e-05 seconds
probability of topic_Student_53 is 0.493937

pgibbs sample time: 0.000457 seconds
probability of topic_Department_26 is 0.609726

pgibbs sample time: 5.6e-05 seconds
probability of topic_Staff_5 is 0.423377

pgibbs sample time: 0.00386 seconds
probability of topic_Person_19 is 0.38463

pgibbs sample time: 0.004452 seconds
probability of topic_ResearchProject_19 is 0.504686

pgibbs sample time: 5.6e-05 seconds
probability of topic_Course_99 is 0.643291

pgibbs sample time: 0.004199 seconds
probability of topic_Student_59 is 0.404643

pgibbs sample time: 0.000627 seconds
probability of topic_Faculty_107 is 0.488489

pgibbs sample time: 5.7e-05 seconds
probability of topic_Student_70 is 0.458271

pgibbs sample time: 5.6e-05 seconds
probability of topic_Staff_22 is 0.552182

pgibbs sample time: 5.6e-05 seconds
probability of topic_Staff_76 is 0.639653

pgibbs sample time: 5.8e-05 seconds
probability of topic_Student_74 is 0.487579

pgibbs sample time: 5.7e-05 seconds
probability of topic_Department_56 is 0.601492

pgibbs sample time: 0.004441 seconds
probability of topic_ResearchProject_33 is 0.262701

pgibbs sample time: 9.6e-05 seconds
probability of topic_Person_9 is 0.47258

pgibbs sample time: 0.00389 seconds
probability of topic_Course_189 is 0.603286

pgibbs sample time: 5.7e-05 seconds
probability of topic_Person_67 is 0.381565

pgibbs sample time: 0.00256 seconds
probability of topic_Faculty_119 is 0.484144

pgibbs sample time: 0.000224 seconds
probability of topic_Course_22 is 0.55126

pgibbs sample time: 0.000224 seconds
probability of topic_Course_35 is 0.621655

pgibbs sample time: 5.7e-05 seconds
probability of topic_Staff_62 is 0.389253

pgibbs sample time: 7.1e-05 seconds
probability of topic_Student_15 is 0.470317

pgibbs sample time: 5.8e-05 seconds
probability of topic_ResearchProject_17 is 0.479381

pgibbs sample time: 0.002235 seconds
probability of topic_Person_90 is 0.601995

pgibbs sample time: 0.002536 seconds
probability of topic_Person_301 is 0.711978

pgibbs sample time: 0.000395 seconds
probability of topic_Staff_47 is 0.366451

pgibbs sample time: 0.00253 seconds
probability of topic_Person_186 is 0.547782

pgibbs sample time: 0.003834 seconds
probability of topic_Staff_46 is 0.434105

pgibbs sample time: 5.7e-05 seconds
probability of topic_Student_60 is 0.526876

pgibbs sample time: 5.6e-05 seconds
probability of topic_Person_6 is 0.498179

pgibbs sample time: 5.6e-05 seconds
probability of topic_Course_28 is 0.425378

pgibbs sample time: 0.002614 seconds
probability of topic_Department_90 is 0.4873

pgibbs sample time: 0.004479 seconds
probability of topic_Faculty_274 is 0.419161

pgibbs sample time: 0.004876 seconds
probability of topic_Faculty_51 is 0.41687

pgibbs sample time: 6.1e-05 seconds
probability of topic_ResearchProject_2 is 0.437523

pgibbs sample time: 0.002796 seconds
probability of topic_Course_90 is 0.359186

pgibbs sample time: 8.6e-05 seconds
probability of topic_Person_14 is 0.504365

pgibbs sample time: 0.000601 seconds
probability of topic_ResearchProject_44 is 0.459352

pgibbs sample time: 0.004362 seconds
probability of topic_Faculty_159 is 0.611162

pgibbs sample time: 0.00023 seconds
probability of topic_Faculty_85 is 0.393379

pgibbs sample time: 0.00041 seconds
probability of topic_Department_47 is 0.325272

pgibbs sample time: 0.00041 seconds
probability of topic_Department_146 is 0.406893

pgibbs sample time: 7.1e-05 seconds
probability of topic_Staff_25 is 0.556399

pgibbs sample time: 0.000675 seconds
probability of topic_ResearchProject_102 is 0.485487

pgibbs sample time: 5.7e-05 seconds
probability of topic_Student_36 is 0.570691

pgibbs sample time: 0.004471 seconds
probability of topic_Faculty_113 is 0.385352

pgibbs sample time: 0.004001 seconds
probability of topic_Faculty_55 is 0.310174

pgibbs sample time: 0.003985 seconds
probability of topic_ResearchProject_159 is 0.519354

pgibbs sample time: 0.003979 seconds
probability of topic_ResearchProject_113 is 0.618683

pgibbs sample time: 0.004346 seconds
probability of topic_Person_21 is 0.399189

pgibbs sample time: 5.8e-05 seconds
probability of topic_ResearchProject_60 is 0.490687

pgibbs sample time: 8.5e-05 seconds
probability of topic_Department_31 is 0.499456

pgibbs sample time: 0.000555 seconds
probability of topic_Faculty_237 is 0.477749

pgibbs sample time: 5.8e-05 seconds
probability of topic_Department_81 is 0.477077

pgibbs sample time: 5.6e-05 seconds
probability of topic_Person_52 is 0.535638

pgibbs sample time: 7e-05 seconds
probability of topic_ResearchProject_80 is 0.439214

pgibbs sample time: 5.4e-05 seconds
probability of topic_Staff_1 is 0.521778

pgibbs sample time: 0.003653 seconds
probability of topic_Department_59 is 0.512004

pgibbs sample time: 0.000382 seconds
probability of topic_Department_157 is 0.398136

pgibbs sample time: 7.5e-05 seconds
probability of topic_Staff_45 is 0.510283

pgibbs sample time: 0.004295 seconds
probability of topic_Staff_39 is 0.683303

pgibbs sample time: 5.9e-05 seconds
probability of topic_ResearchProject_96 is 0.368362

pgibbs sample time: 0.000239 seconds
probability of topic_Department_177 is 0.43158

pgibbs sample time: 8.5e-05 seconds
probability of topic_Faculty_48 is 0.347463

pgibbs sample time: 0.00366 seconds
probability of topic_Department_75 is 0.779523

pgibbs sample time: 5.6e-05 seconds
probability of topic_Faculty_6 is 0.419826

pgibbs sample time: 0.004332 seconds
probability of topic_Person_61 is 0.117776

pgibbs sample time: 0.000334 seconds
probability of topic_ResearchProject_58 is 0.338781

pgibbs sample time: 0.000375 seconds
probability of topic_ResearchProject_157 is 0.458749

pgibbs sample time: 0.000642 seconds
probability of topic_Faculty_102 is 0.50823

pgibbs sample time: 5.7e-05 seconds
probability of topic_Faculty_76 is 0.485938

pgibbs sample time: 0.000435 seconds
probability of topic_Student_26 is 0.644028

pgibbs sample time: 0.000347 seconds
probability of topic_Student_229 is 0.390537

pgibbs sample time: 0.000395 seconds
probability of topic_Staff_146 is 0.707119

pgibbs sample time: 0.002529 seconds
probability of topic_Person_131 is 0.321026

pgibbs sample time: 7.3e-05 seconds
probability of topic_Student_11 is 0.0358155

pgibbs sample time: 7.1e-05 seconds
probability of topic_Faculty_3 is 0.460446

pgibbs sample time: 5.8e-05 seconds
probability of topic_ResearchProject_95 is 0.452445

pgibbs sample time: 0.000685 seconds
probability of topic_Department_18 is 0.469999

pgibbs sample time: 0.002606 seconds
probability of topic_Department_78 is 0.637527

pgibbs sample time: 0.000596 seconds
probability of topic_Department_65 is 0.392806

pgibbs sample time: 0.0026 seconds
probability of topic_Department_186 is 0.502598

pgibbs sample time: 0.000436 seconds
probability of topic_Faculty_89 is 0.476197

pgibbs sample time: 5.6e-05 seconds
probability of topic_Person_81 is 0.486143

pgibbs sample time: 5.7e-05 seconds
probability of topic_Department_66 is 0.477106

pgibbs sample time: 5.6e-05 seconds
probability of topic_Course_66 is 0.419663

pgibbs sample time: 5.8e-05 seconds
probability of topic_Department_52 is 0.452421

pgibbs sample time: 7.1e-05 seconds
probability of topic_ResearchProject_84 is 0.355738

pgibbs sample time: 0.004472 seconds
probability of topic_Faculty_75 is 0.407558

pgibbs sample time: 0.003983 seconds
probability of topic_ResearchProject_10 is 0.444539

pgibbs sample time: 0.00255 seconds
probability of topic_Person_78 is 0.669991

pgibbs sample time: 5.8e-05 seconds
probability of topic_Faculty_17 is 0.446163

pgibbs sample time: 5.7e-05 seconds
probability of topic_Student_22 is 0.43523

pgibbs sample time: 6.9e-05 seconds
probability of topic_Staff_84 is 0.598454

pgibbs sample time: 8.1e-05 seconds
probability of topic_Staff_80 is 0.324769

pgibbs sample time: 5.8e-05 seconds
probability of topic_Faculty_70 is 0.423657

pgibbs sample time: 5.7e-05 seconds
probability of topic_Student_66 is 0.48777

pgibbs sample time: 0.000353 seconds
probability of topic_Faculty_243 is 0.431066

pgibbs sample time: 9.8e-05 seconds
probability of topic_Person_86 is 0.525039

pgibbs sample time: 8.4e-05 seconds
probability of topic_Student_38 is 0.29063

pgibbs sample time: 0.000111 seconds
probability of topic_Staff_79 is 0.639029

pgibbs sample time: 0.000343 seconds
probability of topic_Staff_12 is 0.505771

pgibbs sample time: 5.7e-05 seconds
probability of topic_ResearchProject_98 is 0.620402

pgibbs sample time: 0.00053 seconds
probability of topic_Staff_44 is 0.403695

pgibbs sample time: 0.000439 seconds
probability of topic_ResearchProject_49 is 0.213259

pgibbs sample time: 0.002613 seconds
probability of topic_ResearchProject_78 is 0.328569

pgibbs sample time: 0.003659 seconds
probability of topic_Department_33 is 0.613209

pgibbs sample time: 0.000531 seconds
probability of topic_Staff_237 is 0.452448

pgibbs sample time: 5.7e-05 seconds
probability of topic_Faculty_53 is 0.419826

pgibbs sample time: 7e-05 seconds
probability of topic_Course_38 is 0.360247

pgibbs sample time: 5.7e-05 seconds
probability of topic_Person_66 is 0.486242

pgibbs sample time: 7.2e-05 seconds
probability of topic_ResearchProject_64 is 0.454761

pgibbs sample time: 0.000685 seconds
probability of topic_Department_102 is 0.404502

pgibbs sample time: 7e-05 seconds
probability of topic_Staff_98 is 0.482866

pgibbs sample time: 8.2e-05 seconds
probability of topic_Staff_73 is 0.468641

pgibbs sample time: 9.8e-05 seconds
probability of topic_Staff_86 is 0.448411

pgibbs sample time: 0.004093 seconds
probability of topic_Department_50 is 0.609106

pgibbs sample time: 0.00056 seconds
probability of topic_Faculty_44 is 0.442907

pgibbs sample time: 0.000628 seconds
probability of topic_Faculty_139 is 0.437295

pgibbs sample time: 0.000578 seconds
probability of topic_Department_176 is 0.619213

pgibbs sample time: 0.000581 seconds
probability of topic_Department_168 is 0.675991

pgibbs sample time: 8.1e-05 seconds
probability of topic_Person_82 is 0.439633

pgibbs sample time: 0.000592 seconds
probability of topic_Department_44 is 0.341071

pgibbs sample time: 8.6e-05 seconds
probability of topic_ResearchProject_31 is 0.48337

pgibbs sample time: 7e-05 seconds
probability of topic_Department_82 is 0.48087

pgibbs sample time: 0.000659 seconds
probability of topic_Staff_102 is 0.459073

pgibbs sample time: 7.1e-05 seconds
probability of topic_Person_3 is 0.452624

pgibbs sample time: 5.7e-05 seconds
probability of topic_Student_23 is 0.527927

pgibbs sample time: 0.00262 seconds
probability of topic_ResearchProject_186 is 0.539919

pgibbs sample time: 7.2e-05 seconds
probability of topic_Course_11 is 0.216247

pgibbs sample time: 6e-05 seconds
probability of topic_Staff_70 is 0.497347

pgibbs sample time: 0.002619 seconds
probability of topic_Faculty_68 is 0.422889

pgibbs sample time: 0.000333 seconds
probability of topic_Department_58 is 0.878976

pgibbs sample time: 5.8e-05 seconds
probability of topic_Faculty_57 is 0.490698

pgibbs sample time: 5.5e-05 seconds
probability of topic_Staff_96 is 0.426056

pgibbs sample time: 5.8e-05 seconds
probability of topic_Faculty_60 is 0.432194

pgibbs sample time: 0.002135 seconds
probability of topic_Staff_88 is 0.476822

pgibbs sample time: 7.3e-05 seconds
probability of topic_ResearchProject_3 is 0.347486

pgibbs sample time: 0.000583 seconds
probability of topic_Department_13 is 0.410124

pgibbs sample time: 0.000255 seconds
probability of topic_Staff_128 is 0.599857

pgibbs sample time: 5.6e-05 seconds
probability of topic_Course_5 is 0.415922

pgibbs sample time: 0.000676 seconds
probability of topic_ResearchProject_18 is 0.410722

pgibbs sample time: 5.8e-05 seconds
probability of topic_Department_36 is 0.371091

pgibbs sample time: 7.1e-05 seconds
probability of topic_Student_29 is 0.545833

pgibbs sample time: 0.000587 seconds
probability of topic_Course_44 is 0.285467

pgibbs sample time: 0.000587 seconds
probability of topic_Faculty_71 is 0.431626

pgibbs sample time: 0.004348 seconds
probability of topic_Person_33 is 0.664303

pgibbs sample time: 5.8e-05 seconds
probability of topic_Student_13 is 0.540469

pgibbs sample time: 5.7e-05 seconds
probability of topic_Staff_97 is 0.462623

pgibbs sample time: 5.8e-05 seconds
probability of topic_Student_77 is 0.580474

pgibbs sample time: 8.5e-05 seconds
probability of topic_ResearchProject_73 is 0.617425

pgibbs sample time: 5.7e-05 seconds
probability of topic_Course_95 is 0.475394

pgibbs sample time: 5.8e-05 seconds
probability of topic_ResearchProject_97 is 0.397012

pgibbs sample time: 0.00366 seconds
probability of topic_Department_159 is 0.439845

pgibbs sample time: 0.000632 seconds
probability of topic_Student_65 is 0.533512

pgibbs sample time: 5.8e-05 seconds
probability of topic_Course_81 is 0.419524

pgibbs sample time: 5.7e-05 seconds
probability of topic_ResearchProject_67 is 0.609436

pgibbs sample time: 0.003722 seconds
probability of topic_Student_55 is 0.446108

pgibbs sample time: 0.002632 seconds
probability of topic_ResearchProject_90 is 0.539802

pgibbs sample time: 0.000115 seconds
probability of topic_Department_79 is 0.252599

pgibbs sample time: 5.6e-05 seconds
probability of topic_Staff_56 is 0.505232

pgibbs sample time: 0.000464 seconds
probability of topic_Department_49 is 0.480831

pgibbs sample time: 0.000579 seconds
probability of topic_Staff_168 is 0.678235

pgibbs sample time: 5.7e-05 seconds
probability of topic_Person_54 is 0.374065

pgibbs sample time: 0.000497 seconds
probability of topic_Person_108 is 0.472531

pgibbs sample time: 8.3e-05 seconds
probability of topic_Student_82 is 0.502841

pgibbs sample time: 0.000597 seconds
probability of topic_Department_124 is 0.445461

pgibbs sample time: 0.000678 seconds
probability of topic_Department_139 is 0.39986

pgibbs sample time: 0.003737 seconds
probability of topic_Student_50 is 0.614336

pgibbs sample time: 5.7e-05 seconds
probability of topic_Person_91 is 0.45713

pgibbs sample time: 5.9e-05 seconds
probability of topic_ResearchProject_6 is 0.442936

pgibbs sample time: 5.6e-05 seconds
probability of topic_Faculty_66 is 0.401781

pgibbs sample time: 0.000239 seconds
probability of topic_Department_41 is 0.412562

pgibbs sample time: 5.8e-05 seconds
probability of topic_Student_76 is 0.578996

pgibbs sample time: 5.7e-05 seconds
probability of topic_Course_36 is 0.687328

pgibbs sample time: 5.7e-05 seconds
probability of topic_Student_56 is 0.323068

pgibbs sample time: 0.000453 seconds
probability of topic_Staff_94 is 0.504495

pgibbs sample time: 5.8e-05 seconds
probability of topic_Department_8 is 0.477736

pgibbs sample time: 5.7e-05 seconds
probability of topic_Faculty_87 is 0.504936

pgibbs sample time: 0.000379 seconds
probability of topic_ResearchProject_24 is 0.576236

pgibbs sample time: 5.8e-05 seconds
probability of topic_Faculty_77 is 0.465007

pgibbs sample time: 5.7e-05 seconds
probability of topic_Student_4 is 0.534022

pgibbs sample time: 0.004106 seconds
probability of topic_Department_51 is 0.586509

pgibbs sample time: 0.002548 seconds
probability of topic_Person_68 is 0.507547

pgibbs sample time: 0.00411 seconds
probability of topic_Department_113 is 0.28084

pgibbs sample time: 7.2e-05 seconds
probability of topic_Student_99 is 0.758375

pgibbs sample time: 7.4e-05 seconds
probability of topic_Department_97 is 0.336359

pgibbs sample time: 8.3e-05 seconds
probability of topic_Person_73 is 0.341147

pgibbs sample time: 0.000505 seconds
probability of topic_Faculty_94 is 0.407449

pgibbs sample time: 5.7e-05 seconds
probability of topic_Staff_54 is 0.497096

pgibbs sample time: 5.6e-05 seconds
probability of topic_Person_97 is 0.406991

pgibbs sample time: 6.9e-05 seconds
probability of topic_Person_99 is 0.68917

pgibbs sample time: 8.5e-05 seconds
probability of topic_Department_80 is 0.377296

pgibbs sample time: 6.9e-05 seconds
probability of topic_Course_29 is 0.426803

pgibbs sample time: 5.7e-05 seconds
probability of topic_ResearchProject_81 is 0.435576

pgibbs sample time: 8.2e-05 seconds
probability of topic_Course_48 is 0.445736

pgibbs sample time: 0.00258 seconds
probability of topic_Faculty_88 is 0.482602

pgibbs sample time: 7.1e-05 seconds
probability of topic_ResearchProject_85 is 0.29128

pgibbs sample time: 7.2e-05 seconds
probability of topic_Staff_11 is 0.223495

pgibbs sample time: 7.2e-05 seconds
probability of topic_Faculty_98 is 0.516744

pgibbs sample time: 0.0001 seconds
probability of topic_ResearchProject_9 is 0.322278

pgibbs sample time: 0.004311 seconds
probability of topic_Staff_103 is 0.504193

pgibbs sample time: 0.000377 seconds
probability of topic_Faculty_157 is 0.486377

pgibbs sample time: 7.3e-05 seconds
probability of topic_Department_25 is 0.613331

pgibbs sample time: 5.8e-05 seconds
probability of topic_ResearchProject_16 is 0.442936

pgibbs sample time: 0.002546 seconds
probability of topic_Person_43 is 0.241929

pgibbs sample time: 5.9e-05 seconds
probability of topic_Department_28 is 0.480109

pgibbs sample time: 0.000299 seconds
probability of topic_Course_94 is 0.42382

pgibbs sample time: 0.004194 seconds
probability of topic_Student_159 is 0.600544

pgibbs sample time: 0.000595 seconds
probability of topic_Student_237 is 0.545972

pgibbs sample time: 0.000114 seconds
probability of topic_ResearchProject_79 is 0.305599

pgibbs sample time: 5.8e-05 seconds
probability of topic_Department_63 is 0.649423

pgibbs sample time: 0.000586 seconds
probability of topic_Student_139 is 0.635239

pgibbs sample time: 5.8e-05 seconds
probability of topic_Student_63 is 0.524583

pgibbs sample time: 0.000373 seconds
probability of topic_Person_243 is 0.54884

pgibbs sample time: 0.000584 seconds
probability of topic_Student_124 is 0.588821

pgibbs sample time: 0.00063 seconds
probability of topic_Course_221 is 0.5097

pgibbs sample time: 0.000434 seconds
probability of topic_Course_49 is 0.456292

pgibbs sample time: 5.7e-05 seconds
probability of topic_Student_98 is 0.712049

pgibbs sample time: 0.000349 seconds
probability of topic_Student_243 is 0.565702

pgibbs sample time: 5.7e-05 seconds
probability of topic_ResearchProject_77 is 0.508503

pgibbs sample time: 8.4e-05 seconds
probability of topic_Person_27 is 0.476875

pgibbs sample time: 5.7e-05 seconds
probability of topic_ResearchProject_62 is 0.470989

pgibbs sample time: 0.00058 seconds
probability of topic_Department_93 is 0.400894

pgibbs sample time: 0.000583 seconds
probability of topic_Department_71 is 0.428597

pgibbs sample time: 0.004457 seconds
probability of topic_ResearchProject_37 is 0.475329

pgibbs sample time: 5.6e-05 seconds
probability of topic_Student_1 is 0.468158

pgibbs sample time: 0.000581 seconds
probability of topic_Faculty_176 is 0.576801

pgibbs sample time: 5.8e-05 seconds
probability of topic_ResearchProject_91 is 0.441232

pgibbs sample time: 8.2e-05 seconds
probability of topic_Course_86 is 0.282528

pgibbs sample time: 0.003661 seconds
probability of topic_Department_153 is 0.721948

pgibbs sample time: 5.6e-05 seconds
probability of topic_Student_2 is 0.425061

pgibbs sample time: 0.000631 seconds
probability of topic_Student_154 is 0.437225

pgibbs sample time: 5.7e-05 seconds
probability of topic_Person_85 is 0.699056

pgibbs sample time: 0.000506 seconds
probability of topic_Student_7 is 0.508621

pgibbs sample time: 0.000377 seconds
probability of topic_Person_24 is 0.46388

pgibbs sample time: 0.000373 seconds
probability of topic_Person_229 is 0.324544

pgibbs sample time: 5.8e-05 seconds
probability of topic_Faculty_13 is 0.546112

pgibbs sample time: 0.000574 seconds
probability of topic_Person_168 is 0.526103

pgibbs sample time: 0.000223 seconds
probability of topic_Staff_85 is 0.361537

pgibbs sample time: 5.7e-05 seconds
probability of topic_Course_4 is 0.475249

pgibbs sample time: 5.7e-05 seconds
probability of topic_Faculty_56 is 0.571956

pgibbs sample time: 0.000304 seconds
probability of topic_ResearchProject_146 is 0.560033

pgibbs sample time: 5.8e-05 seconds
probability of topic_Department_54 is 0.498189

pgibbs sample time: 0.000582 seconds
probability of topic_Faculty_93 is 0.433565

pgibbs sample time: 5.7e-05 seconds
probability of topic_Faculty_16 is 0.419826

pgibbs sample time: 0.000597 seconds
probability of topic_Department_107 is 0.567543

pgibbs sample time: 0.000669 seconds
probability of topic_Student_18 is 0.475696

pgibbs sample time: 0.000596 seconds
probability of topic_Department_154 is 0.501107

pgibbs sample time: 5.8e-05 seconds
probability of topic_Student_92 is 0.503814

pgibbs sample time: 0.000237 seconds
probability of topic_Faculty_177 is 0.526022

pgibbs sample time: 0.000385 seconds
probability of topic_Course_58 is 0.51296

pgibbs sample time: 5.6e-05 seconds
probability of topic_Faculty_28 is 0.419826

pgibbs sample time: 5.5e-05 seconds
probability of topic_Course_70 is 0.457571

pgibbs sample time: 5.7e-05 seconds
probability of topic_Department_67 is 0.459988

pgibbs sample time: 0.003902 seconds
probability of topic_Course_37 is 0.483416

pgibbs sample time: 0.00037 seconds
probability of topic_Staff_24 is 0.614561

pgibbs sample time: 0.000659 seconds
probability of topic_Staff_18 is 0.410914

pgibbs sample time: 5.8e-05 seconds
probability of topic_Student_95 is 0.372561

pgibbs sample time: 0.000629 seconds
probability of topic_ResearchProject_139 is 0.428963

pgibbs sample time: 8.5e-05 seconds
probability of topic_Student_80 is 0.448732

pgibbs sample time: 0.000495 seconds
probability of topic_Person_94 is 0.487774

pgibbs sample time: 0.004372 seconds
probability of topic_Course_113 is 0.375147

pgibbs sample time: 8.4e-05 seconds
probability of topic_Staff_38 is 0.400472

pgibbs sample time: 5.8e-05 seconds
probability of topic_Department_6 is 0.480109

pgibbs sample time: 5.8e-05 seconds
probability of topic_Department_62 is 0.482103

pgibbs sample time: 5.6e-05 seconds
probability of topic_Person_62 is 0.482416

pgibbs sample time: 5.8e-05 seconds
probability of topic_Faculty_99 is 0.473718

pgibbs sample time: 0.004173 seconds
probability of topic_Student_46 is 0.492902

pgibbs sample time: 5.7e-05 seconds
probability of topic_Staff_67 is 0.482886

pgibbs sample time: 0.000271 seconds
probability of topic_Faculty_47 is 0.637346

pgibbs sample time: 0.000239 seconds
probability of topic_Faculty_146 is 0.523442

pgibbs sample time: 5.7e-05 seconds
probability of topic_Person_74 is 0.486143

pgibbs sample time: 5.7e-05 seconds
probability of topic_ResearchProject_92 is 0.484864

pgibbs sample time: 5.6e-05 seconds
probability of topic_Faculty_32 is 0.406926

pgibbs sample time: 0.003746 seconds
probability of topic_Student_189 is 0.507417

pgibbs sample time: 8.7e-05 seconds
probability of topic_Faculty_79 is 0.587213

pgibbs sample time: 0.003884 seconds
probability of topic_Person_75 is 0.624204

pgibbs sample time: 0.000668 seconds
probability of topic_Student_102 is 0.377235

pgibbs sample time: 5.7e-05 seconds
probability of topic_ResearchProject_53 is 0.442936

pgibbs sample time: 0.000585 seconds
probability of topic_ResearchProject_30 is 0.510461

pgibbs sample time: 5.9e-05 seconds
probability of topic_Department_96 is 0.395175

pgibbs sample time: 7.2e-05 seconds
probability of topic_Student_84 is 0.550452

pgibbs sample time: 5.5e-05 seconds
probability of topic_Course_77 is 0.499328

pgibbs sample time: 0.000454 seconds
probability of topic_Staff_108 is 0.419488

pgibbs sample time: 0.000461 seconds
probability of topic_Person_18 is 0.488871

pgibbs sample time: 5.7e-05 seconds
probability of topic_ResearchProject_5 is 0.423904

pgibbs sample time: 0.000505 seconds
probability of topic_Department_94 is 0.479086

pgibbs sample time: 0.002572 seconds
probability of topic_Faculty_43 is 0.27994

pgibbs sample time: 5.9e-05 seconds
probability of topic_Department_32 is 0.376874

pgibbs sample time: 0.00445 seconds
probability of topic_ResearchProject_39 is 0.569954

pgibbs sample time: 0.00037 seconds
probability of topic_Staff_243 is 0.510552

pgibbs sample time: 0.000305 seconds
probability of topic_ResearchProject_47 is 0.395945

pgibbs sample time: 5.6e-05 seconds
probability of topic_Course_23 is 0.497804

pgibbs sample time: 0.004353 seconds
probability of topic_Person_37 is 0.4487

pgibbs sample time: 0.000209 seconds
probability of topic_Person_177 is 0.448847

pgibbs sample time: 7e-05 seconds
probability of topic_Department_83 is 0.413138

pgibbs sample time: 5.6e-05 seconds
probability of topic_ResearchProject_23 is 0.46694

pgibbs sample time: 0.000667 seconds
probability of topic_Student_221 is 0.545218

pgibbs sample time: 5.5e-05 seconds
probability of topic_Staff_23 is 0.464129

pgibbs sample time: 0.000641 seconds
probability of topic_Faculty_20 is 0.419379

pgibbs sample time: 0.004352 seconds
probability of topic_Person_10 is 0.491452

