clique number: 2
unobserved tuple number: 1
pgibbs sample time: 7.5e-05 seconds
probability of topic_Course_3 is 0.490213

clique number: 3
unobserved tuple number: 1
pgibbs sample time: 7.3e-05 seconds
probability of topic_ResearchProject_49 is 0.221396

clique number: 2
unobserved tuple number: 1
pgibbs sample time: 5.7e-05 seconds
probability of topic_Student_41 is 0.774864

clique number: 2
unobserved tuple number: 1
pgibbs sample time: 5.6e-05 seconds
probability of topic_Student_16 is 0.493937

clique number: 2
unobserved tuple number: 1
pgibbs sample time: 5.5e-05 seconds
probability of topic_Student_5 is 0.486212

clique number: 2
unobserved tuple number: 1
pgibbs sample time: 5.8e-05 seconds
probability of topic_Department_96 is 0.395175

clique number: 2
unobserved tuple number: 1
pgibbs sample time: 5.5e-05 seconds
probability of topic_Department_98 is 0.63036

clique number: 2
unobserved tuple number: 1
pgibbs sample time: 5.6e-05 seconds
probability of topic_ResearchProject_95 is 0.452445

clique number: 2
unobserved tuple number: 1
pgibbs sample time: 5.3e-05 seconds
probability of topic_Course_82 is 0.495167

clique number: 2
unobserved tuple number: 1
pgibbs sample time: 5.3e-05 seconds
probability of topic_Person_10 is 0.505972

clique number: 2
unobserved tuple number: 1
pgibbs sample time: 5.3e-05 seconds
probability of topic_Staff_23 is 0.464129

clique number: 5
unobserved tuple number: 2
pgibbs sample time: 0.000223 seconds
probability of topic_Student_119 is 0.527335

clique number: 8
unobserved tuple number: 3
pgibbs sample time: 0.000401 seconds
probability of topic_Student_18 is 0.474907

clique number: 2
unobserved tuple number: 1
pgibbs sample time: 6.7e-05 seconds
probability of topic_ResearchProject_23 is 0.46694

clique number: 2
unobserved tuple number: 1
pgibbs sample time: 5.6e-05 seconds
probability of topic_Person_37 is 0.463107

clique number: 3
unobserved tuple number: 1
pgibbs sample time: 7.5e-05 seconds
probability of topic_ResearchProject_47 is 0.410996

clique number: 2
unobserved tuple number: 1
pgibbs sample time: 5.7e-05 seconds
probability of topic_Department_32 is 0.376874

clique number: 6
unobserved tuple number: 2
pgibbs sample time: 0.000327 seconds
probability of topic_Department_108 is 0.478285

clique number: 6
unobserved tuple number: 2
pgibbs sample time: 0.000327 seconds
probability of topic_Department_94 is 0.478316

clique number: 2
unobserved tuple number: 1
pgibbs sample time: 5.6e-05 seconds
probability of topic_ResearchProject_5 is 0.423904

clique number: 5
unobserved tuple number: 2
pgibbs sample time: 0.000279 seconds
probability of topic_Staff_108 is 0.432193

clique number: 2
unobserved tuple number: 1
pgibbs sample time: 5.8e-05 seconds
probability of topic_Student_84 is 0.480142

clique number: 2
unobserved tuple number: 1
pgibbs sample time: 5.6e-05 seconds
probability of topic_ResearchProject_30 is 0.496069

clique number: 8
unobserved tuple number: 3
pgibbs sample time: 0.000403 seconds
probability of topic_Student_102 is 0.405554

clique number: 2
unobserved tuple number: 1
pgibbs sample time: 5.7e-05 seconds
probability of topic_Faculty_79 is 0.489675

clique number: 2
unobserved tuple number: 1
pgibbs sample time: 5.6e-05 seconds
probability of topic_ResearchProject_92 is 0.484864

clique number: 2
unobserved tuple number: 1
pgibbs sample time: 5.5e-05 seconds
probability of topic_Person_74 is 0.486143

clique number: 2
unobserved tuple number: 1
pgibbs sample time: 5.7e-05 seconds
probability of topic_Faculty_47 is 0.650745

clique number: 2
unobserved tuple number: 1
pgibbs sample time: 5.4e-05 seconds
probability of topic_Staff_67 is 0.482886

clique number: 2
unobserved tuple number: 1
pgibbs sample time: 5.4e-05 seconds
probability of topic_Person_62 is 0.482416

clique number: 2
unobserved tuple number: 1
pgibbs sample time: 5.8e-05 seconds
probability of topic_Faculty_67 is 0.47323

clique number: 5
unobserved tuple number: 2
pgibbs sample time: 0.00022 seconds
probability of topic_Department_22 is 0.728317

clique number: 3
unobserved tuple number: 1
pgibbs sample time: 7.4e-05 seconds
probability of topic_Faculty_73 is 0.362342

clique number: 2
unobserved tuple number: 1
pgibbs sample time: 5.5e-05 seconds
probability of topic_Staff_38 is 0.45716

clique number: 6
unobserved tuple number: 2
pgibbs sample time: 0.000322 seconds
probability of topic_Person_94 is 0.486974

clique number: 2
unobserved tuple number: 1
pgibbs sample time: 5.7e-05 seconds
probability of topic_Student_95 is 0.372561

clique number: 8
unobserved tuple number: 3
pgibbs sample time: 0.000436 seconds
probability of topic_Staff_18 is 0.410203

clique number: 2
unobserved tuple number: 1
pgibbs sample time: 5.6e-05 seconds
probability of topic_Student_99 is 0.635863

clique number: 2
unobserved tuple number: 1
pgibbs sample time: 5.5e-05 seconds
probability of topic_Staff_24 is 0.637281

clique number: 2
unobserved tuple number: 1
pgibbs sample time: 5.5e-05 seconds
probability of topic_Course_37 is 0.498392

clique number: 13
unobserved tuple number: 4
pgibbs sample time: 0.000637 seconds
probability of topic_Faculty_68 is 0.418873

clique number: 13
unobserved tuple number: 4
pgibbs sample time: 0.000628 seconds
probability of topic_Faculty_43 is 0.427462

clique number: 8
unobserved tuple number: 3
pgibbs sample time: 0.000414 seconds
probability of topic_Department_20 is 0.46812

clique number: 2
unobserved tuple number: 1
pgibbs sample time: 5.7e-05 seconds
probability of topic_Staff_96 is 0.426056

clique number: 2
unobserved tuple number: 1
pgibbs sample time: 5.7e-05 seconds
probability of topic_Department_67 is 0.459988

clique number: 2
unobserved tuple number: 1
pgibbs sample time: 5.6e-05 seconds
probability of topic_Faculty_28 is 0.419826

clique number: 2
unobserved tuple number: 1
pgibbs sample time: 5.4e-05 seconds
probability of topic_Course_58 is 0.47654

clique number: 6
unobserved tuple number: 2
pgibbs sample time: 0.000327 seconds
probability of topic_Faculty_93 is 0.433334

clique number: 2
unobserved tuple number: 1
pgibbs sample time: 5.7e-05 seconds
probability of topic_Department_54 is 0.498189

clique number: 2
unobserved tuple number: 1
pgibbs sample time: 5.6e-05 seconds
probability of topic_Faculty_56 is 0.571956

clique number: 2
unobserved tuple number: 1
pgibbs sample time: 5.6e-05 seconds
probability of topic_Course_4 is 0.475249

clique number: 5
unobserved tuple number: 2
pgibbs sample time: 0.00021 seconds
probability of topic_Staff_85 is 0.396641

clique number: 2
unobserved tuple number: 1
pgibbs sample time: 5.7e-05 seconds
probability of topic_Faculty_13 is 0.546112

clique number: 2
unobserved tuple number: 1
pgibbs sample time: 5.5e-05 seconds
probability of topic_Person_24 is 0.488201

clique number: 7
unobserved tuple number: 3
pgibbs sample time: 0.000366 seconds
probability of topic_Person_20 is 0.48666

clique number: 2
unobserved tuple number: 1
pgibbs sample time: 5.3e-05 seconds
probability of topic_Student_2 is 0.425061

clique number: 2
unobserved tuple number: 1
pgibbs sample time: 5.3e-05 seconds
probability of topic_Course_86 is 0.403024

clique number: 2
unobserved tuple number: 1
pgibbs sample time: 5.7e-05 seconds
probability of topic_ResearchProject_91 is 0.441232

clique number: 2
unobserved tuple number: 1
pgibbs sample time: 5.5e-05 seconds
probability of topic_ResearchProject_37 is 0.493629

clique number: 2
unobserved tuple number: 1
pgibbs sample time: 5.6e-05 seconds
probability of topic_ResearchProject_7 is 0.442936

clique number: 6
unobserved tuple number: 2
pgibbs sample time: 0.000328 seconds
probability of topic_Department_71 is 0.435149

clique number: 2
unobserved tuple number: 1
pgibbs sample time: 5.6e-05 seconds
probability of topic_Department_13 is 0.428502

clique number: 6
unobserved tuple number: 2
pgibbs sample time: 0.000323 seconds
probability of topic_Department_93 is 0.400543

clique number: 2
unobserved tuple number: 1
pgibbs sample time: 5.5e-05 seconds
probability of topic_Course_77 is 0.499328

clique number: 2
unobserved tuple number: 1
pgibbs sample time: 5.4e-05 seconds
probability of topic_Staff_8 is 0.555017

clique number: 2
unobserved tuple number: 1
pgibbs sample time: 5.6e-05 seconds
probability of topic_ResearchProject_62 is 0.470989

clique number: 2
unobserved tuple number: 1
pgibbs sample time: 5.4e-05 seconds
probability of topic_ResearchProject_77 is 0.508503

clique number: 2
unobserved tuple number: 1
pgibbs sample time: 5.5e-05 seconds
probability of topic_Student_98 is 0.712049

clique number: 3
unobserved tuple number: 1
pgibbs sample time: 7.2e-05 seconds
probability of topic_Course_49 is 0.475949

clique number: 6
unobserved tuple number: 2
pgibbs sample time: 0.000247 seconds
probability of topic_Student_124 is 0.517422

clique number: 2
unobserved tuple number: 1
pgibbs sample time: 5.7e-05 seconds
probability of topic_Department_28 is 0.480109

clique number: 13
unobserved tuple number: 4
pgibbs sample time: 0.000602 seconds
probability of topic_Person_43 is 0.358197

clique number: 2
unobserved tuple number: 1
pgibbs sample time: 5.6e-05 seconds
probability of topic_Department_25 is 0.649423

clique number: 3
unobserved tuple number: 1
pgibbs sample time: 7.4e-05 seconds
probability of topic_ResearchProject_9 is 0.365006

clique number: 2
unobserved tuple number: 1
pgibbs sample time: 5.7e-05 seconds
probability of topic_Student_75 is 0.749624

clique number: 2
unobserved tuple number: 1
pgibbs sample time: 5.5e-05 seconds
probability of topic_Faculty_98 is 0.505241

clique number: 2
unobserved tuple number: 1
pgibbs sample time: 5.5e-05 seconds
probability of topic_Staff_11 is 0.280067

clique number: 2
unobserved tuple number: 1
pgibbs sample time: 5.6e-05 seconds
probability of topic_ResearchProject_85 is 0.490687

clique number: 2
unobserved tuple number: 1
pgibbs sample time: 5.4e-05 seconds
probability of topic_Course_48 is 0.519589

clique number: 2
unobserved tuple number: 1
pgibbs sample time: 5.7e-05 seconds
probability of topic_ResearchProject_81 is 0.435576

clique number: 2
unobserved tuple number: 1
pgibbs sample time: 5.4e-05 seconds
probability of topic_Course_29 is 0.487672

clique number: 2
unobserved tuple number: 1
pgibbs sample time: 5.6e-05 seconds
probability of topic_Department_80 is 0.491353

clique number: 2
unobserved tuple number: 1
pgibbs sample time: 5.6e-05 seconds
probability of topic_Person_99 is 0.626929

clique number: 2
unobserved tuple number: 1
pgibbs sample time: 5.4e-05 seconds
probability of topic_Person_97 is 0.406991

clique number: 3
unobserved tuple number: 1
pgibbs sample time: 7.1e-05 seconds
probability of topic_Person_73 is 0.395858

clique number: 2
unobserved tuple number: 1
pgibbs sample time: 5.6e-05 seconds
probability of topic_Department_97 is 0.336359

clique number: 2
unobserved tuple number: 1
pgibbs sample time: 5.4e-05 seconds
probability of topic_Person_92 is 0.476547

clique number: 2
unobserved tuple number: 1
pgibbs sample time: 5.4e-05 seconds
probability of topic_Course_27 is 0.47654

clique number: 2
unobserved tuple number: 1
pgibbs sample time: 5.3e-05 seconds
probability of topic_Person_11 is 0.0568886

clique number: 8
unobserved tuple number: 3
pgibbs sample time: 0.000417 seconds
probability of topic_Department_113 is 0.27985

clique number: 8
unobserved tuple number: 3
pgibbs sample time: 0.000415 seconds
probability of topic_Department_51 is 0.63044

clique number: 2
unobserved tuple number: 1
pgibbs sample time: 5.4e-05 seconds
probability of topic_Student_4 is 0.534022

clique number: 8
unobserved tuple number: 3
pgibbs sample time: 0.000412 seconds
probability of topic_Student_113 is 0.341652

clique number: 2
unobserved tuple number: 1
pgibbs sample time: 5.6e-05 seconds
probability of topic_Department_63 is 0.649423

clique number: 2
unobserved tuple number: 1
pgibbs sample time: 5.6e-05 seconds
probability of topic_Faculty_77 is 0.465007

clique number: 2
unobserved tuple number: 1
pgibbs sample time: 5.6e-05 seconds
probability of topic_ResearchProject_24 is 0.602294

clique number: 2
unobserved tuple number: 1
pgibbs sample time: 5.6e-05 seconds
probability of topic_Department_8 is 0.477736

clique number: 5
unobserved tuple number: 2
pgibbs sample time: 0.000279 seconds
probability of topic_Staff_94 is 0.503786

clique number: 2
unobserved tuple number: 1
pgibbs sample time: 5.6e-05 seconds
probability of topic_Course_36 is 0.687328

clique number: 2
unobserved tuple number: 1
pgibbs sample time: 5.7e-05 seconds
probability of topic_Student_76 is 0.578996

clique number: 2
unobserved tuple number: 1
pgibbs sample time: 5.5e-05 seconds
probability of topic_Department_41 is 0.424289

clique number: 2
unobserved tuple number: 1
pgibbs sample time: 5.7e-05 seconds
probability of topic_ResearchProject_6 is 0.442936

clique number: 2
unobserved tuple number: 1
pgibbs sample time: 5.3e-05 seconds
probability of topic_Person_91 is 0.45713

clique number: 2
unobserved tuple number: 1
pgibbs sample time: 5.6e-05 seconds
probability of topic_Faculty_82 is 0.471343

clique number: 2
unobserved tuple number: 1
pgibbs sample time: 5.4e-05 seconds
probability of topic_Student_50 is 0.603735

clique number: 6
unobserved tuple number: 2
pgibbs sample time: 0.000251 seconds
probability of topic_Department_124 is 0.515679

clique number: 6
unobserved tuple number: 2
pgibbs sample time: 0.000251 seconds
probability of topic_Department_44 is 0.359779

clique number: 2
unobserved tuple number: 1
pgibbs sample time: 5.7e-05 seconds
probability of topic_Student_82 is 0.562528

clique number: 6
unobserved tuple number: 2
pgibbs sample time: 0.000322 seconds
probability of topic_Person_108 is 0.48687

clique number: 2
unobserved tuple number: 1
pgibbs sample time: 5.6e-05 seconds
probability of topic_Person_54 is 0.374065

clique number: 3
unobserved tuple number: 1
pgibbs sample time: 7.5e-05 seconds
probability of topic_Department_49 is 0.49983

clique number: 2
unobserved tuple number: 1
pgibbs sample time: 5.4e-05 seconds
probability of topic_Staff_56 is 0.505232

clique number: 2
unobserved tuple number: 1
pgibbs sample time: 5.6e-05 seconds
probability of topic_Department_79 is 0.470447

clique number: 3
unobserved tuple number: 1
pgibbs sample time: 7.3e-05 seconds
probability of topic_Student_55 is 0.473561

clique number: 2
unobserved tuple number: 1
pgibbs sample time: 5.6e-05 seconds
probability of topic_Course_81 is 0.419524

clique number: 5
unobserved tuple number: 2
pgibbs sample time: 0.00022 seconds
probability of topic_Course_119 is 0.51303

clique number: 5
unobserved tuple number: 2
pgibbs sample time: 0.000219 seconds
probability of topic_Course_34 is 0.475569

clique number: 2
unobserved tuple number: 1
pgibbs sample time: 5.6e-05 seconds
probability of topic_Person_42 is 0.661866

clique number: 2
unobserved tuple number: 1
pgibbs sample time: 5.6e-05 seconds
probability of topic_Student_65 is 0.541661

clique number: 2
unobserved tuple number: 1
pgibbs sample time: 5.5e-05 seconds
probability of topic_ResearchProject_97 is 0.397012

clique number: 2
unobserved tuple number: 1
pgibbs sample time: 5.6e-05 seconds
probability of topic_Course_95 is 0.475394

clique number: 2
unobserved tuple number: 1
pgibbs sample time: 5.5e-05 seconds
probability of topic_Staff_97 is 0.462623

clique number: 2
unobserved tuple number: 1
pgibbs sample time: 5.6e-05 seconds
probability of topic_Student_13 is 0.540469

clique number: 2
unobserved tuple number: 1
pgibbs sample time: 5.6e-05 seconds
probability of topic_Faculty_23 is 0.478687

clique number: 13
unobserved tuple number: 4
pgibbs sample time: 0.000641 seconds
probability of topic_ResearchProject_43 is 0.314894

clique number: 5
unobserved tuple number: 2
pgibbs sample time: 0.000211 seconds
probability of topic_Person_33 is 0.68996

clique number: 2
unobserved tuple number: 1
pgibbs sample time: 5.7e-05 seconds
probability of topic_Faculty_20 is 0.419826

clique number: 6
unobserved tuple number: 2
pgibbs sample time: 0.000329 seconds
probability of topic_Faculty_71 is 0.435852

clique number: 2
unobserved tuple number: 1
pgibbs sample time: 5.6e-05 seconds
probability of topic_Student_29 is 0.538624

clique number: 2
unobserved tuple number: 1
pgibbs sample time: 5.5e-05 seconds
probability of topic_Course_23 is 0.497804

clique number: 2
unobserved tuple number: 1
pgibbs sample time: 5.6e-05 seconds
probability of topic_Staff_13 is 0.457572

clique number: 2
unobserved tuple number: 1
pgibbs sample time: 5.6e-05 seconds
probability of topic_Department_36 is 0.371091

clique number: 8
unobserved tuple number: 3
pgibbs sample time: 0.00041 seconds
probability of topic_ResearchProject_18 is 0.410013

clique number: 2
unobserved tuple number: 1
pgibbs sample time: 5.4e-05 seconds
probability of topic_Course_5 is 0.415922

clique number: 2
unobserved tuple number: 1
pgibbs sample time: 5.6e-05 seconds
probability of topic_Student_63 is 0.524583

clique number: 5
unobserved tuple number: 2
pgibbs sample time: 0.000211 seconds
probability of topic_Staff_128 is 0.598915

clique number: 2
unobserved tuple number: 1
pgibbs sample time: 5.7e-05 seconds
probability of topic_ResearchProject_3 is 0.401107

clique number: 2
unobserved tuple number: 1
pgibbs sample time: 5.6e-05 seconds
probability of topic_Faculty_60 is 0.432194

clique number: 2
unobserved tuple number: 1
pgibbs sample time: 5.5e-05 seconds
probability of topic_Faculty_16 is 0.419826

clique number: 2
unobserved tuple number: 1
pgibbs sample time: 5.5e-05 seconds
probability of topic_Faculty_57 is 0.490698

clique number: 2
unobserved tuple number: 1
pgibbs sample time: 5.5e-05 seconds
probability of topic_Department_58 is 0.649423

clique number: 2
unobserved tuple number: 1
pgibbs sample time: 5.4e-05 seconds
probability of topic_Staff_70 is 0.497347

clique number: 2
unobserved tuple number: 1
pgibbs sample time: 5.5e-05 seconds
probability of topic_Person_3 is 0.454429

clique number: 8
unobserved tuple number: 3
pgibbs sample time: 0.000399 seconds
probability of topic_Staff_102 is 0.485386

clique number: 8
unobserved tuple number: 3
pgibbs sample time: 0.000402 seconds
probability of topic_Staff_20 is 0.434496

clique number: 3
unobserved tuple number: 1
pgibbs sample time: 7.2e-05 seconds
probability of topic_ResearchProject_31 is 0.498826

clique number: 5
unobserved tuple number: 2
pgibbs sample time: 0.00022 seconds
probability of topic_Faculty_44 is 0.467003

clique number: 2
unobserved tuple number: 1
pgibbs sample time: 5.7e-05 seconds
probability of topic_Department_50 is 0.476935

clique number: 3
unobserved tuple number: 1
pgibbs sample time: 7.1e-05 seconds
probability of topic_Staff_73 is 0.456252

clique number: 8
unobserved tuple number: 3
pgibbs sample time: 0.000414 seconds
probability of topic_Department_102 is 0.430624

clique number: 2
unobserved tuple number: 1
pgibbs sample time: 5.4e-05 seconds
probability of topic_Staff_25 is 0.576178

clique number: 2
unobserved tuple number: 1
pgibbs sample time: 5.6e-05 seconds
probability of topic_ResearchProject_2 is 0.437523

clique number: 8
unobserved tuple number: 3
pgibbs sample time: 0.000414 seconds
probability of topic_Department_18 is 0.469272

clique number: 2
unobserved tuple number: 1
pgibbs sample time: 5.6e-05 seconds
probability of topic_ResearchProject_64 is 0.470243

clique number: 2
unobserved tuple number: 1
pgibbs sample time: 5.4e-05 seconds
probability of topic_Person_66 is 0.486242

clique number: 2
unobserved tuple number: 1
pgibbs sample time: 5.3e-05 seconds
probability of topic_Course_38 is 0.409805

clique number: 2
unobserved tuple number: 1
pgibbs sample time: 5.5e-05 seconds
probability of topic_Faculty_53 is 0.419826

clique number: 5
unobserved tuple number: 2
pgibbs sample time: 0.000216 seconds
probability of topic_ResearchProject_78 is 0.28423

clique number: 3
unobserved tuple number: 1
pgibbs sample time: 7.2e-05 seconds
probability of topic_Staff_44 is 0.447579

clique number: 5
unobserved tuple number: 2
pgibbs sample time: 0.000211 seconds
probability of topic_Staff_12 is 0.505254

clique number: 5
unobserved tuple number: 2
pgibbs sample time: 0.000209 seconds
probability of topic_Staff_47 is 0.384983

clique number: 2
unobserved tuple number: 1
pgibbs sample time: 5.6e-05 seconds
probability of topic_Student_38 is 0.3807

clique number: 2
unobserved tuple number: 1
pgibbs sample time: 5.5e-05 seconds
probability of topic_Person_86 is 0.503183

clique number: 2
unobserved tuple number: 1
pgibbs sample time: 5.6e-05 seconds
probability of topic_Student_66 is 0.48777

clique number: 2
unobserved tuple number: 1
pgibbs sample time: 5.6e-05 seconds
probability of topic_Faculty_70 is 0.423657

clique number: 2
unobserved tuple number: 1
pgibbs sample time: 5.3e-05 seconds
probability of topic_Staff_80 is 0.470664

clique number: 2
unobserved tuple number: 1
pgibbs sample time: 5.6e-05 seconds
probability of topic_Student_22 is 0.43523

clique number: 2
unobserved tuple number: 1
pgibbs sample time: 5.4e-05 seconds
probability of topic_Faculty_17 is 0.446163

clique number: 7
unobserved tuple number: 3
pgibbs sample time: 0.000364 seconds
probability of topic_Course_18 is 0.399705

clique number: 6
unobserved tuple number: 2
pgibbs sample time: 0.000323 seconds
probability of topic_Course_94 is 0.42382

clique number: 2
unobserved tuple number: 1
pgibbs sample time: 5.5e-05 seconds
probability of topic_Staff_48 is 0.459677

clique number: 2
unobserved tuple number: 1
pgibbs sample time: 5.6e-05 seconds
probability of topic_Faculty_54 is 0.486159

clique number: 2
unobserved tuple number: 1
pgibbs sample time: 5.6e-05 seconds
probability of topic_Department_16 is 0.480109

clique number: 5
unobserved tuple number: 2
pgibbs sample time: 0.000223 seconds
probability of topic_ResearchProject_119 is 0.506537

clique number: 2
unobserved tuple number: 1
pgibbs sample time: 5.5e-05 seconds
probability of topic_Staff_2 is 0.729589

clique number: 2
unobserved tuple number: 1
pgibbs sample time: 5.7e-05 seconds
probability of topic_Faculty_75 is 0.4273

clique number: 5
unobserved tuple number: 2
pgibbs sample time: 0.000217 seconds
probability of topic_Faculty_128 is 0.415572

clique number: 2
unobserved tuple number: 1
pgibbs sample time: 5.5e-05 seconds
probability of topic_Staff_16 is 0.447858

clique number: 3
unobserved tuple number: 1
pgibbs sample time: 7.5e-05 seconds
probability of topic_ResearchProject_55 is 0.627797

clique number: 2
unobserved tuple number: 1
pgibbs sample time: 5.4e-05 seconds
probability of topic_Person_53 is 0.498179

clique number: 2
unobserved tuple number: 1
pgibbs sample time: 5.5e-05 seconds
probability of topic_Staff_69 is 0.432401

clique number: 2
unobserved tuple number: 1
pgibbs sample time: 5.6e-05 seconds
probability of topic_ResearchProject_75 is 0.370876

clique number: 2
unobserved tuple number: 1
pgibbs sample time: 5.6e-05 seconds
probability of topic_Student_58 is 0.524583

clique number: 5
unobserved tuple number: 2
pgibbs sample time: 0.000222 seconds
probability of topic_Student_34 is 0.424151

clique number: 2
unobserved tuple number: 1
pgibbs sample time: 5.8e-05 seconds
probability of topic_Department_2 is 0.492523

clique number: 2
unobserved tuple number: 1
pgibbs sample time: 5.4e-05 seconds
probability of topic_Faculty_1 is 0.517145

clique number: 2
unobserved tuple number: 1
pgibbs sample time: 5.5e-05 seconds
probability of topic_Staff_36 is 0.517015

clique number: 8
unobserved tuple number: 3
pgibbs sample time: 0.000399 seconds
probability of topic_Staff_51 is 0.547759

clique number: 8
unobserved tuple number: 3
pgibbs sample time: 0.000412 seconds
probability of topic_Student_21 is 0.477699

clique number: 2
unobserved tuple number: 1
pgibbs sample time: 5.5e-05 seconds
probability of topic_Course_92 is 0.344213

clique number: 2
unobserved tuple number: 1
pgibbs sample time: 6e-05 seconds
probability of topic_Department_48 is 0.405568

clique number: 4
unobserved tuple number: 2
pgibbs sample time: 0.000191 seconds
probability of topic_Department_39 is 0.385255

clique number: 2
unobserved tuple number: 1
pgibbs sample time: 5.6e-05 seconds
probability of topic_Faculty_95 is 0.586438

clique number: 8
unobserved tuple number: 3
pgibbs sample time: 0.000415 seconds
probability of topic_ResearchProject_102 is 0.511739

clique number: 2
unobserved tuple number: 1
pgibbs sample time: 5.7e-05 seconds
probability of topic_Student_64 is 0.469789

clique number: 3
unobserved tuple number: 1
pgibbs sample time: 7.1e-05 seconds
probability of topic_Course_55 is 0.366909

clique number: 13
unobserved tuple number: 4
pgibbs sample time: 0.000651 seconds
probability of topic_Student_40 is 0.618761

clique number: 2
unobserved tuple number: 1
pgibbs sample time: 6.2e-05 seconds
probability of topic_Course_66 is 0.419663

clique number: 2
unobserved tuple number: 1
pgibbs sample time: 5.6e-05 seconds
probability of topic_Department_66 is 0.477106

clique number: 2
unobserved tuple number: 1
pgibbs sample time: 5.5e-05 seconds
probability of topic_Person_81 is 0.486143

clique number: 2
unobserved tuple number: 1
pgibbs sample time: 5.4e-05 seconds
probability of topic_Person_8 is 0.54974

clique number: 6
unobserved tuple number: 2
pgibbs sample time: 0.00033 seconds
probability of topic_ResearchProject_108 is 0.438811

clique number: 13
unobserved tuple number: 4
pgibbs sample time: 0.00063 seconds
probability of topic_Department_43 is 0.305172

clique number: 2
unobserved tuple number: 1
pgibbs sample time: 5.5e-05 seconds
probability of topic_Course_8 is 0.615754

clique number: 8
unobserved tuple number: 3
pgibbs sample time: 0.000415 seconds
probability of topic_Department_21 is 0.458021

clique number: 2
unobserved tuple number: 1
pgibbs sample time: 5.5e-05 seconds
probability of topic_Course_97 is 0.593732

clique number: 6
unobserved tuple number: 2
pgibbs sample time: 0.00025 seconds
probability of topic_Course_26 is 0.530798

clique number: 6
unobserved tuple number: 2
pgibbs sample time: 0.000239 seconds
probability of topic_Person_26 is 0.601098

clique number: 6
unobserved tuple number: 2
pgibbs sample time: 0.000238 seconds
probability of topic_Person_89 is 0.412911

clique number: 2
unobserved tuple number: 1
pgibbs sample time: 5.6e-05 seconds
probability of topic_ResearchProject_82 is 0.478567

clique number: 6
unobserved tuple number: 2
pgibbs sample time: 0.000329 seconds
probability of topic_ResearchProject_94 is 0.441141

clique number: 6
unobserved tuple number: 2
pgibbs sample time: 0.000256 seconds
probability of topic_Department_89 is 0.668143

clique number: 2
unobserved tuple number: 1
pgibbs sample time: 5.6e-05 seconds
probability of topic_Faculty_65 is 0.449955

clique number: 13
unobserved tuple number: 4
pgibbs sample time: 0.000656 seconds
probability of topic_Student_43 is 0.438451

clique number: 2
unobserved tuple number: 1
pgibbs sample time: 5.5e-05 seconds
probability of topic_Department_27 is 0.649423

clique number: 3
unobserved tuple number: 1
pgibbs sample time: 7.1e-05 seconds
probability of topic_Student_9 is 0.425073

clique number: 2
unobserved tuple number: 1
pgibbs sample time: 5.4e-05 seconds
probability of topic_Person_58 is 0.505972

clique number: 2
unobserved tuple number: 1
pgibbs sample time: 5.5e-05 seconds
probability of topic_Staff_15 is 0.392841

clique number: 2
unobserved tuple number: 1
pgibbs sample time: 5.4e-05 seconds
probability of topic_Course_16 is 0.425378

clique number: 2
unobserved tuple number: 1
pgibbs sample time: 5.5e-05 seconds
probability of topic_Faculty_80 is 0.45178

clique number: 2
unobserved tuple number: 1
pgibbs sample time: 5.5e-05 seconds
probability of topic_Person_76 is 0.653984

clique number: 2
unobserved tuple number: 1
pgibbs sample time: 5.4e-05 seconds
probability of topic_Person_6 is 0.498179

clique number: 5
unobserved tuple number: 2
pgibbs sample time: 0.000209 seconds
probability of topic_Course_33 is 0.558595

clique number: 2
unobserved tuple number: 1
pgibbs sample time: 5.4e-05 seconds
probability of topic_Person_2 is 0.620991

clique number: 13
unobserved tuple number: 4
pgibbs sample time: 0.000602 seconds
probability of topic_Person_68 is 0.504302

clique number: 5
unobserved tuple number: 2
pgibbs sample time: 0.000208 seconds
probability of topic_Course_61 is 0.330837

clique number: 5
unobserved tuple number: 2
pgibbs sample time: 0.000225 seconds
probability of topic_ResearchProject_39 is 0.579445

clique number: 2
unobserved tuple number: 1
pgibbs sample time: 5.4e-05 seconds
probability of topic_Student_1 is 0.468158

clique number: 2
unobserved tuple number: 1
pgibbs sample time: 5.5e-05 seconds
probability of topic_Faculty_50 is 0.518346

clique number: 4
unobserved tuple number: 2
pgibbs sample time: 0.00019 seconds
probability of topic_Department_61 is 0.489246

clique number: 6
unobserved tuple number: 2
pgibbs sample time: 0.000248 seconds
probability of topic_Student_44 is 0.484869

clique number: 2
unobserved tuple number: 1
pgibbs sample time: 5.6e-05 seconds
probability of topic_Department_29 is 0.692524

clique number: 2
unobserved tuple number: 1
pgibbs sample time: 5.5e-05 seconds
probability of topic_Course_50 is 0.427222

clique number: 2
unobserved tuple number: 1
pgibbs sample time: 5.4e-05 seconds
probability of topic_Course_28 is 0.425378

clique number: 8
unobserved tuple number: 3
pgibbs sample time: 0.0004 seconds
probability of topic_Staff_21 is 0.509554

clique number: 2
unobserved tuple number: 1
pgibbs sample time: 5.7e-05 seconds
probability of topic_ResearchProject_14 is 0.510441

clique number: 2
unobserved tuple number: 1
pgibbs sample time: 5.6e-05 seconds
probability of topic_Staff_74 is 0.432401

clique number: 2
unobserved tuple number: 1
pgibbs sample time: 5.5e-05 seconds
probability of topic_Faculty_5 is 0.387388

clique number: 2
unobserved tuple number: 1
pgibbs sample time: 5.6e-05 seconds
probability of topic_Department_15 is 0.39707

clique number: 2
unobserved tuple number: 1
pgibbs sample time: 5.6e-05 seconds
probability of topic_Faculty_58 is 0.489816

clique number: 2
unobserved tuple number: 1
pgibbs sample time: 5.6e-05 seconds
probability of topic_Faculty_41 is 0.694037

clique number: 6
unobserved tuple number: 2
pgibbs sample time: 0.00033 seconds
probability of topic_Student_94 is 0.488427

clique number: 5
unobserved tuple number: 2
pgibbs sample time: 0.000217 seconds
probability of topic_Course_78 is 0.56683

clique number: 6
unobserved tuple number: 2
pgibbs sample time: 0.000241 seconds
probability of topic_Course_12 is 0.621417

clique number: 6
unobserved tuple number: 2
pgibbs sample time: 0.000244 seconds
probability of topic_Course_89 is 0.694736

clique number: 2
unobserved tuple number: 1
pgibbs sample time: 5.7e-05 seconds
probability of topic_Student_69 is 0.487579

clique number: 3
unobserved tuple number: 1
pgibbs sample time: 7.3e-05 seconds
probability of topic_Faculty_31 is 0.556957

clique number: 2
unobserved tuple number: 1
pgibbs sample time: 5.6e-05 seconds
probability of topic_Course_17 is 0.75994

clique number: 3
unobserved tuple number: 1
pgibbs sample time: 7.2e-05 seconds
probability of topic_Department_73 is 0.407934

clique number: 5
unobserved tuple number: 2
pgibbs sample time: 0.000285 seconds
probability of topic_ResearchProject_46 is 0.435427

clique number: 2
unobserved tuple number: 1
pgibbs sample time: 5.7e-05 seconds
probability of topic_Department_7 is 0.480109

clique number: 2
unobserved tuple number: 1
pgibbs sample time: 5.5e-05 seconds
probability of topic_Faculty_30 is 0.519036

clique number: 2
unobserved tuple number: 1
pgibbs sample time: 5.5e-05 seconds
probability of topic_Faculty_66 is 0.401781

clique number: 2
unobserved tuple number: 1
pgibbs sample time: 5.5e-05 seconds
probability of topic_ResearchProject_52 is 0.476468

clique number: 3
unobserved tuple number: 1
pgibbs sample time: 7.1e-05 seconds
probability of topic_ResearchProject_73 is 0.588465

clique number: 2
unobserved tuple number: 1
pgibbs sample time: 5.4e-05 seconds
probability of topic_Staff_28 is 0.447858

clique number: 2
unobserved tuple number: 1
pgibbs sample time: 5.4e-05 seconds
probability of topic_Course_87 is 0.465118

clique number: 6
unobserved tuple number: 2
pgibbs sample time: 0.00032 seconds
probability of topic_Student_93 is 0.505778

clique number: 3
unobserved tuple number: 1
pgibbs sample time: 7.4e-05 seconds
probability of topic_Department_9 is 0.581249

clique number: 5
unobserved tuple number: 2
pgibbs sample time: 0.000213 seconds
probability of topic_Staff_33 is 0.448652

clique number: 2
unobserved tuple number: 1
pgibbs sample time: 5.5e-05 seconds
probability of topic_Staff_84 is 0.538363

clique number: 2
unobserved tuple number: 1
pgibbs sample time: 5.6e-05 seconds
probability of topic_Faculty_74 is 0.401374

clique number: 6
unobserved tuple number: 2
pgibbs sample time: 0.000251 seconds
probability of topic_Faculty_89 is 0.46201

clique number: 2
unobserved tuple number: 1
pgibbs sample time: 5.7e-05 seconds
probability of topic_Faculty_15 is 0.429819

clique number: 2
unobserved tuple number: 1
pgibbs sample time: 5.5e-05 seconds
probability of topic_Student_97 is 0.439022

clique number: 2
unobserved tuple number: 1
pgibbs sample time: 5.6e-05 seconds
probability of topic_ResearchProject_76 is 0.478169

clique number: 2
unobserved tuple number: 1
pgibbs sample time: 5.6e-05 seconds
probability of topic_Faculty_64 is 0.53041

clique number: 2
unobserved tuple number: 1
pgibbs sample time: 5.5e-05 seconds
probability of topic_ResearchProject_80 is 0.533481

clique number: 5
unobserved tuple number: 2
pgibbs sample time: 0.000224 seconds
probability of topic_Department_119 is 0.462741

clique number: 2
unobserved tuple number: 1
pgibbs sample time: 5.6e-05 seconds
probability of topic_Student_25 is 0.524583

clique number: 3
unobserved tuple number: 1
pgibbs sample time: 7.1e-05 seconds
probability of topic_Faculty_9 is 0.464437

clique number: 2
unobserved tuple number: 1
pgibbs sample time: 5.4e-05 seconds
probability of topic_Course_72 is 0.381758

clique number: 2
unobserved tuple number: 1
pgibbs sample time: 5.6e-05 seconds
probability of topic_Department_74 is 0.477077

clique number: 2
unobserved tuple number: 1
pgibbs sample time: 5.5e-05 seconds
probability of topic_Person_17 is 0.251716

clique number: 2
unobserved tuple number: 1
pgibbs sample time: 5.5e-05 seconds
probability of topic_Student_92 is 0.503814

clique number: 13
unobserved tuple number: 4
pgibbs sample time: 0.000618 seconds
probability of topic_Staff_40 is 0.559106

clique number: 6
unobserved tuple number: 2
pgibbs sample time: 0.000328 seconds
probability of topic_Student_108 is 0.488225

clique number: 2
unobserved tuple number: 1
pgibbs sample time: 5.4e-05 seconds
probability of topic_Person_52 is 0.535638

clique number: 2
unobserved tuple number: 1
pgibbs sample time: 5.6e-05 seconds
probability of topic_Department_81 is 0.477077

clique number: 2
unobserved tuple number: 1
pgibbs sample time: 5.6e-05 seconds
probability of topic_Department_11 is 0.378791

clique number: 13
unobserved tuple number: 4
pgibbs sample time: 0.000605 seconds
probability of topic_Course_88 is 0.455808

clique number: 6
unobserved tuple number: 2
pgibbs sample time: 0.000323 seconds
probability of topic_ResearchProject_71 is 0.492112

clique number: 2
unobserved tuple number: 1
pgibbs sample time: 5.6e-05 seconds
probability of topic_ResearchProject_16 is 0.442936

clique number: 2
unobserved tuple number: 1
pgibbs sample time: 5.6e-05 seconds
probability of topic_Student_79 is 0.483019

clique number: 2
unobserved tuple number: 1
pgibbs sample time: 5.5e-05 seconds
probability of topic_Faculty_27 is 0.489816

clique number: 2
unobserved tuple number: 1
pgibbs sample time: 5.5e-05 seconds
probability of topic_Person_57 is 0.476931

clique number: 2
unobserved tuple number: 1
pgibbs sample time: 5.4e-05 seconds
probability of topic_Course_32 is 0.425578

clique number: 5
unobserved tuple number: 2
pgibbs sample time: 0.00021 seconds
probability of topic_Staff_90 is 0.573157

clique number: 5
unobserved tuple number: 2
pgibbs sample time: 0.000273 seconds
probability of topic_Person_93 is 0.489022

clique number: 8
unobserved tuple number: 3
pgibbs sample time: 0.000352 seconds
probability of topic_Faculty_51 is 0.464213

clique number: 2
unobserved tuple number: 1
pgibbs sample time: 5.4e-05 seconds
probability of topic_Person_4 is 0.544751

clique number: 3
unobserved tuple number: 1
pgibbs sample time: 7.3e-05 seconds
probability of topic_Staff_83 is 0.551996

clique number: 5
unobserved tuple number: 2
pgibbs sample time: 0.00021 seconds
probability of topic_Staff_78 is 0.446921

clique number: 2
unobserved tuple number: 1
pgibbs sample time: 5.7e-05 seconds
probability of topic_Student_96 is 0.535841

clique number: 2
unobserved tuple number: 1
pgibbs sample time: 5.5e-05 seconds
probability of topic_Faculty_96 is 0.573274

clique number: 2
unobserved tuple number: 1
pgibbs sample time: 5.6e-05 seconds
probability of topic_Person_64 is 0.497282

clique number: 13
unobserved tuple number: 4
pgibbs sample time: 0.000632 seconds
probability of topic_Department_68 is 0.496527

clique number: 2
unobserved tuple number: 1
pgibbs sample time: 5.7e-05 seconds
probability of topic_Department_17 is 0.572671

clique number: 6
unobserved tuple number: 2
pgibbs sample time: 0.000322 seconds
probability of topic_Course_59 is 0.452114

clique number: 8
unobserved tuple number: 3
pgibbs sample time: 0.000402 seconds
probability of topic_Student_20 is 0.482622

clique number: 2
unobserved tuple number: 1
pgibbs sample time: 5.7e-05 seconds
probability of topic_Student_91 is 0.440213

clique number: 5
unobserved tuple number: 2
pgibbs sample time: 0.000211 seconds
probability of topic_Course_19 is 0.695218

clique number: 5
unobserved tuple number: 2
pgibbs sample time: 0.000221 seconds
probability of topic_Student_85 is 0.51224

clique number: 13
unobserved tuple number: 4
pgibbs sample time: 0.000637 seconds
probability of topic_ResearchProject_68 is 0.454518

clique number: 2
unobserved tuple number: 1
pgibbs sample time: 5.7e-05 seconds
probability of topic_ResearchProject_15 is 0.474026

clique number: 6
unobserved tuple number: 2
pgibbs sample time: 0.000309 seconds
probability of topic_Course_71 is 0.414246

clique number: 2
unobserved tuple number: 1
pgibbs sample time: 5.7e-05 seconds
probability of topic_Student_57 is 0.487116

clique number: 2
unobserved tuple number: 1
pgibbs sample time: 5.4e-05 seconds
probability of topic_Staff_10 is 0.576178

clique number: 13
unobserved tuple number: 4
pgibbs sample time: 0.000601 seconds
probability of topic_Course_43 is 0.280934

clique number: 6
unobserved tuple number: 2
pgibbs sample time: 0.00024 seconds
probability of topic_Person_47 is 0.473317

clique number: 3
unobserved tuple number: 1
pgibbs sample time: 7.1e-05 seconds
probability of topic_Person_83 is 0.516439

clique number: 2
unobserved tuple number: 1
pgibbs sample time: 5.6e-05 seconds
probability of topic_Department_10 is 0.649423

clique number: 2
unobserved tuple number: 1
pgibbs sample time: 5.5e-05 seconds
probability of topic_Staff_37 is 0.472063

clique number: 5
unobserved tuple number: 2
pgibbs sample time: 0.000216 seconds
probability of topic_ResearchProject_90 is 0.641692

clique number: 3
unobserved tuple number: 1
pgibbs sample time: 7.1e-05 seconds
probability of topic_Person_31 is 0.496857

clique number: 7
unobserved tuple number: 3
pgibbs sample time: 0.000364 seconds
probability of topic_Person_102 is 0.41274

clique number: 6
unobserved tuple number: 2
pgibbs sample time: 0.000251 seconds
probability of topic_Student_26 is 0.644196

clique number: 2
unobserved tuple number: 1
pgibbs sample time: 5.6e-05 seconds
probability of topic_Course_98 is 0.480991

clique number: 6
unobserved tuple number: 2
pgibbs sample time: 0.000256 seconds
probability of topic_ResearchProject_89 is 0.407037

clique number: 3
unobserved tuple number: 1
pgibbs sample time: 7.2e-05 seconds
probability of topic_Student_83 is 0.529084

clique number: 8
unobserved tuple number: 3
pgibbs sample time: 0.000403 seconds
probability of topic_Person_21 is 0.398001

clique number: 2
unobserved tuple number: 1
pgibbs sample time: 5.7e-05 seconds
probability of topic_Student_56 is 0.323068

clique number: 5
unobserved tuple number: 2
pgibbs sample time: 0.000285 seconds
probability of topic_ResearchProject_59 is 0.503605

clique number: 2
unobserved tuple number: 1
pgibbs sample time: 5.6e-05 seconds
probability of topic_ResearchProject_4 is 0.479583

clique number: 2
unobserved tuple number: 1
pgibbs sample time: 5.7e-05 seconds
probability of topic_ResearchProject_29 is 0.386627

clique number: 2
unobserved tuple number: 1
pgibbs sample time: 5.5e-05 seconds
probability of topic_Course_54 is 0.598444

clique number: 2
unobserved tuple number: 1
pgibbs sample time: 5.5e-05 seconds
probability of topic_Person_84 is 0.551746

clique number: 2
unobserved tuple number: 1
pgibbs sample time: 5.6e-05 seconds
probability of topic_ResearchProject_69 is 0.435576

clique number: 3
unobserved tuple number: 1
pgibbs sample time: 7.3e-05 seconds
probability of topic_Department_55 is 0.284851

clique number: 2
unobserved tuple number: 1
pgibbs sample time: 5.5e-05 seconds
probability of topic_Staff_72 is 0.370987

clique number: 5
unobserved tuple number: 2
pgibbs sample time: 0.00022 seconds
probability of topic_Faculty_34 is 0.474542

clique number: 2
unobserved tuple number: 1
pgibbs sample time: 5.5e-05 seconds
probability of topic_Course_60 is 0.411195

clique number: 6
unobserved tuple number: 2
pgibbs sample time: 0.000242 seconds
probability of topic_Course_47 is 0.758464

clique number: 2
unobserved tuple number: 1
pgibbs sample time: 5.7e-05 seconds
probability of topic_ResearchProject_50 is 0.482183

clique number: 7
unobserved tuple number: 3
pgibbs sample time: 0.000363 seconds
probability of topic_Course_102 is 0.601399

clique number: 2
unobserved tuple number: 1
pgibbs sample time: 5.5e-05 seconds
probability of topic_Course_70 is 0.457571

clique number: 2
unobserved tuple number: 1
pgibbs sample time: 5.3e-05 seconds
probability of topic_Staff_52 is 0.511184

clique number: 2
unobserved tuple number: 1
pgibbs sample time: 5.4e-05 seconds
probability of topic_Course_10 is 0.47654

clique number: 2
unobserved tuple number: 1
pgibbs sample time: 5.7e-05 seconds
probability of topic_Department_76 is 0.436649

clique number: 2
unobserved tuple number: 1
pgibbs sample time: 5.3e-05 seconds
probability of topic_Person_16 is 0.498179

clique number: 2
unobserved tuple number: 1
pgibbs sample time: 5.3e-05 seconds
probability of topic_Course_96 is 0.503376

clique number: 5
unobserved tuple number: 2
pgibbs sample time: 0.000211 seconds
probability of topic_Course_90 is 0.395504

clique number: 2
unobserved tuple number: 1
pgibbs sample time: 5.6e-05 seconds
probability of topic_Student_86 is 0.52095

clique number: 2
unobserved tuple number: 1
pgibbs sample time: 5.5e-05 seconds
probability of topic_Faculty_8 is 0.467878

clique number: 3
unobserved tuple number: 1
pgibbs sample time: 7.3e-05 seconds
probability of topic_ResearchProject_44 is 0.498634

clique number: 2
unobserved tuple number: 1
pgibbs sample time: 5.4e-05 seconds
probability of topic_Person_14 is 0.661866

clique number: 8
unobserved tuple number: 3
pgibbs sample time: 0.000351 seconds
probability of topic_Faculty_113 is 0.422586

clique number: 2
unobserved tuple number: 1
pgibbs sample time: 5.7e-05 seconds
probability of topic_Course_62 is 0.435971

clique number: 2
unobserved tuple number: 1
pgibbs sample time: 5.6e-05 seconds
probability of topic_Department_60 is 0.429697

clique number: 6
unobserved tuple number: 2
pgibbs sample time: 0.000253 seconds
probability of topic_Department_47 is 0.335329

clique number: 2
unobserved tuple number: 1
pgibbs sample time: 6.2e-05 seconds
probability of topic_Faculty_42 is 0.62985

clique number: 2
unobserved tuple number: 1
pgibbs sample time: 5.5e-05 seconds
probability of topic_Student_27 is 0.524583

clique number: 5
unobserved tuple number: 2
pgibbs sample time: 0.000223 seconds
probability of topic_Faculty_19 is 0.493586

clique number: 2
unobserved tuple number: 1
pgibbs sample time: 5.6e-05 seconds
probability of topic_ResearchProject_67 is 0.609436

clique number: 2
unobserved tuple number: 1
pgibbs sample time: 5.7e-05 seconds
probability of topic_Department_53 is 0.480109

clique number: 2
unobserved tuple number: 1
pgibbs sample time: 5.5e-05 seconds
probability of topic_Course_24 is 0.419802

clique number: 6
unobserved tuple number: 2
pgibbs sample time: 0.000253 seconds
probability of topic_Student_12 is 0.501461

clique number: 2
unobserved tuple number: 1
pgibbs sample time: 5.6e-05 seconds
probability of topic_Department_42 is 0.412026

clique number: 6
unobserved tuple number: 2
pgibbs sample time: 0.000331 seconds
probability of topic_Department_46 is 0.475353

clique number: 2
unobserved tuple number: 1
pgibbs sample time: 5.5e-05 seconds
probability of topic_Staff_7 is 0.447858

clique number: 2
unobserved tuple number: 1
pgibbs sample time: 5.7e-05 seconds
probability of topic_Student_77 is 0.580474

clique number: 2
unobserved tuple number: 1
pgibbs sample time: 5.6e-05 seconds
probability of topic_Student_67 is 0.432953

clique number: 2
unobserved tuple number: 1
pgibbs sample time: 5.5e-05 seconds
probability of topic_Department_38 is 0.535473

clique number: 2
unobserved tuple number: 1
pgibbs sample time: 5.6e-05 seconds
probability of topic_Faculty_84 is 0.569009

clique number: 2
unobserved tuple number: 1
pgibbs sample time: 5.5e-05 seconds
probability of topic_Student_10 is 0.524583

clique number: 8
unobserved tuple number: 3
pgibbs sample time: 0.000396 seconds
probability of topic_Course_51 is 0.450386

clique number: 2
unobserved tuple number: 1
pgibbs sample time: 5.6e-05 seconds
probability of topic_ResearchProject_98 is 0.620402

clique number: 2
unobserved tuple number: 1
pgibbs sample time: 5.5e-05 seconds
probability of topic_Faculty_38 is 0.477852

clique number: 6
unobserved tuple number: 2
pgibbs sample time: 0.000322 seconds
probability of topic_Course_46 is 0.422137

clique number: 5
unobserved tuple number: 2
pgibbs sample time: 0.000224 seconds
probability of topic_ResearchProject_61 is 0.688916

clique number: 2
unobserved tuple number: 1
pgibbs sample time: 5.5e-05 seconds
probability of topic_Staff_50 is 0.470018

clique number: 6
unobserved tuple number: 2
pgibbs sample time: 0.000312 seconds
probability of topic_Staff_93 is 0.397201

clique number: 2
unobserved tuple number: 1
pgibbs sample time: 5.7e-05 seconds
probability of topic_ResearchProject_86 is 0.472546

clique number: 2
unobserved tuple number: 1
pgibbs sample time: 5.5e-05 seconds
probability of topic_Person_95 is 0.429657

clique number: 2
unobserved tuple number: 1
pgibbs sample time: 5.6e-05 seconds
probability of topic_Faculty_18 is 0.387388

clique number: 5
unobserved tuple number: 2
pgibbs sample time: 0.000213 seconds
probability of topic_Person_39 is 0.450608

clique number: 13
unobserved tuple number: 4
pgibbs sample time: 0.000632 seconds
probability of topic_Department_88 is 0.501493

clique number: 2
unobserved tuple number: 1
pgibbs sample time: 5.5e-05 seconds
probability of topic_Person_13 is 0.513057

clique number: 5
unobserved tuple number: 2
pgibbs sample time: 0.000212 seconds
probability of topic_Staff_39 is 0.694554

clique number: 2
unobserved tuple number: 1
pgibbs sample time: 5.8e-05 seconds
probability of topic_Department_3 is 0.420608

clique number: 2
unobserved tuple number: 1
pgibbs sample time: 5.4e-05 seconds
probability of topic_Person_79 is 0.465191

clique number: 2
unobserved tuple number: 1
pgibbs sample time: 5.4e-05 seconds
probability of topic_Person_67 is 0.381565

clique number: 3
unobserved tuple number: 1
pgibbs sample time: 7.1e-05 seconds
probability of topic_Person_9 is 0.385403

clique number: 2
unobserved tuple number: 1
pgibbs sample time: 5.7e-05 seconds
probability of topic_Student_42 is 0.602305

clique number: 3
unobserved tuple number: 1
pgibbs sample time: 7.2e-05 seconds
probability of topic_Staff_9 is 0.458123

clique number: 6
unobserved tuple number: 2
pgibbs sample time: 0.000325 seconds
probability of topic_Student_59 is 0.417729

clique number: 2
unobserved tuple number: 1
pgibbs sample time: 5.6e-05 seconds
probability of topic_Course_13 is 0.459095

clique number: 2
unobserved tuple number: 1
pgibbs sample time: 5.6e-05 seconds
probability of topic_Department_64 is 0.484707

clique number: 2
unobserved tuple number: 1
pgibbs sample time: 5.5e-05 seconds
probability of topic_Staff_91 is 0.473221

clique number: 5
unobserved tuple number: 2
pgibbs sample time: 0.000213 seconds
probability of topic_Staff_19 is 0.510492

clique number: 5
unobserved tuple number: 2
pgibbs sample time: 0.00022 seconds
probability of topic_ResearchProject_22 is 0.607869

clique number: 3
unobserved tuple number: 1
pgibbs sample time: 7.3e-05 seconds
probability of topic_Student_49 is 0.760226

clique number: 2
unobserved tuple number: 1
pgibbs sample time: 5.4e-05 seconds
probability of topic_Staff_95 is 0.47193

clique number: 2
unobserved tuple number: 1
pgibbs sample time: 5.6e-05 seconds
probability of topic_ResearchProject_27 is 0.462699

clique number: 2
unobserved tuple number: 1
pgibbs sample time: 5.5e-05 seconds
probability of topic_Faculty_62 is 0.431532

clique number: 2
unobserved tuple number: 1
pgibbs sample time: 5.5e-05 seconds
probability of topic_ResearchProject_53 is 0.442936

clique number: 2
unobserved tuple number: 1
pgibbs sample time: 5.7e-05 seconds
probability of topic_Department_86 is 0.420875

clique number: 2
unobserved tuple number: 1
pgibbs sample time: 5.4e-05 seconds
probability of topic_Person_15 is 0.489056

clique number: 5
unobserved tuple number: 2
pgibbs sample time: 0.000219 seconds
probability of topic_ResearchProject_34 is 0.537618

clique number: 8
unobserved tuple number: 3
pgibbs sample time: 0.000396 seconds
probability of topic_Course_21 is 0.517667

clique number: 2
unobserved tuple number: 1
pgibbs sample time: 6.1e-05 seconds
probability of topic_Person_27 is 0.505972

clique number: 3
unobserved tuple number: 1
pgibbs sample time: 7.3e-05 seconds
probability of topic_Faculty_49 is 0.503529

clique number: 2
unobserved tuple number: 1
pgibbs sample time: 5.7e-05 seconds
probability of topic_Department_37 is 0.448246

clique number: 5
unobserved tuple number: 2
pgibbs sample time: 0.000223 seconds
probability of topic_Department_34 is 0.476607

clique number: 2
unobserved tuple number: 1
pgibbs sample time: 5.6e-05 seconds
probability of topic_Person_25 is 0.505972

clique number: 5
unobserved tuple number: 2
pgibbs sample time: 0.000217 seconds
probability of topic_Course_85 is 0.397526

clique number: 2
unobserved tuple number: 1
pgibbs sample time: 5.5e-05 seconds
probability of topic_Staff_99 is 0.491937

clique number: 2
unobserved tuple number: 1
pgibbs sample time: 5.3e-05 seconds
probability of topic_Person_30 is 0.490523

clique number: 2
unobserved tuple number: 1
pgibbs sample time: 5.3e-05 seconds
probability of topic_Staff_58 is 0.576178

clique number: 2
unobserved tuple number: 1
pgibbs sample time: 5.5e-05 seconds
probability of topic_Student_33 is 0.701025

clique number: 2
unobserved tuple number: 1
pgibbs sample time: 5.5e-05 seconds
probability of topic_ResearchProject_11 is 0.210008

clique number: 2
unobserved tuple number: 1
pgibbs sample time: 8.6e-05 seconds
probability of topic_Student_32 is 0.466327

clique number: 2
unobserved tuple number: 1
pgibbs sample time: 5.6e-05 seconds
probability of topic_Department_99 is 0.445427

clique number: 8
unobserved tuple number: 3
pgibbs sample time: 0.000394 seconds
probability of topic_Staff_113 is 0.524586

clique number: 2
unobserved tuple number: 1
pgibbs sample time: 5.4e-05 seconds
probability of topic_Faculty_2 is 0.52117

clique number: 2
unobserved tuple number: 1
pgibbs sample time: 5.7e-05 seconds
probability of topic_ResearchProject_72 is 0.477466

clique number: 6
unobserved tuple number: 2
pgibbs sample time: 0.000383 seconds
probability of topic_Person_59 is 0.492999

clique number: 6
unobserved tuple number: 2
pgibbs sample time: 0.000321 seconds
probability of topic_Faculty_59 is 0.570501

clique number: 2
unobserved tuple number: 1
pgibbs sample time: 5.7e-05 seconds
probability of topic_ResearchProject_87 is 0.446075

clique number: 2
unobserved tuple number: 1
pgibbs sample time: 5.5e-05 seconds
probability of topic_Staff_65 is 0.443048

clique number: 2
unobserved tuple number: 1
pgibbs sample time: 5.5e-05 seconds
probability of topic_ResearchProject_66 is 0.437775

clique number: 6
unobserved tuple number: 2
pgibbs sample time: 0.000325 seconds
probability of topic_Faculty_108 is 0.406384

clique number: 5
unobserved tuple number: 2
pgibbs sample time: 0.000223 seconds
probability of topic_Student_90 is 0.492252

clique number: 2
unobserved tuple number: 1
pgibbs sample time: 5.8e-05 seconds
probability of topic_Staff_41 is 0.461239

clique number: 2
unobserved tuple number: 1
pgibbs sample time: 5.6e-05 seconds
probability of topic_Department_24 is 0.631889

clique number: 2
unobserved tuple number: 1
pgibbs sample time: 0.000184 seconds
probability of topic_Faculty_81 is 0.401374

clique number: 2
unobserved tuple number: 1
pgibbs sample time: 0.000156 seconds
probability of topic_Staff_29 is 0.553711

clique number: 5
unobserved tuple number: 2
pgibbs sample time: 0.000549 seconds
probability of topic_Course_22 is 0.55126

clique number: 6
unobserved tuple number: 2
pgibbs sample time: 0.000616 seconds
probability of topic_Staff_89 is 0.562112

clique number: 2
unobserved tuple number: 1
pgibbs sample time: 0.000129 seconds
probability of topic_Staff_54 is 0.497096

clique number: 2
unobserved tuple number: 1
pgibbs sample time: 0.000132 seconds
probability of topic_ResearchProject_32 is 0.651756

clique number: 2
unobserved tuple number: 1
pgibbs sample time: 0.000117 seconds
probability of topic_Course_99 is 0.643291

clique number: 6
unobserved tuple number: 2
pgibbs sample time: 0.000714 seconds
probability of topic_Person_46 is 0.486778

clique number: 5
unobserved tuple number: 2
pgibbs sample time: 0.000443 seconds
probability of topic_Person_35 is 0.50009

clique number: 5
unobserved tuple number: 2
pgibbs sample time: 0.000465 seconds
probability of topic_Faculty_61 is 0.648704

clique number: 2
unobserved tuple number: 1
pgibbs sample time: 0.000107 seconds
probability of topic_Staff_45 is 0.494667

clique number: 2
unobserved tuple number: 1
pgibbs sample time: 0.000107 seconds
probability of topic_Course_67 is 0.577589

clique number: 2
unobserved tuple number: 1
pgibbs sample time: 9.9e-05 seconds
probability of topic_Student_7 is 0.493937

clique number: 2
unobserved tuple number: 1
pgibbs sample time: 0.0001 seconds
probability of topic_Course_45 is 0.499943

clique number: 13
unobserved tuple number: 4
pgibbs sample time: 0.001189 seconds
probability of topic_Department_40 is 0.633638

clique number: 2
unobserved tuple number: 1
pgibbs sample time: 9.7e-05 seconds
probability of topic_Course_79 is 0.46343

clique number: 2
unobserved tuple number: 1
pgibbs sample time: 9.5e-05 seconds
probability of topic_Staff_22 is 0.552182

clique number: 2
unobserved tuple number: 1
pgibbs sample time: 9e-05 seconds
probability of topic_Course_11 is 0.31139

clique number: 8
unobserved tuple number: 3
pgibbs sample time: 0.000691 seconds
probability of topic_ResearchProject_21 is 0.5454

clique number: 8
unobserved tuple number: 3
pgibbs sample time: 0.000601 seconds
probability of topic_Faculty_21 is 0.496669

clique number: 2
unobserved tuple number: 1
pgibbs sample time: 9.4e-05 seconds
probability of topic_Person_56 is 0.392505

clique number: 3
unobserved tuple number: 1
pgibbs sample time: 0.000113 seconds
probability of topic_Person_55 is 0.470207

clique number: 5
unobserved tuple number: 2
pgibbs sample time: 0.000339 seconds
probability of topic_ResearchProject_35 is 0.560039

clique number: 5
unobserved tuple number: 2
pgibbs sample time: 0.000325 seconds
probability of topic_Person_61 is 0.499062

clique number: 5
unobserved tuple number: 2
pgibbs sample time: 0.000338 seconds
probability of topic_Department_35 is 0.514794

clique number: 6
unobserved tuple number: 2
pgibbs sample time: 0.000476 seconds
probability of topic_ResearchProject_93 is 0.474466

clique number: 2
unobserved tuple number: 1
pgibbs sample time: 8e-05 seconds
probability of topic_Person_38 is 0.34738

clique number: 2
unobserved tuple number: 1
pgibbs sample time: 7.7e-05 seconds
probability of topic_Staff_27 is 0.576178

clique number: 2
unobserved tuple number: 1
pgibbs sample time: 7.4e-05 seconds
probability of topic_Course_52 is 0.435111

clique number: 2
unobserved tuple number: 1
pgibbs sample time: 7.5e-05 seconds
probability of topic_Person_70 is 0.366619

clique number: 2
unobserved tuple number: 1
pgibbs sample time: 7.9e-05 seconds
probability of topic_Department_77 is 0.474402

clique number: 2
unobserved tuple number: 1
pgibbs sample time: 7.6e-05 seconds
probability of topic_ResearchProject_28 is 0.442936

clique number: 13
unobserved tuple number: 4
pgibbs sample time: 0.000604 seconds
probability of topic_Person_40 is 0.64438

clique number: 5
unobserved tuple number: 2
pgibbs sample time: 0.00021 seconds
probability of topic_Person_22 is 0.392847

clique number: 3
unobserved tuple number: 1
pgibbs sample time: 7.3e-05 seconds
probability of topic_Staff_55 is 0.48688

clique number: 2
unobserved tuple number: 1
pgibbs sample time: 5.6e-05 seconds
probability of topic_Student_15 is 0.50726

clique number: 2
unobserved tuple number: 1
pgibbs sample time: 5.4e-05 seconds
probability of topic_Staff_79 is 0.494994

clique number: 2
unobserved tuple number: 1
pgibbs sample time: 5.3e-05 seconds
probability of topic_Course_84 is 0.420283

clique number: 2
unobserved tuple number: 1
pgibbs sample time: 5.4e-05 seconds
probability of topic_Course_74 is 0.419524

clique number: 2
unobserved tuple number: 1
pgibbs sample time: 5.4e-05 seconds
probability of topic_Staff_98 is 0.492361

clique number: 2
unobserved tuple number: 1
pgibbs sample time: 5.5e-05 seconds
probability of topic_Student_36 is 0.570691

clique number: 2
unobserved tuple number: 1
pgibbs sample time: 5.6e-05 seconds
probability of topic_ResearchProject_74 is 0.435576

clique number: 2
unobserved tuple number: 1
pgibbs sample time: 5.5e-05 seconds
probability of topic_Student_14 is 0.602305

clique number: 5
unobserved tuple number: 2
pgibbs sample time: 0.000225 seconds
probability of topic_Student_61 is 0.400758

clique number: 2
unobserved tuple number: 1
pgibbs sample time: 5.5e-05 seconds
probability of topic_Staff_57 is 0.479842

clique number: 8
unobserved tuple number: 3
pgibbs sample time: 0.000414 seconds
probability of topic_Student_51 is 0.501729

clique number: 5
unobserved tuple number: 2
pgibbs sample time: 0.000223 seconds
probability of topic_Student_39 is 0.32077

clique number: 2
unobserved tuple number: 1
pgibbs sample time: 5.6e-05 seconds
probability of topic_Person_36 is 0.56344

clique number: 2
unobserved tuple number: 1
pgibbs sample time: 5.5e-05 seconds
probability of topic_Course_14 is 0.523905

clique number: 5
unobserved tuple number: 2
pgibbs sample time: 0.000219 seconds
probability of topic_ResearchProject_19 is 0.503998

clique number: 6
unobserved tuple number: 2
pgibbs sample time: 0.000246 seconds
probability of topic_Person_44 is 0.535426

clique number: 5
unobserved tuple number: 2
pgibbs sample time: 0.000221 seconds
probability of topic_Faculty_124 is 0.476697

clique number: 6
unobserved tuple number: 2
pgibbs sample time: 0.000249 seconds
probability of topic_Person_124 is 0.482645

clique number: 2
unobserved tuple number: 1
pgibbs sample time: 5.6e-05 seconds
probability of topic_Student_23 is 0.527927

clique number: 5
unobserved tuple number: 2
pgibbs sample time: 0.000274 seconds
probability of topic_Person_71 is 0.500613

clique number: 2
unobserved tuple number: 1
pgibbs sample time: 5.7e-05 seconds
probability of topic_Student_17 is 0.298945

clique number: 2
unobserved tuple number: 1
pgibbs sample time: 5.4e-05 seconds
probability of topic_Course_41 is 0.404836

clique number: 2
unobserved tuple number: 1
pgibbs sample time: 5.5e-05 seconds
probability of topic_Staff_32 is 0.59457

clique number: 2
unobserved tuple number: 1
pgibbs sample time: 5.4e-05 seconds
probability of topic_Faculty_3 is 0.541141

clique number: 2
unobserved tuple number: 1
pgibbs sample time: 5.6e-05 seconds
probability of topic_Student_11 is 0.0545471

clique number: 2
unobserved tuple number: 1
pgibbs sample time: 5.6e-05 seconds
probability of topic_Faculty_63 is 0.489816

clique number: 2
unobserved tuple number: 1
pgibbs sample time: 5.5e-05 seconds
probability of topic_Faculty_69 is 0.401374

clique number: 2
unobserved tuple number: 1
pgibbs sample time: 5.6e-05 seconds
probability of topic_ResearchProject_48 is 0.374853

clique number: 2
unobserved tuple number: 1
pgibbs sample time: 5.5e-05 seconds
probability of topic_Faculty_87 is 0.504936

clique number: 2
unobserved tuple number: 1
pgibbs sample time: 5.6e-05 seconds
probability of topic_ResearchProject_41 is 0.379861

clique number: 2
unobserved tuple number: 1
pgibbs sample time: 5.4e-05 seconds
probability of topic_Person_7 is 0.498179

clique number: 2
unobserved tuple number: 1
pgibbs sample time: 5.6e-05 seconds
probability of topic_Student_28 is 0.493937

clique number: 5
unobserved tuple number: 2
pgibbs sample time: 0.000215 seconds
probability of topic_Person_34 is 0.414641

clique number: 5
unobserved tuple number: 2
pgibbs sample time: 0.000216 seconds
probability of topic_Person_119 is 0.479393

clique number: 6
unobserved tuple number: 2
pgibbs sample time: 0.000356 seconds
probability of topic_Course_124 is 0.492499

clique number: 2
unobserved tuple number: 1
pgibbs sample time: 5.5e-05 seconds
probability of topic_Staff_77 is 0.474394

clique number: 2
unobserved tuple number: 1
pgibbs sample time: 5.4e-05 seconds
probability of topic_Person_82 is 0.589601

clique number: 3
unobserved tuple number: 1
pgibbs sample time: 7.7e-05 seconds
probability of topic_Faculty_55 is 0.340902

clique number: 5
unobserved tuple number: 2
pgibbs sample time: 0.000209 seconds
probability of topic_Course_39 is 0.65972

clique number: 2
unobserved tuple number: 1
pgibbs sample time: 5.7e-05 seconds
probability of topic_Student_48 is 0.459081

clique number: 2
unobserved tuple number: 1
pgibbs sample time: 5.8e-05 seconds
probability of topic_ResearchProject_63 is 0.462699

clique number: 2
unobserved tuple number: 1
pgibbs sample time: 5.5e-05 seconds
probability of topic_Staff_60 is 0.412752

clique number: 2
unobserved tuple number: 1
pgibbs sample time: 5.5e-05 seconds
probability of topic_Course_57 is 0.52745

clique number: 2
unobserved tuple number: 1
pgibbs sample time: 5.3e-05 seconds
probability of topic_Course_63 is 0.47654

clique number: 6
unobserved tuple number: 2
pgibbs sample time: 0.000325 seconds
probability of topic_Student_46 is 0.492171

clique number: 2
unobserved tuple number: 1
pgibbs sample time: 5.6e-05 seconds
probability of topic_Department_85 is 0.429697

clique number: 2
unobserved tuple number: 1
pgibbs sample time: 5.7e-05 seconds
probability of topic_Person_98 is 0.713581

clique number: 6
unobserved tuple number: 2
pgibbs sample time: 0.000254 seconds
probability of topic_Department_12 is 0.493154

clique number: 2
unobserved tuple number: 1
pgibbs sample time: 5.5e-05 seconds
probability of topic_Course_69 is 0.419524

clique number: 2
unobserved tuple number: 1
pgibbs sample time: 7.1e-05 seconds
probability of topic_Staff_63 is 0.576178

clique number: 2
unobserved tuple number: 1
pgibbs sample time: 5.4e-05 seconds
probability of topic_Staff_30 is 0.501153

clique number: 5
unobserved tuple number: 2
pgibbs sample time: 0.000223 seconds
probability of topic_Student_128 is 0.525097

clique number: 13
unobserved tuple number: 4
pgibbs sample time: 0.000635 seconds
probability of topic_Faculty_88 is 0.44728

clique number: 3
unobserved tuple number: 1
pgibbs sample time: 7.4e-05 seconds
probability of topic_Faculty_83 is 0.518471

clique number: 2
unobserved tuple number: 1
pgibbs sample time: 5.6e-05 seconds
probability of topic_Department_84 is 0.557287

clique number: 6
unobserved tuple number: 2
pgibbs sample time: 0.000371 seconds
probability of topic_Student_71 is 0.526554

clique number: 2
unobserved tuple number: 1
pgibbs sample time: 6.2e-05 seconds
probability of topic_Faculty_92 is 0.40832

clique number: 13
unobserved tuple number: 4
pgibbs sample time: 0.000651 seconds
probability of topic_Student_68 is 0.503254

clique number: 3
unobserved tuple number: 1
pgibbs sample time: 7e-05 seconds
probability of topic_Course_9 is 0.462346

clique number: 3
unobserved tuple number: 1
pgibbs sample time: 6.9e-05 seconds
probability of topic_Person_49 is 0.737925

clique number: 6
unobserved tuple number: 2
pgibbs sample time: 0.000238 seconds
probability of topic_Person_12 is 0.452042

clique number: 2
unobserved tuple number: 1
pgibbs sample time: 5.6e-05 seconds
probability of topic_Student_3 is 0.439683

clique number: 2
unobserved tuple number: 1
pgibbs sample time: 5.7e-05 seconds
probability of topic_Faculty_14 is 0.62985

clique number: 2
unobserved tuple number: 1
pgibbs sample time: 5.4e-05 seconds
probability of topic_Person_72 is 0.485746

clique number: 3
unobserved tuple number: 1
pgibbs sample time: 7.4e-05 seconds
probability of topic_Student_31 is 0.638618

clique number: 2
unobserved tuple number: 1
pgibbs sample time: 5.6e-05 seconds
probability of topic_ResearchProject_36 is 0.403352

clique number: 2
unobserved tuple number: 1
pgibbs sample time: 5.5e-05 seconds
probability of topic_Department_30 is 0.495797

clique number: 2
unobserved tuple number: 1
pgibbs sample time: 5.6e-05 seconds
probability of topic_Faculty_45 is 0.499912

clique number: 2
unobserved tuple number: 1
pgibbs sample time: 5.4e-05 seconds
probability of topic_Department_23 is 0.442131

clique number: 3
unobserved tuple number: 1
pgibbs sample time: 7.2e-05 seconds
probability of topic_Student_73 is 0.432723

clique number: 2
unobserved tuple number: 1
pgibbs sample time: 5.7e-05 seconds
probability of topic_Student_54 is 0.386345

clique number: 2
unobserved tuple number: 1
pgibbs sample time: 5.5e-05 seconds
probability of topic_ResearchProject_13 is 0.522631

clique number: 2
unobserved tuple number: 1
pgibbs sample time: 5.4e-05 seconds
probability of topic_Staff_82 is 0.536626

clique number: 2
unobserved tuple number: 1
pgibbs sample time: 5.6e-05 seconds
probability of topic_Person_41 is 0.796164

clique number: 2
unobserved tuple number: 1
pgibbs sample time: 5.3e-05 seconds
probability of topic_Faculty_4 is 0.531785

clique number: 6
unobserved tuple number: 2
pgibbs sample time: 0.00032 seconds
probability of topic_Faculty_46 is 0.399612

clique number: 2
unobserved tuple number: 1
pgibbs sample time: 5.7e-05 seconds
probability of topic_Faculty_37 is 0.469554

clique number: 3
unobserved tuple number: 1
pgibbs sample time: 7.1e-05 seconds
probability of topic_Course_31 is 0.468859

clique number: 2
unobserved tuple number: 1
pgibbs sample time: 5.6e-05 seconds
probability of topic_Department_69 is 0.477077

clique number: 2
unobserved tuple number: 1
pgibbs sample time: 5.6e-05 seconds
probability of topic_Department_87 is 0.366359

clique number: 6
unobserved tuple number: 2
pgibbs sample time: 0.000247 seconds
probability of topic_Course_44 is 0.310345

clique number: 6
unobserved tuple number: 2
pgibbs sample time: 0.000322 seconds
probability of topic_Course_108 is 0.423673

clique number: 2
unobserved tuple number: 1
pgibbs sample time: 5.7e-05 seconds
probability of topic_Department_33 is 0.643413

clique number: 5
unobserved tuple number: 2
pgibbs sample time: 0.000253 seconds
probability of topic_Faculty_33 is 0.457887

clique number: 2
unobserved tuple number: 1
pgibbs sample time: 5.7e-05 seconds
probability of topic_Student_62 is 0.501822

clique number: 2
unobserved tuple number: 1
pgibbs sample time: 5.5e-05 seconds
probability of topic_Course_76 is 0.467894

clique number: 7
unobserved tuple number: 3
pgibbs sample time: 0.000364 seconds
probability of topic_Course_20 is 0.483217

clique number: 2
unobserved tuple number: 1
pgibbs sample time: 5.6e-05 seconds
probability of topic_Course_42 is 0.523905

clique number: 5
unobserved tuple number: 2
pgibbs sample time: 0.000223 seconds
probability of topic_Faculty_119 is 0.484191

clique number: 5
unobserved tuple number: 2
pgibbs sample time: 0.000211 seconds
probability of topic_Staff_34 is 0.480365

clique number: 2
unobserved tuple number: 1
pgibbs sample time: 5.7e-05 seconds
probability of topic_Faculty_86 is 0.413153

clique number: 5
unobserved tuple number: 2
pgibbs sample time: 0.000212 seconds
probability of topic_Staff_119 is 0.486544

clique number: 5
unobserved tuple number: 2
pgibbs sample time: 0.000213 seconds
probability of topic_Person_78 is 0.686653

clique number: 2
unobserved tuple number: 1
pgibbs sample time: 5.8e-05 seconds
probability of topic_ResearchProject_10 is 0.462699

clique number: 13
unobserved tuple number: 4
pgibbs sample time: 0.000638 seconds
probability of topic_Course_40 is 0.568817

clique number: 2
unobserved tuple number: 1
pgibbs sample time: 5.6e-05 seconds
probability of topic_Student_80 is 0.501701

clique number: 5
unobserved tuple number: 2
pgibbs sample time: 0.000223 seconds
probability of topic_Faculty_39 is 0.412909

clique number: 2
unobserved tuple number: 1
pgibbs sample time: 5.7e-05 seconds
probability of topic_Faculty_25 is 0.489816

clique number: 7
unobserved tuple number: 3
pgibbs sample time: 0.000366 seconds
probability of topic_Person_18 is 0.488479

clique number: 13
unobserved tuple number: 4
pgibbs sample time: 0.000656 seconds
probability of topic_Faculty_40 is 0.588634

clique number: 5
unobserved tuple number: 2
pgibbs sample time: 0.000219 seconds
probability of topic_Faculty_90 is 0.59117

clique number: 2
unobserved tuple number: 1
pgibbs sample time: 5.5e-05 seconds
probability of topic_Course_30 is 0.576832

clique number: 2
unobserved tuple number: 1
pgibbs sample time: 5.7e-05 seconds
probability of topic_Faculty_29 is 0.662028

clique number: 2
unobserved tuple number: 1
pgibbs sample time: 5.5e-05 seconds
probability of topic_Person_63 is 0.505972

clique number: 2
unobserved tuple number: 1
pgibbs sample time: 5.6e-05 seconds
probability of topic_Student_87 is 0.629144

clique number: 5
unobserved tuple number: 2
pgibbs sample time: 0.000222 seconds
probability of topic_Faculty_78 is 0.455183

clique number: 2
unobserved tuple number: 1
pgibbs sample time: 5.7e-05 seconds
probability of topic_Department_5 is 0.481264

clique number: 3
unobserved tuple number: 1
pgibbs sample time: 7.2e-05 seconds
probability of topic_Department_83 is 0.413138

clique number: 2
unobserved tuple number: 1
pgibbs sample time: 5.6e-05 seconds
probability of topic_Person_32 is 0.481126

clique number: 6
unobserved tuple number: 2
pgibbs sample time: 0.000239 seconds
probability of topic_Staff_26 is 0.430176

clique number: 2
unobserved tuple number: 1
pgibbs sample time: 5.8e-05 seconds
probability of topic_ResearchProject_17 is 0.479381

clique number: 5
unobserved tuple number: 2
pgibbs sample time: 0.000221 seconds
probability of topic_Faculty_22 is 0.373109

clique number: 6
unobserved tuple number: 2
pgibbs sample time: 0.000251 seconds
probability of topic_Student_47 is 0.455797

clique number: 6
unobserved tuple number: 2
pgibbs sample time: 0.000323 seconds
probability of topic_Faculty_94 is 0.406817

clique number: 2
unobserved tuple number: 1
pgibbs sample time: 5.6e-05 seconds
probability of topic_ResearchProject_45 is 0.499619

clique number: 2
unobserved tuple number: 1
pgibbs sample time: 5.5e-05 seconds
probability of topic_Person_96 is 0.557225

clique number: 2
unobserved tuple number: 1
pgibbs sample time: 5.4e-05 seconds
probability of topic_Course_73 is 0.419524

clique number: 8
unobserved tuple number: 3
pgibbs sample time: 0.000405 seconds
probability of topic_Person_51 is 0.485804

clique number: 8
unobserved tuple number: 3
pgibbs sample time: 0.000403 seconds
probability of topic_Person_113 is 0.324542

clique number: 2
unobserved tuple number: 1
pgibbs sample time: 5.5e-05 seconds
probability of topic_Faculty_97 is 0.483098

clique number: 2
unobserved tuple number: 1
pgibbs sample time: 5.6e-05 seconds
probability of topic_Department_6 is 0.480109

clique number: 2
unobserved tuple number: 1
pgibbs sample time: 5.5e-05 seconds
probability of topic_Department_91 is 0.42341

clique number: 5
unobserved tuple number: 2
pgibbs sample time: 0.000222 seconds
probability of topic_Student_78 is 0.689378

clique number: 2
unobserved tuple number: 1
pgibbs sample time: 5.5e-05 seconds
probability of topic_Person_65 is 0.524409

clique number: 2
unobserved tuple number: 1
pgibbs sample time: 5.5e-05 seconds
probability of topic_Staff_3 is 0.465986

clique number: 5
unobserved tuple number: 2
pgibbs sample time: 0.000217 seconds
probability of topic_Course_128 is 0.50823

clique number: 13
unobserved tuple number: 4
pgibbs sample time: 0.00062 seconds
probability of topic_Staff_43 is 0.358358

clique number: 2
unobserved tuple number: 1
pgibbs sample time: 5.6e-05 seconds
probability of topic_Department_65 is 0.409874

clique number: 5
unobserved tuple number: 2
pgibbs sample time: 0.000217 seconds
probability of topic_Department_78 is 0.627352

clique number: 13
unobserved tuple number: 4
pgibbs sample time: 0.000621 seconds
probability of topic_Staff_88 is 0.406416

clique number: 5
unobserved tuple number: 2
pgibbs sample time: 0.00022 seconds
probability of topic_Faculty_35 is 0.601582

clique number: 13
unobserved tuple number: 4
pgibbs sample time: 0.00062 seconds
probability of topic_Staff_68 is 0.450738

clique number: 2
unobserved tuple number: 1
pgibbs sample time: 5.4e-05 seconds
probability of topic_Course_80 is 0.486579

clique number: 2
unobserved tuple number: 1
pgibbs sample time: 5.6e-05 seconds
probability of topic_Department_57 is 0.498504

clique number: 5
unobserved tuple number: 2
pgibbs sample time: 0.000213 seconds
probability of topic_Course_35 is 0.621655

clique number: 2
unobserved tuple number: 1
pgibbs sample time: 7.3e-05 seconds
probability of topic_Staff_62 is 0.389253

clique number: 2
unobserved tuple number: 1
pgibbs sample time: 5.5e-05 seconds
probability of topic_Course_75 is 0.539472

clique number: 2
unobserved tuple number: 1
pgibbs sample time: 5.5e-05 seconds
probability of topic_Staff_75 is 0.353688

clique number: 3
unobserved tuple number: 1
pgibbs sample time: 7.7e-05 seconds
probability of topic_Course_83 is 0.673088

clique number: 8
unobserved tuple number: 3
pgibbs sample time: 0.000413 seconds
probability of topic_ResearchProject_20 is 0.428885

clique number: 2
unobserved tuple number: 1
pgibbs sample time: 5.5e-05 seconds
probability of topic_Staff_86 is 0.403287

clique number: 2
unobserved tuple number: 1
pgibbs sample time: 5.6e-05 seconds
probability of topic_ResearchProject_38 is 0.541454

clique number: 6
unobserved tuple number: 2
pgibbs sample time: 0.000312 seconds
probability of topic_Staff_71 is 0.418328

clique number: 2
unobserved tuple number: 1
pgibbs sample time: 5.8e-05 seconds
probability of topic_Faculty_10 is 0.489816

clique number: 2
unobserved tuple number: 1
pgibbs sample time: 5.6e-05 seconds
probability of topic_Student_53 is 0.493937

clique number: 2
unobserved tuple number: 1
pgibbs sample time: 5.3e-05 seconds
probability of topic_Person_28 is 0.498179

clique number: 2
unobserved tuple number: 1
pgibbs sample time: 5.5e-05 seconds
probability of topic_ResearchProject_60 is 0.490687

clique number: 2
unobserved tuple number: 1
pgibbs sample time: 5.4e-05 seconds
probability of topic_Person_50 is 0.585637

clique number: 2
unobserved tuple number: 1
pgibbs sample time: 5.3e-05 seconds
probability of topic_Faculty_7 is 0.419826

clique number: 2
unobserved tuple number: 1
pgibbs sample time: 5.4e-05 seconds
probability of topic_Staff_6 is 0.447858

clique number: 2
unobserved tuple number: 1
pgibbs sample time: 5.6e-05 seconds
probability of topic_Student_72 is 0.675257

clique number: 2
unobserved tuple number: 1
pgibbs sample time: 5.6e-05 seconds
probability of topic_Faculty_76 is 0.485938

clique number: 2
unobserved tuple number: 1
pgibbs sample time: 5.8e-05 seconds
probability of topic_ResearchProject_99 is 0.47182

clique number: 5
unobserved tuple number: 2
pgibbs sample time: 0.000219 seconds
probability of topic_Faculty_85 is 0.420843

clique number: 2
unobserved tuple number: 1
pgibbs sample time: 5.7e-05 seconds
probability of topic_Department_4 is 0.48277

clique number: 2
unobserved tuple number: 1
pgibbs sample time: 5.3e-05 seconds
probability of topic_Course_25 is 0.47654

clique number: 2
unobserved tuple number: 1
pgibbs sample time: 5.5e-05 seconds
probability of topic_Person_75 is 0.637727

clique number: 5
unobserved tuple number: 2
pgibbs sample time: 0.000214 seconds
probability of topic_Person_19 is 0.383952

clique number: 2
unobserved tuple number: 1
pgibbs sample time: 5.5e-05 seconds
probability of topic_Staff_5 is 0.423377

clique number: 6
unobserved tuple number: 2
pgibbs sample time: 0.000259 seconds
probability of topic_ResearchProject_26 is 0.560254

clique number: 2
unobserved tuple number: 1
pgibbs sample time: 5.5e-05 seconds
probability of topic_Staff_87 is 0.467612

clique number: 2
unobserved tuple number: 1
pgibbs sample time: 5.4e-05 seconds
probability of topic_Staff_76 is 0.639653

clique number: 2
unobserved tuple number: 1
pgibbs sample time: 5.7e-05 seconds
probability of topic_Student_70 is 0.458271

clique number: 13
unobserved tuple number: 4
pgibbs sample time: 0.000637 seconds
probability of topic_ResearchProject_88 is 0.490084

clique number: 2
unobserved tuple number: 1
pgibbs sample time: 5.8e-05 seconds
probability of topic_Faculty_72 is 0.44287

clique number: 2
unobserved tuple number: 1
pgibbs sample time: 5.6e-05 seconds
probability of topic_Department_95 is 0.467383

clique number: 2
unobserved tuple number: 1
pgibbs sample time: 5.6e-05 seconds
probability of topic_Department_56 is 0.601492

clique number: 2
unobserved tuple number: 1
pgibbs sample time: 5.6e-05 seconds
probability of topic_Student_74 is 0.487579

clique number: 2
unobserved tuple number: 1
pgibbs sample time: 5.4e-05 seconds
probability of topic_Person_80 is 0.422215

clique number: 2
unobserved tuple number: 1
pgibbs sample time: 5.7e-05 seconds
probability of topic_Department_62 is 0.482103

clique number: 5
unobserved tuple number: 2
pgibbs sample time: 0.000221 seconds
probability of topic_ResearchProject_33 is 0.287368

clique number: 13
unobserved tuple number: 4
pgibbs sample time: 0.000603 seconds
probability of topic_Person_88 is 0.500326

clique number: 2
unobserved tuple number: 1
pgibbs sample time: 5.4e-05 seconds
probability of topic_Course_2 is 0.464953

clique number: 2
unobserved tuple number: 1
pgibbs sample time: 6.2e-05 seconds
probability of topic_Student_45 is 0.495991

clique number: 2
unobserved tuple number: 1
pgibbs sample time: 5.7e-05 seconds
probability of topic_ResearchProject_57 is 0.489022

clique number: 2
unobserved tuple number: 1
pgibbs sample time: 5.5e-05 seconds
probability of topic_Person_29 is 0.615632

clique number: 2
unobserved tuple number: 1
pgibbs sample time: 5.5e-05 seconds
probability of topic_Student_37 is 0.511284

clique number: 3
unobserved tuple number: 1
pgibbs sample time: 7.5e-05 seconds
probability of topic_ResearchProject_83 is 0.435929

clique number: 5
unobserved tuple number: 2
pgibbs sample time: 0.000207 seconds
probability of topic_Person_90 is 0.521969

clique number: 2
unobserved tuple number: 1
pgibbs sample time: 5.7e-05 seconds
probability of topic_Student_81 is 0.487579

clique number: 2
unobserved tuple number: 1
pgibbs sample time: 5.6e-05 seconds
probability of topic_ResearchProject_79 is 0.450673

clique number: 6
unobserved tuple number: 2
pgibbs sample time: 0.000309 seconds
probability of topic_Staff_59 is 0.4983

clique number: 6
unobserved tuple number: 2
pgibbs sample time: 0.000307 seconds
probability of topic_Staff_46 is 0.433162

clique number: 2
unobserved tuple number: 1
pgibbs sample time: 5.8e-05 seconds
probability of topic_Student_60 is 0.526876

clique number: 2
unobserved tuple number: 1
pgibbs sample time: 5.6e-05 seconds
probability of topic_Person_45 is 0.488394

clique number: 6
unobserved tuple number: 2
pgibbs sample time: 0.000314 seconds
probability of topic_Course_93 is 0.443632

clique number: 2
unobserved tuple number: 1
pgibbs sample time: 5.6e-05 seconds
probability of topic_ResearchProject_56 is 0.543606

clique number: 2
unobserved tuple number: 1
pgibbs sample time: 5.6e-05 seconds
probability of topic_Faculty_32 is 0.406926

clique number: 2
unobserved tuple number: 1
pgibbs sample time: 5.5e-05 seconds
probability of topic_Staff_81 is 0.432401

clique number: 2
unobserved tuple number: 1
pgibbs sample time: 5.4e-05 seconds
probability of topic_Student_6 is 0.493937

clique number: 13
unobserved tuple number: 4
pgibbs sample time: 0.00065 seconds
probability of topic_Student_88 is 0.517492

clique number: 8
unobserved tuple number: 3
pgibbs sample time: 0.000409 seconds
probability of topic_ResearchProject_51 is 0.43025

clique number: 8
unobserved tuple number: 3
pgibbs sample time: 0.000412 seconds
probability of topic_ResearchProject_113 is 0.630818

clique number: 3
unobserved tuple number: 1
pgibbs sample time: 7.3e-05 seconds
probability of topic_Department_31 is 0.462165

clique number: 3
unobserved tuple number: 1
pgibbs sample time: 6.9e-05 seconds
probability of topic_Staff_49 is 0.455196

clique number: 2
unobserved tuple number: 1
pgibbs sample time: 5.6e-05 seconds
probability of topic_ResearchProject_65 is 0.529164

clique number: 2
unobserved tuple number: 1
pgibbs sample time: 5.5e-05 seconds
probability of topic_ResearchProject_25 is 0.462699

clique number: 2
unobserved tuple number: 1
pgibbs sample time: 5.5e-05 seconds
probability of topic_Faculty_11 is 0.312406

clique number: 6
unobserved tuple number: 2
pgibbs sample time: 0.00033 seconds
probability of topic_Department_59 is 0.53218

clique number: 5
unobserved tuple number: 2
pgibbs sample time: 0.000212 seconds
probability of topic_Staff_61 is 0.502656

clique number: 2
unobserved tuple number: 1
pgibbs sample time: 5.7e-05 seconds
probability of topic_ResearchProject_96 is 0.368362

clique number: 2
unobserved tuple number: 1
pgibbs sample time: 5.6e-05 seconds
probability of topic_ResearchProject_42 is 0.510441

clique number: 2
unobserved tuple number: 1
pgibbs sample time: 5.5e-05 seconds
probability of topic_Staff_64 is 0.503992

clique number: 13
unobserved tuple number: 4
pgibbs sample time: 0.000604 seconds
probability of topic_Course_68 is 0.439202

clique number: 2
unobserved tuple number: 1
pgibbs sample time: 5.5e-05 seconds
probability of topic_Staff_4 is 0.46839

clique number: 2
unobserved tuple number: 1
pgibbs sample time: 5.5e-05 seconds
probability of topic_Course_15 is 0.43891

clique number: 2
unobserved tuple number: 1
pgibbs sample time: 5.4e-05 seconds
probability of topic_Faculty_6 is 0.419826

clique number: 2
unobserved tuple number: 1
pgibbs sample time: 5.6e-05 seconds
probability of topic_Department_75 is 0.793067

clique number: 2
unobserved tuple number: 1
pgibbs sample time: 5.5e-05 seconds
probability of topic_Faculty_48 is 0.417515

clique number: 2
unobserved tuple number: 1
pgibbs sample time: 5.5e-05 seconds
probability of topic_ResearchProject_58 is 0.462699

clique number: 2
unobserved tuple number: 1
pgibbs sample time: 5.3e-05 seconds
probability of topic_Staff_1 is 0.521778

clique number: 2
unobserved tuple number: 1
pgibbs sample time: 5.4e-05 seconds
probability of topic_Staff_31 is 0.459285

clique number: 2
unobserved tuple number: 1
pgibbs sample time: 5.6e-05 seconds
probability of topic_Department_14 is 0.412026

clique number: 2
unobserved tuple number: 1
pgibbs sample time: 5.3e-05 seconds
probability of topic_Person_69 is 0.486143

clique number: 2
unobserved tuple number: 1
pgibbs sample time: 5.5e-05 seconds
probability of topic_Staff_17 is 0.455511

clique number: 2
unobserved tuple number: 1
pgibbs sample time: 5.6e-05 seconds
probability of topic_Department_45 is 0.498531

clique number: 6
unobserved tuple number: 2
pgibbs sample time: 0.000257 seconds
probability of topic_Department_26 is 0.610064

clique number: 6
unobserved tuple number: 2
pgibbs sample time: 0.00025 seconds
probability of topic_Student_89 is 0.383534

clique number: 8
unobserved tuple number: 3
pgibbs sample time: 0.000397 seconds
probability of topic_Course_113 is 0.424396

clique number: 2
unobserved tuple number: 1
pgibbs sample time: 5.5e-05 seconds
probability of topic_Staff_53 is 0.447858

clique number: 6
unobserved tuple number: 2
pgibbs sample time: 0.000254 seconds
probability of topic_Faculty_26 is 0.595209

clique number: 5
unobserved tuple number: 2
pgibbs sample time: 0.000216 seconds
probability of topic_Department_90 is 0.620886

clique number: 2
unobserved tuple number: 1
pgibbs sample time: 5.7e-05 seconds
probability of topic_ResearchProject_84 is 0.439408

clique number: 2
unobserved tuple number: 1
pgibbs sample time: 7.7e-05 seconds
probability of topic_Department_52 is 0.452421

clique number: 13
unobserved tuple number: 4
pgibbs sample time: 0.000639 seconds
probability of topic_ResearchProject_40 is 0.403831

