clique number: 2
unobserved tuple number: 1
pgibbs sample time: 9.1e-05 seconds
probability of topic_Course_3 is 0.490213

clique number: 10
unobserved tuple number: 3
pgibbs sample time: 0.001235 seconds
probability of topic_ResearchProject_49 is 0.213259

clique number: 5
unobserved tuple number: 2
pgibbs sample time: 0.000523 seconds
probability of topic_Student_177 is 0.474684

clique number: 5
unobserved tuple number: 2
pgibbs sample time: 0.000519 seconds
probability of topic_Student_41 is 0.765482

clique number: 2
unobserved tuple number: 1
pgibbs sample time: 0.000123 seconds
probability of topic_Student_16 is 0.493937

clique number: 8
unobserved tuple number: 3
pgibbs sample time: 0.000996 seconds
probability of topic_Course_154 is 0.475382

clique number: 8
unobserved tuple number: 3
pgibbs sample time: 0.000933 seconds
probability of topic_Course_65 is 0.491188

clique number: 2
unobserved tuple number: 1
pgibbs sample time: 0.000111 seconds
probability of topic_Student_5 is 0.486212

clique number: 2
unobserved tuple number: 1
pgibbs sample time: 0.000108 seconds
probability of topic_Department_96 is 0.395175

clique number: 2
unobserved tuple number: 1
pgibbs sample time: 0.000107 seconds
probability of topic_Department_98 is 0.63036

clique number: 2
unobserved tuple number: 1
pgibbs sample time: 0.000102 seconds
probability of topic_ResearchProject_95 is 0.452445

clique number: 41
unobserved tuple number: 13
pgibbs sample time: 0.004217 seconds
probability of topic_Person_10 is 0.489832

clique number: 2
unobserved tuple number: 1
pgibbs sample time: 9.6e-05 seconds
probability of topic_Staff_23 is 0.464129

clique number: 5
unobserved tuple number: 2
pgibbs sample time: 0.000324 seconds
probability of topic_Student_119 is 0.527335

clique number: 12
unobserved tuple number: 4
pgibbs sample time: 0.001063 seconds
probability of topic_Student_221 is 0.545218

clique number: 2
unobserved tuple number: 1
pgibbs sample time: 8e-05 seconds
probability of topic_ResearchProject_23 is 0.46694

clique number: 5
unobserved tuple number: 2
pgibbs sample time: 0.000325 seconds
probability of topic_Person_177 is 0.448847

clique number: 2
unobserved tuple number: 1
pgibbs sample time: 8.2e-05 seconds
probability of topic_Person_37 is 0.463107

clique number: 7
unobserved tuple number: 2
pgibbs sample time: 0.000418 seconds
probability of topic_ResearchProject_47 is 0.395945

clique number: 2
unobserved tuple number: 1
pgibbs sample time: 8.1e-05 seconds
probability of topic_Department_32 is 0.376874

clique number: 9
unobserved tuple number: 3
pgibbs sample time: 0.000676 seconds
probability of topic_Department_94 is 0.479086

clique number: 2
unobserved tuple number: 1
pgibbs sample time: 7.7e-05 seconds
probability of topic_ResearchProject_5 is 0.423904

clique number: 8
unobserved tuple number: 3
pgibbs sample time: 0.000606 seconds
probability of topic_Staff_108 is 0.419488

clique number: 3
unobserved tuple number: 1
pgibbs sample time: 7.2e-05 seconds
probability of topic_Student_84 is 0.550452

clique number: 10
unobserved tuple number: 3
pgibbs sample time: 0.000468 seconds
probability of topic_ResearchProject_30 is 0.510818

clique number: 12
unobserved tuple number: 4
pgibbs sample time: 0.000722 seconds
probability of topic_Student_102 is 0.377235

clique number: 3
unobserved tuple number: 1
pgibbs sample time: 7.3e-05 seconds
probability of topic_Faculty_79 is 0.531159

clique number: 2
unobserved tuple number: 1
pgibbs sample time: 5.4e-05 seconds
probability of topic_Person_85 is 0.699056

clique number: 2
unobserved tuple number: 1
pgibbs sample time: 5.7e-05 seconds
probability of topic_ResearchProject_92 is 0.484864

clique number: 2
unobserved tuple number: 1
pgibbs sample time: 5.5e-05 seconds
probability of topic_Person_74 is 0.486143

clique number: 6
unobserved tuple number: 2
pgibbs sample time: 0.000254 seconds
probability of topic_Faculty_146 is 0.523442

clique number: 6
unobserved tuple number: 2
pgibbs sample time: 0.000252 seconds
probability of topic_Faculty_47 is 0.637346

clique number: 2
unobserved tuple number: 1
pgibbs sample time: 5.6e-05 seconds
probability of topic_Staff_67 is 0.482886

clique number: 2
unobserved tuple number: 1
pgibbs sample time: 5.4e-05 seconds
probability of topic_Person_62 is 0.482416

clique number: 2
unobserved tuple number: 1
pgibbs sample time: 5.7e-05 seconds
probability of topic_Faculty_67 is 0.47323

clique number: 5
unobserved tuple number: 2
pgibbs sample time: 0.000223 seconds
probability of topic_Department_22 is 0.728317

clique number: 3
unobserved tuple number: 1
pgibbs sample time: 7.2e-05 seconds
probability of topic_Faculty_73 is 0.362342

clique number: 3
unobserved tuple number: 1
pgibbs sample time: 7e-05 seconds
probability of topic_Staff_38 is 0.451773

clique number: 9
unobserved tuple number: 3
pgibbs sample time: 0.000473 seconds
probability of topic_Person_94 is 0.487774

clique number: 2
unobserved tuple number: 1
pgibbs sample time: 5.6e-05 seconds
probability of topic_Student_95 is 0.372561

clique number: 12
unobserved tuple number: 4
pgibbs sample time: 0.000712 seconds
probability of topic_Staff_18 is 0.410914

clique number: 2
unobserved tuple number: 1
pgibbs sample time: 5.6e-05 seconds
probability of topic_Staff_24 is 0.637281

clique number: 2
unobserved tuple number: 1
pgibbs sample time: 5.5e-05 seconds
probability of topic_Course_37 is 0.498392

clique number: 16
unobserved tuple number: 4
pgibbs sample time: 0.000732 seconds
probability of topic_Faculty_43 is 0.360391

clique number: 2
unobserved tuple number: 1
pgibbs sample time: 5.4e-05 seconds
probability of topic_Staff_96 is 0.426056

clique number: 2
unobserved tuple number: 1
pgibbs sample time: 5.6e-05 seconds
probability of topic_Department_67 is 0.459988

clique number: 2
unobserved tuple number: 1
pgibbs sample time: 5.5e-05 seconds
probability of topic_Faculty_28 is 0.419826

clique number: 3
unobserved tuple number: 1
pgibbs sample time: 7e-05 seconds
probability of topic_Course_58 is 0.516072

clique number: 12
unobserved tuple number: 4
pgibbs sample time: 0.000823 seconds
probability of topic_Student_18 is 0.475696

clique number: 6
unobserved tuple number: 2
pgibbs sample time: 0.000326 seconds
probability of topic_Department_107 is 0.482075

clique number: 6
unobserved tuple number: 2
pgibbs sample time: 0.000325 seconds
probability of topic_Faculty_93 is 0.433334

clique number: 2
unobserved tuple number: 1
pgibbs sample time: 7.9e-05 seconds
probability of topic_Department_54 is 0.498189

clique number: 7
unobserved tuple number: 2
pgibbs sample time: 0.000282 seconds
probability of topic_ResearchProject_146 is 0.560033

clique number: 2
unobserved tuple number: 1
pgibbs sample time: 5.5e-05 seconds
probability of topic_Faculty_56 is 0.571956

clique number: 2
unobserved tuple number: 1
pgibbs sample time: 5.5e-05 seconds
probability of topic_Course_4 is 0.475249

clique number: 6
unobserved tuple number: 2
pgibbs sample time: 0.000287 seconds
probability of topic_Staff_85 is 0.361537

clique number: 2
unobserved tuple number: 1
pgibbs sample time: 5.7e-05 seconds
probability of topic_Faculty_13 is 0.546112

clique number: 2
unobserved tuple number: 1
pgibbs sample time: 5.4e-05 seconds
probability of topic_Person_24 is 0.488201

clique number: 9
unobserved tuple number: 3
pgibbs sample time: 0.000487 seconds
probability of topic_Student_154 is 0.449121

clique number: 2
unobserved tuple number: 1
pgibbs sample time: 5.4e-05 seconds
probability of topic_Student_2 is 0.425061

clique number: 2
unobserved tuple number: 1
pgibbs sample time: 5.3e-05 seconds
probability of topic_Course_86 is 0.403024

clique number: 2
unobserved tuple number: 1
pgibbs sample time: 6e-05 seconds
probability of topic_ResearchProject_91 is 0.441232

clique number: 2
unobserved tuple number: 1
pgibbs sample time: 5.6e-05 seconds
probability of topic_ResearchProject_37 is 0.493629

clique number: 6
unobserved tuple number: 2
pgibbs sample time: 0.000356 seconds
probability of topic_Department_71 is 0.435149

clique number: 2
unobserved tuple number: 1
pgibbs sample time: 5.6e-05 seconds
probability of topic_Department_13 is 0.428502

clique number: 6
unobserved tuple number: 2
pgibbs sample time: 0.000321 seconds
probability of topic_Department_93 is 0.400543

clique number: 2
unobserved tuple number: 1
pgibbs sample time: 5.6e-05 seconds
probability of topic_Course_77 is 0.499328

clique number: 2
unobserved tuple number: 1
pgibbs sample time: 5.6e-05 seconds
probability of topic_ResearchProject_62 is 0.470989

clique number: 2
unobserved tuple number: 1
pgibbs sample time: 5.5e-05 seconds
probability of topic_ResearchProject_77 is 0.508503

clique number: 3
unobserved tuple number: 1
pgibbs sample time: 7e-05 seconds
probability of topic_Department_82 is 0.48087

clique number: 2
unobserved tuple number: 1
pgibbs sample time: 5.4e-05 seconds
probability of topic_Student_98 is 0.712049

clique number: 10
unobserved tuple number: 3
pgibbs sample time: 0.000499 seconds
probability of topic_Course_49 is 0.456292

clique number: 6
unobserved tuple number: 2
pgibbs sample time: 0.000247 seconds
probability of topic_Student_124 is 0.517422

clique number: 2
unobserved tuple number: 1
pgibbs sample time: 5.7e-05 seconds
probability of topic_Department_28 is 0.480109

clique number: 16
unobserved tuple number: 4
pgibbs sample time: 0.000696 seconds
probability of topic_Person_43 is 0.229527

clique number: 2
unobserved tuple number: 1
pgibbs sample time: 5.8e-05 seconds
probability of topic_Department_25 is 0.649423

clique number: 4
unobserved tuple number: 1
pgibbs sample time: 8.8e-05 seconds
probability of topic_ResearchProject_9 is 0.340708

clique number: 39
unobserved tuple number: 12
pgibbs sample time: 0.002694 seconds
probability of topic_Student_75 is 0.737954

clique number: 2
unobserved tuple number: 1
pgibbs sample time: 5.8e-05 seconds
probability of topic_Faculty_98 is 0.505241

clique number: 3
unobserved tuple number: 1
pgibbs sample time: 7.3e-05 seconds
probability of topic_Staff_11 is 0.223495

clique number: 3
unobserved tuple number: 1
pgibbs sample time: 7e-05 seconds
probability of topic_ResearchProject_85 is 0.29128

clique number: 2
unobserved tuple number: 1
pgibbs sample time: 5.7e-05 seconds
probability of topic_Course_48 is 0.519589

clique number: 2
unobserved tuple number: 1
pgibbs sample time: 5.5e-05 seconds
probability of topic_ResearchProject_81 is 0.435576

clique number: 2
unobserved tuple number: 1
pgibbs sample time: 5.4e-05 seconds
probability of topic_Course_29 is 0.487672

clique number: 2
unobserved tuple number: 1
pgibbs sample time: 5.6e-05 seconds
probability of topic_Department_80 is 0.491353

clique number: 2
unobserved tuple number: 1
pgibbs sample time: 5.5e-05 seconds
probability of topic_Person_99 is 0.626929

clique number: 2
unobserved tuple number: 1
pgibbs sample time: 5.2e-05 seconds
probability of topic_Person_97 is 0.406991

clique number: 3
unobserved tuple number: 1
pgibbs sample time: 7e-05 seconds
probability of topic_Person_73 is 0.395858

clique number: 2
unobserved tuple number: 1
pgibbs sample time: 5.7e-05 seconds
probability of topic_Department_97 is 0.336359

clique number: 2
unobserved tuple number: 1
pgibbs sample time: 5.3e-05 seconds
probability of topic_Person_92 is 0.476547

clique number: 40
unobserved tuple number: 13
pgibbs sample time: 0.00263 seconds
probability of topic_Department_113 is 0.280511

clique number: 40
unobserved tuple number: 13
pgibbs sample time: 0.002665 seconds
probability of topic_Department_51 is 0.601116

clique number: 2
unobserved tuple number: 1
pgibbs sample time: 5.5e-05 seconds
probability of topic_Student_4 is 0.534022

clique number: 39
unobserved tuple number: 12
pgibbs sample time: 0.002492 seconds
probability of topic_Student_113 is 0.548975

clique number: 2
unobserved tuple number: 1
pgibbs sample time: 5.7e-05 seconds
probability of topic_Department_63 is 0.649423

clique number: 2
unobserved tuple number: 1
pgibbs sample time: 5.9e-05 seconds
probability of topic_Faculty_77 is 0.465007

clique number: 2
unobserved tuple number: 1
pgibbs sample time: 5.6e-05 seconds
probability of topic_ResearchProject_24 is 0.602294

clique number: 2
unobserved tuple number: 1
pgibbs sample time: 5.6e-05 seconds
probability of topic_Department_8 is 0.477736

clique number: 8
unobserved tuple number: 3
pgibbs sample time: 0.000435 seconds
probability of topic_Staff_94 is 0.504495

clique number: 2
unobserved tuple number: 1
pgibbs sample time: 5.5e-05 seconds
probability of topic_Course_36 is 0.687328

clique number: 2
unobserved tuple number: 1
pgibbs sample time: 5.6e-05 seconds
probability of topic_Student_76 is 0.578996

clique number: 5
unobserved tuple number: 2
pgibbs sample time: 0.000222 seconds
probability of topic_Department_41 is 0.412562

clique number: 2
unobserved tuple number: 1
pgibbs sample time: 5.6e-05 seconds
probability of topic_ResearchProject_6 is 0.442936

clique number: 2
unobserved tuple number: 1
pgibbs sample time: 5.4e-05 seconds
probability of topic_Person_91 is 0.45713

clique number: 39
unobserved tuple number: 12
pgibbs sample time: 0.002497 seconds
probability of topic_Student_50 is 0.588992

clique number: 6
unobserved tuple number: 2
pgibbs sample time: 0.00025 seconds
probability of topic_Department_124 is 0.515679

clique number: 10
unobserved tuple number: 3
pgibbs sample time: 0.000471 seconds
probability of topic_ResearchProject_168 is 0.633004

clique number: 4
unobserved tuple number: 1
pgibbs sample time: 8.6e-05 seconds
probability of topic_Student_82 is 0.502841

clique number: 9
unobserved tuple number: 3
pgibbs sample time: 0.000472 seconds
probability of topic_Person_108 is 0.472531

clique number: 2
unobserved tuple number: 1
pgibbs sample time: 5.6e-05 seconds
probability of topic_Person_54 is 0.374065

clique number: 10
unobserved tuple number: 3
pgibbs sample time: 0.000491 seconds
probability of topic_Department_49 is 0.480831

clique number: 2
unobserved tuple number: 1
pgibbs sample time: 5.5e-05 seconds
probability of topic_Staff_56 is 0.505232

clique number: 4
unobserved tuple number: 1
pgibbs sample time: 8.7e-05 seconds
probability of topic_Department_79 is 0.362883

clique number: 39
unobserved tuple number: 12
pgibbs sample time: 0.002507 seconds
probability of topic_Student_55 is 0.45832

clique number: 2
unobserved tuple number: 1
pgibbs sample time: 5.7e-05 seconds
probability of topic_Course_81 is 0.419524

clique number: 5
unobserved tuple number: 2
pgibbs sample time: 0.000217 seconds
probability of topic_Course_119 is 0.51303

clique number: 5
unobserved tuple number: 2
pgibbs sample time: 0.000217 seconds
probability of topic_Course_34 is 0.475569

clique number: 9
unobserved tuple number: 3
pgibbs sample time: 0.000487 seconds
probability of topic_Student_65 is 0.52996

clique number: 40
unobserved tuple number: 13
pgibbs sample time: 0.002626 seconds
probability of topic_Department_159 is 0.439444

clique number: 2
unobserved tuple number: 1
pgibbs sample time: 6.4e-05 seconds
probability of topic_ResearchProject_97 is 0.397012

clique number: 2
unobserved tuple number: 1
pgibbs sample time: 6.1e-05 seconds
probability of topic_Course_95 is 0.475394

clique number: 2
unobserved tuple number: 1
pgibbs sample time: 5.5e-05 seconds
probability of topic_Staff_97 is 0.462623

clique number: 2
unobserved tuple number: 1
pgibbs sample time: 5.5e-05 seconds
probability of topic_Student_13 is 0.540469

clique number: 2
unobserved tuple number: 1
pgibbs sample time: 5.5e-05 seconds
probability of topic_Faculty_23 is 0.478687

clique number: 16
unobserved tuple number: 4
pgibbs sample time: 0.000739 seconds
probability of topic_ResearchProject_43 is 0.402611

clique number: 8
unobserved tuple number: 3
pgibbs sample time: 0.000421 seconds
probability of topic_Person_33 is 0.677147

clique number: 6
unobserved tuple number: 2
pgibbs sample time: 0.000376 seconds
probability of topic_Faculty_71 is 0.435852

clique number: 2
unobserved tuple number: 1
pgibbs sample time: 5.7e-05 seconds
probability of topic_Student_29 is 0.538624

clique number: 2
unobserved tuple number: 1
pgibbs sample time: 5.4e-05 seconds
probability of topic_Course_23 is 0.497804

clique number: 2
unobserved tuple number: 1
pgibbs sample time: 5.6e-05 seconds
probability of topic_Staff_13 is 0.457572

clique number: 2
unobserved tuple number: 1
pgibbs sample time: 5.6e-05 seconds
probability of topic_Department_36 is 0.371091

clique number: 12
unobserved tuple number: 4
pgibbs sample time: 0.000727 seconds
probability of topic_ResearchProject_18 is 0.410722

clique number: 2
unobserved tuple number: 1
pgibbs sample time: 5.6e-05 seconds
probability of topic_Course_5 is 0.415922

clique number: 2
unobserved tuple number: 1
pgibbs sample time: 5.6e-05 seconds
probability of topic_Student_63 is 0.524583

clique number: 6
unobserved tuple number: 2
pgibbs sample time: 0.000244 seconds
probability of topic_Staff_128 is 0.599857

clique number: 3
unobserved tuple number: 1
pgibbs sample time: 7.3e-05 seconds
probability of topic_ResearchProject_3 is 0.347486

clique number: 2
unobserved tuple number: 1
pgibbs sample time: 5.5e-05 seconds
probability of topic_Faculty_60 is 0.432194

clique number: 2
unobserved tuple number: 1
pgibbs sample time: 5.5e-05 seconds
probability of topic_Faculty_57 is 0.490698

clique number: 3
unobserved tuple number: 1
pgibbs sample time: 7e-05 seconds
probability of topic_Department_58 is 0.876534

clique number: 2
unobserved tuple number: 1
pgibbs sample time: 5.8e-05 seconds
probability of topic_Staff_70 is 0.497347

clique number: 3
unobserved tuple number: 1
pgibbs sample time: 7.1e-05 seconds
probability of topic_Person_3 is 0.452624

clique number: 12
unobserved tuple number: 4
pgibbs sample time: 0.000837 seconds
probability of topic_Staff_102 is 0.459073

clique number: 12
unobserved tuple number: 4
pgibbs sample time: 0.00071 seconds
probability of topic_Staff_20 is 0.45012

clique number: 3
unobserved tuple number: 1
pgibbs sample time: 7.2e-05 seconds
probability of topic_ResearchProject_31 is 0.498826

clique number: 6
unobserved tuple number: 2
pgibbs sample time: 0.000251 seconds
probability of topic_Department_44 is 0.359779

clique number: 10
unobserved tuple number: 3
pgibbs sample time: 0.00047 seconds
probability of topic_Department_168 is 0.66138

clique number: 5
unobserved tuple number: 2
pgibbs sample time: 0.000218 seconds
probability of topic_Faculty_44 is 0.467003

clique number: 40
unobserved tuple number: 13
pgibbs sample time: 0.00263 seconds
probability of topic_Department_50 is 0.458327

clique number: 3
unobserved tuple number: 1
pgibbs sample time: 7.2e-05 seconds
probability of topic_Staff_73 is 0.456252

clique number: 12
unobserved tuple number: 4
pgibbs sample time: 0.00074 seconds
probability of topic_Department_102 is 0.404502

clique number: 2
unobserved tuple number: 1
pgibbs sample time: 5.5e-05 seconds
probability of topic_Staff_25 is 0.576178

clique number: 2
unobserved tuple number: 1
pgibbs sample time: 5.6e-05 seconds
probability of topic_ResearchProject_2 is 0.437523

clique number: 12
unobserved tuple number: 4
pgibbs sample time: 0.000734 seconds
probability of topic_Department_18 is 0.469999

clique number: 2
unobserved tuple number: 1
pgibbs sample time: 5.6e-05 seconds
probability of topic_ResearchProject_64 is 0.470243

clique number: 2
unobserved tuple number: 1
pgibbs sample time: 5.4e-05 seconds
probability of topic_Person_66 is 0.486242

clique number: 3
unobserved tuple number: 1
pgibbs sample time: 7e-05 seconds
probability of topic_Course_38 is 0.360247

clique number: 2
unobserved tuple number: 1
pgibbs sample time: 5.6e-05 seconds
probability of topic_Faculty_53 is 0.419826

clique number: 7
unobserved tuple number: 2
pgibbs sample time: 0.000277 seconds
probability of topic_ResearchProject_78 is 0.328131

clique number: 3
unobserved tuple number: 1
pgibbs sample time: 7e-05 seconds
probability of topic_Staff_44 is 0.447579

clique number: 9
unobserved tuple number: 3
pgibbs sample time: 0.000457 seconds
probability of topic_Staff_12 is 0.505771

clique number: 9
unobserved tuple number: 3
pgibbs sample time: 0.000425 seconds
probability of topic_Staff_47 is 0.366451

clique number: 3
unobserved tuple number: 1
pgibbs sample time: 7.2e-05 seconds
probability of topic_Student_38 is 0.305672

clique number: 3
unobserved tuple number: 1
pgibbs sample time: 7.1e-05 seconds
probability of topic_Person_86 is 0.49549

clique number: 2
unobserved tuple number: 1
pgibbs sample time: 5.6e-05 seconds
probability of topic_Student_66 is 0.48777

clique number: 2
unobserved tuple number: 1
pgibbs sample time: 5.5e-05 seconds
probability of topic_Faculty_70 is 0.423657

clique number: 2
unobserved tuple number: 1
pgibbs sample time: 5.3e-05 seconds
probability of topic_Staff_80 is 0.470664

clique number: 2
unobserved tuple number: 1
pgibbs sample time: 5.6e-05 seconds
probability of topic_Student_22 is 0.43523

clique number: 2
unobserved tuple number: 1
pgibbs sample time: 5.5e-05 seconds
probability of topic_Faculty_17 is 0.446163

clique number: 16
unobserved tuple number: 4
pgibbs sample time: 0.000741 seconds
probability of topic_ResearchProject_40 is 0.401475

clique number: 7
unobserved tuple number: 2
pgibbs sample time: 0.000266 seconds
probability of topic_Person_78 is 0.669647

clique number: 41
unobserved tuple number: 13
pgibbs sample time: 0.002661 seconds
probability of topic_ResearchProject_10 is 0.443528

clique number: 3
unobserved tuple number: 1
pgibbs sample time: 7.5e-05 seconds
probability of topic_ResearchProject_84 is 0.355738

clique number: 2
unobserved tuple number: 1
pgibbs sample time: 5.7e-05 seconds
probability of topic_Department_52 is 0.452421

clique number: 2
unobserved tuple number: 1
pgibbs sample time: 5.4e-05 seconds
probability of topic_Course_66 is 0.419663

clique number: 2
unobserved tuple number: 1
pgibbs sample time: 5.6e-05 seconds
probability of topic_Department_66 is 0.477106

clique number: 2
unobserved tuple number: 1
pgibbs sample time: 5.5e-05 seconds
probability of topic_Person_81 is 0.486143

clique number: 6
unobserved tuple number: 2
pgibbs sample time: 0.000326 seconds
probability of topic_Department_65 is 0.410842

clique number: 7
unobserved tuple number: 2
pgibbs sample time: 0.000276 seconds
probability of topic_Department_78 is 0.637118

clique number: 3
unobserved tuple number: 1
pgibbs sample time: 7e-05 seconds
probability of topic_Faculty_3 is 0.460446

clique number: 3
unobserved tuple number: 1
pgibbs sample time: 7.2e-05 seconds
probability of topic_Student_11 is 0.0358155

clique number: 9
unobserved tuple number: 3
pgibbs sample time: 0.000426 seconds
probability of topic_Staff_146 is 0.707119

clique number: 10
unobserved tuple number: 3
pgibbs sample time: 0.00047 seconds
probability of topic_Student_26 is 0.644028

clique number: 2
unobserved tuple number: 1
pgibbs sample time: 5.6e-05 seconds
probability of topic_Faculty_76 is 0.485938

clique number: 3
unobserved tuple number: 1
pgibbs sample time: 7.2e-05 seconds
probability of topic_ResearchProject_58 is 0.33672

clique number: 2
unobserved tuple number: 1
pgibbs sample time: 5.3e-05 seconds
probability of topic_Faculty_6 is 0.419826

clique number: 40
unobserved tuple number: 13
pgibbs sample time: 0.002638 seconds
probability of topic_Department_75 is 0.78053

clique number: 2
unobserved tuple number: 1
pgibbs sample time: 5.5e-05 seconds
probability of topic_Faculty_48 is 0.417515

clique number: 5
unobserved tuple number: 2
pgibbs sample time: 0.000222 seconds
probability of topic_Department_177 is 0.43158

clique number: 2
unobserved tuple number: 1
pgibbs sample time: 5.6e-05 seconds
probability of topic_ResearchProject_96 is 0.368362

clique number: 6
unobserved tuple number: 2
pgibbs sample time: 0.000239 seconds
probability of topic_Staff_39 is 0.697967

clique number: 8
unobserved tuple number: 3
pgibbs sample time: 0.000442 seconds
probability of topic_Course_107 is 0.420142

clique number: 3
unobserved tuple number: 1
pgibbs sample time: 7.2e-05 seconds
probability of topic_Staff_45 is 0.510283

clique number: 2
unobserved tuple number: 1
pgibbs sample time: 5.5e-05 seconds
probability of topic_ResearchProject_80 is 0.533481

clique number: 9
unobserved tuple number: 3
pgibbs sample time: 0.000479 seconds
probability of topic_Student_108 is 0.474002

clique number: 2
unobserved tuple number: 1
pgibbs sample time: 5.5e-05 seconds
probability of topic_Person_52 is 0.535638

clique number: 2
unobserved tuple number: 1
pgibbs sample time: 5.7e-05 seconds
probability of topic_Department_81 is 0.477077

clique number: 3
unobserved tuple number: 1
pgibbs sample time: 7.3e-05 seconds
probability of topic_Department_31 is 0.462165

clique number: 41
unobserved tuple number: 13
pgibbs sample time: 0.002673 seconds
probability of topic_ResearchProject_113 is 0.618391

clique number: 41
unobserved tuple number: 13
pgibbs sample time: 0.002676 seconds
probability of topic_ResearchProject_159 is 0.519045

clique number: 4
unobserved tuple number: 1
pgibbs sample time: 8.6e-05 seconds
probability of topic_Person_82 is 0.439633

clique number: 42
unobserved tuple number: 13
pgibbs sample time: 0.002618 seconds
probability of topic_Faculty_55 is 0.311456

clique number: 2
unobserved tuple number: 1
pgibbs sample time: 5.5e-05 seconds
probability of topic_Student_36 is 0.570691

clique number: 12
unobserved tuple number: 4
pgibbs sample time: 0.000731 seconds
probability of topic_ResearchProject_102 is 0.485487

clique number: 9
unobserved tuple number: 3
pgibbs sample time: 0.000442 seconds
probability of topic_Department_146 is 0.406893

clique number: 9
unobserved tuple number: 3
pgibbs sample time: 0.000441 seconds
probability of topic_Department_47 is 0.325272

clique number: 3
unobserved tuple number: 1
pgibbs sample time: 7e-05 seconds
probability of topic_Person_45 is 0.424578

clique number: 42
unobserved tuple number: 13
pgibbs sample time: 0.002698 seconds
probability of topic_Faculty_159 is 0.610802

clique number: 3
unobserved tuple number: 1
pgibbs sample time: 7.2e-05 seconds
probability of topic_ResearchProject_44 is 0.498634

clique number: 3
unobserved tuple number: 1
pgibbs sample time: 7e-05 seconds
probability of topic_Person_14 is 0.518359

clique number: 42
unobserved tuple number: 13
pgibbs sample time: 0.002685 seconds
probability of topic_Faculty_113 is 0.384993

clique number: 42
unobserved tuple number: 13
pgibbs sample time: 0.002684 seconds
probability of topic_Faculty_51 is 0.43045

clique number: 2
unobserved tuple number: 1
pgibbs sample time: 5.5e-05 seconds
probability of topic_Course_28 is 0.425378

clique number: 2
unobserved tuple number: 1
pgibbs sample time: 6.2e-05 seconds
probability of topic_Student_60 is 0.526876

clique number: 42
unobserved tuple number: 13
pgibbs sample time: 0.002614 seconds
probability of topic_Staff_46 is 0.43413

clique number: 7
unobserved tuple number: 2
pgibbs sample time: 0.000265 seconds
probability of topic_Person_90 is 0.615893

clique number: 3
unobserved tuple number: 1
pgibbs sample time: 7.1e-05 seconds
probability of topic_Student_15 is 0.470317

clique number: 2
unobserved tuple number: 1
pgibbs sample time: 5.4e-05 seconds
probability of topic_Staff_62 is 0.389253

clique number: 5
unobserved tuple number: 2
pgibbs sample time: 0.000209 seconds
probability of topic_Course_35 is 0.621655

clique number: 5
unobserved tuple number: 2
pgibbs sample time: 0.000208 seconds
probability of topic_Course_22 is 0.55126

clique number: 10
unobserved tuple number: 3
pgibbs sample time: 0.000467 seconds
probability of topic_Staff_69 is 0.497252

clique number: 41
unobserved tuple number: 13
pgibbs sample time: 0.002688 seconds
probability of topic_ResearchProject_75 is 0.35301

clique number: 5
unobserved tuple number: 2
pgibbs sample time: 0.000219 seconds
probability of topic_Student_34 is 0.424151

clique number: 2
unobserved tuple number: 1
pgibbs sample time: 5.7e-05 seconds
probability of topic_Department_2 is 0.492523

clique number: 2
unobserved tuple number: 1
pgibbs sample time: 5.5e-05 seconds
probability of topic_Faculty_1 is 0.517145

clique number: 2
unobserved tuple number: 1
pgibbs sample time: 5.3e-05 seconds
probability of topic_Staff_36 is 0.517015

clique number: 42
unobserved tuple number: 13
pgibbs sample time: 0.002612 seconds
probability of topic_Staff_51 is 0.520699

clique number: 3
unobserved tuple number: 1
pgibbs sample time: 7.3e-05 seconds
probability of topic_Student_58 is 0.767638

clique number: 42
unobserved tuple number: 13
pgibbs sample time: 0.002671 seconds
probability of topic_Course_189 is 0.499627

clique number: 15
unobserved tuple number: 4
pgibbs sample time: 0.000719 seconds
probability of topic_Student_40 is 0.62036

clique number: 2
unobserved tuple number: 1
pgibbs sample time: 5.8e-05 seconds
probability of topic_Course_8 is 0.615754

clique number: 40
unobserved tuple number: 13
pgibbs sample time: 0.002639 seconds
probability of topic_Department_21 is 0.458834

clique number: 2
unobserved tuple number: 1
pgibbs sample time: 5.5e-05 seconds
probability of topic_Course_97 is 0.593732

clique number: 4
unobserved tuple number: 1
pgibbs sample time: 8.6e-05 seconds
probability of topic_ResearchProject_82 is 0.56357

clique number: 9
unobserved tuple number: 3
pgibbs sample time: 0.000475 seconds
probability of topic_Faculty_65 is 0.441881

clique number: 10
unobserved tuple number: 3
pgibbs sample time: 0.000472 seconds
probability of topic_Course_168 is 0.450587

clique number: 15
unobserved tuple number: 4
pgibbs sample time: 0.00072 seconds
probability of topic_Student_43 is 0.377691

clique number: 3
unobserved tuple number: 1
pgibbs sample time: 0.000114 seconds
probability of topic_Department_27 is 0.628257

clique number: 4
unobserved tuple number: 1
pgibbs sample time: 8.4e-05 seconds
probability of topic_Student_9 is 0.420528

clique number: 3
unobserved tuple number: 1
pgibbs sample time: 6.9e-05 seconds
probability of topic_Person_58 is 0.643228

clique number: 3
unobserved tuple number: 1
pgibbs sample time: 7.1e-05 seconds
probability of topic_Staff_15 is 0.435361

clique number: 2
unobserved tuple number: 1
pgibbs sample time: 5.3e-05 seconds
probability of topic_Course_16 is 0.425378

clique number: 2
unobserved tuple number: 1
pgibbs sample time: 5.5e-05 seconds
probability of topic_Faculty_80 is 0.45178

clique number: 10
unobserved tuple number: 3
pgibbs sample time: 0.000507 seconds
probability of topic_Student_146 is 0.373852

clique number: 2
unobserved tuple number: 1
pgibbs sample time: 5.5e-05 seconds
probability of topic_Person_76 is 0.653984

clique number: 2
unobserved tuple number: 1
pgibbs sample time: 5.4e-05 seconds
probability of topic_Person_6 is 0.498179

clique number: 8
unobserved tuple number: 3
pgibbs sample time: 0.000454 seconds
probability of topic_Course_33 is 0.545682

clique number: 10
unobserved tuple number: 3
pgibbs sample time: 0.000453 seconds
probability of topic_Person_89 is 0.420278

clique number: 16
unobserved tuple number: 4
pgibbs sample time: 0.000725 seconds
probability of topic_Person_68 is 0.507893

clique number: 6
unobserved tuple number: 2
pgibbs sample time: 0.000252 seconds
probability of topic_ResearchProject_39 is 0.587828

clique number: 2
unobserved tuple number: 1
pgibbs sample time: 5.4e-05 seconds
probability of topic_Staff_77 is 0.474394

clique number: 6
unobserved tuple number: 2
pgibbs sample time: 0.000274 seconds
probability of topic_Course_124 is 0.492499

clique number: 3
unobserved tuple number: 1
pgibbs sample time: 7.3e-05 seconds
probability of topic_Department_15 is 0.389289

clique number: 2
unobserved tuple number: 1
pgibbs sample time: 5.7e-05 seconds
probability of topic_Student_81 is 0.487579

clique number: 42
unobserved tuple number: 13
pgibbs sample time: 0.002614 seconds
probability of topic_Staff_59 is 0.480659

clique number: 4
unobserved tuple number: 1
pgibbs sample time: 8.7e-05 seconds
probability of topic_ResearchProject_79 is 0.407236

clique number: 3
unobserved tuple number: 1
pgibbs sample time: 7.2e-05 seconds
probability of topic_Faculty_58 is 0.417361

clique number: 5
unobserved tuple number: 2
pgibbs sample time: 0.000218 seconds
probability of topic_Faculty_124 is 0.476697

clique number: 6
unobserved tuple number: 2
pgibbs sample time: 0.000242 seconds
probability of topic_Person_124 is 0.482645

clique number: 5
unobserved tuple number: 2
pgibbs sample time: 0.00022 seconds
probability of topic_Faculty_41 is 0.681423

clique number: 9
unobserved tuple number: 3
pgibbs sample time: 0.00048 seconds
probability of topic_Student_94 is 0.489221

clique number: 7
unobserved tuple number: 2
pgibbs sample time: 0.000294 seconds
probability of topic_Course_78 is 0.672206

clique number: 10
unobserved tuple number: 3
pgibbs sample time: 0.000484 seconds
probability of topic_Course_89 is 0.707466

clique number: 10
unobserved tuple number: 3
pgibbs sample time: 0.000473 seconds
probability of topic_Course_12 is 0.621637

clique number: 3
unobserved tuple number: 1
pgibbs sample time: 7.4e-05 seconds
probability of topic_Student_69 is 0.521955

clique number: 3
unobserved tuple number: 1
pgibbs sample time: 7.3e-05 seconds
probability of topic_Faculty_31 is 0.556957

clique number: 2
unobserved tuple number: 1
pgibbs sample time: 5.5e-05 seconds
probability of topic_Course_17 is 0.75994

clique number: 3
unobserved tuple number: 1
pgibbs sample time: 7.2e-05 seconds
probability of topic_Department_73 is 0.407934

clique number: 41
unobserved tuple number: 13
pgibbs sample time: 0.002685 seconds
probability of topic_ResearchProject_46 is 0.436492

clique number: 12
unobserved tuple number: 4
pgibbs sample time: 0.000742 seconds
probability of topic_Department_221 is 0.45859

clique number: 3
unobserved tuple number: 1
pgibbs sample time: 7.4e-05 seconds
probability of topic_Faculty_30 is 0.609717

clique number: 2
unobserved tuple number: 1
pgibbs sample time: 5.4e-05 seconds
probability of topic_Staff_28 is 0.447858

clique number: 2
unobserved tuple number: 1
pgibbs sample time: 5.4e-05 seconds
probability of topic_Course_87 is 0.465118

clique number: 6
unobserved tuple number: 2
pgibbs sample time: 0.000319 seconds
probability of topic_Student_93 is 0.505778

clique number: 4
unobserved tuple number: 1
pgibbs sample time: 8.7e-05 seconds
probability of topic_Department_9 is 0.554628

clique number: 8
unobserved tuple number: 3
pgibbs sample time: 0.000392 seconds
probability of topic_Staff_33 is 0.436001

clique number: 2
unobserved tuple number: 1
pgibbs sample time: 5.6e-05 seconds
probability of topic_Student_97 is 0.439022

clique number: 2
unobserved tuple number: 1
pgibbs sample time: 5.6e-05 seconds
probability of topic_ResearchProject_76 is 0.478169

clique number: 5
unobserved tuple number: 2
pgibbs sample time: 0.000217 seconds
probability of topic_Department_119 is 0.462741

clique number: 2
unobserved tuple number: 1
pgibbs sample time: 5.6e-05 seconds
probability of topic_Student_25 is 0.524583

clique number: 4
unobserved tuple number: 1
pgibbs sample time: 8.3e-05 seconds
probability of topic_Faculty_9 is 0.521685

clique number: 2
unobserved tuple number: 1
pgibbs sample time: 5.4e-05 seconds
probability of topic_Course_72 is 0.381758

clique number: 5
unobserved tuple number: 2
pgibbs sample time: 0.000218 seconds
probability of topic_ResearchProject_119 is 0.506537

clique number: 6
unobserved tuple number: 2
pgibbs sample time: 0.000238 seconds
probability of topic_Staff_61 is 0.358158

clique number: 40
unobserved tuple number: 13
pgibbs sample time: 0.002984 seconds
probability of topic_Department_59 is 0.513474

clique number: 3
unobserved tuple number: 1
pgibbs sample time: 8.7e-05 seconds
probability of topic_Staff_84 is 0.598454

clique number: 2
unobserved tuple number: 1
pgibbs sample time: 5.6e-05 seconds
probability of topic_Faculty_74 is 0.401374

clique number: 10
unobserved tuple number: 3
pgibbs sample time: 0.000409 seconds
probability of topic_Faculty_89 is 0.476197

clique number: 3
unobserved tuple number: 1
pgibbs sample time: 7.4e-05 seconds
probability of topic_Faculty_15 is 0.422302

clique number: 3
unobserved tuple number: 1
pgibbs sample time: 7.1e-05 seconds
probability of topic_Person_27 is 0.492113

clique number: 10
unobserved tuple number: 3
pgibbs sample time: 0.000531 seconds
probability of topic_Faculty_49 is 0.490236

clique number: 42
unobserved tuple number: 13
pgibbs sample time: 0.002799 seconds
probability of topic_Course_21 is 0.518399

clique number: 6
unobserved tuple number: 2
pgibbs sample time: 0.000326 seconds
probability of topic_ResearchProject_71 is 0.492112

clique number: 2
unobserved tuple number: 1
pgibbs sample time: 6.3e-05 seconds
probability of topic_ResearchProject_16 is 0.442936

clique number: 3
unobserved tuple number: 1
pgibbs sample time: 7.1e-05 seconds
probability of topic_Faculty_84 is 0.544854

clique number: 39
unobserved tuple number: 12
pgibbs sample time: 0.002524 seconds
probability of topic_Student_10 is 0.509289

clique number: 2
unobserved tuple number: 1
pgibbs sample time: 5.6e-05 seconds
probability of topic_Person_56 is 0.392505

clique number: 2
unobserved tuple number: 1
pgibbs sample time: 5.7e-05 seconds
probability of topic_Student_92 is 0.503814

clique number: 16
unobserved tuple number: 4
pgibbs sample time: 0.000721 seconds
probability of topic_Staff_40 is 0.559238

clique number: 3
unobserved tuple number: 1
pgibbs sample time: 7e-05 seconds
probability of topic_Course_11 is 0.216247

clique number: 41
unobserved tuple number: 13
pgibbs sample time: 0.002673 seconds
probability of topic_ResearchProject_21 is 0.5463

clique number: 42
unobserved tuple number: 13
pgibbs sample time: 0.002817 seconds
probability of topic_Faculty_21 is 0.497612

clique number: 41
unobserved tuple number: 13
pgibbs sample time: 0.002313 seconds
probability of topic_Person_55 is 0.438321

clique number: 6
unobserved tuple number: 2
pgibbs sample time: 0.000241 seconds
probability of topic_Person_61 is 0.117609

clique number: 5
unobserved tuple number: 2
pgibbs sample time: 0.000219 seconds
probability of topic_Department_35 is 0.514794

clique number: 5
unobserved tuple number: 2
pgibbs sample time: 0.000218 seconds
probability of topic_ResearchProject_35 is 0.560039

clique number: 2
unobserved tuple number: 1
pgibbs sample time: 5.4e-05 seconds
probability of topic_Course_70 is 0.457571

clique number: 5
unobserved tuple number: 2
pgibbs sample time: 0.00022 seconds
probability of topic_Faculty_34 is 0.474542

clique number: 2
unobserved tuple number: 1
pgibbs sample time: 5.4e-05 seconds
probability of topic_Course_60 is 0.411195

clique number: 10
unobserved tuple number: 3
pgibbs sample time: 0.000471 seconds
probability of topic_Course_47 is 0.750093

clique number: 41
unobserved tuple number: 13
pgibbs sample time: 0.002681 seconds
probability of topic_ResearchProject_50 is 0.4629

clique number: 11
unobserved tuple number: 4
pgibbs sample time: 0.000605 seconds
probability of topic_Course_102 is 0.573833

clique number: 2
unobserved tuple number: 1
pgibbs sample time: 5.6e-05 seconds
probability of topic_Department_74 is 0.477077

clique number: 42
unobserved tuple number: 13
pgibbs sample time: 0.002619 seconds
probability of topic_Staff_159 is 0.439268

clique number: 2
unobserved tuple number: 1
pgibbs sample time: 5.4e-05 seconds
probability of topic_Person_17 is 0.251716

clique number: 8
unobserved tuple number: 3
pgibbs sample time: 0.000431 seconds
probability of topic_Staff_7 is 0.463937

clique number: 40
unobserved tuple number: 13
pgibbs sample time: 0.00264 seconds
probability of topic_Department_46 is 0.476395

clique number: 2
unobserved tuple number: 1
pgibbs sample time: 5.5e-05 seconds
probability of topic_Staff_72 is 0.370987

clique number: 42
unobserved tuple number: 13
pgibbs sample time: 0.002723 seconds
probability of topic_Faculty_103 is 0.566713

clique number: 4
unobserved tuple number: 1
pgibbs sample time: 9.7e-05 seconds
probability of topic_Faculty_82 is 0.411907

clique number: 41
unobserved tuple number: 13
pgibbs sample time: 0.00232 seconds
probability of topic_Person_189 is 0.574031

clique number: 6
unobserved tuple number: 2
pgibbs sample time: 0.000242 seconds
probability of topic_Person_39 is 0.461174

clique number: 12
unobserved tuple number: 4
pgibbs sample time: 0.000745 seconds
probability of topic_Department_20 is 0.485435

clique number: 42
unobserved tuple number: 13
pgibbs sample time: 0.002692 seconds
probability of topic_Faculty_153 is 0.649276

clique number: 42
unobserved tuple number: 13
pgibbs sample time: 0.002621 seconds
probability of topic_Staff_21 is 0.510309

clique number: 4
unobserved tuple number: 1
pgibbs sample time: 8.3e-05 seconds
probability of topic_Course_82 is 0.471645

clique number: 41
unobserved tuple number: 13
pgibbs sample time: 0.002688 seconds
probability of topic_ResearchProject_189 is 0.621317

clique number: 3
unobserved tuple number: 1
pgibbs sample time: 7.2e-05 seconds
probability of topic_ResearchProject_14 is 0.578311

clique number: 2
unobserved tuple number: 1
pgibbs sample time: 5.5e-05 seconds
probability of topic_Staff_74 is 0.432401

clique number: 2
unobserved tuple number: 1
pgibbs sample time: 5.5e-05 seconds
probability of topic_Faculty_5 is 0.387388

clique number: 2
unobserved tuple number: 1
pgibbs sample time: 5.4e-05 seconds
probability of topic_Person_42 is 0.661866

clique number: 41
unobserved tuple number: 13
pgibbs sample time: 0.002312 seconds
probability of topic_Person_103 is 0.599732

clique number: 42
unobserved tuple number: 13
pgibbs sample time: 0.002691 seconds
probability of topic_Course_59 is 0.439302

clique number: 6
unobserved tuple number: 2
pgibbs sample time: 0.00024 seconds
probability of topic_Staff_78 is 0.445417

clique number: 2
unobserved tuple number: 1
pgibbs sample time: 5.6e-05 seconds
probability of topic_Student_96 is 0.535841

clique number: 2
unobserved tuple number: 1
pgibbs sample time: 5.5e-05 seconds
probability of topic_Faculty_96 is 0.573274

clique number: 12
unobserved tuple number: 4
pgibbs sample time: 0.000723 seconds
probability of topic_Student_20 is 0.500791

clique number: 2
unobserved tuple number: 1
pgibbs sample time: 5.5e-05 seconds
probability of topic_Student_91 is 0.440213

clique number: 2
unobserved tuple number: 1
pgibbs sample time: 5.6e-05 seconds
probability of topic_Student_64 is 0.469789

clique number: 42
unobserved tuple number: 13
pgibbs sample time: 0.002689 seconds
probability of topic_Course_55 is 0.342313

clique number: 9
unobserved tuple number: 3
pgibbs sample time: 0.00048 seconds
probability of topic_Department_7 is 0.495049

clique number: 42
unobserved tuple number: 13
pgibbs sample time: 0.002612 seconds
probability of topic_Staff_103 is 0.503747

clique number: 2
unobserved tuple number: 1
pgibbs sample time: 5.6e-05 seconds
probability of topic_Student_99 is 0.635863

clique number: 42
unobserved tuple number: 13
pgibbs sample time: 0.002682 seconds
probability of topic_Course_153 is 0.463036

clique number: 41
unobserved tuple number: 13
pgibbs sample time: 0.002812 seconds
probability of topic_ResearchProject_153 is 0.692885

clique number: 2
unobserved tuple number: 1
pgibbs sample time: 5.7e-05 seconds
probability of topic_ResearchProject_72 is 0.477466

clique number: 42
unobserved tuple number: 13
pgibbs sample time: 0.002702 seconds
probability of topic_Faculty_59 is 0.552599

clique number: 41
unobserved tuple number: 13
pgibbs sample time: 0.002322 seconds
probability of topic_Person_59 is 0.476823

clique number: 2
unobserved tuple number: 1
pgibbs sample time: 5.6e-05 seconds
probability of topic_ResearchProject_67 is 0.609436

clique number: 2
unobserved tuple number: 1
pgibbs sample time: 5.7e-05 seconds
probability of topic_Department_53 is 0.480109

clique number: 4
unobserved tuple number: 1
pgibbs sample time: 8.4e-05 seconds
probability of topic_Staff_9 is 0.451603

clique number: 39
unobserved tuple number: 12
pgibbs sample time: 0.002518 seconds
probability of topic_Student_59 is 0.402866

clique number: 39
unobserved tuple number: 12
pgibbs sample time: 0.002514 seconds
probability of topic_Student_21 is 0.478753

clique number: 2
unobserved tuple number: 1
pgibbs sample time: 5.5e-05 seconds
probability of topic_Course_92 is 0.344213

clique number: 39
unobserved tuple number: 12
pgibbs sample time: 0.002606 seconds
probability of topic_Student_103 is 0.507948

clique number: 8
unobserved tuple number: 3
pgibbs sample time: 0.000392 seconds
probability of topic_Staff_127 is 0.458924

clique number: 3
unobserved tuple number: 1
pgibbs sample time: 7e-05 seconds
probability of topic_Staff_27 is 0.50876

clique number: 2
unobserved tuple number: 1
pgibbs sample time: 5.5e-05 seconds
probability of topic_Staff_37 is 0.472063

clique number: 7
unobserved tuple number: 2
pgibbs sample time: 0.000277 seconds
probability of topic_ResearchProject_90 is 0.557582

clique number: 3
unobserved tuple number: 1
pgibbs sample time: 7e-05 seconds
probability of topic_Person_31 is 0.496857

clique number: 8
unobserved tuple number: 3
pgibbs sample time: 0.000474 seconds
probability of topic_Person_102 is 0.398703

clique number: 2
unobserved tuple number: 1
pgibbs sample time: 5.5e-05 seconds
probability of topic_Course_98 is 0.480991

clique number: 10
unobserved tuple number: 3
pgibbs sample time: 0.000474 seconds
probability of topic_ResearchProject_89 is 0.428419

clique number: 3
unobserved tuple number: 1
pgibbs sample time: 7.1e-05 seconds
probability of topic_Student_83 is 0.529084

clique number: 41
unobserved tuple number: 13
pgibbs sample time: 0.002313 seconds
probability of topic_Person_21 is 0.39886

clique number: 2
unobserved tuple number: 1
pgibbs sample time: 5.7e-05 seconds
probability of topic_Department_48 is 0.405568

clique number: 5
unobserved tuple number: 2
pgibbs sample time: 0.000218 seconds
probability of topic_Department_39 is 0.390131

clique number: 39
unobserved tuple number: 12
pgibbs sample time: 0.002513 seconds
probability of topic_Student_153 is 0.548495

clique number: 2
unobserved tuple number: 1
pgibbs sample time: 5.5e-05 seconds
probability of topic_Staff_16 is 0.447858

clique number: 16
unobserved tuple number: 4
pgibbs sample time: 0.000736 seconds
probability of topic_Department_43 is 0.260218

clique number: 10
unobserved tuple number: 3
pgibbs sample time: 0.000453 seconds
probability of topic_Person_26 is 0.6009

clique number: 10
unobserved tuple number: 3
pgibbs sample time: 0.000481 seconds
probability of topic_Course_26 is 0.530444

clique number: 2
unobserved tuple number: 1
pgibbs sample time: 5.4e-05 seconds
probability of topic_Person_8 is 0.54974

clique number: 9
unobserved tuple number: 3
pgibbs sample time: 0.000486 seconds
probability of topic_ResearchProject_108 is 0.426198

clique number: 2
unobserved tuple number: 1
pgibbs sample time: 5.7e-05 seconds
probability of topic_Student_57 is 0.487116

clique number: 42
unobserved tuple number: 13
pgibbs sample time: 0.002617 seconds
probability of topic_Staff_10 is 0.558905

clique number: 16
unobserved tuple number: 4
pgibbs sample time: 0.000698 seconds
probability of topic_Course_43 is 0.474049

clique number: 3
unobserved tuple number: 1
pgibbs sample time: 7.5e-05 seconds
probability of topic_Department_3 is 0.40134

clique number: 4
unobserved tuple number: 1
pgibbs sample time: 8.4e-05 seconds
probability of topic_Person_79 is 0.505304

clique number: 2
unobserved tuple number: 1
pgibbs sample time: 6.1e-05 seconds
probability of topic_Person_67 is 0.381565

clique number: 4
unobserved tuple number: 1
pgibbs sample time: 8.4e-05 seconds
probability of topic_Person_9 is 0.472669

clique number: 2
unobserved tuple number: 1
pgibbs sample time: 5.4e-05 seconds
probability of topic_Staff_8 is 0.555017

clique number: 5
unobserved tuple number: 2
pgibbs sample time: 0.000219 seconds
probability of topic_ResearchProject_177 is 0.601163

clique number: 2
unobserved tuple number: 1
pgibbs sample time: 5.7e-05 seconds
probability of topic_Student_42 is 0.602305

clique number: 2
unobserved tuple number: 1
pgibbs sample time: 5.6e-05 seconds
probability of topic_ResearchProject_4 is 0.479583

clique number: 3
unobserved tuple number: 1
pgibbs sample time: 7e-05 seconds
probability of topic_Course_27 is 0.396843

clique number: 3
unobserved tuple number: 1
pgibbs sample time: 7e-05 seconds
probability of topic_Person_11 is 0.0367969

clique number: 2
unobserved tuple number: 1
pgibbs sample time: 5.6e-05 seconds
probability of topic_Student_30 is 0.52508

clique number: 11
unobserved tuple number: 4
pgibbs sample time: 0.000604 seconds
probability of topic_Course_18 is 0.400444

clique number: 2
unobserved tuple number: 1
pgibbs sample time: 5.7e-05 seconds
probability of topic_ResearchProject_29 is 0.386627

clique number: 2
unobserved tuple number: 1
pgibbs sample time: 5.5e-05 seconds
probability of topic_Course_54 is 0.598444

clique number: 3
unobserved tuple number: 1
pgibbs sample time: 7.1e-05 seconds
probability of topic_Person_84 is 0.595199

clique number: 2
unobserved tuple number: 1
pgibbs sample time: 5.5e-05 seconds
probability of topic_Faculty_66 is 0.401781

clique number: 2
unobserved tuple number: 1
pgibbs sample time: 5.6e-05 seconds
probability of topic_ResearchProject_52 is 0.476468

clique number: 3
unobserved tuple number: 1
pgibbs sample time: 7.2e-05 seconds
probability of topic_ResearchProject_73 is 0.588465

clique number: 10
unobserved tuple number: 3
pgibbs sample time: 0.00045 seconds
probability of topic_Staff_89 is 0.577472

clique number: 5
unobserved tuple number: 2
pgibbs sample time: 0.000209 seconds
probability of topic_Person_35 is 0.50009

clique number: 6
unobserved tuple number: 2
pgibbs sample time: 0.00025 seconds
probability of topic_Faculty_61 is 0.475013

clique number: 2
unobserved tuple number: 1
pgibbs sample time: 5.8e-05 seconds
probability of topic_Department_5 is 0.481264

clique number: 10
unobserved tuple number: 3
pgibbs sample time: 0.000482 seconds
probability of topic_ResearchProject_69 is 0.324204

clique number: 40
unobserved tuple number: 13
pgibbs sample time: 0.002716 seconds
probability of topic_Department_55 is 0.259273

clique number: 7
unobserved tuple number: 2
pgibbs sample time: 0.000277 seconds
probability of topic_Department_90 is 0.503147

clique number: 10
unobserved tuple number: 3
pgibbs sample time: 0.000414 seconds
probability of topic_Faculty_26 is 0.594827

clique number: 5
unobserved tuple number: 2
pgibbs sample time: 0.00022 seconds
probability of topic_Department_127 is 0.436159

clique number: 11
unobserved tuple number: 4
pgibbs sample time: 0.000692 seconds
probability of topic_Faculty_221 is 0.492404

clique number: 9
unobserved tuple number: 3
pgibbs sample time: 0.000491 seconds
probability of topic_ResearchProject_154 is 0.482614

clique number: 11
unobserved tuple number: 4
pgibbs sample time: 0.000692 seconds
probability of topic_Faculty_18 is 0.374008

clique number: 2
unobserved tuple number: 1
pgibbs sample time: 5.4e-05 seconds
probability of topic_Staff_1 is 0.521778

clique number: 2
unobserved tuple number: 1
pgibbs sample time: 5.3e-05 seconds
probability of topic_Staff_31 is 0.459285

clique number: 10
unobserved tuple number: 3
pgibbs sample time: 0.000463 seconds
probability of topic_Person_69 is 0.640601

clique number: 3
unobserved tuple number: 1
pgibbs sample time: 7.2e-05 seconds
probability of topic_Department_14 is 0.401266

clique number: 2
unobserved tuple number: 1
pgibbs sample time: 6e-05 seconds
probability of topic_Student_56 is 0.323068

clique number: 41
unobserved tuple number: 13
pgibbs sample time: 0.002684 seconds
probability of topic_ResearchProject_59 is 0.484208

clique number: 2
unobserved tuple number: 1
pgibbs sample time: 5.4e-05 seconds
probability of topic_Course_96 is 0.503376

clique number: 9
unobserved tuple number: 3
pgibbs sample time: 0.00049 seconds
probability of topic_Student_107 is 0.486098

clique number: 42
unobserved tuple number: 13
pgibbs sample time: 0.002735 seconds
probability of topic_Staff_153 is 0.630296

clique number: 42
unobserved tuple number: 13
pgibbs sample time: 0.00269 seconds
probability of topic_Course_51 is 0.424126

clique number: 40
unobserved tuple number: 13
pgibbs sample time: 0.002754 seconds
probability of topic_Department_189 is 0.487804

clique number: 3
unobserved tuple number: 1
pgibbs sample time: 7.3e-05 seconds
probability of topic_ResearchProject_86 is 0.493371

clique number: 2
unobserved tuple number: 1
pgibbs sample time: 5.5e-05 seconds
probability of topic_Person_95 is 0.429657

clique number: 40
unobserved tuple number: 13
pgibbs sample time: 0.002646 seconds
probability of topic_Department_10 is 0.63222

clique number: 10
unobserved tuple number: 3
pgibbs sample time: 0.000471 seconds
probability of topic_Student_49 is 0.752195

clique number: 2
unobserved tuple number: 1
pgibbs sample time: 5.5e-05 seconds
probability of topic_Staff_95 is 0.47193

clique number: 3
unobserved tuple number: 1
pgibbs sample time: 7.3e-05 seconds
probability of topic_ResearchProject_27 is 0.399243

clique number: 40
unobserved tuple number: 13
pgibbs sample time: 0.002688 seconds
probability of topic_Department_103 is 0.482108

clique number: 2
unobserved tuple number: 1
pgibbs sample time: 5.7e-05 seconds
probability of topic_Staff_29 is 0.553711

clique number: 42
unobserved tuple number: 13
pgibbs sample time: 0.002776 seconds
probability of topic_Faculty_189 is 0.5511

clique number: 11
unobserved tuple number: 4
pgibbs sample time: 0.000696 seconds
probability of topic_Faculty_20 is 0.419379

clique number: 6
unobserved tuple number: 2
pgibbs sample time: 0.00025 seconds
probability of topic_Student_78 is 0.686467

clique number: 6
unobserved tuple number: 2
pgibbs sample time: 0.000255 seconds
probability of topic_ResearchProject_61 is 0.379986

clique number: 42
unobserved tuple number: 13
pgibbs sample time: 0.002701 seconds
probability of topic_Course_46 is 0.422836

clique number: 42
unobserved tuple number: 13
pgibbs sample time: 0.002703 seconds
probability of topic_Course_10 is 0.46366

clique number: 2
unobserved tuple number: 1
pgibbs sample time: 5.8e-05 seconds
probability of topic_Department_76 is 0.436649

clique number: 2
unobserved tuple number: 1
pgibbs sample time: 5.4e-05 seconds
probability of topic_Person_16 is 0.498179

clique number: 3
unobserved tuple number: 1
pgibbs sample time: 7.4e-05 seconds
probability of topic_Student_86 is 0.489264

clique number: 2
unobserved tuple number: 1
pgibbs sample time: 5.6e-05 seconds
probability of topic_Faculty_42 is 0.62985

clique number: 8
unobserved tuple number: 3
pgibbs sample time: 0.000415 seconds
probability of topic_Faculty_19 is 0.494027

clique number: 3
unobserved tuple number: 1
pgibbs sample time: 7.3e-05 seconds
probability of topic_Student_27 is 0.512177

clique number: 2
unobserved tuple number: 1
pgibbs sample time: 5.4e-05 seconds
probability of topic_Faculty_8 is 0.467878

clique number: 2
unobserved tuple number: 1
pgibbs sample time: 5.4e-05 seconds
probability of topic_Staff_48 is 0.459677

clique number: 16
unobserved tuple number: 4
pgibbs sample time: 0.000741 seconds
probability of topic_Department_68 is 0.497782

clique number: 2
unobserved tuple number: 1
pgibbs sample time: 5.6e-05 seconds
probability of topic_Person_64 is 0.497282

clique number: 9
unobserved tuple number: 3
pgibbs sample time: 0.000462 seconds
probability of topic_Staff_107 is 0.437563

clique number: 2
unobserved tuple number: 1
pgibbs sample time: 5.7e-05 seconds
probability of topic_Faculty_54 is 0.486159

clique number: 16
unobserved tuple number: 4
pgibbs sample time: 0.000704 seconds
probability of topic_Course_88 is 0.322599

clique number: 3
unobserved tuple number: 1
pgibbs sample time: 7.2e-05 seconds
probability of topic_Department_11 is 0.331256

clique number: 8
unobserved tuple number: 3
pgibbs sample time: 0.0004 seconds
probability of topic_Course_19 is 0.695523

clique number: 6
unobserved tuple number: 2
pgibbs sample time: 0.000249 seconds
probability of topic_Student_85 is 0.711313

clique number: 16
unobserved tuple number: 4
pgibbs sample time: 0.000758 seconds
probability of topic_ResearchProject_68 is 0.452091

clique number: 3
unobserved tuple number: 1
pgibbs sample time: 7.2e-05 seconds
probability of topic_ResearchProject_15 is 0.463591

clique number: 6
unobserved tuple number: 2
pgibbs sample time: 0.000308 seconds
probability of topic_Course_71 is 0.414246

clique number: 8
unobserved tuple number: 3
pgibbs sample time: 0.000402 seconds
probability of topic_Course_127 is 0.467319

clique number: 2
unobserved tuple number: 1
pgibbs sample time: 5.5e-05 seconds
probability of topic_Course_32 is 0.425578

clique number: 6
unobserved tuple number: 2
pgibbs sample time: 0.00024 seconds
probability of topic_Staff_90 is 0.627693

clique number: 5
unobserved tuple number: 2
pgibbs sample time: 0.00027 seconds
probability of topic_Person_93 is 0.489022

clique number: 42
unobserved tuple number: 13
pgibbs sample time: 0.002733 seconds
probability of topic_Course_103 is 0.483663

clique number: 2
unobserved tuple number: 1
pgibbs sample time: 5.5e-05 seconds
probability of topic_Person_4 is 0.544751

clique number: 3
unobserved tuple number: 1
pgibbs sample time: 7.1e-05 seconds
probability of topic_Staff_83 is 0.551996

clique number: 16
unobserved tuple number: 4
pgibbs sample time: 0.000734 seconds
probability of topic_Department_88 is 0.597192

clique number: 2
unobserved tuple number: 1
pgibbs sample time: 5.4e-05 seconds
probability of topic_Person_13 is 0.513057

clique number: 3
unobserved tuple number: 1
pgibbs sample time: 7.4e-05 seconds
probability of topic_Faculty_27 is 0.391625

clique number: 2
unobserved tuple number: 1
pgibbs sample time: 5.6e-05 seconds
probability of topic_Person_57 is 0.476931

clique number: 10
unobserved tuple number: 3
pgibbs sample time: 0.000479 seconds
probability of topic_Student_12 is 0.50175

clique number: 2
unobserved tuple number: 1
pgibbs sample time: 5.7e-05 seconds
probability of topic_Department_42 is 0.412026

clique number: 41
unobserved tuple number: 13
pgibbs sample time: 0.002688 seconds
probability of topic_ResearchProject_103 is 0.481972

clique number: 10
unobserved tuple number: 3
pgibbs sample time: 0.000449 seconds
probability of topic_Staff_49 is 0.439256

clique number: 3
unobserved tuple number: 1
pgibbs sample time: 7.3e-05 seconds
probability of topic_Faculty_11 is 0.330739

clique number: 2
unobserved tuple number: 1
pgibbs sample time: 5.5e-05 seconds
probability of topic_ResearchProject_25 is 0.462699

clique number: 9
unobserved tuple number: 3
pgibbs sample time: 0.00049 seconds
probability of topic_ResearchProject_65 is 0.519248

clique number: 9
unobserved tuple number: 3
pgibbs sample time: 0.00049 seconds
probability of topic_ResearchProject_107 is 0.436717

clique number: 2
unobserved tuple number: 1
pgibbs sample time: 5.6e-05 seconds
probability of topic_ResearchProject_38 is 0.541454

clique number: 6
unobserved tuple number: 2
pgibbs sample time: 0.000311 seconds
probability of topic_Staff_71 is 0.418328

clique number: 42
unobserved tuple number: 13
pgibbs sample time: 0.002815 seconds
probability of topic_Faculty_10 is 0.471719

clique number: 2
unobserved tuple number: 1
pgibbs sample time: 5.6e-05 seconds
probability of topic_Student_53 is 0.493937

clique number: 2
unobserved tuple number: 1
pgibbs sample time: 5.3e-05 seconds
probability of topic_Person_28 is 0.498179

clique number: 2
unobserved tuple number: 1
pgibbs sample time: 5.6e-05 seconds
probability of topic_ResearchProject_60 is 0.490687

clique number: 2
unobserved tuple number: 1
pgibbs sample time: 5.5e-05 seconds
probability of topic_Course_24 is 0.419802

clique number: 2
unobserved tuple number: 1
pgibbs sample time: 5.4e-05 seconds
probability of topic_Staff_22 is 0.552182

clique number: 4
unobserved tuple number: 1
pgibbs sample time: 8.5e-05 seconds
probability of topic_Course_79 is 0.410549

clique number: 12
unobserved tuple number: 4
pgibbs sample time: 0.000823 seconds
probability of topic_Staff_221 is 0.47918

clique number: 10
unobserved tuple number: 3
pgibbs sample time: 0.000474 seconds
probability of topic_Course_146 is 0.404264

clique number: 2
unobserved tuple number: 1
pgibbs sample time: 5.7e-05 seconds
probability of topic_Course_67 is 0.577589

clique number: 3
unobserved tuple number: 1
pgibbs sample time: 7.1e-05 seconds
probability of topic_Course_45 is 0.493129

clique number: 16
unobserved tuple number: 4
pgibbs sample time: 0.000738 seconds
probability of topic_Department_40 is 0.634802

clique number: 9
unobserved tuple number: 3
pgibbs sample time: 0.000481 seconds
probability of topic_Student_7 is 0.508621

clique number: 2
unobserved tuple number: 1
pgibbs sample time: 5.6e-05 seconds
probability of topic_Course_13 is 0.459095

clique number: 2
unobserved tuple number: 1
pgibbs sample time: 5.6e-05 seconds
probability of topic_Department_64 is 0.484707

clique number: 2
unobserved tuple number: 1
pgibbs sample time: 5.3e-05 seconds
probability of topic_Staff_91 is 0.473221

clique number: 8
unobserved tuple number: 3
pgibbs sample time: 0.000393 seconds
probability of topic_Staff_19 is 0.510845

clique number: 5
unobserved tuple number: 2
pgibbs sample time: 0.000218 seconds
probability of topic_ResearchProject_22 is 0.607869

clique number: 2
unobserved tuple number: 1
pgibbs sample time: 5.6e-05 seconds
probability of topic_Staff_81 is 0.432401

clique number: 2
unobserved tuple number: 1
pgibbs sample time: 5.6e-05 seconds
probability of topic_Faculty_32 is 0.406926

clique number: 41
unobserved tuple number: 13
pgibbs sample time: 0.002689 seconds
probability of topic_ResearchProject_55 is 0.592913

clique number: 41
unobserved tuple number: 13
pgibbs sample time: 0.00252 seconds
probability of topic_Person_153 is 0.578167

clique number: 11
unobserved tuple number: 4
pgibbs sample time: 0.000609 seconds
probability of topic_Course_221 is 0.5097

clique number: 2
unobserved tuple number: 1
pgibbs sample time: 5.6e-05 seconds
probability of topic_Person_25 is 0.505972

clique number: 6
unobserved tuple number: 2
pgibbs sample time: 0.000244 seconds
probability of topic_Course_85 is 0.47441

clique number: 2
unobserved tuple number: 1
pgibbs sample time: 5.5e-05 seconds
probability of topic_Staff_99 is 0.491937

clique number: 2
unobserved tuple number: 1
pgibbs sample time: 5.5e-05 seconds
probability of topic_Faculty_62 is 0.431532

clique number: 2
unobserved tuple number: 1
pgibbs sample time: 5.6e-05 seconds
probability of topic_ResearchProject_53 is 0.442936

clique number: 3
unobserved tuple number: 1
pgibbs sample time: 7.2e-05 seconds
probability of topic_Department_86 is 0.417497

clique number: 3
unobserved tuple number: 1
pgibbs sample time: 6.9e-05 seconds
probability of topic_Person_15 is 0.488154

clique number: 5
unobserved tuple number: 2
pgibbs sample time: 0.000217 seconds
probability of topic_ResearchProject_34 is 0.537618

clique number: 2
unobserved tuple number: 1
pgibbs sample time: 5.6e-05 seconds
probability of topic_Department_37 is 0.448246

clique number: 5
unobserved tuple number: 2
pgibbs sample time: 0.000222 seconds
probability of topic_Department_34 is 0.476607

clique number: 8
unobserved tuple number: 3
pgibbs sample time: 0.000436 seconds
probability of topic_Person_20 is 0.503835

clique number: 2
unobserved tuple number: 1
pgibbs sample time: 5.4e-05 seconds
probability of topic_Staff_53 is 0.447858

clique number: 42
unobserved tuple number: 13
pgibbs sample time: 0.002687 seconds
probability of topic_Course_113 is 0.374785

clique number: 10
unobserved tuple number: 3
pgibbs sample time: 0.000463 seconds
probability of topic_Person_30 is 0.503208

clique number: 3
unobserved tuple number: 1
pgibbs sample time: 7.9e-05 seconds
probability of topic_ResearchProject_11 is 0.233585

clique number: 2
unobserved tuple number: 1
pgibbs sample time: 5.7e-05 seconds
probability of topic_Student_32 is 0.466327

clique number: 2
unobserved tuple number: 1
pgibbs sample time: 5.5e-05 seconds
probability of topic_Department_99 is 0.445427

clique number: 42
unobserved tuple number: 13
pgibbs sample time: 0.00263 seconds
probability of topic_Staff_113 is 0.428387

clique number: 2
unobserved tuple number: 1
pgibbs sample time: 5.4e-05 seconds
probability of topic_Faculty_2 is 0.52117

clique number: 2
unobserved tuple number: 1
pgibbs sample time: 5.5e-05 seconds
probability of topic_ResearchProject_87 is 0.446075

clique number: 9
unobserved tuple number: 3
pgibbs sample time: 0.000462 seconds
probability of topic_Staff_65 is 0.432968

clique number: 2
unobserved tuple number: 1
pgibbs sample time: 5.6e-05 seconds
probability of topic_ResearchProject_66 is 0.437775

clique number: 10
unobserved tuple number: 3
pgibbs sample time: 0.000405 seconds
probability of topic_Person_146 is 0.612672

clique number: 9
unobserved tuple number: 3
pgibbs sample time: 0.00048 seconds
probability of topic_Faculty_108 is 0.394651

clique number: 6
unobserved tuple number: 2
pgibbs sample time: 0.000251 seconds
probability of topic_Student_90 is 0.613649

clique number: 2
unobserved tuple number: 1
pgibbs sample time: 5.6e-05 seconds
probability of topic_Course_62 is 0.435971

clique number: 2
unobserved tuple number: 1
pgibbs sample time: 5.5e-05 seconds
probability of topic_Department_60 is 0.429697

clique number: 2
unobserved tuple number: 1
pgibbs sample time: 5.8e-05 seconds
probability of topic_Student_48 is 0.459081

clique number: 6
unobserved tuple number: 2
pgibbs sample time: 0.000252 seconds
probability of topic_Course_39 is 0.65904

clique number: 5
unobserved tuple number: 2
pgibbs sample time: 0.00021 seconds
probability of topic_Staff_41 is 0.446372

clique number: 6
unobserved tuple number: 2
pgibbs sample time: 0.000346 seconds
probability of topic_ResearchProject_93 is 0.474466

clique number: 3
unobserved tuple number: 1
pgibbs sample time: 7.1e-05 seconds
probability of topic_Person_38 is 0.340395

clique number: 16
unobserved tuple number: 4
pgibbs sample time: 0.000735 seconds
probability of topic_Faculty_68 is 0.420698

clique number: 5
unobserved tuple number: 2
pgibbs sample time: 0.00021 seconds
probability of topic_Staff_177 is 0.537179

clique number: 9
unobserved tuple number: 3
pgibbs sample time: 0.00048 seconds
probability of topic_Department_108 is 0.464468

clique number: 10
unobserved tuple number: 3
pgibbs sample time: 0.000478 seconds
probability of topic_Staff_168 is 0.664391

clique number: 42
unobserved tuple number: 13
pgibbs sample time: 0.002743 seconds
probability of topic_Staff_189 is 0.528168

clique number: 10
unobserved tuple number: 3
pgibbs sample time: 0.000568 seconds
probability of topic_Department_69 is 0.403921

clique number: 6
unobserved tuple number: 2
pgibbs sample time: 0.000244 seconds
probability of topic_Course_44 is 0.310345

clique number: 6
unobserved tuple number: 2
pgibbs sample time: 0.000319 seconds
probability of topic_Course_108 is 0.423673

clique number: 2
unobserved tuple number: 1
pgibbs sample time: 5.7e-05 seconds
probability of topic_Department_87 is 0.366359

clique number: 2
unobserved tuple number: 1
pgibbs sample time: 5.4e-05 seconds
probability of topic_Person_53 is 0.498179

clique number: 2
unobserved tuple number: 1
pgibbs sample time: 5.8e-05 seconds
probability of topic_Staff_2 is 0.729589

clique number: 11
unobserved tuple number: 4
pgibbs sample time: 0.000693 seconds
probability of topic_Faculty_102 is 0.50823

clique number: 42
unobserved tuple number: 13
pgibbs sample time: 0.002699 seconds
probability of topic_Faculty_75 is 0.409658

clique number: 6
unobserved tuple number: 2
pgibbs sample time: 0.000246 seconds
probability of topic_Faculty_128 is 0.416317

clique number: 9
unobserved tuple number: 3
pgibbs sample time: 0.000487 seconds
probability of topic_Person_154 is 0.422764

clique number: 42
unobserved tuple number: 13
pgibbs sample time: 0.002698 seconds
probability of topic_Course_159 is 0.541763

clique number: 2
unobserved tuple number: 1
pgibbs sample time: 5.6e-05 seconds
probability of topic_Faculty_81 is 0.401374

clique number: 2
unobserved tuple number: 1
pgibbs sample time: 5.6e-05 seconds
probability of topic_Department_24 is 0.631889

clique number: 2
unobserved tuple number: 1
pgibbs sample time: 5.7e-05 seconds
probability of topic_Department_17 is 0.572671

clique number: 6
unobserved tuple number: 2
pgibbs sample time: 0.000251 seconds
probability of topic_Course_61 is 0.35798

clique number: 3
unobserved tuple number: 1
pgibbs sample time: 7.5e-05 seconds
probability of topic_Person_83 is 0.516439

clique number: 10
unobserved tuple number: 3
pgibbs sample time: 0.000405 seconds
probability of topic_Person_47 is 0.456286

clique number: 42
unobserved tuple number: 13
pgibbs sample time: 0.002704 seconds
probability of topic_Faculty_50 is 0.500228

clique number: 5
unobserved tuple number: 2
pgibbs sample time: 0.000222 seconds
probability of topic_Department_61 is 0.30529

clique number: 2
unobserved tuple number: 1
pgibbs sample time: 5.6e-05 seconds
probability of topic_Student_1 is 0.468158

clique number: 2
unobserved tuple number: 1
pgibbs sample time: 5.6e-05 seconds
probability of topic_Department_16 is 0.480109

clique number: 3
unobserved tuple number: 1
pgibbs sample time: 7.1e-05 seconds
probability of topic_Staff_58 is 0.426594

clique number: 5
unobserved tuple number: 2
pgibbs sample time: 0.000218 seconds
probability of topic_Student_33 is 0.68949

clique number: 2
unobserved tuple number: 1
pgibbs sample time: 5.8e-05 seconds
probability of topic_Faculty_64 is 0.53041

clique number: 5
unobserved tuple number: 2
pgibbs sample time: 0.000219 seconds
probability of topic_Student_127 is 0.487555

clique number: 3
unobserved tuple number: 1
pgibbs sample time: 7.1e-05 seconds
probability of topic_Faculty_38 is 0.543099

clique number: 2
unobserved tuple number: 1
pgibbs sample time: 5.5e-05 seconds
probability of topic_ResearchProject_98 is 0.620402

clique number: 4
unobserved tuple number: 1
pgibbs sample time: 8.7e-05 seconds
probability of topic_Student_79 is 0.431525

clique number: 2
unobserved tuple number: 1
pgibbs sample time: 5.6e-05 seconds
probability of topic_Staff_54 is 0.497096

clique number: 2
unobserved tuple number: 1
pgibbs sample time: 5.6e-05 seconds
probability of topic_ResearchProject_32 is 0.651756

clique number: 41
unobserved tuple number: 13
pgibbs sample time: 0.002323 seconds
probability of topic_Person_46 is 0.487681

clique number: 2
unobserved tuple number: 1
pgibbs sample time: 5.4e-05 seconds
probability of topic_Course_99 is 0.643291

clique number: 2
unobserved tuple number: 1
pgibbs sample time: 5.6e-05 seconds
probability of topic_Student_77 is 0.580474

clique number: 2
unobserved tuple number: 1
pgibbs sample time: 5.6e-05 seconds
probability of topic_Student_67 is 0.432953

clique number: 3
unobserved tuple number: 1
pgibbs sample time: 7.1e-05 seconds
probability of topic_Department_38 is 0.565993

clique number: 2
unobserved tuple number: 1
pgibbs sample time: 5.4e-05 seconds
probability of topic_Student_6 is 0.493937

clique number: 41
unobserved tuple number: 13
pgibbs sample time: 0.002694 seconds
probability of topic_ResearchProject_51 is 0.397743

clique number: 15
unobserved tuple number: 4
pgibbs sample time: 0.00072 seconds
probability of topic_Student_88 is 0.353885

clique number: 42
unobserved tuple number: 13
pgibbs sample time: 0.002734 seconds
probability of topic_Staff_50 is 0.452529

clique number: 6
unobserved tuple number: 2
pgibbs sample time: 0.00031 seconds
probability of topic_Staff_93 is 0.397201

clique number: 2
unobserved tuple number: 1
pgibbs sample time: 5.4e-05 seconds
probability of topic_Person_2 is 0.620991

clique number: 2
unobserved tuple number: 1
pgibbs sample time: 5.6e-05 seconds
probability of topic_ResearchProject_42 is 0.510441

clique number: 2
unobserved tuple number: 1
pgibbs sample time: 5.4e-05 seconds
probability of topic_Staff_64 is 0.503992

clique number: 3
unobserved tuple number: 1
pgibbs sample time: 6.9e-05 seconds
probability of topic_Course_15 is 0.446832

clique number: 2
unobserved tuple number: 1
pgibbs sample time: 5.5e-05 seconds
probability of topic_Staff_4 is 0.46839

clique number: 16
unobserved tuple number: 4
pgibbs sample time: 0.000697 seconds
probability of topic_Course_68 is 0.433897

clique number: 10
unobserved tuple number: 3
pgibbs sample time: 0.000491 seconds
probability of topic_Department_89 is 0.680878

clique number: 9
unobserved tuple number: 3
pgibbs sample time: 0.000489 seconds
probability of topic_ResearchProject_94 is 0.441836

clique number: 6
unobserved tuple number: 2
pgibbs sample time: 0.000319 seconds
probability of topic_Course_94 is 0.42382

clique number: 9
unobserved tuple number: 3
pgibbs sample time: 0.000485 seconds
probability of topic_ResearchProject_7 is 0.458799

clique number: 11
unobserved tuple number: 4
pgibbs sample time: 0.000599 seconds
probability of topic_Course_20 is 0.495878

clique number: 8
unobserved tuple number: 3
pgibbs sample time: 0.000413 seconds
probability of topic_Faculty_33 is 0.442099

clique number: 2
unobserved tuple number: 1
pgibbs sample time: 5.7e-05 seconds
probability of topic_Student_62 is 0.501822

clique number: 2
unobserved tuple number: 1
pgibbs sample time: 5.5e-05 seconds
probability of topic_Course_76 is 0.467894

clique number: 40
unobserved tuple number: 13
pgibbs sample time: 0.002655 seconds
probability of topic_Department_153 is 0.66941

clique number: 2
unobserved tuple number: 1
pgibbs sample time: 5.4e-05 seconds
probability of topic_Course_52 is 0.435111

clique number: 7
unobserved tuple number: 2
pgibbs sample time: 0.000273 seconds
probability of topic_Course_90 is 0.370622

clique number: 10
unobserved tuple number: 3
pgibbs sample time: 0.000587 seconds
probability of topic_Person_168 is 0.5121

clique number: 2
unobserved tuple number: 1
pgibbs sample time: 5.4e-05 seconds
probability of topic_Person_70 is 0.366619

clique number: 2
unobserved tuple number: 1
pgibbs sample time: 5.5e-05 seconds
probability of topic_Faculty_95 is 0.586438

clique number: 9
unobserved tuple number: 3
pgibbs sample time: 0.000571 seconds
probability of topic_Faculty_107 is 0.404905

clique number: 2
unobserved tuple number: 1
pgibbs sample time: 5.7e-05 seconds
probability of topic_Department_77 is 0.474402

clique number: 2
unobserved tuple number: 1
pgibbs sample time: 5.5e-05 seconds
probability of topic_ResearchProject_28 is 0.442936

clique number: 16
unobserved tuple number: 4
pgibbs sample time: 0.000698 seconds
probability of topic_Person_40 is 0.647666

clique number: 2
unobserved tuple number: 1
pgibbs sample time: 5.6e-05 seconds
probability of topic_Department_62 is 0.482103

clique number: 2
unobserved tuple number: 1
pgibbs sample time: 5.4e-05 seconds
probability of topic_Person_80 is 0.422215

clique number: 5
unobserved tuple number: 2
pgibbs sample time: 0.000214 seconds
probability of topic_Person_22 is 0.392847

clique number: 42
unobserved tuple number: 13
pgibbs sample time: 0.002632 seconds
probability of topic_Staff_55 is 0.45466

clique number: 4
unobserved tuple number: 1
pgibbs sample time: 8.6e-05 seconds
probability of topic_Staff_79 is 0.585543

clique number: 3
unobserved tuple number: 1
pgibbs sample time: 7e-05 seconds
probability of topic_Course_84 is 0.592611

clique number: 2
unobserved tuple number: 1
pgibbs sample time: 5.5e-05 seconds
probability of topic_Course_74 is 0.419524

clique number: 2
unobserved tuple number: 1
pgibbs sample time: 5.4e-05 seconds
probability of topic_Staff_98 is 0.492361

clique number: 2
unobserved tuple number: 1
pgibbs sample time: 5.6e-05 seconds
probability of topic_ResearchProject_74 is 0.435576

clique number: 3
unobserved tuple number: 1
pgibbs sample time: 7.4e-05 seconds
probability of topic_Student_14 is 0.505204

clique number: 6
unobserved tuple number: 2
pgibbs sample time: 0.000253 seconds
probability of topic_Student_61 is 0.096722

clique number: 2
unobserved tuple number: 1
pgibbs sample time: 5.5e-05 seconds
probability of topic_Staff_57 is 0.479842

clique number: 39
unobserved tuple number: 12
pgibbs sample time: 0.002529 seconds
probability of topic_Student_51 is 0.463905

clique number: 6
unobserved tuple number: 2
pgibbs sample time: 0.000255 seconds
probability of topic_Student_39 is 0.328211

clique number: 2
unobserved tuple number: 1
pgibbs sample time: 5.5e-05 seconds
probability of topic_Person_36 is 0.56344

clique number: 3
unobserved tuple number: 1
pgibbs sample time: 6.9e-05 seconds
probability of topic_Course_14 is 0.454804

clique number: 8
unobserved tuple number: 3
pgibbs sample time: 0.000408 seconds
probability of topic_ResearchProject_19 is 0.504283

clique number: 6
unobserved tuple number: 2
pgibbs sample time: 0.000243 seconds
probability of topic_Person_44 is 0.535426

clique number: 2
unobserved tuple number: 1
pgibbs sample time: 5.8e-05 seconds
probability of topic_Student_23 is 0.527927

clique number: 5
unobserved tuple number: 2
pgibbs sample time: 0.000272 seconds
probability of topic_Person_71 is 0.500613

clique number: 2
unobserved tuple number: 1
pgibbs sample time: 5.7e-05 seconds
probability of topic_Student_17 is 0.298945

clique number: 5
unobserved tuple number: 2
pgibbs sample time: 0.000219 seconds
probability of topic_Course_41 is 0.390502

clique number: 6
unobserved tuple number: 2
pgibbs sample time: 0.000246 seconds
probability of topic_Student_44 is 0.484869

clique number: 2
unobserved tuple number: 1
pgibbs sample time: 5.8e-05 seconds
probability of topic_Department_29 is 0.692524

clique number: 42
unobserved tuple number: 13
pgibbs sample time: 0.002694 seconds
probability of topic_Course_50 is 0.414619

clique number: 5
unobserved tuple number: 2
pgibbs sample time: 0.000217 seconds
probability of topic_Course_177 is 0.535956

clique number: 2
unobserved tuple number: 1
pgibbs sample time: 5.5e-05 seconds
probability of topic_Staff_32 is 0.59457

clique number: 2
unobserved tuple number: 1
pgibbs sample time: 5.6e-05 seconds
probability of topic_Faculty_63 is 0.489816

clique number: 3
unobserved tuple number: 1
pgibbs sample time: 7.2e-05 seconds
probability of topic_Faculty_69 is 0.412887

clique number: 2
unobserved tuple number: 1
pgibbs sample time: 5.6e-05 seconds
probability of topic_ResearchProject_48 is 0.374853

clique number: 2
unobserved tuple number: 1
pgibbs sample time: 5.4e-05 seconds
probability of topic_Faculty_87 is 0.504936

clique number: 5
unobserved tuple number: 2
pgibbs sample time: 0.000219 seconds
probability of topic_ResearchProject_41 is 0.364179

clique number: 9
unobserved tuple number: 3
pgibbs sample time: 0.000475 seconds
probability of topic_Person_7 is 0.512902

clique number: 2
unobserved tuple number: 1
pgibbs sample time: 5.7e-05 seconds
probability of topic_Student_28 is 0.493937

clique number: 5
unobserved tuple number: 2
pgibbs sample time: 0.000214 seconds
probability of topic_Person_34 is 0.414641

clique number: 5
unobserved tuple number: 2
pgibbs sample time: 0.000212 seconds
probability of topic_Person_119 is 0.479393

clique number: 2
unobserved tuple number: 1
pgibbs sample time: 5.5e-05 seconds
probability of topic_ResearchProject_63 is 0.462699

clique number: 2
unobserved tuple number: 1
pgibbs sample time: 5.4e-05 seconds
probability of topic_Staff_60 is 0.412752

clique number: 2
unobserved tuple number: 1
pgibbs sample time: 5.5e-05 seconds
probability of topic_ResearchProject_56 is 0.543606

clique number: 6
unobserved tuple number: 2
pgibbs sample time: 0.000307 seconds
probability of topic_Course_93 is 0.443632

clique number: 2
unobserved tuple number: 1
pgibbs sample time: 5.6e-05 seconds
probability of topic_Course_57 is 0.52745

clique number: 2
unobserved tuple number: 1
pgibbs sample time: 6.6e-05 seconds
probability of topic_Staff_14 is 0.44278

clique number: 2
unobserved tuple number: 1
pgibbs sample time: 5.3e-05 seconds
probability of topic_Course_63 is 0.47654

clique number: 39
unobserved tuple number: 12
pgibbs sample time: 0.002524 seconds
probability of topic_Student_46 is 0.493001

clique number: 2
unobserved tuple number: 1
pgibbs sample time: 5.5e-05 seconds
probability of topic_Faculty_16 is 0.419826

clique number: 9
unobserved tuple number: 3
pgibbs sample time: 0.000477 seconds
probability of topic_Faculty_154 is 0.482837

clique number: 3
unobserved tuple number: 1
pgibbs sample time: 7.2e-05 seconds
probability of topic_Department_85 is 0.576182

clique number: 2
unobserved tuple number: 1
pgibbs sample time: 5.4e-05 seconds
probability of topic_Person_98 is 0.713581

clique number: 9
unobserved tuple number: 3
pgibbs sample time: 0.000441 seconds
probability of topic_Department_12 is 0.493435

clique number: 10
unobserved tuple number: 3
pgibbs sample time: 0.000472 seconds
probability of topic_Course_69 is 0.375783

clique number: 2
unobserved tuple number: 1
pgibbs sample time: 5.4e-05 seconds
probability of topic_Staff_63 is 0.576178

clique number: 10
unobserved tuple number: 3
pgibbs sample time: 0.000471 seconds
probability of topic_Staff_30 is 0.434063

clique number: 6
unobserved tuple number: 2
pgibbs sample time: 0.000249 seconds
probability of topic_Student_128 is 0.519551

clique number: 16
unobserved tuple number: 4
pgibbs sample time: 0.000732 seconds
probability of topic_Faculty_88 is 0.465706

clique number: 3
unobserved tuple number: 1
pgibbs sample time: 7.4e-05 seconds
probability of topic_Faculty_83 is 0.518471

clique number: 3
unobserved tuple number: 1
pgibbs sample time: 7.3e-05 seconds
probability of topic_Department_84 is 0.536599

clique number: 8
unobserved tuple number: 3
pgibbs sample time: 0.0004 seconds
probability of topic_Person_127 is 0.530161

clique number: 6
unobserved tuple number: 2
pgibbs sample time: 0.000316 seconds
probability of topic_Student_71 is 0.526554

clique number: 2
unobserved tuple number: 1
pgibbs sample time: 5.7e-05 seconds
probability of topic_Faculty_92 is 0.40832

clique number: 15
unobserved tuple number: 4
pgibbs sample time: 0.000721 seconds
probability of topic_Student_68 is 0.50495

clique number: 4
unobserved tuple number: 1
pgibbs sample time: 8.3e-05 seconds
probability of topic_Course_9 is 0.431377

clique number: 10
unobserved tuple number: 3
pgibbs sample time: 0.000453 seconds
probability of topic_Person_49 is 0.728748

clique number: 10
unobserved tuple number: 3
pgibbs sample time: 0.000404 seconds
probability of topic_Person_12 is 0.452513

clique number: 3
unobserved tuple number: 1
pgibbs sample time: 7.2e-05 seconds
probability of topic_Student_3 is 0.433717

clique number: 3
unobserved tuple number: 1
pgibbs sample time: 9.3e-05 seconds
probability of topic_Faculty_14 is 0.583265

clique number: 2
unobserved tuple number: 1
pgibbs sample time: 5.5e-05 seconds
probability of topic_Person_72 is 0.485746

clique number: 3
unobserved tuple number: 1
pgibbs sample time: 7.3e-05 seconds
probability of topic_Student_31 is 0.638618

clique number: 2
unobserved tuple number: 1
pgibbs sample time: 5.6e-05 seconds
probability of topic_ResearchProject_36 is 0.403352

clique number: 10
unobserved tuple number: 3
pgibbs sample time: 0.00047 seconds
probability of topic_Department_30 is 0.43984

clique number: 3
unobserved tuple number: 1
pgibbs sample time: 7.3e-05 seconds
probability of topic_Faculty_45 is 0.480919

clique number: 2
unobserved tuple number: 1
pgibbs sample time: 5.5e-05 seconds
probability of topic_Department_23 is 0.442131

clique number: 3
unobserved tuple number: 1
pgibbs sample time: 9.5e-05 seconds
probability of topic_Student_73 is 0.432723

clique number: 2
unobserved tuple number: 1
pgibbs sample time: 5.5e-05 seconds
probability of topic_Student_54 is 0.386345

clique number: 2
unobserved tuple number: 1
pgibbs sample time: 5.6e-05 seconds
probability of topic_ResearchProject_13 is 0.522631

clique number: 3
unobserved tuple number: 1
pgibbs sample time: 7.3e-05 seconds
probability of topic_ResearchProject_83 is 0.435929

clique number: 2
unobserved tuple number: 1
pgibbs sample time: 5.6e-05 seconds
probability of topic_Student_37 is 0.511284

clique number: 4
unobserved tuple number: 1
pgibbs sample time: 8.3e-05 seconds
probability of topic_Staff_82 is 0.50126

clique number: 5
unobserved tuple number: 2
pgibbs sample time: 0.000221 seconds
probability of topic_Person_41 is 0.787909

clique number: 2
unobserved tuple number: 1
pgibbs sample time: 5.4e-05 seconds
probability of topic_Faculty_4 is 0.531785

clique number: 2
unobserved tuple number: 1
pgibbs sample time: 5.6e-05 seconds
probability of topic_Faculty_37 is 0.469554

clique number: 42
unobserved tuple number: 13
pgibbs sample time: 0.00271 seconds
probability of topic_Faculty_46 is 0.400572

clique number: 3
unobserved tuple number: 1
pgibbs sample time: 7.2e-05 seconds
probability of topic_Course_31 is 0.468859

clique number: 5
unobserved tuple number: 2
pgibbs sample time: 0.000217 seconds
probability of topic_Department_33 is 0.632162

clique number: 2
unobserved tuple number: 1
pgibbs sample time: 5.6e-05 seconds
probability of topic_Staff_17 is 0.455511

clique number: 3
unobserved tuple number: 1
pgibbs sample time: 7.5e-05 seconds
probability of topic_Department_45 is 0.480134

clique number: 10
unobserved tuple number: 3
pgibbs sample time: 0.000471 seconds
probability of topic_Student_89 is 0.390102

clique number: 10
unobserved tuple number: 3
pgibbs sample time: 0.000505 seconds
probability of topic_Department_26 is 0.609726

clique number: 8
unobserved tuple number: 3
pgibbs sample time: 0.00041 seconds
probability of topic_Faculty_127 is 0.570856

clique number: 2
unobserved tuple number: 1
pgibbs sample time: 5.5e-05 seconds
probability of topic_Course_42 is 0.523905

clique number: 5
unobserved tuple number: 2
pgibbs sample time: 0.00022 seconds
probability of topic_Faculty_119 is 0.484191

clique number: 5
unobserved tuple number: 2
pgibbs sample time: 0.000214 seconds
probability of topic_Staff_34 is 0.480365

clique number: 3
unobserved tuple number: 1
pgibbs sample time: 7.1e-05 seconds
probability of topic_Faculty_86 is 0.415781

clique number: 5
unobserved tuple number: 2
pgibbs sample time: 0.000209 seconds
probability of topic_Staff_119 is 0.486544

clique number: 16
unobserved tuple number: 4
pgibbs sample time: 0.000698 seconds
probability of topic_Course_40 is 0.56352

clique number: 2
unobserved tuple number: 1
pgibbs sample time: 5.6e-05 seconds
probability of topic_Student_80 is 0.501701

clique number: 6
unobserved tuple number: 2
pgibbs sample time: 0.000249 seconds
probability of topic_Faculty_39 is 0.417619

clique number: 2
unobserved tuple number: 1
pgibbs sample time: 5.6e-05 seconds
probability of topic_Faculty_25 is 0.489816

clique number: 8
unobserved tuple number: 3
pgibbs sample time: 0.000437 seconds
probability of topic_Person_18 is 0.488871

clique number: 16
unobserved tuple number: 4
pgibbs sample time: 0.000735 seconds
probability of topic_Faculty_40 is 0.590446

clique number: 7
unobserved tuple number: 2
pgibbs sample time: 0.00028 seconds
probability of topic_Faculty_90 is 0.511167

clique number: 9
unobserved tuple number: 3
pgibbs sample time: 0.00046 seconds
probability of topic_Staff_154 is 0.491603

clique number: 10
unobserved tuple number: 3
pgibbs sample time: 0.000471 seconds
probability of topic_Course_30 is 0.502303

clique number: 2
unobserved tuple number: 1
pgibbs sample time: 5.7e-05 seconds
probability of topic_Faculty_29 is 0.662028

clique number: 2
unobserved tuple number: 1
pgibbs sample time: 5.5e-05 seconds
probability of topic_Person_63 is 0.505972

clique number: 2
unobserved tuple number: 1
pgibbs sample time: 5.4e-05 seconds
probability of topic_Student_87 is 0.629144

clique number: 7
unobserved tuple number: 2
pgibbs sample time: 0.000282 seconds
probability of topic_Faculty_78 is 0.542706

clique number: 3
unobserved tuple number: 1
pgibbs sample time: 7.2e-05 seconds
probability of topic_Department_83 is 0.413138

clique number: 2
unobserved tuple number: 1
pgibbs sample time: 5.5e-05 seconds
probability of topic_Person_32 is 0.481126

clique number: 10
unobserved tuple number: 3
pgibbs sample time: 0.000449 seconds
probability of topic_Staff_26 is 0.429755

clique number: 2
unobserved tuple number: 1
pgibbs sample time: 5.7e-05 seconds
probability of topic_ResearchProject_17 is 0.479381

clique number: 5
unobserved tuple number: 2
pgibbs sample time: 0.000218 seconds
probability of topic_Faculty_22 is 0.373109

clique number: 10
unobserved tuple number: 3
pgibbs sample time: 0.000483 seconds
probability of topic_Student_47 is 0.445454

clique number: 9
unobserved tuple number: 3
pgibbs sample time: 0.000479 seconds
probability of topic_Faculty_94 is 0.407449

clique number: 41
unobserved tuple number: 13
pgibbs sample time: 0.002322 seconds
probability of topic_Person_50 is 0.569887

clique number: 9
unobserved tuple number: 3
pgibbs sample time: 0.000483 seconds
probability of topic_Faculty_7 is 0.436375

clique number: 3
unobserved tuple number: 1
pgibbs sample time: 7.6e-05 seconds
probability of topic_ResearchProject_45 is 0.48455

clique number: 2
unobserved tuple number: 1
pgibbs sample time: 5.6e-05 seconds
probability of topic_Person_96 is 0.557225

clique number: 2
unobserved tuple number: 1
pgibbs sample time: 5.6e-05 seconds
probability of topic_Course_73 is 0.419524

clique number: 41
unobserved tuple number: 13
pgibbs sample time: 0.002321 seconds
probability of topic_Person_51 is 0.453727

clique number: 41
unobserved tuple number: 13
pgibbs sample time: 0.002324 seconds
probability of topic_Person_113 is 0.325328

clique number: 41
unobserved tuple number: 13
pgibbs sample time: 0.002332 seconds
probability of topic_Person_159 is 0.573807

clique number: 2
unobserved tuple number: 1
pgibbs sample time: 5.6e-05 seconds
probability of topic_Faculty_97 is 0.483098

clique number: 2
unobserved tuple number: 1
pgibbs sample time: 5.6e-05 seconds
probability of topic_Department_6 is 0.480109

clique number: 2
unobserved tuple number: 1
pgibbs sample time: 5.6e-05 seconds
probability of topic_Department_91 is 0.42341

clique number: 9
unobserved tuple number: 3
pgibbs sample time: 0.000481 seconds
probability of topic_Person_65 is 0.513432

clique number: 3
unobserved tuple number: 1
pgibbs sample time: 7.1e-05 seconds
probability of topic_Staff_3 is 0.414451

clique number: 6
unobserved tuple number: 2
pgibbs sample time: 0.000245 seconds
probability of topic_Course_128 is 0.506084

clique number: 16
unobserved tuple number: 4
pgibbs sample time: 0.000721 seconds
probability of topic_Staff_43 is 0.353561

clique number: 39
unobserved tuple number: 12
pgibbs sample time: 0.002528 seconds
probability of topic_Student_159 is 0.600219

clique number: 16
unobserved tuple number: 4
pgibbs sample time: 0.000729 seconds
probability of topic_Staff_88 is 0.463858

clique number: 5
unobserved tuple number: 2
pgibbs sample time: 0.000218 seconds
probability of topic_Faculty_35 is 0.601582

clique number: 16
unobserved tuple number: 4
pgibbs sample time: 0.000722 seconds
probability of topic_Staff_68 is 0.450871

clique number: 2
unobserved tuple number: 1
pgibbs sample time: 6.3e-05 seconds
probability of topic_Course_80 is 0.486579

clique number: 2
unobserved tuple number: 1
pgibbs sample time: 5.7e-05 seconds
probability of topic_Department_57 is 0.498504

clique number: 42
unobserved tuple number: 13
pgibbs sample time: 0.002698 seconds
probability of topic_Course_75 is 0.526603

clique number: 9
unobserved tuple number: 3
pgibbs sample time: 0.000481 seconds
probability of topic_Person_107 is 0.485492

clique number: 42
unobserved tuple number: 13
pgibbs sample time: 0.002627 seconds
probability of topic_Staff_75 is 0.337769

clique number: 3
unobserved tuple number: 1
pgibbs sample time: 7.1e-05 seconds
probability of topic_Course_83 is 0.673088

clique number: 12
unobserved tuple number: 4
pgibbs sample time: 0.000731 seconds
probability of topic_ResearchProject_20 is 0.443736

clique number: 3
unobserved tuple number: 1
pgibbs sample time: 7.2e-05 seconds
probability of topic_Staff_86 is 0.432368

clique number: 2
unobserved tuple number: 1
pgibbs sample time: 5.4e-05 seconds
probability of topic_Staff_6 is 0.447858

clique number: 2
unobserved tuple number: 1
pgibbs sample time: 5.5e-05 seconds
probability of topic_Student_72 is 0.675257

clique number: 2
unobserved tuple number: 1
pgibbs sample time: 5.4e-05 seconds
probability of topic_ResearchProject_99 is 0.47182

clique number: 6
unobserved tuple number: 2
pgibbs sample time: 0.000249 seconds
probability of topic_Faculty_85 is 0.393379

clique number: 2
unobserved tuple number: 1
pgibbs sample time: 5.8e-05 seconds
probability of topic_Department_4 is 0.48277

clique number: 2
unobserved tuple number: 1
pgibbs sample time: 5.5e-05 seconds
probability of topic_Course_25 is 0.47654

clique number: 41
unobserved tuple number: 13
pgibbs sample time: 0.002494 seconds
probability of topic_Person_75 is 0.622682

clique number: 8
unobserved tuple number: 3
pgibbs sample time: 0.000401 seconds
probability of topic_Person_19 is 0.384291

clique number: 2
unobserved tuple number: 1
pgibbs sample time: 5.4e-05 seconds
probability of topic_Staff_5 is 0.423377

clique number: 10
unobserved tuple number: 3
pgibbs sample time: 0.000478 seconds
probability of topic_ResearchProject_26 is 0.559666

clique number: 2
unobserved tuple number: 1
pgibbs sample time: 5.5e-05 seconds
probability of topic_Staff_87 is 0.467612

clique number: 2
unobserved tuple number: 1
pgibbs sample time: 5.4e-05 seconds
probability of topic_Staff_76 is 0.639653

clique number: 2
unobserved tuple number: 1
pgibbs sample time: 5.5e-05 seconds
probability of topic_Student_70 is 0.458271

clique number: 2
unobserved tuple number: 1
pgibbs sample time: 5.5e-05 seconds
probability of topic_Faculty_72 is 0.44287

clique number: 12
unobserved tuple number: 4
pgibbs sample time: 0.00073 seconds
probability of topic_ResearchProject_221 is 0.481264

clique number: 16
unobserved tuple number: 4
pgibbs sample time: 0.000743 seconds
probability of topic_ResearchProject_88 is 0.487666

clique number: 2
unobserved tuple number: 1
pgibbs sample time: 5.7e-05 seconds
probability of topic_Department_95 is 0.467383

clique number: 2
unobserved tuple number: 1
pgibbs sample time: 5.6e-05 seconds
probability of topic_Department_56 is 0.601492

clique number: 2
unobserved tuple number: 1
pgibbs sample time: 5.6e-05 seconds
probability of topic_Student_74 is 0.487579

clique number: 8
unobserved tuple number: 3
pgibbs sample time: 0.000406 seconds
probability of topic_ResearchProject_33 is 0.277157

clique number: 2
unobserved tuple number: 1
pgibbs sample time: 5.4e-05 seconds
probability of topic_Staff_52 is 0.511184

clique number: 8
unobserved tuple number: 3
pgibbs sample time: 0.000408 seconds
probability of topic_ResearchProject_127 is 0.451113

clique number: 16
unobserved tuple number: 4
pgibbs sample time: 0.000729 seconds
probability of topic_Person_88 is 0.417328

clique number: 2
unobserved tuple number: 1
pgibbs sample time: 5.5e-05 seconds
probability of topic_Course_2 is 0.464953

clique number: 5
unobserved tuple number: 2
pgibbs sample time: 0.00022 seconds
probability of topic_Faculty_177 is 0.526022

clique number: 3
unobserved tuple number: 1
pgibbs sample time: 7.2e-05 seconds
probability of topic_Student_45 is 0.456385

clique number: 2
unobserved tuple number: 1
pgibbs sample time: 5.6e-05 seconds
probability of topic_ResearchProject_57 is 0.489022

clique number: 2
unobserved tuple number: 1
pgibbs sample time: 5.5e-05 seconds
probability of topic_Person_29 is 0.615632

