17040
Student
Faculty
Staff
ResearchProject
Course
Department
Person
3104017
3104190
3104330
3104464
3104599
3104733
3104874
3455535
3455680
3455813
3455946
3456079
3456210
3456342
3477131
3477277
3477410
3477545
3477677
3477811
3477942
3500146
3500297
3500439
3500578
3500716
3500875
3501018
3538021
3538164
3538298
3538432
3538564
3538694
3538825
3562297
3562447
3562590
3562728
3562868
3563005
3563141
3586554
3586700
3586834
3586965
3587099
3587229
3587360
3610529
3610674
3610808
3610942
3611077
3611214
3611348
3651824
3651966
3652100
3652234
3652366
3652497
3652628
3693380
3693524
3693659
3693793
3693925
3694057
3694189
3718171
3718315
3718451
3718584
3718718
3718851
3718984
3743392
3743536
3743670
3743803
3743936
3744068
3744200
3790432
3790606
3790755
3790917
3791060
3791203
3791345
3818674
3818829
3818974
3819117
3819259
3819402
3819544
3846801
3846953
3847094
3847234
3847373
3847512
3847650
3897355
3897507
3897648
3897787
3897926
3898065
3898203
3925630
3925787
3925932
3926073
3926213
3926354
3926495
3954655
3954824
3954983
3955126
3955282
3955422
3955564
4007796
4007946
4008086
4008224
4008363
4008499
4008637
4038055
4038207
4038349
4038488
4038626
4038766
4038905
4119896
4120041
4120176
4120309
4120441
4120573
4120704
4174232
4174375
4174507
4174639
4174769
4174899
4175030
4312412
4312566
4312709
4312856
4312998
4313139
4313279
4344347
4344497
4344636
4344780
4344920
4345058
4345195
4376052
4376201
4376340
4376479
4376618
4376763
4376902
4496783
4496926
4497059
4497191
4497322
4497452
4497583
4527684
4527827
4527959
4528091
4528222
4528353
4528484
4681584
4681729
4681862
4681995
4682127
4682260
4682391
4713265
4713408
4713542
4713674
4713806
4713938
4714070
4745210
4745352
4745487
4745619
4745751
4745882
4746014
4813159
4813308
4813448
4813589
4813728
4813866
4814003
4883547
4883693
4883827
4883959
4884091
4884221
4884352
4984994
4985137
4985270
4985404
4985534
4985666
4985797
5018507
5018649
5018783
5018915
5019047
5019177
5019308
5092391
5092563
5092752
5092934
5093087
5093226
5093365
5164836
5164978
5165111
5165242
5165373
5165503
5165651
5199156
5199299
5199431
5199563
5199695
5199826
5199958
5272959
5273113
5273256
5273397
5273539
5273678
5273821
5355460
5355615
5355760
5355903
5356046
5356188
5356329
5394263
5394418
5394564
5394707
5394850
5394992
5395134
5433429
5433581
5433722
5433863
5434002
5434141
5434280
5515684
5515836
5515978
5516117
5516256
5516395
5516534
5598626
5598777
5598918
5599057
5599195
5599332
5599470
5679063
5679208
5679343
5679475
5679608
5679739
5679872
5759308
5759451
5759584
5759715
5759846
5759977
5760108
5890543
5890686
5890819
5890951
5891081
5891211
5891341
5928677
5928818
5928951
5929084
5929215
5929345
5929475
6058205
6058348
6058481
6058612
6058743
6058873
6059004
6096880
6097024
6097158
6097290
6097422
6097552
6097682
6135916
6136057
6136190
6136321
6136452
6136588
6136720
6175322
6175465
6175598
6175730
6175860
6175992
6176123
6263383
6263526
6263659
6263790
6263921
6264052
6264183
6306207
6306351
6306485
6306617
6306748
6306878
6307009
6346746
6346889
6347024
6347156
6347288
6347419
6347550
6653943
6654095
6654230
6654363
6654496
6654628
6654760
6695443
6695587
6695720
6695852
6695984
6696115
6696246
6737231
6737374
6737509
6737641
6737772
6737904
6738036
6780383
6780540
6780682
6780821
6780959
6781098
6781235
6933125
6933269
6933403
6933536
6933668
6933800
6933931
7140290
7140439
7140573
7140705
7140836
7140968
7141099
7297796
7297947
7298086
7298225
7298362
7298500
7298637
7457259
7457402
7457536
7457668
7457798
7457929
7458060
7616531
7616677
7616812
7616944
7617076
7617208
7617340
7661361
7661507
7661642
7661775
7661907
7662039
7662171
7706236
7706381
7706515
7706648
7706781
7706912
7707044
7814508
7814695
7814841
7815014
7815153
7815290
7815428
7860404
7860547
7860680
7860811
7860942
7861071
7861202
7906991
7907134
7907270
7907403
7907535
7907666
7907796
7952965
7953108
7953241
7953373
7953505
7953637
7953767
7999322
7999465
7999599
7999730
7999861
7999992
8000122
8046201
8046344
8046478
8046609
8046740
8046871
8047003
8093382
8093525
8093658
8093790
8093920
8094051
8094182
8141182
8141345
8141800
8142157
8142498
8142834
8143170
8242125
8242352
8242563
8242771
8242978
8243185
8243392
8309925
8310077
8310218
8310356
8310494
8310633
8310769
8361210
8361422
8361576
8361766
8361905
8362044
8362182
8411689
8411834
8411967
8412100
8412231
8412369
8412502
8461179
8461323
8461456
8461593
8461725
8461856
8461987
8510337
8510480
8510614
8510746
8510878
8511009
8511140
8559837
8559980
8560114
8560254
8560387
8560521
8560653
8609874
8610018
8610152
8610285
8610416
8610547
8610678
8661286
8661433
8661567
8661698
8661830
8661963
8662094
8711928
8712073
8712211
8712347
8712479
8712611
8712742
8762775
8762921
8763054
8763187
8763318
8763450
8763582
8818235
8818393
8818538
8818681
8818824
8818966
8819108
8873030
8873175
8873309
8873441
8873573
8873705
8873837
8925064
8925210
8925343
8925475
8925608
8925738
8925869
8977410
8977556
8977690
8977823
8977955
8978087
8978219
9030221
9030365
9030500
9030632
9030764
9030896
9031027
9083093
9083238
9083374
9083506
9083639
9083770
9083901
9136207
9136392
9136546
9136732
9136865
9136996
9137128
9189816
9189961
9190095
9190228
9190361
9190493
9190623
9243673
9243819
9243953
9244085
9244222
9244355
9244487
9299810
9299962
9300104
9300249
9300390
9300530
9300668
9357634
9357787
9357927
9358066
9358205
9358345
9358485
9413659
9413805
9413939
9414071
9414202
9414334
9414520
9469038
9469183
9469318
9469449
9469581
9469712
9469843
9524349
9524494
9524628
9524760
9524892
9525023
9525155
9580124
9580271
9580405
9580538
9580670
9580802
9580933
9636398
9636550
9636705
9636837
9636969
9637099
9637230
time=999 node=10.1.1.4 tuple=records records_attr1=10.1.1.4 records_attr2=4ae19139e18c61fe62a7a1f290b2a0af843ff0a records_attr3=844c1b458ec1e056f964cc76d2cc18ef5536608e records_attr4=topic_Student_30(r183@n257(hasword_april_30)) 
time=999 node=10.1.1.4 tuple=records records_attr1=10.1.1.4 records_attr2=8a1aaa29279edd42ed20b3f35a011338eb465c3 records_attr3=617b46bfa0e4ee83de6f1eef52cee26fcdc6224e records_attr4=topic_Staff_14(r179@n257(hasword_select_14)) 
time=999 node=10.1.1.4 tuple=records records_attr1=10.1.1.4 records_attr2=c0fd161a058b69b0ea52b642efbd7f64d4923e0 records_attr3=eac10235c44c793733bb4678e9b53bee66ed325d records_attr4=topic_ResearchProject_29(r171@n257(hasword_rule_29)) 
time=999 node=10.1.1.4 tuple=records records_attr1=10.1.1.4 records_attr2=10e300802d6d9162f311afa1e7883d6c345cd60c records_attr3=1b98102cac1e852e9e44ee7195f2c8c7fb85637 records_attr4=topic_ResearchProject_53(r115@n257(hasword_type_53)) 
time=999 node=10.1.1.4 tuple=records records_attr1=10.1.1.4 records_attr2=173c49f894ded757b76f9c1d2cab7bd94e912a0a records_attr3=cf24f9e1edc70781803e84948ddfe8726bd1dd79 records_attr4=topic_Person_64(r448@n257(hasword_time_64)) 
time=999 node=10.1.1.4 tuple=records records_attr1=10.1.1.4 records_attr2=26853c7b4ac81012f3edde72e217faba4abd7484 records_attr3=16e7a909a11b9c2fc445ba4405f812797c73127b records_attr4=topic_Faculty_41(r211@n257(hasword_provid_41)) 
time=999 node=10.1.1.4 tuple=records records_attr1=10.1.1.4 records_attr2=268eef401fac014fea647e2f9e6ea74c0bce492a records_attr3=9a4187d1ac35c17d638c056b42a0aee8011e82db records_attr4=topic_Faculty_58(r478@n257(hasword_type_58)) 
time=999 node=10.1.1.4 tuple=records records_attr1=10.1.1.4 records_attr2=28736c35fd949d9e8233432f8c2e27332db9c6b8 records_attr3=d1486d57a6fe969b7d129ff7fa8700fef21762ec records_attr4=topic_Department_21(r263@n257(hasword_modifi_21)) 
time=999 node=10.1.1.4 tuple=records records_attr1=10.1.1.4 records_attr2=29a380ccc0c76a76a1a70956afff2ca6655cbe91 records_attr3=60d8e743dbe873feb4ddf2feb7977ff54522d8da records_attr4=topic_Staff_21(r62@n257(hasword_modifi_21)) 
time=999 node=10.1.1.4 tuple=records records_attr1=10.1.1.4 records_attr2=2a375278ac5693117638465c8f39f81169a2d23c records_attr3=e04b29338f0a203900105577bf6fb21169f8a8d1 records_attr4=topic_Course_40(r87@n257(hasword_install_40)) 
time=999 node=10.1.1.4 tuple=records records_attr1=10.1.1.4 records_attr2=3339672b45eb11c841e022a75b81a126f810c81f records_attr3=69c82f7c503c6cd16b8388b5bf8971c01d853fdd records_attr4=topic_Course_8(r428@n257(hasword_cern_8)) 
time=999 node=10.1.1.4 tuple=records records_attr1=10.1.1.4 records_attr2=3c94909f038fe7ccde1ca0b0ed039cdaa87cbda9 records_attr3=c39d8c32fd51ab9dc9212c71f963c365c377ce3b records_attr4=topic_Department_11(r72@n257(hasword_mime_11)) 
time=999 node=10.1.1.4 tuple=records records_attr1=10.1.1.4 records_attr2=4034d0381f63d5906c5aed0f60672a8b06383435 records_attr3=445894231887ddc13e7a9ded001b83b3c737fd37 records_attr4=topic_Person_59(r138@n257(hasword_site_59)) 
time=999 node=10.1.1.4 tuple=records records_attr1=10.1.1.4 records_attr2=41e8e95227e87dfcd7e5cdd4babc4091ba9fbca7 records_attr3=55f52217bf3e4f796d5215c6382b92382ee04c8c records_attr4=topic_Department_24(r78@n257(hasword_text_24)) 
time=999 node=10.1.1.4 tuple=records records_attr1=10.1.1.4 records_attr2=4a1e855a1b505b191870344713e832f2c1417e15 records_attr3=adc31ebf1c6e260f670da3a1d4bebd814b23aafc records_attr4=topic_Student_17(r461@n257(hasword_make_17)) 
time=999 node=10.1.1.4 tuple=records records_attr1=10.1.1.4 records_attr2=54d222579e4ca62ee840f566500092f974b9808f records_attr3=e45b38508522bbaf63101f8066830b8c62f92e81 records_attr4=topic_Student_3(r52@n257(hasword_sampl_3)) 
time=999 node=10.1.1.4 tuple=records records_attr1=10.1.1.4 records_attr2=57c3b2b8d45da7c4eb22522adafe942872fb4325 records_attr3=3712f9504d975f6c5751af56dee52f86dbfa78e7 records_attr4=topic_Student_31(r67@n257(hasword_requir_31)) 
time=999 node=10.1.1.4 tuple=records records_attr1=10.1.1.4 records_attr2=5a40a716dad42398db50fc8dd3e5a62ca3161205 records_attr3=6d923ee4621877c6efc0ce288e96635d660bddec records_attr4=topic_Student_37(r46@n257(hasword_research_37)) 
time=999 node=10.1.1.4 tuple=records records_attr1=10.1.1.4 records_attr2=5efac2e5c44cc4e53dda5f25c2a414782647093f records_attr3=4dd4a744dd909a77e0ce48f89f6a9809ec6c3e6b records_attr4=topic_Faculty_61(r357@n257(hasword_written_61)) 
time=999 node=10.1.1.4 tuple=records records_attr1=10.1.1.4 records_attr2=6692ad22710a1ebc229590f483a6f2a173d42692 records_attr3=ea9b39da28eb746d66294e674cf7682a134bab32 records_attr4=topic_ResearchProject_26(r108@n257(hasword_modifi_26)) 
time=999 node=10.1.1.4 tuple=records records_attr1=10.1.1.4 records_attr2=74ceda44b82bc94574d1334b9e5406346deeb3db records_attr3=4a5cf35a096746a3e3291c59bfcd03f0ae20cc4f records_attr4=topic_Student_46(r498@n257(hasword_texa_46)) 
time=999 node=10.1.1.4 tuple=records records_attr1=10.1.1.4 records_attr2=767eeea0f1e5d5199aaa31b47499da8abbce563b records_attr3=8ec745f25b85f948f2defaed49d60ef02a149dcd records_attr4=topic_ResearchProject_33(r284@n257(hasword_robert_33)) 
time=999 node=10.1.1.4 tuple=records records_attr1=10.1.1.4 records_attr2=7aa0c74d4116cf9d3362128cb52defd88d1ae2fa records_attr3=4a0d6dc9f3973a85bb2e4eb35e57b5966478db29 records_attr4=topic_Staff_19(r457@n257(hasword_journal_19)) 
time=999 node=10.1.1.4 tuple=records records_attr1=10.1.1.4 records_attr2=7c15c4761e7f59ed6fc12a5970a9dfb88ed456ac records_attr3=67baeecc2c964c85c5fe00d8133f07c04c15e060 records_attr4=topic_ResearchProject_61(r385@n257(hasword_written_61)) 
time=999 node=10.1.1.4 tuple=records records_attr1=10.1.1.4 records_attr2=7f1decbc103d8e1aba53b23c86505aae66d5543b records_attr3=a969908276ec1a766a8edc8af2343fae6b55bcd6 records_attr4=topic_ResearchProject_20(r59@n257(hasword_discuss_20)) 
time=999 node=10.1.1.4 tuple=records records_attr1=10.1.1.4 records_attr2=88d5b66e64ec0736b76fbd838264ab733d129041 records_attr3=f1fcf4b704f5d21ea672a4204e0eacfd53a79ad3 records_attr4=topic_ResearchProject_58(r115@n257(hasword_type_58)) 
time=999 node=10.1.1.4 tuple=records records_attr1=10.1.1.4 records_attr2=8b60f694e9bfde22554a26ffbbbe8ed3ca4e4f25 records_attr3=3fbeab1928cce5f08be02841416666a39a803adb records_attr4=topic_Staff_53(r274@n257(hasword_type_53)) 
time=999 node=10.1.1.4 tuple=records records_attr1=10.1.1.4 records_attr2=9396a79d37378efc63dc384093b5b2287686a861 records_attr3=325a5fb7e4c0e8a14a992c0c171d577ad1ffad32 records_attr4=topic_Faculty_53((r478@n257(hasword_type_53))+(rl@n257(links_53_34*topic_Faculty_34(r12@n257(hasword_numer_34))))) 
time=999 node=10.1.1.4 tuple=records records_attr1=10.1.1.4 records_attr2=96026cccc7ca09dbf4a66f28854c27e0b229e534 records_attr3=3ced394f7f1f4b2ddc041798cf350226aae0fc7c records_attr4=topic_Department_50(r92@n257(hasword_confer_50)) 
time=999 node=10.1.1.4 tuple=records records_attr1=10.1.1.4 records_attr2=99cc32c6188ca6434574e7de7b43879962962021 records_attr3=46c7a39e2d15c4ccff58636d007c10ea5d67a19b records_attr4=topic_Student_19(r300@n257(hasword_journal_19)) 
time=999 node=10.1.1.4 tuple=records records_attr1=10.1.1.4 records_attr2=9a4bea81ac5dffa2ff91b6d6e969cea9cc2150d7 records_attr3=6bebbef3f0e5554c285e80802c4b9b4a24367940 records_attr4=topic_Faculty_57(r19@n257(hasword_texa_57)) 
time=999 node=10.1.1.4 tuple=records records_attr1=10.1.1.4 records_attr2=9d98594d492ffa46baa6093695563d58c3d0fcbf records_attr3=4cb857415e02b558191f96619cd240ec037bb277 records_attr4=topic_Department_36(r72@n257(hasword_mime_36)) 
time=999 node=10.1.1.4 tuple=records records_attr1=10.1.1.4 records_attr2=a85d6b788922a726871e2be1c133e7397eb02987 records_attr3=aa6ce7041a82cc49a8b5b28fa1ceffd4f8c42333 records_attr4=topic_Department_44(r318@n257(hasword_version_44)) 
time=999 node=10.1.1.4 tuple=records records_attr1=10.1.1.4 records_attr2=acfa6f8e199e67cb656971c9da285dffb2b05399 records_attr3=6e8c116ab490bfdd3bd79ce5d71579dafcc0532b records_attr4=topic_Faculty_46(r19@n257(hasword_texa_46)) 
time=999 node=10.1.1.4 tuple=records records_attr1=10.1.1.4 records_attr2=af7f64956c2e1fbe03c5af6b24cccd6915c84b4c records_attr3=80fc1822787a7bffd2766c4bac77616b12dbcbbd records_attr4=topic_Course_59(r285@n257(hasword_site_59)) 
time=999 node=10.1.1.4 tuple=records records_attr1=10.1.1.4 records_attr2=b1c25bcf0d8ac4338d75639c5f5fc1c16fb162a8 records_attr3=a12676d29bab11b6ebae300f1bfacdd983e6ada8 records_attr4=topic_ResearchProject_21(r108@n257(hasword_modifi_21)) 
time=999 node=10.1.1.4 tuple=records records_attr1=10.1.1.4 records_attr2=b800ab2d75d28eb53b94c3f230875193df2b87da records_attr3=c729b60191cad8f760c38e783c939d946df12591 records_attr4=topic_Student_21(r158@n257(hasword_modifi_21)) 
time=999 node=10.1.1.4 tuple=records records_attr1=10.1.1.4 records_attr2=be3e9a3dbd12544fd0fb72317765a6dd62b25d91 records_attr3=c442618fcf53744510359f9d0933483032b5b1d3 records_attr4=topic_ResearchProject_42(r147@n257(hasword_length_42)) 
time=999 node=10.1.1.4 tuple=records records_attr1=10.1.1.4 records_attr2=c4f18874354ea05fd18e8c59d9e42bfbfc45c2d5 records_attr3=8fa4b8bc5e182d622be1ec45d50eb8ab7790da7b records_attr4=topic_Faculty_31(r293@n257(hasword_requir_31)) 
time=999 node=10.1.1.4 tuple=records records_attr1=10.1.1.4 records_attr2=c66208269973f88d774a9cba60a5766b5d5b5e88 records_attr3=765fb7dd8366c10169474957d8e4c58b15570ff7 records_attr4=topic_Department_26(r263@n257(hasword_modifi_26)) 
time=999 node=10.1.1.4 tuple=records records_attr1=10.1.1.4 records_attr2=c9fb467b11eacffb715cb65713845a480a20aaf0 records_attr3=fe626094e262ea7ce2f8e6b74bc0798d939998b4 records_attr4=topic_Person_60(r330@n257(hasword_server_60)) 
time=999 node=10.1.1.4 tuple=records records_attr1=10.1.1.4 records_attr2=ccee2c55e0b44f8f273c5b067e2bec5a82fe742d records_attr3=d10e949853ca7e12b871bc048553d404cc020c69 records_attr4=topic_Person_24(r359@n257(hasword_text_24)) 
time=999 node=10.1.1.4 tuple=records records_attr1=10.1.1.4 records_attr2=da1926fc31550e258a1d565bcaba7aa9658892fc records_attr3=b0bd8bfbad8fad1f35e014bc643b1944aaaf2f4 records_attr4=topic_Course_7(r428@n257(hasword_cern_7)) 
time=999 node=10.1.1.4 tuple=records records_attr1=10.1.1.4 records_attr2=dc59a7faa2ee8f3d73ea7b73ed8573cf9aa8ad0d records_attr3=ebf0030a9ee0ead90de0c172b5a9ba0302886b19 records_attr4=topic_ResearchProject_44(r142@n257(hasword_version_44)) 
time=999 node=10.1.1.4 tuple=records records_attr1=10.1.1.4 records_attr2=dd6660e54a5e8a1d77e60ca6b47e808dc3d5d8f9 records_attr3=ee45a82d02db37122c06da7d1ce5b381451c00ef records_attr4=topic_Staff_26(r62@n257(hasword_modifi_26)) 
time=999 node=10.1.1.4 tuple=records records_attr1=10.1.1.4 records_attr2=e6aa54eb61e5a74d8a34438df760eaf1cea56f7c records_attr3=2a99903bf84afb7a7a174d878936d31fa058524b records_attr4=topic_Course_60(r170@n257(hasword_server_60)) 
time=999 node=10.1.1.4 tuple=records records_attr1=10.1.1.4 records_attr2=ebe17ed7e2848af7c297b77e2c9a616a97e1871a records_attr3=78ffe8e1ebd803ce6b59319f52df412bd16b65ba records_attr4=topic_Student_26(r158@n257(hasword_modifi_26)) 
time=999 node=10.1.1.4 tuple=records records_attr1=10.1.1.4 records_attr2=ecae6c205bb12b75ec9b683fdef98a55bc23ae86 records_attr3=2e45693ddab89a2444c7ddde8c000809c312739c records_attr4=topic_Student_57(r498@n257(hasword_texa_57)) 
time=999 node=10.1.1.4 tuple=records records_attr1=10.1.1.4 records_attr2=ee1dfcbf04bf72ae3fe38d1e2884af46f55007d1 records_attr3=2ebf7fee6328d854b6a0ad1a0455fd2486ecc057 records_attr4=topic_Staff_24(r382@n257(hasword_text_24)) 
time=999 node=10.1.1.4 tuple=records records_attr1=10.1.1.4 records_attr2=f11dd90a205d9ae2bae7706308b18df1e06dca05 records_attr3=6e0dd3e1a0c4d3876ca6149b37c3f401f3553940 records_attr4=topic_Staff_58(r274@n257(hasword_type_58)) 
time=999 node=10.1.1.4 tuple=records records_attr1=10.1.1.4 records_attr2=face8410e90c7406b9ba30aee96f1f1177cc3379 records_attr3=a77b5cb7a08ec5db5e9a994a898e7a0cd6ae66ab records_attr4=topic_ResearchProject_43(r193@n257(hasword_free_43)) 
time=999 node=10.1.1.4 tuple=records records_attr1=10.1.1.4 records_attr2=fd8c6c783f5d8b583f87d997cdfa5653e468d6d5 records_attr3=80804dbc7d2b3442724ff556be0e358d0bb31a34 records_attr4=topic_Faculty_34(r12@n257(hasword_numer_34)) 
time cost: 10.2888 seconds
