observed tuples: r3380 r465 r4745 r3898 r511 r3157 r1907 r4938 r258 r4130 r2085 r3362 r3969 r2465 r1772 r3656 r2992 r50 r3152 r3982 r565 r3392 r3653 r4427 r3347 r2396 r2874 r1339 r1811 r2647 r4445 r3078 r978 r576 r4775 r1424 r1660 r4739 r4459 r3589 r3519 r4304 r1709 r4033 r4600 r2765 r3192 r2726 r2127 r593 r1470 r3092 r3565 r2525 r347 r1575 r3313 r4863 r2950 r1256 r3141 r2492 r4208 r2367 r2354 r1063 r3348 r543 r1004 r2741 r3315 r3923 r919 r3879 r4108 r549 r4654 r3673 r3224 r861 r3474 r3472 r4243 r3518 r1229 r2042 r1491 r2161 r1812 r3400 r734 r559 r4365 r3319 r305 r3137 r1132 r1931 r365 r2612 r2230 r3435 r4396 r2586 r2618 r4571 r1389 r2763 r60 r123 r4367 r1524 r3927 r232 r4224 r4234 r2472 r4967 r4658 r818 r3728 r78 r620 r4146 r929 r485 r3857 r3998 r3574 r1873 r263 r3866 r1823 r3535 r980 r2952 r4688 r3247 r2431 r2049 r4987 r4307 r2880 r1428 r3184 r3167 r1180 r4712 r834 r2376 r3415 r4022 r3388 r1462 r4612 r4082 r4768 r2099 r1897 r2125 r4648 r4231 r4891 r2875 r721 r651 r9 r3793 r4156 r4503 r4632 r4629 r4425 r2804 r2597 r4894 r2831 r4565 r155 r650 r4604 r702 r1320 r126 r1787 r3425 r798 r3168 r3950 r3475 r3707 r1360 r2746 r558 r2274 r3661 r3559 r3013 r1989 r2253 r423 r1471 r3246 r1832 r3308 r2014 r4750 r3806 r1465 r2456 r991 r1707 hasword_june_118 r1258 r913 r3076 links_133_24 hasword_wa_15 r4205 r4929 r2854 r2333 links_57_168 r4966 r2774 r4906 r400 r2668 r4075 r760 r3768 r3083 r1833 r4392 r1891 r840 r3426 r3757 r2671 links_41_118 r1944 r351 hasword_system_29 r2276 hasword_www_180 hasword_postscript_17 r2857 r4428 r2862 r2389 r2415 r4093 r3468 r2720 r192 links_134_11 r476 r4837 hasword_type_168 hasword_queri_76 r4494 r2088 r1032 r3433 hasword_suggest_91 r4150 r2384 r3807 links_87_35 r146 hasword_text_45 hasword_materi_23 hasword_move_48 r1377 r1520 r424 hasword_utexa_54 r2263 r2478 links_41_72 r1078 r4924 r2100 hasword_gmt_76 r411 r2913 hasword_austin_69 r2734 r3834 r2084 r75 r4358 r3536 r408 hasword_program_70 hasword_experi_92 hasword_algorithm_84 links_41_106 r2588 links_41_115 r900 links_41_174 r1321 r1287 r2093 r4656 hasword_parallel_72 r4680 r1332 r2981 r2549 r809 r3708 r4324 r769 r495 r1285 hasword_wide_35 r298 r889 hasword_document_92 r4 hasword_server_66 r1277 r1089 hasword_address_157 r356 r4341 r3360 r1914 hasword_window_39 hasword_chapter_60 r4665 links_54_114 r1325 links_156_126 hasword_left_75 r4610 hasword_direct_63 links_126_54 r3416 r4651 links_87_10 r896 r1580 r3576 r4463 r3724 r1227 r2799 r2242 links_2_199 r2722 hasword_plan_2 hasword_educ_95 r3185 hasword_window_99 r1116 r392 r3186 links_91_45 r750 hasword_creat_96 r2842 r205 r3298 hasword_made_90 r536 r3934 r144 r1333 hasword_aug_98 hasword_html_19 r1468 r4993 r1615 r4948 hasword_set_42 r231 r181 r1043 r1093 r214 r206 r3222 hasword_principl_83 r3583 r3431 r4854 r4706 r2355 r659 r1370 hasword_ph_34 r4558 r4123 hasword_task_47 r4771 hasword_base_47 r2321 r872 r238 r2616 r3794 r4718 hasword_date_53 r1237 hasword_date_74 r1506 r2847 r3818 r1261 hasword_page_97 hasword_onlin_88 r359 r3590 hasword_consist_49 r2461 r2680 r2229 r2999 hasword_class_59 r2303 r2561 r2714 hasword_nov_62 r4465 r1807 hasword_paper_26 r337 r2198 r4824 r4473 r51 r1202 r4159 r4062 r1386 r3844 links_29_28 r3853 r1737 r4572 hasword_past_32 r1838 r1626 r3383 hasword_sourc_64 r3655 hasword_major_41 r2559 r2395 r3253 r1911 r520 r644 hasword_add_14 r2580 hasword_transfer_12 hasword_prototyp_7 r2727 r1969 r1554 r3524 r4174 r2279 r3084 hasword_event_35 r1475 r2486 r2884 r339 r1366 hasword_html_46 r912 r1099 r1913 links_2_169 r1526 r2170 r2066 hasword_ta_24 r4487 r4603 r4512 r3887 r2055 r790 r4484 hasword_jan_42 hasword_case_155 r62 r2736 hasword_form_77 r966 links_106_41 r2448 links_29_102 links_4_111 hasword_manag_25 r3563 hasword_engin_87 hasword_test_125 r3901 r2823 r603 hasword_line_4 r794 hasword_develop_10 hasword_institut_169 links_111_58 hasword_april_4 links_17_145 r4209 r1276 hasword_text_22 links_110_8 links_59_126 r176 r3276 r4573 r3393 hasword_nation_55 r1961 r942 r3440 r484 r2629 r741 r3338 r4563 hasword_india_68 hasword_type_136 links_168_57 hasword_content_40 r4616 hasword_artifici_145 hasword_version_18 r4726 r3130 r2840 hasword_architectur_7 r2520 r1934 r2521 hasword_current_35 hasword_hall_102 r4628 hasword_modifi_25 hasword_confer_9 links_11_67 links_81_20 hasword_press_20 r3856 r2337 r4104 r56 hasword_numer_119 r737 r3836 r3690 links_28_102 r3188 r4126 hasword_investig_106 links_136_125 r4405 r2803 r3271 hasword_jan_79 hasword_faculti_33 r4653 hasword_room_30 r1695 r518 r1282 hasword_librari_3 links_65_119 r4845 r797 r1753 r1031 hasword_implem_156 r4117 hasword_open_111 r2452 r2984 r2780 r3067 r1530 r4637 r4692 r4118 r3330 r4589 r1211 links_78_180 r3420 links_45_48 hasword_sequenc_43 hasword_orient_126 links_126_3 links_126_59 r388 r1409 hasword_text_51 r642 r1887 r3736 r2608 hasword_mime_114 r4777 hasword_definit_21 r1558 r2444 r210 hasword_nov_77 r4817 r2591 hasword_resourc_78 r2706 r3894 r187 r3428 hasword_wide_50 hasword_group_115 links_13_187 hasword_student_94 r3081 r440 r1254 hasword_file_56 r775 r4970 r2791 r4806 r4180 r4533 hasword_wait_52 r2733 r3947 r961 r4490 r4852 hasword_begin_102 r1498 r4434 hasword_unit_57 r1906 r212 r1494 r121 hasword_provid_28 r681 hasword_modifi_134 r3546 hasword_propos_32 r3221 r4730 r2821 links_199_18 links_50_29 r3978 r273 r4744 links_57_61 r3237 r161 r219 r4816 r831 r1940 r2554 links_50_102 hasword_machin_22 r2050 links_50_28 r136 r1019 r3 hasword_logic_7 r4111 r1703 r4488 r4835 r4286 r261 r2018 r1782 r1566 links_8_110 links_116_93 r4070 r795 r1719 r2893 r4077 r1342 r3019 hasword_modifi_110 r1642 r3451 hasword_articl_25 r346 r1376 r4635 r615 r4195 hasword_jan_8 hasword_univers_88 links_136_30 hasword_train_180 r784 r3636 hasword_ftp_174 r4129 r3044 r3050 r230 r2011 r3611 hasword_docum_79 r2267 hasword_mondai_68 hasword_engin_42 r1304 hasword_jan_27 hasword_check_111 hasword_write_31 hasword_deriv_65 r1810 r4216 r4873 r3719 hasword_cern_15 hasword_point_155 links_102_50 r2896 links_30_136 r1775 hasword_dynam_3 r876 r955 hasword_lab_199 r1427 r1385 hasword_count_52 r180 r304 hasword_version_82 r3692 r4996 r4290 r1900 r3017 r2796 r2815 r3622 r3520 r4227 r3205 hasword_form_94 r917 r1937 r3600 r3144 r4031 r4879 r4211 r2168 r1017 r246 hasword_effici_51 r2264 r3183 r3725 r10 r4092 r1489 r3031 r1364 r2429 r3873 r990 hasword_solution_14 r4371 r4140 r2829 r1246 r1921 hasword_gmt_50 r3007 hasword_texa_6 r3410 r3478 hasword_gmt_37 r3365 r2233 r4855 r2859 r3718 r1354 r993 r3252 r3897 r4735 r1601 hasword_elem_18 r2785 hasword_base_1 r2611 links_11_134 r2211 r1441 r3042 r897 hasword_instruct_81 r4560 r358 hasword_oct_44 r2750 r2236 r3555 r1225 r3875 r105 hasword_paul_61 r930 r3256 r1763 r1678 r4379 r29 links_93_116 r55 r3194 r4843 r1083 r3786 r1860 r3539 r1390 r2096 r4527 hasword_html_94 r722 hasword_ed_42 r2712 r4300 r3785 r1136 r1574 r3689 hasword_oct_11 r4731 r1319 r4074 r1024 r2270 hasword_author_93 r2812 hasword_techniqu_89 r3882 hasword_chang_63 r3423 r1435 r2405 r3893 r4542 r584 r39 r4642 r3014 r1149 r1061 r413 r1622 r3628 hasword_date_80 hasword_manag_16 r1402 hasword_date_23 r893 r3704 r1638 r4258 hasword_colleg_38 r1057 hasword_jan_120 r4943 r349 hasword_work_71 r1445 r2153 r3303 r1025 links_31_92 hasword_mime_86 r1768 hasword_equal_52 r2816 r272 r4438 hasword_maintain_69 r3255 r1236 r2864 r3813 r2973 r2449 hasword_tx_133 hasword_version_41 hasword_process_36 r4922 hasword_content_36 r4165 r3566 r544 r1570 r854 hasword_collect_52 r147 r510 r2516 r3784 hasword_logic_187 r836 r455 r2908 r2967 r3394 r967 r1675 r354 r4332 r3961 r3548 r2067 r710 r3069 r1550 r3864 r2701 r666 r2245 r2942 r2347 r1269 r1155 links_31_120 hasword_nov_19 r3828 links_19_49 hasword_implement_126 r24 r4568 r2678 hasword_jan_97 r1546 r1994 r2269 r4740 r4683 r3508 r2043 r7 r300 r3377 hasword_gmt_5 r2345 hasword_jan_5 hasword_network_73 r1001 r3931 r341 r1955 r1910 r3176 r2320 hasword_complex_20 hasword_austin_32 hasword_paramet_20 r1217 hasword_intellig_47 r1098 r2446 r2826 r162 r3800 r1764 hasword_order_47 r2266 r941 r3236 r478 r2349 r3492 r2414 r3975 r2792 r1696 r3720 r3363 hasword_includ_155 links_155_157 r3244 r3409 links_155_199 r3239 links_155_133 hasword_univers_12 r2111 links_12_155 r1295 r4841 r609 r2604 r3914 r2118 r3562 rl r3169 r4431 r70 r2581 r2575 hasword_gmt_67 r2112 r724 r143 r621 r4317 r3735 r4584 r3601 r1669 r378 r2814 links_28_50 r962 r2719 r4954 r1688 hasword_environ_53 r4842 hasword_pointer_85 r2927 r2756 r3202 r1871 r4919 r302 hasword_unit_7 r4972 r2844 r1353 r3787 r3810 r960 r4194 r4452 r2176 r3343 r2483 r2060 r142 hasword_area_17 r2640 r2467 links_29_50 r1450 r3335 r3954 r4000 r982 r631 r374 r4030 r4222 r2390 hasword_server_64 r4995 r3534 r1006 r3312 r1809 r1028 r2533 r4107 r2623 r1195 r3816 links_55_73 r1979 hasword_build_58 r3907 r1479 r2241 r1266 r4045 r3729 r3234 r1431 r4749 r591 r3986 r2358 r3749 r3290 r1828 r1380 r2417 r4857 hasword_includ_13 r4820 r561 r2543 r1557 r4372 r1829 links_126_156 r2517 r1437 hasword_resourc_2 r3935 r3745 hasword_john_116 r1893 r2215 r1984 r843 r3516 r33 r573 r3558 r4081 r3386 r303 r2235 r2830 r353 r381 r2757 
size of observed tuples: 1143
size of unobserved tuples: 838

gibbs sample time: 0.370486 seconds
probability of topic_Faculty_91 is 0.472333

gibbs sample time: 0.919835 seconds
probability of topic_Student_174 is 0.484

gibbs sample time: 0.911718 seconds
probability of topic_Student_115 is 0.461667

gibbs sample time: 0.912914 seconds
probability of topic_Student_41 is 0.356222

gibbs sample time: 0.092156 seconds
probability of topic_Faculty_23 is 0.364333

gibbs sample time: 0.058138 seconds
probability of topic_Faculty_34 is 0.482778

gibbs sample time: 0.059316 seconds
probability of topic_Department_74 is 0.472111

gibbs sample time: 1.31688 seconds
probability of topic_Staff_133 is 0.491889

gibbs sample time: 1.31936 seconds
probability of topic_Staff_155 is 0.474667

gibbs sample time: 0.059496 seconds
probability of topic_Student_16 is 0.417

gibbs sample time: 0.05902 seconds
probability of topic_Department_71 is 0.456444

gibbs sample time: 0.060135 seconds
probability of topic_Faculty_84 is 0.542556

gibbs sample time: 0.413863 seconds
probability of topic_Faculty_10 is 0.557667

gibbs sample time: 1.32257 seconds
probability of topic_Staff_157 is 0.641

gibbs sample time: 0.056336 seconds
probability of topic_Staff_71 is 0.581222

gibbs sample time: 0.060388 seconds
probability of topic_ResearchProject_38 is 0.476667

gibbs sample time: 0.269441 seconds
probability of topic_ResearchProject_20 is 0.612778

gibbs sample time: 0.058318 seconds
probability of topic_Course_83 is 0.613889

gibbs sample time: 0.056053 seconds
probability of topic_Staff_75 is 0.515222

gibbs sample time: 0.43522 seconds
probability of topic_Department_168 is 0.465889

gibbs sample time: 0.412716 seconds
probability of topic_Staff_125 is 0.519444

gibbs sample time: 0.058826 seconds
probability of topic_Course_80 is 0.424333

gibbs sample time: 0.058236 seconds
probability of topic_Staff_43 is 0.494778

gibbs sample time: 0.085833 seconds
probability of topic_Faculty_97 is 0.451111

gibbs sample time: 0.05823 seconds
probability of topic_Student_86 is 0.524889

gibbs sample time: 0.060614 seconds
probability of topic_Faculty_22 is 0.396667

gibbs sample time: 0.116183 seconds
probability of topic_Person_32 is 0.453556

gibbs sample time: 0.0583 seconds
probability of topic_Staff_26 is 0.521444

gibbs sample time: 1.46564 seconds
probability of topic_Person_157 is 0.574778

gibbs sample time: 0.237874 seconds
probability of topic_Student_19 is 0.685222

gibbs sample time: 1.46211 seconds
probability of topic_Person_12 is 0.588667

gibbs sample time: 1.04571 seconds
probability of topic_Student_3 is 0.352

gibbs sample time: 1.36175 seconds
probability of topic_ResearchProject_133 is 0.482556

gibbs sample time: 1.06123 seconds
probability of topic_ResearchProject_28 is 0.437778

gibbs sample time: 1.36108 seconds
probability of topic_ResearchProject_199 is 0.400778

gibbs sample time: 0.244652 seconds
probability of topic_Faculty_180 is 0.596111

gibbs sample time: 0.056613 seconds
probability of topic_Person_98 is 0.553

gibbs sample time: 0.061122 seconds
probability of topic_Department_85 is 0.474667

gibbs sample time: 0.420596 seconds
probability of topic_Student_87 is 0.560778

gibbs sample time: 0.088178 seconds
probability of topic_Person_63 is 0.359444

gibbs sample time: 0.414678 seconds
probability of topic_Student_111 is 0.594667

gibbs sample time: 0.05636 seconds
probability of topic_Staff_34 is 0.590778

gibbs sample time: 0.145381 seconds
probability of topic_Course_42 is 0.269889

gibbs sample time: 0.05884 seconds
probability of topic_Student_62 is 0.708778

gibbs sample time: 0.06002 seconds
probability of topic_Faculty_33 is 0.596

gibbs sample time: 0.06538 seconds
probability of topic_Department_33 is 0.791222

gibbs sample time: 0.391121 seconds
probability of topic_Course_31 is 0.399222

gibbs sample time: 0.058418 seconds
probability of topic_Faculty_37 is 0.415111

gibbs sample time: 0.413637 seconds
probability of topic_Faculty_4 is 0.552

gibbs sample time: 0.05867 seconds
probability of topic_Faculty_46 is 0.397667

gibbs sample time: 0.732765 seconds
probability of topic_Person_41 is 0.376667

gibbs sample time: 0.058583 seconds
probability of topic_ResearchProject_80 is 0.444444

gibbs sample time: 0.355658 seconds
probability of topic_Faculty_48 is 0.473222

gibbs sample time: 1.49147 seconds
probability of topic_Course_157 is 0.417556

gibbs sample time: 0.734023 seconds
probability of topic_Person_72 is 0.569333

gibbs sample time: 0.091605 seconds
probability of topic_Faculty_14 is 0.463222

gibbs sample time: 0.058778 seconds
probability of topic_Staff_16 is 0.543778

gibbs sample time: 0.219994 seconds
probability of topic_Person_49 is 0.539889

gibbs sample time: 0.05811 seconds
probability of topic_Course_9 is 0.450333

gibbs sample time: 0.369405 seconds
probability of topic_Faculty_92 is 0.498889

gibbs sample time: 0.061129 seconds
probability of topic_Department_84 is 0.423333

gibbs sample time: 0.060262 seconds
probability of topic_Faculty_83 is 0.486667

gibbs sample time: 0.058097 seconds
probability of topic_Staff_63 is 0.399778

gibbs sample time: 0.090759 seconds
probability of topic_Faculty_25 is 0.446444

gibbs sample time: 0.090341 seconds
probability of topic_Department_23 is 0.559

gibbs sample time: 0.086018 seconds
probability of topic_Course_14 is 0.602556

gibbs sample time: 0.0886 seconds
probability of topic_Person_36 is 0.376889

gibbs sample time: 0.061426 seconds
probability of topic_ResearchProject_99 is 0.560778

gibbs sample time: 0.432305 seconds
probability of topic_Department_4 is 0.430222

gibbs sample time: 0.440595 seconds
probability of topic_Course_168 is 0.424

gibbs sample time: 0.296386 seconds
probability of topic_Course_93 is 0.442889

gibbs sample time: 0.061047 seconds
probability of topic_ResearchProject_56 is 0.570667

gibbs sample time: 0.061626 seconds
probability of topic_Staff_60 is 0.488111

gibbs sample time: 0.104549 seconds
probability of topic_ResearchProject_63 is 0.648444

gibbs sample time: 1.10718 seconds
probability of topic_Faculty_29 is 0.414333

gibbs sample time: 0.434388 seconds
probability of topic_Course_30 is 0.580556

gibbs sample time: 1.33056 seconds
probability of topic_Staff_2 is 0.443556

gibbs sample time: 1.08696 seconds
probability of topic_Student_28 is 0.485

gibbs sample time: 0.36802 seconds
probability of topic_ResearchProject_48 is 0.839333

gibbs sample time: 0.09153 seconds
probability of topic_Faculty_69 is 0.449556

gibbs sample time: 0.096197 seconds
probability of topic_Faculty_63 is 0.427889

gibbs sample time: 0.453538 seconds
probability of topic_Course_125 is 0.463556

gibbs sample time: 0.127869 seconds
probability of topic_Staff_32 is 0.428333

gibbs sample time: 0.787883 seconds
probability of topic_Course_106 is 0.492333

gibbs sample time: 0.846893 seconds
probability of topic_Course_41 is 0.316111

gibbs sample time: 0.240594 seconds
probability of topic_Student_145 is 0.495111

gibbs sample time: 1.3252 seconds
probability of topic_Staff_12 is 0.474556

gibbs sample time: 0.056114 seconds
probability of topic_Staff_79 is 0.574889

gibbs sample time: 0.057818 seconds
probability of topic_Person_39 is 0.409778

gibbs sample time: 0.165516 seconds
probability of topic_Staff_55 is 0.483556

gibbs sample time: 0.058291 seconds
probability of topic_Person_40 is 0.487222

gibbs sample time: 0.058037 seconds
probability of topic_Person_70 is 0.455111

gibbs sample time: 0.280283 seconds
probability of topic_Person_136 is 0.496667

gibbs sample time: 1.45928 seconds
probability of topic_Department_12 is 0.597

gibbs sample time: 0.117787 seconds
probability of topic_Course_52 is 0.486222

gibbs sample time: 1.45996 seconds
probability of topic_Department_24 is 0.518889

gibbs sample time: 0.284004 seconds
probability of topic_Faculty_81 is 0.456111

gibbs sample time: 0.113781 seconds
probability of topic_Course_94 is 0.284333

gibbs sample time: 0.060747 seconds
probability of topic_Department_89 is 0.466

gibbs sample time: 0.056524 seconds
probability of topic_Person_34 is 0.661778

gibbs sample time: 0.308607 seconds
probability of topic_Student_116 is 0.428667

gibbs sample time: 0.2848 seconds
probability of topic_Department_20 is 0.487

gibbs sample time: 1.46428 seconds
probability of topic_Person_199 is 0.53

gibbs sample time: 0.414939 seconds
probability of topic_Course_87 is 0.345333

gibbs sample time: 1.46356 seconds
probability of topic_Person_2 is 0.291333

gibbs sample time: 1.44595 seconds
probability of topic_Faculty_24 is 0.493778

gibbs sample time: 0.287578 seconds
probability of topic_Staff_116 is 0.458222

gibbs sample time: 0.286821 seconds
probability of topic_Staff_93 is 0.509

gibbs sample time: 0.090434 seconds
probability of topic_Student_88 is 0.678556

gibbs sample time: 0.379894 seconds
probability of topic_Staff_120 is 0.587667

gibbs sample time: 0.056296 seconds
probability of topic_Student_6 is 0.535333

gibbs sample time: 1.03304 seconds
probability of topic_Person_114 is 0.526556

gibbs sample time: 1.03167 seconds
probability of topic_Person_156 is 0.474444

gibbs sample time: 0.120357 seconds
probability of topic_Department_94 is 0.779556

gibbs sample time: 1.03413 seconds
probability of topic_Person_126 is 0.575333

gibbs sample time: 0.089403 seconds
probability of topic_Department_53 is 0.434556

gibbs sample time: 1.06028 seconds
probability of topic_Faculty_59 is 0.469556

gibbs sample time: 0.060813 seconds
probability of topic_Department_38 is 0.571222

gibbs sample time: 0.091888 seconds
probability of topic_Faculty_79 is 0.495333

gibbs sample time: 0.432018 seconds
probability of topic_Student_67 is 0.510222

gibbs sample time: 0.206582 seconds
probability of topic_Course_145 is 0.546222

gibbs sample time: 0.140928 seconds
probability of topic_Staff_42 is 0.625667

gibbs sample time: 0.150925 seconds
probability of topic_Faculty_52 is 0.573333

gibbs sample time: 0.232837 seconds
probability of topic_Staff_78 is 0.447556

gibbs sample time: 0.060685 seconds
probability of topic_Department_16 is 0.420889

gibbs sample time: 0.293899 seconds
probability of topic_Faculty_116 is 0.440778

gibbs sample time: 0.402889 seconds
probability of topic_Department_134 is 0.394667

gibbs sample time: 0.058233 seconds
probability of topic_Person_84 is 0.459778

gibbs sample time: 0.055916 seconds
probability of topic_Student_1 is 0.359

gibbs sample time: 0.435688 seconds
probability of topic_Department_61 is 0.325111

gibbs sample time: 1.09997 seconds
probability of topic_Faculty_50 is 0.47

gibbs sample time: 0.117904 seconds
probability of topic_Student_52 is 0.463

gibbs sample time: 0.44119 seconds
probability of topic_Course_61 is 0.448111

gibbs sample time: 0.21262 seconds
probability of topic_Department_17 is 0.385333

gibbs sample time: 1.44676 seconds
probability of topic_Faculty_12 is 0.549333

gibbs sample time: 0.089932 seconds
probability of topic_Person_53 is 0.525889

gibbs sample time: 0.427008 seconds
probability of topic_Department_87 is 0.465444

gibbs sample time: 0.10676 seconds
probability of topic_Department_69 is 0.327444

gibbs sample time: 0.412176 seconds
probability of topic_Student_58 is 0.401667

gibbs sample time: 1.48181 seconds
probability of topic_Department_2 is 0.464444

gibbs sample time: 0.061853 seconds
probability of topic_Student_34 is 0.593556

gibbs sample time: 0.937949 seconds
probability of topic_Faculty_72 is 0.548111

gibbs sample time: 0.089421 seconds
probability of topic_Staff_36 is 0.367444

gibbs sample time: 0.06045 seconds
probability of topic_Student_96 is 0.443222

gibbs sample time: 0.059985 seconds
probability of topic_Faculty_96 is 0.475

gibbs sample time: 0.907914 seconds
probability of topic_Staff_41 is 0.368333

gibbs sample time: 0.060982 seconds
probability of topic_Course_39 is 0.617111

gibbs sample time: 0.310281 seconds
probability of topic_Student_48 is 0.279556

gibbs sample time: 0.062311 seconds
probability of topic_Department_60 is 0.52

gibbs sample time: 0.422944 seconds
probability of topic_ResearchProject_87 is 0.415

gibbs sample time: 0.527711 seconds
probability of topic_ResearchProject_168 is 0.442111

gibbs sample time: 0.450721 seconds
probability of topic_ResearchProject_11 is 0.360889

gibbs sample time: 0.061392 seconds
probability of topic_Course_40 is 0.405

gibbs sample time: 0.061087 seconds
probability of topic_Faculty_39 is 0.48

gibbs sample time: 0.056877 seconds
probability of topic_Staff_90 is 0.609

gibbs sample time: 0.204911 seconds
probability of topic_Student_78 is 0.486

gibbs sample time: 0.119747 seconds
probability of topic_Course_32 is 0.493333

gibbs sample time: 1.48393 seconds
probability of topic_Department_169 is 0.779333

gibbs sample time: 0.058805 seconds
probability of topic_Staff_83 is 0.497444

gibbs sample time: 0.206803 seconds
probability of topic_Department_73 is 0.456333

gibbs sample time: 0.059215 seconds
probability of topic_ResearchProject_46 is 0.423889

gibbs sample time: 0.058766 seconds
probability of topic_ResearchProject_34 is 0.415556

gibbs sample time: 0.059315 seconds
probability of topic_Department_86 is 0.433111

gibbs sample time: 0.439961 seconds
probability of topic_ResearchProject_30 is 0.473111

gibbs sample time: 0.089361 seconds
probability of topic_ResearchProject_53 is 0.504667

gibbs sample time: 1.07395 seconds
probability of topic_ResearchProject_50 is 0.387333

gibbs sample time: 1.06852 seconds
probability of topic_Course_102 is 0.433778

gibbs sample time: 1.11607 seconds
probability of topic_Student_54 is 0.480222

gibbs sample time: 0.058513 seconds
probability of topic_Faculty_62 is 0.501333

gibbs sample time: 0.284622 seconds
probability of topic_Person_116 is 0.375

gibbs sample time: 0.119898 seconds
probability of topic_Faculty_32 is 0.501

gibbs sample time: 0.309495 seconds
probability of topic_Student_93 is 0.219556

gibbs sample time: 0.097783 seconds
probability of topic_ResearchProject_22 is 0.352333

gibbs sample time: 0.946897 seconds
probability of topic_Faculty_115 is 0.475778

gibbs sample time: 0.094964 seconds
probability of topic_Department_64 is 0.390444

gibbs sample time: 1.3639 seconds
probability of topic_ResearchProject_12 is 0.319

gibbs sample time: 0.210431 seconds
probability of topic_Course_13 is 0.453889

gibbs sample time: 0.434187 seconds
probability of topic_Course_136 is 0.401

gibbs sample time: 0.08698 seconds
probability of topic_Staff_69 is 0.451667

gibbs sample time: 0.058795 seconds
probability of topic_ResearchProject_75 is 0.506556

gibbs sample time: 1.03968 seconds
probability of topic_Staff_29 is 0.494778

gibbs sample time: 1.03543 seconds
probability of topic_Staff_28 is 0.473333

gibbs sample time: 0.414221 seconds
probability of topic_Staff_136 is 0.417889

gibbs sample time: 0.43627 seconds
probability of topic_Department_111 is 0.418556

gibbs sample time: 0.090774 seconds
probability of topic_ResearchProject_68 is 0.290556

gibbs sample time: 0.063755 seconds
probability of topic_Student_85 is 0.508889

gibbs sample time: 0.058002 seconds
probability of topic_Person_38 is 0.367333

gibbs sample time: 1.47073 seconds
probability of topic_Faculty_169 is 0.57

gibbs sample time: 0.297756 seconds
probability of topic_ResearchProject_93 is 0.426

gibbs sample time: 0.454016 seconds
probability of topic_Faculty_168 is 0.403556

gibbs sample time: 0.058426 seconds
probability of topic_Staff_82 is 0.399667

gibbs sample time: 1.33513 seconds
probability of topic_Staff_199 is 0.457556

gibbs sample time: 0.090045 seconds
probability of topic_ResearchProject_64 is 0.412111

gibbs sample time: 0.08619 seconds
probability of topic_Course_79 is 0.542667

gibbs sample time: 1.47878 seconds
probability of topic_Student_169 is 0.347333

gibbs sample time: 0.12076 seconds
probability of topic_ResearchProject_94 is 0.244111

gibbs sample time: 1.50819 seconds
probability of topic_Course_24 is 0.586778

gibbs sample time: 0.233372 seconds
probability of topic_Staff_49 is 0.509556

gibbs sample time: 0.448754 seconds
probability of topic_Faculty_11 is 0.565556

gibbs sample time: 0.430541 seconds
probability of topic_Department_125 is 0.471333

gibbs sample time: 0.785065 seconds
probability of topic_Course_115 is 0.667444

gibbs sample time: 0.092988 seconds
probability of topic_ResearchProject_51 is 0.446444

gibbs sample time: 0.425105 seconds
probability of topic_Faculty_35 is 0.518556

gibbs sample time: 0.090862 seconds
probability of topic_Staff_68 is 0.353556

gibbs sample time: 0.906469 seconds
probability of topic_Staff_174 is 0.459

gibbs sample time: 0.08779 seconds
probability of topic_Person_15 is 0.532778

gibbs sample time: 0.443628 seconds
probability of topic_Department_35 is 0.385333

gibbs sample time: 1.37009 seconds
probability of topic_ResearchProject_169 is 0.557111

gibbs sample time: 0.194622 seconds
probability of topic_Person_55 is 0.576778

gibbs sample time: 0.208858 seconds
probability of topic_Person_65 is 0.493333

gibbs sample time: 1.00938 seconds
probability of topic_Staff_3 is 0.564444

gibbs sample time: 0.236578 seconds
probability of topic_Faculty_145 is 0.494889

gibbs sample time: 0.060614 seconds
probability of topic_Department_99 is 0.421889

gibbs sample time: 0.083602 seconds
probability of topic_Staff_15 is 0.428222

gibbs sample time: 0.149981 seconds
probability of topic_Department_42 is 0.659111

gibbs sample time: 1.46446 seconds
probability of topic_Student_12 is 0.590778

gibbs sample time: 1.04132 seconds
probability of topic_Course_50 is 0.404556

gibbs sample time: 1.03792 seconds
probability of topic_Staff_50 is 0.416222

gibbs sample time: 1.11887 seconds
probability of topic_Department_29 is 0.351667

gibbs sample time: 0.386405 seconds
probability of topic_Person_57 is 0.487889

gibbs sample time: 0.121889 seconds
probability of topic_ResearchProject_25 is 0.495667

gibbs sample time: 0.058309 seconds
probability of topic_Faculty_27 is 0.487333

gibbs sample time: 0.0626 seconds
probability of topic_Student_33 is 0.337778

gibbs sample time: 0.056545 seconds
probability of topic_Course_6 is 0.496444

gibbs sample time: 0.270301 seconds
probability of topic_ResearchProject_81 is 0.452111

gibbs sample time: 0.201741 seconds
probability of topic_Person_13 is 0.374

gibbs sample time: 0.061349 seconds
probability of topic_ResearchProject_83 is 0.480556

gibbs sample time: 0.313071 seconds
probability of topic_Student_91 is 0.415111

gibbs sample time: 0.427213 seconds
probability of topic_ResearchProject_35 is 0.393111

gibbs sample time: 0.277801 seconds
probability of topic_Student_20 is 0.430667

gibbs sample time: 0.438837 seconds
probability of topic_Department_57 is 0.535667

gibbs sample time: 0.056844 seconds
probability of topic_Person_95 is 0.473111

gibbs sample time: 0.918591 seconds
probability of topic_Student_106 is 0.505444

gibbs sample time: 0.058587 seconds
probability of topic_Person_16 is 0.492778

gibbs sample time: 0.090442 seconds
probability of topic_Department_76 is 0.463222

gibbs sample time: 0.416642 seconds
probability of topic_Course_10 is 0.478556

gibbs sample time: 0.457205 seconds
probability of topic_ResearchProject_61 is 0.498556

gibbs sample time: 0.148629 seconds
probability of topic_Staff_52 is 0.492222

gibbs sample time: 0.278203 seconds
probability of topic_Faculty_110 is 0.431667

gibbs sample time: 0.05902 seconds
probability of topic_Staff_99 is 0.457556

gibbs sample time: 0.118363 seconds
probability of topic_Person_25 is 0.459222

gibbs sample time: 0.202353 seconds
probability of topic_Student_180 is 0.460889

gibbs sample time: 0.059375 seconds
probability of topic_Department_34 is 0.381

gibbs sample time: 0.063206 seconds
probability of topic_Department_37 is 0.488556

gibbs sample time: 1.0678 seconds
probability of topic_ResearchProject_29 is 0.391667

gibbs sample time: 1.01032 seconds
probability of topic_Course_54 is 0.510444

gibbs sample time: 1.05696 seconds
probability of topic_Student_156 is 0.415556

gibbs sample time: 0.089522 seconds
probability of topic_Person_22 is 0.583889

gibbs sample time: 0.059864 seconds
probability of topic_ResearchProject_66 is 0.434222

gibbs sample time: 0.356722 seconds
probability of topic_Faculty_45 is 0.406556

gibbs sample time: 0.199469 seconds
probability of topic_Staff_65 is 0.474556

gibbs sample time: 0.151993 seconds
probability of topic_Student_42 is 0.570556

gibbs sample time: 0.941609 seconds
probability of topic_Faculty_174 is 0.625889

gibbs sample time: 0.405888 seconds
probability of topic_Department_11 is 0.490778

gibbs sample time: 0.168205 seconds
probability of topic_Staff_73 is 0.579333

gibbs sample time: 0.05674 seconds
probability of topic_Staff_98 is 0.447444

gibbs sample time: 0.422328 seconds
probability of topic_Student_35 is 0.811

gibbs sample time: 0.063132 seconds
probability of topic_Course_74 is 0.424444

gibbs sample time: 0.062347 seconds
probability of topic_Course_84 is 0.482333

gibbs sample time: 0.436608 seconds
probability of topic_Student_125 is 0.571

gibbs sample time: 0.057162 seconds
probability of topic_Course_71 is 0.464556

gibbs sample time: 0.205445 seconds
probability of topic_Department_55 is 0.387222

gibbs sample time: 0.090827 seconds
probability of topic_ResearchProject_69 is 0.444

gibbs sample time: 0.091315 seconds
probability of topic_Department_5 is 0.633111

gibbs sample time: 0.086624 seconds
probability of topic_Staff_14 is 0.517667

gibbs sample time: 0.089283 seconds
probability of topic_Course_63 is 0.498556

gibbs sample time: 0.236555 seconds
probability of topic_Faculty_49 is 0.516667

gibbs sample time: 0.759723 seconds
probability of topic_ResearchProject_118 is 0.519778

gibbs sample time: 0.061811 seconds
probability of topic_Department_80 is 0.487

gibbs sample time: 0.056047 seconds
probability of topic_Person_44 is 0.567889

gibbs sample time: 0.059939 seconds
probability of topic_Faculty_38 is 0.458778

gibbs sample time: 0.055717 seconds
probability of topic_Course_51 is 0.415667

gibbs sample time: 0.364393 seconds
probability of topic_Department_48 is 0.52

gibbs sample time: 0.085974 seconds
probability of topic_Person_51 is 0.491333

gibbs sample time: 0.127891 seconds
probability of topic_Student_32 is 0.533444

gibbs sample time: 0.189054 seconds
probability of topic_Course_73 is 0.415556

gibbs sample time: 0.28527 seconds
probability of topic_Person_30 is 0.446222

gibbs sample time: 0.443967 seconds
probability of topic_Student_136 is 0.481222

gibbs sample time: 0.129017 seconds
probability of topic_ResearchProject_52 is 0.490111

gibbs sample time: 0.788835 seconds
probability of topic_Course_72 is 0.490556

gibbs sample time: 0.090862 seconds
probability of topic_Student_68 is 0.362889

gibbs sample time: 0.209943 seconds
probability of topic_Course_187 is 0.527667

gibbs sample time: 0.118875 seconds
probability of topic_Student_25 is 0.392889

gibbs sample time: 0.055948 seconds
probability of topic_Staff_27 is 0.572111

gibbs sample time: 0.38461 seconds
probability of topic_Person_61 is 0.558889

gibbs sample time: 0.426725 seconds
probability of topic_ResearchProject_58 is 0.572111

gibbs sample time: 0.243763 seconds
probability of topic_Department_180 is 0.632111

gibbs sample time: 0.062394 seconds
probability of topic_ResearchProject_74 is 0.449111

gibbs sample time: 0.907616 seconds
probability of topic_Staff_118 is 0.518444

gibbs sample time: 0.4062 seconds
probability of topic_Department_120 is 0.661111

gibbs sample time: 0.059875 seconds
probability of topic_Student_43 is 0.478

gibbs sample time: 0.190798 seconds
probability of topic_Course_55 is 0.472667

gibbs sample time: 0.092876 seconds
probability of topic_Student_64 is 0.418889

gibbs sample time: 0.096769 seconds
probability of topic_ResearchProject_88 is 0.365444

gibbs sample time: 0.060572 seconds
probability of topic_Staff_40 is 0.433222

gibbs sample time: 0.087063 seconds
probability of topic_Course_64 is 0.346667

gibbs sample time: 0.06003 seconds
probability of topic_Department_27 is 0.646444

gibbs sample time: 0.061476 seconds
probability of topic_Student_27 is 0.525222

gibbs sample time: 0.97312 seconds
probability of topic_Department_115 is 0.442889

gibbs sample time: 0.237278 seconds
probability of topic_Faculty_19 is 0.372222

gibbs sample time: 0.285733 seconds
probability of topic_Faculty_8 is 0.497556

gibbs sample time: 1.47181 seconds
probability of topic_Faculty_2 is 0.349778

gibbs sample time: 0.058602 seconds
probability of topic_Course_96 is 0.412111

gibbs sample time: 0.444682 seconds
probability of topic_Course_57 is 0.505889

gibbs sample time: 0.231629 seconds
probability of topic_Staff_180 is 0.550111

gibbs sample time: 0.086638 seconds
probability of topic_Course_36 is 0.303333

gibbs sample time: 1.48418 seconds
probability of topic_Person_18 is 0.392556

gibbs sample time: 0.092128 seconds
probability of topic_ResearchProject_5 is 0.403444

gibbs sample time: 0.064493 seconds
probability of topic_Course_43 is 0.459556

gibbs sample time: 0.743301 seconds
probability of topic_Person_115 is 0.420222

gibbs sample time: 0.433621 seconds
probability of topic_Person_11 is 0.544778

gibbs sample time: 0.05619 seconds
probability of topic_Course_27 is 0.464333

gibbs sample time: 0.424644 seconds
probability of topic_ResearchProject_4 is 0.376556

gibbs sample time: 1.07099 seconds
probability of topic_Student_50 is 0.592333

gibbs sample time: 0.419744 seconds
probability of topic_Department_10 is 0.443556

gibbs sample time: 1.08582 seconds
probability of topic_Department_156 is 0.476111

gibbs sample time: 0.058718 seconds
probability of topic_Person_83 is 0.521778

gibbs sample time: 0.117584 seconds
probability of topic_Staff_94 is 0.22

gibbs sample time: 0.060991 seconds
probability of topic_Student_56 is 0.405556

gibbs sample time: 0.063041 seconds
probability of topic_Department_14 is 0.477667

gibbs sample time: 0.090352 seconds
probability of topic_Person_69 is 0.419667

gibbs sample time: 0.384089 seconds
probability of topic_Staff_31 is 0.466222

gibbs sample time: 0.241553 seconds
probability of topic_Student_17 is 0.533444

gibbs sample time: 0.396592 seconds
probability of topic_Course_120 is 0.496889

gibbs sample time: 0.213022 seconds
probability of topic_Department_145 is 0.426778

gibbs sample time: 0.06093 seconds
probability of topic_ResearchProject_70 is 0.416

gibbs sample time: 0.446302 seconds
probability of topic_Faculty_61 is 0.476556

gibbs sample time: 0.39895 seconds
probability of topic_Person_35 is 0.760222

gibbs sample time: 0.149435 seconds
probability of topic_Course_7 is 0.48

gibbs sample time: 0.328525 seconds
probability of topic_Course_45 is 0.429333

gibbs sample time: 0.418829 seconds
probability of topic_Course_67 is 0.436111

gibbs sample time: 1.06817 seconds
probability of topic_Faculty_126 is 0.407889

gibbs sample time: 0.096247 seconds
probability of topic_Department_68 is 0.397889

gibbs sample time: 0.088629 seconds
probability of topic_Person_64 is 0.411111

gibbs sample time: 1.46494 seconds
probability of topic_Faculty_199 is 0.453667

gibbs sample time: 0.090313 seconds
probability of topic_Student_76 is 0.527

gibbs sample time: 0.086625 seconds
probability of topic_Person_79 is 0.543111

gibbs sample time: 0.091019 seconds
probability of topic_Department_88 is 0.549556

gibbs sample time: 1.08534 seconds
probability of topic_Department_3 is 0.540667

gibbs sample time: 0.26214 seconds
probability of topic_Staff_35 is 0.490444

gibbs sample time: 0.061218 seconds
probability of topic_Department_82 is 0.428222

gibbs sample time: 1.03728 seconds
probability of topic_Staff_102 is 0.509111

gibbs sample time: 0.088254 seconds
probability of topic_Student_79 is 0.389556

gibbs sample time: 0.749663 seconds
probability of topic_ResearchProject_156 is 0.431

gibbs sample time: 0.0624 seconds
probability of topic_ResearchProject_26 is 0.616667

gibbs sample time: 0.262388 seconds
probability of topic_Staff_87 is 0.540222

gibbs sample time: 0.090921 seconds
probability of topic_ResearchProject_36 is 0.465778

gibbs sample time: 0.056867 seconds
probability of topic_Course_98 is 0.371222

gibbs sample time: 0.38323 seconds
probability of topic_Person_31 is 0.601889

gibbs sample time: 0.457998 seconds
probability of topic_ResearchProject_57 is 0.492222

gibbs sample time: 1.096 seconds
probability of topic_Person_29 is 0.54

gibbs sample time: 0.059264 seconds
probability of topic_Staff_37 is 0.445667

gibbs sample time: 0.753098 seconds
probability of topic_ResearchProject_59 is 0.460667

gibbs sample time: 0.3649 seconds
probability of topic_ResearchProject_45 is 0.427222

gibbs sample time: 0.150638 seconds
probability of topic_Faculty_42 is 0.523556

gibbs sample time: 0.283769 seconds
probability of topic_Person_110 is 0.479222

gibbs sample time: 0.060729 seconds
probability of topic_Staff_9 is 0.495333

gibbs sample time: 0.429905 seconds
probability of topic_ResearchProject_111 is 0.501556

gibbs sample time: 0.940329 seconds
probability of topic_Faculty_118 is 0.530556

gibbs sample time: 0.062049 seconds
probability of topic_Course_89 is 0.529222

gibbs sample time: 0.901982 seconds
probability of topic_Staff_72 is 0.456333

gibbs sample time: 0.430088 seconds
probability of topic_Department_136 is 0.468444

gibbs sample time: 1.11138 seconds
probability of topic_Faculty_28 is 0.479556

gibbs sample time: 0.119225 seconds
probability of topic_Person_7 is 0.527778

gibbs sample time: 0.751444 seconds
probability of topic_ResearchProject_41 is 0.410667

gibbs sample time: 1.38071 seconds
probability of topic_ResearchProject_24 is 0.493222

gibbs sample time: 0.415434 seconds
probability of topic_Faculty_87 is 0.528778

gibbs sample time: 0.392656 seconds
probability of topic_Course_92 is 0.434333

gibbs sample time: 0.059892 seconds
probability of topic_Student_21 is 0.456111

gibbs sample time: 0.291031 seconds
probability of topic_ResearchProject_116 is 0.505556

gibbs sample time: 0.061582 seconds
probability of topic_Department_43 is 0.480556

gibbs sample time: 1.09022 seconds
probability of topic_Faculty_3 is 0.557444

gibbs sample time: 0.439553 seconds
probability of topic_Student_11 is 0.524778

gibbs sample time: 0.058168 seconds
probability of topic_Faculty_86 is 0.439111

gibbs sample time: 0.19883 seconds
probability of topic_Staff_119 is 0.567778

gibbs sample time: 0.060888 seconds
probability of topic_Department_40 is 0.471889

gibbs sample time: 0.334498 seconds
probability of topic_Staff_48 is 0.602667

gibbs sample time: 1.06998 seconds
probability of topic_Faculty_54 is 0.501222

gibbs sample time: 0.447004 seconds
probability of topic_ResearchProject_134 is 0.482333

gibbs sample time: 1.07601 seconds
probability of topic_ResearchProject_102 is 0.446

gibbs sample time: 0.117316 seconds
probability of topic_Staff_25 is 0.409222

gibbs sample time: 0.062707 seconds
probability of topic_Department_46 is 0.485333

gibbs sample time: 0.965934 seconds
probability of topic_Department_106 is 0.471667

gibbs sample time: 0.117505 seconds
probability of topic_Staff_7 is 0.511333

gibbs sample time: 0.232932 seconds
probability of topic_Person_17 is 0.548444

gibbs sample time: 0.060907 seconds
probability of topic_Student_44 is 0.544

gibbs sample time: 0.299029 seconds
probability of topic_Course_116 is 0.486667

gibbs sample time: 0.060962 seconds
probability of topic_ResearchProject_27 is 0.466111

gibbs sample time: 0.285281 seconds
probability of topic_Student_49 is 0.581222

gibbs sample time: 0.073207 seconds
probability of topic_Staff_95 is 0.456333

gibbs sample time: 0.908975 seconds
probability of topic_Staff_115 is 0.536222

gibbs sample time: 0.05618 seconds
probability of topic_Course_53 is 0.412556

gibbs sample time: 0.203373 seconds
probability of topic_Student_73 is 0.648778

gibbs sample time: 0.144878 seconds
probability of topic_Course_47 is 0.541222

gibbs sample time: 0.058429 seconds
probability of topic_Course_60 is 0.478

gibbs sample time: 0.405402 seconds
probability of topic_Department_67 is 0.496444

gibbs sample time: 0.059417 seconds
probability of topic_Course_70 is 0.571667

gibbs sample time: 0.06394 seconds
probability of topic_Faculty_21 is 0.461

gibbs sample time: 1.36798 seconds
probability of topic_ResearchProject_18 is 0.492889

gibbs sample time: 1.36442 seconds
probability of topic_ResearchProject_157 is 0.541556

gibbs sample time: 0.209894 seconds
probability of topic_ResearchProject_55 is 0.388667

gibbs sample time: 0.061061 seconds
probability of topic_Department_70 is 0.575444

gibbs sample time: 0.747534 seconds
probability of topic_ResearchProject_106 is 0.510667

gibbs sample time: 0.058525 seconds
probability of topic_Faculty_74 is 0.424333

gibbs sample time: 0.055696 seconds
probability of topic_Person_56 is 0.344333

gibbs sample time: 0.421066 seconds
probability of topic_Student_10 is 0.559889

gibbs sample time: 0.329074 seconds
probability of topic_Course_48 is 0.443222

gibbs sample time: 1.04896 seconds
probability of topic_Student_114 is 0.530333

gibbs sample time: 0.209476 seconds
probability of topic_ResearchProject_119 is 0.540889

gibbs sample time: 0.087122 seconds
probability of topic_Person_88 is 0.758222

gibbs sample time: 0.085368 seconds
probability of topic_Person_23 is 0.250333

gibbs sample time: 0.290285 seconds
probability of topic_ResearchProject_8 is 0.469111

gibbs sample time: 1.49707 seconds
probability of topic_Course_2 is 0.550889

gibbs sample time: 0.310598 seconds
probability of topic_Student_45 is 0.515

gibbs sample time: 0.382636 seconds
probability of topic_Person_120 is 0.517444

gibbs sample time: 1.4874 seconds
probability of topic_Department_133 is 0.498222

gibbs sample time: 0.056002 seconds
probability of topic_Person_76 is 0.496667

gibbs sample time: 0.055965 seconds
probability of topic_Person_46 is 0.481333

gibbs sample time: 0.055846 seconds
probability of topic_Staff_74 is 0.442444

gibbs sample time: 0.082528 seconds
probability of topic_Faculty_5 is 0.418556

gibbs sample time: 0.089443 seconds
probability of topic_ResearchProject_14 is 0.397444

gibbs sample time: 0.194326 seconds
probability of topic_Person_73 is 0.660889

gibbs sample time: 0.289305 seconds
probability of topic_ResearchProject_110 is 0.477556

gibbs sample time: 1.49639 seconds
probability of topic_Course_169 is 0.484

gibbs sample time: 0.062641 seconds
probability of topic_Faculty_40 is 0.404333

gibbs sample time: 0.058427 seconds
probability of topic_Faculty_90 is 0.552

gibbs sample time: 0.327127 seconds
probability of topic_Course_91 is 0.586889

gibbs sample time: 0.092865 seconds
probability of topic_Faculty_64 is 0.385556

gibbs sample time: 0.090161 seconds
probability of topic_ResearchProject_76 is 0.479444

gibbs sample time: 0.090078 seconds
probability of topic_Student_97 is 0.631444

gibbs sample time: 0.08787 seconds
probability of topic_Faculty_15 is 0.459222

gibbs sample time: 1.06364 seconds
probability of topic_Faculty_114 is 0.446889

gibbs sample time: 0.232079 seconds
probability of topic_Person_145 is 0.452333

gibbs sample time: 0.156384 seconds
probability of topic_Department_7 is 0.474778

gibbs sample time: 0.207005 seconds
probability of topic_Course_17 is 0.428333

gibbs sample time: 0.369831 seconds
probability of topic_Faculty_31 is 0.468778

gibbs sample time: 0.09007 seconds
probability of topic_Student_69 is 0.503444

gibbs sample time: 0.243302 seconds
probability of topic_Course_78 is 0.535

gibbs sample time: 0.351796 seconds
probability of topic_ResearchProject_120 is 0.483667

gibbs sample time: 1.46477 seconds
probability of topic_Department_199 is 0.373333

gibbs sample time: 0.121507 seconds
probability of topic_Student_94 is 0.757333

gibbs sample time: 0.188881 seconds
probability of topic_Person_45 is 0.508222

gibbs sample time: 0.055729 seconds
probability of topic_Course_46 is 0.413444

gibbs sample time: 0.936683 seconds
probability of topic_Faculty_41 is 0.366556

gibbs sample time: 0.894961 seconds
probability of topic_Staff_106 is 0.674556

gibbs sample time: 0.414227 seconds
probability of topic_Faculty_58 is 0.561333

gibbs sample time: 1.0633 seconds
probability of topic_Student_29 is 0.535444

gibbs sample time: 0.056169 seconds
probability of topic_Course_44 is 0.505222

gibbs sample time: 0.059592 seconds
probability of topic_Faculty_71 is 0.511889

gibbs sample time: 0.093 seconds
probability of topic_Department_63 is 0.396556

gibbs sample time: 0.091557 seconds
probability of topic_ResearchProject_79 is 0.429556

gibbs sample time: 0.446076 seconds
probability of topic_Department_30 is 0.425556

gibbs sample time: 1.02312 seconds
probability of topic_Staff_59 is 0.483444

gibbs sample time: 0.090689 seconds
probability of topic_Department_15 is 0.385333

gibbs sample time: 1.03742 seconds
probability of topic_Person_3 is 0.470667

gibbs sample time: 0.058362 seconds
probability of topic_Student_37 is 0.495667

gibbs sample time: 0.060883 seconds
probability of topic_Staff_21 is 0.508111

gibbs sample time: 0.060602 seconds
probability of topic_ResearchProject_39 is 0.550556

gibbs sample time: 0.368858 seconds
probability of topic_Faculty_120 is 0.497333

gibbs sample time: 0.087509 seconds
probability of topic_Person_68 is 0.302778

gibbs sample time: 0.058347 seconds
probability of topic_Faculty_75 is 0.497222

gibbs sample time: 0.423387 seconds
probability of topic_ResearchProject_10 is 0.533444

gibbs sample time: 0.197437 seconds
probability of topic_Person_78 is 0.346889

gibbs sample time: 0.248547 seconds
probability of topic_Department_19 is 0.598889

gibbs sample time: 0.058072 seconds
probability of topic_Course_33 is 0.591444

gibbs sample time: 0.742919 seconds
probability of topic_ResearchProject_174 is 0.487111

gibbs sample time: 0.05973 seconds
probability of topic_Student_66 is 0.486889

gibbs sample time: 0.056068 seconds
probability of topic_Person_86 is 0.514333

gibbs sample time: 0.28017 seconds
probability of topic_Course_180 is 0.415667

gibbs sample time: 0.800046 seconds
probability of topic_ResearchProject_115 is 0.661222

gibbs sample time: 0.377068 seconds
probability of topic_Person_58 is 0.484

gibbs sample time: 0.057752 seconds
probability of topic_Student_9 is 0.459222

gibbs sample time: 0.412833 seconds
probability of topic_Staff_30 is 0.521444

gibbs sample time: 0.212167 seconds
probability of topic_Faculty_65 is 0.424889

gibbs sample time: 1.0653 seconds
probability of topic_Faculty_156 is 0.501333

gibbs sample time: 0.06043 seconds
probability of topic_ResearchProject_82 is 0.478667

gibbs sample time: 0.060616 seconds
probability of topic_Person_89 is 0.501556

gibbs sample time: 1.48259 seconds
probability of topic_Person_169 is 0.586778

gibbs sample time: 0.085504 seconds
probability of topic_Person_77 is 0.643444

gibbs sample time: 0.05804 seconds
probability of topic_Person_96 is 0.466333

gibbs sample time: 0.277374 seconds
probability of topic_Course_110 is 0.441222

gibbs sample time: 0.061283 seconds
probability of topic_Department_21 is 0.484444

gibbs sample time: 0.08815 seconds
probability of topic_Course_97 is 0.567778

gibbs sample time: 1.36465 seconds
probability of topic_ResearchProject_155 is 0.500444

gibbs sample time: 0.278419 seconds
probability of topic_Course_8 is 0.479222

gibbs sample time: 0.088935 seconds
probability of topic_Faculty_36 is 0.421778

gibbs sample time: 0.059709 seconds
probability of topic_Student_40 is 0.482

gibbs sample time: 1.02853 seconds
probability of topic_Course_29 is 0.673222

gibbs sample time: 0.425829 seconds
probability of topic_Student_61 is 0.577444

gibbs sample time: 0.151645 seconds
probability of topic_Faculty_7 is 0.499889

gibbs sample time: 1.06763 seconds
probability of topic_Person_50 is 0.586444

gibbs sample time: 0.091127 seconds
probability of topic_Course_69 is 0.597556

gibbs sample time: 0.358899 seconds
probability of topic_Department_91 is 0.537889

gibbs sample time: 0.232335 seconds
probability of topic_Staff_81 is 0.451222

gibbs sample time: 0.358853 seconds
probability of topic_Department_45 is 0.474444

gibbs sample time: 0.062677 seconds
probability of topic_Student_89 is 0.527

gibbs sample time: 0.19385 seconds
probability of topic_Staff_17 is 0.569556

gibbs sample time: 0.453587 seconds
probability of topic_Staff_57 is 0.451889

gibbs sample time: 0.453436 seconds
probability of topic_Staff_61 is 0.494

gibbs sample time: 1.46189 seconds
probability of topic_Department_157 is 0.500667

gibbs sample time: 0.055603 seconds
probability of topic_Staff_1 is 0.417111

gibbs sample time: 1.07829 seconds
probability of topic_Department_59 is 0.529111

gibbs sample time: 1.03363 seconds
probability of topic_Person_54 is 0.478667

gibbs sample time: 0.452019 seconds
probability of topic_Staff_168 is 0.423222

gibbs sample time: 0.058284 seconds
probability of topic_Staff_6 is 0.461444

gibbs sample time: 0.918306 seconds
probability of topic_Student_72 is 0.548667

gibbs sample time: 0.285543 seconds
probability of topic_Faculty_30 is 0.475111

gibbs sample time: 0.0598 seconds
probability of topic_Student_39 is 0.467889

gibbs sample time: 0.055927 seconds
probability of topic_Faculty_1 is 0.573333

gibbs sample time: 1.06098 seconds
probability of topic_Student_102 is 0.561444

gibbs sample time: 0.77799 seconds
probability of topic_Course_174 is 0.518111

gibbs sample time: 0.055631 seconds
probability of topic_Person_75 is 0.488

gibbs sample time: 0.061212 seconds
probability of topic_ResearchProject_15 is 0.507889

gibbs sample time: 0.087484 seconds
probability of topic_Course_25 is 0.399778

gibbs sample time: 0.152904 seconds
probability of topic_Person_47 is 0.203333

gibbs sample time: 1.06824 seconds
probability of topic_Person_28 is 0.410333

gibbs sample time: 0.092908 seconds
probability of topic_Student_53 is 0.445889

gibbs sample time: 0.19662 seconds
probability of topic_Person_180 is 0.534778

gibbs sample time: 0.060952 seconds
probability of topic_Department_26 is 0.519222

gibbs sample time: 0.085551 seconds
probability of topic_Staff_5 is 0.514778

gibbs sample time: 0.22072 seconds
probability of topic_Person_19 is 0.686556

gibbs sample time: 0.059866 seconds
probability of topic_Faculty_99 is 0.460778

gibbs sample time: 0.41605 seconds
probability of topic_Staff_67 is 0.461444

gibbs sample time: 0.058084 seconds
probability of topic_Student_46 is 0.491444

gibbs sample time: 0.062491 seconds
probability of topic_Student_70 is 0.415333

gibbs sample time: 0.085608 seconds
probability of topic_Staff_22 is 0.495

gibbs sample time: 0.085061 seconds
probability of topic_Staff_76 is 0.427333

gibbs sample time: 0.058559 seconds
probability of topic_Student_90 is 0.506667

gibbs sample time: 0.058736 seconds
probability of topic_Student_74 is 0.494111

gibbs sample time: 0.059212 seconds
probability of topic_Department_56 is 0.490778

gibbs sample time: 0.06062 seconds
probability of topic_ResearchProject_33 is 0.459444

gibbs sample time: 0.412549 seconds
probability of topic_Faculty_111 is 0.524556

gibbs sample time: 0.266695 seconds
probability of topic_Student_81 is 0.569333

gibbs sample time: 0.385921 seconds
probability of topic_Course_111 is 0.498444

gibbs sample time: 1.06838 seconds
probability of topic_Person_102 is 0.539778

gibbs sample time: 0.058199 seconds
probability of topic_Person_9 is 0.408556

gibbs sample time: 0.43154 seconds
probability of topic_Person_67 is 0.517444

gibbs sample time: 1.47907 seconds
probability of topic_Person_133 is 0.517222

gibbs sample time: 1.02967 seconds
probability of topic_Course_28 is 0.479556

gibbs sample time: 0.055641 seconds
probability of topic_Person_6 is 0.476889

gibbs sample time: 0.21169 seconds
probability of topic_Faculty_119 is 0.494333

gibbs sample time: 0.089867 seconds
probability of topic_Course_22 is 0.402667

gibbs sample time: 0.242361 seconds
probability of topic_ResearchProject_145 is 0.500889

gibbs sample time: 0.091131 seconds
probability of topic_Student_15 is 0.527667

gibbs sample time: 0.916373 seconds
probability of topic_Student_118 is 0.596667

gibbs sample time: 0.225655 seconds
probability of topic_Staff_19 is 0.406667

gibbs sample time: 0.324763 seconds
probability of topic_Staff_91 is 0.472778

gibbs sample time: 0.242216 seconds
probability of topic_ResearchProject_17 is 0.452222

gibbs sample time: 0.056015 seconds
probability of topic_Person_90 is 0.651

gibbs sample time: 1.00467 seconds
probability of topic_Staff_126 is 0.543

gibbs sample time: 1.00509 seconds
probability of topic_Staff_156 is 0.547

gibbs sample time: 1.00594 seconds
probability of topic_Staff_114 is 0.419444

gibbs sample time: 0.059938 seconds
probability of topic_Student_60 is 0.511667

gibbs sample time: 0.088369 seconds
probability of topic_Staff_77 is 0.402556

gibbs sample time: 1.37389 seconds
probability of topic_ResearchProject_2 is 0.498333

gibbs sample time: 0.061146 seconds
probability of topic_Faculty_51 is 0.405

gibbs sample time: 0.06003 seconds
probability of topic_Faculty_85 is 0.496333

gibbs sample time: 0.151298 seconds
probability of topic_Department_47 is 0.246667

gibbs sample time: 0.055526 seconds
probability of topic_Staff_62 is 0.486111

gibbs sample time: 0.414744 seconds
probability of topic_Course_35 is 0.489

gibbs sample time: 0.231613 seconds
probability of topic_Staff_20 is 0.433333

gibbs sample time: 1.46584 seconds
probability of topic_Person_155 is 0.372111

gibbs sample time: 0.08887 seconds
probability of topic_Student_36 is 0.380556

gibbs sample time: 0.286177 seconds
probability of topic_Faculty_136 is 0.405

gibbs sample time: 0.169472 seconds
probability of topic_Faculty_55 is 0.480556

gibbs sample time: 0.170307 seconds
probability of topic_Faculty_73 is 0.521444

gibbs sample time: 0.057946 seconds
probability of topic_Staff_38 is 0.422889

gibbs sample time: 0.396621 seconds
probability of topic_Department_92 is 0.441667

gibbs sample time: 0.443555 seconds
probability of topic_Faculty_67 is 0.438556

gibbs sample time: 0.061884 seconds
probability of topic_Department_22 is 0.471222

gibbs sample time: 0.443111 seconds
probability of topic_Faculty_134 is 0.420333

gibbs sample time: 0.056042 seconds
probability of topic_Course_37 is 0.432222

gibbs sample time: 1.32589 seconds
probability of topic_Staff_24 is 0.491889

gibbs sample time: 0.286393 seconds
probability of topic_Department_81 is 0.604556

gibbs sample time: 0.145743 seconds
probability of topic_Person_52 is 0.486667

gibbs sample time: 1.07796 seconds
probability of topic_Department_54 is 0.502778

gibbs sample time: 1.07845 seconds
probability of topic_Department_114 is 0.441556

gibbs sample time: 0.325082 seconds
probability of topic_Staff_45 is 0.430889

gibbs sample time: 0.205533 seconds
probability of topic_ResearchProject_187 is 0.446889

gibbs sample time: 0.204543 seconds
probability of topic_ResearchProject_13 is 0.529778

gibbs sample time: 0.264927 seconds
probability of topic_Staff_4 is 0.456556

gibbs sample time: 0.088998 seconds
probability of topic_Course_76 is 0.419889

gibbs sample time: 0.742953 seconds
probability of topic_ResearchProject_126 is 0.517333

gibbs sample time: 0.0824 seconds
probability of topic_Course_15 is 0.433111

gibbs sample time: 0.243417 seconds
probability of topic_Faculty_78 is 0.441556

gibbs sample time: 0.058589 seconds
probability of topic_ResearchProject_71 is 0.491778

gibbs sample time: 0.08971 seconds
probability of topic_Staff_64 is 0.398222

gibbs sample time: 0.154638 seconds
probability of topic_ResearchProject_42 is 0.431

gibbs sample time: 0.282836 seconds
probability of topic_Person_93 is 0.211111

gibbs sample time: 0.057869 seconds
probability of topic_Staff_66 is 0.438889

gibbs sample time: 1.49547 seconds
probability of topic_Course_18 is 0.376889

gibbs sample time: 0.265788 seconds
probability of topic_Staff_111 is 0.558333

gibbs sample time: 0.118415 seconds
probability of topic_Faculty_94 is 0.21

gibbs sample time: 1.00495 seconds
probability of topic_Staff_54 is 0.490889

gibbs sample time: 0.086487 seconds
probability of topic_Person_97 is 0.624222

gibbs sample time: 0.060059 seconds
probability of topic_ResearchProject_96 is 0.495222

gibbs sample time: 0.059432 seconds
probability of topic_Department_75 is 0.468778

gibbs sample time: 0.056531 seconds
probability of topic_Faculty_6 is 0.474778

gibbs sample time: 1.09806 seconds
probability of topic_Faculty_102 is 0.538667

gibbs sample time: 0.058452 seconds
probability of topic_Faculty_76 is 0.414444

gibbs sample time: 0.089288 seconds
probability of topic_Staff_53 is 0.435

gibbs sample time: 0.27059 seconds
probability of topic_Course_20 is 0.458222

gibbs sample time: 0.434049 seconds
probability of topic_Student_134 is 0.522222

gibbs sample time: 0.0625 seconds
probability of topic_Faculty_89 is 0.467667

gibbs sample time: 0.259321 seconds
probability of topic_Person_81 is 0.493111

gibbs sample time: 0.060795 seconds
probability of topic_Department_66 is 0.474

gibbs sample time: 0.057771 seconds
probability of topic_Course_66 is 0.417778

gibbs sample time: 0.058572 seconds
probability of topic_Faculty_95 is 0.491

gibbs sample time: 0.258402 seconds
probability of topic_Person_20 is 0.480889

gibbs sample time: 0.151438 seconds
probability of topic_Department_52 is 0.489

gibbs sample time: 0.060702 seconds
probability of topic_ResearchProject_84 is 0.402111

gibbs sample time: 0.122084 seconds
probability of topic_ResearchProject_32 is 0.494

gibbs sample time: 0.060088 seconds
probability of topic_ResearchProject_40 is 0.436444

gibbs sample time: 0.236393 seconds
probability of topic_Faculty_17 is 0.569556

gibbs sample time: 0.062553 seconds
probability of topic_Student_22 is 0.623444

gibbs sample time: 0.057909 seconds
probability of topic_Staff_84 is 0.459222

gibbs sample time: 0.055695 seconds
probability of topic_Staff_80 is 0.447778

gibbs sample time: 0.059998 seconds
probability of topic_Student_38 is 0.442111

gibbs sample time: 0.143576 seconds
probability of topic_Staff_47 is 0.338333

gibbs sample time: 0.055865 seconds
probability of topic_Staff_44 is 0.421111

gibbs sample time: 0.238515 seconds
probability of topic_ResearchProject_49 is 0.500444

gibbs sample time: 0.253021 seconds
probability of topic_ResearchProject_78 is 0.522111

gibbs sample time: 0.088798 seconds
probability of topic_Faculty_53 is 0.492444

gibbs sample time: 0.056396 seconds
probability of topic_Staff_86 is 0.407111

gibbs sample time: 1.09618 seconds
probability of topic_Department_50 is 0.409778

gibbs sample time: 1.11877 seconds
probability of topic_Department_102 is 0.368111

gibbs sample time: 1.09808 seconds
probability of topic_Department_28 is 0.474222

gibbs sample time: 0.058017 seconds
probability of topic_Course_38 is 0.474444

gibbs sample time: 0.058244 seconds
probability of topic_Person_66 is 0.482222

gibbs sample time: 0.05783 seconds
probability of topic_Course_68 is 0.502667

gibbs sample time: 1.499 seconds
probability of topic_Course_12 is 0.523

gibbs sample time: 1.49805 seconds
probability of topic_Course_155 is 0.449444

gibbs sample time: 0.058033 seconds
probability of topic_Staff_89 is 0.524222

gibbs sample time: 1.49841 seconds
probability of topic_Course_133 is 0.498111

gibbs sample time: 0.058289 seconds
probability of topic_Faculty_44 is 0.574

gibbs sample time: 0.058464 seconds
probability of topic_Course_75 is 0.412889

gibbs sample time: 1.45906 seconds
probability of topic_Student_133 is 0.538667

gibbs sample time: 0.351011 seconds
probability of topic_ResearchProject_31 is 0.393444

gibbs sample time: 0.350925 seconds
probability of topic_ResearchProject_92 is 0.501889

gibbs sample time: 1.0783 seconds
probability of topic_Department_126 is 0.438

gibbs sample time: 0.252822 seconds
probability of topic_ResearchProject_180 is 0.607333

gibbs sample time: 0.28474 seconds
probability of topic_Faculty_20 is 0.532

gibbs sample time: 0.393401 seconds
probability of topic_Person_10 is 0.529556

gibbs sample time: 0.438172 seconds
probability of topic_Faculty_57 is 0.484333

gibbs sample time: 0.192631 seconds
probability of topic_Course_19 is 0.406444

gibbs sample time: 0.192129 seconds
probability of topic_Course_49 is 0.447333

gibbs sample time: 0.059514 seconds
probability of topic_Faculty_16 is 0.526111

gibbs sample time: 0.089292 seconds
probability of topic_Student_63 is 0.459444

gibbs sample time: 1.46205 seconds
probability of topic_Department_155 is 0.559333

gibbs sample time: 0.086258 seconds
probability of topic_Course_5 is 0.412444

gibbs sample time: 0.247061 seconds
probability of topic_Department_49 is 0.478444

gibbs sample time: 0.091318 seconds
probability of topic_Department_36 is 0.422222

gibbs sample time: 0.060973 seconds
probability of topic_Staff_13 is 0.510889

gibbs sample time: 0.061136 seconds
probability of topic_Person_33 is 0.362556

gibbs sample time: 0.0612 seconds
probability of topic_ResearchProject_43 is 0.499444

gibbs sample time: 0.210506 seconds
probability of topic_Student_13 is 0.306111

gibbs sample time: 0.209998 seconds
probability of topic_Student_187 is 0.515667

gibbs sample time: 0.374949 seconds
probability of topic_Person_4 is 0.461333

gibbs sample time: 1.44625 seconds
probability of topic_Faculty_18 is 0.434333

gibbs sample time: 0.059972 seconds
probability of topic_Faculty_82 is 0.410111

gibbs sample time: 0.082934 seconds
probability of topic_Staff_97 is 0.569333

gibbs sample time: 0.086549 seconds
probability of topic_Student_77 is 0.737222

gibbs sample time: 0.210468 seconds
probability of topic_ResearchProject_73 is 0.491

gibbs sample time: 0.058495 seconds
probability of topic_Course_95 is 0.515

gibbs sample time: 0.087718 seconds
probability of topic_ResearchProject_97 is 0.482

gibbs sample time: 0.087593 seconds
probability of topic_Department_77 is 0.642333

gibbs sample time: 0.968567 seconds
probability of topic_Department_174 is 0.825222

gibbs sample time: 0.183306 seconds
probability of topic_Student_65 is 0.474

gibbs sample time: 0.144439 seconds
probability of topic_Person_42 is 0.607

gibbs sample time: 0.058586 seconds
probability of topic_Course_34 is 0.466111

gibbs sample time: 0.27077 seconds
probability of topic_Course_81 is 0.542889

gibbs sample time: 0.44175 seconds
probability of topic_ResearchProject_67 is 0.461889

gibbs sample time: 0.203006 seconds
probability of topic_Student_55 is 0.541667

gibbs sample time: 0.059369 seconds
probability of topic_ResearchProject_90 is 0.58

gibbs sample time: 0.090275 seconds
probability of topic_Department_79 is 0.562

gibbs sample time: 0.056328 seconds
probability of topic_Staff_56 is 0.449778

gibbs sample time: 0.057912 seconds
probability of topic_Staff_39 is 0.449444

gibbs sample time: 0.059745 seconds
probability of topic_Student_82 is 0.520222

gibbs sample time: 0.393659 seconds
probability of topic_Person_87 is 0.595111

gibbs sample time: 0.059431 seconds
probability of topic_Department_90 is 0.554889

gibbs sample time: 0.391412 seconds
probability of topic_Student_31 is 0.612444

gibbs sample time: 0.060185 seconds
probability of topic_Faculty_26 is 0.586

gibbs sample time: 0.937229 seconds
probability of topic_Faculty_106 is 0.518

gibbs sample time: 0.060231 seconds
probability of topic_Student_83 is 0.509333

gibbs sample time: 0.060969 seconds
probability of topic_ResearchProject_89 is 0.489667

gibbs sample time: 0.064218 seconds
probability of topic_ResearchProject_60 is 0.485222

gibbs sample time: 0.416032 seconds
probability of topic_Department_31 is 0.455889

gibbs sample time: 0.059759 seconds
probability of topic_Person_21 is 0.477444

gibbs sample time: 0.058405 seconds
probability of topic_Course_56 is 0.435

gibbs sample time: 0.417015 seconds
probability of topic_Course_134 is 0.442667

gibbs sample time: 0.056188 seconds
probability of topic_Course_90 is 0.405556

gibbs sample time: 0.085752 seconds
probability of topic_Person_14 is 0.449444

gibbs sample time: 0.058427 seconds
probability of topic_ResearchProject_44 is 0.376667

gibbs sample time: 0.189147 seconds
probability of topic_Person_91 is 0.389

gibbs sample time: 0.963146 seconds
probability of topic_Department_118 is 0.489444

gibbs sample time: 0.05946 seconds
probability of topic_ResearchProject_6 is 0.468111

gibbs sample time: 1.00528 seconds
probability of topic_Course_114 is 0.435222

gibbs sample time: 0.092967 seconds
probability of topic_Student_23 is 0.302

gibbs sample time: 0.057869 seconds
probability of topic_Course_85 is 0.544556

gibbs sample time: 0.056083 seconds
probability of topic_Person_71 is 0.661889

gibbs sample time: 0.060171 seconds
probability of topic_Faculty_66 is 0.402778

gibbs sample time: 0.962918 seconds
probability of topic_Department_41 is 0.361

gibbs sample time: 0.970506 seconds
probability of topic_Department_72 is 0.462333

gibbs sample time: 0.287115 seconds
probability of topic_Department_8 is 0.656333

gibbs sample time: 0.286617 seconds
probability of topic_Department_110 is 0.401889

gibbs sample time: 0.374805 seconds
probability of topic_Person_111 is 0.650222

gibbs sample time: 1.00681 seconds
probability of topic_Course_59 is 0.629667

gibbs sample time: 0.083041 seconds
probability of topic_Person_5 is 0.501444

gibbs sample time: 0.087284 seconds
probability of topic_Course_88 is 0.531444

gibbs sample time: 1.02428 seconds
probability of topic_Course_126 is 0.424444

gibbs sample time: 0.43394 seconds
probability of topic_ResearchProject_136 is 0.419889

gibbs sample time: 0.058443 seconds
probability of topic_Faculty_80 is 0.409444

gibbs sample time: 1.00454 seconds
probability of topic_Course_3 is 0.448222

gibbs sample time: 1.00641 seconds
probability of topic_Course_156 is 0.505

gibbs sample time: 0.089021 seconds
probability of topic_Staff_23 is 0.412

gibbs sample time: 0.089331 seconds
probability of topic_Faculty_77 is 0.377

gibbs sample time: 0.414968 seconds
probability of topic_Student_4 is 0.415778

gibbs sample time: 0.058028 seconds
probability of topic_Course_26 is 0.555556

gibbs sample time: 0.060469 seconds
probability of topic_Person_26 is 0.507111

gibbs sample time: 0.209684 seconds
probability of topic_ResearchProject_65 is 0.514111

gibbs sample time: 0.383301 seconds
probability of topic_Person_92 is 0.458333

gibbs sample time: 0.286574 seconds
probability of topic_Department_116 is 0.440222

gibbs sample time: 1.4924 seconds
probability of topic_Course_199 is 0.465111

gibbs sample time: 0.091433 seconds
probability of topic_Department_51 is 0.453556

gibbs sample time: 0.495174 seconds
probability of topic_Person_134 is 0.493667

gibbs sample time: 0.060836 seconds
probability of topic_Person_99 is 0.402556

gibbs sample time: 0.379844 seconds
probability of topic_Staff_92 is 0.439667

gibbs sample time: 0.096582 seconds
probability of topic_Faculty_88 is 0.555333

gibbs sample time: 0.06052 seconds
probability of topic_ResearchProject_85 is 0.508444

gibbs sample time: 0.416698 seconds
probability of topic_Staff_11 is 0.421

gibbs sample time: 0.415759 seconds
probability of topic_Staff_134 is 0.406444

gibbs sample time: 0.058473 seconds
probability of topic_Faculty_98 is 0.431556

gibbs sample time: 0.061416 seconds
probability of topic_ResearchProject_9 is 0.647111

gibbs sample time: 0.060844 seconds
probability of topic_ResearchProject_16 is 0.493778

gibbs sample time: 0.060839 seconds
probability of topic_Person_43 is 0.483

gibbs sample time: 1.44853 seconds
probability of topic_Faculty_155 is 0.639556

gibbs sample time: 0.058401 seconds
probability of topic_Student_95 is 0.518778

gibbs sample time: 0.122333 seconds
probability of topic_Department_25 is 0.299667

gibbs sample time: 1.44909 seconds
probability of topic_Faculty_157 is 0.464667

gibbs sample time: 0.060021 seconds
probability of topic_Faculty_60 is 0.456667

gibbs sample time: 0.058328 seconds
probability of topic_Staff_96 is 0.507333

gibbs sample time: 1.44839 seconds
probability of topic_Faculty_133 is 0.487556

gibbs sample time: 0.060788 seconds
probability of topic_Department_39 is 0.424889

gibbs sample time: 1.32334 seconds
probability of topic_Staff_169 is 0.752889

gibbs sample time: 0.205067 seconds
probability of topic_Course_119 is 0.486333

gibbs sample time: 1.32423 seconds
probability of topic_Staff_18 is 0.390556

gibbs sample time: 0.201674 seconds
probability of topic_Person_187 is 0.477556

gibbs sample time: 0.058497 seconds
probability of topic_Student_98 is 0.628444

gibbs sample time: 1.45724 seconds
probability of topic_Student_24 is 0.570333

gibbs sample time: 0.087803 seconds
probability of topic_ResearchProject_77 is 0.539667

gibbs sample time: 0.058403 seconds
probability of topic_Person_27 is 0.504556

gibbs sample time: 0.058606 seconds
probability of topic_ResearchProject_62 is 0.615444

gibbs sample time: 0.269179 seconds
probability of topic_Staff_8 is 0.585556

gibbs sample time: 0.089241 seconds
probability of topic_Student_14 is 0.456444

gibbs sample time: 0.085423 seconds
probability of topic_Staff_51 is 0.380333

gibbs sample time: 0.269675 seconds
probability of topic_Staff_110 is 0.381222

gibbs sample time: 0.058322 seconds
probability of topic_Course_77 is 0.330111

gibbs sample time: 0.285704 seconds
probability of topic_Department_93 is 0.447222

gibbs sample time: 0.213098 seconds
probability of topic_Department_13 is 0.590111

gibbs sample time: 0.058675 seconds
probability of topic_Staff_46 is 0.424

gibbs sample time: 0.058455 seconds
probability of topic_Student_75 is 0.464556

gibbs sample time: 0.157229 seconds
probability of topic_ResearchProject_7 is 0.463333

gibbs sample time: 0.058651 seconds
probability of topic_ResearchProject_37 is 0.450778

gibbs sample time: 0.354805 seconds
probability of topic_ResearchProject_91 is 0.589333

gibbs sample time: 0.060868 seconds
probability of topic_Department_9 is 0.502111

gibbs sample time: 0.055707 seconds
probability of topic_Course_86 is 0.410889

gibbs sample time: 0.058106 seconds
probability of topic_Person_60 is 0.468889

gibbs sample time: 1.45875 seconds
probability of topic_Student_2 is 0.453667

gibbs sample time: 0.436769 seconds
probability of topic_Student_30 is 0.429889

gibbs sample time: 1.45499 seconds
probability of topic_Student_199 is 0.611333

gibbs sample time: 0.417021 seconds
probability of topic_Course_11 is 0.500222

gibbs sample time: 0.281136 seconds
probability of topic_Student_110 is 0.512444

gibbs sample time: 1.45894 seconds
probability of topic_Student_18 is 0.467

gibbs sample time: 0.182818 seconds
probability of topic_Student_119 is 0.461111

gibbs sample time: 0.213793 seconds
probability of topic_Faculty_13 is 0.558556

gibbs sample time: 0.213685 seconds
probability of topic_Faculty_187 is 0.587667

gibbs sample time: 0.382887 seconds
probability of topic_Person_168 is 0.481889

gibbs sample time: 0.058298 seconds
probability of topic_Staff_85 is 0.416333

gibbs sample time: 0.384906 seconds
probability of topic_Course_4 is 0.555

gibbs sample time: 0.391403 seconds
probability of topic_Student_92 is 0.497

gibbs sample time: 0.386381 seconds
probability of topic_Course_58 is 0.522333

gibbs sample time: 0.39185 seconds
probability of topic_Student_120 is 0.531444

gibbs sample time: 0.0584 seconds
probability of topic_Faculty_56 is 0.457222

gibbs sample time: 0.294673 seconds
probability of topic_Faculty_93 is 0.411556

gibbs sample time: 0.125242 seconds
probability of topic_Department_32 is 0.415

gibbs sample time: 0.060058 seconds
probability of topic_Faculty_43 is 0.548889

gibbs sample time: 0.090937 seconds
probability of topic_Department_97 is 0.699556

gibbs sample time: 0.05993 seconds
probability of topic_Student_99 is 0.465333

gibbs sample time: 0.748923 seconds
probability of topic_ResearchProject_3 is 0.480333

gibbs sample time: 0.058317 seconds
probability of topic_Staff_88 is 0.643444

gibbs sample time: 0.058263 seconds
probability of topic_Student_80 is 0.494222

gibbs sample time: 0.114629 seconds
probability of topic_Person_94 is 0.539222

gibbs sample time: 0.05885 seconds
probability of topic_Student_71 is 0.601556

gibbs sample time: 1.46828 seconds
probability of topic_Student_155 is 0.204556

gibbs sample time: 1.45775 seconds
probability of topic_Student_157 is 0.555

gibbs sample time: 0.059205 seconds
probability of topic_Department_6 is 0.425111

gibbs sample time: 0.059229 seconds
probability of topic_Department_62 is 0.636667

gibbs sample time: 0.056057 seconds
probability of topic_Person_62 is 0.714778

gibbs sample time: 0.153081 seconds
probability of topic_Faculty_47 is 0.551111

gibbs sample time: 0.056317 seconds
probability of topic_Person_74 is 0.504444

gibbs sample time: 1.47 seconds
probability of topic_Person_24 is 0.518778

gibbs sample time: 0.151768 seconds
probability of topic_Student_7 is 0.587444

gibbs sample time: 0.060433 seconds
probability of topic_Person_85 is 0.443333

gibbs sample time: 0.312457 seconds
probability of topic_Person_8 is 0.503556

gibbs sample time: 0.105416 seconds
probability of topic_Student_26 is 0.414444

gibbs sample time: 0.440682 seconds
probability of topic_Student_57 is 0.493556

gibbs sample time: 0.426088 seconds
probability of topic_Student_168 is 0.482222

gibbs sample time: 0.058153 seconds
probability of topic_Course_99 is 0.607889

gibbs sample time: 0.239592 seconds
probability of topic_ResearchProject_19 is 0.535556

gibbs sample time: 1.04999 seconds
probability of topic_Student_59 is 0.599667

gibbs sample time: 1.04971 seconds
probability of topic_Student_126 is 0.603667

gibbs sample time: 0.12122 seconds
probability of topic_ResearchProject_47 is 0.475111

gibbs sample time: 0.085917 seconds
probability of topic_Course_23 is 0.700556

gibbs sample time: 0.056158 seconds
probability of topic_Person_37 is 0.503444

gibbs sample time: 0.195649 seconds
probability of topic_Staff_145 is 0.475444

gibbs sample time: 0.4327 seconds
probability of topic_Department_58 is 0.459

gibbs sample time: 0.093426 seconds
probability of topic_Faculty_68 is 0.348333

gibbs sample time: 0.734968 seconds
probability of topic_Person_106 is 0.638667

gibbs sample time: 0.061269 seconds
probability of topic_Department_83 is 0.465444

gibbs sample time: 0.061411 seconds
probability of topic_ResearchProject_23 is 0.438556

gibbs sample time: 0.059529 seconds
probability of topic_Department_95 is 0.508333

gibbs sample time: 0.281427 seconds
probability of topic_Student_8 is 0.525667

gibbs sample time: 0.056449 seconds
probability of topic_Person_80 is 0.499111

gibbs sample time: 0.429983 seconds
probability of topic_ResearchProject_125 is 0.496333

gibbs sample time: 0.212875 seconds
probability of topic_Department_187 is 0.503

gibbs sample time: 0.060756 seconds
probability of topic_Course_82 is 0.399667

gibbs sample time: 1.46305 seconds
probability of topic_Department_18 is 0.405

gibbs sample time: 0.244513 seconds
probability of topic_Department_78 is 0.465556

gibbs sample time: 0.058664 seconds
probability of topic_ResearchProject_95 is 0.470444

gibbs sample time: 0.155566 seconds
probability of topic_Student_47 is 0.237889

gibbs sample time: 0.059249 seconds
probability of topic_Department_98 is 0.33

gibbs sample time: 0.05995 seconds
probability of topic_Student_84 is 0.446333

gibbs sample time: 0.061045 seconds
probability of topic_Department_96 is 0.455

gibbs sample time: 0.734686 seconds
probability of topic_Person_118 is 0.613222

gibbs sample time: 0.086624 seconds
probability of topic_Student_5 is 0.519556

gibbs sample time: 1.03504 seconds
probability of topic_Person_59 is 0.536333

gibbs sample time: 0.206519 seconds
probability of topic_Person_119 is 0.490667

gibbs sample time: 0.204726 seconds
probability of topic_Course_65 is 0.462556

