observed tuples: r3380 r465 r4745 r3898 r4908 r511 r3157 r1907 r258 r1135 r3362 r2465 r2222 r3656 r4130 r1262 r2992 r50 r4296 r3982 r3392 r3653 r4427 r3347 r1403 r3900 r2396 r1987 r2874 r3078 r576 r2805 r4775 r1660 r4001 r4739 r3589 r3519 r2765 r3192 r2726 r4920 r1470 r3092 r2525 r3366 r1575 r3313 r1256 r2492 r810 r4208 r2354 r1063 r3348 r543 r1004 r2741 r3315 r4444 r3923 r3879 r4108 r2115 r549 r3361 r3673 r3224 r3472 r4243 r3518 r2042 r1491 r294 r1812 r3400 r734 r559 r3319 r305 r3710 r1931 r2612 r2230 r3435 r4396 r2586 r2618 r4571 r1389 r2127 r2509 r919 r4367 r2161 r4755 r3927 r1524 r4101 r232 r1609 r4224 r3783 r4234 r2394 r2472 r78 r620 r929 r3969 r3016 r3857 r3998 r3574 r1873 r263 r4609 r3866 r299 r1823 r3535 r2952 r3711 r4688 r3247 r2431 r1189 r2049 r4987 r2763 r1103 r4307 r2880 r1452 r1428 r3184 r3167 r1180 r4712 r980 r4146 r2697 r2376 r1490 r1916 r3388 r1462 r4612 r4082 r4768 r2143 r127 r1897 r2125 r2875 r4891 r721 r651 r4838 r3793 r4503 r4273 r23 r4632 r4629 r4425 r3038 r2804 r1985 r2597 r4894 r2831 r4565 r155 r1104 r4743 r702 r2947 r4237 r1320 r2644 r2436 r1788 r4871 r1787 r3425 r798 r3475 r2382 r2746 r558 r2274 r3559 r3013 r1989 r419 r2253 r1726 r423 r1471 r3246 r1832 r1229 r4067 r3308 r3474 r2795 r3786 r1070 r2173 r2014 r3344 r1353 r304 r859 r3386 r3800 r1634 r2660 r1782 r3720 r3363 r3893 r1984 r3831 r3810 r4334 r2769 r3042 r4666 r897 r3745 r1558 r2245 r60 r2636 r165 r4030 r2006 r126 r46 r999 r4744 r1380 r3961 r3222 r3420 r3986 r3268 r1479 r3799 r861 r3196 r2265 r2781 r359 r2794 r2847 r1195 r3816 r424 r2623 r4150 r4771 r1709 r2876 r2011 r3611 r593 r3641 r4848 r1772 r2835 r4222 r2390 r2153 r2264 r1838 r1626 r677 r374 r1994 r2483 r3787 r1083 r3068 r2756 r1149 r1829 r4156 r297 r561 r2543 r3083 r3160 r4329 r3621 r2873 r3695 r4676 r378 r2981 r146 r4353 r1669 r3735 r4317 r143 r724 r4123 r1179 r3662 hasword_paper_26 r4211 r591 r4749 r986 r2355 r2604 r3914 r2255 r2720 r2884 r339 r400 r3410 r1284 r1332 r4680 hasword_univers_12 r3239 links_155_133 r1805 r1774 hasword_includ_155 hasword_point_155 hasword_case_155 r347 hasword_email_157 hasword_address_157 r2414 r3975 r180 r4393 r3708 r941 r520 r644 r4205 r4929 r3661 r1113 r3070 r1764 r1430 r3636 r162 r2825 r3565 r584 r1217 links_81_20 r2320 hasword_complex_20 r2343 r3856 hasword_press_20 r3031 r666 r2429 r218 r3931 r2461 r2229 r2680 r1545 r1019 r2138 links_155_169 r1506 r1887 r485 r224 r1431 r3234 r3462 r3508 r2269 r3864 r2701 r484 r2678 r2527 r4568 r3084 r341 r1955 r3176 r1910 r2389 r2215 r4483 r4445 r4071 r1811 r2647 r2177 r1339 r3021 r659 r4906 r1530 r3828 links_19_49 hasword_html_19 r4912 r3278 r1155 r1147 r4852 r4923 r628 r4604 r650 r1269 r1550 r1305 r2099 r4163 r2067 r3548 r4332 r1675 r354 links_41_174 hasword_architectur_118 r858 r3954 r3335 hasword_june_118 r2235 r303 r1707 r1258 r1287 r2093 r4656 hasword_jan_5 r2345 hasword_parallel_72 r2549 r809 hasword_common_52 r4324 r769 hasword_server_66 r1277 r356 r1891 r2333 r3342 r4665 r1543 r4610 hasword_direct_63 r2100 r4651 r840 r3426 hasword_phone_78 r1001 hasword_network_73 r3757 r2927 hasword_pointer_85 r1856 r3807 links_87_35 links_87_10 r3576 r4213 r2799 r1133 r411 hasword_tuesdai_65 r2242 r4967 r1116 r392 r750 hasword_creat_96 hasword_show_200 r3256 hasword_text_21 links_4_111 r536 hasword_wide_35 r495 r1285 r298 r2020 r889 r4948 hasword_algorithm_186 links_50_146 links_55_73 r1979 r1043 hasword_mime_244 r123 r754 r2818 r784 r1093 r214 r206 hasword_principl_83 r3583 r3431 hasword_constraint_76 r3169 rl hasword_task_47 hasword_base_47 r2321 r1098 hasword_intellig_47 r238 r672 r2616 r3794 r3 r1642 hasword_modifi_110 r3345 r4842 hasword_environ_53 hasword_date_53 r4718 r4487 hasword_ta_24 r4726 r3130 hasword_unit_57 hasword_numer_119 r737 r3221 r3934 hasword_time_72 r4459 hasword_induct_7 r1487 r3384 r1282 hasword_librari_3 links_126_59 links_57_61 r1893 hasword_john_116 r3253 r4021 r302 r4972 hasword_unit_7 r3237 r161 hasword_show_77 r342 r1898 r1695 r518 links_13_187 hasword_student_94 hasword_student_134 r836 hasword_logic_187 r2458 r2667 r1525 r4924 r1078 r942 r3440 r230 hasword_window_99 r2083 links_209_36 r955 hasword_lab_199 r1427 r1385 hasword_bound_52 r2859 r818 links_209_33 r1089 links_164_209 hasword_faculti_33 r3562 r2118 hasword_queri_76 r4637 r2774 hasword_made_90 r4706 r4854 r823 r4770 hasword_paul_61 r930 hasword_univers_88 r2714 r1719 r3769 hasword_intern_47 hasword_de_4 r4619 r4465 hasword_nov_62 hasword_mondai_85 hasword_ftp_174 r4129 r3044 r3907 hasword_build_58 hasword_small_126 r2705 r900 r2066 hasword_length_258 r2610 hasword_educ_95 hasword_plan_2 r4603 r256 hasword_autom_105 r2279 r4174 r2405 r1435 hasword_manag_25 r3707 r4658 r1953 r4413 r722 hasword_train_180 links_136_30 r2842 r205 hasword_experi_92 r1700 r3718 r1261 r2999 hasword_class_59 links_30_136 r1775 r1193 r3185 links_17_244 r4732 r1688 r4954 r3836 r1833 r381 r2316 hasword_lab_111 r3423 r4806 r2791 r4111 hasword_logic_7 hasword_event_35 r1475 r2486 r1366 hasword_html_46 r3729 r4045 hasword_cern_111 hasword_gmt_5 r3377 r3393 hasword_nation_55 links_33_209 r1211 hasword_string_42 links_78_180 r2857 r4428 r2862 hasword_postscript_17 r4195 r615 hasword_wide_37 links_28_102 hasword_institut_169 r478 r3236 r4225 hasword_jan_8 r2114 hasword_develop_10 hasword_space_25 hasword_modifi_25 hasword_propos_32 r3546 hasword_confer_9 hasword_graduat_4 links_11_67 r1386 r3844 links_90_200 r3397 r847 r2673 hasword_respons_200 r2896 links_102_50 r3978 r273 links_50_29 r3887 r4512 r2198 r2736 hasword_form_77 r4484 hasword_jan_42 r62 r966 links_106_41 r2448 links_29_102 r3592 links_8_110 links_116_93 r4070 r2727 hasword_transfer_12 hasword_prototyp_7 hasword_html_118 r3818 hasword_date_74 r3141 r4600 hasword_faq_55 r1961 hasword_parallel_231 hasword_member_164 hasword_dynam_27 r3563 r4173 hasword_engin_87 r1810 r4216 hasword_storag_3 r2417 r4820 r4857 hasword_includ_13 r2921 links_125_136 hasword_current_35 r991 r2456 links_42_186 r3017 r2796 r192 r4970 r775 links_134_11 hasword_april_4 r2084 r3834 links_209_164 r912 r4126 r3188 links_78_258 hasword_test_125 r4683 r4740 r1940 r831 r1099 r2668 r9 r842 r353 r2830 r4075 r609 r1075 hasword_number_30 r3690 r4938 hasword_utexa_130 links_111_58 r187 r3428 hasword_group_115 hasword_wide_50 links_110_130 r4181 hasword_definit_21 r2444 r210 hasword_nov_77 r4943 hasword_work_71 r1445 r349 links_186_105 links_126_3 r2908 r455 hasword_algorithm_84 r978 r2352 hasword_paramet_20 hasword_austin_32 hasword_deriv_65 hasword_jan_32 hasword_jan_27 hasword_check_111 hasword_write_31 hasword_mail_209 r3040 r1132 hasword_support_111 r1270 r29 links_93_116 r3901 r2823 r2085 r3748 r1674 hasword_investig_106 links_136_125 r4405 r2803 hasword_hall_102 r4628 r4875 hasword_put_77 r70 r2575 r2581 r4494 r4312 r2088 r790 r1439 r1566 hasword_approxim_7 r4140 r2628 hasword_univers_69 links_168_57 hasword_content_40 hasword_type_136 r4563 hasword_india_68 r2520 hasword_real_31 r1304 hasword_engin_42 r3137 hasword_size_200 r4960 hasword_mechan_23 r1914 hasword_window_39 hasword_chapter_60 r2630 r603 hasword_line_4 r4196 hasword_add_14 r3655 hasword_major_41 links_2_199 hasword_program_105 r4735 r2559 r2043 r300 r7 links_29_28 r3853 r2712 hasword_ed_42 r4837 hasword_type_168 r476 hasword_onlin_88 hasword_page_97 r1342 r3019 r2893 r4077 hasword_contact_17 r3271 hasword_jan_79 r1012 links_65_119 r4845 r797 r1753 links_12_155 r2111 r1880 r2267 hasword_docum_79 links_57_168 r1560 r2528 r4159 r621 r4366 r1176 hasword_mondai_68 r3902 hasword_program_70 r2112 hasword_gmt_67 r2629 r741 r3338 r2070 r1325 r3966 links_59_126 links_110_8 links_156_126 hasword_left_75 links_54_114 hasword_process_36 hasword_version_41 r75 hasword_richard_7 r3191 r337 r4033 r469 r3918 r1003 r2102 r872 r4922 hasword_content_36 hasword_score_3 r565 hasword_announc_217 r2733 r3947 r4458 r961 links_155_157 r2589 r2358 r1828 r3749 r3290 r450 r3534 r3312 r1006 r1031 r4062 r4139 hasword_proceed_95 hasword_implem_156 r4117 hasword_open_111 r2452 links_172_209 r2984 r4 hasword_document_92 r4995 hasword_server_64 r876 hasword_dynam_3 r2671 links_41_118 r181 r231 hasword_set_42 r4431 links_3_156 r2521 r1934 hasword_orient_126 r24 hasword_implement_126 r834 r4807 hasword_larg_126 r2752 r3622 r2517 links_126_156 r2029 links_59_217 r4817 r2591 hasword_resourc_78 r2706 r3894 r1437 hasword_resourc_2 r3935 r440 r1254 hasword_file_56 r4177 r4180 r4873 hasword_cern_15 r3719 r2467 r1450 links_29_50 r4533 hasword_wait_52 r4490 r1807 hasword_depart_146 r946 hasword_music_52 hasword_begin_102 r1498 r4434 r1906 r4654 r212 r1494 r121 hasword_provid_28 r681 hasword_modifi_134 r2821 links_199_18 hasword_great_63 r4573 r1969 r1554 r3524 r2950 r843 r33 r3516 r2554 links_50_102 r2050 links_50_28 r136 r1703 r4488 r4835 hasword_system_29 r829 r2276 hasword_www_180 r1944 r351 links_41_106 r2588 links_41_72 r4089 r2478 r2734 hasword_austin_69 r144 hasword_aug_98 r1333 hasword_architectur_7 r2840 r4365 r4286 r2561 r3050 r3501 hasword_sequenc_43 r3979 r408 r4232 r3478 r2233 hasword_gmt_37 r3365 r4855 r3081 r2337 r4104 r56 r3736 r2608 r4777 hasword_mime_114 hasword_univers_187 r2913 r1370 hasword_ph_34 r4558 links_126_54 r1237 r1409 r388 hasword_tx_133 r2973 r2449 r3076 links_133_24 r913 r631 links_24_133 r3186 links_91_45 r2780 r3067 links_209_172 hasword_text_22 r4209 r1276 hasword_machin_22 r1376 r3725 r1334 r4092 r10 r4635 hasword_utexa_54 r2263 hasword_jan_97 r1546 r1377 r1520 r4358 r3536 r3950 r4535 r3416 hasword_move_48 links_48_180 hasword_text_45 r2534 r4509 hasword_materi_23 links_45_48 hasword_consist_49 r3590 r3244 links_155_199 r3409 r3082 r4304 r2814 links_28_50 r962 r2719 r2384 hasword_develop_174 r1032 r3433 hasword_suggest_91 hasword_texa_91 links_91_180 hasword_gmt_76 r1295 r4841 r3330 r4589 r4692 r4118 r4093 r3468 r4816 r219 r2722 r795 hasword_train_7 r3201 hasword_version_18 hasword_artifici_145 r2415 hasword_position_17 links_17_145 r837 r489 r1465 r3806 r1748 r261 r2018 r2888 r3512 links_25_231 r4392 links_41_115 r4953 r2710 r3768 hasword_room_30 r4653 r760 r3202 r1871 r3152 r2642 r2844 r896 r1580 r960 r4473 r4824 r2580 r3343 r2176 r4452 r4194 r2395 r1360 r4966 hasword_date_172 hasword_univers_146 r2565 r2060 r2640 hasword_area_17 r142 r3724 r4149 links_89_180 r4463 r1227 r1468 r1615 r4993 r3415 r4022 links_13_296 r2170 r2889 r2055 hasword_provid_200 r882 r794 r4616 r606 r2096 r3465 r2854 r1410 hasword_wa_15 r74 r1321 r22 hasword_text_51 r642 hasword_sourc_64 r3383 r1913 links_2_169 r1526 r4341 r3360 r3168 r2865 r2117 r176 r3276 r3298 r3905 r1737 r4572 hasword_past_32 hasword_limit_32 hasword_version_296 r4750 r2266 hasword_order_47 r1243 r4730 r4492 r2816 hasword_equal_52 r2767 hasword_count_52 r2757 hasword_version_82 r3692 r4996 r4290 r1900 r2815 hasword_process_63 r1424 r2211 r1441 r3520 r4227 r3205 r1124 hasword_form_94 r917 r1937 r2909 r3600 r4731 r3025 r3144 r4031 r4879 r2168 r201 r1017 r246 hasword_effici_51 r3183 r1489 r1364 r3873 r990 hasword_solution_14 r4371 r4257 r2829 r1246 r3194 r55 r1266 r2241 r1921 r3007 hasword_gmt_50 hasword_texa_6 r4645 r4606 r1354 r993 r3252 r69 r3897 r4076 r2624 r4065 r1601 hasword_elem_18 r2785 hasword_base_1 r2611 links_11_134 r3069 r710 r4976 r2826 r2446 r3088 r3664 r2964 hasword_instruct_81 r4560 r358 r4372 hasword_server_136 r1557 hasword_oct_44 r2750 r1184 r3555 r1996 r2236 r1225 r3875 r105 r4782 r2347 r2942 r1763 r1678 r4379 r4843 r2428 r1860 r3539 r1390 r2303 r1603 r4527 hasword_html_94 hasword_jan_120 hasword_mon_94 r3785 r1136 r1574 r2792 r1696 r3689 hasword_oct_11 r3451 hasword_articl_25 r346 r1357 r1319 r4074 r1024 r1911 r2885 r4800 r2270 hasword_author_93 r2812 hasword_techniqu_89 r3882 r2000 r365 hasword_chang_63 r4542 r39 r4642 r845 r3014 r1061 r3728 r2926 r413 r4919 r3405 r1622 r3628 hasword_date_80 r1402 r4678 hasword_manag_16 hasword_date_23 r893 r3704 r51 r1202 hasword_complet_32 r1638 r4258 r4120 hasword_colleg_38 r1057 r3303 r1025 hasword_nov_19 links_31_120 links_31_92 hasword_mime_86 r1768 r4863 r404 r3547 r272 r4584 r3601 r3492 r2349 r4438 r573 r4081 r3558 r4231 links_130_110 r4648 hasword_maintain_69 r3255 r1236 r2864 r3813 r4165 r3566 r950 r544 r717 r4066 r1570 r4300 r1718 r854 r147 hasword_collect_52 r510 r2516 r3784 r914 r2967 r3394 r967 r982 r4000 r1809 r4107 r1028 r2533 r1157 r2367 
size of observed tuples: 1506
size of unobserved tuples: 934

gibbs sample time: 1.05193 seconds
probability of topic_Faculty_91 is 0.436889

gibbs sample time: 1.05841 seconds
probability of topic_Student_174 is 0.524556

gibbs sample time: 1.05902 seconds
probability of topic_Student_115 is 0.457444

gibbs sample time: 1.08594 seconds
probability of topic_Student_41 is 0.356222

gibbs sample time: 0.130724 seconds
probability of topic_Faculty_23 is 0.423333

gibbs sample time: 0.058469 seconds
probability of topic_Faculty_34 is 0.477444

gibbs sample time: 0.059652 seconds
probability of topic_Department_74 is 0.473

gibbs sample time: 1.51131 seconds
probability of topic_Staff_155 is 0.444333

gibbs sample time: 0.059932 seconds
probability of topic_Student_16 is 0.408889

gibbs sample time: 0.05932 seconds
probability of topic_Department_71 is 0.463

gibbs sample time: 0.059908 seconds
probability of topic_Faculty_84 is 0.543667

gibbs sample time: 0.241327 seconds
probability of topic_Course_119 is 0.482444

gibbs sample time: 0.060872 seconds
probability of topic_ResearchProject_43 is 0.495556

gibbs sample time: 0.397306 seconds
probability of topic_Staff_145 is 0.471333

gibbs sample time: 0.391391 seconds
probability of topic_Staff_244 is 0.423556

gibbs sample time: 0.392486 seconds
probability of topic_Staff_17 is 0.605

gibbs sample time: 0.500867 seconds
probability of topic_Faculty_105 is 0.422222

gibbs sample time: 0.525359 seconds
probability of topic_Faculty_186 is 0.544222

gibbs sample time: 0.211204 seconds
probability of topic_Staff_13 is 0.504556

gibbs sample time: 0.060632 seconds
probability of topic_Course_82 is 0.406222

gibbs sample time: 0.415746 seconds
probability of topic_Department_187 is 0.618556

gibbs sample time: 0.410299 seconds
probability of topic_Department_296 is 0.431111

gibbs sample time: 0.408266 seconds
probability of topic_Department_13 is 0.574

gibbs sample time: 0.592319 seconds
probability of topic_ResearchProject_136 is 0.377

gibbs sample time: 0.125054 seconds
probability of topic_Staff_23 is 0.411778

gibbs sample time: 0.058043 seconds
probability of topic_Course_66 is 0.409778

gibbs sample time: 1.00119 seconds
probability of topic_Person_106 is 0.636444

gibbs sample time: 1.01213 seconds
probability of topic_Person_41 is 0.358556

gibbs sample time: 0.179018 seconds
probability of topic_Person_52 is 0.518222

gibbs sample time: 0.277257 seconds
probability of topic_Faculty_200 is 0.559333

gibbs sample time: 0.273517 seconds
probability of topic_Faculty_90 is 0.530889

gibbs sample time: 0.158106 seconds
probability of topic_ResearchProject_47 is 0.546556

gibbs sample time: 1.51398 seconds
probability of topic_Staff_133 is 0.518

gibbs sample time: 1.52891 seconds
probability of topic_Staff_24 is 0.493889

gibbs sample time: 0.436364 seconds
probability of topic_Student_168 is 0.482667

gibbs sample time: 0.434775 seconds
probability of topic_Student_57 is 0.493778

gibbs sample time: 0.062985 seconds
probability of topic_Student_26 is 0.418111

gibbs sample time: 1.06439 seconds
probability of topic_Person_78 is 0.461667

gibbs sample time: 0.153667 seconds
probability of topic_Department_94 is 0.717

gibbs sample time: 0.509486 seconds
probability of topic_Faculty_42 is 0.497889

gibbs sample time: 0.512617 seconds
probability of topic_Person_110 is 0.487667

gibbs sample time: 0.505461 seconds
probability of topic_Person_8 is 0.515889

gibbs sample time: 0.061178 seconds
probability of topic_Department_96 is 0.449

gibbs sample time: 0.061956 seconds
probability of topic_Student_84 is 0.439556

gibbs sample time: 0.098282 seconds
probability of topic_Faculty_79 is 0.496667

gibbs sample time: 0.058302 seconds
probability of topic_Course_60 is 0.467778

gibbs sample time: 0.056801 seconds
probability of topic_Person_74 is 0.497333

gibbs sample time: 0.184597 seconds
probability of topic_Faculty_47 is 0.558556

gibbs sample time: 0.059603 seconds
probability of topic_Student_6 is 0.525889

gibbs sample time: 0.095076 seconds
probability of topic_Department_85 is 0.389111

gibbs sample time: 1.71722 seconds
probability of topic_Student_157 is 0.478111

gibbs sample time: 1.7187 seconds
probability of topic_Student_155 is 0.197889

gibbs sample time: 1.73643 seconds
probability of topic_Student_12 is 0.598667

gibbs sample time: 0.062121 seconds
probability of topic_Department_22 is 0.479

gibbs sample time: 0.061025 seconds
probability of topic_Department_66 is 0.479111

gibbs sample time: 0.057991 seconds
probability of topic_Staff_38 is 0.429444

gibbs sample time: 0.059098 seconds
probability of topic_Student_71 is 0.595111

gibbs sample time: 1.16016 seconds
probability of topic_ResearchProject_89 is 0.466333

gibbs sample time: 0.060138 seconds
probability of topic_Student_43 is 0.469778

gibbs sample time: 0.057993 seconds
probability of topic_Staff_26 is 0.525778

gibbs sample time: 0.243378 seconds
probability of topic_Faculty_19 is 0.382

gibbs sample time: 0.094525 seconds
probability of topic_Student_95 is 0.527444

gibbs sample time: 0.124228 seconds
probability of topic_Department_69 is 0.442667

gibbs sample time: 0.060582 seconds
probability of topic_ResearchProject_84 is 0.400556

gibbs sample time: 0.060752 seconds
probability of topic_Course_84 is 0.492

gibbs sample time: 0.277824 seconds
probability of topic_Course_7 is 0.374556

gibbs sample time: 0.083288 seconds
probability of topic_Course_37 is 0.402222

gibbs sample time: 0.056759 seconds
probability of topic_Faculty_6 is 0.479556

gibbs sample time: 0.224899 seconds
probability of topic_Department_32 is 0.597889

gibbs sample time: 0.060434 seconds
probability of topic_Faculty_43 is 0.546778

gibbs sample time: 0.094604 seconds
probability of topic_Student_85 is 0.377444

gibbs sample time: 0.093893 seconds
probability of topic_Student_53 is 0.453444

gibbs sample time: 0.956392 seconds
probability of topic_Faculty_209 is 0.455444

gibbs sample time: 0.954922 seconds
probability of topic_Faculty_33 is 0.609556

gibbs sample time: 0.96646 seconds
probability of topic_Department_33 is 0.790556

gibbs sample time: 0.422379 seconds
probability of topic_Course_31 is 0.382889

gibbs sample time: 0.08649 seconds
probability of topic_Faculty_37 is 0.463556

gibbs sample time: 0.57078 seconds
probability of topic_Faculty_4 is 0.514667

gibbs sample time: 0.058669 seconds
probability of topic_Faculty_46 is 0.384111

gibbs sample time: 0.38818 seconds
probability of topic_ResearchProject_296 is 0.483444

gibbs sample time: 0.509442 seconds
probability of topic_Department_110 is 0.389111

gibbs sample time: 0.999377 seconds
probability of topic_Faculty_48 is 0.464889

gibbs sample time: 0.967993 seconds
probability of topic_Department_209 is 0.463333

gibbs sample time: 0.090462 seconds
probability of topic_Faculty_14 is 0.462556

gibbs sample time: 0.058006 seconds
probability of topic_Staff_16 is 0.553667

gibbs sample time: 1.41748 seconds
probability of topic_Student_114 is 0.541

gibbs sample time: 1.17435 seconds
probability of topic_Course_48 is 0.432778

gibbs sample time: 1.41015 seconds
probability of topic_Student_217 is 0.404778

gibbs sample time: 0.219679 seconds
probability of topic_Person_49 is 0.527444

gibbs sample time: 0.057689 seconds
probability of topic_Course_9 is 0.459667

gibbs sample time: 0.398513 seconds
probability of topic_Faculty_92 is 0.500222

gibbs sample time: 1.66446 seconds
probability of topic_Faculty_133 is 0.488778

gibbs sample time: 0.06109 seconds
probability of topic_Department_84 is 0.415333

gibbs sample time: 0.059853 seconds
probability of topic_Faculty_83 is 0.492444

gibbs sample time: 0.287541 seconds
probability of topic_Faculty_25 is 0.357444

gibbs sample time: 0.123755 seconds
probability of topic_ResearchProject_5 is 0.397333

gibbs sample time: 1.72015 seconds
probability of topic_Person_18 is 0.389667

gibbs sample time: 1.39978 seconds
probability of topic_Student_54 is 0.492556

gibbs sample time: 0.056418 seconds
probability of topic_Staff_34 is 0.592111

gibbs sample time: 0.086938 seconds
probability of topic_Course_14 is 0.593

gibbs sample time: 0.938219 seconds
probability of topic_Person_36 is 0.380444

gibbs sample time: 0.060153 seconds
probability of topic_ResearchProject_99 is 0.547222

gibbs sample time: 0.567442 seconds
probability of topic_Department_4 is 0.578778

gibbs sample time: 0.164519 seconds
probability of topic_ResearchProject_63 is 0.656111

gibbs sample time: 1.39706 seconds
probability of topic_Student_156 is 0.445333

gibbs sample time: 1.41189 seconds
probability of topic_Course_54 is 0.512222

gibbs sample time: 1.24236 seconds
probability of topic_ResearchProject_29 is 0.384

gibbs sample time: 1.25646 seconds
probability of topic_Faculty_29 is 0.406222

gibbs sample time: 1.49152 seconds
probability of topic_Staff_2 is 0.445444

gibbs sample time: 1.25726 seconds
probability of topic_Student_28 is 0.484333

gibbs sample time: 0.283561 seconds
probability of topic_Faculty_20 is 0.543333

gibbs sample time: 0.393281 seconds
probability of topic_Person_10 is 0.520222

gibbs sample time: 1.14336 seconds
probability of topic_ResearchProject_48 is 0.820222

gibbs sample time: 0.121629 seconds
probability of topic_Faculty_69 is 0.525222

gibbs sample time: 0.155853 seconds
probability of topic_Faculty_63 is 0.443556

gibbs sample time: 0.581281 seconds
probability of topic_Course_125 is 0.445222

gibbs sample time: 0.205943 seconds
probability of topic_Staff_32 is 0.447111

gibbs sample time: 1.04097 seconds
probability of topic_Course_106 is 0.485667

gibbs sample time: 1.04131 seconds
probability of topic_Course_118 is 0.386

gibbs sample time: 0.05974 seconds
probability of topic_Faculty_38 is 0.477222

gibbs sample time: 1.04095 seconds
probability of topic_Course_41 is 0.313

gibbs sample time: 0.454263 seconds
probability of topic_Student_145 is 0.504667

gibbs sample time: 1.49047 seconds
probability of topic_Staff_12 is 0.491222

gibbs sample time: 0.055906 seconds
probability of topic_Staff_79 is 0.577333

gibbs sample time: 0.190405 seconds
probability of topic_Staff_55 is 0.450667

gibbs sample time: 0.058288 seconds
probability of topic_Person_40 is 0.473222

gibbs sample time: 0.057981 seconds
probability of topic_Person_70 is 0.455111

gibbs sample time: 0.538495 seconds
probability of topic_Person_136 is 0.469

gibbs sample time: 1.68781 seconds
probability of topic_Department_24 is 0.498222

gibbs sample time: 0.286375 seconds
probability of topic_Faculty_81 is 0.455333

gibbs sample time: 0.152171 seconds
probability of topic_Student_94 is 0.648778

gibbs sample time: 1.67112 seconds
probability of topic_Department_199 is 0.382444

gibbs sample time: 0.057813 seconds
probability of topic_Staff_88 is 0.644

gibbs sample time: 1.11718 seconds
probability of topic_ResearchProject_3 is 0.442667

gibbs sample time: 0.143573 seconds
probability of topic_Course_94 is 0.234

gibbs sample time: 1.1719 seconds
probability of topic_Department_89 is 0.443444

gibbs sample time: 1.06923 seconds
probability of topic_Person_115 is 0.426667

gibbs sample time: 0.061029 seconds
probability of topic_Course_43 is 0.469

gibbs sample time: 0.056487 seconds
probability of topic_Person_34 is 0.658222

gibbs sample time: 0.308361 seconds
probability of topic_Student_116 is 0.429778

gibbs sample time: 0.285129 seconds
probability of topic_Department_20 is 0.489333

gibbs sample time: 1.67887 seconds
probability of topic_Person_199 is 0.527111

gibbs sample time: 0.413919 seconds
probability of topic_Course_87 is 0.347111

gibbs sample time: 1.66125 seconds
probability of topic_Faculty_24 is 0.479222

gibbs sample time: 0.285579 seconds
probability of topic_Staff_116 is 0.456667

gibbs sample time: 0.285696 seconds
probability of topic_Staff_93 is 0.511444

gibbs sample time: 0.090129 seconds
probability of topic_Student_88 is 0.677889

gibbs sample time: 0.380382 seconds
probability of topic_Staff_120 is 0.595444

gibbs sample time: 1.22594 seconds
probability of topic_Person_156 is 0.495778

gibbs sample time: 0.946913 seconds
probability of topic_ResearchProject_172 is 0.434556

gibbs sample time: 0.51709 seconds
probability of topic_Person_105 is 0.379333

gibbs sample time: 1.22652 seconds
probability of topic_Person_126 is 0.570889

gibbs sample time: 0.235024 seconds
probability of topic_Student_55 is 0.536778

gibbs sample time: 0.485919 seconds
probability of topic_ResearchProject_67 is 0.466889

gibbs sample time: 1.41699 seconds
probability of topic_Faculty_59 is 0.455778

gibbs sample time: 1.00327 seconds
probability of topic_ResearchProject_72 is 0.423444

gibbs sample time: 0.461699 seconds
probability of topic_Student_67 is 0.511778

gibbs sample time: 0.419445 seconds
probability of topic_Course_145 is 0.556667

gibbs sample time: 0.448509 seconds
probability of topic_Staff_42 is 0.609556

gibbs sample time: 1.70129 seconds
probability of topic_Course_157 is 0.356778

gibbs sample time: 0.991503 seconds
probability of topic_Person_72 is 0.557222

gibbs sample time: 0.932621 seconds
probability of topic_Student_164 is 0.581667

gibbs sample time: 0.463991 seconds
probability of topic_Person_134 is 0.628556

gibbs sample time: 0.931296 seconds
probability of topic_Student_209 is 0.570667

gibbs sample time: 0.248732 seconds
probability of topic_Faculty_52 is 0.685667

gibbs sample time: 1.09764 seconds
probability of topic_Staff_78 is 0.671667

gibbs sample time: 0.294363 seconds
probability of topic_Faculty_116 is 0.432111

gibbs sample time: 0.436522 seconds
probability of topic_Department_134 is 0.712889

gibbs sample time: 0.058011 seconds
probability of topic_Person_84 is 0.454333

gibbs sample time: 0.055914 seconds
probability of topic_Student_1 is 0.359889

gibbs sample time: 0.43515 seconds
probability of topic_Department_61 is 0.321222

gibbs sample time: 1.25615 seconds
probability of topic_Faculty_50 is 0.432556

gibbs sample time: 1.40049 seconds
probability of topic_Student_126 is 0.596222

gibbs sample time: 0.212704 seconds
probability of topic_Student_52 is 0.430556

gibbs sample time: 0.441132 seconds
probability of topic_Course_61 is 0.448444

gibbs sample time: 0.425701 seconds
probability of topic_Department_17 is 0.312778

gibbs sample time: 1.68326 seconds
probability of topic_Faculty_12 is 0.551

gibbs sample time: 0.238738 seconds
probability of topic_Course_65 is 0.532333

gibbs sample time: 1.22745 seconds
probability of topic_Person_59 is 0.554

gibbs sample time: 0.241315 seconds
probability of topic_Person_119 is 0.485556

gibbs sample time: 0.090072 seconds
probability of topic_Person_53 is 0.521111

gibbs sample time: 0.417045 seconds
probability of topic_Department_87 is 0.462444

gibbs sample time: 0.058408 seconds
probability of topic_Faculty_71 is 0.516889

gibbs sample time: 0.056023 seconds
probability of topic_Course_44 is 0.500333

gibbs sample time: 0.569621 seconds
probability of topic_Student_58 is 0.397222

gibbs sample time: 1.69546 seconds
probability of topic_Department_2 is 0.458667

gibbs sample time: 1.06641 seconds
probability of topic_Faculty_72 is 0.578222

gibbs sample time: 0.505902 seconds
probability of topic_Student_8 is 0.523889

gibbs sample time: 0.094662 seconds
probability of topic_Department_95 is 0.455778

gibbs sample time: 0.867086 seconds
probability of topic_Staff_36 is 0.377889

gibbs sample time: 0.059635 seconds
probability of topic_Student_96 is 0.441667

gibbs sample time: 0.059849 seconds
probability of topic_Faculty_96 is 0.473444

gibbs sample time: 1.25293 seconds
probability of topic_Course_29 is 0.669333

gibbs sample time: 0.085707 seconds
probability of topic_Person_51 is 0.489778

gibbs sample time: 0.225117 seconds
probability of topic_Course_55 is 0.438111

gibbs sample time: 0.163054 seconds
probability of topic_Student_64 is 0.418556

gibbs sample time: 0.954254 seconds
probability of topic_Faculty_36 is 0.430222

gibbs sample time: 0.059892 seconds
probability of topic_Student_40 is 0.493444

gibbs sample time: 0.089492 seconds
probability of topic_Student_68 is 0.355

gibbs sample time: 0.390887 seconds
probability of topic_Course_187 is 0.566889

gibbs sample time: 1.05747 seconds
probability of topic_Course_72 is 0.391667

gibbs sample time: 1.05372 seconds
probability of topic_Person_258 is 0.497444

gibbs sample time: 0.977086 seconds
probability of topic_Department_164 is 0.373667

gibbs sample time: 0.394395 seconds
probability of topic_Course_296 is 0.423111

gibbs sample time: 0.391235 seconds
probability of topic_Course_13 is 0.449778

gibbs sample time: 0.425981 seconds
probability of topic_Course_244 is 0.431889

gibbs sample time: 0.5467 seconds
probability of topic_Course_110 is 0.437778

gibbs sample time: 0.098768 seconds
probability of topic_Department_21 is 0.456889

gibbs sample time: 0.278719 seconds
probability of topic_ResearchProject_55 is 0.400333

gibbs sample time: 1.04012 seconds
probability of topic_Person_180 is 0.572778

gibbs sample time: 1.03826 seconds
probability of topic_Person_89 is 0.485

gibbs sample time: 0.205564 seconds
probability of topic_Staff_52 is 0.438222

gibbs sample time: 0.093994 seconds
probability of topic_Department_64 is 0.395111

gibbs sample time: 1.5332 seconds
probability of topic_ResearchProject_12 is 0.327667

gibbs sample time: 1.24954 seconds
probability of topic_Course_146 is 0.548444

gibbs sample time: 1.13877 seconds
probability of topic_Course_45 is 0.419889

gibbs sample time: 0.450531 seconds
probability of topic_Course_67 is 0.441889

gibbs sample time: 0.082525 seconds
probability of topic_Staff_15 is 0.439111

gibbs sample time: 0.943516 seconds
probability of topic_Faculty_164 is 0.549222

gibbs sample time: 0.22448 seconds
probability of topic_Staff_49 is 0.499

gibbs sample time: 0.481979 seconds
probability of topic_Faculty_11 is 0.562444

gibbs sample time: 0.58641 seconds
probability of topic_Department_125 is 0.455222

gibbs sample time: 1.07555 seconds
probability of topic_Student_48 is 0.268333

gibbs sample time: 0.057771 seconds
probability of topic_Course_39 is 0.606556

gibbs sample time: 0.061484 seconds
probability of topic_Department_99 is 0.426111

gibbs sample time: 0.22644 seconds
probability of topic_Course_73 is 0.421333

gibbs sample time: 0.187227 seconds
probability of topic_Student_32 is 0.723

gibbs sample time: 0.45653 seconds
probability of topic_ResearchProject_168 is 0.437778

gibbs sample time: 0.488083 seconds
probability of topic_ResearchProject_11 is 0.368889

gibbs sample time: 0.141949 seconds
probability of topic_Person_94 is 0.226

gibbs sample time: 0.058304 seconds
probability of topic_Student_80 is 0.500222

gibbs sample time: 0.060631 seconds
probability of topic_Course_40 is 0.431889

gibbs sample time: 0.060385 seconds
probability of topic_Faculty_39 is 0.471667

gibbs sample time: 0.290474 seconds
probability of topic_Staff_90 is 0.603556

gibbs sample time: 1.68908 seconds
probability of topic_Department_169 is 0.779556

gibbs sample time: 0.058809 seconds
probability of topic_ResearchProject_34 is 0.410444

gibbs sample time: 0.086232 seconds
probability of topic_Student_5 is 0.526222

gibbs sample time: 0.988839 seconds
probability of topic_Person_118 is 0.580889

gibbs sample time: 1.03836 seconds
probability of topic_Person_48 is 0.497556

gibbs sample time: 0.058932 seconds
probability of topic_Department_86 is 0.418111

gibbs sample time: 0.580386 seconds
probability of topic_ResearchProject_30 is 0.474556

gibbs sample time: 0.941125 seconds
probability of topic_Person_172 is 0.492333

gibbs sample time: 0.089376 seconds
probability of topic_ResearchProject_53 is 0.498333

gibbs sample time: 1.24461 seconds
probability of topic_ResearchProject_50 is 0.373111

gibbs sample time: 1.25101 seconds
probability of topic_Course_102 is 0.446111

gibbs sample time: 0.058049 seconds
probability of topic_Faculty_62 is 0.511333

gibbs sample time: 0.282749 seconds
probability of topic_Person_116 is 0.365222

gibbs sample time: 0.994862 seconds
probability of topic_Faculty_180 is 0.650222

gibbs sample time: 0.581293 seconds
probability of topic_Course_136 is 0.349556

gibbs sample time: 0.393759 seconds
probability of topic_Faculty_296 is 0.427111

gibbs sample time: 0.08632 seconds
probability of topic_Staff_69 is 0.439556

gibbs sample time: 1.14188 seconds
probability of topic_Course_258 is 0.462667

gibbs sample time: 0.058653 seconds
probability of topic_ResearchProject_75 is 0.505667

gibbs sample time: 1.16584 seconds
probability of topic_Staff_28 is 0.464333

gibbs sample time: 0.520671 seconds
probability of topic_Department_105 is 0.573111

gibbs sample time: 0.090837 seconds
probability of topic_ResearchProject_68 is 0.288

gibbs sample time: 0.057699 seconds
probability of topic_Person_38 is 0.36

gibbs sample time: 1.66212 seconds
probability of topic_Faculty_169 is 0.582444

gibbs sample time: 0.290647 seconds
probability of topic_ResearchProject_93 is 0.424556

gibbs sample time: 0.438231 seconds
probability of topic_Faculty_168 is 0.409222

gibbs sample time: 0.057803 seconds
probability of topic_Staff_82 is 0.407667

gibbs sample time: 1.48645 seconds
probability of topic_Staff_199 is 0.451556

gibbs sample time: 0.090197 seconds
probability of topic_ResearchProject_64 is 0.407333

gibbs sample time: 0.50171 seconds
probability of topic_Course_8 is 0.487333

gibbs sample time: 0.439941 seconds
probability of topic_Department_11 is 0.468222

gibbs sample time: 0.580877 seconds
probability of topic_Course_30 is 0.367333

gibbs sample time: 0.441817 seconds
probability of topic_Person_244 is 0.532556

gibbs sample time: 0.525855 seconds
probability of topic_Student_42 is 0.559556

gibbs sample time: 1.06866 seconds
probability of topic_Faculty_174 is 0.676889

gibbs sample time: 1.2502 seconds
probability of topic_Course_50 is 0.382889

gibbs sample time: 0.548923 seconds
probability of topic_Faculty_125 is 0.501444

gibbs sample time: 1.17081 seconds
probability of topic_Staff_50 is 0.397778

gibbs sample time: 1.24969 seconds
probability of topic_Department_29 is 0.359222

gibbs sample time: 0.087505 seconds
probability of topic_Person_15 is 0.521111

gibbs sample time: 0.416758 seconds
probability of topic_Department_35 is 0.378778

gibbs sample time: 1.53526 seconds
probability of topic_ResearchProject_169 is 0.563556

gibbs sample time: 0.23115 seconds
probability of topic_Person_55 is 0.559556

gibbs sample time: 0.38189 seconds
probability of topic_Person_57 is 0.482556

gibbs sample time: 0.152333 seconds
probability of topic_ResearchProject_25 is 0.545333

gibbs sample time: 0.08889 seconds
probability of topic_Faculty_27 is 0.517

gibbs sample time: 0.930537 seconds
probability of topic_Student_33 is 0.323889

gibbs sample time: 0.901122 seconds
probability of topic_Course_209 is 0.665222

gibbs sample time: 0.055809 seconds
probability of topic_Course_6 is 0.488222

gibbs sample time: 0.270975 seconds
probability of topic_ResearchProject_81 is 0.457778

gibbs sample time: 0.540759 seconds
probability of topic_Student_186 is 0.428333

gibbs sample time: 0.461382 seconds
probability of topic_Student_134 is 0.750444

gibbs sample time: 1.22868 seconds
probability of topic_Person_114 is 0.529333

gibbs sample time: 1.16797 seconds
probability of topic_Staff_146 is 0.576667

gibbs sample time: 0.237445 seconds
probability of topic_Person_13 is 0.377111

gibbs sample time: 0.085853 seconds
probability of topic_Course_79 is 0.543778

gibbs sample time: 0.117083 seconds
probability of topic_Staff_76 is 0.429333

gibbs sample time: 0.085379 seconds
probability of topic_Staff_22 is 0.490667

gibbs sample time: 1.75259 seconds
probability of topic_Student_169 is 0.367667

gibbs sample time: 0.241619 seconds
probability of topic_Department_55 is 0.515556

gibbs sample time: 0.122392 seconds
probability of topic_ResearchProject_69 is 0.341111

gibbs sample time: 0.904668 seconds
probability of topic_Course_172 is 0.412778

gibbs sample time: 0.957301 seconds
probability of topic_Department_36 is 0.439

gibbs sample time: 0.581442 seconds
probability of topic_ResearchProject_125 is 0.489889

gibbs sample time: 0.056602 seconds
probability of topic_Person_80 is 0.509778

gibbs sample time: 0.901665 seconds
probability of topic_Course_164 is 0.485111

gibbs sample time: 1.17027 seconds
probability of topic_Staff_29 is 0.494889

gibbs sample time: 0.058442 seconds
probability of topic_Student_62 is 0.719111

gibbs sample time: 1.67966 seconds
probability of topic_Person_2 is 0.294556

gibbs sample time: 0.057836 seconds
probability of topic_Staff_99 is 0.454889

gibbs sample time: 0.525724 seconds
probability of topic_Student_105 is 0.379333

gibbs sample time: 0.901513 seconds
probability of topic_Course_36 is 0.311889

gibbs sample time: 1.09836 seconds
probability of topic_Staff_180 is 0.581556

gibbs sample time: 0.980693 seconds
probability of topic_Staff_41 is 0.367

gibbs sample time: 0.513788 seconds
probability of topic_Faculty_8 is 0.489778

gibbs sample time: 1.0849 seconds
probability of topic_Department_115 is 0.450222

gibbs sample time: 1.41628 seconds
probability of topic_Faculty_156 is 0.506444

gibbs sample time: 0.059968 seconds
probability of topic_ResearchProject_82 is 0.466556

gibbs sample time: 0.514174 seconds
probability of topic_Faculty_110 is 0.430667

gibbs sample time: 0.296 seconds
probability of topic_Person_25 is 0.437333

gibbs sample time: 0.302113 seconds
probability of topic_Student_231 is 0.549889

gibbs sample time: 0.190918 seconds
probability of topic_Staff_73 is 0.598778

gibbs sample time: 0.055582 seconds
probability of topic_Staff_98 is 0.447556

gibbs sample time: 0.202007 seconds
probability of topic_Staff_296 is 0.402111

gibbs sample time: 0.576041 seconds
probability of topic_Student_125 is 0.568556

gibbs sample time: 0.056309 seconds
probability of topic_Course_71 is 0.457111

gibbs sample time: 1.13711 seconds
probability of topic_ResearchProject_180 is 0.644333

gibbs sample time: 1.48276 seconds
probability of topic_Department_126 is 0.369444

gibbs sample time: 0.055703 seconds
probability of topic_Course_21 is 0.422556

gibbs sample time: 0.0854 seconds
probability of topic_Staff_14 is 0.513556

gibbs sample time: 0.237015 seconds
probability of topic_Faculty_49 is 0.501111

gibbs sample time: 1.00401 seconds
probability of topic_ResearchProject_118 is 0.464222

gibbs sample time: 0.152237 seconds
probability of topic_Course_63 is 0.380444

gibbs sample time: 0.058577 seconds
probability of topic_ResearchProject_44 is 0.371333

gibbs sample time: 0.449072 seconds
probability of topic_Staff_105 is 0.592222

gibbs sample time: 0.061718 seconds
probability of topic_Department_80 is 0.480222

gibbs sample time: 0.056218 seconds
probability of topic_Person_44 is 0.569

gibbs sample time: 0.453727 seconds
probability of topic_ResearchProject_61 is 0.503222

gibbs sample time: 0.055871 seconds
probability of topic_Course_51 is 0.424778

gibbs sample time: 1.1193 seconds
probability of topic_ResearchProject_217 is 0.568333

gibbs sample time: 1.17585 seconds
probability of topic_Department_48 is 0.521556

gibbs sample time: 0.537935 seconds
probability of topic_Person_30 is 0.502778

gibbs sample time: 0.573776 seconds
probability of topic_Student_136 is 0.478222

gibbs sample time: 0.218675 seconds
probability of topic_ResearchProject_52 is 0.387222

gibbs sample time: 0.385273 seconds
probability of topic_Student_25 is 0.409556

gibbs sample time: 0.087068 seconds
probability of topic_Staff_27 is 0.586222

gibbs sample time: 0.386378 seconds
probability of topic_Person_61 is 0.554667

gibbs sample time: 0.667007 seconds
probability of topic_ResearchProject_58 is 0.584444

gibbs sample time: 1.17726 seconds
probability of topic_Department_180 is 0.670889

gibbs sample time: 0.909826 seconds
probability of topic_Staff_209 is 0.560333

gibbs sample time: 0.079463 seconds
probability of topic_ResearchProject_74 is 0.445

gibbs sample time: 1.00432 seconds
probability of topic_Staff_118 is 0.481667

gibbs sample time: 0.092273 seconds
probability of topic_Student_27 is 0.509556

gibbs sample time: 0.091326 seconds
probability of topic_Department_27 is 0.652

gibbs sample time: 0.427545 seconds
probability of topic_Department_120 is 0.668778

gibbs sample time: 0.440037 seconds
probability of topic_Course_57 is 0.514

gibbs sample time: 0.242995 seconds
probability of topic_Department_73 is 0.459444

gibbs sample time: 0.058637 seconds
probability of topic_ResearchProject_46 is 0.422889

gibbs sample time: 1.68133 seconds
probability of topic_Department_133 is 0.512889

gibbs sample time: 0.08628 seconds
probability of topic_Person_76 is 0.528778

gibbs sample time: 0.152244 seconds
probability of topic_ResearchProject_94 is 0.192333

gibbs sample time: 1.71213 seconds
probability of topic_Course_24 is 0.574

gibbs sample time: 1.25983 seconds
probability of topic_Student_146 is 0.647444

gibbs sample time: 0.237386 seconds
probability of topic_Person_73 is 0.650778

gibbs sample time: 0.055917 seconds
probability of topic_Person_46 is 0.481667

gibbs sample time: 0.055608 seconds
probability of topic_Staff_74 is 0.447444

gibbs sample time: 0.08237 seconds
probability of topic_Faculty_5 is 0.411333

gibbs sample time: 0.091874 seconds
probability of topic_ResearchProject_14 is 0.390778

gibbs sample time: 0.604413 seconds
probability of topic_ResearchProject_111 is 0.325333

gibbs sample time: 1.08139 seconds
probability of topic_Faculty_118 is 0.371556

gibbs sample time: 1.15766 seconds
probability of topic_Course_89 is 0.518444

gibbs sample time: 0.291373 seconds
probability of topic_Staff_200 is 0.569556

gibbs sample time: 0.468785 seconds
probability of topic_Person_11 is 0.536556

gibbs sample time: 0.055965 seconds
probability of topic_Course_27 is 0.470111

gibbs sample time: 0.59382 seconds
probability of topic_ResearchProject_4 is 0.351333

gibbs sample time: 1.05882 seconds
probability of topic_Student_106 is 0.503222

gibbs sample time: 0.057984 seconds
probability of topic_Person_16 is 0.501556

gibbs sample time: 1.39285 seconds
probability of topic_Staff_217 is 0.488778

gibbs sample time: 0.124134 seconds
probability of topic_Department_76 is 0.439111

gibbs sample time: 0.425817 seconds
probability of topic_Course_10 is 0.482667

gibbs sample time: 0.096779 seconds
probability of topic_ResearchProject_88 is 0.363222

gibbs sample time: 0.061722 seconds
probability of topic_Staff_40 is 0.434556

gibbs sample time: 0.087306 seconds
probability of topic_Course_64 is 0.345778

gibbs sample time: 0.147688 seconds
probability of topic_Staff_94 is 0.0876667

gibbs sample time: 0.058349 seconds
probability of topic_Student_56 is 0.411222

gibbs sample time: 0.059759 seconds
probability of topic_Department_14 is 0.486556

gibbs sample time: 0.122961 seconds
probability of topic_Person_69 is 0.557444

gibbs sample time: 0.38116 seconds
probability of topic_Staff_31 is 0.468111

gibbs sample time: 0.455911 seconds
probability of topic_Student_17 is 0.449333

gibbs sample time: 0.433653 seconds
probability of topic_Course_120 is 0.494556

gibbs sample time: 0.429292 seconds
probability of topic_Department_145 is 0.445778

gibbs sample time: 0.060272 seconds
probability of topic_ResearchProject_70 is 0.413333

gibbs sample time: 0.146655 seconds
probability of topic_Person_63 is 0.277556

gibbs sample time: 0.418814 seconds
probability of topic_Student_87 is 0.571556

gibbs sample time: 0.20592 seconds
probability of topic_Course_32 is 0.445889

gibbs sample time: 1.07722 seconds
probability of topic_Student_78 is 0.397556

gibbs sample time: 0.086358 seconds
probability of topic_Person_79 is 0.538556

gibbs sample time: 0.090738 seconds
probability of topic_Department_88 is 0.558222

gibbs sample time: 1.48362 seconds
probability of topic_Department_3 is 0.462333

gibbs sample time: 0.261576 seconds
probability of topic_Staff_35 is 0.486778

gibbs sample time: 0.060553 seconds
probability of topic_Department_82 is 0.419667

gibbs sample time: 1.16767 seconds
probability of topic_Staff_102 is 0.516667

gibbs sample time: 0.05786 seconds
probability of topic_Student_9 is 0.473889

gibbs sample time: 0.088504 seconds
probability of topic_Student_79 is 0.399778

gibbs sample time: 1.11621 seconds
probability of topic_ResearchProject_156 is 0.436444

gibbs sample time: 0.518434 seconds
probability of topic_Department_186 is 0.392778

gibbs sample time: 0.058173 seconds
probability of topic_Course_80 is 0.417667

gibbs sample time: 0.085565 seconds
probability of topic_Person_95 is 0.471111

gibbs sample time: 0.434642 seconds
probability of topic_Department_57 is 0.535333

gibbs sample time: 0.947827 seconds
probability of topic_ResearchProject_36 is 0.490889

gibbs sample time: 0.056158 seconds
probability of topic_Course_98 is 0.378

gibbs sample time: 0.522291 seconds
probability of topic_Faculty_130 is 0.503333

gibbs sample time: 0.423055 seconds
probability of topic_Person_31 is 0.617

gibbs sample time: 0.45318 seconds
probability of topic_ResearchProject_57 is 0.490444

gibbs sample time: 1.19779 seconds
probability of topic_Person_29 is 0.536889

gibbs sample time: 0.082565 seconds
probability of topic_Staff_37 is 0.401556

gibbs sample time: 1.12728 seconds
probability of topic_ResearchProject_59 is 0.449444

gibbs sample time: 1.26263 seconds
probability of topic_Student_50 is 0.574

gibbs sample time: 0.432477 seconds
probability of topic_Department_10 is 0.447444

gibbs sample time: 1.50207 seconds
probability of topic_Department_156 is 0.488889

gibbs sample time: 0.058115 seconds
probability of topic_Person_83 is 0.522222

gibbs sample time: 1.20548 seconds
probability of topic_Person_28 is 0.416667

gibbs sample time: 0.185716 seconds
probability of topic_Person_47 is 0.212

gibbs sample time: 0.058229 seconds
probability of topic_Course_99 is 0.600778

gibbs sample time: 0.239782 seconds
probability of topic_ResearchProject_19 is 0.530778

gibbs sample time: 1.43257 seconds
probability of topic_Student_59 is 0.593444

gibbs sample time: 0.060515 seconds
probability of topic_Staff_9 is 0.496222

gibbs sample time: 0.396836 seconds
probability of topic_Student_296 is 0.539444

gibbs sample time: 1.24951 seconds
probability of topic_ResearchProject_28 is 0.454889

gibbs sample time: 1.54947 seconds
probability of topic_ResearchProject_133 is 0.495778

gibbs sample time: 0.241147 seconds
probability of topic_Person_65 is 0.479444

gibbs sample time: 0.427453 seconds
probability of topic_Faculty_145 is 0.487667

gibbs sample time: 0.057707 seconds
probability of topic_Course_96 is 0.406667

gibbs sample time: 1.68274 seconds
probability of topic_Faculty_2 is 0.344778

gibbs sample time: 1.4345 seconds
probability of topic_Faculty_217 is 0.498

gibbs sample time: 1.68337 seconds
probability of topic_Faculty_199 is 0.454111

gibbs sample time: 0.08893 seconds
probability of topic_Student_76 is 0.514444

gibbs sample time: 0.425242 seconds
probability of topic_ResearchProject_87 is 0.391333

gibbs sample time: 0.526568 seconds
probability of topic_Department_42 is 0.644111

gibbs sample time: 0.089603 seconds
probability of topic_Person_22 is 0.582111

gibbs sample time: 0.059911 seconds
probability of topic_ResearchProject_66 is 0.438667

gibbs sample time: 1.01394 seconds
probability of topic_Faculty_45 is 0.398556

gibbs sample time: 0.249075 seconds
probability of topic_Staff_65 is 0.403667

gibbs sample time: 0.875009 seconds
probability of topic_Staff_172 is 0.442

gibbs sample time: 0.093442 seconds
probability of topic_ResearchProject_27 is 0.419444

gibbs sample time: 0.238405 seconds
probability of topic_Student_49 is 0.569667

gibbs sample time: 0.086596 seconds
probability of topic_Staff_95 is 0.538778

gibbs sample time: 0.117884 seconds
probability of topic_Staff_63 is 0.324667

gibbs sample time: 0.246584 seconds
probability of topic_Faculty_65 is 0.330222

gibbs sample time: 0.554837 seconds
probability of topic_Staff_30 is 0.511444

gibbs sample time: 0.308689 seconds
probability of topic_Student_93 is 0.221667

gibbs sample time: 0.089516 seconds
probability of topic_ResearchProject_22 is 0.359

gibbs sample time: 1.07314 seconds
probability of topic_Faculty_115 is 0.479111

gibbs sample time: 0.423958 seconds
probability of topic_Course_17 is 0.307333

gibbs sample time: 0.401558 seconds
probability of topic_Faculty_31 is 0.513333

gibbs sample time: 0.278154 seconds
probability of topic_Department_7 is 0.269667

gibbs sample time: 0.095112 seconds
probability of topic_Department_68 is 0.401222

gibbs sample time: 0.08644 seconds
probability of topic_Person_64 is 0.422111

gibbs sample time: 0.060702 seconds
probability of topic_ResearchProject_83 is 0.489222

gibbs sample time: 1.08951 seconds
probability of topic_Student_91 is 0.427444

gibbs sample time: 0.43934 seconds
probability of topic_ResearchProject_35 is 0.390556

gibbs sample time: 0.268695 seconds
probability of topic_Student_20 is 0.427778

gibbs sample time: 1.05712 seconds
probability of topic_Course_115 is 0.678111

gibbs sample time: 0.093181 seconds
probability of topic_ResearchProject_51 is 0.449444

gibbs sample time: 0.415886 seconds
probability of topic_Faculty_35 is 0.515444

gibbs sample time: 0.090064 seconds
probability of topic_Staff_68 is 0.349667

gibbs sample time: 1.02741 seconds
probability of topic_Staff_174 is 0.471222

gibbs sample time: 0.589812 seconds
probability of topic_Department_136 is 0.460667

gibbs sample time: 1.27609 seconds
probability of topic_Faculty_28 is 0.486

gibbs sample time: 0.180954 seconds
probability of topic_Person_7 is 0.447111

gibbs sample time: 1.00857 seconds
probability of topic_ResearchProject_41 is 0.389889

gibbs sample time: 0.426498 seconds
probability of topic_Course_92 is 0.430667

gibbs sample time: 0.059904 seconds
probability of topic_Student_21 is 0.457333

gibbs sample time: 0.292669 seconds
probability of topic_ResearchProject_116 is 0.502333

gibbs sample time: 0.060702 seconds
probability of topic_Department_43 is 0.468889

gibbs sample time: 0.087087 seconds
probability of topic_Course_97 is 0.562667

gibbs sample time: 0.061375 seconds
probability of topic_Department_40 is 0.476556

gibbs sample time: 1.11313 seconds
probability of topic_Staff_48 is 0.580889

gibbs sample time: 0.504814 seconds
probability of topic_Course_130 is 0.504222

gibbs sample time: 1.43815 seconds
probability of topic_Faculty_54 is 0.502778

gibbs sample time: 0.276658 seconds
probability of topic_Course_200 is 0.332667

gibbs sample time: 1.42662 seconds
probability of topic_Faculty_3 is 0.559556

gibbs sample time: 0.471756 seconds
probability of topic_Student_11 is 0.497444

gibbs sample time: 1.09778 seconds
probability of topic_Staff_89 is 0.519889

gibbs sample time: 1.70593 seconds
probability of topic_Course_133 is 0.515667

gibbs sample time: 0.485963 seconds
probability of topic_ResearchProject_134 is 0.356556

gibbs sample time: 0.537533 seconds
probability of topic_Person_125 is 0.504444

gibbs sample time: 1.24748 seconds
probability of topic_ResearchProject_102 is 0.437667

gibbs sample time: 0.302406 seconds
probability of topic_Staff_25 is 0.364111

gibbs sample time: 0.062177 seconds
probability of topic_Department_46 is 0.481778

gibbs sample time: 1.08502 seconds
probability of topic_Department_106 is 0.477

gibbs sample time: 0.204785 seconds
probability of topic_Staff_7 is 0.487556

gibbs sample time: 0.442716 seconds
probability of topic_Person_17 is 0.476

gibbs sample time: 0.060924 seconds
probability of topic_Student_44 is 0.535333

gibbs sample time: 0.296626 seconds
probability of topic_Course_116 is 0.476

gibbs sample time: 0.933141 seconds
probability of topic_Student_172 is 0.492889

gibbs sample time: 0.979017 seconds
probability of topic_Staff_115 is 0.545778

gibbs sample time: 0.055782 seconds
probability of topic_Course_53 is 0.428444

gibbs sample time: 0.235282 seconds
probability of topic_Student_73 is 0.645

gibbs sample time: 0.174137 seconds
probability of topic_Course_47 is 0.504333

gibbs sample time: 0.436646 seconds
probability of topic_Department_67 is 0.488111

gibbs sample time: 0.057972 seconds
probability of topic_Course_70 is 0.571444

gibbs sample time: 0.088632 seconds
probability of topic_Faculty_21 is 0.358667

gibbs sample time: 0.506423 seconds
probability of topic_Student_110 is 0.505556

gibbs sample time: 0.449854 seconds
probability of topic_Course_11 is 0.492556

gibbs sample time: 0.05879 seconds
probability of topic_ResearchProject_21 is 0.436889

gibbs sample time: 0.060799 seconds
probability of topic_Department_70 is 0.572556

gibbs sample time: 0.997632 seconds
probability of topic_ResearchProject_106 is 0.506556

gibbs sample time: 0.060692 seconds
probability of topic_Department_16 is 0.410333

gibbs sample time: 0.480908 seconds
probability of topic_ResearchProject_130 is 0.502

gibbs sample time: 0.058146 seconds
probability of topic_Faculty_74 is 0.420556

gibbs sample time: 0.06031 seconds
probability of topic_Person_56 is 0.352333

gibbs sample time: 0.487017 seconds
probability of topic_Staff_130 is 0.495111

gibbs sample time: 0.418838 seconds
probability of topic_Student_10 is 0.553778

gibbs sample time: 0.244918 seconds
probability of topic_ResearchProject_119 is 0.545444

gibbs sample time: 0.087143 seconds
probability of topic_Person_88 is 0.760444

gibbs sample time: 0.117141 seconds
probability of topic_Person_23 is 0.226333

gibbs sample time: 0.48281 seconds
probability of topic_ResearchProject_8 is 0.459889

gibbs sample time: 1.70242 seconds
probability of topic_Course_2 is 0.548

gibbs sample time: 0.059296 seconds
probability of topic_Department_34 is 0.379333

gibbs sample time: 0.091171 seconds
probability of topic_Department_37 is 0.406444

gibbs sample time: 1.07563 seconds
probability of topic_Student_180 is 0.520778

gibbs sample time: 1.08022 seconds
probability of topic_Student_45 is 0.508778

gibbs sample time: 0.412481 seconds
probability of topic_Person_120 is 0.519444

gibbs sample time: 1.25643 seconds
probability of topic_ResearchProject_146 is 0.297

gibbs sample time: 0.423439 seconds
probability of topic_Student_120 is 0.528889

gibbs sample time: 0.058275 seconds
probability of topic_Faculty_56 is 0.435778

gibbs sample time: 0.058691 seconds
probability of topic_Student_74 is 0.504222

gibbs sample time: 0.059128 seconds
probability of topic_Department_56 is 0.488667

gibbs sample time: 0.302311 seconds
probability of topic_Department_200 is 0.325667

gibbs sample time: 0.284675 seconds
probability of topic_Faculty_231 is 0.539333

gibbs sample time: 0.058 seconds
probability of topic_Staff_39 is 0.452

gibbs sample time: 0.48398 seconds
probability of topic_ResearchProject_110 is 0.475333

gibbs sample time: 1.70874 seconds
probability of topic_Course_169 is 0.500222

gibbs sample time: 0.062288 seconds
probability of topic_Faculty_40 is 0.398444

gibbs sample time: 1.21108 seconds
probability of topic_Course_91 is 0.575778

gibbs sample time: 0.092584 seconds
probability of topic_Faculty_64 is 0.378

gibbs sample time: 0.118803 seconds
probability of topic_ResearchProject_76 is 0.451667

gibbs sample time: 0.089778 seconds
probability of topic_Student_97 is 0.628

gibbs sample time: 0.087113 seconds
probability of topic_Faculty_15 is 0.465222

gibbs sample time: 1.25754 seconds
probability of topic_Faculty_146 is 0.746889

gibbs sample time: 0.567825 seconds
probability of topic_Student_111 is 0.694556

gibbs sample time: 1.42132 seconds
probability of topic_Faculty_114 is 0.449

gibbs sample time: 0.441873 seconds
probability of topic_Person_145 is 0.447222

gibbs sample time: 0.958236 seconds
probability of topic_Department_172 is 0.477

gibbs sample time: 0.13724 seconds
probability of topic_Person_77 is 0.610778

gibbs sample time: 1.67566 seconds
probability of topic_Person_169 is 0.592

gibbs sample time: 0.119642 seconds
probability of topic_Student_69 is 0.608778

gibbs sample time: 1.14093 seconds
probability of topic_Course_78 is 0.480222

gibbs sample time: 0.350143 seconds
probability of topic_ResearchProject_120 is 0.480889

gibbs sample time: 1.41825 seconds
probability of topic_Faculty_126 is 0.418222

gibbs sample time: 1.40722 seconds
probability of topic_Student_3 is 0.245556

gibbs sample time: 1.67983 seconds
probability of topic_Person_12 is 0.602556

gibbs sample time: 0.982001 seconds
probability of topic_Staff_106 is 0.676778

gibbs sample time: 0.570761 seconds
probability of topic_Faculty_58 is 0.56

gibbs sample time: 1.25419 seconds
probability of topic_Student_29 is 0.534111

gibbs sample time: 0.150637 seconds
probability of topic_Department_63 is 0.362

gibbs sample time: 0.090058 seconds
probability of topic_ResearchProject_79 is 0.422889

gibbs sample time: 0.090446 seconds
probability of topic_Department_15 is 0.390111

gibbs sample time: 1.22945 seconds
probability of topic_Person_3 is 0.361444

gibbs sample time: 0.086369 seconds
probability of topic_Student_37 is 0.596333

gibbs sample time: 0.088912 seconds
probability of topic_Staff_21 is 0.455

gibbs sample time: 0.060231 seconds
probability of topic_ResearchProject_39 is 0.560111

gibbs sample time: 0.398063 seconds
probability of topic_Faculty_120 is 0.504

gibbs sample time: 0.087313 seconds
probability of topic_Person_68 is 0.293889

gibbs sample time: 0.058235 seconds
probability of topic_Faculty_75 is 0.49

gibbs sample time: 0.426033 seconds
probability of topic_ResearchProject_10 is 0.539111

gibbs sample time: 0.232656 seconds
probability of topic_Staff_119 is 0.580556

gibbs sample time: 0.058272 seconds
probability of topic_Faculty_86 is 0.421667

gibbs sample time: 0.246635 seconds
probability of topic_Department_19 is 0.596778

gibbs sample time: 0.902178 seconds
probability of topic_Course_33 is 0.585

gibbs sample time: 0.996463 seconds
probability of topic_ResearchProject_174 is 0.514444

gibbs sample time: 0.060224 seconds
probability of topic_Student_66 is 0.49

gibbs sample time: 0.055853 seconds
probability of topic_Person_86 is 0.504556

gibbs sample time: 0.440606 seconds
probability of topic_Course_168 is 0.417778

gibbs sample time: 0.99227 seconds
probability of topic_Person_174 is 0.529889

gibbs sample time: 1.14197 seconds
probability of topic_Course_180 is 0.449556

gibbs sample time: 0.997666 seconds
probability of topic_ResearchProject_115 is 0.668222

gibbs sample time: 0.522139 seconds
probability of topic_Course_42 is 0.214333

gibbs sample time: 0.05793 seconds
probability of topic_Person_39 is 0.406667

gibbs sample time: 0.50873 seconds
probability of topic_Course_186 is 0.502222

gibbs sample time: 0.5094 seconds
probability of topic_Course_105 is 0.554444

gibbs sample time: 0.058321 seconds
probability of topic_Staff_46 is 0.421778

gibbs sample time: 0.439275 seconds
probability of topic_Faculty_61 is 0.466333

gibbs sample time: 0.942332 seconds
probability of topic_Faculty_172 is 0.422222

gibbs sample time: 0.457101 seconds
probability of topic_Person_35 is 0.745778

gibbs sample time: 0.29596 seconds
probability of topic_Person_231 is 0.557556

gibbs sample time: 0.50372 seconds
probability of topic_Person_58 is 0.476556

gibbs sample time: 0.502503 seconds
probability of topic_Person_130 is 0.490111

gibbs sample time: 0.553889 seconds
probability of topic_Staff_136 is 0.364444

gibbs sample time: 0.56777 seconds
probability of topic_Department_111 is 0.14

gibbs sample time: 0.553633 seconds
probability of topic_Staff_125 is 0.521

gibbs sample time: 0.434574 seconds
probability of topic_Department_168 is 0.467222

gibbs sample time: 0.203251 seconds
probability of topic_Course_52 is 0.401222

gibbs sample time: 1.6698 seconds
probability of topic_Department_12 is 0.598

gibbs sample time: 0.058553 seconds
probability of topic_Course_74 is 0.415444

gibbs sample time: 0.417817 seconds
probability of topic_Student_35 is 0.801556

gibbs sample time: 0.05637 seconds
probability of topic_Person_98 is 0.562889

gibbs sample time: 0.058454 seconds
probability of topic_ResearchProject_80 is 0.434667

gibbs sample time: 0.057901 seconds
probability of topic_Staff_83 is 0.481889

gibbs sample time: 1.40721 seconds
probability of topic_Course_217 is 0.759778

gibbs sample time: 0.087012 seconds
probability of topic_Department_5 is 0.633111

gibbs sample time: 1.53654 seconds
probability of topic_ResearchProject_155 is 0.485333

gibbs sample time: 1.53463 seconds
probability of topic_ResearchProject_157 is 0.532778

gibbs sample time: 1.54048 seconds
probability of topic_ResearchProject_199 is 0.393667

gibbs sample time: 1.54164 seconds
probability of topic_ResearchProject_18 is 0.484667

gibbs sample time: 0.413239 seconds
probability of topic_Faculty_87 is 0.517556

gibbs sample time: 1.53608 seconds
probability of topic_ResearchProject_24 is 0.469889

gibbs sample time: 0.933051 seconds
probability of topic_Student_36 is 0.379333

gibbs sample time: 1.67884 seconds
probability of topic_Person_155 is 0.342889

gibbs sample time: 1.67949 seconds
probability of topic_Person_157 is 0.553444

gibbs sample time: 0.055851 seconds
probability of topic_Course_46 is 0.423

gibbs sample time: 1.06792 seconds
probability of topic_Faculty_41 is 0.375778

gibbs sample time: 1.04052 seconds
probability of topic_Person_45 is 0.492333

gibbs sample time: 0.238366 seconds
probability of topic_Student_19 is 0.694

gibbs sample time: 0.089836 seconds
probability of topic_Person_85 is 0.262667

gibbs sample time: 0.237182 seconds
probability of topic_Student_7 is 0.479

gibbs sample time: 1.67845 seconds
probability of topic_Person_24 is 0.491444

gibbs sample time: 0.060267 seconds
probability of topic_ResearchProject_26 is 0.610333

gibbs sample time: 0.260515 seconds
probability of topic_Staff_87 is 0.525556

gibbs sample time: 0.09532 seconds
probability of topic_ResearchProject_23 is 0.462444

gibbs sample time: 0.06105 seconds
probability of topic_Department_83 is 0.450444

gibbs sample time: 0.205358 seconds
probability of topic_Person_32 is 0.474556

gibbs sample time: 0.060548 seconds
probability of topic_Faculty_22 is 0.406222

gibbs sample time: 0.058799 seconds
probability of topic_Department_98 is 0.337556

gibbs sample time: 0.185629 seconds
probability of topic_Student_47 is 0.272

gibbs sample time: 0.090354 seconds
probability of topic_Department_23 is 0.554333

gibbs sample time: 0.089608 seconds
probability of topic_Department_53 is 0.442333

gibbs sample time: 1.13982 seconds
probability of topic_ResearchProject_45 is 0.427667

gibbs sample time: 0.056093 seconds
probability of topic_Staff_75 is 0.528

gibbs sample time: 0.066926 seconds
probability of topic_Course_83 is 0.604667

gibbs sample time: 0.059139 seconds
probability of topic_Student_86 is 0.531444

gibbs sample time: 0.057733 seconds
probability of topic_Person_96 is 0.469

gibbs sample time: 0.211091 seconds
probability of topic_Faculty_32 is 0.485333

gibbs sample time: 0.056376 seconds
probability of topic_Person_62 is 0.708667

gibbs sample time: 0.059171 seconds
probability of topic_Department_62 is 0.636222

gibbs sample time: 0.059052 seconds
probability of topic_Department_6 is 0.437444

gibbs sample time: 0.086045 seconds
probability of topic_Faculty_97 is 0.449333

gibbs sample time: 0.549429 seconds
probability of topic_Faculty_136 is 0.312222

gibbs sample time: 0.196203 seconds
probability of topic_Faculty_55 is 0.555556

gibbs sample time: 1.37516 seconds
probability of topic_Staff_156 is 0.560222

gibbs sample time: 1.37943 seconds
probability of topic_Staff_126 is 0.510889

gibbs sample time: 1.37286 seconds
probability of topic_Staff_114 is 0.425556

gibbs sample time: 0.05821 seconds
probability of topic_Staff_43 is 0.499

gibbs sample time: 0.270041 seconds
probability of topic_ResearchProject_20 is 0.619556

gibbs sample time: 0.060804 seconds
probability of topic_Department_38 is 0.560778

gibbs sample time: 0.413095 seconds
probability of topic_Faculty_10 is 0.564

gibbs sample time: 1.49198 seconds
probability of topic_Staff_157 is 0.622556

gibbs sample time: 0.05632 seconds
probability of topic_Staff_71 is 0.581556

gibbs sample time: 0.06046 seconds
probability of topic_ResearchProject_38 is 0.476556

gibbs sample time: 0.060509 seconds
probability of topic_Staff_60 is 0.498

gibbs sample time: 0.296248 seconds
probability of topic_Course_93 is 0.437111

gibbs sample time: 0.061015 seconds
probability of topic_ResearchProject_56 is 0.564556

gibbs sample time: 0.42501 seconds
probability of topic_Student_61 is 0.578778

gibbs sample time: 0.274521 seconds
probability of topic_Faculty_7 is 0.537778

gibbs sample time: 1.19541 seconds
probability of topic_Person_50 is 0.560667

gibbs sample time: 0.119374 seconds
probability of topic_Course_69 is 0.647667

gibbs sample time: 1.17601 seconds
probability of topic_Department_91 is 0.463333

gibbs sample time: 0.23155 seconds
probability of topic_Staff_81 is 0.442333

gibbs sample time: 1.1723 seconds
probability of topic_Department_45 is 0.483444

gibbs sample time: 1.07692 seconds
probability of topic_Student_89 is 0.504333

gibbs sample time: 0.45216 seconds
probability of topic_Staff_57 is 0.446333

gibbs sample time: 0.45128 seconds
probability of topic_Staff_61 is 0.479667

gibbs sample time: 0.056325 seconds
probability of topic_Staff_1 is 0.407444

gibbs sample time: 1.69305 seconds
probability of topic_Department_157 is 0.535

gibbs sample time: 1.48176 seconds
probability of topic_Department_59 is 0.526778

gibbs sample time: 1.22815 seconds
probability of topic_Person_54 is 0.489222

gibbs sample time: 0.450872 seconds
probability of topic_Staff_168 is 0.437556

gibbs sample time: 1.05098 seconds
probability of topic_Student_72 is 0.566444

gibbs sample time: 0.093204 seconds
probability of topic_Faculty_68 is 0.345222

gibbs sample time: 0.566515 seconds
probability of topic_Department_58 is 0.442889

gibbs sample time: 0.549598 seconds
probability of topic_Faculty_30 is 0.442333

gibbs sample time: 0.867688 seconds
probability of topic_Staff_33 is 0.491556

gibbs sample time: 0.426019 seconds
probability of topic_Department_244 is 0.440111

gibbs sample time: 0.060713 seconds
probability of topic_Department_9 is 0.500667

gibbs sample time: 0.05989 seconds
probability of topic_Student_39 is 0.465333

gibbs sample time: 0.05616 seconds
probability of topic_Faculty_1 is 0.583778

gibbs sample time: 1.25443 seconds
probability of topic_Student_102 is 0.570778

gibbs sample time: 1.03977 seconds
probability of topic_Course_174 is 0.478444

gibbs sample time: 0.055652 seconds
probability of topic_Person_75 is 0.492444

gibbs sample time: 0.061129 seconds
probability of topic_ResearchProject_15 is 0.498333

gibbs sample time: 0.267466 seconds
probability of topic_Course_25 is 0.338222

gibbs sample time: 0.061086 seconds
probability of topic_Department_26 is 0.507

gibbs sample time: 0.085264 seconds
probability of topic_Staff_5 is 0.521889

gibbs sample time: 0.220506 seconds
probability of topic_Person_19 is 0.676778

gibbs sample time: 0.059859 seconds
probability of topic_Faculty_99 is 0.47

gibbs sample time: 0.446101 seconds
probability of topic_Staff_67 is 0.471

gibbs sample time: 0.058082 seconds
probability of topic_Student_46 is 0.498889

gibbs sample time: 0.062649 seconds
probability of topic_Student_70 is 0.430333

gibbs sample time: 0.30777 seconds
probability of topic_Student_90 is 0.495333

gibbs sample time: 0.306571 seconds
probability of topic_Student_200 is 0.386111

gibbs sample time: 0.058118 seconds
probability of topic_Person_9 is 0.416667

gibbs sample time: 0.464132 seconds
probability of topic_Person_67 is 0.504333

gibbs sample time: 0.950081 seconds
probability of topic_ResearchProject_33 is 0.465556

gibbs sample time: 0.570139 seconds
probability of topic_Faculty_111 is 0.421889

gibbs sample time: 0.058825 seconds
probability of topic_Staff_6 is 0.471

gibbs sample time: 0.955392 seconds
probability of topic_ResearchProject_164 is 0.422556

gibbs sample time: 0.267234 seconds
probability of topic_Student_81 is 0.568333

gibbs sample time: 0.554062 seconds
probability of topic_Course_111 is 0.312111

gibbs sample time: 0.545253 seconds
probability of topic_ResearchProject_105 is 0.476222

gibbs sample time: 1.37757 seconds
probability of topic_Staff_3 is 0.524889

gibbs sample time: 1.19573 seconds
probability of topic_Person_146 is 0.740889

gibbs sample time: 1.19769 seconds
probability of topic_Person_102 is 0.541111

gibbs sample time: 1.25121 seconds
probability of topic_Course_28 is 0.481556

gibbs sample time: 1.6784 seconds
probability of topic_Person_133 is 0.527333

gibbs sample time: 0.055779 seconds
probability of topic_Person_6 is 0.481556

gibbs sample time: 0.246673 seconds
probability of topic_Faculty_119 is 0.499667

gibbs sample time: 0.089885 seconds
probability of topic_Course_22 is 0.394667

gibbs sample time: 0.301463 seconds
probability of topic_ResearchProject_145 is 0.509333

gibbs sample time: 0.090948 seconds
probability of topic_Student_15 is 0.527778

gibbs sample time: 1.05152 seconds
probability of topic_Student_118 is 0.55

gibbs sample time: 0.224642 seconds
probability of topic_Staff_19 is 0.409333

gibbs sample time: 1.09748 seconds
probability of topic_Staff_91 is 0.419333

gibbs sample time: 0.301768 seconds
probability of topic_ResearchProject_17 is 0.497778

gibbs sample time: 0.297342 seconds
probability of topic_Person_90 is 0.632

gibbs sample time: 0.297056 seconds
probability of topic_Person_200 is 0.573333

gibbs sample time: 0.058288 seconds
probability of topic_Course_56 is 0.427

gibbs sample time: 0.450124 seconds
probability of topic_Course_134 is 0.478333

gibbs sample time: 1.17485 seconds
probability of topic_Department_258 is 0.503

gibbs sample time: 0.060348 seconds
probability of topic_Student_60 is 0.510444

gibbs sample time: 0.142541 seconds
probability of topic_Staff_77 is 0.422556

gibbs sample time: 0.951475 seconds
probability of topic_ResearchProject_209 is 0.401444

gibbs sample time: 1.53605 seconds
probability of topic_ResearchProject_2 is 0.503778

gibbs sample time: 0.060928 seconds
probability of topic_Faculty_51 is 0.402444

gibbs sample time: 0.089701 seconds
probability of topic_Faculty_85 is 0.330111

gibbs sample time: 0.181203 seconds
probability of topic_Department_47 is 0.361556

gibbs sample time: 0.055788 seconds
probability of topic_Staff_62 is 0.487556

gibbs sample time: 0.414405 seconds
probability of topic_Course_35 is 0.485

gibbs sample time: 0.231902 seconds
probability of topic_Staff_20 is 0.440333

gibbs sample time: 0.196349 seconds
probability of topic_Faculty_73 is 0.534333

gibbs sample time: 0.085484 seconds
probability of topic_Person_21 is 0.458667

gibbs sample time: 0.062805 seconds
probability of topic_ResearchProject_60 is 0.495111

gibbs sample time: 0.426887 seconds
probability of topic_Department_31 is 0.446333

gibbs sample time: 0.427943 seconds
probability of topic_Department_92 is 0.448

gibbs sample time: 0.481829 seconds
probability of topic_Faculty_67 is 0.426

gibbs sample time: 0.481967 seconds
probability of topic_Faculty_134 is 0.360222

gibbs sample time: 0.284731 seconds
probability of topic_Department_81 is 0.601

gibbs sample time: 1.25952 seconds
probability of topic_Faculty_102 is 0.532889

gibbs sample time: 0.089636 seconds
probability of topic_Faculty_76 is 0.503778

gibbs sample time: 1.48785 seconds
probability of topic_Department_54 is 0.500222

gibbs sample time: 1.48773 seconds
probability of topic_Department_114 is 0.446778

gibbs sample time: 1.09739 seconds
probability of topic_Staff_45 is 0.43

gibbs sample time: 1.13668 seconds
probability of topic_ResearchProject_258 is 0.487222

gibbs sample time: 0.379482 seconds
probability of topic_ResearchProject_187 is 0.344222

gibbs sample time: 0.386068 seconds
probability of topic_ResearchProject_13 is 0.523667

gibbs sample time: 0.434049 seconds
probability of topic_Staff_4 is 0.298667

gibbs sample time: 0.120047 seconds
probability of topic_Course_76 is 0.436556

gibbs sample time: 1.12129 seconds
probability of topic_ResearchProject_126 is 0.455333

gibbs sample time: 0.091557 seconds
probability of topic_Course_15 is 0.434

gibbs sample time: 0.059798 seconds
probability of topic_ResearchProject_71 is 0.484556

gibbs sample time: 0.455881 seconds
probability of topic_Student_244 is 0.535

gibbs sample time: 0.996274 seconds
probability of topic_Faculty_78 is 0.460667

gibbs sample time: 0.089652 seconds
probability of topic_Staff_64 is 0.400222

gibbs sample time: 0.544973 seconds
probability of topic_ResearchProject_42 is 0.413222

gibbs sample time: 0.282693 seconds
probability of topic_Person_93 is 0.220667

gibbs sample time: 0.057851 seconds
probability of topic_Staff_66 is 0.428444

gibbs sample time: 1.71921 seconds
probability of topic_Course_18 is 0.375111

gibbs sample time: 0.462849 seconds
probability of topic_Staff_111 is 0.449778

gibbs sample time: 1.40824 seconds
probability of topic_Staff_54 is 0.493111

gibbs sample time: 0.151671 seconds
probability of topic_Faculty_94 is 0.186667

gibbs sample time: 0.086765 seconds
probability of topic_Person_97 is 0.630222

gibbs sample time: 0.060134 seconds
probability of topic_ResearchProject_96 is 0.5

gibbs sample time: 0.059629 seconds
probability of topic_Department_75 is 0.465444

gibbs sample time: 0.088938 seconds
probability of topic_Staff_53 is 0.441

gibbs sample time: 0.270366 seconds
probability of topic_Course_20 is 0.452111

gibbs sample time: 0.093453 seconds
probability of topic_ResearchProject_95 is 0.590444

gibbs sample time: 1.69733 seconds
probability of topic_Department_18 is 0.406

gibbs sample time: 1.17887 seconds
probability of topic_Department_78 is 0.43

gibbs sample time: 0.268878 seconds
probability of topic_Course_231 is 0.501778

gibbs sample time: 0.062273 seconds
probability of topic_Department_65 is 0.404667

gibbs sample time: 1.00757 seconds
probability of topic_Faculty_89 is 0.453111

gibbs sample time: 0.258883 seconds
probability of topic_Person_81 is 0.502333

gibbs sample time: 0.088824 seconds
probability of topic_Faculty_95 is 0.428

gibbs sample time: 0.26772 seconds
probability of topic_Person_20 is 0.490444

gibbs sample time: 0.24417 seconds
probability of topic_Department_52 is 0.491778

gibbs sample time: 0.192756 seconds
probability of topic_ResearchProject_32 is 0.475778

gibbs sample time: 0.060562 seconds
probability of topic_ResearchProject_40 is 0.445889

gibbs sample time: 0.421256 seconds
probability of topic_Faculty_17 is 0.537111

gibbs sample time: 0.063521 seconds
probability of topic_Student_22 is 0.624

gibbs sample time: 0.428623 seconds
probability of topic_Faculty_244 is 0.448111

gibbs sample time: 0.058035 seconds
probability of topic_Staff_84 is 0.463667

gibbs sample time: 0.055797 seconds
probability of topic_Staff_80 is 0.455556

gibbs sample time: 0.059701 seconds
probability of topic_Student_38 is 0.449667

gibbs sample time: 0.177187 seconds
probability of topic_Staff_47 is 0.321

gibbs sample time: 0.05965 seconds
probability of topic_Staff_44 is 0.426111

gibbs sample time: 0.242419 seconds
probability of topic_ResearchProject_49 is 0.503111

gibbs sample time: 1.16502 seconds
probability of topic_ResearchProject_78 is 0.443111

gibbs sample time: 0.095167 seconds
probability of topic_Faculty_53 is 0.482889

gibbs sample time: 0.059848 seconds
probability of topic_Staff_86 is 0.404778

gibbs sample time: 1.26447 seconds
probability of topic_Department_50 is 0.391222

gibbs sample time: 1.27109 seconds
probability of topic_Department_146 is 0.792

gibbs sample time: 1.2576 seconds
probability of topic_Department_102 is 0.384222

gibbs sample time: 1.25909 seconds
probability of topic_Department_28 is 0.472333

gibbs sample time: 0.058064 seconds
probability of topic_Course_38 is 0.472444

gibbs sample time: 0.058441 seconds
probability of topic_Person_66 is 0.486222

gibbs sample time: 0.058102 seconds
probability of topic_Course_68 is 0.494778

gibbs sample time: 1.71593 seconds
probability of topic_Course_12 is 0.527778

gibbs sample time: 1.71802 seconds
probability of topic_Course_155 is 0.453

gibbs sample time: 0.058329 seconds
probability of topic_Faculty_44 is 0.573667

gibbs sample time: 0.058416 seconds
probability of topic_Course_75 is 0.410667

gibbs sample time: 1.69071 seconds
probability of topic_Student_133 is 0.560333

gibbs sample time: 0.351141 seconds
probability of topic_ResearchProject_31 is 0.405222

gibbs sample time: 0.35437 seconds
probability of topic_ResearchProject_92 is 0.500222

gibbs sample time: 0.061534 seconds
probability of topic_Department_60 is 0.518556

gibbs sample time: 0.509682 seconds
probability of topic_Department_130 is 0.507556

gibbs sample time: 0.441014 seconds
probability of topic_Faculty_57 is 0.476

gibbs sample time: 0.197515 seconds
probability of topic_Course_19 is 0.404556

gibbs sample time: 0.192598 seconds
probability of topic_Course_49 is 0.442556

gibbs sample time: 0.060175 seconds
probability of topic_Faculty_16 is 0.525111

gibbs sample time: 0.154623 seconds
probability of topic_Student_63 is 0.378778

gibbs sample time: 1.70892 seconds
probability of topic_Department_155 is 0.545667

gibbs sample time: 0.086419 seconds
probability of topic_Course_5 is 0.398556

gibbs sample time: 0.269758 seconds
probability of topic_Department_49 is 0.476111

gibbs sample time: 0.086535 seconds
probability of topic_Person_37 is 0.586333

gibbs sample time: 0.11604 seconds
probability of topic_Course_23 is 0.686222

gibbs sample time: 0.30385 seconds
probability of topic_Staff_231 is 0.453556

gibbs sample time: 0.942921 seconds
probability of topic_Person_33 is 0.369111

gibbs sample time: 0.943427 seconds
probability of topic_Person_209 is 0.530222

gibbs sample time: 1.02886 seconds
probability of topic_Person_164 is 0.573444

gibbs sample time: 0.408483 seconds
probability of topic_Student_13 is 0.286778

gibbs sample time: 0.407191 seconds
probability of topic_Student_187 is 0.610333

gibbs sample time: 0.511429 seconds
probability of topic_Person_4 is 0.489333

gibbs sample time: 1.6859 seconds
probability of topic_Faculty_18 is 0.43

gibbs sample time: 0.062563 seconds
probability of topic_Faculty_82 is 0.420111

gibbs sample time: 1.10524 seconds
probability of topic_Student_258 is 0.520111

gibbs sample time: 0.083347 seconds
probability of topic_Staff_97 is 0.576889

gibbs sample time: 0.142561 seconds
probability of topic_Student_77 is 0.627444

gibbs sample time: 0.2213 seconds
probability of topic_ResearchProject_73 is 0.493667

gibbs sample time: 0.094811 seconds
probability of topic_Course_95 is 0.483778

gibbs sample time: 0.515767 seconds
probability of topic_Student_130 is 0.482778

gibbs sample time: 0.087799 seconds
probability of topic_ResearchProject_97 is 0.476667

gibbs sample time: 0.146511 seconds
probability of topic_Department_77 is 0.574778

gibbs sample time: 1.11112 seconds
probability of topic_Department_174 is 0.769222

gibbs sample time: 0.210776 seconds
probability of topic_Student_65 is 0.562444

gibbs sample time: 0.521924 seconds
probability of topic_Person_42 is 0.596111

gibbs sample time: 0.520742 seconds
probability of topic_Person_186 is 0.452444

gibbs sample time: 0.98903 seconds
probability of topic_Staff_72 is 0.320444

gibbs sample time: 0.453481 seconds
probability of topic_Staff_186 is 0.456556

gibbs sample time: 0.058311 seconds
probability of topic_Course_34 is 0.464333

gibbs sample time: 0.272221 seconds
probability of topic_Course_81 is 0.546667

gibbs sample time: 0.317346 seconds
probability of topic_ResearchProject_90 is 0.574333

gibbs sample time: 0.093949 seconds
probability of topic_Department_79 is 0.570222

gibbs sample time: 0.056698 seconds
probability of topic_Staff_56 is 0.437222

gibbs sample time: 1.10763 seconds
probability of topic_Staff_258 is 0.396

gibbs sample time: 0.06012 seconds
probability of topic_Student_82 is 0.517

gibbs sample time: 0.39638 seconds
probability of topic_Person_87 is 0.592222

gibbs sample time: 0.302853 seconds
probability of topic_Department_90 is 0.540667

gibbs sample time: 0.43096 seconds
probability of topic_Student_31 is 0.557667

gibbs sample time: 0.060455 seconds
probability of topic_Faculty_26 is 0.591778

gibbs sample time: 1.07621 seconds
probability of topic_Faculty_106 is 0.512222

gibbs sample time: 0.060203 seconds
probability of topic_Student_83 is 0.529

gibbs sample time: 0.594988 seconds
probability of topic_Department_30 is 0.450444

gibbs sample time: 1.3934 seconds
probability of topic_Staff_59 is 0.457111

gibbs sample time: 0.317634 seconds
probability of topic_ResearchProject_200 is 0.340667

gibbs sample time: 0.877912 seconds
probability of topic_Staff_164 is 0.449444

gibbs sample time: 0.279487 seconds
probability of topic_Course_90 is 0.411778

gibbs sample time: 0.085666 seconds
probability of topic_Person_14 is 0.449

gibbs sample time: 1.04736 seconds
probability of topic_Person_91 is 0.349778

gibbs sample time: 1.09994 seconds
probability of topic_Department_118 is 0.435667

gibbs sample time: 0.059645 seconds
probability of topic_ResearchProject_6 is 0.467889

gibbs sample time: 0.058158 seconds
probability of topic_Course_85 is 0.540333

gibbs sample time: 0.05836 seconds
probability of topic_Person_71 is 0.653556

gibbs sample time: 0.059954 seconds
probability of topic_Faculty_66 is 0.402444

gibbs sample time: 1.09417 seconds
probability of topic_Department_41 is 0.363889

gibbs sample time: 1.091 seconds
probability of topic_Department_72 is 0.334667

gibbs sample time: 0.060118 seconds
probability of topic_Student_99 is 0.467

gibbs sample time: 0.091251 seconds
probability of topic_Department_97 is 0.690333

gibbs sample time: 0.508047 seconds
probability of topic_Department_8 is 0.647667

gibbs sample time: 0.505549 seconds
probability of topic_Person_111 is 0.686444

gibbs sample time: 1.41466 seconds
probability of topic_Course_59 is 0.62

gibbs sample time: 0.083192 seconds
probability of topic_Person_5 is 0.500111

gibbs sample time: 0.088053 seconds
probability of topic_Course_88 is 0.521444

gibbs sample time: 1.42388 seconds
probability of topic_Course_126 is 0.353556

gibbs sample time: 1.45477 seconds
probability of topic_Course_156 is 0.516222

gibbs sample time: 0.058361 seconds
probability of topic_Faculty_80 is 0.424111

gibbs sample time: 1.40971 seconds
probability of topic_Course_3 is 0.442667

gibbs sample time: 0.145672 seconds
probability of topic_Faculty_77 is 0.465222

gibbs sample time: 0.572641 seconds
probability of topic_Student_4 is 0.631667

gibbs sample time: 0.058436 seconds
probability of topic_Course_26 is 0.561

gibbs sample time: 0.060568 seconds
probability of topic_Person_26 is 0.519778

gibbs sample time: 0.2463 seconds
probability of topic_ResearchProject_65 is 0.427

gibbs sample time: 0.419012 seconds
probability of topic_Person_92 is 0.459222

gibbs sample time: 0.288675 seconds
probability of topic_Department_116 is 0.437111

gibbs sample time: 1.71692 seconds
probability of topic_Course_199 is 0.463111

gibbs sample time: 1.48771 seconds
probability of topic_Department_217 is 0.534778

gibbs sample time: 0.092043 seconds
probability of topic_Department_51 is 0.458556

gibbs sample time: 0.060478 seconds
probability of topic_Person_99 is 0.410889

gibbs sample time: 0.381249 seconds
probability of topic_Staff_92 is 0.444111

gibbs sample time: 0.100627 seconds
probability of topic_Faculty_88 is 0.556333

gibbs sample time: 0.093903 seconds
probability of topic_ResearchProject_85 is 0.299222

gibbs sample time: 0.452484 seconds
probability of topic_Staff_11 is 0.421222

gibbs sample time: 0.447469 seconds
probability of topic_Staff_134 is 0.270222

gibbs sample time: 0.058382 seconds
probability of topic_Faculty_98 is 0.430556

gibbs sample time: 0.06193 seconds
probability of topic_ResearchProject_9 is 0.635556

gibbs sample time: 0.060846 seconds
probability of topic_Student_34 is 0.597111

gibbs sample time: 0.312661 seconds
probability of topic_Department_231 is 0.459667

gibbs sample time: 1.42738 seconds
probability of topic_Course_114 is 0.416111

gibbs sample time: 0.121331 seconds
probability of topic_Student_23 is 0.205

gibbs sample time: 0.5495 seconds
probability of topic_ResearchProject_186 is 0.410333

gibbs sample time: 0.060676 seconds
probability of topic_ResearchProject_16 is 0.491

gibbs sample time: 0.060841 seconds
probability of topic_Person_43 is 0.476444

gibbs sample time: 1.66977 seconds
probability of topic_Faculty_155 is 0.608889

gibbs sample time: 0.311839 seconds
probability of topic_Department_25 is 0.272667

gibbs sample time: 1.68179 seconds
probability of topic_Faculty_157 is 0.523667

gibbs sample time: 0.063102 seconds
probability of topic_Faculty_60 is 0.465333

gibbs sample time: 0.062166 seconds
probability of topic_Staff_96 is 0.498444

gibbs sample time: 0.064955 seconds
probability of topic_Department_39 is 0.428444

gibbs sample time: 1.51784 seconds
probability of topic_Staff_169 is 0.772

gibbs sample time: 1.50355 seconds
probability of topic_Staff_18 is 0.387778

gibbs sample time: 0.237393 seconds
probability of topic_Person_187 is 0.599778

gibbs sample time: 0.058684 seconds
probability of topic_Student_98 is 0.627

gibbs sample time: 1.69198 seconds
probability of topic_Student_24 is 0.565444

gibbs sample time: 0.114533 seconds
probability of topic_ResearchProject_77 is 0.519778

gibbs sample time: 0.089241 seconds
probability of topic_Person_27 is 0.515889

gibbs sample time: 0.058925 seconds
probability of topic_ResearchProject_62 is 0.620778

gibbs sample time: 0.489564 seconds
probability of topic_Staff_8 is 0.575111

gibbs sample time: 0.09281 seconds
probability of topic_Student_14 is 0.458556

gibbs sample time: 0.085845 seconds
probability of topic_Staff_51 is 0.387444

gibbs sample time: 0.488648 seconds
probability of topic_Staff_110 is 0.383444

gibbs sample time: 0.088963 seconds
probability of topic_Course_77 is 0.220111

gibbs sample time: 0.288166 seconds
probability of topic_Department_93 is 0.454667

gibbs sample time: 0.059642 seconds
probability of topic_Student_75 is 0.473444

gibbs sample time: 0.292522 seconds
probability of topic_ResearchProject_7 is 0.413667

gibbs sample time: 0.093356 seconds
probability of topic_ResearchProject_37 is 0.375889

gibbs sample time: 1.15617 seconds
probability of topic_ResearchProject_91 is 0.534

gibbs sample time: 0.056679 seconds
probability of topic_Course_86 is 0.406

gibbs sample time: 0.05875 seconds
probability of topic_Person_60 is 0.477778

gibbs sample time: 1.69493 seconds
probability of topic_Student_2 is 0.458889

gibbs sample time: 0.580797 seconds
probability of topic_Student_30 is 0.478667

gibbs sample time: 1.69771 seconds
probability of topic_Student_199 is 0.609889

gibbs sample time: 1.70281 seconds
probability of topic_Student_18 is 0.469444

gibbs sample time: 0.231871 seconds
probability of topic_Student_119 is 0.457556

gibbs sample time: 0.399287 seconds
probability of topic_Faculty_13 is 0.535333

gibbs sample time: 0.39455 seconds
probability of topic_Faculty_187 is 0.651778

gibbs sample time: 0.386004 seconds
probability of topic_Person_168 is 0.495778

gibbs sample time: 0.091156 seconds
probability of topic_Staff_85 is 0.282889

gibbs sample time: 0.555866 seconds
probability of topic_Course_4 is 0.376

gibbs sample time: 0.425632 seconds
probability of topic_Student_92 is 0.493333

gibbs sample time: 0.560102 seconds
probability of topic_Course_58 is 0.526333

gibbs sample time: 0.297255 seconds
probability of topic_Faculty_93 is 0.426333

