observed tuples: r3927 r3363 r3380 r4745 r2823 r258 r1989 r3656 r1678 r3152 r2559 r4873 r4427 r2604 r978 r576 r4739 r3244 r3563 r3969 r1431 r4600 r4459 r2050 r2726 r1032 r3092 r2999 r4648 r347 r1575 r3313 r2492 r1217 r1256 r2461 r3141 r3076 r543 r4692 r2741 r734 r4108 r1622 r1907 r1342 r3224 r1180 r861 r3192 r3828 r341 r1944 r2893 r1829 r2611 r1931 r4565 r2444 r750 r2612 r1812 r3137 r2746 r2230 r3435 r961 r962 r2586 r2857 r3383 r1389 r1211 r2765 r4224 r2060 r2472 r2842 r1601 r3857 r3998 r3574 r3736 r263 r4938 r3866 r2821 r210 r980 r105 r4688 r2757 r4943 r2880 r3184 r3167 r4712 r2712 r2814 r2011 r3388 r4612 r2984 r4231 r2337 r2236 r3793 r834 r2829 r440 r1136 r2950 r3524 r3901 r2597 r4894 r1471 r4604 r3157 r702 r2276 r4117 r1225 r4222 r3950 r4341 r1961 r3559 r2253 r3393 r3433 r353 r2235 r1984 r3042 r2215 r1893 r3745 r3534 r3935 r3492 r4030 r4820 r1380 r1921 r3222 r3420 r2055 r1828 r3986 r3907 r917 r1979 r2623 r4107 r3312 r2390 r2153 r3954 r737 r2640 r2483 r4304 r3343 r960 r4558 r4123 r3425 r3787 r2874 r3186 r1353 r2844 r3308 r4972 r3565 r4919 r1871 r2756 r3661 r2927 r4842 r1498 r4857 r1823 r2952 r378 r1669 r3601 r3735 r423 r4317 r621 r2376 r1099 r2575 r4431 r3914 r2066 hasword_univers_12 r941 r1764 r1295 r3800 r162 r2826 r1470 r1098 r1287 r2734 r1377 hasword_paramet_20 hasword_press_20 r3720 r476 r411 hasword_gmt_76 r78 r4371 r872 r3472 hasword_nov_19 r3653 links_45_48 hasword_sequenc_43 r3628 links_91_45 hasword_jan_8 hasword_machin_22 r1468 r2263 r2100 r1237 r3583 r408 hasword_instruct_81 r3536 r3050 r1994 r1546 r155 hasword_engin_87 r2043 r4 hasword_document_92 r2354 hasword_wide_35 r1285 r2478 hasword_austin_69 links_41_72 r3078 r3786 r4843 hasword_version_41 r4156 r337 hasword_group_115 r3725 r912 r3188 r2815 hasword_content_36 r3692 r356 r893 r1910 r3360 r181 r413 r797 hasword_chapter_60 r4665 r2345 hasword_server_66 r146 hasword_work_71 hasword_resourc_2 hasword_transfer_12 r205 r424 r1520 r1873 r4854 hasword_made_90 r1386 r214 hasword_principl_83 r3923 r3893 r2405 r3423 r3474 r2629 r3338 hasword_queri_76 r2118 r1782 r2018 r3168 r4771 hasword_task_47 links_29_28 r3853 hasword_intellig_47 r3409 r2168 r4022 r272 r2452 r1385 r876 r2981 r1332 hasword_parallel_72 hasword_resourc_78 r3519 r2415 hasword_order_47 r50 hasword_content_40 r520 r1001 hasword_jan_5 r4150 hasword_suggest_91 r1269 r1642 hasword_ta_24 r4487 hasword_unit_57 r4216 hasword_deriv_65 r4209 hasword_jan_27 r1195 r1753 hasword_ed_42 hasword_mondai_68 r144 hasword_date_53 hasword_india_68 r1626 hasword_gmt_50 r3252 r3335 hasword_solution_14 hasword_write_31 r1737 r455 hasword_educ_95 r1057 r4817 r2799 r62 r1913 r3144 r1768 r2884 r1019 links_50_28 r136 hasword_environ_53 r3818 r809 r2549 hasword_line_4 r3898 hasword_mime_86 hasword_elem_18 r3236 r4863 r710 hasword_develop_10 r346 r4077 r3019 r4954 r1574 r603 r1558 hasword_definit_21 r4777 r2792 hasword_nov_77 hasword_austin_32 hasword_algorithm_84 r900 links_41_115 r3475 links_87_10 r4130 links_28_50 r790 hasword_creat_96 r3806 r1465 r1409 r1462 r2942 hasword_html_19 hasword_aug_98 r2245 r2701 hasword_nation_55 r4045 rl r4568 r2384 r4211 r4879 hasword_sourc_64 r123 r1703 r4816 r4922 links_50_102 r2516 r3934 r3844 hasword_techniqu_89 r3017 r4730 hasword_provid_28 r1004 r4654 r1494 r1906 hasword_add_14 r644 hasword_unit_7 r2395 links_28_102 r1089 hasword_jan_79 r2111 r2736 hasword_faculti_33 r4628 r2347 r4174 r2085 hasword_past_32 r3185 hasword_window_99 r4948 r1093 r4706 r3451 r3834 r75 r3719 r4062 r147 r3622 r1319 r4542 r2671 r4031 hasword_includ_13 r2521 r2520 hasword_architectur_7 hasword_chang_63 r192 r775 r3044 r843 r2321 links_102_50 r3636 r784 r1763 r1580 r3084 r3516 r3982 links_19_49 hasword_html_46 r769 r4651 r4835 r3749 hasword_class_59 r4324 r2229 hasword_consist_49 r3590 r359 hasword_onlin_88 hasword_page_97 r1261 r4924 r1078 r1810 r3183 r2706 r2591 r3431 hasword_ph_34 r4852 r4490 r2396 r3394 hasword_event_35 r1475 r2486 hasword_room_30 r24 r4744 r273 links_50_29 r3947 r2973 r2804 r302 r4180 hasword_univers_88 r3256 r930 r4111 r3 r1809 r2561 r2714 r2270 hasword_nov_62 r4465 r2992 r2720 r3468 hasword_file_56 r3785 r3377 r4445 r4484 r4104 r4837 hasword_move_48 r3130 hasword_version_18 r4845 r2242 links_93_116 r3194 r4000 r929 r3330 r1615 r565 r2241 r1304 r3875 r2267 hasword_paul_61 r219 r1028 r3416 hasword_manag_16 r4987 hasword_date_74 r1506 r795 r1719 hasword_system_29 r351 r1116 r1891 hasword_program_70 hasword_gmt_67 r4392 r3768 r4118 r4653 r2170 hasword_build_58 r2668 r2830 r2580 r3415 r4194 hasword_oct_44 r2333 hasword_window_39 r3600 r2908 r836 r3784 r4993 r2875 r2448 r70 r1321 r1354 r2816 r2533 r1155 r2269 hasword_wa_15 r246 hasword_modifi_25 r1254 r913 r1258 r303 r1707 r642 r4434 r187 r4750 r180 hasword_count_52 links_29_50 hasword_wait_52 r2862 hasword_postscript_17 r2389 r4290 r1900 hasword_version_82 r1063 r721 hasword_text_45 hasword_materi_23 r2796 r991 r2456 hasword_utexa_54 r3931 r2967 hasword_left_75 r1325 hasword_gmt_37 links_54_114 r4365 r1333 r2840 r2264 hasword_effici_51 r4092 r4126 r2774 r4906 r3202 r4159 r4740 hasword_jan_120 hasword_pointer_85 hasword_network_73 hasword_date_80 r3426 r3757 r4140 r4494 r2581 r2088 r3410 hasword_texa_6 r3478 r4396 r2763 r2812 r3724 r1227 r2616 r3718 r4735 r2785 links_31_120 r1775 r4731 hasword_base_1 r51 r1043 r1282 r2618 r3856 links_81_20 hasword_confer_9 links_11_67 r3239 r1441 r39 r4425 r4560 r55 r4379 links_57_61 hasword_john_116 links_116_93 r2125 r4195 r4635 r1376 r10 hasword_author_93 r2096 hasword_html_94 r300 r2588 r4642 r1149 r3014 r2831 r1061 hasword_paper_26 r2864 r3365 r4258 hasword_colleg_38 r4243 r238 r3794 r1025 r510 r3978 links_31_92 r3518 r818 r4966 r142 r3558 r2449 r544 r4970 r4806 r2791 hasword_mime_114 r2913 r2198 r4512 r4473 r1437 r358 r2750 r2049 hasword_hall_102 hasword_area_17 r4563 r3689 hasword_oct_11 r354 r967 r1675 r573 r4205 r3961 r4332 r3548 r2067 r2780 r3067 r1530 r3069 r3655 r659 r231 hasword_dynam_3 r3303 hasword_librari_3 r4093 r651 r3205 r4227 r3007 r485 r3440 r484 r3508 r1364 r2429 r3176 r1489 r3031 
size of observed tuples: 774
size of unobserved tuples: 689

gibbs sample time: 0.060725 seconds
probability of topic_Course_3 is 0.428667

gibbs sample time: 0.372563 seconds
probability of topic_Student_115 is 0.451222

gibbs sample time: 0.392049 seconds
probability of topic_Student_41 is 0.497333

gibbs sample time: 0.08296 seconds
probability of topic_Staff_12 is 0.498111

gibbs sample time: 0.084829 seconds
probability of topic_Student_16 is 0.411222

gibbs sample time: 0.06695 seconds
probability of topic_Department_71 is 0.468556

gibbs sample time: 0.063536 seconds
probability of topic_Course_65 is 0.486444

gibbs sample time: 0.057634 seconds
probability of topic_Student_5 is 0.531556

gibbs sample time: 0.065231 seconds
probability of topic_Department_96 is 0.447889

gibbs sample time: 0.061527 seconds
probability of topic_Department_98 is 0.335333

gibbs sample time: 0.061303 seconds
probability of topic_ResearchProject_95 is 0.469889

gibbs sample time: 0.093773 seconds
probability of topic_ResearchProject_35 is 0.441

gibbs sample time: 0.063205 seconds
probability of topic_Course_82 is 0.396778

gibbs sample time: 0.060475 seconds
probability of topic_Staff_23 is 0.456222

gibbs sample time: 0.057542 seconds
probability of topic_Student_8 is 0.524222

gibbs sample time: 0.095074 seconds
probability of topic_Student_18 is 0.452778

gibbs sample time: 0.0997 seconds
probability of topic_Faculty_68 is 0.348333

gibbs sample time: 0.057835 seconds
probability of topic_Person_37 is 0.500778

gibbs sample time: 0.099896 seconds
probability of topic_ResearchProject_47 is 0.474556

gibbs sample time: 0.064297 seconds
probability of topic_Student_59 is 0.603222

gibbs sample time: 0.21005 seconds
probability of topic_Student_57 is 0.494111

gibbs sample time: 0.068449 seconds
probability of topic_Student_26 is 0.417889

gibbs sample time: 0.061023 seconds
probability of topic_Person_22 is 0.601444

gibbs sample time: 0.061881 seconds
probability of topic_Department_94 is 0.473

gibbs sample time: 0.064941 seconds
probability of topic_ResearchProject_5 is 0.467111

gibbs sample time: 0.057506 seconds
probability of topic_Person_8 is 0.506

gibbs sample time: 0.063309 seconds
probability of topic_Student_84 is 0.433

gibbs sample time: 0.063126 seconds
probability of topic_Person_85 is 0.454889

gibbs sample time: 0.057438 seconds
probability of topic_Person_74 is 0.492778

gibbs sample time: 0.127299 seconds
probability of topic_Faculty_47 is 0.473222

gibbs sample time: 0.057414 seconds
probability of topic_Person_62 is 0.711667

gibbs sample time: 0.064746 seconds
probability of topic_Faculty_73 is 0.525667

gibbs sample time: 0.061737 seconds
probability of topic_Staff_38 is 0.412778

gibbs sample time: 0.062499 seconds
probability of topic_Student_71 is 0.592111

gibbs sample time: 0.058063 seconds
probability of topic_Person_94 is 0.472111

gibbs sample time: 0.061613 seconds
probability of topic_Student_95 is 0.514889

gibbs sample time: 0.06135 seconds
probability of topic_Staff_88 is 0.637333

gibbs sample time: 0.089407 seconds
probability of topic_Staff_18 is 0.370556

gibbs sample time: 0.064633 seconds
probability of topic_Student_99 is 0.474667

gibbs sample time: 0.061014 seconds
probability of topic_Staff_24 is 0.485222

gibbs sample time: 0.058238 seconds
probability of topic_Course_37 is 0.417111

gibbs sample time: 0.064026 seconds
probability of topic_Faculty_43 is 0.546444

gibbs sample time: 0.060596 seconds
probability of topic_Staff_96 is 0.500444

gibbs sample time: 0.060656 seconds
probability of topic_Course_58 is 0.513889

gibbs sample time: 0.306072 seconds
probability of topic_Faculty_93 is 0.429

gibbs sample time: 0.217395 seconds
probability of topic_Department_114 is 0.444444

gibbs sample time: 0.218045 seconds
probability of topic_Department_54 is 0.486889

gibbs sample time: 0.061003 seconds
probability of topic_Faculty_56 is 0.445333

gibbs sample time: 0.06052 seconds
probability of topic_Staff_85 is 0.423778

gibbs sample time: 0.063397 seconds
probability of topic_Faculty_13 is 0.568667

gibbs sample time: 0.066504 seconds
probability of topic_Student_85 is 0.501333

gibbs sample time: 0.096136 seconds
probability of topic_ResearchProject_68 is 0.289

gibbs sample time: 0.057193 seconds
probability of topic_Person_24 is 0.508

gibbs sample time: 0.060475 seconds
probability of topic_Person_60 is 0.475667

gibbs sample time: 0.057053 seconds
probability of topic_Course_86 is 0.419889

gibbs sample time: 0.06445 seconds
probability of topic_Department_9 is 0.504778

gibbs sample time: 0.36757 seconds
probability of topic_ResearchProject_91 is 0.585556

gibbs sample time: 0.061166 seconds
probability of topic_ResearchProject_37 is 0.451333

gibbs sample time: 0.096643 seconds
probability of topic_ResearchProject_7 is 0.533222

gibbs sample time: 0.059692 seconds
probability of topic_Staff_46 is 0.419333

gibbs sample time: 0.064683 seconds
probability of topic_Department_13 is 0.595333

gibbs sample time: 0.297974 seconds
probability of topic_Department_93 is 0.457667

gibbs sample time: 0.056673 seconds
probability of topic_Staff_8 is 0.578222

gibbs sample time: 0.061768 seconds
probability of topic_ResearchProject_62 is 0.619667

gibbs sample time: 0.061686 seconds
probability of topic_ResearchProject_77 is 0.624222

gibbs sample time: 0.061002 seconds
probability of topic_Student_24 is 0.552667

gibbs sample time: 0.060844 seconds
probability of topic_Student_98 is 0.633

gibbs sample time: 0.063398 seconds
probability of topic_Person_43 is 0.484222

gibbs sample time: 0.202034 seconds
probability of topic_Staff_114 is 0.437889

gibbs sample time: 0.057367 seconds
probability of topic_Course_90 is 0.413444

gibbs sample time: 0.065144 seconds
probability of topic_ResearchProject_9 is 0.645222

gibbs sample time: 0.060782 seconds
probability of topic_Student_75 is 0.463778

gibbs sample time: 0.060724 seconds
probability of topic_Faculty_98 is 0.421111

gibbs sample time: 0.192297 seconds
probability of topic_Staff_11 is 0.416333

gibbs sample time: 0.063744 seconds
probability of topic_ResearchProject_85 is 0.510444

gibbs sample time: 0.24508 seconds
probability of topic_ResearchProject_81 is 0.454333

gibbs sample time: 0.347381 seconds
probability of topic_Staff_92 is 0.476667

gibbs sample time: 0.063118 seconds
probability of topic_Person_99 is 0.401556

gibbs sample time: 0.056979 seconds
probability of topic_Person_97 is 0.616111

gibbs sample time: 0.063384 seconds
probability of topic_Person_73 is 0.637

gibbs sample time: 0.064753 seconds
probability of topic_Department_51 is 0.498333

gibbs sample time: 0.298268 seconds
probability of topic_Department_116 is 0.438556

gibbs sample time: 0.063204 seconds
probability of topic_Person_26 is 0.501111

gibbs sample time: 0.060613 seconds
probability of topic_Course_26 is 0.566778

gibbs sample time: 0.057151 seconds
probability of topic_Student_4 is 0.419667

gibbs sample time: 0.059532 seconds
probability of topic_Course_56 is 0.428444

gibbs sample time: 0.064344 seconds
probability of topic_Department_63 is 0.424222

gibbs sample time: 0.061266 seconds
probability of topic_Faculty_77 is 0.502333

gibbs sample time: 0.061162 seconds
probability of topic_ResearchProject_24 is 0.482333

gibbs sample time: 0.057518 seconds
probability of topic_Person_5 is 0.507333

gibbs sample time: 0.060995 seconds
probability of topic_Course_59 is 0.636667

gibbs sample time: 0.061443 seconds
probability of topic_Department_8 is 0.650889

gibbs sample time: 0.059705 seconds
probability of topic_Staff_94 is 0.416889

gibbs sample time: 0.060653 seconds
probability of topic_Course_36 is 0.426222

gibbs sample time: 0.092674 seconds
probability of topic_Student_76 is 0.518889

gibbs sample time: 0.061922 seconds
probability of topic_Department_97 is 0.546333

gibbs sample time: 0.372287 seconds
probability of topic_Department_72 is 0.452333

gibbs sample time: 0.372925 seconds
probability of topic_Department_41 is 0.392444

gibbs sample time: 0.057169 seconds
probability of topic_Person_71 is 0.658556

gibbs sample time: 0.06617 seconds
probability of topic_Student_23 is 0.306667

gibbs sample time: 0.062174 seconds
probability of topic_ResearchProject_6 is 0.464

gibbs sample time: 0.19289 seconds
probability of topic_Person_91 is 0.389667

gibbs sample time: 0.06112 seconds
probability of topic_ResearchProject_44 is 0.359111

gibbs sample time: 0.088165 seconds
probability of topic_Person_14 is 0.454333

gibbs sample time: 0.063589 seconds
probability of topic_Faculty_82 is 0.413

gibbs sample time: 0.060497 seconds
probability of topic_Person_21 is 0.470333

gibbs sample time: 0.064381 seconds
probability of topic_ResearchProject_89 is 0.486

gibbs sample time: 0.063726 seconds
probability of topic_Student_83 is 0.536

gibbs sample time: 0.063642 seconds
probability of topic_Faculty_26 is 0.590333

gibbs sample time: 0.061752 seconds
probability of topic_Department_90 is 0.550778

gibbs sample time: 0.204337 seconds
probability of topic_Person_10 is 0.523111

gibbs sample time: 0.204918 seconds
probability of topic_Person_87 is 0.617778

gibbs sample time: 0.063408 seconds
probability of topic_Student_82 is 0.527333

gibbs sample time: 0.060394 seconds
probability of topic_Staff_39 is 0.447333

gibbs sample time: 0.210788 seconds
probability of topic_Person_54 is 0.472

gibbs sample time: 0.057087 seconds
probability of topic_Staff_56 is 0.444333

gibbs sample time: 0.062338 seconds
probability of topic_Department_79 is 0.641556

gibbs sample time: 0.063916 seconds
probability of topic_Student_55 is 0.558556

gibbs sample time: 0.243828 seconds
probability of topic_Course_81 is 0.540444

gibbs sample time: 0.059442 seconds
probability of topic_Course_34 is 0.464889

gibbs sample time: 0.059441 seconds
probability of topic_Person_42 is 0.540222

gibbs sample time: 0.06196 seconds
probability of topic_ResearchProject_97 is 0.52

gibbs sample time: 0.059575 seconds
probability of topic_Course_95 is 0.511889

gibbs sample time: 0.057149 seconds
probability of topic_Staff_97 is 0.510222

gibbs sample time: 0.063599 seconds
probability of topic_Student_13 is 0.322

gibbs sample time: 0.066018 seconds
probability of topic_Faculty_23 is 0.457667

gibbs sample time: 0.064392 seconds
probability of topic_ResearchProject_43 is 0.488111

gibbs sample time: 0.063211 seconds
probability of topic_Person_33 is 0.360333

gibbs sample time: 0.060782 seconds
probability of topic_Course_23 is 0.755778

gibbs sample time: 0.062916 seconds
probability of topic_Staff_13 is 0.497778

gibbs sample time: 0.064281 seconds
probability of topic_Department_36 is 0.480556

gibbs sample time: 0.256464 seconds
probability of topic_Department_49 is 0.464778

gibbs sample time: 0.063668 seconds
probability of topic_ResearchProject_18 is 0.464222

gibbs sample time: 0.056962 seconds
probability of topic_Course_5 is 0.474222

gibbs sample time: 0.063453 seconds
probability of topic_Student_63 is 0.455111

gibbs sample time: 0.101473 seconds
probability of topic_ResearchProject_3 is 0.47

gibbs sample time: 0.063402 seconds
probability of topic_Faculty_60 is 0.455778

gibbs sample time: 0.063444 seconds
probability of topic_Faculty_16 is 0.516889

gibbs sample time: 0.195661 seconds
probability of topic_Course_49 is 0.445444

gibbs sample time: 0.195442 seconds
probability of topic_Course_19 is 0.413667

gibbs sample time: 0.206115 seconds
probability of topic_Faculty_57 is 0.470111

gibbs sample time: 0.064371 seconds
probability of topic_Department_58 is 0.434889

gibbs sample time: 0.09396 seconds
probability of topic_Person_3 is 0.465556

gibbs sample time: 0.212721 seconds
probability of topic_ResearchProject_31 is 0.418778

gibbs sample time: 0.061049 seconds
probability of topic_Faculty_90 is 0.567556

gibbs sample time: 0.066214 seconds
probability of topic_Faculty_40 is 0.407556

gibbs sample time: 0.061059 seconds
probability of topic_Faculty_44 is 0.568222

gibbs sample time: 0.092137 seconds
probability of topic_Course_12 is 0.539556

gibbs sample time: 0.060954 seconds
probability of topic_Staff_73 is 0.582556

gibbs sample time: 0.062788 seconds
probability of topic_Staff_25 is 0.395556

gibbs sample time: 0.065082 seconds
probability of topic_ResearchProject_2 is 0.536444

gibbs sample time: 0.093665 seconds
probability of topic_Department_18 is 0.386

gibbs sample time: 0.063631 seconds
probability of topic_ResearchProject_64 is 0.469

gibbs sample time: 0.061067 seconds
probability of topic_Person_66 is 0.485111

gibbs sample time: 0.060553 seconds
probability of topic_Course_38 is 0.475111

gibbs sample time: 0.968238 seconds
probability of topic_Department_28 is 0.459222

gibbs sample time: 0.969671 seconds
probability of topic_Department_102 is 0.366111

gibbs sample time: 0.97052 seconds
probability of topic_Department_50 is 0.494778

gibbs sample time: 0.092939 seconds
probability of topic_Faculty_53 is 0.484778

gibbs sample time: 0.064096 seconds
probability of topic_ResearchProject_78 is 0.527556

gibbs sample time: 0.056998 seconds
probability of topic_Staff_44 is 0.427

gibbs sample time: 0.118514 seconds
probability of topic_Staff_47 is 0.419444

gibbs sample time: 0.064974 seconds
probability of topic_Student_38 is 0.447778

gibbs sample time: 0.058233 seconds
probability of topic_Person_86 is 0.506111

gibbs sample time: 0.063565 seconds
probability of topic_Student_66 is 0.488222

gibbs sample time: 0.903923 seconds
probability of topic_Course_28 is 0.475667

gibbs sample time: 0.06353 seconds
probability of topic_Student_44 is 0.534333

gibbs sample time: 0.967583 seconds
probability of topic_Department_29 is 0.368444

gibbs sample time: 0.902258 seconds
probability of topic_Course_50 is 0.422556

gibbs sample time: 0.060641 seconds
probability of topic_Course_52 is 0.485

gibbs sample time: 0.332087 seconds
probability of topic_Person_115 is 0.423889

gibbs sample time: 0.09229 seconds
probability of topic_Course_18 is 0.364

gibbs sample time: 0.057185 seconds
probability of topic_Course_27 is 0.466222

gibbs sample time: 0.186311 seconds
probability of topic_Person_11 is 0.541333

gibbs sample time: 0.061068 seconds
probability of topic_Student_30 is 0.432889

gibbs sample time: 0.057698 seconds
probability of topic_Course_94 is 0.418889

gibbs sample time: 0.063514 seconds
probability of topic_Student_69 is 0.514

gibbs sample time: 0.063369 seconds
probability of topic_Student_94 is 0.491333

gibbs sample time: 0.21232 seconds
probability of topic_ResearchProject_120 is 0.481889

gibbs sample time: 0.060567 seconds
probability of topic_Course_78 is 0.545889

gibbs sample time: 0.060798 seconds
probability of topic_Course_89 is 0.520778

gibbs sample time: 0.306818 seconds
probability of topic_Faculty_116 is 0.429444

gibbs sample time: 0.064303 seconds
probability of topic_Department_16 is 0.415333

gibbs sample time: 0.06365 seconds
probability of topic_Faculty_12 is 0.574667

gibbs sample time: 0.064573 seconds
probability of topic_Department_17 is 0.402111

gibbs sample time: 0.192643 seconds
probability of topic_Staff_67 is 0.463667

gibbs sample time: 0.057233 seconds
probability of topic_Course_6 is 0.497667

gibbs sample time: 0.065763 seconds
probability of topic_Student_33 is 0.336444

gibbs sample time: 0.09268 seconds
probability of topic_Person_53 is 0.525

gibbs sample time: 0.060451 seconds
probability of topic_Staff_69 is 0.471778

gibbs sample time: 0.061436 seconds
probability of topic_ResearchProject_75 is 0.516111

gibbs sample time: 0.063414 seconds
probability of topic_Student_58 is 0.385111

gibbs sample time: 0.063477 seconds
probability of topic_Student_34 is 0.588222

gibbs sample time: 0.064046 seconds
probability of topic_Department_2 is 0.470444

gibbs sample time: 0.057407 seconds
probability of topic_Faculty_1 is 0.580556

gibbs sample time: 0.060573 seconds
probability of topic_Staff_36 is 0.432556

gibbs sample time: 0.060592 seconds
probability of topic_Staff_51 is 0.452556

gibbs sample time: 0.063601 seconds
probability of topic_Student_21 is 0.464111

gibbs sample time: 0.367577 seconds
probability of topic_Course_92 is 0.488111

gibbs sample time: 0.063253 seconds
probability of topic_Student_64 is 0.431111

gibbs sample time: 0.06054 seconds
probability of topic_Course_55 is 0.484111

gibbs sample time: 0.069395 seconds
probability of topic_Student_40 is 0.487333

gibbs sample time: 0.068274 seconds
probability of topic_Course_66 is 0.416333

gibbs sample time: 0.073511 seconds
probability of topic_Department_66 is 0.471444

gibbs sample time: 0.237298 seconds
probability of topic_Person_81 is 0.489333

gibbs sample time: 0.057205 seconds
probability of topic_Course_8 is 0.469333

gibbs sample time: 0.064781 seconds
probability of topic_Department_21 is 0.477556

gibbs sample time: 0.060412 seconds
probability of topic_Course_97 is 0.583333

gibbs sample time: 0.058533 seconds
probability of topic_Person_77 is 0.708778

gibbs sample time: 0.064372 seconds
probability of topic_Person_89 is 0.495556

gibbs sample time: 0.202385 seconds
probability of topic_Staff_20 is 0.486444

gibbs sample time: 0.064692 seconds
probability of topic_ResearchProject_82 is 0.472111

gibbs sample time: 0.062097 seconds
probability of topic_ResearchProject_94 is 0.412889

gibbs sample time: 0.065014 seconds
probability of topic_Department_89 is 0.452222

gibbs sample time: 0.066105 seconds
probability of topic_Faculty_65 is 0.434

gibbs sample time: 0.060754 seconds
probability of topic_Student_9 is 0.457111

gibbs sample time: 0.060592 seconds
probability of topic_Person_58 is 0.474111

gibbs sample time: 0.057554 seconds
probability of topic_Person_76 is 0.497889

gibbs sample time: 0.056961 seconds
probability of topic_Person_6 is 0.481333

gibbs sample time: 0.215991 seconds
probability of topic_ResearchProject_115 is 0.659556

gibbs sample time: 0.224588 seconds
probability of topic_Person_19 is 0.681667

gibbs sample time: 0.059273 seconds
probability of topic_Staff_5 is 0.579

gibbs sample time: 0.061095 seconds
probability of topic_Course_33 is 0.589778

gibbs sample time: 0.060608 seconds
probability of topic_Person_2 is 0.367222

gibbs sample time: 0.216856 seconds
probability of topic_Course_114 is 0.431556

gibbs sample time: 0.060876 seconds
probability of topic_Faculty_30 is 0.478

gibbs sample time: 0.091503 seconds
probability of topic_Person_68 is 0.296222

gibbs sample time: 0.189875 seconds
probability of topic_Course_61 is 0.449556

gibbs sample time: 0.352285 seconds
probability of topic_Faculty_120 is 0.510556

gibbs sample time: 0.063925 seconds
probability of topic_ResearchProject_39 is 0.547222

gibbs sample time: 0.06413 seconds
probability of topic_Department_69 is 0.440111

gibbs sample time: 0.214022 seconds
probability of topic_Department_87 is 0.469889

gibbs sample time: 0.057345 seconds
probability of topic_Course_44 is 0.503111

gibbs sample time: 0.063695 seconds
probability of topic_Student_43 is 0.471889

gibbs sample time: 0.06205 seconds
probability of topic_Department_27 is 0.648444

gibbs sample time: 0.3816 seconds
probability of topic_Department_120 is 0.661

gibbs sample time: 0.063307 seconds
probability of topic_Staff_21 is 0.508444

gibbs sample time: 0.093253 seconds
probability of topic_ResearchProject_14 is 0.386667

gibbs sample time: 0.05698 seconds
probability of topic_Staff_74 is 0.451

gibbs sample time: 0.057137 seconds
probability of topic_Faculty_5 is 0.489444

gibbs sample time: 0.06232 seconds
probability of topic_Department_15 is 0.495

gibbs sample time: 0.061172 seconds
probability of topic_Faculty_71 is 0.520222

gibbs sample time: 0.921614 seconds
probability of topic_Student_29 is 0.551222

gibbs sample time: 0.063619 seconds
probability of topic_Faculty_58 is 0.548444

gibbs sample time: 0.380185 seconds
probability of topic_Faculty_41 is 0.386222

gibbs sample time: 0.351002 seconds
probability of topic_Faculty_31 is 0.476222

gibbs sample time: 0.057036 seconds
probability of topic_Course_17 is 0.446444

gibbs sample time: 0.064731 seconds
probability of topic_Department_73 is 0.449556

gibbs sample time: 0.061322 seconds
probability of topic_ResearchProject_46 is 0.418444

gibbs sample time: 0.094657 seconds
probability of topic_Department_7 is 0.494556

gibbs sample time: 0.060606 seconds
probability of topic_Staff_84 is 0.477

gibbs sample time: 0.061076 seconds
probability of topic_Faculty_74 is 0.423889

gibbs sample time: 0.066318 seconds
probability of topic_Faculty_89 is 0.471111

gibbs sample time: 0.061351 seconds
probability of topic_Faculty_15 is 0.497444

gibbs sample time: 0.061146 seconds
probability of topic_Student_97 is 0.607111

gibbs sample time: 0.093397 seconds
probability of topic_ResearchProject_76 is 0.462667

gibbs sample time: 0.063687 seconds
probability of topic_Faculty_64 is 0.482778

gibbs sample time: 0.061588 seconds
probability of topic_ResearchProject_80 is 0.434778

gibbs sample time: 0.214838 seconds
probability of topic_ResearchProject_67 is 0.461667

gibbs sample time: 0.094056 seconds
probability of topic_Department_53 is 0.448

gibbs sample time: 0.356983 seconds
probability of topic_Person_120 is 0.521333

gibbs sample time: 0.324874 seconds
probability of topic_Student_45 is 0.510333

gibbs sample time: 0.056955 seconds
probability of topic_Student_1 is 0.368111

gibbs sample time: 0.975389 seconds
probability of topic_Faculty_50 is 0.418111

gibbs sample time: 0.209595 seconds
probability of topic_Department_61 is 0.328444

gibbs sample time: 0.087879 seconds
probability of topic_Person_52 is 0.415778

gibbs sample time: 0.264052 seconds
probability of topic_Department_81 is 0.6

gibbs sample time: 0.181969 seconds
probability of topic_Department_11 is 0.478333

gibbs sample time: 0.091322 seconds
probability of topic_Course_88 is 0.513667

gibbs sample time: 0.061606 seconds
probability of topic_ResearchProject_71 is 0.484333

gibbs sample time: 0.061195 seconds
probability of topic_Student_79 is 0.519222

gibbs sample time: 0.257154 seconds
probability of topic_Department_19 is 0.598

gibbs sample time: 0.061137 seconds
probability of topic_Faculty_27 is 0.482667

gibbs sample time: 0.163788 seconds
probability of topic_Person_57 is 0.483444

gibbs sample time: 0.248045 seconds
probability of topic_ResearchProject_49 is 0.505667

gibbs sample time: 0.06422 seconds
probability of topic_ResearchProject_70 is 0.411222

gibbs sample time: 0.096562 seconds
probability of topic_Student_17 is 0.552444

gibbs sample time: 0.366935 seconds
probability of topic_Student_120 is 0.531444

gibbs sample time: 0.063095 seconds
probability of topic_Department_77 is 0.632444

gibbs sample time: 0.934641 seconds
probability of topic_ResearchProject_28 is 0.454

gibbs sample time: 0.064514 seconds
probability of topic_Department_38 is 0.567444

gibbs sample time: 0.064129 seconds
probability of topic_ResearchProject_16 is 0.494222

gibbs sample time: 0.057036 seconds
probability of topic_Course_53 is 0.426222

gibbs sample time: 0.353612 seconds
probability of topic_Staff_115 is 0.538222

gibbs sample time: 0.061805 seconds
probability of topic_ResearchProject_30 is 0.474556

gibbs sample time: 0.061215 seconds
probability of topic_Faculty_79 is 0.497667

gibbs sample time: 0.919412 seconds
probability of topic_Student_102 is 0.599667

gibbs sample time: 0.060879 seconds
probability of topic_Student_56 is 0.399778

gibbs sample time: 0.06398 seconds
probability of topic_ResearchProject_59 is 0.471444

gibbs sample time: 0.063018 seconds
probability of topic_Staff_9 is 0.501889

gibbs sample time: 0.056816 seconds
probability of topic_Staff_37 is 0.444222

gibbs sample time: 0.061634 seconds
probability of topic_ResearchProject_90 is 0.575667

gibbs sample time: 0.357058 seconds
probability of topic_Person_31 is 0.595222

gibbs sample time: 0.924967 seconds
probability of topic_Person_102 is 0.557444

gibbs sample time: 0.057415 seconds
probability of topic_Course_98 is 0.373

gibbs sample time: 0.211183 seconds
probability of topic_Person_114 is 0.524778

gibbs sample time: 0.064677 seconds
probability of topic_Department_70 is 0.569333

gibbs sample time: 0.063628 seconds
probability of topic_Faculty_84 is 0.529889

gibbs sample time: 0.211055 seconds
probability of topic_Student_10 is 0.552333

gibbs sample time: 0.059668 seconds
probability of topic_Staff_42 is 0.524333

gibbs sample time: 0.207588 seconds
probability of topic_Student_67 is 0.507444

gibbs sample time: 0.061016 seconds
probability of topic_Student_77 is 0.715111

gibbs sample time: 0.099063 seconds
probability of topic_Student_12 is 0.594444

gibbs sample time: 0.062024 seconds
probability of topic_Department_42 is 0.49

gibbs sample time: 0.898434 seconds
probability of topic_Staff_102 is 0.506444

gibbs sample time: 0.095193 seconds
probability of topic_Department_3 is 0.531889

gibbs sample time: 0.057404 seconds
probability of topic_Person_79 is 0.505444

gibbs sample time: 0.186629 seconds
probability of topic_Person_67 is 0.507667

gibbs sample time: 0.060923 seconds
probability of topic_Person_9 is 0.411444

gibbs sample time: 0.093082 seconds
probability of topic_Faculty_52 is 0.504222

gibbs sample time: 0.062868 seconds
probability of topic_Staff_78 is 0.463222

gibbs sample time: 0.063512 seconds
probability of topic_Student_96 is 0.444556

gibbs sample time: 0.063776 seconds
probability of topic_Faculty_96 is 0.477667

gibbs sample time: 0.060861 seconds
probability of topic_Student_52 is 0.463889

gibbs sample time: 0.064742 seconds
probability of topic_Department_37 is 0.479111

gibbs sample time: 0.062067 seconds
probability of topic_Department_34 is 0.371667

gibbs sample time: 0.234424 seconds
probability of topic_Person_20 is 0.573444

gibbs sample time: 0.060716 seconds
probability of topic_Person_25 is 0.492778

gibbs sample time: 0.330385 seconds
probability of topic_Staff_91 is 0.476111

gibbs sample time: 0.228589 seconds
probability of topic_Staff_19 is 0.405667

gibbs sample time: 0.378842 seconds
probability of topic_Faculty_115 is 0.470333

gibbs sample time: 0.063889 seconds
probability of topic_ResearchProject_22 is 0.407556

gibbs sample time: 0.21384 seconds
probability of topic_Department_10 is 0.452889

gibbs sample time: 0.920372 seconds
probability of topic_Student_50 is 0.485778

gibbs sample time: 0.934716 seconds
probability of topic_ResearchProject_29 is 0.404222

gibbs sample time: 0.216688 seconds
probability of topic_Course_54 is 0.48

gibbs sample time: 0.060524 seconds
probability of topic_Person_84 is 0.450778

gibbs sample time: 0.062342 seconds
probability of topic_ResearchProject_4 is 0.433556

gibbs sample time: 0.181798 seconds
probability of topic_Department_67 is 0.495444

gibbs sample time: 0.06068 seconds
probability of topic_Course_96 is 0.411444

gibbs sample time: 0.064716 seconds
probability of topic_Department_25 is 0.394778

gibbs sample time: 0.291446 seconds
probability of topic_Staff_116 is 0.466111

gibbs sample time: 0.061041 seconds
probability of topic_Faculty_24 is 0.488333

gibbs sample time: 0.064316 seconds
probability of topic_Department_82 is 0.425444

gibbs sample time: 0.060781 seconds
probability of topic_Course_64 is 0.420333

gibbs sample time: 0.062962 seconds
probability of topic_Staff_40 is 0.429778

gibbs sample time: 0.367339 seconds
probability of topic_Student_92 is 0.499556

gibbs sample time: 0.061267 seconds
probability of topic_Person_55 is 0.599333

gibbs sample time: 0.164746 seconds
probability of topic_Person_61 is 0.557556

gibbs sample time: 0.095371 seconds
probability of topic_Department_35 is 0.437889

gibbs sample time: 0.06366 seconds
probability of topic_Faculty_66 is 0.396667

gibbs sample time: 0.063746 seconds
probability of topic_ResearchProject_52 is 0.487889

gibbs sample time: 0.066598 seconds
probability of topic_ResearchProject_73 is 0.477444

gibbs sample time: 0.936019 seconds
probability of topic_ResearchProject_102 is 0.421556

gibbs sample time: 0.061149 seconds
probability of topic_Faculty_95 is 0.473667

gibbs sample time: 0.374353 seconds
probability of topic_Department_48 is 0.512333

gibbs sample time: 0.064637 seconds
probability of topic_Department_39 is 0.427889

gibbs sample time: 0.063862 seconds
probability of topic_ResearchProject_69 is 0.489444

gibbs sample time: 0.064757 seconds
probability of topic_Department_55 is 0.405667

gibbs sample time: 0.060703 seconds
probability of topic_Person_23 is 0.260333

gibbs sample time: 0.215116 seconds
probability of topic_Faculty_87 is 0.544778

gibbs sample time: 0.21536 seconds
probability of topic_ResearchProject_41 is 0.459

gibbs sample time: 0.060922 seconds
probability of topic_Person_7 is 0.489222

gibbs sample time: 0.974021 seconds
probability of topic_Faculty_28 is 0.487333

gibbs sample time: 0.353147 seconds
probability of topic_Staff_72 is 0.465111

gibbs sample time: 0.370153 seconds
probability of topic_Faculty_91 is 0.454111

gibbs sample time: 0.061528 seconds
probability of topic_Department_5 is 0.651333

gibbs sample time: 0.088339 seconds
probability of topic_Staff_52 is 0.482667

gibbs sample time: 0.21233 seconds
probability of topic_Course_10 is 0.475778

gibbs sample time: 0.093668 seconds
probability of topic_Department_76 is 0.463667

gibbs sample time: 0.060623 seconds
probability of topic_Person_16 is 0.493333

gibbs sample time: 0.061167 seconds
probability of topic_Faculty_34 is 0.490111

gibbs sample time: 0.060375 seconds
probability of topic_Course_60 is 0.475

gibbs sample time: 0.120747 seconds
probability of topic_Course_47 is 0.483556

gibbs sample time: 0.060564 seconds
probability of topic_Course_70 is 0.574222

gibbs sample time: 0.056809 seconds
probability of topic_Person_30 is 0.442556

gibbs sample time: 0.060647 seconds
probability of topic_Course_73 is 0.392222

gibbs sample time: 0.061012 seconds
probability of topic_Person_51 is 0.515667

gibbs sample time: 0.056973 seconds
probability of topic_Person_95 is 0.470333

gibbs sample time: 0.247575 seconds
probability of topic_Student_20 is 0.563667

gibbs sample time: 0.327165 seconds
probability of topic_Student_91 is 0.413889

gibbs sample time: 0.064708 seconds
probability of topic_Department_43 is 0.472667

gibbs sample time: 0.304626 seconds
probability of topic_ResearchProject_116 is 0.523556

gibbs sample time: 0.057207 seconds
probability of topic_Staff_15 is 0.494222

gibbs sample time: 0.060466 seconds
probability of topic_Faculty_2 is 0.453889

gibbs sample time: 0.06041 seconds
probability of topic_Person_59 is 0.543333

gibbs sample time: 0.065796 seconds
probability of topic_Faculty_59 is 0.464778

gibbs sample time: 0.060983 seconds
probability of topic_Faculty_42 is 0.488444

gibbs sample time: 0.25898 seconds
probability of topic_Faculty_19 is 0.382

gibbs sample time: 0.378455 seconds
probability of topic_Department_115 is 0.446

gibbs sample time: 0.064288 seconds
probability of topic_Student_27 is 0.533556

gibbs sample time: 0.059972 seconds
probability of topic_Faculty_8 is 0.486111

gibbs sample time: 0.060542 seconds
probability of topic_Staff_99 is 0.444444

gibbs sample time: 0.060536 seconds
probability of topic_Course_85 is 0.552333

gibbs sample time: 0.066631 seconds
probability of topic_ResearchProject_55 is 0.402889

gibbs sample time: 0.093091 seconds
probability of topic_Faculty_18 is 0.422778

gibbs sample time: 0.091604 seconds
probability of topic_Staff_7 is 0.497

gibbs sample time: 0.06583 seconds
probability of topic_Department_46 is 0.483222

gibbs sample time: 0.061933 seconds
probability of topic_Department_74 is 0.484889

gibbs sample time: 0.307804 seconds
probability of topic_Course_116 is 0.484889

gibbs sample time: 0.091753 seconds
probability of topic_Person_17 is 0.571556

gibbs sample time: 0.215629 seconds
probability of topic_Faculty_67 is 0.431333

gibbs sample time: 0.057332 seconds
probability of topic_Course_24 is 0.575444

gibbs sample time: 0.301651 seconds
probability of topic_Staff_93 is 0.505333

gibbs sample time: 0.902618 seconds
probability of topic_Staff_50 is 0.456222

gibbs sample time: 0.90066 seconds
probability of topic_Staff_28 is 0.464444

gibbs sample time: 0.218607 seconds
probability of topic_Course_87 is 0.362556

gibbs sample time: 0.323735 seconds
probability of topic_Student_93 is 0.219444

gibbs sample time: 0.91196 seconds
probability of topic_Staff_29 is 0.513111

gibbs sample time: 0.061162 seconds
probability of topic_Course_22 is 0.482556

gibbs sample time: 0.06498 seconds
probability of topic_Course_13 is 0.470556

gibbs sample time: 0.90501 seconds
probability of topic_Course_102 is 0.418778

gibbs sample time: 0.934482 seconds
probability of topic_ResearchProject_50 is 0.447889

gibbs sample time: 0.093242 seconds
probability of topic_ResearchProject_53 is 0.498667

gibbs sample time: 0.062064 seconds
probability of topic_Department_86 is 0.432444

gibbs sample time: 0.057305 seconds
probability of topic_Person_15 is 0.494222

gibbs sample time: 0.061343 seconds
probability of topic_ResearchProject_34 is 0.419111

gibbs sample time: 0.05671 seconds
probability of topic_Person_4 is 0.482222

gibbs sample time: 0.060284 seconds
probability of topic_Staff_83 is 0.487111

gibbs sample time: 0.06082 seconds
probability of topic_Person_83 is 0.526333

gibbs sample time: 0.120298 seconds
probability of topic_Person_47 is 0.282

gibbs sample time: 0.066274 seconds
probability of topic_Student_22 is 0.620556

gibbs sample time: 0.096769 seconds
probability of topic_Faculty_17 is 0.586889

gibbs sample time: 0.093834 seconds
probability of topic_Course_32 is 0.497556

gibbs sample time: 0.057044 seconds
probability of topic_Staff_90 is 0.615333

gibbs sample time: 0.29389 seconds
probability of topic_Person_93 is 0.219556

gibbs sample time: 0.063823 seconds
probability of topic_Faculty_39 is 0.471222

gibbs sample time: 0.063169 seconds
probability of topic_Course_40 is 0.417333

gibbs sample time: 0.063211 seconds
probability of topic_Faculty_99 is 0.473111

gibbs sample time: 0.061037 seconds
probability of topic_Student_80 is 0.498111

gibbs sample time: 0.215064 seconds
probability of topic_ResearchProject_11 is 0.349333

gibbs sample time: 0.217485 seconds
probability of topic_ResearchProject_87 is 0.415

gibbs sample time: 0.330216 seconds
probability of topic_Staff_48 is 0.607

gibbs sample time: 0.099858 seconds
probability of topic_Department_68 is 0.400333

gibbs sample time: 0.06029 seconds
probability of topic_Person_64 is 0.431333

gibbs sample time: 0.061064 seconds
probability of topic_Faculty_86 is 0.433333

gibbs sample time: 0.224959 seconds
probability of topic_Faculty_54 is 0.486111

gibbs sample time: 0.063478 seconds
probability of topic_Student_42 is 0.471222

gibbs sample time: 0.060912 seconds
probability of topic_Person_78 is 0.368444

gibbs sample time: 0.218416 seconds
probability of topic_ResearchProject_10 is 0.537667

gibbs sample time: 0.060679 seconds
probability of topic_Staff_65 is 0.488667

gibbs sample time: 0.063705 seconds
probability of topic_ResearchProject_66 is 0.438444

gibbs sample time: 0.061504 seconds
probability of topic_Student_90 is 0.508778

gibbs sample time: 0.064796 seconds
probability of topic_Department_60 is 0.519889

gibbs sample time: 0.325626 seconds
probability of topic_Student_48 is 0.279111

gibbs sample time: 0.061177 seconds
probability of topic_Course_39 is 0.605667

gibbs sample time: 0.125439 seconds
probability of topic_Department_47 is 0.337333

gibbs sample time: 0.063619 seconds
probability of topic_Course_43 is 0.476778

gibbs sample time: 0.064423 seconds
probability of topic_Department_99 is 0.427667

gibbs sample time: 0.094769 seconds
probability of topic_Student_32 is 0.500444

gibbs sample time: 0.353675 seconds
probability of topic_Staff_41 is 0.378889

gibbs sample time: 0.062072 seconds
probability of topic_Department_24 is 0.504556

gibbs sample time: 0.264276 seconds
probability of topic_Faculty_81 is 0.451111

gibbs sample time: 0.190281 seconds
probability of topic_Course_67 is 0.437889

gibbs sample time: 0.33254 seconds
probability of topic_Course_45 is 0.423778

gibbs sample time: 0.089166 seconds
probability of topic_Student_7 is 0.466444

gibbs sample time: 0.064511 seconds
probability of topic_Department_40 is 0.479111

gibbs sample time: 0.06105 seconds
probability of topic_Staff_89 is 0.524333

gibbs sample time: 0.202726 seconds
probability of topic_Staff_54 is 0.479889

gibbs sample time: 0.093436 seconds
probability of topic_ResearchProject_32 is 0.481111

gibbs sample time: 0.06109 seconds
probability of topic_Course_99 is 0.610222

gibbs sample time: 0.057125 seconds
probability of topic_Person_46 is 0.490333

gibbs sample time: 0.088183 seconds
probability of topic_Person_35 is 0.547333

gibbs sample time: 0.089104 seconds
probability of topic_Course_7 is 0.462778

gibbs sample time: 0.207426 seconds
probability of topic_Faculty_61 is 0.471111

gibbs sample time: 0.329148 seconds
probability of topic_Staff_45 is 0.431333

gibbs sample time: 0.057363 seconds
probability of topic_Staff_95 is 0.453111

gibbs sample time: 0.247218 seconds
probability of topic_Student_49 is 0.573667

gibbs sample time: 0.063757 seconds
probability of topic_ResearchProject_27 is 0.462333

gibbs sample time: 0.057259 seconds
probability of topic_Course_79 is 0.484

gibbs sample time: 0.0606 seconds
probability of topic_Staff_22 is 0.553222

gibbs sample time: 0.18987 seconds
probability of topic_Course_11 is 0.488667

gibbs sample time: 0.063356 seconds
probability of topic_Faculty_21 is 0.462778

gibbs sample time: 0.057015 seconds
probability of topic_Person_56 is 0.355444

gibbs sample time: 0.061084 seconds
probability of topic_Faculty_80 is 0.418556

gibbs sample time: 0.056831 seconds
probability of topic_Course_46 is 0.411667

gibbs sample time: 0.218125 seconds
probability of topic_ResearchProject_61 is 0.488444

gibbs sample time: 0.063685 seconds
probability of topic_Faculty_38 is 0.473889

gibbs sample time: 0.064512 seconds
probability of topic_Department_80 is 0.478111

gibbs sample time: 0.366375 seconds
probability of topic_Course_120 is 0.497889

gibbs sample time: 0.059683 seconds
probability of topic_Person_27 is 0.506222

gibbs sample time: 0.246826 seconds
probability of topic_Faculty_49 is 0.528111

gibbs sample time: 0.359362 seconds
probability of topic_Course_72 is 0.496444

gibbs sample time: 0.057026 seconds
probability of topic_Staff_27 is 0.579111

gibbs sample time: 0.903344 seconds
probability of topic_Course_29 is 0.691

gibbs sample time: 0.060493 seconds
probability of topic_Person_70 is 0.459778

gibbs sample time: 0.061136 seconds
probability of topic_Person_40 is 0.487333

gibbs sample time: 0.060534 seconds
probability of topic_Person_39 is 0.393778

gibbs sample time: 0.056701 seconds
probability of topic_Staff_79 is 0.568333

gibbs sample time: 0.063288 seconds
probability of topic_Course_84 is 0.497889

gibbs sample time: 0.059697 seconds
probability of topic_Course_74 is 0.422556

gibbs sample time: 0.056718 seconds
probability of topic_Staff_98 is 0.445556

gibbs sample time: 0.063538 seconds
probability of topic_Student_36 is 0.484778

gibbs sample time: 0.061242 seconds
probability of topic_ResearchProject_74 is 0.445667

gibbs sample time: 0.093136 seconds
probability of topic_Student_14 is 0.468778

gibbs sample time: 0.204024 seconds
probability of topic_Student_61 is 0.590889

gibbs sample time: 0.202718 seconds
probability of topic_Staff_57 is 0.453556

gibbs sample time: 0.357072 seconds
probability of topic_Person_92 is 0.491889

gibbs sample time: 0.248433 seconds
probability of topic_ResearchProject_19 is 0.537222

gibbs sample time: 0.057433 seconds
probability of topic_Person_44 is 0.550111

gibbs sample time: 0.359293 seconds
probability of topic_Course_41 is 0.365111

gibbs sample time: 0.0939 seconds
probability of topic_Staff_68 is 0.340222

gibbs sample time: 0.09289 seconds
probability of topic_Faculty_35 is 0.503667

gibbs sample time: 0.359485 seconds
probability of topic_Course_115 is 0.671556

gibbs sample time: 0.370188 seconds
probability of topic_Student_72 is 0.541222

gibbs sample time: 0.06145 seconds
probability of topic_Faculty_76 is 0.426333

gibbs sample time: 0.063643 seconds
probability of topic_Faculty_36 is 0.401889

gibbs sample time: 0.094084 seconds
probability of topic_Staff_32 is 0.456778

gibbs sample time: 0.094464 seconds
probability of topic_Faculty_3 is 0.534111

gibbs sample time: 0.208433 seconds
probability of topic_Student_11 is 0.513333

gibbs sample time: 0.065826 seconds
probability of topic_Faculty_63 is 0.476111

gibbs sample time: 0.063674 seconds
probability of topic_Faculty_69 is 0.470778

gibbs sample time: 0.368101 seconds
probability of topic_ResearchProject_48 is 0.838889

gibbs sample time: 0.920819 seconds
probability of topic_Student_28 is 0.486222

gibbs sample time: 0.05793 seconds
probability of topic_Person_34 is 0.667111

gibbs sample time: 0.060448 seconds
probability of topic_Staff_2 is 0.465444

gibbs sample time: 0.061338 seconds
probability of topic_Faculty_75 is 0.496778

gibbs sample time: 0.979166 seconds
probability of topic_Faculty_102 is 0.550778

gibbs sample time: 0.057184 seconds
probability of topic_Course_30 is 0.571889

gibbs sample time: 0.975887 seconds
probability of topic_Faculty_29 is 0.430333

gibbs sample time: 0.303402 seconds
probability of topic_ResearchProject_93 is 0.428889

gibbs sample time: 0.06077 seconds
probability of topic_Person_38 is 0.359889

gibbs sample time: 0.066522 seconds
probability of topic_ResearchProject_63 is 0.513444

gibbs sample time: 0.063281 seconds
probability of topic_Staff_60 is 0.485333

gibbs sample time: 0.063991 seconds
probability of topic_ResearchProject_56 is 0.567111

gibbs sample time: 0.30708 seconds
probability of topic_Course_93 is 0.438667

gibbs sample time: 0.189251 seconds
probability of topic_Course_57 is 0.501333

gibbs sample time: 0.088228 seconds
probability of topic_Staff_14 is 0.527

gibbs sample time: 0.060891 seconds
probability of topic_Course_63 is 0.548

gibbs sample time: 0.061029 seconds
probability of topic_Student_46 is 0.486889

gibbs sample time: 0.060931 seconds
probability of topic_Person_36 is 0.488778

gibbs sample time: 0.088612 seconds
probability of topic_Course_14 is 0.598556

gibbs sample time: 0.063789 seconds
probability of topic_Student_39 is 0.481

gibbs sample time: 0.064921 seconds
probability of topic_Department_85 is 0.481222

gibbs sample time: 0.093687 seconds
probability of topic_Student_35 is 0.595889

gibbs sample time: 0.057771 seconds
probability of topic_Person_98 is 0.564

gibbs sample time: 0.095741 seconds
probability of topic_Department_12 is 0.612222

gibbs sample time: 0.060807 seconds
probability of topic_Course_69 is 0.503444

gibbs sample time: 0.057662 seconds
probability of topic_Staff_30 is 0.517556

gibbs sample time: 0.102105 seconds
probability of topic_Faculty_88 is 0.563222

gibbs sample time: 0.06387 seconds
probability of topic_Faculty_83 is 0.491222

gibbs sample time: 0.064718 seconds
probability of topic_Department_84 is 0.414889

gibbs sample time: 0.350967 seconds
probability of topic_Faculty_92 is 0.521

gibbs sample time: 0.094002 seconds
probability of topic_Student_68 is 0.355667

gibbs sample time: 0.0608 seconds
probability of topic_Course_9 is 0.456667

gibbs sample time: 0.225353 seconds
probability of topic_Person_49 is 0.530444

gibbs sample time: 0.060564 seconds
probability of topic_Staff_16 is 0.552

gibbs sample time: 0.094217 seconds
probability of topic_Faculty_14 is 0.462222

gibbs sample time: 0.26356 seconds
probability of topic_Department_20 is 0.542778

gibbs sample time: 0.321419 seconds
probability of topic_Student_116 is 0.436444

gibbs sample time: 0.063998 seconds
probability of topic_Faculty_25 is 0.428111

gibbs sample time: 0.056826 seconds
probability of topic_Person_18 is 0.376889

gibbs sample time: 0.332646 seconds
probability of topic_Person_72 is 0.563556

gibbs sample time: 0.365853 seconds
probability of topic_Student_31 is 0.611889

gibbs sample time: 0.064174 seconds
probability of topic_ResearchProject_36 is 0.441667

gibbs sample time: 0.061778 seconds
probability of topic_Department_30 is 0.422333

gibbs sample time: 0.371774 seconds
probability of topic_Faculty_45 is 0.400111

gibbs sample time: 0.064827 seconds
probability of topic_Department_23 is 0.579111

gibbs sample time: 0.06434 seconds
probability of topic_Student_73 is 0.632889

gibbs sample time: 0.21389 seconds
probability of topic_Student_54 is 0.475556

gibbs sample time: 0.390269 seconds
probability of topic_Faculty_48 is 0.479444

gibbs sample time: 0.063648 seconds
probability of topic_ResearchProject_13 is 0.548778

gibbs sample time: 0.100113 seconds
probability of topic_Department_32 is 0.432111

gibbs sample time: 0.22546 seconds
probability of topic_Faculty_114 is 0.448

gibbs sample time: 0.060362 seconds
probability of topic_Staff_82 is 0.410667

gibbs sample time: 0.332353 seconds
probability of topic_Person_41 is 0.477333

gibbs sample time: 0.061193 seconds
probability of topic_Faculty_46 is 0.385

gibbs sample time: 0.059887 seconds
probability of topic_Faculty_4 is 0.549778

gibbs sample time: 0.061143 seconds
probability of topic_Faculty_37 is 0.417

gibbs sample time: 0.367532 seconds
probability of topic_Course_31 is 0.397222

gibbs sample time: 0.067811 seconds
probability of topic_Department_33 is 0.794111

gibbs sample time: 0.06323 seconds
probability of topic_Faculty_33 is 0.6

gibbs sample time: 0.061098 seconds
probability of topic_Student_62 is 0.718333

gibbs sample time: 0.09148 seconds
probability of topic_Course_76 is 0.423222

gibbs sample time: 0.244063 seconds
probability of topic_Course_20 is 0.441778

gibbs sample time: 0.263261 seconds
probability of topic_Faculty_20 is 0.527222

gibbs sample time: 0.057481 seconds
probability of topic_Course_42 is 0.441111

gibbs sample time: 0.05725 seconds
probability of topic_Staff_34 is 0.592111

gibbs sample time: 0.06077 seconds
probability of topic_Person_63 is 0.439222

gibbs sample time: 0.211197 seconds
probability of topic_Student_87 is 0.578333

gibbs sample time: 0.063933 seconds
probability of topic_Faculty_78 is 0.455444

gibbs sample time: 0.064275 seconds
probability of topic_Department_64 is 0.403222

gibbs sample time: 0.096608 seconds
probability of topic_ResearchProject_12 is 0.335778

gibbs sample time: 0.093352 seconds
probability of topic_Student_3 is 0.342222

gibbs sample time: 0.090825 seconds
probability of topic_Person_12 is 0.610889

gibbs sample time: 0.065114 seconds
probability of topic_Department_83 is 0.462667

gibbs sample time: 0.06071 seconds
probability of topic_Staff_26 is 0.529333

gibbs sample time: 0.089545 seconds
probability of topic_Person_32 is 0.469

gibbs sample time: 0.093817 seconds
probability of topic_ResearchProject_17 is 0.471

gibbs sample time: 0.130073 seconds
probability of topic_Student_47 is 0.356111

gibbs sample time: 0.06419 seconds
probability of topic_Faculty_94 is 0.391222

gibbs sample time: 0.371975 seconds
probability of topic_ResearchProject_45 is 0.422333

gibbs sample time: 0.061191 seconds
probability of topic_Student_86 is 0.522556

gibbs sample time: 0.060762 seconds
probability of topic_Person_96 is 0.466778

gibbs sample time: 0.060771 seconds
probability of topic_Faculty_97 is 0.455111

gibbs sample time: 0.061782 seconds
probability of topic_Department_6 is 0.443111

gibbs sample time: 0.379774 seconds
probability of topic_Department_91 is 0.541889

gibbs sample time: 0.063959 seconds
probability of topic_Person_65 is 0.507111

gibbs sample time: 0.089039 seconds
probability of topic_Staff_3 is 0.556

gibbs sample time: 0.061347 seconds
probability of topic_Staff_43 is 0.496

gibbs sample time: 0.064811 seconds
probability of topic_Department_78 is 0.466556

gibbs sample time: 0.059806 seconds
probability of topic_Course_80 is 0.417444

gibbs sample time: 0.209596 seconds
probability of topic_Department_57 is 0.528

gibbs sample time: 0.093957 seconds
probability of topic_Course_35 is 0.436667

gibbs sample time: 0.057354 seconds
probability of topic_Staff_62 is 0.489333

gibbs sample time: 0.059401 seconds
probability of topic_Course_75 is 0.413667

gibbs sample time: 0.057307 seconds
probability of topic_Staff_75 is 0.519222

gibbs sample time: 0.060803 seconds
probability of topic_Course_83 is 0.619889

gibbs sample time: 0.064018 seconds
probability of topic_ResearchProject_38 is 0.483

gibbs sample time: 0.057631 seconds
probability of topic_Staff_71 is 0.583111

gibbs sample time: 0.212352 seconds
probability of topic_Faculty_10 is 0.551556

gibbs sample time: 0.096904 seconds
probability of topic_Student_53 is 0.447556

gibbs sample time: 0.990954 seconds
probability of topic_Person_28 is 0.417222

gibbs sample time: 0.066839 seconds
probability of topic_ResearchProject_60 is 0.490333

gibbs sample time: 0.926222 seconds
probability of topic_Person_50 is 0.503

gibbs sample time: 0.089079 seconds
probability of topic_Faculty_7 is 0.444667

gibbs sample time: 0.064477 seconds
probability of topic_Department_59 is 0.526444

gibbs sample time: 0.203337 seconds
probability of topic_Staff_61 is 0.495444

gibbs sample time: 0.059639 seconds
probability of topic_Staff_6 is 0.464444

gibbs sample time: 0.060748 seconds
probability of topic_Person_13 is 0.401556

gibbs sample time: 0.095754 seconds
probability of topic_Department_88 is 0.549333

gibbs sample time: 0.332477 seconds
probability of topic_Course_48 is 0.442556

gibbs sample time: 0.214663 seconds
probability of topic_Student_114 is 0.541333

gibbs sample time: 0.064026 seconds
probability of topic_ResearchProject_99 is 0.560222

gibbs sample time: 0.063731 seconds
probability of topic_Faculty_85 is 0.495333

gibbs sample time: 0.062179 seconds
probability of topic_Department_4 is 0.47

gibbs sample time: 0.059893 seconds
probability of topic_Course_71 is 0.465889

gibbs sample time: 0.06443 seconds
probability of topic_Course_25 is 0.431111

gibbs sample time: 0.057216 seconds
probability of topic_Person_75 is 0.481667

gibbs sample time: 0.0641 seconds
probability of topic_ResearchProject_26 is 0.618111

gibbs sample time: 0.060754 seconds
probability of topic_Staff_87 is 0.551889

gibbs sample time: 0.087905 seconds
probability of topic_Staff_76 is 0.413556

gibbs sample time: 0.066511 seconds
probability of topic_Student_70 is 0.423667

gibbs sample time: 0.103761 seconds
probability of topic_ResearchProject_88 is 0.364889

gibbs sample time: 0.38287 seconds
probability of topic_Faculty_72 is 0.539222

gibbs sample time: 0.062598 seconds
probability of topic_Department_95 is 0.507444

gibbs sample time: 0.061811 seconds
probability of topic_Department_56 is 0.485222

gibbs sample time: 0.061508 seconds
probability of topic_Student_74 is 0.497222

gibbs sample time: 0.057481 seconds
probability of topic_Person_80 is 0.504889

gibbs sample time: 0.061828 seconds
probability of topic_Department_62 is 0.629889

gibbs sample time: 0.064342 seconds
probability of topic_ResearchProject_33 is 0.459111

gibbs sample time: 0.062148 seconds
probability of topic_ResearchProject_8 is 0.464667

gibbs sample time: 0.091471 seconds
probability of topic_Person_88 is 0.751111

gibbs sample time: 0.063408 seconds
probability of topic_Course_2 is 0.545778

gibbs sample time: 0.218858 seconds
probability of topic_ResearchProject_57 is 0.503444

gibbs sample time: 0.925717 seconds
probability of topic_Person_29 is 0.557444

gibbs sample time: 0.061377 seconds
probability of topic_Student_15 is 0.491111

gibbs sample time: 0.061153 seconds
probability of topic_Student_37 is 0.495222

gibbs sample time: 0.064303 seconds
probability of topic_ResearchProject_83 is 0.481444

gibbs sample time: 0.057175 seconds
probability of topic_Person_90 is 0.641222

gibbs sample time: 0.249713 seconds
probability of topic_Student_81 is 0.564556

gibbs sample time: 0.06166 seconds
probability of topic_ResearchProject_79 is 0.468889

gibbs sample time: 0.060803 seconds
probability of topic_Staff_59 is 0.493667

gibbs sample time: 0.063665 seconds
probability of topic_Student_60 is 0.505556

gibbs sample time: 0.059463 seconds
probability of topic_Staff_77 is 0.490889

gibbs sample time: 0.248504 seconds
probability of topic_Student_19 is 0.681556

gibbs sample time: 0.192914 seconds
probability of topic_Person_45 is 0.500667

gibbs sample time: 0.057037 seconds
probability of topic_Staff_86 is 0.415

gibbs sample time: 0.250217 seconds
probability of topic_ResearchProject_20 is 0.618111

gibbs sample time: 0.093174 seconds
probability of topic_Faculty_32 is 0.538444

gibbs sample time: 0.199846 seconds
probability of topic_Staff_81 is 0.454333

gibbs sample time: 0.061633 seconds
probability of topic_Student_6 is 0.532778

gibbs sample time: 0.349555 seconds
probability of topic_Staff_120 is 0.592444

gibbs sample time: 0.095698 seconds
probability of topic_Student_88 is 0.681778

gibbs sample time: 0.066592 seconds
probability of topic_ResearchProject_51 is 0.506

gibbs sample time: 0.381274 seconds
probability of topic_Department_31 is 0.452333

gibbs sample time: 0.382372 seconds
probability of topic_Department_92 is 0.457111

gibbs sample time: 0.057162 seconds
probability of topic_Staff_1 is 0.402778

gibbs sample time: 0.349492 seconds
probability of topic_Staff_31 is 0.467889

gibbs sample time: 0.062672 seconds
probability of topic_Department_14 is 0.483444

gibbs sample time: 0.063195 seconds
probability of topic_Person_69 is 0.465333

gibbs sample time: 0.0665 seconds
probability of topic_ResearchProject_25 is 0.477111

gibbs sample time: 0.064432 seconds
probability of topic_ResearchProject_65 is 0.524778

gibbs sample time: 0.22933 seconds
probability of topic_Staff_49 is 0.508111

gibbs sample time: 0.216356 seconds
probability of topic_Faculty_11 is 0.566111

gibbs sample time: 0.063943 seconds
probability of topic_ResearchProject_96 is 0.487667

gibbs sample time: 0.060905 seconds
probability of topic_Course_68 is 0.496333

gibbs sample time: 0.061341 seconds
probability of topic_ResearchProject_42 is 0.480667

gibbs sample time: 0.060592 seconds
probability of topic_Staff_64 is 0.464667

gibbs sample time: 0.056877 seconds
probability of topic_Staff_4 is 0.472

gibbs sample time: 0.057475 seconds
probability of topic_Course_15 is 0.502667

gibbs sample time: 0.057559 seconds
probability of topic_Faculty_6 is 0.476778

gibbs sample time: 0.06217 seconds
probability of topic_Department_75 is 0.464778

gibbs sample time: 0.294948 seconds
probability of topic_Person_116 is 0.389

gibbs sample time: 0.060941 seconds
probability of topic_Faculty_62 is 0.508222

gibbs sample time: 0.060598 seconds
probability of topic_Staff_66 is 0.427778

gibbs sample time: 0.064346 seconds
probability of topic_ResearchProject_58 is 0.568333

gibbs sample time: 0.059886 seconds
probability of topic_Staff_17 is 0.584556

gibbs sample time: 0.064544 seconds
probability of topic_Department_26 is 0.504111

gibbs sample time: 0.374419 seconds
probability of topic_Department_45 is 0.466222

gibbs sample time: 0.066711 seconds
probability of topic_Student_89 is 0.531556

gibbs sample time: 0.091343 seconds
probability of topic_Staff_53 is 0.444556

gibbs sample time: 0.333093 seconds
probability of topic_Course_91 is 0.585778

gibbs sample time: 0.064043 seconds
probability of topic_Student_25 is 0.506667

gibbs sample time: 0.088381 seconds
probability of topic_Staff_35 is 0.452889

gibbs sample time: 0.064372 seconds
probability of topic_ResearchProject_84 is 0.404111

gibbs sample time: 0.097721 seconds
probability of topic_Department_52 is 0.465222

gibbs sample time: 0.064033 seconds
probability of topic_ResearchProject_40 is 0.433889

gibbs sample time: 0.057078 seconds
probability of topic_Staff_80 is 0.445778

