observed tuples: r3380 r465 r4745 r3898 r4908 r511 r3157 r1907 r258 r4130 r1135 r3362 r2465 r2222 r3656 r2992 r50 r4296 r3982 r3392 r3653 r4427 r3347 r2396 r2874 r3078 r576 r4775 r1660 r4001 r4739 r4459 r3589 r3519 r4076 r2765 r3192 r2726 r4920 r2127 r1470 r3092 r2525 r1575 r3313 r946 r2950 r1256 r593 r3641 r2492 r810 r4208 r2354 r1063 r3348 r543 r1004 r2741 r3315 r4444 r3923 r2509 r919 r3879 r4108 r549 r3673 r2006 r3224 r4609 r3472 r4243 r3518 r1229 r2042 r1491 r294 r1812 r3400 r734 r559 r3319 r305 r3137 r3710 r1931 r2612 r2230 r3435 r4396 r2586 r2618 r4571 r1389 r4367 r2161 r4755 r3927 r1524 r4101 r232 r1609 r4224 r1772 r3783 r4234 r2394 r2472 r78 r620 r929 r3969 r3016 r3857 r3998 r3574 r1873 r263 r3866 r1823 r3535 r980 r2952 r4688 r3247 r2431 r1189 r2049 r4987 r2763 r1103 r4307 r2880 r1452 r1428 r3184 r3167 r1180 r4712 r4146 r2697 r2376 r1490 r1916 r3415 r4022 r3388 r1462 r4612 r4082 r4768 r2143 r1897 r2125 r4891 r2875 r721 r651 r4838 r9 r3793 r4503 r4273 r23 r4632 r4629 r4425 r3038 r2804 r2597 r4894 r2831 r4565 r155 r1104 r702 r2947 r1320 r2644 r2436 r4871 r126 r1787 r3425 r798 r3950 r3475 r2382 r2746 r558 r2274 r3661 r3559 r3013 r1989 r419 r2253 r1726 r423 r1471 r3246 r1832 r4067 r3308 r3474 r2795 r3786 r1070 r2173 r2014 r3298 r3344 r1353 r304 r3386 r3800 r2660 r1782 r3720 r3363 r3893 r1984 r3831 r3810 r4334 r3042 r897 r3745 r1558 r2245 r60 r2636 r165 r381 r2316 r4030 r4744 r1380 r3961 r3222 r3420 r3986 r1479 r3799 r861 r3196 r2265 r359 r2794 r2847 r1195 r3816 r424 r2623 r4150 r4771 r1709 r2876 r2011 r3611 r4222 r2390 r2153 r2264 r1838 r1626 r677 r374 r1994 r4365 r2483 r3787 r1083 r2756 r1149 r1829 r4156 r297 r561 r2543 r4658 r1953 r3083 r3160 r4329 r3621 r2873 r3695 r4676 r378 r2981 r146 r1669 r3735 r4317 r621 r143 r724 r4123 r1179 r3662 hasword_paper_26 r4211 r591 r4749 r986 r2355 r2604 r3914 r2255 r2720 r2884 r339 r609 r400 r3410 r1284 r1332 r4680 hasword_univers_12 r3239 links_155_133 r1805 hasword_includ_155 hasword_point_155 hasword_case_155 r347 hasword_email_157 hasword_address_157 r2414 r3975 r180 r4393 r3708 r941 r520 r644 r4205 r4929 r3070 r1764 r1430 r3636 r162 r2825 r3565 r584 r1217 links_81_20 r2320 hasword_complex_20 r2343 r3856 hasword_press_20 r3031 r666 r2100 r3076 links_133_24 r913 hasword_tx_133 r3834 r2084 r75 r991 r2456 links_110_130 r4232 r3478 r3979 r408 hasword_experi_92 links_41_72 r4089 r2478 r2734 hasword_austin_69 links_41_106 r2588 links_41_174 hasword_architectur_118 r858 hasword_june_118 r2235 r303 r1707 r1258 r1287 r2093 r4656 hasword_parallel_72 r2549 r809 r4324 r769 r1305 hasword_document_92 r4 hasword_server_66 r1277 r2070 r741 r3338 r356 r1891 r2333 r3342 r4665 links_54_114 r1325 links_156_126 hasword_left_75 r4610 hasword_direct_63 links_126_54 r4651 r840 r3426 hasword_phone_78 r1001 hasword_network_73 r3757 r2927 hasword_pointer_85 r3807 links_87_35 links_87_10 r3576 r4213 r631 links_24_133 r3186 links_91_45 r2799 r1133 r411 hasword_tuesdai_65 r2242 r4967 r1116 r392 r750 hasword_creat_96 r536 hasword_wide_35 r495 r1285 r298 r2020 r889 r4948 hasword_algorithm_186 r1043 r123 r2818 r784 r1093 r214 r206 hasword_principl_83 r3583 r3431 hasword_constraint_76 r3169 rl r659 hasword_task_47 hasword_base_47 r2321 r1098 hasword_intellig_47 r238 r672 r2616 r3794 r2138 r3 r1642 hasword_modifi_110 r4842 hasword_environ_53 hasword_date_53 r4718 r4487 hasword_ta_24 r4726 r3130 hasword_unit_57 hasword_numer_119 r737 r3221 r1914 hasword_window_39 hasword_chapter_60 r2449 r2973 r3934 hasword_time_72 r1282 hasword_librari_3 links_126_59 links_57_61 r1893 hasword_john_116 r3253 r302 r4972 hasword_unit_7 r4021 r1911 r3237 r161 hasword_show_77 r342 r1898 r1695 r518 links_13_187 hasword_student_94 r2417 r4820 r4857 hasword_includ_13 r2913 hasword_univers_187 r836 hasword_logic_187 r2458 r2667 r1525 r4924 r1078 r942 r3440 r484 r2893 r4077 r1342 r3019 hasword_contact_17 r4033 r3918 r1003 r3050 r230 r1370 hasword_ph_34 r4558 r3185 hasword_window_99 r2083 links_209_36 r955 hasword_lab_199 r1427 r1385 hasword_bound_52 r2859 r818 links_209_33 r1089 links_164_209 hasword_faculti_33 r3562 r2118 hasword_queri_76 r3655 hasword_major_41 links_2_199 hasword_program_105 r4735 r2559 r2671 links_41_118 r181 r231 hasword_add_14 hasword_transfer_12 hasword_prototyp_7 r2727 r4111 hasword_logic_7 hasword_great_63 r4573 r1969 r1554 r3524 r843 r33 r3516 r3084 r3907 hasword_build_58 hasword_small_126 r2705 r900 r2066 hasword_length_258 hasword_educ_95 hasword_plan_2 r4603 r256 hasword_autom_105 r2279 r4174 r2527 r2405 r1435 hasword_manag_25 r1333 r144 hasword_aug_98 hasword_html_19 r3707 r722 r1261 r2999 hasword_class_59 links_30_136 r1775 r1193 r2269 hasword_event_35 r1475 r2486 hasword_html_46 r1366 r2774 r4906 r4732 r1688 r4954 r3836 r1833 r4806 r2791 r2840 hasword_architectur_7 r2520 hasword_real_31 hasword_storag_3 r3729 r4045 hasword_cern_111 r3563 r4173 hasword_engin_87 hasword_dynam_27 links_209_164 r912 r4126 r3188 links_78_258 hasword_test_125 r3393 hasword_nation_55 links_33_209 r1211 hasword_string_42 links_78_180 r2857 r4428 r2862 hasword_postscript_17 r2389 r4195 r615 hasword_institut_169 r478 r3236 hasword_develop_10 hasword_space_25 hasword_modifi_25 hasword_propos_32 r3546 hasword_confer_9 links_11_67 r2896 links_102_50 r3978 r273 links_50_29 r2461 r2229 r2680 r3887 r4512 r2198 r2736 hasword_form_77 r4484 hasword_jan_42 r62 r966 links_106_41 r2448 links_29_102 r1979 links_55_73 links_4_111 r3818 hasword_html_118 links_57_168 r1560 r2267 hasword_docum_79 r1871 r3202 r2528 r4159 r1810 r4216 r1237 hasword_date_74 r2177 r1339 links_155_169 r1506 r3141 r4600 hasword_faq_55 r1961 hasword_parallel_231 hasword_member_164 links_42_186 r3017 r2796 r192 r4970 r775 links_134_11 hasword_april_4 r2921 links_125_136 hasword_current_35 r1940 r831 r1099 r2668 r353 r2830 r4075 r187 r3428 hasword_group_115 hasword_wide_50 hasword_algorithm_84 r978 r2352 hasword_paramet_20 hasword_austin_32 r3384 r1487 r4181 links_186_105 links_126_3 r2908 r455 r2444 r210 hasword_nov_77 r3736 r2608 hasword_mime_114 r4777 hasword_definit_21 hasword_deriv_65 hasword_jan_32 hasword_jan_27 hasword_check_111 hasword_write_31 r3966 links_110_8 links_59_126 hasword_mail_209 r3040 r1132 hasword_support_111 r1270 r29 links_93_116 r3901 r2823 r603 hasword_line_4 r847 r2085 r3748 r1674 hasword_investig_106 links_136_125 r4405 r2803 hasword_de_4 r3548 hasword_hall_102 r4628 hasword_number_30 links_28_102 r3690 r70 r2575 r2581 r4494 r4312 r2088 r790 hasword_made_90 r4706 r4854 r823 r4770 r1439 links_168_57 hasword_content_40 hasword_type_136 r4563 hasword_india_68 hasword_dynam_3 r876 r4875 hasword_put_77 r2067 r1386 r3844 r3397 links_29_28 r3853 r2712 hasword_ed_42 hasword_engin_42 r1304 r4071 r4837 hasword_type_168 r476 r3451 hasword_articl_25 r346 hasword_onlin_88 hasword_page_97 r3271 hasword_jan_79 links_65_119 r4845 r797 r1753 links_12_155 r2111 r1880 r1176 hasword_mondai_68 r3902 hasword_program_70 r2112 hasword_gmt_67 r2629 hasword_process_36 hasword_version_41 r337 hasword_nov_62 r4465 r1807 r4855 hasword_gmt_37 r2233 r3365 r2337 r56 r4104 r4445 r2561 r2714 hasword_score_3 r565 hasword_announc_217 r2733 r3947 r4458 r961 links_155_157 r2589 r2358 r1828 r3749 r3290 r450 r3534 r3312 r1006 r1031 r4062 r4139 hasword_implem_156 r4117 hasword_open_111 r2452 r2984 r2780 r3067 r1530 r4995 hasword_server_64 hasword_set_42 r4431 links_3_156 r2521 r1934 r3501 hasword_sequenc_43 hasword_orient_126 r388 r1409 r834 hasword_larg_126 r3622 r2517 links_126_156 r1887 r2029 links_59_217 r4817 r2591 hasword_resourc_78 r2706 r3894 r3081 r1437 hasword_resourc_2 r3935 r440 r1254 hasword_file_56 r4180 r4873 hasword_cern_15 r3719 r2467 r1450 links_29_50 r4533 hasword_wait_52 r4490 r4852 hasword_begin_102 r1498 r4434 r485 r224 r1906 r4654 r212 r1494 r3021 r121 hasword_provid_28 r681 hasword_modifi_134 r4730 r2821 links_199_18 r2554 links_50_102 hasword_content_36 r4922 r2050 links_50_28 r136 r1019 r1703 r4488 r4835 hasword_system_29 r829 r2276 hasword_www_180 r1944 r351 links_136_30 hasword_train_180 hasword_univers_88 hasword_ftp_174 r4129 r3044 links_209_172 hasword_text_22 r4209 r1276 r4286 r1566 r3592 links_8_110 links_116_93 r4070 r1719 r3769 r2842 r205 r1700 r3718 links_111_58 r4938 hasword_utexa_130 r4225 hasword_jan_8 r4637 hasword_machin_22 r1376 r4635 hasword_utexa_54 r2263 hasword_jan_97 r1546 r3256 hasword_text_21 r1377 r1520 r4358 r3536 r3416 hasword_move_48 links_48_180 hasword_text_45 r2534 r4509 hasword_materi_23 links_45_48 r872 hasword_consist_49 r3590 r3244 links_155_199 r3409 r3082 r4304 r2814 links_28_50 r962 r2719 r2384 r1032 r3433 hasword_suggest_91 hasword_texa_91 links_91_180 hasword_gmt_76 r1295 r4841 r3330 r4589 r4692 r4118 r4093 r3468 r4816 r219 r2722 r795 hasword_train_7 r3201 hasword_version_18 hasword_artifici_145 r2415 hasword_position_17 links_17_145 r837 r261 r2018 r2888 r3512 links_25_231 r4392 links_41_115 r4953 r2710 r3768 hasword_room_30 r4653 r760 r2844 r896 r1580 r960 r4473 r4824 r2580 r3343 r2176 r4452 r4194 r2395 r1360 r1431 r3234 r4966 hasword_date_172 r2565 r2060 r2640 hasword_area_17 r142 r3724 r4149 links_89_180 r4463 r1227 r1468 r1615 r4993 r2170 r2889 r2055 r882 r794 r4616 r606 r2096 r3465 r2854 r1410 hasword_wa_15 r74 r1321 r22 hasword_text_51 r642 hasword_sourc_64 r3383 r1913 links_2_169 r1526 r4341 r3360 r3168 r2865 r176 r3276 r1737 r4572 hasword_past_32 r1465 r3806 r4750 r2266 hasword_order_47 r1243 r2816 hasword_equal_52 hasword_count_52 r2757 hasword_version_82 r3692 r4996 r4290 r1900 r2815 hasword_process_63 r1424 r2211 r1441 r3520 r4227 r3205 hasword_form_94 r917 r1937 r2909 r3600 r3025 r3144 r4031 r4879 r2168 r201 r1017 r246 hasword_effici_51 r3183 r3725 r10 r4092 r1489 r1364 r2429 r3873 r990 hasword_solution_14 r4371 r4140 hasword_univers_69 r4257 r2215 r4483 r2829 r1246 r3194 r55 r1266 r2241 r1921 hasword_gmt_50 r3007 hasword_texa_6 r1354 r993 r3252 r3897 r1601 hasword_elem_18 r2785 hasword_base_1 r2611 links_11_134 r4568 r2826 r2446 r3088 r2964 hasword_instruct_81 r4560 r358 r4372 r1557 hasword_oct_44 r2750 hasword_paul_61 r930 r1184 r3555 r1996 r2236 r1225 r3875 r105 r4782 r2347 r2942 r1763 r1678 r4379 r4843 r2428 r1860 r3539 r1390 r2303 r1603 r4527 hasword_html_94 r4300 r3785 r1136 r1574 r2792 r1696 r3689 hasword_oct_11 r4731 r1319 r4074 r1024 r4800 r2270 hasword_author_93 r2812 hasword_techniqu_89 r3882 r2000 r365 r2345 hasword_jan_5 hasword_chang_63 r3423 r4542 r39 r4642 r845 r3014 r1061 r3728 r2926 r413 r4919 r3405 r1622 r3628 hasword_date_80 r1402 r4678 hasword_manag_16 hasword_date_23 hasword_mechan_23 r893 r341 r1955 r3176 r1910 r3704 r51 r1202 hasword_complet_32 r1638 r4258 hasword_colleg_38 r1057 hasword_mon_94 hasword_jan_120 r4943 hasword_work_71 r349 r1445 r3303 r1025 links_31_92 hasword_mime_86 r1768 r4863 r404 r3547 r272 r3492 r2349 r4438 r573 r4081 r3558 r4231 links_130_110 r4648 hasword_maintain_69 r3255 r1236 r2864 r3813 r3152 r2642 r4165 r3566 r950 r544 r717 r1570 r854 r147 hasword_collect_52 r510 r2516 r3784 r2967 r3394 r967 r1675 r982 r4000 r1809 r4107 r1028 r2533 r1157 r2367 r354 r4332 r2099 r4163 r710 r4976 r3069 r1550 r3864 r2701 r1269 r628 r4604 r650 r4584 r3601 r4912 r1155 links_31_120 hasword_nov_19 r3828 links_19_49 r2647 r2043 r7 r300 r1811 r3335 r3954 hasword_implement_126 r24 r2678 r4740 r4683 r3508 r3462 r218 r1545 r3377 hasword_gmt_5 r3931 
size of observed tuples: 1402
size of unobserved tuples: 907

gibbs sample time: 1.03666 seconds
probability of topic_Faculty_91 is 0.422444

gibbs sample time: 1.0179 seconds
probability of topic_Student_174 is 0.481778

gibbs sample time: 1.01661 seconds
probability of topic_Student_115 is 0.461444

gibbs sample time: 1.01991 seconds
probability of topic_Student_41 is 0.358667

gibbs sample time: 0.126295 seconds
probability of topic_Faculty_23 is 0.426

gibbs sample time: 0.058738 seconds
probability of topic_Faculty_34 is 0.485

gibbs sample time: 0.05932 seconds
probability of topic_Department_74 is 0.489111

gibbs sample time: 1.49241 seconds
probability of topic_Staff_155 is 0.449333

gibbs sample time: 0.059629 seconds
probability of topic_Student_16 is 0.416667

gibbs sample time: 0.059273 seconds
probability of topic_Department_71 is 0.453778

gibbs sample time: 0.059891 seconds
probability of topic_Faculty_84 is 0.539778

gibbs sample time: 0.245274 seconds
probability of topic_Course_119 is 0.486889

gibbs sample time: 0.060462 seconds
probability of topic_ResearchProject_43 is 0.496778

gibbs sample time: 0.258342 seconds
probability of topic_Staff_145 is 0.472778

gibbs sample time: 0.2596 seconds
probability of topic_Staff_17 is 0.631111

gibbs sample time: 0.500745 seconds
probability of topic_Faculty_105 is 0.409333

gibbs sample time: 0.50861 seconds
probability of topic_Faculty_186 is 0.543111

gibbs sample time: 0.06032 seconds
probability of topic_Staff_13 is 0.507333

gibbs sample time: 0.060442 seconds
probability of topic_Course_82 is 0.399111

gibbs sample time: 0.256771 seconds
probability of topic_Department_187 is 0.612

gibbs sample time: 0.251765 seconds
probability of topic_Department_13 is 0.586111

gibbs sample time: 0.546886 seconds
probability of topic_ResearchProject_136 is 0.431111

gibbs sample time: 0.119485 seconds
probability of topic_Staff_23 is 0.393556

gibbs sample time: 0.059088 seconds
probability of topic_Course_66 is 0.416333

gibbs sample time: 0.841054 seconds
probability of topic_Person_106 is 0.646667

gibbs sample time: 0.845946 seconds
probability of topic_Person_41 is 0.362

gibbs sample time: 0.145893 seconds
probability of topic_Person_52 is 0.488444

gibbs sample time: 0.058542 seconds
probability of topic_Faculty_90 is 0.552111

gibbs sample time: 0.126333 seconds
probability of topic_ResearchProject_47 is 0.474333

gibbs sample time: 1.49725 seconds
probability of topic_Staff_133 is 0.515889

gibbs sample time: 1.49427 seconds
probability of topic_Staff_24 is 0.491333

gibbs sample time: 0.428563 seconds
probability of topic_Student_168 is 0.492889

gibbs sample time: 0.43036 seconds
probability of topic_Student_57 is 0.495333

gibbs sample time: 0.062004 seconds
probability of topic_Student_26 is 0.422

gibbs sample time: 1.04187 seconds
probability of topic_Person_78 is 0.461778

gibbs sample time: 0.150419 seconds
probability of topic_Department_94 is 0.713111

gibbs sample time: 0.499499 seconds
probability of topic_Faculty_42 is 0.508

gibbs sample time: 0.503312 seconds
probability of topic_Person_110 is 0.495111

gibbs sample time: 0.508656 seconds
probability of topic_Person_8 is 0.501

gibbs sample time: 0.061904 seconds
probability of topic_Department_96 is 0.464889

gibbs sample time: 0.060254 seconds
probability of topic_Student_84 is 0.436556

gibbs sample time: 0.09298 seconds
probability of topic_Faculty_79 is 0.498111

gibbs sample time: 0.058791 seconds
probability of topic_Course_60 is 0.468111

gibbs sample time: 0.056572 seconds
probability of topic_Person_74 is 0.497222

gibbs sample time: 0.153512 seconds
probability of topic_Faculty_47 is 0.550667

gibbs sample time: 0.056004 seconds
probability of topic_Student_6 is 0.531222

gibbs sample time: 0.060628 seconds
probability of topic_Department_85 is 0.489111

gibbs sample time: 1.67631 seconds
probability of topic_Student_157 is 0.480333

gibbs sample time: 1.68133 seconds
probability of topic_Student_155 is 0.192889

gibbs sample time: 1.67564 seconds
probability of topic_Student_12 is 0.600889

gibbs sample time: 0.061859 seconds
probability of topic_Department_22 is 0.471

gibbs sample time: 0.060686 seconds
probability of topic_Department_66 is 0.483889

gibbs sample time: 0.056122 seconds
probability of topic_Staff_34 is 0.588333

gibbs sample time: 0.507932 seconds
probability of topic_Course_42 is 0.212444

gibbs sample time: 0.855088 seconds
probability of topic_Faculty_209 is 0.445889

gibbs sample time: 0.876993 seconds
probability of topic_Faculty_33 is 0.607889

gibbs sample time: 0.886938 seconds
probability of topic_Department_33 is 0.796

gibbs sample time: 0.429825 seconds
probability of topic_Course_31 is 0.382889

gibbs sample time: 0.058146 seconds
probability of topic_Faculty_37 is 0.416667

gibbs sample time: 0.511417 seconds
probability of topic_Faculty_4 is 0.571556

gibbs sample time: 0.058483 seconds
probability of topic_Faculty_46 is 0.388556

gibbs sample time: 0.996869 seconds
probability of topic_Faculty_48 is 0.45

gibbs sample time: 0.861774 seconds
probability of topic_Department_209 is 0.446444

gibbs sample time: 0.090385 seconds
probability of topic_Faculty_14 is 0.468556

gibbs sample time: 0.057905 seconds
probability of topic_Staff_16 is 0.558778

gibbs sample time: 1.47403 seconds
probability of topic_Student_114 is 0.540222

gibbs sample time: 1.15114 seconds
probability of topic_Course_48 is 0.428778

gibbs sample time: 1.42176 seconds
probability of topic_Student_217 is 0.411556

gibbs sample time: 0.222545 seconds
probability of topic_Person_49 is 0.527222

gibbs sample time: 0.058004 seconds
probability of topic_Course_9 is 0.454889

gibbs sample time: 0.400359 seconds
probability of topic_Faculty_92 is 0.501222

gibbs sample time: 1.67044 seconds
probability of topic_Faculty_133 is 0.508111

gibbs sample time: 0.060887 seconds
probability of topic_Department_84 is 0.421556

gibbs sample time: 0.059699 seconds
probability of topic_Faculty_83 is 0.492111

gibbs sample time: 0.117783 seconds
probability of topic_Staff_63 is 0.328889

gibbs sample time: 0.057752 seconds
probability of topic_Person_98 is 0.561111

gibbs sample time: 0.287273 seconds
probability of topic_Faculty_25 is 0.354889

gibbs sample time: 0.092846 seconds
probability of topic_ResearchProject_5 is 0.406667

gibbs sample time: 1.68462 seconds
probability of topic_Person_18 is 0.400333

gibbs sample time: 1.40454 seconds
probability of topic_Student_54 is 0.487556

gibbs sample time: 0.088013 seconds
probability of topic_Course_14 is 0.591333

gibbs sample time: 0.850226 seconds
probability of topic_Person_36 is 0.379333

gibbs sample time: 0.060702 seconds
probability of topic_ResearchProject_99 is 0.551222

gibbs sample time: 0.511218 seconds
probability of topic_Department_4 is 0.428444

gibbs sample time: 0.165681 seconds
probability of topic_ResearchProject_63 is 0.670444

gibbs sample time: 1.41858 seconds
probability of topic_Student_156 is 0.444

gibbs sample time: 1.4299 seconds
probability of topic_Course_54 is 0.510222

gibbs sample time: 1.06732 seconds
probability of topic_ResearchProject_29 is 0.393

gibbs sample time: 1.1113 seconds
probability of topic_Faculty_29 is 0.400889

gibbs sample time: 0.547586 seconds
probability of topic_Course_30 is 0.368333

gibbs sample time: 1.50723 seconds
probability of topic_Staff_2 is 0.447667

gibbs sample time: 1.06692 seconds
probability of topic_Student_28 is 0.48

gibbs sample time: 0.292255 seconds
probability of topic_Faculty_20 is 0.529667

gibbs sample time: 0.394478 seconds
probability of topic_Person_10 is 0.519667

gibbs sample time: 1.14293 seconds
probability of topic_ResearchProject_48 is 0.824667

gibbs sample time: 0.122224 seconds
probability of topic_Faculty_69 is 0.511778

gibbs sample time: 0.155584 seconds
probability of topic_Faculty_63 is 0.446111

gibbs sample time: 0.552071 seconds
probability of topic_Course_125 is 0.437444

gibbs sample time: 0.184379 seconds
probability of topic_Staff_32 is 0.440222

gibbs sample time: 1.05697 seconds
probability of topic_Person_258 is 0.490333

gibbs sample time: 0.87481 seconds
probability of topic_Department_164 is 0.381667

gibbs sample time: 1.04547 seconds
probability of topic_Course_106 is 0.495667

gibbs sample time: 1.02168 seconds
probability of topic_Course_118 is 0.385778

gibbs sample time: 0.059882 seconds
probability of topic_Faculty_38 is 0.461222

gibbs sample time: 1.02907 seconds
probability of topic_Course_41 is 0.307778

gibbs sample time: 0.313464 seconds
probability of topic_Student_145 is 0.503778

gibbs sample time: 1.57599 seconds
probability of topic_Staff_12 is 0.482444

gibbs sample time: 0.056356 seconds
probability of topic_Staff_79 is 0.578444

gibbs sample time: 0.522767 seconds
probability of topic_Course_186 is 0.494444

gibbs sample time: 0.05851 seconds
probability of topic_Person_39 is 0.406778

gibbs sample time: 0.193651 seconds
probability of topic_Staff_55 is 0.440889

gibbs sample time: 0.059479 seconds
probability of topic_Person_40 is 0.489333

gibbs sample time: 0.05871 seconds
probability of topic_Person_70 is 0.456444

gibbs sample time: 0.503912 seconds
probability of topic_Person_136 is 0.483667

gibbs sample time: 1.67627 seconds
probability of topic_Department_12 is 0.584556

gibbs sample time: 0.149119 seconds
probability of topic_Course_52 is 0.421

gibbs sample time: 1.69061 seconds
probability of topic_Department_24 is 0.501556

gibbs sample time: 0.284913 seconds
probability of topic_Faculty_81 is 0.464778

gibbs sample time: 0.15305 seconds
probability of topic_Student_94 is 0.631667

gibbs sample time: 1.69051 seconds
probability of topic_Department_199 is 0.369778

gibbs sample time: 0.143821 seconds
probability of topic_Course_94 is 0.220778

gibbs sample time: 1.17797 seconds
probability of topic_Department_89 is 0.447444

gibbs sample time: 0.842701 seconds
probability of topic_Person_115 is 0.416111

gibbs sample time: 0.061277 seconds
probability of topic_Course_43 is 0.466222

gibbs sample time: 0.056627 seconds
probability of topic_Person_34 is 0.656333

gibbs sample time: 0.3097 seconds
probability of topic_Student_116 is 0.437222

gibbs sample time: 0.286292 seconds
probability of topic_Department_20 is 0.495667

gibbs sample time: 1.68509 seconds
probability of topic_Person_199 is 0.527889

gibbs sample time: 0.414924 seconds
probability of topic_Course_87 is 0.357556

gibbs sample time: 1.66648 seconds
probability of topic_Faculty_24 is 0.482778

gibbs sample time: 0.2873 seconds
probability of topic_Staff_116 is 0.458

gibbs sample time: 0.287605 seconds
probability of topic_Staff_93 is 0.503778

gibbs sample time: 0.0907 seconds
probability of topic_Student_88 is 0.680889

gibbs sample time: 0.38204 seconds
probability of topic_Staff_120 is 0.594333

gibbs sample time: 1.2323 seconds
probability of topic_Person_114 is 0.523

gibbs sample time: 1.23169 seconds
probability of topic_Person_156 is 0.496667

gibbs sample time: 0.860058 seconds
probability of topic_ResearchProject_172 is 0.459

gibbs sample time: 0.51821 seconds
probability of topic_Person_105 is 0.388556

gibbs sample time: 1.23207 seconds
probability of topic_Person_126 is 0.562

gibbs sample time: 0.235836 seconds
probability of topic_Student_55 is 0.530667

gibbs sample time: 0.439901 seconds
probability of topic_ResearchProject_67 is 0.459111

gibbs sample time: 1.41765 seconds
probability of topic_Faculty_59 is 0.448778

gibbs sample time: 0.96846 seconds
probability of topic_ResearchProject_72 is 0.421667

gibbs sample time: 0.43384 seconds
probability of topic_Student_67 is 0.510111

gibbs sample time: 0.276308 seconds
probability of topic_Course_145 is 0.542333

gibbs sample time: 0.448742 seconds
probability of topic_Staff_42 is 0.621333

gibbs sample time: 1.73917 seconds
probability of topic_Course_157 is 0.360222

gibbs sample time: 0.84347 seconds
probability of topic_Person_72 is 0.563667

gibbs sample time: 0.842158 seconds
probability of topic_Student_164 is 0.584667

gibbs sample time: 0.432184 seconds
probability of topic_Person_134 is 0.480556

gibbs sample time: 0.841837 seconds
probability of topic_Student_209 is 0.551889

gibbs sample time: 0.182253 seconds
probability of topic_Faculty_52 is 0.635556

gibbs sample time: 1.09829 seconds
probability of topic_Staff_78 is 0.668111

gibbs sample time: 0.294723 seconds
probability of topic_Faculty_116 is 0.433333

gibbs sample time: 0.405255 seconds
probability of topic_Department_134 is 0.392667

gibbs sample time: 0.058231 seconds
probability of topic_Person_84 is 0.450667

gibbs sample time: 0.055803 seconds
probability of topic_Student_1 is 0.363333

gibbs sample time: 0.436535 seconds
probability of topic_Department_61 is 0.321111

gibbs sample time: 1.10694 seconds
probability of topic_Faculty_50 is 0.449222

gibbs sample time: 1.40311 seconds
probability of topic_Student_126 is 0.587667

gibbs sample time: 0.148179 seconds
probability of topic_Student_52 is 0.419

gibbs sample time: 0.441818 seconds
probability of topic_Course_61 is 0.446333

gibbs sample time: 0.282229 seconds
probability of topic_Department_17 is 0.32

gibbs sample time: 1.66978 seconds
probability of topic_Faculty_12 is 0.555667

gibbs sample time: 0.239725 seconds
probability of topic_Course_65 is 0.541556

gibbs sample time: 1.23495 seconds
probability of topic_Person_59 is 0.547

gibbs sample time: 0.24147 seconds
probability of topic_Person_119 is 0.485556

gibbs sample time: 0.090566 seconds
probability of topic_Person_53 is 0.528556

gibbs sample time: 0.417932 seconds
probability of topic_Department_87 is 0.454111

gibbs sample time: 0.058614 seconds
probability of topic_Faculty_71 is 0.514

gibbs sample time: 0.056089 seconds
probability of topic_Course_44 is 0.512889

gibbs sample time: 0.122873 seconds
probability of topic_Department_69 is 0.439667

gibbs sample time: 0.513804 seconds
probability of topic_Student_58 is 0.410778

gibbs sample time: 1.69566 seconds
probability of topic_Department_2 is 0.472778

gibbs sample time: 1.02216 seconds
probability of topic_Faculty_72 is 0.598111

gibbs sample time: 0.509261 seconds
probability of topic_Student_8 is 0.527556

gibbs sample time: 0.05973 seconds
probability of topic_Department_95 is 0.498222

gibbs sample time: 0.787753 seconds
probability of topic_Staff_36 is 0.371444

gibbs sample time: 0.059626 seconds
probability of topic_Student_96 is 0.433556

gibbs sample time: 0.060196 seconds
probability of topic_Faculty_96 is 0.475667

gibbs sample time: 1.02985 seconds
probability of topic_Course_29 is 0.668667

gibbs sample time: 0.086145 seconds
probability of topic_Person_51 is 0.489

gibbs sample time: 0.225862 seconds
probability of topic_Course_55 is 0.432333

gibbs sample time: 0.093182 seconds
probability of topic_Student_64 is 0.416889

gibbs sample time: 0.860449 seconds
probability of topic_Faculty_36 is 0.428667

gibbs sample time: 0.059984 seconds
probability of topic_Student_40 is 0.483778

gibbs sample time: 0.089735 seconds
probability of topic_Student_68 is 0.348778

gibbs sample time: 0.249351 seconds
probability of topic_Course_187 is 0.559111

gibbs sample time: 1.00934 seconds
probability of topic_Course_72 is 0.394111

gibbs sample time: 0.248275 seconds
probability of topic_Course_13 is 0.464222

gibbs sample time: 0.502098 seconds
probability of topic_Course_110 is 0.436444

gibbs sample time: 0.092635 seconds
probability of topic_Department_21 is 0.455556

gibbs sample time: 0.210043 seconds
probability of topic_ResearchProject_55 is 0.393333

gibbs sample time: 1.04072 seconds
probability of topic_Person_180 is 0.573556

gibbs sample time: 0.093708 seconds
probability of topic_Student_53 is 0.452222

gibbs sample time: 1.04129 seconds
probability of topic_Person_89 is 0.482778

gibbs sample time: 0.147974 seconds
probability of topic_Staff_52 is 0.488

gibbs sample time: 0.523828 seconds
probability of topic_Staff_125 is 0.504444

gibbs sample time: 0.436904 seconds
probability of topic_Department_168 is 0.469556

gibbs sample time: 0.423127 seconds
probability of topic_ResearchProject_87 is 0.413667

gibbs sample time: 0.061229 seconds
probability of topic_Department_99 is 0.433778

gibbs sample time: 0.225455 seconds
probability of topic_Course_73 is 0.413

gibbs sample time: 0.187064 seconds
probability of topic_Student_32 is 0.716111

gibbs sample time: 0.454072 seconds
probability of topic_ResearchProject_168 is 0.443

gibbs sample time: 0.441997 seconds
probability of topic_ResearchProject_11 is 0.355667

gibbs sample time: 0.060464 seconds
probability of topic_Course_40 is 0.414556

gibbs sample time: 0.059975 seconds
probability of topic_Faculty_39 is 0.468556

gibbs sample time: 0.055978 seconds
probability of topic_Staff_90 is 0.615222

gibbs sample time: 1.67634 seconds
probability of topic_Department_169 is 0.783889

gibbs sample time: 0.059362 seconds
probability of topic_ResearchProject_34 is 0.402667

gibbs sample time: 0.086134 seconds
probability of topic_Student_5 is 0.521

gibbs sample time: 0.876823 seconds
probability of topic_Person_118 is 0.576111

gibbs sample time: 1.0446 seconds
probability of topic_Person_48 is 0.490222

gibbs sample time: 0.059721 seconds
probability of topic_Department_86 is 0.433889

gibbs sample time: 0.547334 seconds
probability of topic_ResearchProject_30 is 0.466

gibbs sample time: 0.848618 seconds
probability of topic_Person_172 is 0.508667

gibbs sample time: 0.089888 seconds
probability of topic_ResearchProject_53 is 0.502111

gibbs sample time: 1.06612 seconds
probability of topic_ResearchProject_50 is 0.386222

gibbs sample time: 1.03032 seconds
probability of topic_Course_102 is 0.436444

gibbs sample time: 0.058538 seconds
probability of topic_Faculty_62 is 0.520222

gibbs sample time: 0.284249 seconds
probability of topic_Person_116 is 0.372778

gibbs sample time: 1.00048 seconds
probability of topic_Faculty_180 is 0.649667

gibbs sample time: 0.546049 seconds
probability of topic_Course_136 is 0.423778

gibbs sample time: 0.086384 seconds
probability of topic_Staff_69 is 0.446

gibbs sample time: 1.14461 seconds
probability of topic_Course_258 is 0.450556

gibbs sample time: 0.058666 seconds
probability of topic_ResearchProject_75 is 0.510222

gibbs sample time: 1.03182 seconds
probability of topic_Staff_28 is 0.471778

gibbs sample time: 0.520508 seconds
probability of topic_Department_105 is 0.558222

gibbs sample time: 0.503515 seconds
probability of topic_Person_130 is 0.490889

gibbs sample time: 0.52228 seconds
probability of topic_Staff_136 is 0.428333

gibbs sample time: 0.507943 seconds
probability of topic_Department_111 is 0.225667

gibbs sample time: 0.090864 seconds
probability of topic_ResearchProject_68 is 0.28

gibbs sample time: 0.062854 seconds
probability of topic_Student_85 is 0.507556

gibbs sample time: 0.057923 seconds
probability of topic_Person_38 is 0.369

gibbs sample time: 1.6646 seconds
probability of topic_Faculty_169 is 0.568778

gibbs sample time: 0.291263 seconds
probability of topic_ResearchProject_93 is 0.424667

gibbs sample time: 0.438976 seconds
probability of topic_Faculty_168 is 0.403222

gibbs sample time: 0.057712 seconds
probability of topic_Staff_82 is 0.405667

gibbs sample time: 1.49528 seconds
probability of topic_Staff_199 is 0.455222

gibbs sample time: 0.09021 seconds
probability of topic_ResearchProject_64 is 0.415667

gibbs sample time: 0.502689 seconds
probability of topic_Course_8 is 0.473889

gibbs sample time: 0.242208 seconds
probability of topic_Person_65 is 0.483889

gibbs sample time: 0.545857 seconds
probability of topic_ResearchProject_105 is 0.471333

gibbs sample time: 1.3806 seconds
probability of topic_Staff_3 is 0.525889

gibbs sample time: 0.271577 seconds
probability of topic_Faculty_145 is 0.486333

gibbs sample time: 1.41994 seconds
probability of topic_Faculty_217 is 0.490667

gibbs sample time: 0.083143 seconds
probability of topic_Staff_15 is 0.440556

gibbs sample time: 1.02856 seconds
probability of topic_Course_50 is 0.408444

gibbs sample time: 0.50981 seconds
probability of topic_Faculty_125 is 0.513111

gibbs sample time: 1.03181 seconds
probability of topic_Staff_50 is 0.417667

gibbs sample time: 1.09953 seconds
probability of topic_Department_29 is 0.352778

gibbs sample time: 0.0886 seconds
probability of topic_Person_15 is 0.531333

gibbs sample time: 0.421532 seconds
probability of topic_Department_35 is 0.378889

gibbs sample time: 1.53555 seconds
probability of topic_ResearchProject_169 is 0.558333

gibbs sample time: 0.232041 seconds
probability of topic_Person_55 is 0.575111

gibbs sample time: 0.383559 seconds
probability of topic_Person_57 is 0.484222

gibbs sample time: 0.843905 seconds
probability of topic_Student_33 is 0.333444

gibbs sample time: 0.819905 seconds
probability of topic_Course_209 is 0.641111

gibbs sample time: 0.055654 seconds
probability of topic_Course_6 is 0.491889

gibbs sample time: 0.270201 seconds
probability of topic_ResearchProject_81 is 0.458889

gibbs sample time: 0.527231 seconds
probability of topic_Student_186 is 0.439444

gibbs sample time: 0.433932 seconds
probability of topic_Student_134 is 0.504778

gibbs sample time: 0.239714 seconds
probability of topic_Person_13 is 0.378

gibbs sample time: 1.12701 seconds
probability of topic_Student_48 is 0.277

gibbs sample time: 0.059465 seconds
probability of topic_Course_39 is 0.609

gibbs sample time: 0.086226 seconds
probability of topic_Course_79 is 0.532333

gibbs sample time: 1.68432 seconds
probability of topic_Student_169 is 0.365556

gibbs sample time: 0.153344 seconds
probability of topic_ResearchProject_94 is 0.201889

gibbs sample time: 1.71398 seconds
probability of topic_Course_24 is 0.577444

gibbs sample time: 0.248624 seconds
probability of topic_Department_55 is 0.518667

gibbs sample time: 0.125298 seconds
probability of topic_ResearchProject_69 is 0.331111

gibbs sample time: 0.936399 seconds
probability of topic_Department_36 is 0.438778

gibbs sample time: 0.547109 seconds
probability of topic_ResearchProject_125 is 0.477444

gibbs sample time: 0.056078 seconds
probability of topic_Person_80 is 0.489556

gibbs sample time: 0.817764 seconds
probability of topic_Course_164 is 0.470778

gibbs sample time: 0.817648 seconds
probability of topic_Course_172 is 0.444444

gibbs sample time: 1.03337 seconds
probability of topic_Staff_29 is 0.484667

gibbs sample time: 0.058422 seconds
probability of topic_Student_62 is 0.714333

gibbs sample time: 1.68099 seconds
probability of topic_Person_2 is 0.295889

gibbs sample time: 0.057835 seconds
probability of topic_Staff_99 is 0.461

gibbs sample time: 0.525799 seconds
probability of topic_Student_105 is 0.382

gibbs sample time: 0.821974 seconds
probability of topic_Course_36 is 0.318556

gibbs sample time: 1.09887 seconds
probability of topic_Staff_180 is 0.583222

gibbs sample time: 0.982062 seconds
probability of topic_Staff_41 is 0.36

gibbs sample time: 0.513065 seconds
probability of topic_Faculty_8 is 0.488222

gibbs sample time: 1.05967 seconds
probability of topic_Department_115 is 0.447889

gibbs sample time: 0.237498 seconds
probability of topic_Faculty_19 is 0.373444

gibbs sample time: 0.521958 seconds
probability of topic_Staff_30 is 0.510667

gibbs sample time: 0.247277 seconds
probability of topic_Faculty_65 is 0.331222

gibbs sample time: 1.41962 seconds
probability of topic_Faculty_156 is 0.515222

gibbs sample time: 0.060252 seconds
probability of topic_ResearchProject_82 is 0.477

gibbs sample time: 0.513705 seconds
probability of topic_Faculty_110 is 0.425667

gibbs sample time: 0.296533 seconds
probability of topic_Person_25 is 0.431222

gibbs sample time: 0.302253 seconds
probability of topic_Student_231 is 0.538556

gibbs sample time: 0.191247 seconds
probability of topic_Staff_73 is 0.594556

gibbs sample time: 0.055674 seconds
probability of topic_Staff_98 is 0.448667

gibbs sample time: 0.421681 seconds
probability of topic_Student_35 is 0.807667

gibbs sample time: 0.058865 seconds
probability of topic_Course_74 is 0.430444

gibbs sample time: 0.060828 seconds
probability of topic_Course_84 is 0.484556

gibbs sample time: 0.542226 seconds
probability of topic_Student_125 is 0.558778

gibbs sample time: 0.056464 seconds
probability of topic_Course_71 is 0.460444

gibbs sample time: 1.13941 seconds
probability of topic_ResearchProject_180 is 0.648222

gibbs sample time: 1.48337 seconds
probability of topic_Department_126 is 0.376778

gibbs sample time: 0.055614 seconds
probability of topic_Course_21 is 0.423667

gibbs sample time: 0.085494 seconds
probability of topic_Staff_14 is 0.520222

gibbs sample time: 0.152433 seconds
probability of topic_Course_63 is 0.382778

gibbs sample time: 0.237943 seconds
probability of topic_Faculty_49 is 0.514

gibbs sample time: 0.967056 seconds
probability of topic_ResearchProject_118 is 0.466667

gibbs sample time: 0.062419 seconds
probability of topic_Department_80 is 0.474889

gibbs sample time: 0.056022 seconds
probability of topic_Person_44 is 0.562667

gibbs sample time: 0.453547 seconds
probability of topic_ResearchProject_61 is 0.488222

gibbs sample time: 0.05592 seconds
probability of topic_Course_51 is 0.424111

gibbs sample time: 1.12436 seconds
probability of topic_ResearchProject_217 is 0.566222

gibbs sample time: 1.17609 seconds
probability of topic_Department_48 is 0.499778

gibbs sample time: 0.502406 seconds
probability of topic_Person_30 is 0.507889

gibbs sample time: 0.541852 seconds
probability of topic_Student_136 is 0.484889

gibbs sample time: 0.089017 seconds
probability of topic_Faculty_27 is 0.512778

gibbs sample time: 0.152441 seconds
probability of topic_ResearchProject_25 is 0.550556

gibbs sample time: 0.225694 seconds
probability of topic_Staff_49 is 0.518

gibbs sample time: 0.463702 seconds
probability of topic_Faculty_11 is 0.568556

gibbs sample time: 0.554169 seconds
probability of topic_Department_125 is 0.455

gibbs sample time: 0.520975 seconds
probability of topic_Department_186 is 0.422

gibbs sample time: 1.12068 seconds
probability of topic_ResearchProject_156 is 0.448444

gibbs sample time: 0.1511 seconds
probability of topic_ResearchProject_52 is 0.453556

gibbs sample time: 0.302877 seconds
probability of topic_Student_25 is 0.395

gibbs sample time: 0.085892 seconds
probability of topic_Staff_27 is 0.586778

gibbs sample time: 0.382343 seconds
probability of topic_Person_61 is 0.551556

gibbs sample time: 0.53017 seconds
probability of topic_ResearchProject_58 is 0.590778

gibbs sample time: 1.29496 seconds
probability of topic_Department_180 is 0.667778

gibbs sample time: 0.785695 seconds
probability of topic_Staff_209 is 0.538333

gibbs sample time: 0.059525 seconds
probability of topic_ResearchProject_74 is 0.444778

gibbs sample time: 0.986519 seconds
probability of topic_Staff_118 is 0.479

gibbs sample time: 0.092323 seconds
probability of topic_Student_27 is 0.494222

gibbs sample time: 0.091361 seconds
probability of topic_Department_27 is 0.659333

gibbs sample time: 0.428264 seconds
probability of topic_Department_120 is 0.662889

gibbs sample time: 0.060077 seconds
probability of topic_Student_43 is 0.483556

gibbs sample time: 0.440804 seconds
probability of topic_Course_57 is 0.516778

gibbs sample time: 0.857842 seconds
probability of topic_Faculty_164 is 0.563111

gibbs sample time: 0.405849 seconds
probability of topic_Department_11 is 0.482667

gibbs sample time: 0.52701 seconds
probability of topic_Student_42 is 0.546667

gibbs sample time: 1.02389 seconds
probability of topic_Faculty_174 is 0.616667

gibbs sample time: 0.243065 seconds
probability of topic_Department_73 is 0.461222

gibbs sample time: 0.059102 seconds
probability of topic_ResearchProject_46 is 0.422111

gibbs sample time: 0.531063 seconds
probability of topic_ResearchProject_111 is 0.440889

gibbs sample time: 1.02477 seconds
probability of topic_Faculty_118 is 0.387333

gibbs sample time: 1.14181 seconds
probability of topic_Course_89 is 0.514889

gibbs sample time: 0.432482 seconds
probability of topic_Person_11 is 0.539222

gibbs sample time: 0.056253 seconds
probability of topic_Course_27 is 0.479333

gibbs sample time: 0.529833 seconds
probability of topic_ResearchProject_4 is 0.372333

gibbs sample time: 1.01704 seconds
probability of topic_Student_106 is 0.508778

gibbs sample time: 0.058006 seconds
probability of topic_Person_16 is 0.493222

gibbs sample time: 1.38439 seconds
probability of topic_Staff_217 is 0.480444

gibbs sample time: 0.124442 seconds
probability of topic_Department_76 is 0.444

gibbs sample time: 0.416612 seconds
probability of topic_Course_10 is 0.476778

gibbs sample time: 1.66958 seconds
probability of topic_Faculty_2 is 0.349222

gibbs sample time: 0.057692 seconds
probability of topic_Course_96 is 0.4

gibbs sample time: 0.09729 seconds
probability of topic_ResearchProject_88 is 0.366

gibbs sample time: 0.060395 seconds
probability of topic_Staff_40 is 0.435778

gibbs sample time: 0.086474 seconds
probability of topic_Course_64 is 0.356444

gibbs sample time: 0.147425 seconds
probability of topic_Staff_94 is 0.0887778

gibbs sample time: 0.058452 seconds
probability of topic_Student_56 is 0.403889

gibbs sample time: 0.059796 seconds
probability of topic_Department_14 is 0.486222

gibbs sample time: 0.119278 seconds
probability of topic_Person_69 is 0.552333

gibbs sample time: 0.381468 seconds
probability of topic_Staff_31 is 0.465111

gibbs sample time: 0.302599 seconds
probability of topic_Student_17 is 0.475667

gibbs sample time: 0.423623 seconds
probability of topic_Course_120 is 0.481

gibbs sample time: 0.282158 seconds
probability of topic_Department_145 is 0.444

gibbs sample time: 0.060115 seconds
probability of topic_ResearchProject_70 is 0.414111

gibbs sample time: 0.147142 seconds
probability of topic_Person_63 is 0.286

gibbs sample time: 0.41866 seconds
probability of topic_Student_87 is 0.565556

gibbs sample time: 0.176486 seconds
probability of topic_Course_32 is 0.444333

gibbs sample time: 1.08083 seconds
probability of topic_Student_78 is 0.390778

gibbs sample time: 1.66885 seconds
probability of topic_Faculty_199 is 0.453667

gibbs sample time: 0.088987 seconds
probability of topic_Student_76 is 0.517778

gibbs sample time: 0.086382 seconds
probability of topic_Person_79 is 0.541333

gibbs sample time: 0.091143 seconds
probability of topic_Department_88 is 0.557222

gibbs sample time: 1.4855 seconds
probability of topic_Department_3 is 0.477111

gibbs sample time: 0.261836 seconds
probability of topic_Staff_35 is 0.479778

gibbs sample time: 0.060705 seconds
probability of topic_Department_82 is 0.427444

gibbs sample time: 1.03155 seconds
probability of topic_Staff_102 is 0.518556

gibbs sample time: 0.296912 seconds
probability of topic_Person_231 is 0.565111

gibbs sample time: 0.469759 seconds
probability of topic_Person_58 is 0.482

gibbs sample time: 0.057778 seconds
probability of topic_Student_9 is 0.466

gibbs sample time: 0.08898 seconds
probability of topic_Student_79 is 0.401889

gibbs sample time: 0.058317 seconds
probability of topic_Course_80 is 0.421889

gibbs sample time: 0.05589 seconds
probability of topic_Person_95 is 0.468111

gibbs sample time: 0.435714 seconds
probability of topic_Department_57 is 0.531444

gibbs sample time: 0.870017 seconds
probability of topic_ResearchProject_36 is 0.489556

gibbs sample time: 0.056708 seconds
probability of topic_Course_98 is 0.366667

gibbs sample time: 0.515118 seconds
probability of topic_Faculty_130 is 0.501222

gibbs sample time: 0.412814 seconds
probability of topic_Person_31 is 0.598556

gibbs sample time: 0.454777 seconds
probability of topic_ResearchProject_57 is 0.495889

gibbs sample time: 1.06809 seconds
probability of topic_Person_29 is 0.535444

gibbs sample time: 0.055685 seconds
probability of topic_Staff_37 is 0.444

gibbs sample time: 0.058231 seconds
probability of topic_Course_99 is 0.594111

gibbs sample time: 0.23886 seconds
probability of topic_ResearchProject_19 is 0.531444

gibbs sample time: 1.40162 seconds
probability of topic_Student_59 is 0.585889

gibbs sample time: 0.060267 seconds
probability of topic_Staff_9 is 0.493333

gibbs sample time: 1.12356 seconds
probability of topic_ResearchProject_59 is 0.444444

gibbs sample time: 1.06033 seconds
probability of topic_Student_50 is 0.590333

gibbs sample time: 0.41694 seconds
probability of topic_Department_10 is 0.446778

gibbs sample time: 1.48849 seconds
probability of topic_Department_156 is 0.478111

gibbs sample time: 0.058147 seconds
probability of topic_Person_83 is 0.524556

gibbs sample time: 1.06591 seconds
probability of topic_Person_28 is 0.417444

gibbs sample time: 0.152069 seconds
probability of topic_Person_47 is 0.199222

gibbs sample time: 1.06279 seconds
probability of topic_ResearchProject_28 is 0.441111

gibbs sample time: 1.53595 seconds
probability of topic_ResearchProject_133 is 0.497556

gibbs sample time: 0.519403 seconds
probability of topic_Department_42 is 0.652889

gibbs sample time: 0.089844 seconds
probability of topic_Person_22 is 0.577889

gibbs sample time: 0.060176 seconds
probability of topic_ResearchProject_66 is 0.436556

gibbs sample time: 0.997103 seconds
probability of topic_Faculty_45 is 0.400444

gibbs sample time: 0.23242 seconds
probability of topic_Staff_65 is 0.398889

gibbs sample time: 0.785986 seconds
probability of topic_Staff_172 is 0.467333

gibbs sample time: 0.092788 seconds
probability of topic_ResearchProject_27 is 0.417667

gibbs sample time: 0.238569 seconds
probability of topic_Student_49 is 0.569222

gibbs sample time: 0.055847 seconds
probability of topic_Staff_95 is 0.452889

gibbs sample time: 0.309546 seconds
probability of topic_Student_93 is 0.217333

gibbs sample time: 0.089591 seconds
probability of topic_ResearchProject_22 is 0.355111

gibbs sample time: 1.02203 seconds
probability of topic_Faculty_115 is 0.466333

gibbs sample time: 0.094784 seconds
probability of topic_Department_64 is 0.390111

gibbs sample time: 1.53608 seconds
probability of topic_ResearchProject_12 is 0.327

gibbs sample time: 0.439386 seconds
probability of topic_Faculty_61 is 0.471556

gibbs sample time: 0.177815 seconds
probability of topic_Course_7 is 0.494889

gibbs sample time: 1.14118 seconds
probability of topic_Course_45 is 0.420111

gibbs sample time: 0.415726 seconds
probability of topic_Course_67 is 0.428778

gibbs sample time: 0.276155 seconds
probability of topic_Course_17 is 0.313889

gibbs sample time: 0.399216 seconds
probability of topic_Faculty_31 is 0.523778

gibbs sample time: 0.185925 seconds
probability of topic_Department_7 is 0.496444

gibbs sample time: 0.095179 seconds
probability of topic_Department_68 is 0.389111

gibbs sample time: 0.086201 seconds
probability of topic_Person_64 is 0.420667

gibbs sample time: 0.060727 seconds
probability of topic_ResearchProject_83 is 0.483889

gibbs sample time: 1.08604 seconds
probability of topic_Student_91 is 0.421778

gibbs sample time: 0.423566 seconds
probability of topic_ResearchProject_35 is 0.39

gibbs sample time: 0.267649 seconds
probability of topic_Student_20 is 0.429667

gibbs sample time: 1.00743 seconds
probability of topic_Course_115 is 0.672778

gibbs sample time: 0.093245 seconds
probability of topic_ResearchProject_51 is 0.448

gibbs sample time: 0.413929 seconds
probability of topic_Faculty_35 is 0.527556

gibbs sample time: 0.090883 seconds
probability of topic_Staff_68 is 0.341

gibbs sample time: 0.982476 seconds
probability of topic_Staff_174 is 0.458667

gibbs sample time: 0.553504 seconds
probability of topic_Department_136 is 0.488333

gibbs sample time: 1.10162 seconds
probability of topic_Faculty_28 is 0.469444

gibbs sample time: 0.116006 seconds
probability of topic_Person_7 is 0.514111

gibbs sample time: 0.968078 seconds
probability of topic_ResearchProject_41 is 0.405222

gibbs sample time: 0.42445 seconds
probability of topic_Course_92 is 0.425556

gibbs sample time: 0.060508 seconds
probability of topic_Student_21 is 0.465889

gibbs sample time: 0.291955 seconds
probability of topic_ResearchProject_116 is 0.510111

gibbs sample time: 0.060851 seconds
probability of topic_Department_43 is 0.482

gibbs sample time: 0.086645 seconds
probability of topic_Course_97 is 0.565556

gibbs sample time: 0.058669 seconds
probability of topic_Faculty_86 is 0.440111

gibbs sample time: 0.232938 seconds
probability of topic_Staff_119 is 0.575222

gibbs sample time: 0.060762 seconds
probability of topic_Department_40 is 0.478444

gibbs sample time: 1.09737 seconds
probability of topic_Staff_48 is 0.587444

gibbs sample time: 0.503686 seconds
probability of topic_Course_130 is 0.498778

gibbs sample time: 1.42031 seconds
probability of topic_Faculty_54 is 0.509111

gibbs sample time: 1.42281 seconds
probability of topic_Faculty_3 is 0.557667

gibbs sample time: 0.433913 seconds
probability of topic_Student_11 is 0.512222

gibbs sample time: 1.0991 seconds
probability of topic_Staff_89 is 0.520889

gibbs sample time: 1.71248 seconds
probability of topic_Course_133 is 0.514556

gibbs sample time: 0.443713 seconds
probability of topic_ResearchProject_134 is 0.476111

gibbs sample time: 0.502591 seconds
probability of topic_Person_125 is 0.494778

gibbs sample time: 1.06451 seconds
probability of topic_ResearchProject_102 is 0.439222

gibbs sample time: 0.304372 seconds
probability of topic_Staff_25 is 0.369111

gibbs sample time: 0.062622 seconds
probability of topic_Department_46 is 0.484444

gibbs sample time: 1.04672 seconds
probability of topic_Department_106 is 0.476556

gibbs sample time: 0.146828 seconds
probability of topic_Staff_7 is 0.487111

gibbs sample time: 0.295351 seconds
probability of topic_Person_17 is 0.502222

gibbs sample time: 0.061364 seconds
probability of topic_Student_44 is 0.530444

gibbs sample time: 0.298605 seconds
probability of topic_Course_116 is 0.479889

gibbs sample time: 0.511277 seconds
probability of topic_Course_105 is 0.551222

gibbs sample time: 0.058449 seconds
probability of topic_Staff_46 is 0.426889

gibbs sample time: 0.845645 seconds
probability of topic_Student_172 is 0.505889

gibbs sample time: 0.98228 seconds
probability of topic_Staff_115 is 0.541333

gibbs sample time: 0.055584 seconds
probability of topic_Course_53 is 0.421778

gibbs sample time: 0.23595 seconds
probability of topic_Student_73 is 0.643333

gibbs sample time: 0.145159 seconds
probability of topic_Course_47 is 0.543333

gibbs sample time: 0.405653 seconds
probability of topic_Department_67 is 0.501111

gibbs sample time: 0.058171 seconds
probability of topic_Course_70 is 0.587889

gibbs sample time: 0.089218 seconds
probability of topic_Faculty_21 is 0.352222

gibbs sample time: 0.50828 seconds
probability of topic_Student_110 is 0.504333

gibbs sample time: 0.417111 seconds
probability of topic_Course_11 is 0.490222

gibbs sample time: 0.059388 seconds
probability of topic_ResearchProject_21 is 0.435333

gibbs sample time: 0.395204 seconds
probability of topic_Person_35 is 0.750222

gibbs sample time: 0.861712 seconds
probability of topic_Faculty_172 is 0.443667

gibbs sample time: 0.060915 seconds
probability of topic_Department_70 is 0.578111

gibbs sample time: 0.96487 seconds
probability of topic_ResearchProject_106 is 0.500111

gibbs sample time: 0.060772 seconds
probability of topic_Department_16 is 0.413778

gibbs sample time: 0.484096 seconds
probability of topic_ResearchProject_130 is 0.508667

gibbs sample time: 0.058624 seconds
probability of topic_Faculty_74 is 0.421

gibbs sample time: 0.055868 seconds
probability of topic_Person_56 is 0.364778

gibbs sample time: 0.480676 seconds
probability of topic_Staff_130 is 0.509111

gibbs sample time: 0.419623 seconds
probability of topic_Student_10 is 0.547889

gibbs sample time: 0.249247 seconds
probability of topic_ResearchProject_119 is 0.543444

gibbs sample time: 0.08701 seconds
probability of topic_Person_88 is 0.755667

gibbs sample time: 0.117323 seconds
probability of topic_Person_23 is 0.230111

gibbs sample time: 0.483495 seconds
probability of topic_ResearchProject_8 is 0.468444

gibbs sample time: 1.71069 seconds
probability of topic_Course_2 is 0.556

gibbs sample time: 0.059449 seconds
probability of topic_Department_34 is 0.374111

gibbs sample time: 0.061802 seconds
probability of topic_Department_37 is 0.475889

gibbs sample time: 1.13242 seconds
probability of topic_Student_180 is 0.507222

gibbs sample time: 1.11875 seconds
probability of topic_Student_45 is 0.512556

gibbs sample time: 0.414196 seconds
probability of topic_Person_120 is 0.508333

gibbs sample time: 1.69235 seconds
probability of topic_Department_133 is 0.508778

gibbs sample time: 0.086458 seconds
probability of topic_Person_76 is 0.529778

gibbs sample time: 0.055717 seconds
probability of topic_Person_46 is 0.487667

gibbs sample time: 0.055792 seconds
probability of topic_Staff_74 is 0.449556

gibbs sample time: 0.08284 seconds
probability of topic_Faculty_5 is 0.399889

gibbs sample time: 0.08977 seconds
probability of topic_ResearchProject_14 is 0.390111

gibbs sample time: 0.231509 seconds
probability of topic_Person_73 is 0.656889

gibbs sample time: 0.283931 seconds
probability of topic_Faculty_231 is 0.554333

gibbs sample time: 0.057947 seconds
probability of topic_Staff_39 is 0.454333

gibbs sample time: 0.483109 seconds
probability of topic_ResearchProject_110 is 0.475333

gibbs sample time: 1.72261 seconds
probability of topic_Course_169 is 0.495333

gibbs sample time: 0.062292 seconds
probability of topic_Faculty_40 is 0.408778

gibbs sample time: 1.1467 seconds
probability of topic_Course_91 is 0.575222

gibbs sample time: 0.092856 seconds
probability of topic_Faculty_64 is 0.380222

gibbs sample time: 0.119736 seconds
probability of topic_ResearchProject_76 is 0.457333

gibbs sample time: 0.089911 seconds
probability of topic_Student_97 is 0.616889

gibbs sample time: 0.087611 seconds
probability of topic_Faculty_15 is 0.465

gibbs sample time: 1.42118 seconds
probability of topic_Faculty_114 is 0.443444

gibbs sample time: 0.294358 seconds
probability of topic_Person_145 is 0.437333

gibbs sample time: 0.924149 seconds
probability of topic_Department_172 is 0.493111

gibbs sample time: 0.137238 seconds
probability of topic_Person_77 is 0.625333

gibbs sample time: 1.68227 seconds
probability of topic_Person_169 is 0.601

gibbs sample time: 0.120013 seconds
probability of topic_Student_69 is 0.609889

gibbs sample time: 1.14274 seconds
probability of topic_Course_78 is 0.480444

gibbs sample time: 0.351263 seconds
probability of topic_ResearchProject_120 is 0.476444

gibbs sample time: 1.42278 seconds
probability of topic_Faculty_126 is 0.408333

gibbs sample time: 1.40726 seconds
probability of topic_Student_3 is 0.244444

gibbs sample time: 1.68377 seconds
probability of topic_Person_12 is 0.600111

gibbs sample time: 0.983172 seconds
probability of topic_Staff_106 is 0.672111

gibbs sample time: 0.513551 seconds
probability of topic_Faculty_58 is 0.572

gibbs sample time: 1.0656 seconds
probability of topic_Student_29 is 0.538

gibbs sample time: 0.150959 seconds
probability of topic_Department_63 is 0.362222

gibbs sample time: 0.090288 seconds
probability of topic_ResearchProject_79 is 0.429778

gibbs sample time: 0.554903 seconds
probability of topic_Department_30 is 0.46

gibbs sample time: 1.37877 seconds
probability of topic_Staff_59 is 0.481222

gibbs sample time: 0.090596 seconds
probability of topic_Department_15 is 0.393222

gibbs sample time: 1.23294 seconds
probability of topic_Person_3 is 0.358222

gibbs sample time: 0.058572 seconds
probability of topic_Student_37 is 0.486222

gibbs sample time: 0.088823 seconds
probability of topic_Staff_21 is 0.444667

gibbs sample time: 0.060553 seconds
probability of topic_ResearchProject_39 is 0.549

gibbs sample time: 0.399361 seconds
probability of topic_Faculty_120 is 0.501111

gibbs sample time: 0.087127 seconds
probability of topic_Person_68 is 0.300222

gibbs sample time: 0.05852 seconds
probability of topic_Faculty_75 is 0.494222

gibbs sample time: 0.425403 seconds
probability of topic_ResearchProject_10 is 0.547889

gibbs sample time: 0.248028 seconds
probability of topic_Department_19 is 0.597333

gibbs sample time: 0.821046 seconds
probability of topic_Course_33 is 0.581111

gibbs sample time: 0.967265 seconds
probability of topic_ResearchProject_174 is 0.492111

gibbs sample time: 0.05977 seconds
probability of topic_Student_66 is 0.491556

gibbs sample time: 0.055805 seconds
probability of topic_Person_86 is 0.504556

gibbs sample time: 0.441292 seconds
probability of topic_Course_168 is 0.413

gibbs sample time: 1.14298 seconds
probability of topic_Course_180 is 0.449889

gibbs sample time: 0.966055 seconds
probability of topic_ResearchProject_115 is 0.670333

gibbs sample time: 0.513244 seconds
probability of topic_Student_111 is 0.624778

gibbs sample time: 0.05913 seconds
probability of topic_ResearchProject_80 is 0.444667

gibbs sample time: 0.057731 seconds
probability of topic_Staff_83 is 0.488667

gibbs sample time: 1.40059 seconds
probability of topic_Course_217 is 0.763667

gibbs sample time: 0.087092 seconds
probability of topic_Department_5 is 0.626778

gibbs sample time: 1.53424 seconds
probability of topic_ResearchProject_155 is 0.484333

gibbs sample time: 1.55494 seconds
probability of topic_ResearchProject_157 is 0.531222

gibbs sample time: 1.57953 seconds
probability of topic_ResearchProject_199 is 0.401444

gibbs sample time: 1.57531 seconds
probability of topic_ResearchProject_18 is 0.493222

gibbs sample time: 0.455103 seconds
probability of topic_Faculty_87 is 0.532444

gibbs sample time: 1.57237 seconds
probability of topic_ResearchProject_24 is 0.483111

gibbs sample time: 0.861622 seconds
probability of topic_Student_36 is 0.392556

gibbs sample time: 1.68898 seconds
probability of topic_Person_155 is 0.354667

gibbs sample time: 1.70225 seconds
probability of topic_Person_157 is 0.566556

gibbs sample time: 0.056065 seconds
probability of topic_Course_46 is 0.419556

gibbs sample time: 1.04398 seconds
probability of topic_Faculty_41 is 0.371333

gibbs sample time: 1.05631 seconds
probability of topic_Person_45 is 0.494556

gibbs sample time: 0.239777 seconds
probability of topic_Student_19 is 0.688889

gibbs sample time: 0.061001 seconds
probability of topic_Person_85 is 0.440111

gibbs sample time: 0.176961 seconds
probability of topic_Student_7 is 0.543

gibbs sample time: 1.69866 seconds
probability of topic_Person_24 is 0.506222

gibbs sample time: 0.062409 seconds
probability of topic_ResearchProject_26 is 0.612889

gibbs sample time: 0.269863 seconds
probability of topic_Staff_87 is 0.528556

gibbs sample time: 0.095599 seconds
probability of topic_ResearchProject_23 is 0.461222

gibbs sample time: 0.061428 seconds
probability of topic_Department_83 is 0.464889

gibbs sample time: 0.182553 seconds
probability of topic_Person_32 is 0.521222

gibbs sample time: 0.058103 seconds
probability of topic_Staff_26 is 0.531889

gibbs sample time: 0.061086 seconds
probability of topic_Faculty_22 is 0.397667

gibbs sample time: 0.059502 seconds
probability of topic_Department_98 is 0.342111

gibbs sample time: 0.155936 seconds
probability of topic_Student_47 is 0.246222

gibbs sample time: 0.093032 seconds
probability of topic_Department_23 is 0.547778

gibbs sample time: 0.09056 seconds
probability of topic_Department_53 is 0.444667

gibbs sample time: 1.15019 seconds
probability of topic_ResearchProject_45 is 0.426778

gibbs sample time: 0.056197 seconds
probability of topic_Staff_75 is 0.517889

gibbs sample time: 0.058533 seconds
probability of topic_Course_83 is 0.625556

gibbs sample time: 0.060728 seconds
probability of topic_Student_86 is 0.523778

gibbs sample time: 0.059419 seconds
probability of topic_Person_96 is 0.470889

gibbs sample time: 0.182474 seconds
probability of topic_Faculty_32 is 0.506333

gibbs sample time: 0.057188 seconds
probability of topic_Person_62 is 0.718667

gibbs sample time: 0.060148 seconds
probability of topic_Department_62 is 0.630111

gibbs sample time: 0.059402 seconds
probability of topic_Department_6 is 0.437222

gibbs sample time: 0.088981 seconds
probability of topic_Faculty_97 is 0.454889

gibbs sample time: 0.516743 seconds
probability of topic_Faculty_136 is 0.406

gibbs sample time: 0.197918 seconds
probability of topic_Faculty_55 is 0.541889

gibbs sample time: 1.38965 seconds
probability of topic_Staff_156 is 0.570333

gibbs sample time: 1.38844 seconds
probability of topic_Staff_126 is 0.515

gibbs sample time: 1.39218 seconds
probability of topic_Staff_114 is 0.431333

gibbs sample time: 0.058285 seconds
probability of topic_Staff_43 is 0.495778

gibbs sample time: 0.274057 seconds
probability of topic_ResearchProject_20 is 0.625889

gibbs sample time: 0.061623 seconds
probability of topic_Department_38 is 0.573111

gibbs sample time: 0.418163 seconds
probability of topic_Faculty_10 is 0.555889

gibbs sample time: 1.51061 seconds
probability of topic_Staff_157 is 0.639222

gibbs sample time: 0.056868 seconds
probability of topic_Staff_71 is 0.579778

gibbs sample time: 0.060877 seconds
probability of topic_ResearchProject_38 is 0.482333

gibbs sample time: 0.060575 seconds
probability of topic_Staff_60 is 0.494889

gibbs sample time: 0.29883 seconds
probability of topic_Course_93 is 0.434222

gibbs sample time: 0.061292 seconds
probability of topic_ResearchProject_56 is 0.561111

gibbs sample time: 0.430354 seconds
probability of topic_Student_61 is 0.568556

gibbs sample time: 0.184758 seconds
probability of topic_Faculty_7 is 0.506444

gibbs sample time: 1.07744 seconds
probability of topic_Person_50 is 0.585889

gibbs sample time: 0.119855 seconds
probability of topic_Course_69 is 0.652444

gibbs sample time: 1.18753 seconds
probability of topic_Department_91 is 0.458222

gibbs sample time: 0.233877 seconds
probability of topic_Staff_81 is 0.443556

gibbs sample time: 1.18272 seconds
probability of topic_Department_45 is 0.479444

gibbs sample time: 1.10978 seconds
probability of topic_Student_89 is 0.493556

gibbs sample time: 0.459243 seconds
probability of topic_Staff_57 is 0.455444

gibbs sample time: 0.457505 seconds
probability of topic_Staff_61 is 0.503222

gibbs sample time: 0.055809 seconds
probability of topic_Staff_1 is 0.413333

gibbs sample time: 1.71429 seconds
probability of topic_Department_157 is 0.535556

gibbs sample time: 1.5048 seconds
probability of topic_Department_59 is 0.525

gibbs sample time: 1.24708 seconds
probability of topic_Person_54 is 0.495667

gibbs sample time: 0.45735 seconds
probability of topic_Staff_168 is 0.437889

gibbs sample time: 1.02225 seconds
probability of topic_Student_72 is 0.563444

gibbs sample time: 0.093053 seconds
probability of topic_Faculty_68 is 0.341889

gibbs sample time: 0.509146 seconds
probability of topic_Department_58 is 0.454556

gibbs sample time: 0.515382 seconds
probability of topic_Faculty_30 is 0.448667

gibbs sample time: 0.79492 seconds
probability of topic_Staff_33 is 0.499556

gibbs sample time: 0.060973 seconds
probability of topic_Department_9 is 0.492222

gibbs sample time: 0.059904 seconds
probability of topic_Student_39 is 0.477222

gibbs sample time: 0.056272 seconds
probability of topic_Faculty_1 is 0.576333

gibbs sample time: 1.07012 seconds
probability of topic_Student_102 is 0.571222

gibbs sample time: 1.01645 seconds
probability of topic_Course_174 is 0.524111

gibbs sample time: 0.057087 seconds
probability of topic_Person_75 is 0.489778

gibbs sample time: 0.061609 seconds
probability of topic_ResearchProject_15 is 0.502778

gibbs sample time: 0.269048 seconds
probability of topic_Course_25 is 0.336778

gibbs sample time: 0.061477 seconds
probability of topic_Department_26 is 0.506778

gibbs sample time: 0.088216 seconds
probability of topic_Staff_5 is 0.524222

gibbs sample time: 0.221924 seconds
probability of topic_Person_19 is 0.685778

gibbs sample time: 0.059985 seconds
probability of topic_Faculty_99 is 0.478

gibbs sample time: 0.41961 seconds
probability of topic_Staff_67 is 0.472556

gibbs sample time: 0.058432 seconds
probability of topic_Student_46 is 0.491444

gibbs sample time: 0.06284 seconds
probability of topic_Student_70 is 0.427444

gibbs sample time: 0.085985 seconds
probability of topic_Staff_22 is 0.494556

gibbs sample time: 0.119288 seconds
probability of topic_Staff_76 is 0.412

gibbs sample time: 0.059989 seconds
probability of topic_Student_90 is 0.504

gibbs sample time: 0.059814 seconds
probability of topic_Student_74 is 0.501444

gibbs sample time: 0.059752 seconds
probability of topic_Department_56 is 0.486889

gibbs sample time: 0.863838 seconds
probability of topic_ResearchProject_33 is 0.468333

gibbs sample time: 0.51269 seconds
probability of topic_Faculty_111 is 0.473222

gibbs sample time: 0.05849 seconds
probability of topic_Staff_6 is 0.462111

gibbs sample time: 0.870978 seconds
probability of topic_ResearchProject_164 is 0.423667

gibbs sample time: 0.268931 seconds
probability of topic_Student_81 is 0.578556

gibbs sample time: 0.491392 seconds
probability of topic_Course_111 is 0.353

gibbs sample time: 1.07574 seconds
probability of topic_Person_102 is 0.549111

gibbs sample time: 0.058567 seconds
probability of topic_Person_9 is 0.414556

gibbs sample time: 0.433812 seconds
probability of topic_Person_67 is 0.515222

gibbs sample time: 1.043 seconds
probability of topic_Course_28 is 0.481667

gibbs sample time: 1.7003 seconds
probability of topic_Person_133 is 0.524556

gibbs sample time: 0.055798 seconds
probability of topic_Person_6 is 0.478667

gibbs sample time: 0.248202 seconds
probability of topic_Faculty_119 is 0.490889

gibbs sample time: 0.093068 seconds
probability of topic_Course_22 is 0.394111

gibbs sample time: 0.305287 seconds
probability of topic_ResearchProject_145 is 0.505111

gibbs sample time: 0.091215 seconds
probability of topic_Student_15 is 0.528778

gibbs sample time: 1.02328 seconds
probability of topic_Student_118 is 0.554222

gibbs sample time: 0.23019 seconds
probability of topic_Staff_19 is 0.405778

gibbs sample time: 1.10707 seconds
probability of topic_Staff_91 is 0.421556

gibbs sample time: 0.313718 seconds
probability of topic_ResearchProject_17 is 0.497778

gibbs sample time: 0.057148 seconds
probability of topic_Person_90 is 0.645889

gibbs sample time: 0.143815 seconds
probability of topic_Staff_77 is 0.418

gibbs sample time: 0.87925 seconds
probability of topic_ResearchProject_209 is 0.394778

gibbs sample time: 1.54685 seconds
probability of topic_ResearchProject_2 is 0.508778

gibbs sample time: 0.061488 seconds
probability of topic_Faculty_51 is 0.403444

gibbs sample time: 0.059945 seconds
probability of topic_Faculty_85 is 0.494667

gibbs sample time: 0.154344 seconds
probability of topic_Department_47 is 0.238556

gibbs sample time: 0.056808 seconds
probability of topic_Staff_62 is 0.485

gibbs sample time: 0.416778 seconds
probability of topic_Course_35 is 0.491889

gibbs sample time: 0.231364 seconds
probability of topic_Staff_20 is 0.430111

gibbs sample time: 0.198234 seconds
probability of topic_Faculty_73 is 0.525111

gibbs sample time: 0.05817 seconds
probability of topic_Staff_38 is 0.425667

gibbs sample time: 0.429289 seconds
probability of topic_Department_92 is 0.445778

gibbs sample time: 0.445832 seconds
probability of topic_Faculty_67 is 0.432111

gibbs sample time: 0.449096 seconds
probability of topic_Faculty_134 is 0.426889

gibbs sample time: 0.056075 seconds
probability of topic_Course_37 is 0.419778

gibbs sample time: 0.305252 seconds
probability of topic_Department_81 is 0.609111

gibbs sample time: 1.10883 seconds
probability of topic_Faculty_102 is 0.542778

gibbs sample time: 0.090466 seconds
probability of topic_Faculty_76 is 0.509889

gibbs sample time: 1.50584 seconds
probability of topic_Department_54 is 0.512556

gibbs sample time: 1.49466 seconds
probability of topic_Department_114 is 0.432556

gibbs sample time: 1.10224 seconds
probability of topic_Staff_45 is 0.432333

gibbs sample time: 1.15568 seconds
probability of topic_ResearchProject_258 is 0.485222

gibbs sample time: 0.242921 seconds
probability of topic_ResearchProject_187 is 0.332556

gibbs sample time: 0.243599 seconds
probability of topic_ResearchProject_13 is 0.535333

gibbs sample time: 0.376052 seconds
probability of topic_Staff_4 is 0.411222

gibbs sample time: 0.119965 seconds
probability of topic_Course_76 is 0.437889

gibbs sample time: 1.12684 seconds
probability of topic_ResearchProject_126 is 0.452889

gibbs sample time: 0.083016 seconds
probability of topic_Course_15 is 0.427

gibbs sample time: 0.060582 seconds
probability of topic_ResearchProject_71 is 0.480556

gibbs sample time: 1.00524 seconds
probability of topic_Faculty_78 is 0.459222

gibbs sample time: 0.090408 seconds
probability of topic_Staff_64 is 0.397778

gibbs sample time: 0.549185 seconds
probability of topic_ResearchProject_42 is 0.408444

gibbs sample time: 0.285169 seconds
probability of topic_Person_93 is 0.216556

gibbs sample time: 0.060145 seconds
probability of topic_Staff_66 is 0.431667

gibbs sample time: 1.72758 seconds
probability of topic_Course_18 is 0.375667

gibbs sample time: 0.37396 seconds
probability of topic_Staff_111 is 0.522

gibbs sample time: 1.38932 seconds
probability of topic_Staff_54 is 0.491222

gibbs sample time: 0.15258 seconds
probability of topic_Faculty_94 is 0.189333

gibbs sample time: 0.08627 seconds
probability of topic_Person_97 is 0.620222

gibbs sample time: 0.060495 seconds
probability of topic_ResearchProject_96 is 0.494

gibbs sample time: 0.060001 seconds
probability of topic_Department_75 is 0.466889

gibbs sample time: 0.056518 seconds
probability of topic_Faculty_6 is 0.485889

gibbs sample time: 0.091431 seconds
probability of topic_Staff_53 is 0.439889

gibbs sample time: 0.271363 seconds
probability of topic_Course_20 is 0.465

gibbs sample time: 0.058786 seconds
probability of topic_ResearchProject_95 is 0.471444

gibbs sample time: 1.69483 seconds
probability of topic_Department_18 is 0.408778

gibbs sample time: 1.18695 seconds
probability of topic_Department_78 is 0.430889

gibbs sample time: 0.271637 seconds
probability of topic_Course_231 is 0.491778

gibbs sample time: 0.065618 seconds
probability of topic_Department_65 is 0.389

gibbs sample time: 0.061589 seconds
probability of topic_Student_60 is 0.507111

gibbs sample time: 1.19378 seconds
probability of topic_Department_258 is 0.499889

gibbs sample time: 0.508424 seconds
probability of topic_Department_110 is 0.392222

gibbs sample time: 1.00592 seconds
probability of topic_Faculty_89 is 0.459111

gibbs sample time: 0.262923 seconds
probability of topic_Person_81 is 0.496889

gibbs sample time: 0.058331 seconds
probability of topic_Faculty_95 is 0.479778

gibbs sample time: 0.258998 seconds
probability of topic_Person_20 is 0.489

gibbs sample time: 0.185116 seconds
probability of topic_Department_52 is 0.465667

gibbs sample time: 0.061023 seconds
probability of topic_ResearchProject_84 is 0.409444

gibbs sample time: 0.153543 seconds
probability of topic_ResearchProject_32 is 0.457

gibbs sample time: 0.060439 seconds
probability of topic_ResearchProject_40 is 0.437333

gibbs sample time: 0.274292 seconds
probability of topic_Faculty_17 is 0.549444

gibbs sample time: 0.062581 seconds
probability of topic_Student_22 is 0.621889

gibbs sample time: 0.05824 seconds
probability of topic_Staff_84 is 0.472

gibbs sample time: 0.056249 seconds
probability of topic_Staff_80 is 0.451444

gibbs sample time: 0.060356 seconds
probability of topic_Student_38 is 0.455667

gibbs sample time: 0.14486 seconds
probability of topic_Staff_47 is 0.334222

gibbs sample time: 0.055469 seconds
probability of topic_Staff_44 is 0.419556

gibbs sample time: 0.239333 seconds
probability of topic_ResearchProject_49 is 0.507556

gibbs sample time: 1.15578 seconds
probability of topic_ResearchProject_78 is 0.439778

gibbs sample time: 0.089362 seconds
probability of topic_Faculty_53 is 0.482778

gibbs sample time: 0.056123 seconds
probability of topic_Staff_86 is 0.422111

gibbs sample time: 1.10819 seconds
probability of topic_Department_50 is 0.408778

gibbs sample time: 1.10142 seconds
probability of topic_Department_102 is 0.374222

gibbs sample time: 1.0972 seconds
probability of topic_Department_28 is 0.477

gibbs sample time: 0.058225 seconds
probability of topic_Course_38 is 0.478111

gibbs sample time: 0.05818 seconds
probability of topic_Person_66 is 0.486111

gibbs sample time: 0.05805 seconds
probability of topic_Course_68 is 0.495556

gibbs sample time: 1.71567 seconds
probability of topic_Course_12 is 0.531889

gibbs sample time: 1.73744 seconds
probability of topic_Course_155 is 0.453778

gibbs sample time: 0.058412 seconds
probability of topic_Faculty_44 is 0.574778

gibbs sample time: 0.058524 seconds
probability of topic_Course_75 is 0.412444

gibbs sample time: 1.68811 seconds
probability of topic_Student_133 is 0.561

gibbs sample time: 0.351417 seconds
probability of topic_ResearchProject_31 is 0.405778

gibbs sample time: 0.35088 seconds
probability of topic_ResearchProject_92 is 0.508111

gibbs sample time: 0.061116 seconds
probability of topic_Department_60 is 0.518222

gibbs sample time: 0.508442 seconds
probability of topic_Department_130 is 0.498667

gibbs sample time: 0.440091 seconds
probability of topic_Faculty_57 is 0.478333

gibbs sample time: 0.196241 seconds
probability of topic_Course_19 is 0.411778

gibbs sample time: 0.239226 seconds
probability of topic_Course_49 is 0.439222

gibbs sample time: 0.078275 seconds
probability of topic_Faculty_16 is 0.515889

gibbs sample time: 0.155374 seconds
probability of topic_Student_63 is 0.373333

gibbs sample time: 1.67877 seconds
probability of topic_Department_155 is 0.540667

gibbs sample time: 0.086589 seconds
probability of topic_Course_5 is 0.407667

gibbs sample time: 0.247521 seconds
probability of topic_Department_49 is 0.475111

gibbs sample time: 0.056118 seconds
probability of topic_Person_37 is 0.497667

gibbs sample time: 0.115988 seconds
probability of topic_Course_23 is 0.696222

gibbs sample time: 0.303605 seconds
probability of topic_Staff_231 is 0.469222

gibbs sample time: 0.847467 seconds
probability of topic_Person_33 is 0.365556

gibbs sample time: 0.846256 seconds
probability of topic_Person_209 is 0.525444

gibbs sample time: 0.846598 seconds
probability of topic_Person_164 is 0.571556

gibbs sample time: 0.244848 seconds
probability of topic_Student_13 is 0.307

gibbs sample time: 0.24453 seconds
probability of topic_Student_187 is 0.611556

gibbs sample time: 0.471998 seconds
probability of topic_Person_4 is 0.486778

gibbs sample time: 1.67209 seconds
probability of topic_Faculty_18 is 0.454111

gibbs sample time: 0.060203 seconds
probability of topic_Faculty_82 is 0.415111

gibbs sample time: 1.08339 seconds
probability of topic_Student_258 is 0.527889

gibbs sample time: 0.083714 seconds
probability of topic_Staff_97 is 0.574556

gibbs sample time: 0.142921 seconds
probability of topic_Student_77 is 0.615222

gibbs sample time: 0.210568 seconds
probability of topic_ResearchProject_73 is 0.492

gibbs sample time: 0.058548 seconds
probability of topic_Course_95 is 0.515667

gibbs sample time: 0.507784 seconds
probability of topic_Student_130 is 0.495444

gibbs sample time: 0.089013 seconds
probability of topic_ResearchProject_97 is 0.469

gibbs sample time: 0.146302 seconds
probability of topic_Department_77 is 0.587778

gibbs sample time: 1.04802 seconds
probability of topic_Department_174 is 0.817778

gibbs sample time: 0.210297 seconds
probability of topic_Student_65 is 0.551778

gibbs sample time: 0.523505 seconds
probability of topic_Person_42 is 0.591778

gibbs sample time: 0.519454 seconds
probability of topic_Person_186 is 0.452333

gibbs sample time: 1.0034 seconds
probability of topic_Staff_72 is 0.313778

gibbs sample time: 0.458547 seconds
probability of topic_Staff_186 is 0.454889

gibbs sample time: 0.058815 seconds
probability of topic_Course_34 is 0.468556

gibbs sample time: 0.278204 seconds
probability of topic_Course_81 is 0.540111

gibbs sample time: 0.059616 seconds
probability of topic_ResearchProject_90 is 0.574778

gibbs sample time: 0.090755 seconds
probability of topic_Department_79 is 0.571778

gibbs sample time: 0.055984 seconds
probability of topic_Staff_56 is 0.442778

gibbs sample time: 1.10663 seconds
probability of topic_Staff_258 is 0.399889

gibbs sample time: 0.0598 seconds
probability of topic_Student_82 is 0.518111

gibbs sample time: 0.398266 seconds
probability of topic_Person_87 is 0.591889

gibbs sample time: 0.059533 seconds
probability of topic_Department_90 is 0.562778

gibbs sample time: 0.43329 seconds
probability of topic_Student_31 is 0.563889

gibbs sample time: 0.060046 seconds
probability of topic_Faculty_26 is 0.596444

gibbs sample time: 1.05424 seconds
probability of topic_Faculty_106 is 0.515

gibbs sample time: 0.060622 seconds
probability of topic_Student_83 is 0.525111

gibbs sample time: 1.16067 seconds
probability of topic_ResearchProject_89 is 0.464556

gibbs sample time: 0.063134 seconds
probability of topic_ResearchProject_60 is 0.492

gibbs sample time: 0.436232 seconds
probability of topic_Department_31 is 0.446222

gibbs sample time: 0.085692 seconds
probability of topic_Person_21 is 0.455667

gibbs sample time: 0.058699 seconds
probability of topic_Course_56 is 0.425556

gibbs sample time: 0.426414 seconds
probability of topic_Course_134 is 0.438444

gibbs sample time: 0.795418 seconds
probability of topic_Staff_164 is 0.443222

gibbs sample time: 0.056777 seconds
probability of topic_Course_90 is 0.410111

gibbs sample time: 0.085948 seconds
probability of topic_Person_14 is 0.448

gibbs sample time: 0.45395 seconds
probability of topic_Staff_105 is 0.591

gibbs sample time: 0.058345 seconds
probability of topic_ResearchProject_44 is 0.357667

gibbs sample time: 1.04652 seconds
probability of topic_Person_91 is 0.355778

gibbs sample time: 1.05894 seconds
probability of topic_Department_118 is 0.43

gibbs sample time: 0.059701 seconds
probability of topic_ResearchProject_6 is 0.469333

gibbs sample time: 0.059239 seconds
probability of topic_Course_85 is 0.544222

gibbs sample time: 0.060215 seconds
probability of topic_Person_71 is 0.663778

gibbs sample time: 0.0623 seconds
probability of topic_Faculty_66 is 0.401667

gibbs sample time: 1.10084 seconds
probability of topic_Department_41 is 0.366333

gibbs sample time: 1.08049 seconds
probability of topic_Department_72 is 0.335333

gibbs sample time: 0.526858 seconds
probability of topic_Department_8 is 0.654

gibbs sample time: 0.485018 seconds
probability of topic_Person_111 is 0.686222

gibbs sample time: 1.50312 seconds
probability of topic_Course_59 is 0.623778

gibbs sample time: 0.086662 seconds
probability of topic_Person_5 is 0.498333

gibbs sample time: 0.088297 seconds
probability of topic_Course_88 is 0.521

gibbs sample time: 1.43276 seconds
probability of topic_Course_126 is 0.362333

gibbs sample time: 1.43034 seconds
probability of topic_Course_156 is 0.519222

gibbs sample time: 0.058258 seconds
probability of topic_Faculty_80 is 0.425111

gibbs sample time: 1.42647 seconds
probability of topic_Course_3 is 0.439111

gibbs sample time: 0.144154 seconds
probability of topic_Faculty_77 is 0.468556

gibbs sample time: 0.51799 seconds
probability of topic_Student_4 is 0.443333

gibbs sample time: 0.060312 seconds
probability of topic_Course_26 is 0.552778

gibbs sample time: 0.060725 seconds
probability of topic_Person_26 is 0.515

gibbs sample time: 0.246201 seconds
probability of topic_ResearchProject_65 is 0.427222

gibbs sample time: 0.413951 seconds
probability of topic_Person_92 is 0.458778

gibbs sample time: 0.293617 seconds
probability of topic_Department_116 is 0.433

gibbs sample time: 1.72534 seconds
probability of topic_Course_199 is 0.472222

gibbs sample time: 1.50887 seconds
probability of topic_Department_217 is 0.533556

gibbs sample time: 0.091719 seconds
probability of topic_Department_51 is 0.464111

gibbs sample time: 0.061275 seconds
probability of topic_Person_99 is 0.400556

gibbs sample time: 0.390647 seconds
probability of topic_Staff_92 is 0.434333

gibbs sample time: 0.09831 seconds
probability of topic_Faculty_88 is 0.56

gibbs sample time: 0.060706 seconds
probability of topic_ResearchProject_85 is 0.515

gibbs sample time: 0.417682 seconds
probability of topic_Staff_11 is 0.411556

gibbs sample time: 0.415987 seconds
probability of topic_Staff_134 is 0.388778

gibbs sample time: 0.057929 seconds
probability of topic_Faculty_98 is 0.418778

gibbs sample time: 0.063765 seconds
probability of topic_ResearchProject_9 is 0.645222

gibbs sample time: 0.061845 seconds
probability of topic_Student_34 is 0.587778

gibbs sample time: 0.310964 seconds
probability of topic_Department_231 is 0.457556

gibbs sample time: 1.42654 seconds
probability of topic_Course_114 is 0.430222

gibbs sample time: 0.121999 seconds
probability of topic_Student_23 is 0.209111

gibbs sample time: 0.552229 seconds
probability of topic_ResearchProject_186 is 0.402889

gibbs sample time: 0.062026 seconds
probability of topic_ResearchProject_16 is 0.493778

gibbs sample time: 0.060529 seconds
probability of topic_Person_43 is 0.477111

gibbs sample time: 1.68265 seconds
probability of topic_Faculty_155 is 0.613333

gibbs sample time: 0.058575 seconds
probability of topic_Student_95 is 0.510333

gibbs sample time: 0.31283 seconds
probability of topic_Department_25 is 0.275

gibbs sample time: 1.67583 seconds
probability of topic_Faculty_157 is 0.529889

gibbs sample time: 0.059972 seconds
probability of topic_Faculty_60 is 0.445

gibbs sample time: 0.061142 seconds
probability of topic_Staff_96 is 0.498778

gibbs sample time: 0.062092 seconds
probability of topic_Department_39 is 0.420778

gibbs sample time: 1.50621 seconds
probability of topic_Staff_169 is 0.762778

gibbs sample time: 1.51392 seconds
probability of topic_Staff_18 is 0.376556

gibbs sample time: 0.237322 seconds
probability of topic_Person_187 is 0.608222

gibbs sample time: 0.05873 seconds
probability of topic_Student_98 is 0.632667

gibbs sample time: 1.71072 seconds
probability of topic_Student_24 is 0.564889

gibbs sample time: 0.11436 seconds
probability of topic_ResearchProject_77 is 0.515111

gibbs sample time: 0.089739 seconds
probability of topic_Person_27 is 0.516667

gibbs sample time: 0.059117 seconds
probability of topic_ResearchProject_62 is 0.621556

gibbs sample time: 0.487077 seconds
probability of topic_Staff_8 is 0.575333

gibbs sample time: 0.089928 seconds
probability of topic_Student_14 is 0.459111

gibbs sample time: 0.08723 seconds
probability of topic_Staff_51 is 0.392

gibbs sample time: 0.486223 seconds
probability of topic_Staff_110 is 0.385

gibbs sample time: 0.088315 seconds
probability of topic_Course_77 is 0.223444

gibbs sample time: 0.286384 seconds
probability of topic_Department_93 is 0.45

gibbs sample time: 0.061025 seconds
probability of topic_Student_75 is 0.461333

gibbs sample time: 0.190993 seconds
probability of topic_ResearchProject_7 is 0.447667

gibbs sample time: 0.058546 seconds
probability of topic_ResearchProject_37 is 0.447333

gibbs sample time: 1.15379 seconds
probability of topic_ResearchProject_91 is 0.535111

gibbs sample time: 0.062716 seconds
probability of topic_Course_86 is 0.410222

gibbs sample time: 0.06798 seconds
probability of topic_Person_60 is 0.485889

gibbs sample time: 1.72253 seconds
probability of topic_Student_2 is 0.452111

gibbs sample time: 0.546944 seconds
probability of topic_Student_30 is 0.478

gibbs sample time: 1.71287 seconds
probability of topic_Student_199 is 0.603444

gibbs sample time: 1.73033 seconds
probability of topic_Student_18 is 0.459444

gibbs sample time: 0.213413 seconds
probability of topic_Student_119 is 0.469778

gibbs sample time: 0.262829 seconds
probability of topic_Faculty_13 is 0.557111

gibbs sample time: 0.254828 seconds
probability of topic_Faculty_187 is 0.657556

gibbs sample time: 0.39206 seconds
probability of topic_Person_168 is 0.487222

gibbs sample time: 0.058073 seconds
probability of topic_Staff_85 is 0.420333

gibbs sample time: 0.490759 seconds
probability of topic_Course_4 is 0.499

gibbs sample time: 0.435341 seconds
probability of topic_Student_92 is 0.506889

gibbs sample time: 0.492266 seconds
probability of topic_Course_58 is 0.527333

gibbs sample time: 0.432849 seconds
probability of topic_Student_120 is 0.538556

gibbs sample time: 0.058603 seconds
probability of topic_Faculty_56 is 0.446778

gibbs sample time: 0.297522 seconds
probability of topic_Faculty_93 is 0.421889

gibbs sample time: 0.187989 seconds
probability of topic_Department_32 is 0.536111

gibbs sample time: 0.060083 seconds
probability of topic_Faculty_43 is 0.544556

gibbs sample time: 0.096732 seconds
probability of topic_Department_97 is 0.688111

gibbs sample time: 0.064072 seconds
probability of topic_Student_99 is 0.476111

gibbs sample time: 1.14696 seconds
probability of topic_ResearchProject_3 is 0.461556

gibbs sample time: 0.058614 seconds
probability of topic_Staff_88 is 0.633667

gibbs sample time: 0.059118 seconds
probability of topic_Student_80 is 0.487556

gibbs sample time: 0.146598 seconds
probability of topic_Person_94 is 0.224222

gibbs sample time: 0.062094 seconds
probability of topic_Student_71 is 0.599556

