observed tuples: r3380 r465 r4745 r3898 r511 r3157 r1907 r4938 r258 r4130 r2085 r3969 r1566 r3656 r2992 r50 r3152 r2559 r3982 r565 r3923 r3392 r1295 r3653 r4427 r3347 r2396 r2874 r2647 r4445 r3078 r978 r576 r4775 r3319 r2517 r1660 r4739 r4459 r3589 r3519 r4304 r1709 r4033 r3806 r4600 r2765 r3192 r2726 r2127 r3673 r1470 r3092 r3518 r3565 r681 r2525 r347 r1575 r3313 r4863 r2492 r2950 r1256 r3141 r3308 r2367 r2354 r1063 r3348 r543 r1004 r2741 r734 r3315 r4108 r549 r4654 r3224 r861 r3474 r3472 r4243 r2042 r2161 r1812 r3400 r4365 r3137 r1829 r1376 r4635 r1897 r2125 links_116_93 links_8_110 r4070 r2236 r358 r4425 r1441 links_11_67 hasword_confer_9 links_81_20 r2618 r1043 r51 hasword_base_1 r4735 r3897 r3252 r3718 r1227 r4463 r3724 r3410 r2088 r4494 r4140 r3757 r1906 r4159 hasword_effici_51 r2264 links_11_134 hasword_version_82 r1900 r3520 r4227 r3205 r651 r2456 r991 hasword_count_52 r180 r980 r4750 r642 r1707 hasword_june_118 r1258 r913 r3076 links_133_24 hasword_modifi_25 hasword_wa_15 r4205 r4929 r993 r1354 r4749 r3600 r2333 links_57_168 r2750 hasword_oct_44 r4966 r818 r2774 r4906 r400 r3426 r840 r2668 r2170 r760 r4692 r4118 hasword_text_22 r3768 r4392 hasword_gmt_67 hasword_program_70 r1891 r1944 r351 hasword_system_29 r2049 hasword_postscript_17 r2862 r2389 r4093 r3468 r2720 r192 r476 hasword_queri_76 r78 r2913 hasword_gmt_76 r411 r4150 r4211 r2384 links_87_35 r146 r1494 r212 hasword_text_45 hasword_materi_23 r4891 r2875 r721 hasword_move_48 hasword_type_168 r4837 r1377 r1520 r424 hasword_utexa_54 r2263 r2478 links_41_72 r1078 r4924 r2100 hasword_ta_24 r4487 r3834 r75 r4358 r3536 r4560 hasword_instruct_81 r408 r3050 r3478 links_41_106 r2588 hasword_algorithm_84 links_41_115 r900 r1321 r2448 hasword_made_90 r3856 hasword_press_20 r1285 hasword_wide_35 hasword_document_92 r4 hasword_server_66 r1277 r2611 hasword_parallel_72 r2981 r2549 r809 r3708 r1089 r356 hasword_window_39 hasword_chapter_60 r4665 links_54_114 r1325 hasword_left_75 r4610 hasword_direct_63 r3416 r4651 links_50_29 r3978 r273 r4744 links_57_61 r3237 r161 r4653 hasword_room_30 r4490 r4852 r3583 r3431 r4180 r2804 r2733 r3947 r2780 r3067 r1530 r4718 hasword_date_53 r3818 r1237 hasword_date_74 r1506 r4987 r872 r3692 r4290 r4996 r3183 r1261 r246 r1017 hasword_page_97 hasword_onlin_88 r359 r3590 hasword_consist_49 r2461 r2680 r2229 r769 r4324 r2999 hasword_class_59 hasword_base_47 r2321 r2303 links_45_48 hasword_sequenc_43 hasword_orient_126 links_126_3 r2561 r2714 r337 r4156 r3622 r4062 r4371 hasword_solution_14 r1386 r3844 links_29_28 r3853 r1737 hasword_past_32 hasword_window_99 r3185 r121 hasword_provid_28 hasword_modifi_134 hasword_propos_32 r3221 r1282 hasword_librari_3 r917 hasword_form_94 r2395 r3253 r520 r644 hasword_add_14 r843 r3516 r3084 r1969 r4174 r2279 r3524 r2580 hasword_wait_52 r4873 r3719 links_110_8 links_59_126 r3236 hasword_institut_169 r3330 r4993 r1468 r1615 r929 r794 hasword_develop_10 hasword_version_18 r3130 r2520 r2521 r4045 r3276 links_28_102 hasword_hall_102 r4628 r4573 r1333 r144 hasword_aug_98 hasword_html_19 r4817 r2591 hasword_resourc_78 r2706 r1462 r1465 r1332 r4680 r790 r187 hasword_wide_50 hasword_group_115 r10 r4092 r3725 r1775 links_30_136 links_87_10 r3475 r3736 r2608 hasword_mime_114 r4777 hasword_definit_21 r1558 r961 hasword_numer_119 r737 r4563 hasword_india_68 hasword_type_136 links_168_57 hasword_content_40 r603 hasword_line_4 r4082 r536 r3934 r912 r4126 r3188 r155 hasword_test_125 r3144 r1913 links_2_169 r4948 r4854 r4706 r2799 r775 r4970 r2791 r4806 r2099 r2168 r3244 r3409 hasword_ph_34 r4558 r4123 r1364 r2429 hasword_investig_106 links_136_125 r1475 hasword_event_35 r2486 r2884 r339 r4195 r615 hasword_docum_79 r2267 r3271 hasword_jan_79 hasword_faculti_33 r2736 r123 r3383 hasword_sourc_64 links_65_119 hasword_educ_95 r2815 r1099 r2376 r4658 r1626 r219 r4816 r831 r1940 links_50_102 hasword_machin_22 r4146 r2050 links_50_28 r136 r1019 r3 hasword_logic_7 r4111 r1703 r4835 r4465 hasword_nov_62 r795 r1719 r2893 r4077 r1342 r3019 r3451 r346 hasword_jan_8 hasword_paul_61 r930 r3256 hasword_univers_88 r1580 r896 r126 links_102_50 r784 r3636 r2242 r797 r1753 r4845 r3044 r942 r3440 r484 r485 r4879 r4031 links_41_118 r2671 r1489 r990 r3873 r3031 r4855 hasword_gmt_37 r3365 hasword_paper_26 hasword_mondai_68 hasword_jan_27 r1276 r4209 hasword_deriv_65 r1810 r4216 hasword_unit_57 r1642 hasword_modifi_110 r3042 hasword_dynam_3 r876 r1385 r238 r2616 r3794 r2984 r2452 hasword_task_47 r4771 r3168 r2018 r1782 hasword_major_41 r3655 r659 r3338 r2629 hasword_principl_83 r231 r181 r1093 r214 r62 r4484 hasword_jan_42 r2840 hasword_architectur_7 r1304 hasword_engin_42 r3360 r4341 hasword_prototyp_7 hasword_transfer_12 r3298 r1116 r392 r1873 r263 r3576 r2746 r3887 r4512 r2198 r4824 r4473 r1763 r4379 r1678 hasword_current_35 hasword_html_46 links_93_116 r55 r3194 r4843 r1083 r3786 r2096 r4527 hasword_html_94 hasword_student_94 r2415 r4300 r1574 r3689 hasword_oct_11 r4731 hasword_author_93 r2270 r2812 r2763 r4396 hasword_techniqu_89 r3882 hasword_chang_63 r3423 r3893 r4542 r1024 r1319 r39 r4642 r3014 r1149 r1061 r2831 r413 r1622 hasword_date_80 r3628 hasword_manag_16 r1402 hasword_date_23 r893 r3704 r4258 hasword_colleg_38 r1057 hasword_jan_120 r4683 r4740 r3303 r1025 hasword_write_31 links_31_92 hasword_mime_86 r1768 hasword_equal_52 r2816 r272 r3415 r4022 r4438 r3255 r1236 r2864 r3813 r2472 r2973 r2449 hasword_tx_133 hasword_version_41 hasword_process_36 r4922 hasword_content_36 r4165 r3566 r544 r2405 r1435 r1570 r147 r510 r4730 r2796 r3017 r1427 r4565 hasword_ed_42 r2712 r2516 r3784 r836 r455 r2908 r2967 r3394 r967 r1675 r4000 r3539 r1390 r354 r4332 r3961 r3548 r2067 r710 r3069 r2942 r2347 r1269 r1155 links_31_120 hasword_nov_19 r3828 links_19_49 r24 r4568 hasword_jan_97 r1546 r1994 r3864 r2701 r2245 r2269 r3508 r2043 r7 r300 r1887 r3377 hasword_gmt_5 r2345 hasword_jan_5 hasword_network_73 r1001 r365 r3931 r341 r1910 r3176 hasword_austin_32 hasword_paramet_20 hasword_austin_69 r2734 r2093 r1287 r1217 hasword_intellig_47 r1098 r2446 r2826 r162 r3800 r1764 hasword_order_47 r2266 r941 r2414 r3975 hasword_address_157 r2792 r1696 r3720 r3363 hasword_point_155 hasword_includ_155 links_155_157 r3239 links_155_133 hasword_univers_12 r2111 links_12_155 r205 r2842 r2066 r2604 r3914 r2118 r3562 r2821 rl r3169 r4431 r2581 r70 r2575 r724 r143 r621 r4317 r3735 r4584 r3601 r1669 r378 r2952 r1823 r4434 r1498 r4954 r1688 hasword_environ_53 r4842 hasword_pointer_85 r2927 r3661 r2756 r3202 r1871 r4919 r302 hasword_unit_7 r4972 r2844 r1353 links_91_45 r3186 r3787 r3425 r960 r4194 r4452 r2176 r3343 r2483 r3335 r3954 r2153 r4995 r4632 r3534 r3312 r1809 r1028 r2533 r4107 r2623 r1195 r3816 links_55_73 r1979 hasword_build_58 r3907 r2241 r1266 r1431 r3986 r2358 r3749 r1828 r2055 r3420 r3222 hasword_texa_6 r3007 hasword_gmt_50 r1921 r1380 hasword_includ_13 r4857 r4820 r1557 r4372 r4030 r3492 r1437 hasword_resourc_2 r3935 r3745 r4367 r897 hasword_john_116 r1893 r2215 r1984 r573 r3558 r4081 r303 r2235 r2830 r353 r2757 r1032 hasword_suggest_91 r3433 hasword_nation_55 r3393 r1989 r2253 r3559 r1961 r3950 r2390 r4222 r4117 r2276 r702 r650 r4604 r423 r1471 r4894 r2597 r2823 r3901 r3785 r1136 r1254 hasword_file_56 r440 r4503 r1409 r388 r1246 r2829 r834 r3793 r4104 r2337 r4648 r4231 r4612 links_106_41 r966 r2230 r3388 r3611 r2011 links_28_50 r962 r2814 r1180 r4712 r3167 r3184 r4307 r2880 hasword_work_71 r4943 r2431 r3247 r4688 r1225 r3875 r105 hasword_engin_87 r3563 links_29_50 r2467 r3866 r3574 r3998 r3857 r2785 hasword_elem_18 r1601 r3728 r4967 r142 hasword_area_17 r2640 r2060 r4224 r232 r3927 r1211 r4571 r1389 r2857 r2586 r3435 r2612 hasword_creat_96 r750 hasword_nov_77 r210 r2444 r1931 
size of observed tuples: 969
size of unobserved tuples: 784

gibbs sample time: 0.799144 seconds
probability of topic_Student_115 is 0.470222

gibbs sample time: 0.638346 seconds
probability of topic_Staff_12 is 0.479889

gibbs sample time: 0.063458 seconds
probability of topic_Student_16 is 0.421556

gibbs sample time: 0.061849 seconds
probability of topic_Department_71 is 0.451444

gibbs sample time: 0.214249 seconds
probability of topic_Course_65 is 0.469444

gibbs sample time: 0.087353 seconds
probability of topic_Student_5 is 0.511556

gibbs sample time: 0.064952 seconds
probability of topic_Department_96 is 0.456222

gibbs sample time: 0.061568 seconds
probability of topic_Department_98 is 0.339333

gibbs sample time: 0.061404 seconds
probability of topic_ResearchProject_95 is 0.476556

gibbs sample time: 0.063183 seconds
probability of topic_Course_82 is 0.397667

gibbs sample time: 0.373254 seconds
probability of topic_ResearchProject_125 is 0.489667

gibbs sample time: 0.091826 seconds
probability of topic_Staff_23 is 0.395444

gibbs sample time: 0.290649 seconds
probability of topic_Student_110 is 0.504667

gibbs sample time: 0.291699 seconds
probability of topic_Student_8 is 0.517778

gibbs sample time: 0.095152 seconds
probability of topic_Student_18 is 0.453111

gibbs sample time: 0.063827 seconds
probability of topic_ResearchProject_23 is 0.444111

gibbs sample time: 0.760528 seconds
probability of topic_Person_106 is 0.631556

gibbs sample time: 0.098139 seconds
probability of topic_Faculty_68 is 0.347333

gibbs sample time: 0.057603 seconds
probability of topic_Person_37 is 0.497222

gibbs sample time: 0.12763 seconds
probability of topic_ResearchProject_47 is 0.472333

gibbs sample time: 0.39696 seconds
probability of topic_Student_126 is 0.605

gibbs sample time: 0.396352 seconds
probability of topic_Student_59 is 0.594

gibbs sample time: 0.445022 seconds
probability of topic_Student_168 is 0.492222

gibbs sample time: 0.445609 seconds
probability of topic_Student_57 is 0.491889

gibbs sample time: 0.065597 seconds
probability of topic_Student_26 is 0.413444

gibbs sample time: 0.125217 seconds
probability of topic_Department_94 is 0.786556

gibbs sample time: 0.287535 seconds
probability of topic_Person_8 is 0.515111

gibbs sample time: 0.063494 seconds
probability of topic_Student_84 is 0.441111

gibbs sample time: 0.062935 seconds
probability of topic_Person_85 is 0.441

gibbs sample time: 0.057455 seconds
probability of topic_Person_74 is 0.491556

gibbs sample time: 0.160178 seconds
probability of topic_Faculty_47 is 0.554111

gibbs sample time: 0.057044 seconds
probability of topic_Person_62 is 0.713111

gibbs sample time: 0.755454 seconds
probability of topic_Student_157 is 0.565111

gibbs sample time: 0.751555 seconds
probability of topic_Student_155 is 0.250333

gibbs sample time: 0.058415 seconds
probability of topic_Student_71 is 0.604111

gibbs sample time: 0.114504 seconds
probability of topic_Person_94 is 0.540111

gibbs sample time: 0.057819 seconds
probability of topic_Staff_88 is 0.649667

gibbs sample time: 0.085459 seconds
probability of topic_Staff_18 is 0.370778

gibbs sample time: 0.059998 seconds
probability of topic_Student_99 is 0.476

gibbs sample time: 0.06005 seconds
probability of topic_Faculty_43 is 0.551444

gibbs sample time: 0.058029 seconds
probability of topic_Course_58 is 0.518889

gibbs sample time: 0.294695 seconds
probability of topic_Faculty_93 is 0.417222

gibbs sample time: 0.210077 seconds
probability of topic_Department_114 is 0.447111

gibbs sample time: 0.058295 seconds
probability of topic_Faculty_56 is 0.449889

gibbs sample time: 0.058137 seconds
probability of topic_Staff_85 is 0.422222

gibbs sample time: 0.06054 seconds
probability of topic_Faculty_13 is 0.581444

gibbs sample time: 0.062868 seconds
probability of topic_Student_85 is 0.518667

gibbs sample time: 0.091361 seconds
probability of topic_ResearchProject_68 is 0.293889

gibbs sample time: 0.182801 seconds
probability of topic_Student_119 is 0.465111

gibbs sample time: 0.170044 seconds
probability of topic_Student_2 is 0.49

gibbs sample time: 0.058202 seconds
probability of topic_Person_60 is 0.474889

gibbs sample time: 0.055994 seconds
probability of topic_Course_86 is 0.417889

gibbs sample time: 0.060896 seconds
probability of topic_Department_9 is 0.499889

gibbs sample time: 0.352524 seconds
probability of topic_ResearchProject_91 is 0.584333

gibbs sample time: 0.058464 seconds
probability of topic_ResearchProject_37 is 0.444222

gibbs sample time: 0.157382 seconds
probability of topic_ResearchProject_7 is 0.463667

gibbs sample time: 0.058757 seconds
probability of topic_Staff_46 is 0.426

gibbs sample time: 0.061172 seconds
probability of topic_Department_13 is 0.600444

gibbs sample time: 0.28576 seconds
probability of topic_Department_93 is 0.456778

gibbs sample time: 0.270285 seconds
probability of topic_Staff_110 is 0.382556

gibbs sample time: 0.272953 seconds
probability of topic_Staff_8 is 0.588111

gibbs sample time: 0.058755 seconds
probability of topic_ResearchProject_62 is 0.624556

gibbs sample time: 0.05874 seconds
probability of topic_ResearchProject_77 is 0.625222

gibbs sample time: 0.782474 seconds
probability of topic_Student_24 is 0.568

gibbs sample time: 0.079437 seconds
probability of topic_Student_98 is 0.644111

gibbs sample time: 0.220951 seconds
probability of topic_Course_119 is 0.479111

gibbs sample time: 0.204002 seconds
probability of topic_Staff_169 is 0.756111

gibbs sample time: 0.691113 seconds
probability of topic_Faculty_133 is 0.482333

gibbs sample time: 0.057972 seconds
probability of topic_Staff_96 is 0.499667

gibbs sample time: 0.690897 seconds
probability of topic_Faculty_157 is 0.459556

gibbs sample time: 0.058402 seconds
probability of topic_Student_95 is 0.510667

gibbs sample time: 0.690517 seconds
probability of topic_Faculty_155 is 0.596111

gibbs sample time: 0.060661 seconds
probability of topic_Person_43 is 0.485

gibbs sample time: 0.197872 seconds
probability of topic_Staff_114 is 0.432889

gibbs sample time: 0.061575 seconds
probability of topic_ResearchProject_9 is 0.651556

gibbs sample time: 0.058037 seconds
probability of topic_Student_75 is 0.468111

gibbs sample time: 0.05811 seconds
probability of topic_Faculty_98 is 0.423111

gibbs sample time: 0.337167 seconds
probability of topic_Staff_134 is 0.409444

gibbs sample time: 0.336455 seconds
probability of topic_Staff_11 is 0.404667

gibbs sample time: 0.060034 seconds
probability of topic_ResearchProject_85 is 0.518111

gibbs sample time: 0.233774 seconds
probability of topic_ResearchProject_81 is 0.457111

gibbs sample time: 0.341829 seconds
probability of topic_Staff_92 is 0.469222

gibbs sample time: 0.060553 seconds
probability of topic_Person_99 is 0.399889

gibbs sample time: 0.086891 seconds
probability of topic_Person_97 is 0.616222

gibbs sample time: 0.344363 seconds
probability of topic_Person_134 is 0.498333

gibbs sample time: 0.061293 seconds
probability of topic_Department_51 is 0.485444

gibbs sample time: 0.287486 seconds
probability of topic_Department_116 is 0.441444

gibbs sample time: 0.060674 seconds
probability of topic_Person_26 is 0.510333

gibbs sample time: 0.05828 seconds
probability of topic_Course_26 is 0.565222

gibbs sample time: 0.055929 seconds
probability of topic_Student_4 is 0.418444

gibbs sample time: 0.05833 seconds
probability of topic_Course_56 is 0.421667

gibbs sample time: 0.091962 seconds
probability of topic_Department_63 is 0.400778

gibbs sample time: 0.058282 seconds
probability of topic_Faculty_77 is 0.509333

gibbs sample time: 0.354452 seconds
probability of topic_Course_3 is 0.444

gibbs sample time: 0.358937 seconds
probability of topic_ResearchProject_136 is 0.438889

gibbs sample time: 0.353844 seconds
probability of topic_Course_126 is 0.461222

gibbs sample time: 0.082941 seconds
probability of topic_Person_5 is 0.509889

gibbs sample time: 0.353845 seconds
probability of topic_Course_59 is 0.613444

gibbs sample time: 0.286452 seconds
probability of topic_Department_110 is 0.391778

gibbs sample time: 0.286965 seconds
probability of topic_Department_8 is 0.657444

gibbs sample time: 0.116474 seconds
probability of topic_Staff_94 is 0.214667

gibbs sample time: 0.085934 seconds
probability of topic_Course_36 is 0.304556

gibbs sample time: 0.088741 seconds
probability of topic_Student_76 is 0.518333

gibbs sample time: 0.209634 seconds
probability of topic_Department_54 is 0.495444

gibbs sample time: 0.811525 seconds
probability of topic_Department_118 is 0.496556

gibbs sample time: 0.092047 seconds
probability of topic_Department_97 is 0.689667

gibbs sample time: 0.813801 seconds
probability of topic_Department_72 is 0.451556

gibbs sample time: 0.811787 seconds
probability of topic_Department_41 is 0.388444

gibbs sample time: 0.055961 seconds
probability of topic_Person_71 is 0.659

gibbs sample time: 0.092885 seconds
probability of topic_Student_23 is 0.301111

gibbs sample time: 0.059549 seconds
probability of topic_ResearchProject_6 is 0.468889

gibbs sample time: 0.189248 seconds
probability of topic_Person_91 is 0.390667

gibbs sample time: 0.058624 seconds
probability of topic_ResearchProject_44 is 0.371889

gibbs sample time: 0.086242 seconds
probability of topic_Person_14 is 0.450667

gibbs sample time: 0.060139 seconds
probability of topic_Faculty_82 is 0.411222

gibbs sample time: 0.336983 seconds
probability of topic_Course_134 is 0.448889

gibbs sample time: 0.057911 seconds
probability of topic_Person_21 is 0.469

gibbs sample time: 0.06031 seconds
probability of topic_ResearchProject_89 is 0.487667

gibbs sample time: 0.059931 seconds
probability of topic_Student_83 is 0.528556

gibbs sample time: 0.735168 seconds
probability of topic_Person_118 is 0.617111

gibbs sample time: 0.059793 seconds
probability of topic_Faculty_26 is 0.589444

gibbs sample time: 0.058947 seconds
probability of topic_Department_90 is 0.555889

gibbs sample time: 0.39319 seconds
probability of topic_Person_10 is 0.530444

gibbs sample time: 0.393801 seconds
probability of topic_Person_87 is 0.602

gibbs sample time: 0.060469 seconds
probability of topic_Student_82 is 0.511667

gibbs sample time: 0.057921 seconds
probability of topic_Staff_39 is 0.450556

gibbs sample time: 0.202113 seconds
probability of topic_Person_54 is 0.475444

gibbs sample time: 0.055926 seconds
probability of topic_Staff_56 is 0.438333

gibbs sample time: 0.09034 seconds
probability of topic_Department_79 is 0.567111

gibbs sample time: 0.203648 seconds
probability of topic_Student_55 is 0.531333

gibbs sample time: 0.238046 seconds
probability of topic_Course_81 is 0.530889

gibbs sample time: 0.058639 seconds
probability of topic_Course_34 is 0.474222

gibbs sample time: 0.114712 seconds
probability of topic_Person_42 is 0.664

gibbs sample time: 0.183398 seconds
probability of topic_Student_65 is 0.483778

gibbs sample time: 0.088056 seconds
probability of topic_ResearchProject_97 is 0.483667

gibbs sample time: 0.058651 seconds
probability of topic_Course_95 is 0.508778

gibbs sample time: 0.083111 seconds
probability of topic_Staff_97 is 0.581667

gibbs sample time: 0.059872 seconds
probability of topic_Student_13 is 0.323

gibbs sample time: 0.092071 seconds
probability of topic_Faculty_23 is 0.372889

gibbs sample time: 0.060803 seconds
probability of topic_ResearchProject_43 is 0.493889

gibbs sample time: 0.06048 seconds
probability of topic_Person_33 is 0.363111

gibbs sample time: 0.086071 seconds
probability of topic_Course_23 is 0.699444

gibbs sample time: 0.060851 seconds
probability of topic_Staff_13 is 0.502444

gibbs sample time: 0.090512 seconds
probability of topic_Department_36 is 0.427

gibbs sample time: 0.248038 seconds
probability of topic_Department_49 is 0.48

gibbs sample time: 0.060215 seconds
probability of topic_ResearchProject_18 is 0.483222

gibbs sample time: 0.086075 seconds
probability of topic_Course_5 is 0.406667

gibbs sample time: 0.089324 seconds
probability of topic_Student_63 is 0.446111

gibbs sample time: 0.05959 seconds
probability of topic_Faculty_60 is 0.465556

gibbs sample time: 0.059627 seconds
probability of topic_Faculty_16 is 0.516222

gibbs sample time: 0.19216 seconds
probability of topic_Course_49 is 0.438556

gibbs sample time: 0.192274 seconds
probability of topic_Course_19 is 0.404222

gibbs sample time: 0.438894 seconds
probability of topic_Faculty_57 is 0.476

gibbs sample time: 0.061489 seconds
probability of topic_Department_58 is 0.439333

gibbs sample time: 0.205297 seconds
probability of topic_ResearchProject_31 is 0.412

gibbs sample time: 0.759552 seconds
probability of topic_Student_133 is 0.540667

gibbs sample time: 0.062405 seconds
probability of topic_Faculty_44 is 0.569

gibbs sample time: 0.731006 seconds
probability of topic_Course_133 is 0.504778

gibbs sample time: 0.722717 seconds
probability of topic_Course_155 is 0.509556

gibbs sample time: 0.722718 seconds
probability of topic_Course_12 is 0.523222

gibbs sample time: 0.060226 seconds
probability of topic_Staff_25 is 0.391778

gibbs sample time: 0.216806 seconds
probability of topic_ResearchProject_2 is 0.51

gibbs sample time: 0.090618 seconds
probability of topic_Department_18 is 0.388444

gibbs sample time: 0.059946 seconds
probability of topic_ResearchProject_64 is 0.482778

gibbs sample time: 0.058419 seconds
probability of topic_Person_66 is 0.489

gibbs sample time: 0.057918 seconds
probability of topic_Course_38 is 0.472667

gibbs sample time: 0.97161 seconds
probability of topic_Department_28 is 0.476333

gibbs sample time: 0.971333 seconds
probability of topic_Department_102 is 0.382556

gibbs sample time: 0.970021 seconds
probability of topic_Department_50 is 0.414

gibbs sample time: 0.088971 seconds
probability of topic_Faculty_53 is 0.478

gibbs sample time: 0.060024 seconds
probability of topic_ResearchProject_78 is 0.534444

gibbs sample time: 0.055579 seconds
probability of topic_Staff_44 is 0.421444

gibbs sample time: 0.144492 seconds
probability of topic_Staff_47 is 0.332778

gibbs sample time: 0.060035 seconds
probability of topic_Student_38 is 0.456889

gibbs sample time: 0.055804 seconds
probability of topic_Person_86 is 0.510111

gibbs sample time: 0.059687 seconds
probability of topic_Student_66 is 0.482667

gibbs sample time: 0.0563 seconds
probability of topic_Staff_80 is 0.442556

gibbs sample time: 0.063333 seconds
probability of topic_Student_22 is 0.621

gibbs sample time: 0.092961 seconds
probability of topic_Faculty_17 is 0.583667

gibbs sample time: 0.060228 seconds
probability of topic_ResearchProject_40 is 0.428889

gibbs sample time: 0.060584 seconds
probability of topic_ResearchProject_84 is 0.396889

gibbs sample time: 0.120959 seconds
probability of topic_Department_52 is 0.481778

gibbs sample time: 0.228571 seconds
probability of topic_Person_20 is 0.576556

gibbs sample time: 0.057956 seconds
probability of topic_Course_66 is 0.407667

gibbs sample time: 0.060849 seconds
probability of topic_Department_66 is 0.478333

gibbs sample time: 0.228927 seconds
probability of topic_Person_81 is 0.499889

gibbs sample time: 0.06104 seconds
probability of topic_Department_78 is 0.472111

gibbs sample time: 0.353207 seconds
probability of topic_Student_134 is 0.519889

gibbs sample time: 0.238132 seconds
probability of topic_Course_20 is 0.426111

gibbs sample time: 0.088713 seconds
probability of topic_Staff_53 is 0.436667

gibbs sample time: 0.058247 seconds
probability of topic_Faculty_76 is 0.418556

gibbs sample time: 0.060556 seconds
probability of topic_ResearchProject_58 is 0.571889

gibbs sample time: 0.056627 seconds
probability of topic_Faculty_6 is 0.488444

gibbs sample time: 0.05962 seconds
probability of topic_Department_75 is 0.464556

gibbs sample time: 0.060117 seconds
probability of topic_ResearchProject_96 is 0.489556

gibbs sample time: 0.05826 seconds
probability of topic_Course_68 is 0.500667

gibbs sample time: 0.120735 seconds
probability of topic_ResearchProject_42 is 0.384

gibbs sample time: 0.057959 seconds
probability of topic_Staff_64 is 0.474556

gibbs sample time: 0.055851 seconds
probability of topic_Course_15 is 0.508333

gibbs sample time: 0.055755 seconds
probability of topic_Staff_4 is 0.462444

gibbs sample time: 0.324827 seconds
probability of topic_Staff_45 is 0.432889

gibbs sample time: 0.115872 seconds
probability of topic_Person_52 is 0.426667

gibbs sample time: 0.253288 seconds
probability of topic_Department_81 is 0.598667

gibbs sample time: 0.624986 seconds
probability of topic_Staff_24 is 0.498667

gibbs sample time: 0.055971 seconds
probability of topic_Course_37 is 0.423778

gibbs sample time: 0.363279 seconds
probability of topic_Faculty_134 is 0.451222

gibbs sample time: 0.061954 seconds
probability of topic_Department_22 is 0.480667

gibbs sample time: 0.362661 seconds
probability of topic_Faculty_67 is 0.423444

gibbs sample time: 0.366316 seconds
probability of topic_Department_92 is 0.463333

gibbs sample time: 0.367674 seconds
probability of topic_Department_31 is 0.448222

gibbs sample time: 0.05791 seconds
probability of topic_Staff_38 is 0.431556

gibbs sample time: 0.170405 seconds
probability of topic_Faculty_73 is 0.534444

gibbs sample time: 0.170569 seconds
probability of topic_Faculty_55 is 0.492

gibbs sample time: 0.089186 seconds
probability of topic_Student_36 is 0.375778

gibbs sample time: 0.193634 seconds
probability of topic_Staff_20 is 0.483333

gibbs sample time: 0.415813 seconds
probability of topic_Course_35 is 0.492444

gibbs sample time: 0.055822 seconds
probability of topic_Staff_62 is 0.502667

gibbs sample time: 0.15177 seconds
probability of topic_Department_47 is 0.243667

gibbs sample time: 0.058275 seconds
probability of topic_Staff_77 is 0.484

gibbs sample time: 0.05987 seconds
probability of topic_Student_60 is 0.504222

gibbs sample time: 0.761629 seconds
probability of topic_Student_41 is 0.378889

gibbs sample time: 0.375746 seconds
probability of topic_Staff_126 is 0.513333

gibbs sample time: 0.056147 seconds
probability of topic_Person_90 is 0.652333

gibbs sample time: 0.325628 seconds
probability of topic_Staff_91 is 0.481556

gibbs sample time: 0.226501 seconds
probability of topic_Staff_19 is 0.399556

gibbs sample time: 0.058663 seconds
probability of topic_Student_15 is 0.494778

gibbs sample time: 0.09007 seconds
probability of topic_Course_22 is 0.400111

gibbs sample time: 0.055941 seconds
probability of topic_Person_6 is 0.483778

gibbs sample time: 0.344218 seconds
probability of topic_Person_67 is 0.512222

gibbs sample time: 0.058118 seconds
probability of topic_Person_9 is 0.416778

gibbs sample time: 0.943843 seconds
probability of topic_Person_102 is 0.561556

gibbs sample time: 0.060539 seconds
probability of topic_ResearchProject_33 is 0.462333

gibbs sample time: 0.694593 seconds
probability of topic_Faculty_12 is 0.554444

gibbs sample time: 0.061093 seconds
probability of topic_Department_17 is 0.395333

gibbs sample time: 0.625901 seconds
probability of topic_Staff_157 is 0.636333

gibbs sample time: 0.090456 seconds
probability of topic_Person_53 is 0.526111

gibbs sample time: 0.762409 seconds
probability of topic_Student_106 is 0.495889

gibbs sample time: 0.418458 seconds
probability of topic_Department_35 is 0.375667

gibbs sample time: 0.216444 seconds
probability of topic_ResearchProject_169 is 0.555667

gibbs sample time: 0.382772 seconds
probability of topic_Person_61 is 0.565111

gibbs sample time: 0.057875 seconds
probability of topic_Staff_69 is 0.466556

gibbs sample time: 0.058652 seconds
probability of topic_ResearchProject_75 is 0.503778

gibbs sample time: 0.358789 seconds
probability of topic_Course_136 is 0.418111

gibbs sample time: 0.060833 seconds
probability of topic_Student_34 is 0.604222

gibbs sample time: 0.206286 seconds
probability of topic_Department_2 is 0.449

gibbs sample time: 0.056209 seconds
probability of topic_Faculty_1 is 0.582889

gibbs sample time: 0.086958 seconds
probability of topic_Staff_36 is 0.364333

gibbs sample time: 0.057886 seconds
probability of topic_Staff_51 is 0.462556

gibbs sample time: 0.060028 seconds
probability of topic_Student_21 is 0.466222

gibbs sample time: 0.356628 seconds
probability of topic_Course_92 is 0.495556

gibbs sample time: 0.920482 seconds
probability of topic_Course_29 is 0.674111

gibbs sample time: 0.059789 seconds
probability of topic_Student_40 is 0.481889

gibbs sample time: 0.277882 seconds
probability of topic_Course_8 is 0.476444

gibbs sample time: 0.708903 seconds
probability of topic_ResearchProject_155 is 0.531667

gibbs sample time: 0.087198 seconds
probability of topic_Course_97 is 0.560556

gibbs sample time: 0.061225 seconds
probability of topic_Department_21 is 0.477333

gibbs sample time: 0.277816 seconds
probability of topic_Course_110 is 0.434889

gibbs sample time: 0.058038 seconds
probability of topic_Person_96 is 0.469222

gibbs sample time: 0.056415 seconds
probability of topic_Person_77 is 0.712889

gibbs sample time: 0.060727 seconds
probability of topic_Person_89 is 0.500778

gibbs sample time: 0.06037 seconds
probability of topic_ResearchProject_82 is 0.465556

gibbs sample time: 0.211906 seconds
probability of topic_Faculty_65 is 0.413667

gibbs sample time: 0.057981 seconds
probability of topic_Student_9 is 0.472222

gibbs sample time: 0.057993 seconds
probability of topic_Person_58 is 0.469

gibbs sample time: 0.055814 seconds
probability of topic_Person_76 is 0.493556

gibbs sample time: 0.194228 seconds
probability of topic_Person_73 is 0.655444

gibbs sample time: 0.581621 seconds
probability of topic_ResearchProject_115 is 0.668556

gibbs sample time: 0.220966 seconds
probability of topic_Person_19 is 0.688556

gibbs sample time: 0.085924 seconds
probability of topic_Staff_5 is 0.516556

gibbs sample time: 0.058128 seconds
probability of topic_Course_33 is 0.6

gibbs sample time: 0.337642 seconds
probability of topic_Staff_67 is 0.471667

gibbs sample time: 0.05555 seconds
probability of topic_Course_6 is 0.499111

gibbs sample time: 0.062683 seconds
probability of topic_Student_33 is 0.335

gibbs sample time: 0.058259 seconds
probability of topic_Person_78 is 0.363222

gibbs sample time: 0.424553 seconds
probability of topic_ResearchProject_10 is 0.537222

gibbs sample time: 0.208568 seconds
probability of topic_Course_114 is 0.424111

gibbs sample time: 0.204319 seconds
probability of topic_Faculty_30 is 0.466444

gibbs sample time: 0.087339 seconds
probability of topic_Person_68 is 0.293111

gibbs sample time: 0.443541 seconds
probability of topic_Course_61 is 0.450333

gibbs sample time: 0.338091 seconds
probability of topic_Faculty_120 is 0.506444

gibbs sample time: 0.060661 seconds
probability of topic_ResearchProject_39 is 0.556556

gibbs sample time: 0.061001 seconds
probability of topic_Department_69 is 0.454444

gibbs sample time: 0.417909 seconds
probability of topic_Department_87 is 0.453333

gibbs sample time: 0.056135 seconds
probability of topic_Course_44 is 0.502556

gibbs sample time: 0.060458 seconds
probability of topic_Staff_21 is 0.518111

gibbs sample time: 0.38491 seconds
probability of topic_Person_3 is 0.484889

gibbs sample time: 0.089336 seconds
probability of topic_ResearchProject_14 is 0.383444

gibbs sample time: 0.055918 seconds
probability of topic_Staff_74 is 0.445556

gibbs sample time: 0.082632 seconds
probability of topic_Faculty_5 is 0.415111

gibbs sample time: 0.059506 seconds
probability of topic_Department_15 is 0.496111

gibbs sample time: 0.240783 seconds
probability of topic_Student_81 is 0.577778

gibbs sample time: 0.378692 seconds
probability of topic_Staff_59 is 0.468889

gibbs sample time: 0.090339 seconds
probability of topic_ResearchProject_79 is 0.432

gibbs sample time: 0.058304 seconds
probability of topic_Faculty_71 is 0.521778

gibbs sample time: 0.926433 seconds
probability of topic_Student_29 is 0.553222

gibbs sample time: 0.059852 seconds
probability of topic_Faculty_58 is 0.546556

gibbs sample time: 0.778227 seconds
probability of topic_Faculty_106 is 0.526

gibbs sample time: 0.783269 seconds
probability of topic_Faculty_41 is 0.389111

gibbs sample time: 0.121745 seconds
probability of topic_Student_94 is 0.763556

gibbs sample time: 0.203667 seconds
probability of topic_ResearchProject_120 is 0.482889

gibbs sample time: 0.058101 seconds
probability of topic_Course_78 is 0.544333

gibbs sample time: 0.780694 seconds
probability of topic_Faculty_118 is 0.535556

gibbs sample time: 0.058533 seconds
probability of topic_Course_89 is 0.520778

gibbs sample time: 0.059877 seconds
probability of topic_Student_69 is 0.513111

gibbs sample time: 0.337283 seconds
probability of topic_Faculty_31 is 0.470778

gibbs sample time: 0.056062 seconds
probability of topic_Course_17 is 0.449778

gibbs sample time: 0.157101 seconds
probability of topic_Department_7 is 0.476111

gibbs sample time: 0.204669 seconds
probability of topic_Person_169 is 0.589111

gibbs sample time: 0.627095 seconds
probability of topic_Staff_155 is 0.484

gibbs sample time: 0.05854 seconds
probability of topic_Faculty_15 is 0.498222

gibbs sample time: 0.089599 seconds
probability of topic_Student_97 is 0.627222

gibbs sample time: 0.089431 seconds
probability of topic_ResearchProject_76 is 0.469222

gibbs sample time: 0.059791 seconds
probability of topic_Faculty_64 is 0.486444

gibbs sample time: 0.058627 seconds
probability of topic_Faculty_90 is 0.547111

gibbs sample time: 0.062629 seconds
probability of topic_Faculty_40 is 0.397

gibbs sample time: 0.202965 seconds
probability of topic_Course_169 is 0.474444

gibbs sample time: 0.289708 seconds
probability of topic_ResearchProject_110 is 0.474333

gibbs sample time: 0.347974 seconds
probability of topic_Person_92 is 0.483444

gibbs sample time: 0.348124 seconds
probability of topic_Person_120 is 0.516111

gibbs sample time: 0.310326 seconds
probability of topic_Student_45 is 0.517111

gibbs sample time: 0.203568 seconds
probability of topic_Course_2 is 0.529

gibbs sample time: 0.302057 seconds
probability of topic_ResearchProject_8 is 0.462778

gibbs sample time: 0.087183 seconds
probability of topic_Person_88 is 0.756889

gibbs sample time: 0.209423 seconds
probability of topic_ResearchProject_119 is 0.534556

gibbs sample time: 0.058731 seconds
probability of topic_ResearchProject_71 is 0.490333

gibbs sample time: 0.058088 seconds
probability of topic_Faculty_80 is 0.423111

gibbs sample time: 0.060348 seconds
probability of topic_Faculty_84 is 0.533556

gibbs sample time: 0.420172 seconds
probability of topic_Student_10 is 0.557222

gibbs sample time: 0.055919 seconds
probability of topic_Person_56 is 0.361333

gibbs sample time: 0.057856 seconds
probability of topic_Staff_84 is 0.461889

gibbs sample time: 0.058395 seconds
probability of topic_Faculty_74 is 0.424111

gibbs sample time: 0.062833 seconds
probability of topic_Faculty_89 is 0.464889

gibbs sample time: 0.582459 seconds
probability of topic_ResearchProject_106 is 0.502667

gibbs sample time: 0.210202 seconds
probability of topic_ResearchProject_55 is 0.400333

gibbs sample time: 0.708621 seconds
probability of topic_ResearchProject_157 is 0.533444

gibbs sample time: 0.338673 seconds
probability of topic_Course_11 is 0.473667

gibbs sample time: 0.05985 seconds
probability of topic_Faculty_21 is 0.457

gibbs sample time: 0.208113 seconds
probability of topic_Person_119 is 0.488

gibbs sample time: 0.058269 seconds
probability of topic_Course_70 is 0.580889

gibbs sample time: 0.058141 seconds
probability of topic_Faculty_34 is 0.480556

gibbs sample time: 0.057994 seconds
probability of topic_Course_60 is 0.482222

gibbs sample time: 0.144953 seconds
probability of topic_Course_47 is 0.552889

gibbs sample time: 0.060695 seconds
probability of topic_ResearchProject_16 is 0.498111

gibbs sample time: 0.055781 seconds
probability of topic_Course_53 is 0.420222

gibbs sample time: 0.759358 seconds
probability of topic_Staff_115 is 0.544667

gibbs sample time: 0.055915 seconds
probability of topic_Staff_95 is 0.459667

gibbs sample time: 0.238665 seconds
probability of topic_Student_49 is 0.570444

gibbs sample time: 0.061177 seconds
probability of topic_ResearchProject_27 is 0.460222

gibbs sample time: 0.1159 seconds
probability of topic_Staff_7 is 0.514556

gibbs sample time: 0.062246 seconds
probability of topic_Department_46 is 0.481111

gibbs sample time: 0.362855 seconds
probability of topic_ResearchProject_134 is 0.487333

gibbs sample time: 0.353925 seconds
probability of topic_Student_11 is 0.512444

gibbs sample time: 0.386283 seconds
probability of topic_Faculty_3 is 0.554778

gibbs sample time: 0.060155 seconds
probability of topic_Staff_9 is 0.496333

gibbs sample time: 0.394402 seconds
probability of topic_ResearchProject_3 is 0.479444

gibbs sample time: 0.279439 seconds
probability of topic_Person_110 is 0.481

gibbs sample time: 0.352964 seconds
probability of topic_ResearchProject_45 is 0.433222

gibbs sample time: 0.394233 seconds
probability of topic_ResearchProject_59 is 0.449222

gibbs sample time: 0.05564 seconds
probability of topic_Staff_37 is 0.456778

gibbs sample time: 0.943187 seconds
probability of topic_Person_29 is 0.539222

gibbs sample time: 0.454954 seconds
probability of topic_ResearchProject_57 is 0.496667

gibbs sample time: 0.059191 seconds
probability of topic_ResearchProject_90 is 0.573444

gibbs sample time: 0.349087 seconds
probability of topic_Person_31 is 0.594333

gibbs sample time: 0.056127 seconds
probability of topic_Course_98 is 0.373778

gibbs sample time: 0.203528 seconds
probability of topic_Person_114 is 0.526556

gibbs sample time: 0.061439 seconds
probability of topic_Department_70 is 0.571222

gibbs sample time: 0.925616 seconds
probability of topic_Staff_102 is 0.515556

gibbs sample time: 0.413596 seconds
probability of topic_Department_3 is 0.540333

gibbs sample time: 0.086392 seconds
probability of topic_Person_79 is 0.540556

gibbs sample time: 0.059952 seconds
probability of topic_Student_96 is 0.450222

gibbs sample time: 0.060087 seconds
probability of topic_Faculty_96 is 0.481667

gibbs sample time: 0.056253 seconds
probability of topic_Course_90 is 0.413556

gibbs sample time: 0.383551 seconds
probability of topic_Person_168 is 0.480222

gibbs sample time: 0.152313 seconds
probability of topic_Person_47 is 0.203556

gibbs sample time: 0.058321 seconds
probability of topic_Person_83 is 0.52

gibbs sample time: 0.416881 seconds
probability of topic_Department_10 is 0.438556

gibbs sample time: 0.926096 seconds
probability of topic_Student_50 is 0.595222

gibbs sample time: 0.937906 seconds
probability of topic_ResearchProject_29 is 0.401111

gibbs sample time: 0.208645 seconds
probability of topic_Course_54 is 0.493778

gibbs sample time: 0.059577 seconds
probability of topic_ResearchProject_4 is 0.421667

gibbs sample time: 0.056274 seconds
probability of topic_Course_27 is 0.475889

gibbs sample time: 0.344713 seconds
probability of topic_Person_11 is 0.539667

gibbs sample time: 0.357365 seconds
probability of topic_Student_30 is 0.414778

gibbs sample time: 0.735687 seconds
probability of topic_Person_115 is 0.418556

gibbs sample time: 0.089568 seconds
probability of topic_Course_18 is 0.357556

gibbs sample time: 0.092241 seconds
probability of topic_ResearchProject_5 is 0.407222

gibbs sample time: 0.394577 seconds
probability of topic_ResearchProject_126 is 0.473

gibbs sample time: 0.727506 seconds
probability of topic_Person_24 is 0.523444

gibbs sample time: 0.057808 seconds
probability of topic_Course_96 is 0.4

gibbs sample time: 0.279404 seconds
probability of topic_Faculty_8 is 0.495

gibbs sample time: 0.118711 seconds
probability of topic_Faculty_42 is 0.536889

gibbs sample time: 0.238051 seconds
probability of topic_Faculty_19 is 0.370889

gibbs sample time: 0.812086 seconds
probability of topic_Department_115 is 0.448222

gibbs sample time: 0.060681 seconds
probability of topic_Student_27 is 0.524222

gibbs sample time: 0.060876 seconds
probability of topic_Department_82 is 0.426556

gibbs sample time: 0.058151 seconds
probability of topic_Course_64 is 0.436222

gibbs sample time: 0.060484 seconds
probability of topic_Staff_40 is 0.430778

gibbs sample time: 0.351848 seconds
probability of topic_Student_92 is 0.503444

gibbs sample time: 0.059793 seconds
probability of topic_Faculty_66 is 0.409667

gibbs sample time: 0.090359 seconds
probability of topic_ResearchProject_52 is 0.48

gibbs sample time: 0.210474 seconds
probability of topic_ResearchProject_73 is 0.490667

gibbs sample time: 0.357176 seconds
probability of topic_Student_136 is 0.491111

gibbs sample time: 0.19825 seconds
probability of topic_Person_30 is 0.431889

gibbs sample time: 0.189466 seconds
probability of topic_Course_73 is 0.411556

gibbs sample time: 0.058176 seconds
probability of topic_Person_51 is 0.519667

gibbs sample time: 0.943569 seconds
probability of topic_ResearchProject_102 is 0.426556

gibbs sample time: 0.060024 seconds
probability of topic_Faculty_95 is 0.485

gibbs sample time: 0.362756 seconds
probability of topic_Department_48 is 0.521778

gibbs sample time: 0.060905 seconds
probability of topic_Department_39 is 0.423

gibbs sample time: 0.356485 seconds
probability of topic_Faculty_91 is 0.469444

gibbs sample time: 0.087369 seconds
probability of topic_Department_5 is 0.630778

gibbs sample time: 0.06027 seconds
probability of topic_ResearchProject_69 is 0.491667

gibbs sample time: 0.205002 seconds
probability of topic_Department_55 is 0.394444

gibbs sample time: 0.058822 seconds
probability of topic_Person_27 is 0.503444

gibbs sample time: 0.237255 seconds
probability of topic_Faculty_49 is 0.515333

gibbs sample time: 0.060165 seconds
probability of topic_Faculty_38 is 0.468222

gibbs sample time: 0.055956 seconds
probability of topic_Person_44 is 0.552556

gibbs sample time: 0.239042 seconds
probability of topic_ResearchProject_19 is 0.523444

gibbs sample time: 0.061929 seconds
probability of topic_Department_80 is 0.479889

gibbs sample time: 0.357404 seconds
probability of topic_Course_120 is 0.493

gibbs sample time: 0.085314 seconds
probability of topic_Person_23 is 0.245

gibbs sample time: 0.41539 seconds
probability of topic_Faculty_87 is 0.512111

gibbs sample time: 0.582976 seconds
probability of topic_ResearchProject_41 is 0.424222

gibbs sample time: 0.116137 seconds
probability of topic_Person_7 is 0.525333

gibbs sample time: 0.976274 seconds
probability of topic_Faculty_28 is 0.482556

gibbs sample time: 0.353812 seconds
probability of topic_Department_136 is 0.482333

gibbs sample time: 0.764193 seconds
probability of topic_Staff_72 is 0.466889

gibbs sample time: 0.059879 seconds
probability of topic_Student_58 is 0.382667

gibbs sample time: 0.06059 seconds
probability of topic_Course_84 is 0.490333

gibbs sample time: 0.058398 seconds
probability of topic_Course_74 is 0.421667

gibbs sample time: 0.055595 seconds
probability of topic_Staff_98 is 0.451

gibbs sample time: 0.325084 seconds
probability of topic_Staff_48 is 0.594333

gibbs sample time: 0.09506 seconds
probability of topic_Department_68 is 0.396889

gibbs sample time: 0.058059 seconds
probability of topic_Person_64 is 0.434444

gibbs sample time: 0.198789 seconds
probability of topic_Staff_119 is 0.583667

gibbs sample time: 0.058162 seconds
probability of topic_Faculty_86 is 0.423667

gibbs sample time: 0.217518 seconds
probability of topic_Faculty_54 is 0.49

gibbs sample time: 0.087067 seconds
probability of topic_Course_88 is 0.512

gibbs sample time: 0.321914 seconds
probability of topic_Department_11 is 0.467444

gibbs sample time: 0.120225 seconds
probability of topic_Student_42 is 0.601778

gibbs sample time: 0.210235 seconds
probability of topic_Staff_65 is 0.465667

gibbs sample time: 0.060249 seconds
probability of topic_ResearchProject_66 is 0.437

gibbs sample time: 0.058708 seconds
probability of topic_Student_90 is 0.515778

gibbs sample time: 0.089033 seconds
probability of topic_Student_52 is 0.434556

gibbs sample time: 0.061978 seconds
probability of topic_Department_37 is 0.491778

gibbs sample time: 0.059468 seconds
probability of topic_Department_34 is 0.379222

gibbs sample time: 0.058454 seconds
probability of topic_Person_25 is 0.485333

gibbs sample time: 0.058533 seconds
probability of topic_Course_85 is 0.535

gibbs sample time: 0.057838 seconds
probability of topic_Staff_99 is 0.449556

gibbs sample time: 0.055999 seconds
probability of topic_Staff_27 is 0.567333

gibbs sample time: 0.621216 seconds
probability of topic_Course_72 is 0.493

gibbs sample time: 0.279291 seconds
probability of topic_Faculty_110 is 0.419778

gibbs sample time: 0.76142 seconds
probability of topic_Staff_106 is 0.665667

gibbs sample time: 0.116361 seconds
probability of topic_Staff_52 is 0.474556

gibbs sample time: 0.45471 seconds
probability of topic_ResearchProject_61 is 0.496

gibbs sample time: 0.055557 seconds
probability of topic_Course_46 is 0.409667

gibbs sample time: 0.417759 seconds
probability of topic_Course_10 is 0.478556

gibbs sample time: 0.09032 seconds
probability of topic_Department_76 is 0.463333

gibbs sample time: 0.057999 seconds
probability of topic_Person_16 is 0.491778

gibbs sample time: 0.055882 seconds
probability of topic_Person_95 is 0.468333

gibbs sample time: 0.236856 seconds
probability of topic_Student_20 is 0.564

gibbs sample time: 0.312858 seconds
probability of topic_Student_91 is 0.411

gibbs sample time: 0.061588 seconds
probability of topic_Department_43 is 0.474222

gibbs sample time: 0.29234 seconds
probability of topic_ResearchProject_116 is 0.514

gibbs sample time: 0.059344 seconds
probability of topic_Department_74 is 0.477667

gibbs sample time: 0.086925 seconds
probability of topic_Person_17 is 0.565667

gibbs sample time: 0.297635 seconds
probability of topic_Course_116 is 0.473556

gibbs sample time: 0.089112 seconds
probability of topic_Faculty_18 is 0.426444

gibbs sample time: 0.238381 seconds
probability of topic_ResearchProject_49 is 0.496778

gibbs sample time: 0.060246 seconds
probability of topic_ResearchProject_70 is 0.407556

gibbs sample time: 0.092707 seconds
probability of topic_Student_17 is 0.551

gibbs sample time: 0.055826 seconds
probability of topic_Staff_1 is 0.408111

gibbs sample time: 0.342139 seconds
probability of topic_Staff_31 is 0.466222

gibbs sample time: 0.060883 seconds
probability of topic_Person_69 is 0.455111

gibbs sample time: 0.059489 seconds
probability of topic_Department_14 is 0.488111

gibbs sample time: 0.058545 seconds
probability of topic_Student_56 is 0.404556

gibbs sample time: 0.386916 seconds
probability of topic_ResearchProject_30 is 0.458889

gibbs sample time: 0.118629 seconds
probability of topic_Faculty_79 is 0.504556

gibbs sample time: 0.939404 seconds
probability of topic_Student_102 is 0.584222

gibbs sample time: 0.248452 seconds
probability of topic_Department_19 is 0.600556

gibbs sample time: 0.058237 seconds
probability of topic_Faculty_27 is 0.492333

gibbs sample time: 0.382314 seconds
probability of topic_Person_57 is 0.489333

gibbs sample time: 0.059831 seconds
probability of topic_Student_64 is 0.422889

gibbs sample time: 0.189329 seconds
probability of topic_Course_55 is 0.477778

gibbs sample time: 0.060095 seconds
probability of topic_Student_43 is 0.477222

gibbs sample time: 0.36685 seconds
probability of topic_Department_120 is 0.662444

gibbs sample time: 0.059655 seconds
probability of topic_Department_27 is 0.648111

gibbs sample time: 0.760435 seconds
probability of topic_Staff_118 is 0.524556

gibbs sample time: 0.059019 seconds
probability of topic_ResearchProject_74 is 0.443889

gibbs sample time: 0.08941 seconds
probability of topic_Student_14 is 0.464222

gibbs sample time: 0.428866 seconds
probability of topic_Student_61 is 0.579111

gibbs sample time: 0.453506 seconds
probability of topic_Staff_57 is 0.454333

gibbs sample time: 0.060796 seconds
probability of topic_Student_44 is 0.543333

gibbs sample time: 0.973069 seconds
probability of topic_Department_29 is 0.356222

gibbs sample time: 0.919403 seconds
probability of topic_Course_50 is 0.416111

gibbs sample time: 0.921385 seconds
probability of topic_Course_28 is 0.473

gibbs sample time: 0.755206 seconds
probability of topic_Student_12 is 0.589

gibbs sample time: 0.121103 seconds
probability of topic_Department_42 is 0.639111

gibbs sample time: 0.055946 seconds
probability of topic_Staff_15 is 0.497

gibbs sample time: 0.123301 seconds
probability of topic_Student_32 is 0.524333

gibbs sample time: 0.060969 seconds
probability of topic_Department_99 is 0.415333

gibbs sample time: 0.20429 seconds
probability of topic_Faculty_136 is 0.423

gibbs sample time: 0.204239 seconds
probability of topic_Faculty_2 is 0.447111

gibbs sample time: 0.374511 seconds
probability of topic_Staff_3 is 0.568

gibbs sample time: 0.207032 seconds
probability of topic_Person_65 is 0.490778

gibbs sample time: 0.19414 seconds
probability of topic_Person_55 is 0.587

gibbs sample time: 0.423823 seconds
probability of topic_ResearchProject_35 is 0.39

gibbs sample time: 0.353337 seconds
probability of topic_Department_125 is 0.471222

gibbs sample time: 0.363383 seconds
probability of topic_Faculty_11 is 0.543111

gibbs sample time: 0.225387 seconds
probability of topic_Staff_49 is 0.511222

gibbs sample time: 0.062823 seconds
probability of topic_ResearchProject_25 is 0.465667

gibbs sample time: 0.209978 seconds
probability of topic_ResearchProject_65 is 0.510778

gibbs sample time: 0.724674 seconds
probability of topic_Course_24 is 0.589556

gibbs sample time: 0.170881 seconds
probability of topic_Student_169 is 0.349444

gibbs sample time: 0.085494 seconds
probability of topic_Staff_22 is 0.500111

gibbs sample time: 0.085907 seconds
probability of topic_Course_79 is 0.532222

gibbs sample time: 0.923508 seconds
probability of topic_Staff_28 is 0.472889

gibbs sample time: 0.415993 seconds
probability of topic_Course_87 is 0.352

gibbs sample time: 0.308686 seconds
probability of topic_Student_93 is 0.218778

gibbs sample time: 0.925459 seconds
probability of topic_Staff_29 is 0.505889

gibbs sample time: 0.058123 seconds
probability of topic_Course_13 is 0.481222

gibbs sample time: 0.77963 seconds
probability of topic_Faculty_115 is 0.480556

gibbs sample time: 0.089439 seconds
probability of topic_ResearchProject_22 is 0.356667

gibbs sample time: 0.195307 seconds
probability of topic_Staff_81 is 0.445444

gibbs sample time: 0.125435 seconds
probability of topic_Faculty_32 is 0.499111

gibbs sample time: 0.059613 seconds
probability of topic_Staff_66 is 0.427444

gibbs sample time: 0.288345 seconds
probability of topic_Person_116 is 0.366444

gibbs sample time: 0.058259 seconds
probability of topic_Faculty_62 is 0.501556

gibbs sample time: 0.923446 seconds
probability of topic_Course_102 is 0.412444

gibbs sample time: 0.940265 seconds
probability of topic_ResearchProject_50 is 0.386222

gibbs sample time: 0.089434 seconds
probability of topic_ResearchProject_53 is 0.504778

gibbs sample time: 0.059198 seconds
probability of topic_Department_86 is 0.425222

gibbs sample time: 0.05649 seconds
probability of topic_Person_15 is 0.511889

gibbs sample time: 0.059061 seconds
probability of topic_ResearchProject_34 is 0.418556

gibbs sample time: 0.710797 seconds
probability of topic_ResearchProject_24 is 0.499111

gibbs sample time: 0.05855 seconds
probability of topic_ResearchProject_46 is 0.428

gibbs sample time: 0.205022 seconds
probability of topic_Department_73 is 0.458556

gibbs sample time: 0.726295 seconds
probability of topic_Person_133 is 0.512889

gibbs sample time: 0.05584 seconds
probability of topic_Person_4 is 0.473222

gibbs sample time: 0.057903 seconds
probability of topic_Staff_83 is 0.471333

gibbs sample time: 0.207222 seconds
probability of topic_Department_169 is 0.773222

gibbs sample time: 0.118278 seconds
probability of topic_Course_32 is 0.492333

gibbs sample time: 0.055984 seconds
probability of topic_Staff_90 is 0.616111

gibbs sample time: 0.283906 seconds
probability of topic_Person_93 is 0.213556

gibbs sample time: 0.060604 seconds
probability of topic_Faculty_39 is 0.475556

gibbs sample time: 0.05985 seconds
probability of topic_Faculty_99 is 0.471889

gibbs sample time: 0.060381 seconds
probability of topic_Course_40 is 0.422556

gibbs sample time: 0.058446 seconds
probability of topic_Student_80 is 0.493111

gibbs sample time: 0.363425 seconds
probability of topic_ResearchProject_11 is 0.338222

gibbs sample time: 0.454787 seconds
probability of topic_ResearchProject_168 is 0.440889

gibbs sample time: 0.425022 seconds
probability of topic_ResearchProject_87 is 0.408

gibbs sample time: 0.061085 seconds
probability of topic_Department_60 is 0.514778

gibbs sample time: 0.312092 seconds
probability of topic_Student_48 is 0.275556

gibbs sample time: 0.058941 seconds
probability of topic_Course_39 is 0.601333

gibbs sample time: 0.777007 seconds
probability of topic_Staff_41 is 0.364333

gibbs sample time: 0.338344 seconds
probability of topic_Course_67 is 0.428556

gibbs sample time: 0.328148 seconds
probability of topic_Course_45 is 0.428

gibbs sample time: 0.152361 seconds
probability of topic_Student_7 is 0.583778

gibbs sample time: 0.061039 seconds
probability of topic_Department_40 is 0.475889

gibbs sample time: 0.058301 seconds
probability of topic_Staff_89 is 0.530778

gibbs sample time: 0.148477 seconds
probability of topic_Course_7 is 0.478667

gibbs sample time: 0.395452 seconds
probability of topic_Person_35 is 0.750556

gibbs sample time: 0.439955 seconds
probability of topic_Faculty_61 is 0.466222

gibbs sample time: 0.386692 seconds
probability of topic_Faculty_126 is 0.468778

gibbs sample time: 0.977432 seconds
probability of topic_Faculty_50 is 0.456667

gibbs sample time: 0.437533 seconds
probability of topic_Department_61 is 0.318778

gibbs sample time: 0.055958 seconds
probability of topic_Student_1 is 0.360222

gibbs sample time: 0.058185 seconds
probability of topic_Person_84 is 0.453778

gibbs sample time: 0.737682 seconds
probability of topic_Department_133 is 0.500889

gibbs sample time: 0.321795 seconds
probability of topic_Department_67 is 0.510667

gibbs sample time: 0.365693 seconds
probability of topic_Department_134 is 0.408222

gibbs sample time: 0.325961 seconds
probability of topic_Faculty_116 is 0.443

gibbs sample time: 0.065416 seconds
probability of topic_Department_16 is 0.417667

gibbs sample time: 0.061633 seconds
probability of topic_Staff_78 is 0.464889

gibbs sample time: 0.120032 seconds
probability of topic_Faculty_52 is 0.548111

gibbs sample time: 0.089106 seconds
probability of topic_Student_79 is 0.403556

gibbs sample time: 0.199941 seconds
probability of topic_Staff_54 is 0.481222

gibbs sample time: 0.121702 seconds
probability of topic_ResearchProject_32 is 0.506444

gibbs sample time: 0.056059 seconds
probability of topic_Person_46 is 0.487333

gibbs sample time: 0.058385 seconds
probability of topic_Course_99 is 0.610556

gibbs sample time: 0.115098 seconds
probability of topic_Staff_42 is 0.644556

gibbs sample time: 0.058987 seconds
probability of topic_Student_77 is 0.703889

gibbs sample time: 0.358529 seconds
probability of topic_Student_67 is 0.509111

gibbs sample time: 0.06142 seconds
probability of topic_Department_38 is 0.565667

gibbs sample time: 0.390982 seconds
probability of topic_Faculty_59 is 0.455556

gibbs sample time: 0.385603 seconds
probability of topic_Person_59 is 0.528778

gibbs sample time: 0.369502 seconds
probability of topic_ResearchProject_67 is 0.460556

gibbs sample time: 0.091946 seconds
probability of topic_Department_53 is 0.443667

gibbs sample time: 0.387406 seconds
probability of topic_Person_126 is 0.540889

gibbs sample time: 0.05989 seconds
probability of topic_Department_56 is 0.486778

gibbs sample time: 0.058779 seconds
probability of topic_Student_74 is 0.491222

gibbs sample time: 0.055997 seconds
probability of topic_Student_6 is 0.524556

gibbs sample time: 0.345244 seconds
probability of topic_Staff_120 is 0.589667

gibbs sample time: 0.062872 seconds
probability of topic_ResearchProject_51 is 0.498889

gibbs sample time: 0.091129 seconds
probability of topic_Student_88 is 0.673556

gibbs sample time: 0.934525 seconds
probability of topic_Staff_50 is 0.413889

gibbs sample time: 0.287862 seconds
probability of topic_Staff_93 is 0.508222

gibbs sample time: 0.061802 seconds
probability of topic_Department_25 is 0.396222

gibbs sample time: 0.28867 seconds
probability of topic_Staff_116 is 0.462333

gibbs sample time: 0.69477 seconds
probability of topic_Faculty_24 is 0.494667

gibbs sample time: 0.205067 seconds
probability of topic_Person_2 is 0.362

gibbs sample time: 0.061026 seconds
probability of topic_Course_43 is 0.459444

gibbs sample time: 0.061167 seconds
probability of topic_Department_89 is 0.464667

gibbs sample time: 0.120387 seconds
probability of topic_ResearchProject_94 is 0.246444

gibbs sample time: 0.116147 seconds
probability of topic_Course_94 is 0.292333

gibbs sample time: 0.25258 seconds
probability of topic_Faculty_81 is 0.463778

gibbs sample time: 0.742648 seconds
probability of topic_Department_24 is 0.513889

gibbs sample time: 0.352838 seconds
probability of topic_Student_120 is 0.539

gibbs sample time: 0.086554 seconds
probability of topic_Course_52 is 0.411222

gibbs sample time: 0.200066 seconds
probability of topic_Person_136 is 0.503333

gibbs sample time: 0.058257 seconds
probability of topic_Person_70 is 0.461

gibbs sample time: 0.05833 seconds
probability of topic_Person_40 is 0.484333

gibbs sample time: 0.059465 seconds
probability of topic_Department_62 is 0.630556

gibbs sample time: 0.056547 seconds
probability of topic_Person_80 is 0.496

gibbs sample time: 0.090134 seconds
probability of topic_Person_22 is 0.572667

gibbs sample time: 0.165615 seconds
probability of topic_Staff_55 is 0.477

gibbs sample time: 0.165861 seconds
probability of topic_Staff_73 is 0.585667

gibbs sample time: 0.058146 seconds
probability of topic_Person_39 is 0.402889

gibbs sample time: 0.055831 seconds
probability of topic_Staff_79 is 0.575778

gibbs sample time: 0.623153 seconds
probability of topic_Course_41 is 0.324889

gibbs sample time: 0.090767 seconds
probability of topic_Staff_68 is 0.336889

gibbs sample time: 0.415348 seconds
probability of topic_Faculty_35 is 0.513222

gibbs sample time: 0.623925 seconds
probability of topic_Course_115 is 0.667778

gibbs sample time: 0.765323 seconds
probability of topic_Student_72 is 0.540556

gibbs sample time: 0.622961 seconds
probability of topic_Course_106 is 0.497222

gibbs sample time: 0.089247 seconds
probability of topic_Faculty_36 is 0.426889

gibbs sample time: 0.118439 seconds
probability of topic_Staff_32 is 0.428222

gibbs sample time: 0.359624 seconds
probability of topic_Course_125 is 0.461778

gibbs sample time: 0.093061 seconds
probability of topic_Faculty_63 is 0.446333

gibbs sample time: 0.060246 seconds
probability of topic_Faculty_69 is 0.475444

gibbs sample time: 0.354111 seconds
probability of topic_ResearchProject_48 is 0.830889

gibbs sample time: 0.930781 seconds
probability of topic_Student_28 is 0.476222

gibbs sample time: 0.056714 seconds
probability of topic_Person_34 is 0.652111

gibbs sample time: 0.202197 seconds
probability of topic_Staff_2 is 0.438111

gibbs sample time: 0.058508 seconds
probability of topic_Faculty_75 is 0.489778

gibbs sample time: 0.97906 seconds
probability of topic_Faculty_102 is 0.547111

gibbs sample time: 0.359583 seconds
probability of topic_Course_30 is 0.563111

gibbs sample time: 0.981119 seconds
probability of topic_Faculty_29 is 0.410889

gibbs sample time: 0.440444 seconds
probability of topic_Faculty_168 is 0.413556

gibbs sample time: 0.291601 seconds
probability of topic_ResearchProject_93 is 0.428

gibbs sample time: 0.205084 seconds
probability of topic_Faculty_169 is 0.566778

gibbs sample time: 0.057981 seconds
probability of topic_Person_38 is 0.362667

gibbs sample time: 0.094645 seconds
probability of topic_ResearchProject_63 is 0.649333

gibbs sample time: 0.060493 seconds
probability of topic_Staff_60 is 0.498222

gibbs sample time: 0.06162 seconds
probability of topic_ResearchProject_56 is 0.571556

gibbs sample time: 0.299124 seconds
probability of topic_Course_93 is 0.426556

gibbs sample time: 0.442293 seconds
probability of topic_Course_57 is 0.505778

gibbs sample time: 0.583333 seconds
probability of topic_ResearchProject_118 is 0.524667

gibbs sample time: 0.085751 seconds
probability of topic_Staff_14 is 0.526222

gibbs sample time: 0.088129 seconds
probability of topic_Course_63 is 0.501111

gibbs sample time: 0.442388 seconds
probability of topic_Course_168 is 0.420222

gibbs sample time: 0.058836 seconds
probability of topic_Student_46 is 0.494556

gibbs sample time: 0.08651 seconds
probability of topic_Person_36 is 0.381667

gibbs sample time: 0.813569 seconds
probability of topic_Department_106 is 0.469444

gibbs sample time: 0.086649 seconds
probability of topic_Course_14 is 0.592

gibbs sample time: 0.060154 seconds
probability of topic_Student_39 is 0.474111

gibbs sample time: 0.091363 seconds
probability of topic_ResearchProject_36 is 0.468889

gibbs sample time: 0.355001 seconds
probability of topic_Department_30 is 0.413111

gibbs sample time: 0.356528 seconds
probability of topic_Faculty_45 is 0.403333

gibbs sample time: 0.090585 seconds
probability of topic_Department_23 is 0.549889

gibbs sample time: 0.204207 seconds
probability of topic_Student_73 is 0.648111

gibbs sample time: 0.204846 seconds
probability of topic_Student_54 is 0.478556

gibbs sample time: 0.058307 seconds
probability of topic_Course_69 is 0.495556

gibbs sample time: 0.058228 seconds
probability of topic_Staff_63 is 0.408333

gibbs sample time: 0.342331 seconds
probability of topic_Staff_30 is 0.519778

gibbs sample time: 0.097001 seconds
probability of topic_Faculty_88 is 0.562444

gibbs sample time: 0.060388 seconds
probability of topic_Faculty_83 is 0.486778

gibbs sample time: 0.061247 seconds
probability of topic_Department_84 is 0.430889

gibbs sample time: 0.337883 seconds
probability of topic_Faculty_92 is 0.534778

gibbs sample time: 0.089165 seconds
probability of topic_Student_68 is 0.350111

gibbs sample time: 0.058054 seconds
probability of topic_Course_9 is 0.442667

gibbs sample time: 0.22161 seconds
probability of topic_Person_49 is 0.536111

gibbs sample time: 0.058107 seconds
probability of topic_Staff_16 is 0.551111

gibbs sample time: 0.090318 seconds
probability of topic_Faculty_14 is 0.464111

gibbs sample time: 0.27675 seconds
probability of topic_Department_20 is 0.544889

gibbs sample time: 0.312997 seconds
probability of topic_Student_116 is 0.436889

gibbs sample time: 0.060441 seconds
probability of topic_Faculty_25 is 0.428556

gibbs sample time: 0.055828 seconds
probability of topic_Person_18 is 0.38

gibbs sample time: 0.735862 seconds
probability of topic_Person_72 is 0.554

gibbs sample time: 0.724281 seconds
probability of topic_Course_157 is 0.410111

gibbs sample time: 0.352098 seconds
probability of topic_Student_31 is 0.615667

gibbs sample time: 0.356288 seconds
probability of topic_Faculty_48 is 0.475

gibbs sample time: 0.06 seconds
probability of topic_ResearchProject_13 is 0.538778

gibbs sample time: 0.126353 seconds
probability of topic_Department_32 is 0.406

gibbs sample time: 0.216992 seconds
probability of topic_Faculty_114 is 0.442667

gibbs sample time: 0.060631 seconds
probability of topic_ResearchProject_83 is 0.489556

gibbs sample time: 0.058292 seconds
probability of topic_Student_37 is 0.495

gibbs sample time: 0.058795 seconds
probability of topic_ResearchProject_80 is 0.442667

gibbs sample time: 0.734148 seconds
probability of topic_Department_157 is 0.502778

gibbs sample time: 0.058087 seconds
probability of topic_Staff_82 is 0.412

gibbs sample time: 0.736485 seconds
probability of topic_Person_41 is 0.374111

gibbs sample time: 0.058636 seconds
probability of topic_Faculty_46 is 0.389889

gibbs sample time: 0.05887 seconds
probability of topic_Faculty_4 is 0.535

gibbs sample time: 0.058402 seconds
probability of topic_Faculty_37 is 0.417556

gibbs sample time: 0.356268 seconds
probability of topic_Course_31 is 0.394667

gibbs sample time: 0.065595 seconds
probability of topic_Department_33 is 0.797667

gibbs sample time: 0.62595 seconds
probability of topic_Staff_133 is 0.499333

gibbs sample time: 0.060151 seconds
probability of topic_Faculty_33 is 0.601556

gibbs sample time: 0.058269 seconds
probability of topic_Student_62 is 0.717556

gibbs sample time: 0.089456 seconds
probability of topic_Course_76 is 0.425333

gibbs sample time: 0.25297 seconds
probability of topic_Faculty_20 is 0.521222

gibbs sample time: 0.762083 seconds
probability of topic_Student_118 is 0.598444

gibbs sample time: 0.114875 seconds
probability of topic_Course_42 is 0.306667

gibbs sample time: 0.212076 seconds
probability of topic_Faculty_119 is 0.481111

gibbs sample time: 0.056338 seconds
probability of topic_Staff_34 is 0.584444

gibbs sample time: 0.341638 seconds
probability of topic_Staff_136 is 0.432778

gibbs sample time: 0.414649 seconds
probability of topic_Department_126 is 0.483333

gibbs sample time: 0.357715 seconds
probability of topic_Student_125 is 0.576444

gibbs sample time: 0.056225 seconds
probability of topic_Course_71 is 0.461778

gibbs sample time: 0.735105 seconds
probability of topic_Department_155 is 0.579778

gibbs sample time: 0.086284 seconds
probability of topic_Person_63 is 0.368889

gibbs sample time: 0.419759 seconds
probability of topic_Student_87 is 0.567889

gibbs sample time: 0.060882 seconds
probability of topic_Department_85 is 0.476889

gibbs sample time: 0.05648 seconds
probability of topic_Person_98 is 0.563556

gibbs sample time: 0.734569 seconds
probability of topic_Department_12 is 0.595222

gibbs sample time: 0.420102 seconds
probability of topic_Student_35 is 0.814444

gibbs sample time: 0.060253 seconds
probability of topic_Faculty_78 is 0.451889

gibbs sample time: 0.061076 seconds
probability of topic_Department_64 is 0.419

gibbs sample time: 0.710631 seconds
probability of topic_ResearchProject_12 is 0.318

gibbs sample time: 0.059769 seconds
probability of topic_Department_77 is 0.622222

gibbs sample time: 0.941096 seconds
probability of topic_ResearchProject_28 is 0.445778

gibbs sample time: 0.709716 seconds
probability of topic_ResearchProject_133 is 0.473444

gibbs sample time: 0.384478 seconds
probability of topic_Student_3 is 0.351111

gibbs sample time: 0.728151 seconds
probability of topic_Person_12 is 0.605556

gibbs sample time: 0.729654 seconds
probability of topic_Person_155 is 0.362444

gibbs sample time: 0.239204 seconds
probability of topic_Student_19 is 0.685556

gibbs sample time: 0.189502 seconds
probability of topic_Person_45 is 0.509778

gibbs sample time: 0.727916 seconds
probability of topic_Person_157 is 0.573444

gibbs sample time: 0.061478 seconds
probability of topic_Department_83 is 0.461444

gibbs sample time: 0.058135 seconds
probability of topic_Staff_26 is 0.535

gibbs sample time: 0.116209 seconds
probability of topic_Person_32 is 0.446889

gibbs sample time: 0.089845 seconds
probability of topic_ResearchProject_17 is 0.485

gibbs sample time: 0.060536 seconds
probability of topic_Faculty_22 is 0.399

gibbs sample time: 0.155467 seconds
probability of topic_Student_47 is 0.243333

gibbs sample time: 0.118399 seconds
probability of topic_Faculty_94 is 0.220333

gibbs sample time: 0.058351 seconds
probability of topic_Student_86 is 0.524667

gibbs sample time: 0.086 seconds
probability of topic_Faculty_97 is 0.454

gibbs sample time: 0.059248 seconds
probability of topic_Department_6 is 0.436889

gibbs sample time: 0.359249 seconds
probability of topic_Department_91 is 0.529

gibbs sample time: 0.057997 seconds
probability of topic_Staff_43 is 0.497444

gibbs sample time: 0.058476 seconds
probability of topic_Course_80 is 0.431778

gibbs sample time: 0.436382 seconds
probability of topic_Department_57 is 0.529

gibbs sample time: 0.341974 seconds
probability of topic_Staff_125 is 0.527556

gibbs sample time: 0.43682 seconds
probability of topic_Department_168 is 0.481778

gibbs sample time: 0.058665 seconds
probability of topic_Course_75 is 0.416889

gibbs sample time: 0.055975 seconds
probability of topic_Staff_75 is 0.517

gibbs sample time: 0.058012 seconds
probability of topic_Course_83 is 0.616556

gibbs sample time: 0.233885 seconds
probability of topic_ResearchProject_20 is 0.622444

gibbs sample time: 0.055891 seconds
probability of topic_Staff_86 is 0.415222

gibbs sample time: 0.060403 seconds
probability of topic_ResearchProject_38 is 0.484222

gibbs sample time: 0.056273 seconds
probability of topic_Staff_71 is 0.583

gibbs sample time: 0.414774 seconds
probability of topic_Faculty_10 is 0.564889

gibbs sample time: 0.093596 seconds
probability of topic_Student_53 is 0.454444

gibbs sample time: 0.945149 seconds
probability of topic_Person_28 is 0.408111

gibbs sample time: 0.062666 seconds
probability of topic_ResearchProject_60 is 0.484

gibbs sample time: 0.947045 seconds
probability of topic_Person_50 is 0.588444

gibbs sample time: 0.152056 seconds
probability of topic_Faculty_7 is 0.494667

gibbs sample time: 0.058662 seconds
probability of topic_Staff_17 is 0.575

gibbs sample time: 0.060941 seconds
probability of topic_Department_26 is 0.509333

gibbs sample time: 0.062639 seconds
probability of topic_Student_89 is 0.519111

gibbs sample time: 0.358648 seconds
probability of topic_Department_45 is 0.474444

gibbs sample time: 0.413193 seconds
probability of topic_Department_59 is 0.516889

gibbs sample time: 0.45217 seconds
probability of topic_Staff_61 is 0.492778

gibbs sample time: 0.452509 seconds
probability of topic_Staff_168 is 0.433111

gibbs sample time: 0.0583 seconds
probability of topic_Staff_6 is 0.465

gibbs sample time: 0.058039 seconds
probability of topic_Person_13 is 0.386333

gibbs sample time: 0.091522 seconds
probability of topic_Department_88 is 0.546444

gibbs sample time: 0.328249 seconds
probability of topic_Course_48 is 0.447222

gibbs sample time: 0.205023 seconds
probability of topic_Student_114 is 0.537111

gibbs sample time: 0.060572 seconds
probability of topic_ResearchProject_99 is 0.56

gibbs sample time: 0.060054 seconds
probability of topic_Faculty_85 is 0.487444

gibbs sample time: 0.059384 seconds
probability of topic_Department_4 is 0.465222

gibbs sample time: 0.058123 seconds
probability of topic_Course_25 is 0.433

gibbs sample time: 0.055878 seconds
probability of topic_Person_75 is 0.470556

gibbs sample time: 0.060454 seconds
probability of topic_ResearchProject_26 is 0.605556

gibbs sample time: 0.261515 seconds
probability of topic_Staff_87 is 0.545

gibbs sample time: 0.328279 seconds
probability of topic_Course_91 is 0.581778

gibbs sample time: 0.060604 seconds
probability of topic_Student_25 is 0.509444

gibbs sample time: 0.261537 seconds
probability of topic_Staff_35 is 0.481667

gibbs sample time: 0.0851 seconds
probability of topic_Staff_76 is 0.422556

gibbs sample time: 0.062888 seconds
probability of topic_Student_70 is 0.418667

gibbs sample time: 0.097087 seconds
probability of topic_ResearchProject_88 is 0.365556

gibbs sample time: 0.778877 seconds
probability of topic_Faculty_72 is 0.544778

gibbs sample time: 0.059619 seconds
probability of topic_Department_95 is 0.505111

