observed tuples: r3380 r465 r4745 r3898 r511 r3157 r1907 r258 r4130 r3362 r3969 r2465 r2222 r1772 r3656 r2992 r50 r3982 r565 r3392 r3653 r4427 r3347 r2396 r2874 r3078 r978 r576 r4775 r1660 r4739 r4459 r3589 r3519 r4304 r1709 r4600 r2765 r3192 r2726 r4920 r2127 r1470 r3092 r3565 r2525 r347 r1575 r3313 r4863 r2950 r1256 r593 r3641 r2492 r810 r4208 r2029 r2354 r1063 r3348 r543 r1004 r2741 r3315 r3923 r919 r3879 r4108 r549 r4654 r3673 r3224 r861 r3472 r4243 r3518 r1229 r2042 r1491 r1812 r3400 r734 r559 r4365 r3319 r305 r3137 r3710 r1931 r2612 r2230 r3435 r4396 r2586 r2618 r4571 r1389 r2763 r4367 r2161 r4755 r3927 r60 r2636 r1524 r4101 r232 r4224 r3783 r4234 r2394 r2472 r78 r3728 r620 r4146 r929 r3857 r3998 r3574 r1873 r263 r3866 r1823 r3535 r980 r2952 r4688 r3247 r2431 r1189 r2049 r4987 r4307 r2880 r1452 r1428 r3184 r3167 r1180 r4712 r365 r2376 r1490 r3415 r4022 r3388 r1462 r4612 r4082 r4768 r2143 r2099 r1897 r2125 r4891 r2875 r721 r651 r9 r3793 r4156 r4503 r4632 r4629 r4425 r2804 r2597 r4894 r2831 r4565 r155 r1104 r702 r2947 r1320 r4871 r126 r1787 r3425 r798 r3168 r3950 r3475 r2746 r558 r2274 r3661 r3559 r3013 r1989 r419 r2253 r1726 r423 r1471 r3246 r1832 r4067 r3308 r3474 r2795 r3786 r2173 r2014 r3298 r381 r1353 r304 r3386 r3800 r2660 r1782 r3720 r3363 r3893 r1984 r3831 r3810 r4334 r3042 r2215 r897 r3745 r1558 r2245 r4030 r4744 r1380 r3961 r3222 r3420 r2055 r3986 r411 r1479 r2367 r2265 r359 r2794 r2847 r1195 r3816 r424 r2623 r4150 r4771 r2011 r3611 r4222 r2390 r2153 r2264 r1838 r1626 r677 r374 r1994 r256 r2483 r4123 r3787 r2844 r1083 r4919 r2756 r1149 r1829 r561 r2543 r4658 r1953 r3083 r4093 r3468 r2255 r2720 r1295 r4841 r192 links_134_11 hasword_queri_76 r4494 r2088 r1032 r3433 hasword_suggest_91 r2384 r3807 links_87_35 r1287 r2093 r4656 hasword_text_45 hasword_materi_23 hasword_move_48 r1377 r1520 r3256 hasword_text_21 r4089 r2478 links_41_72 r1078 r4924 r2100 r3076 links_133_24 r913 hasword_tx_133 r3834 r2084 r75 r2263 hasword_utexa_54 r991 r2456 hasword_gmt_76 r2913 hasword_austin_69 r2734 links_110_130 r4232 r3478 r4358 r3536 r3979 r408 hasword_experi_92 links_41_106 r2588 links_41_174 hasword_june_118 r2235 r303 r1707 r1258 hasword_parallel_72 r2981 r2549 r809 r3708 r4324 r769 r1305 r495 r1285 hasword_wide_35 r298 r2020 r889 hasword_document_92 r4 hasword_server_66 r1277 r1089 hasword_address_157 r2070 r741 r3338 r356 r1891 r2333 r1914 hasword_window_39 hasword_chapter_60 links_54_114 r1325 links_156_126 hasword_left_75 r4610 hasword_direct_63 links_126_54 r3416 r4651 r3757 r2927 hasword_pointer_85 links_87_10 r3576 r631 links_24_133 r3186 links_91_45 r2799 r2242 links_2_199 r4967 r2722 r1437 r3935 hasword_resourc_2 r146 r1116 r392 r750 hasword_creat_96 r536 r4948 r1043 r123 r2818 r784 r1430 r3636 r1093 r214 r4806 r775 r4970 r2791 r206 hasword_principl_83 r3583 r3431 hasword_constraint_76 r2355 r659 r1370 hasword_ph_34 r4558 r3185 hasword_window_99 links_209_36 hasword_task_47 hasword_base_47 r2321 r238 r672 r2616 r3794 r2138 r3 r1642 hasword_modifi_110 r4842 hasword_environ_53 hasword_date_53 r4718 r4487 hasword_ta_24 r4726 r3130 hasword_point_155 r2727 hasword_unit_57 hasword_numer_119 r737 r3221 r2449 r2973 r3934 hasword_time_72 r1282 hasword_librari_3 links_126_59 links_57_61 r1893 hasword_john_116 r3237 r161 r3253 r302 r4972 hasword_unit_7 r4021 r1911 r520 r644 r2908 r455 links_126_3 r342 r1898 r1695 r518 links_13_187 hasword_student_94 r2417 r4820 r4857 hasword_includ_13 r942 r3440 r484 hasword_jan_97 r1546 r3050 r230 hasword_definit_21 r3736 r2608 hasword_mime_114 r4777 r2893 r4077 r1342 r3019 r4033 r3918 r1003 r1386 r3844 links_29_28 r3853 r2527 r3655 hasword_major_41 r2559 r2671 links_41_118 r181 r231 hasword_add_14 r872 r4329 r4111 hasword_logic_7 r1969 r1554 r3524 r4174 r2279 r843 r33 r3516 r3084 r2170 r3907 hasword_build_58 hasword_small_126 r900 links_41_115 r2066 hasword_educ_95 hasword_plan_2 r4071 hasword_train_7 r4603 hasword_manag_25 r4062 r4126 r3188 r912 r1940 r831 r1099 r2668 r353 r2830 r4075 r187 r3428 hasword_group_115 hasword_wide_50 r1333 r144 hasword_aug_98 hasword_html_19 r3707 r722 hasword_ed_42 r2712 r1261 r2999 hasword_class_59 links_91_180 links_30_136 r1775 r1193 r2269 hasword_event_35 r1475 r2486 r2884 r339 hasword_html_46 r1366 r2774 r4906 r1688 r4954 r3836 r1833 r3271 hasword_jan_79 hasword_faculti_33 r1304 hasword_engin_42 r2840 hasword_architectur_7 r3729 r4045 r3894 r4817 r2591 hasword_resourc_78 r2706 hasword_storag_3 hasword_algorithm_84 r3384 r1487 links_168_57 hasword_content_40 hasword_type_136 hasword_develop_10 hasword_space_25 hasword_consist_49 r3590 hasword_institut_169 r818 links_209_33 r1979 links_55_73 hasword_dynam_3 r876 r4648 r4231 links_130_110 r955 hasword_lab_199 r1427 r1385 hasword_bound_52 links_57_168 r1560 r2267 hasword_docum_79 r1871 r3202 r2528 r4159 r1810 r4216 r1961 hasword_parallel_231 hasword_dynam_27 r3563 hasword_engin_87 r3966 links_110_8 links_59_126 hasword_test_125 r790 hasword_made_90 r4706 r4854 r4770 hasword_austin_32 hasword_paramet_20 links_28_102 r3690 r4573 r3393 hasword_nation_55 links_33_209 r2736 hasword_form_77 r4484 hasword_jan_42 hasword_case_155 r62 r2448 links_29_102 hasword_deriv_65 hasword_check_111 hasword_write_31 hasword_jan_27 hasword_india_68 r4563 hasword_april_4 r3818 r1237 r3141 hasword_date_74 hasword_html_118 r3901 r2823 r603 hasword_line_4 hasword_de_4 r3548 links_4_111 r4837 hasword_type_168 r476 r3451 hasword_articl_25 r346 hasword_onlin_88 hasword_page_97 links_65_119 r4845 r797 r1753 r3887 r4512 r2198 hasword_current_35 hasword_hall_102 r4628 r2862 r2857 r4428 hasword_postscript_17 r2389 r2444 r210 hasword_nov_77 hasword_modifi_25 hasword_propos_32 r3546 hasword_confer_9 links_11_67 links_81_20 hasword_press_20 r3856 r2085 r3748 r941 r1674 hasword_investig_106 links_136_125 r4405 r2803 r4195 r615 hasword_mondai_68 r3902 hasword_program_70 r2629 hasword_process_36 hasword_version_41 r337 hasword_nov_62 r4465 r1807 r4855 hasword_gmt_37 r2233 r3365 hasword_paper_26 r3330 r4589 r4692 r4118 r2337 r56 r4104 r4445 r2561 r2714 hasword_score_3 hasword_intellig_47 r1098 r2733 r3947 r4458 r961 r2814 r2719 links_28_50 r962 r2358 r1828 r3749 r3290 r3534 r3312 r1006 r1031 hasword_implem_156 r4117 hasword_open_111 links_48_180 r2452 r2984 r2780 r3067 r1530 r4995 hasword_server_64 r1211 hasword_string_42 links_78_180 hasword_set_42 r2521 r1934 links_45_48 r3501 hasword_sequenc_43 hasword_orient_126 r388 r1409 r834 hasword_larg_126 r3622 r2517 links_126_156 r1887 r4180 r4873 hasword_cern_15 r3719 r2467 r1450 links_29_50 r4533 hasword_wait_52 r4490 r4852 hasword_begin_102 r1498 r4434 r485 r224 r1906 r212 r1494 r3021 r121 hasword_provid_28 r681 hasword_modifi_134 r4730 r2821 links_199_18 links_50_29 r3978 r273 r2461 r2229 r2680 r219 r4816 r2554 links_50_102 hasword_content_36 r4922 hasword_machin_22 r2050 links_50_28 r136 r1019 r1703 r4488 r4835 hasword_system_29 r829 r2276 hasword_www_180 r1944 r351 links_136_30 hasword_train_180 hasword_univers_88 hasword_ftp_174 r4129 r3044 links_209_172 hasword_text_22 r4209 r1276 r4286 r1566 r3160 links_8_110 links_116_93 r4070 r795 r1719 r2842 r205 hasword_prototyp_7 hasword_transfer_12 r1700 r3718 links_111_58 r4938 hasword_utexa_130 r1376 r4635 r4225 hasword_jan_8 r4637 r1132 hasword_support_111 r1270 r29 links_93_116 hasword_mail_209 r3040 r2520 hasword_real_31 r3081 r440 r1254 hasword_file_56 r2896 links_102_50 hasword_version_18 hasword_artifici_145 r2415 links_17_145 r837 r261 r2018 links_25_231 r4392 r3768 hasword_room_30 r4653 r3236 r478 r760 r896 r1580 r960 r4473 r4824 r3426 r840 r2580 r3343 r2176 r4452 r4194 r400 r2395 r1360 r1431 r3234 r4966 hasword_date_172 r2565 r2060 r2640 hasword_area_17 r142 r3724 r4149 links_89_180 r4463 r1227 r1468 r1615 r4993 r794 r1321 r4616 r606 r2096 r591 r4749 r2854 r1410 hasword_wa_15 r4205 r4929 hasword_text_51 r642 hasword_sourc_64 r3383 r1913 links_2_169 r1526 r4341 r3360 r176 r3276 r1737 r4572 hasword_past_32 r1465 r3806 r1332 r4680 r4750 hasword_count_52 r180 r2757 hasword_version_82 r3692 r4996 r4290 r1900 r3017 r2796 r2815 r1424 r2211 r1441 r3520 r4227 r3205 hasword_form_94 r917 r1937 r3600 r3025 r3144 r4031 r4879 r4211 r2168 r1017 r246 hasword_effici_51 r3183 r3725 r10 r4092 r1489 r3031 r1364 r2429 r3873 r990 hasword_solution_14 r4371 r4140 r2829 r1246 r3194 r55 r1266 r2241 r1921 hasword_gmt_50 r3007 hasword_texa_6 r3410 r2859 r1354 r993 r3252 r3897 r4735 r1601 hasword_elem_18 r2785 hasword_base_1 r2611 links_11_134 r4568 r2964 hasword_instruct_81 r4560 r358 r4372 r1557 hasword_oct_44 r2750 r1184 r3555 r1996 r2236 r1225 r3875 r105 r4782 hasword_paul_61 r930 r1763 r1678 r4379 r4843 r2428 r1860 r3539 r1390 r2303 r1603 r4527 hasword_html_94 r4300 r3785 r1136 r1574 r2792 r1696 r3689 hasword_oct_11 r4731 r1319 r4074 r1024 r4800 r2270 hasword_author_93 r2812 hasword_techniqu_89 r3882 hasword_chang_63 r3423 r1435 r2405 r4542 r584 r39 r4642 r3014 r1061 r413 r1622 r3628 hasword_manag_16 hasword_date_80 r1402 hasword_date_23 r893 r3704 r51 r1202 hasword_complet_32 r1638 r4258 hasword_colleg_38 r1057 hasword_mon_94 hasword_jan_120 r4943 hasword_work_71 r349 r1445 r3303 r1025 links_31_92 hasword_mime_86 r1768 hasword_equal_52 r2816 r272 r3492 r2349 r4438 r573 r4081 r3558 hasword_maintain_69 r3255 r1236 r2864 r3813 r3152 r2642 r4165 r3566 r950 r544 r1570 r854 r147 hasword_collect_52 r510 r2516 r3784 r2667 r2458 hasword_logic_187 r836 r2967 r3394 r967 r1675 r982 r4000 r1809 r4107 r1028 r2533 r354 r4332 r2067 r710 r4976 r3069 r1550 r3864 r2701 r666 r2942 r2347 r1269 r4604 r650 r4584 r3601 r4912 r1155 links_31_120 hasword_nov_19 r3828 links_19_49 r2647 r2043 r7 r300 r1811 r3335 r3954 hasword_implement_126 r24 r1339 r2177 r2678 r4740 r4683 r3508 r3462 r3377 hasword_gmt_5 r2345 hasword_jan_5 hasword_network_73 r1001 r3931 r341 r1955 r1910 r3176 r2320 hasword_complex_20 r1217 r2446 r2826 r162 r1764 hasword_order_47 r2266 r2414 r3975 r4665 r3342 hasword_includ_155 r1506 links_155_169 r2589 links_155_157 r3244 r3409 links_155_199 r3239 links_155_133 hasword_univers_12 r2111 links_12_155 links_106_41 r966 r609 r2604 r3914 r2118 r3562 rl r3169 links_3_156 r4431 r70 r2581 r2575 hasword_gmt_67 r2112 r724 r143 r621 r4317 r3735 r1669 r4509 r2534 r4676 r378 
size of observed tuples: 1274
size of unobserved tuples: 871

gibbs sample time: 0.973366 seconds
probability of topic_Faculty_91 is 0.45

gibbs sample time: 0.975041 seconds
probability of topic_Student_174 is 0.477333

gibbs sample time: 0.974793 seconds
probability of topic_Student_115 is 0.458556

gibbs sample time: 0.974233 seconds
probability of topic_Student_41 is 0.358111

gibbs sample time: 0.092393 seconds
probability of topic_Faculty_23 is 0.372889

gibbs sample time: 0.058158 seconds
probability of topic_Faculty_34 is 0.466778

gibbs sample time: 0.059516 seconds
probability of topic_Department_74 is 0.484222

gibbs sample time: 1.45432 seconds
probability of topic_Staff_155 is 0.451778

gibbs sample time: 0.059703 seconds
probability of topic_Student_16 is 0.410556

gibbs sample time: 0.059215 seconds
probability of topic_Department_71 is 0.464222

gibbs sample time: 0.060204 seconds
probability of topic_Faculty_84 is 0.542111

gibbs sample time: 0.20414 seconds
probability of topic_Course_119 is 0.488222

gibbs sample time: 0.0605 seconds
probability of topic_ResearchProject_43 is 0.495556

gibbs sample time: 0.193687 seconds
probability of topic_Staff_145 is 0.473667

gibbs sample time: 0.194088 seconds
probability of topic_Staff_17 is 0.568667

gibbs sample time: 0.060577 seconds
probability of topic_Staff_13 is 0.502556

gibbs sample time: 0.060415 seconds
probability of topic_Course_82 is 0.396889

gibbs sample time: 0.213003 seconds
probability of topic_Department_187 is 0.501333

gibbs sample time: 0.224525 seconds
probability of topic_Department_13 is 0.590556

gibbs sample time: 0.42888 seconds
probability of topic_ResearchProject_136 is 0.417778

gibbs sample time: 0.089003 seconds
probability of topic_Staff_23 is 0.411444

gibbs sample time: 0.05799 seconds
probability of topic_Course_66 is 0.431556

gibbs sample time: 0.802956 seconds
probability of topic_Person_106 is 0.639444

gibbs sample time: 0.803239 seconds
probability of topic_Person_41 is 0.380444

gibbs sample time: 1.63435 seconds
probability of topic_Person_12 is 0.604

gibbs sample time: 1.20822 seconds
probability of topic_Student_3 is 0.245222

gibbs sample time: 1.53593 seconds
probability of topic_ResearchProject_199 is 0.398333

gibbs sample time: 1.52995 seconds
probability of topic_ResearchProject_169 is 0.567

gibbs sample time: 0.056636 seconds
probability of topic_Person_98 is 0.565889

gibbs sample time: 0.061397 seconds
probability of topic_Department_85 is 0.474667

gibbs sample time: 0.419183 seconds
probability of topic_Student_87 is 0.566778

gibbs sample time: 0.086678 seconds
probability of topic_Person_63 is 0.352333

gibbs sample time: 0.482982 seconds
probability of topic_Student_111 is 0.581778

gibbs sample time: 0.056392 seconds
probability of topic_Staff_34 is 0.588

gibbs sample time: 0.171515 seconds
probability of topic_Course_42 is 0.227889

gibbs sample time: 0.610105 seconds
probability of topic_Faculty_209 is 0.449111

gibbs sample time: 0.611222 seconds
probability of topic_Faculty_33 is 0.597111

gibbs sample time: 1.45147 seconds
probability of topic_Staff_133 is 0.507667

gibbs sample time: 0.638601 seconds
probability of topic_Department_33 is 0.792111

gibbs sample time: 0.42196 seconds
probability of topic_Course_31 is 0.389889

gibbs sample time: 0.058213 seconds
probability of topic_Faculty_37 is 0.412556

gibbs sample time: 0.477341 seconds
probability of topic_Faculty_4 is 0.571556

gibbs sample time: 0.058497 seconds
probability of topic_Faculty_46 is 0.394667

gibbs sample time: 0.058611 seconds
probability of topic_ResearchProject_80 is 0.450333

gibbs sample time: 0.939325 seconds
probability of topic_Faculty_48 is 0.453889

gibbs sample time: 0.634606 seconds
probability of topic_Department_209 is 0.428667

gibbs sample time: 1.66786 seconds
probability of topic_Course_157 is 0.403889

gibbs sample time: 0.805155 seconds
probability of topic_Person_72 is 0.557889

gibbs sample time: 0.090108 seconds
probability of topic_Faculty_14 is 0.456667

gibbs sample time: 0.05801 seconds
probability of topic_Staff_16 is 0.554333

gibbs sample time: 1.21061 seconds
probability of topic_Student_114 is 0.540556

gibbs sample time: 0.910256 seconds
probability of topic_Course_48 is 0.438222

gibbs sample time: 0.222136 seconds
probability of topic_Person_49 is 0.528889

gibbs sample time: 0.058715 seconds
probability of topic_Course_9 is 0.453333

gibbs sample time: 0.402308 seconds
probability of topic_Faculty_92 is 0.501

gibbs sample time: 1.63753 seconds
probability of topic_Faculty_133 is 0.491778

gibbs sample time: 0.065001 seconds
probability of topic_Department_84 is 0.431222

gibbs sample time: 0.061251 seconds
probability of topic_Faculty_83 is 0.482111

gibbs sample time: 0.059079 seconds
probability of topic_Staff_63 is 0.402333

gibbs sample time: 0.285167 seconds
probability of topic_Faculty_25 is 0.353444

gibbs sample time: 1.216 seconds
probability of topic_Student_54 is 0.492889

gibbs sample time: 0.086188 seconds
probability of topic_Course_14 is 0.595

gibbs sample time: 0.631561 seconds
probability of topic_Person_36 is 0.387

gibbs sample time: 0.06061 seconds
probability of topic_ResearchProject_99 is 0.550889

gibbs sample time: 0.473016 seconds
probability of topic_Department_4 is 0.429444

gibbs sample time: 0.101475 seconds
probability of topic_ResearchProject_63 is 0.653333

gibbs sample time: 1.2197 seconds
probability of topic_Student_156 is 0.452667

gibbs sample time: 1.05924 seconds
probability of topic_ResearchProject_29 is 0.383111

gibbs sample time: 1.22175 seconds
probability of topic_Course_54 is 0.512556

gibbs sample time: 1.1127 seconds
probability of topic_Faculty_29 is 0.408

gibbs sample time: 0.434283 seconds
probability of topic_Course_30 is 0.581556

gibbs sample time: 1.45998 seconds
probability of topic_Staff_2 is 0.44

gibbs sample time: 1.06401 seconds
probability of topic_Student_28 is 0.479667

gibbs sample time: 0.285597 seconds
probability of topic_Faculty_20 is 0.533667

gibbs sample time: 0.395788 seconds
probability of topic_Person_10 is 0.521333

gibbs sample time: 0.947465 seconds
probability of topic_ResearchProject_48 is 0.821444

gibbs sample time: 0.090302 seconds
probability of topic_Faculty_69 is 0.448222

gibbs sample time: 0.093084 seconds
probability of topic_Faculty_63 is 0.429778

gibbs sample time: 0.433806 seconds
probability of topic_Course_125 is 0.456

gibbs sample time: 0.147952 seconds
probability of topic_Staff_32 is 0.369

gibbs sample time: 0.971829 seconds
probability of topic_Course_106 is 0.503667

gibbs sample time: 0.97077 seconds
probability of topic_Course_118 is 0.435444

gibbs sample time: 0.059866 seconds
probability of topic_Faculty_38 is 0.467222

gibbs sample time: 0.974099 seconds
probability of topic_Course_41 is 0.302778

gibbs sample time: 0.240499 seconds
probability of topic_Student_145 is 0.501

gibbs sample time: 1.4601 seconds
probability of topic_Staff_12 is 0.477556

gibbs sample time: 0.055891 seconds
probability of topic_Staff_79 is 0.576778

gibbs sample time: 0.05797 seconds
probability of topic_Person_39 is 0.408333

gibbs sample time: 0.165827 seconds
probability of topic_Staff_55 is 0.487889

gibbs sample time: 0.643303 seconds
probability of topic_Department_36 is 0.445556

gibbs sample time: 0.429895 seconds
probability of topic_ResearchProject_125 is 0.497222

gibbs sample time: 0.056637 seconds
probability of topic_Person_80 is 0.502444

gibbs sample time: 0.058462 seconds
probability of topic_Person_40 is 0.480111

gibbs sample time: 0.058132 seconds
probability of topic_Person_70 is 0.451444

gibbs sample time: 0.280942 seconds
probability of topic_Person_136 is 0.491556

gibbs sample time: 1.63482 seconds
probability of topic_Department_12 is 0.589667

gibbs sample time: 0.149148 seconds
probability of topic_Course_52 is 0.414444

gibbs sample time: 1.63545 seconds
probability of topic_Department_24 is 0.505222

gibbs sample time: 0.284989 seconds
probability of topic_Faculty_81 is 0.463111

gibbs sample time: 0.153404 seconds
probability of topic_Student_94 is 0.639556

gibbs sample time: 1.65735 seconds
probability of topic_Department_199 is 0.378444

gibbs sample time: 0.143951 seconds
probability of topic_Course_94 is 0.221444

gibbs sample time: 0.945048 seconds
probability of topic_Department_89 is 0.448667

gibbs sample time: 0.805012 seconds
probability of topic_Person_115 is 0.426556

gibbs sample time: 0.060894 seconds
probability of topic_Course_43 is 0.465444

gibbs sample time: 0.056674 seconds
probability of topic_Person_34 is 0.654444

gibbs sample time: 0.308673 seconds
probability of topic_Student_116 is 0.434222

gibbs sample time: 0.285531 seconds
probability of topic_Department_20 is 0.478333

gibbs sample time: 1.64303 seconds
probability of topic_Person_199 is 0.521222

gibbs sample time: 0.41567 seconds
probability of topic_Course_87 is 0.358

gibbs sample time: 1.62596 seconds
probability of topic_Faculty_24 is 0.488333

gibbs sample time: 0.286187 seconds
probability of topic_Staff_116 is 0.459444

gibbs sample time: 0.286323 seconds
probability of topic_Staff_93 is 0.507333

gibbs sample time: 0.090684 seconds
probability of topic_Student_88 is 0.679778

gibbs sample time: 0.3803 seconds
probability of topic_Staff_120 is 0.592556

gibbs sample time: 0.05624 seconds
probability of topic_Student_6 is 0.527333

gibbs sample time: 1.23132 seconds
probability of topic_Person_114 is 0.529

gibbs sample time: 1.22791 seconds
probability of topic_Person_156 is 0.503444

gibbs sample time: 0.626397 seconds
probability of topic_ResearchProject_172 is 0.467444

gibbs sample time: 0.15002 seconds
probability of topic_Department_94 is 0.718889

gibbs sample time: 1.22918 seconds
probability of topic_Person_126 is 0.572889

gibbs sample time: 1.25285 seconds
probability of topic_Faculty_59 is 0.472778

gibbs sample time: 0.957366 seconds
probability of topic_ResearchProject_72 is 0.424

gibbs sample time: 0.439857 seconds
probability of topic_Student_67 is 0.516111

gibbs sample time: 0.207515 seconds
probability of topic_Course_145 is 0.544

gibbs sample time: 0.182747 seconds
probability of topic_Staff_42 is 0.635333

gibbs sample time: 0.650812 seconds
probability of topic_Student_209 is 0.553556

gibbs sample time: 0.181897 seconds
probability of topic_Faculty_52 is 0.638444

gibbs sample time: 0.883286 seconds
probability of topic_Staff_78 is 0.453667

gibbs sample time: 0.305732 seconds
probability of topic_Faculty_116 is 0.431222

gibbs sample time: 0.407493 seconds
probability of topic_Department_134 is 0.401778

gibbs sample time: 0.058295 seconds
probability of topic_Person_84 is 0.461222

gibbs sample time: 0.056137 seconds
probability of topic_Student_1 is 0.370667

gibbs sample time: 0.444235 seconds
probability of topic_Department_61 is 0.322444

gibbs sample time: 1.16924 seconds
probability of topic_Faculty_50 is 0.449444

gibbs sample time: 1.22546 seconds
probability of topic_Student_126 is 0.594556

gibbs sample time: 0.150951 seconds
probability of topic_Student_52 is 0.427444

gibbs sample time: 0.449432 seconds
probability of topic_Course_61 is 0.454889

gibbs sample time: 0.214014 seconds
probability of topic_Department_17 is 0.381667

gibbs sample time: 1.64399 seconds
probability of topic_Faculty_12 is 0.556222

gibbs sample time: 0.214452 seconds
probability of topic_Course_65 is 0.476889

gibbs sample time: 1.23899 seconds
probability of topic_Person_59 is 0.539333

gibbs sample time: 0.209959 seconds
probability of topic_Person_119 is 0.490111

gibbs sample time: 0.090188 seconds
probability of topic_Person_53 is 0.528

gibbs sample time: 0.422169 seconds
probability of topic_Department_87 is 0.461222

gibbs sample time: 0.058528 seconds
probability of topic_Faculty_71 is 0.521889

gibbs sample time: 0.05597 seconds
probability of topic_Course_44 is 0.503778

gibbs sample time: 0.094026 seconds
probability of topic_Department_69 is 0.332

gibbs sample time: 0.485142 seconds
probability of topic_Student_58 is 0.407556

gibbs sample time: 1.64285 seconds
probability of topic_Department_2 is 0.472

gibbs sample time: 1.01077 seconds
probability of topic_Faculty_72 is 0.588222

gibbs sample time: 0.512067 seconds
probability of topic_Student_8 is 0.528

gibbs sample time: 0.063552 seconds
probability of topic_Department_95 is 0.502667

gibbs sample time: 0.557799 seconds
probability of topic_Staff_36 is 0.370111

gibbs sample time: 0.059748 seconds
probability of topic_Student_96 is 0.453778

gibbs sample time: 0.060305 seconds
probability of topic_Faculty_96 is 0.481111

gibbs sample time: 1.03134 seconds
probability of topic_Course_29 is 0.669111

gibbs sample time: 0.085918 seconds
probability of topic_Person_51 is 0.505111

gibbs sample time: 0.197024 seconds
probability of topic_Course_55 is 0.477222

gibbs sample time: 0.093055 seconds
probability of topic_Student_64 is 0.421111

gibbs sample time: 0.614981 seconds
probability of topic_Faculty_36 is 0.439667

gibbs sample time: 0.059841 seconds
probability of topic_Student_40 is 0.495

gibbs sample time: 0.089768 seconds
probability of topic_Student_68 is 0.362778

gibbs sample time: 0.210122 seconds
probability of topic_Course_187 is 0.517889

gibbs sample time: 0.981524 seconds
probability of topic_Course_72 is 0.395889

gibbs sample time: 0.208465 seconds
probability of topic_Course_13 is 0.460667

gibbs sample time: 0.506995 seconds
probability of topic_Course_110 is 0.426

gibbs sample time: 0.092341 seconds
probability of topic_Department_21 is 0.454222

gibbs sample time: 0.092819 seconds
probability of topic_Course_97 is 0.560444

gibbs sample time: 1.53899 seconds
probability of topic_ResearchProject_18 is 0.495556

gibbs sample time: 1.54646 seconds
probability of topic_ResearchProject_157 is 0.525778

gibbs sample time: 0.057763 seconds
probability of topic_Staff_99 is 0.449556

gibbs sample time: 0.210639 seconds
probability of topic_ResearchProject_55 is 0.392333

gibbs sample time: 0.418948 seconds
probability of topic_Staff_125 is 0.520222

gibbs sample time: 0.439049 seconds
probability of topic_Department_168 is 0.470667

gibbs sample time: 0.428424 seconds
probability of topic_ResearchProject_87 is 0.406889

gibbs sample time: 0.060844 seconds
probability of topic_Department_99 is 0.423111

gibbs sample time: 0.190682 seconds
probability of topic_Course_73 is 0.406889

gibbs sample time: 0.162538 seconds
probability of topic_Student_32 is 0.703222

gibbs sample time: 0.455386 seconds
probability of topic_ResearchProject_168 is 0.432778

gibbs sample time: 0.447537 seconds
probability of topic_ResearchProject_11 is 0.357

gibbs sample time: 0.061538 seconds
probability of topic_Course_40 is 0.419222

gibbs sample time: 0.060581 seconds
probability of topic_Faculty_39 is 0.458889

gibbs sample time: 0.05613 seconds
probability of topic_Staff_90 is 0.609

gibbs sample time: 0.859189 seconds
probability of topic_Student_78 is 0.487556

gibbs sample time: 0.147905 seconds
probability of topic_Course_32 is 0.464222

gibbs sample time: 1.67011 seconds
probability of topic_Department_169 is 0.783222

gibbs sample time: 0.060593 seconds
probability of topic_Staff_83 is 0.479667

gibbs sample time: 0.059632 seconds
probability of topic_ResearchProject_34 is 0.407778

gibbs sample time: 0.086218 seconds
probability of topic_Student_5 is 0.519778

gibbs sample time: 0.81251 seconds
probability of topic_Person_118 is 0.608889

gibbs sample time: 0.83521 seconds
probability of topic_Person_48 is 0.509556

gibbs sample time: 0.059172 seconds
probability of topic_Department_86 is 0.431

gibbs sample time: 0.435909 seconds
probability of topic_ResearchProject_30 is 0.460222

gibbs sample time: 0.616885 seconds
probability of topic_Person_172 is 0.503889

gibbs sample time: 0.090122 seconds
probability of topic_ResearchProject_53 is 0.503111

gibbs sample time: 1.07698 seconds
probability of topic_ResearchProject_50 is 0.398

gibbs sample time: 1.11689 seconds
probability of topic_Course_102 is 0.430889

gibbs sample time: 0.058246 seconds
probability of topic_Faculty_62 is 0.499889

gibbs sample time: 0.289631 seconds
probability of topic_Person_116 is 0.376778

gibbs sample time: 0.941908 seconds
probability of topic_Faculty_180 is 0.650111

gibbs sample time: 0.308467 seconds
probability of topic_Student_93 is 0.215778

gibbs sample time: 0.089724 seconds
probability of topic_ResearchProject_22 is 0.351444

gibbs sample time: 1.00156 seconds
probability of topic_Faculty_115 is 0.480444

gibbs sample time: 0.094543 seconds
probability of topic_Department_64 is 0.386778

gibbs sample time: 1.54752 seconds
probability of topic_ResearchProject_12 is 0.316111

gibbs sample time: 0.435399 seconds
probability of topic_Course_136 is 0.410778

gibbs sample time: 0.08668 seconds
probability of topic_Staff_69 is 0.446778

gibbs sample time: 0.058845 seconds
probability of topic_ResearchProject_75 is 0.509

gibbs sample time: 1.03874 seconds
probability of topic_Staff_28 is 0.470778

gibbs sample time: 0.471499 seconds
probability of topic_Department_111 is 0.312556

gibbs sample time: 0.091319 seconds
probability of topic_ResearchProject_68 is 0.295333

gibbs sample time: 0.063 seconds
probability of topic_Student_85 is 0.506333

gibbs sample time: 0.058128 seconds
probability of topic_Person_38 is 0.359778

gibbs sample time: 1.63153 seconds
probability of topic_Faculty_169 is 0.578667

gibbs sample time: 0.29113 seconds
probability of topic_ResearchProject_93 is 0.416556

gibbs sample time: 0.439499 seconds
probability of topic_Faculty_168 is 0.405222

gibbs sample time: 0.058138 seconds
probability of topic_Staff_82 is 0.402444

gibbs sample time: 1.46182 seconds
probability of topic_Staff_199 is 0.447778

gibbs sample time: 0.091066 seconds
probability of topic_ResearchProject_64 is 0.411111

gibbs sample time: 1.53566 seconds
probability of topic_ResearchProject_155 is 0.482778

gibbs sample time: 0.503763 seconds
probability of topic_Course_8 is 0.465556

gibbs sample time: 0.086018 seconds
probability of topic_Course_79 is 0.539444

gibbs sample time: 1.64911 seconds
probability of topic_Student_169 is 0.364556

gibbs sample time: 0.149821 seconds
probability of topic_ResearchProject_94 is 0.199333

gibbs sample time: 1.67763 seconds
probability of topic_Course_24 is 0.561556

gibbs sample time: 0.225155 seconds
probability of topic_Staff_49 is 0.511444

gibbs sample time: 0.444199 seconds
probability of topic_Faculty_11 is 0.560111

gibbs sample time: 0.430244 seconds
probability of topic_Department_125 is 0.467889

gibbs sample time: 0.088127 seconds
probability of topic_Person_15 is 0.523111

gibbs sample time: 0.418088 seconds
probability of topic_Department_35 is 0.384111

gibbs sample time: 0.194762 seconds
probability of topic_Person_55 is 0.582556

gibbs sample time: 0.207146 seconds
probability of topic_Person_65 is 0.497667

gibbs sample time: 1.19711 seconds
probability of topic_Staff_3 is 0.521556

gibbs sample time: 0.238009 seconds
probability of topic_Faculty_145 is 0.489667

gibbs sample time: 0.08294 seconds
probability of topic_Staff_15 is 0.435333

gibbs sample time: 0.186796 seconds
probability of topic_Department_42 is 0.654222

gibbs sample time: 1.65162 seconds
probability of topic_Student_12 is 0.592111

gibbs sample time: 1.03036 seconds
probability of topic_Course_50 is 0.406222

gibbs sample time: 1.03829 seconds
probability of topic_Staff_50 is 0.427111

gibbs sample time: 1.12605 seconds
probability of topic_Department_29 is 0.357667

gibbs sample time: 0.383551 seconds
probability of topic_Person_57 is 0.490778

gibbs sample time: 0.15284 seconds
probability of topic_ResearchProject_25 is 0.545

gibbs sample time: 0.089451 seconds
probability of topic_Faculty_27 is 0.512444

gibbs sample time: 0.649154 seconds
probability of topic_Student_33 is 0.329111

gibbs sample time: 0.600761 seconds
probability of topic_Course_209 is 0.644222

gibbs sample time: 0.055934 seconds
probability of topic_Course_6 is 0.509111

gibbs sample time: 0.272887 seconds
probability of topic_ResearchProject_81 is 0.461889

gibbs sample time: 0.201686 seconds
probability of topic_Person_13 is 0.389

gibbs sample time: 0.857693 seconds
probability of topic_Student_48 is 0.270222

gibbs sample time: 0.058102 seconds
probability of topic_Course_39 is 0.602222

gibbs sample time: 0.600496 seconds
probability of topic_Course_172 is 0.431778

gibbs sample time: 1.03509 seconds
probability of topic_Staff_29 is 0.495222

gibbs sample time: 0.058714 seconds
probability of topic_Student_62 is 0.711

gibbs sample time: 1.64499 seconds
probability of topic_Person_2 is 0.280222

gibbs sample time: 0.600834 seconds
probability of topic_Course_36 is 0.320889

gibbs sample time: 0.882332 seconds
probability of topic_Staff_180 is 0.587444

gibbs sample time: 0.954651 seconds
probability of topic_Staff_41 is 0.363

gibbs sample time: 0.514388 seconds
probability of topic_Faculty_110 is 0.425667

gibbs sample time: 0.298002 seconds
probability of topic_Person_25 is 0.428111

gibbs sample time: 0.303809 seconds
probability of topic_Student_231 is 0.555556

gibbs sample time: 0.089991 seconds
probability of topic_Person_22 is 0.582222

gibbs sample time: 0.060195 seconds
probability of topic_ResearchProject_66 is 0.427222

gibbs sample time: 0.940965 seconds
probability of topic_Faculty_45 is 0.406444

gibbs sample time: 0.199476 seconds
probability of topic_Staff_65 is 0.477222

gibbs sample time: 0.557366 seconds
probability of topic_Staff_172 is 0.462556

gibbs sample time: 0.405475 seconds
probability of topic_Department_11 is 0.486222

gibbs sample time: 0.187152 seconds
probability of topic_Student_42 is 0.569556

gibbs sample time: 0.994076 seconds
probability of topic_Faculty_174 is 0.633222

gibbs sample time: 0.166178 seconds
probability of topic_Staff_73 is 0.596222

gibbs sample time: 0.055867 seconds
probability of topic_Staff_98 is 0.435556

gibbs sample time: 0.420651 seconds
probability of topic_Student_35 is 0.804889

gibbs sample time: 0.058762 seconds
probability of topic_Course_74 is 0.430111

gibbs sample time: 0.060626 seconds
probability of topic_Course_84 is 0.493111

gibbs sample time: 0.432723 seconds
probability of topic_Student_125 is 0.587778

gibbs sample time: 0.056286 seconds
probability of topic_Course_71 is 0.455889

gibbs sample time: 0.948995 seconds
probability of topic_ResearchProject_180 is 0.642556

gibbs sample time: 1.29531 seconds
probability of topic_Department_126 is 0.386111

gibbs sample time: 0.205619 seconds
probability of topic_Department_55 is 0.408556

gibbs sample time: 0.091174 seconds
probability of topic_ResearchProject_69 is 0.449778

gibbs sample time: 0.087221 seconds
probability of topic_Department_5 is 0.635222

gibbs sample time: 0.08557 seconds
probability of topic_Staff_14 is 0.517

gibbs sample time: 0.088529 seconds
probability of topic_Course_63 is 0.491667

gibbs sample time: 0.062037 seconds
probability of topic_Department_80 is 0.475222

gibbs sample time: 0.056114 seconds
probability of topic_Person_44 is 0.560889

gibbs sample time: 0.454939 seconds
probability of topic_ResearchProject_61 is 0.491333

gibbs sample time: 0.055807 seconds
probability of topic_Course_51 is 0.423889

gibbs sample time: 0.948155 seconds
probability of topic_Department_48 is 0.499444

gibbs sample time: 0.28126 seconds
probability of topic_Person_30 is 0.448222

gibbs sample time: 0.432618 seconds
probability of topic_Student_136 is 0.489111

gibbs sample time: 0.151138 seconds
probability of topic_ResearchProject_52 is 0.455556

gibbs sample time: 0.303361 seconds
probability of topic_Student_25 is 0.394222

gibbs sample time: 0.086351 seconds
probability of topic_Staff_27 is 0.596111

gibbs sample time: 0.412749 seconds
probability of topic_Staff_136 is 0.404667

gibbs sample time: 0.505046 seconds
probability of topic_Person_130 is 0.491556

gibbs sample time: 0.383545 seconds
probability of topic_Person_61 is 0.554667

gibbs sample time: 0.497668 seconds
probability of topic_ResearchProject_58 is 0.591111

gibbs sample time: 0.947977 seconds
probability of topic_Department_180 is 0.675

gibbs sample time: 0.557052 seconds
probability of topic_Staff_209 is 0.540333

gibbs sample time: 0.058844 seconds
probability of topic_ResearchProject_74 is 0.436

gibbs sample time: 0.951156 seconds
probability of topic_Staff_118 is 0.439889

gibbs sample time: 0.430886 seconds
probability of topic_Department_120 is 0.669333

gibbs sample time: 0.059975 seconds
probability of topic_Student_43 is 0.478778

gibbs sample time: 0.442192 seconds
probability of topic_Course_57 is 0.504333

gibbs sample time: 1.64435 seconds
probability of topic_Person_18 is 0.388111

gibbs sample time: 0.09242 seconds
probability of topic_ResearchProject_5 is 0.408667

gibbs sample time: 0.21454 seconds
probability of topic_Department_73 is 0.461111

gibbs sample time: 0.059874 seconds
probability of topic_ResearchProject_46 is 0.419

gibbs sample time: 0.150584 seconds
probability of topic_Staff_52 is 0.493556

gibbs sample time: 0.506097 seconds
probability of topic_ResearchProject_111 is 0.434667

gibbs sample time: 1.00755 seconds
probability of topic_Faculty_118 is 0.417333

gibbs sample time: 0.928447 seconds
probability of topic_Course_89 is 0.519

gibbs sample time: 0.434143 seconds
probability of topic_Person_11 is 0.534222

gibbs sample time: 0.05646 seconds
probability of topic_Course_27 is 0.473111

gibbs sample time: 0.50013 seconds
probability of topic_ResearchProject_4 is 0.369

gibbs sample time: 1.06685 seconds
probability of topic_Student_50 is 0.583222

gibbs sample time: 0.418391 seconds
probability of topic_Department_10 is 0.442556

gibbs sample time: 1.29613 seconds
probability of topic_Department_156 is 0.484667

gibbs sample time: 0.058359 seconds
probability of topic_Person_83 is 0.516778

gibbs sample time: 0.984573 seconds
probability of topic_Student_106 is 0.499778

gibbs sample time: 0.058147 seconds
probability of topic_Person_16 is 0.504778

gibbs sample time: 0.125237 seconds
probability of topic_Department_76 is 0.442111

gibbs sample time: 0.416798 seconds
probability of topic_Course_10 is 0.478333

gibbs sample time: 0.091469 seconds
probability of topic_Department_27 is 0.650889

gibbs sample time: 0.092176 seconds
probability of topic_Student_27 is 0.498333

gibbs sample time: 1.01732 seconds
probability of topic_Department_115 is 0.443778

gibbs sample time: 0.237837 seconds
probability of topic_Faculty_19 is 0.379444

gibbs sample time: 0.514377 seconds
probability of topic_Faculty_8 is 0.491333

gibbs sample time: 1.63295 seconds
probability of topic_Faculty_2 is 0.346667

gibbs sample time: 0.058207 seconds
probability of topic_Course_96 is 0.408667

gibbs sample time: 0.097533 seconds
probability of topic_ResearchProject_88 is 0.360556

gibbs sample time: 0.06076 seconds
probability of topic_Staff_40 is 0.422889

gibbs sample time: 0.086791 seconds
probability of topic_Course_64 is 0.347222

gibbs sample time: 0.092655 seconds
probability of topic_Faculty_79 is 0.488222

gibbs sample time: 0.148122 seconds
probability of topic_Staff_94 is 0.0877778

gibbs sample time: 0.058267 seconds
probability of topic_Student_56 is 0.412556

gibbs sample time: 0.059638 seconds
probability of topic_Department_14 is 0.493778

gibbs sample time: 0.090845 seconds
probability of topic_Person_69 is 0.428889

gibbs sample time: 0.38238 seconds
probability of topic_Staff_31 is 0.469667

gibbs sample time: 0.241554 seconds
probability of topic_Student_17 is 0.532778

gibbs sample time: 0.423451 seconds
probability of topic_Course_120 is 0.495778

gibbs sample time: 0.21305 seconds
probability of topic_Department_145 is 0.436667

gibbs sample time: 0.06018 seconds
probability of topic_ResearchProject_70 is 0.406667

gibbs sample time: 1.23831 seconds
probability of topic_Faculty_126 is 0.408556

gibbs sample time: 1.63451 seconds
probability of topic_Faculty_199 is 0.462333

gibbs sample time: 0.088768 seconds
probability of topic_Student_76 is 0.526333

gibbs sample time: 0.086554 seconds
probability of topic_Person_79 is 0.542111

gibbs sample time: 0.091195 seconds
probability of topic_Department_88 is 0.562111

gibbs sample time: 1.29402 seconds
probability of topic_Department_3 is 0.476222

gibbs sample time: 0.262794 seconds
probability of topic_Staff_35 is 0.489889

gibbs sample time: 0.061033 seconds
probability of topic_Department_82 is 0.428333

gibbs sample time: 1.03335 seconds
probability of topic_Staff_102 is 0.522222

gibbs sample time: 0.088896 seconds
probability of topic_Student_79 is 0.407333

gibbs sample time: 0.963354 seconds
probability of topic_ResearchProject_156 is 0.439556

gibbs sample time: 0.058775 seconds
probability of topic_Course_80 is 0.429444

gibbs sample time: 0.055972 seconds
probability of topic_Person_95 is 0.479444

gibbs sample time: 0.439413 seconds
probability of topic_Department_57 is 0.531333

gibbs sample time: 0.631311 seconds
probability of topic_ResearchProject_36 is 0.479778

gibbs sample time: 0.056388 seconds
probability of topic_Course_98 is 0.374222

gibbs sample time: 0.514811 seconds
probability of topic_Faculty_130 is 0.502778

gibbs sample time: 0.413843 seconds
probability of topic_Person_31 is 0.609222

gibbs sample time: 0.45528 seconds
probability of topic_ResearchProject_57 is 0.504556

gibbs sample time: 1.06816 seconds
probability of topic_Person_29 is 0.536667

gibbs sample time: 0.05585 seconds
probability of topic_Staff_37 is 0.442333

gibbs sample time: 0.058184 seconds
probability of topic_Course_99 is 0.616889

gibbs sample time: 0.238866 seconds
probability of topic_ResearchProject_19 is 0.534222

gibbs sample time: 1.21458 seconds
probability of topic_Student_59 is 0.598556

gibbs sample time: 0.060534 seconds
probability of topic_Staff_9 is 0.490889

gibbs sample time: 0.959105 seconds
probability of topic_ResearchProject_59 is 0.459444

gibbs sample time: 1.06501 seconds
probability of topic_ResearchProject_28 is 0.453111

gibbs sample time: 1.54 seconds
probability of topic_ResearchProject_133 is 0.492667

gibbs sample time: 0.439539 seconds
probability of topic_Faculty_61 is 0.469667

gibbs sample time: 0.177912 seconds
probability of topic_Course_7 is 0.504667

gibbs sample time: 0.912508 seconds
probability of topic_Course_45 is 0.417222

gibbs sample time: 0.417476 seconds
probability of topic_Course_67 is 0.440556

gibbs sample time: 0.207482 seconds
probability of topic_Course_17 is 0.438778

gibbs sample time: 0.423292 seconds
probability of topic_Faculty_31 is 0.516778

gibbs sample time: 0.185525 seconds
probability of topic_Department_7 is 0.479333

gibbs sample time: 0.095813 seconds
probability of topic_Department_68 is 0.406222

gibbs sample time: 0.086523 seconds
probability of topic_Person_64 is 0.425111

gibbs sample time: 0.060835 seconds
probability of topic_ResearchProject_83 is 0.482667

gibbs sample time: 0.858508 seconds
probability of topic_Student_91 is 0.399778

gibbs sample time: 0.424807 seconds
probability of topic_ResearchProject_35 is 0.391333

gibbs sample time: 0.270877 seconds
probability of topic_Student_20 is 0.436778

gibbs sample time: 0.981543 seconds
probability of topic_Course_115 is 0.675778

gibbs sample time: 0.093394 seconds
probability of topic_ResearchProject_51 is 0.445111

gibbs sample time: 0.415445 seconds
probability of topic_Faculty_35 is 0.521111

gibbs sample time: 0.090555 seconds
probability of topic_Staff_68 is 0.343778

gibbs sample time: 0.949022 seconds
probability of topic_Staff_174 is 0.463889

gibbs sample time: 0.96998 seconds
probability of topic_ResearchProject_118 is 0.445444

gibbs sample time: 0.292301 seconds
probability of topic_Faculty_49 is 0.521556

gibbs sample time: 0.056095 seconds
probability of topic_Course_21 is 0.422333

gibbs sample time: 0.947916 seconds
probability of topic_Staff_72 is 0.309111

gibbs sample time: 0.431559 seconds
probability of topic_Department_136 is 0.468889

gibbs sample time: 1.1025 seconds
probability of topic_Faculty_28 is 0.481667

gibbs sample time: 0.11644 seconds
probability of topic_Person_7 is 0.512667

gibbs sample time: 0.949831 seconds
probability of topic_ResearchProject_41 is 0.399111

gibbs sample time: 1.54001 seconds
probability of topic_ResearchProject_24 is 0.483444

gibbs sample time: 0.413927 seconds
probability of topic_Faculty_87 is 0.517

gibbs sample time: 0.423132 seconds
probability of topic_Course_92 is 0.426667

gibbs sample time: 0.060126 seconds
probability of topic_Student_21 is 0.456778

gibbs sample time: 0.291113 seconds
probability of topic_ResearchProject_116 is 0.510889

gibbs sample time: 0.061077 seconds
probability of topic_Department_43 is 0.473333

gibbs sample time: 0.058197 seconds
probability of topic_Faculty_86 is 0.430889

gibbs sample time: 0.19896 seconds
probability of topic_Staff_119 is 0.590889

gibbs sample time: 0.060948 seconds
probability of topic_Department_40 is 0.478889

gibbs sample time: 0.876285 seconds
probability of topic_Staff_48 is 0.589

gibbs sample time: 0.503863 seconds
probability of topic_Course_130 is 0.511444

gibbs sample time: 1.235 seconds
probability of topic_Faculty_54 is 0.491111

gibbs sample time: 1.23625 seconds
probability of topic_Faculty_3 is 0.558222

gibbs sample time: 0.433866 seconds
probability of topic_Student_11 is 0.516778

gibbs sample time: 0.875535 seconds
probability of topic_Staff_89 is 0.517444

gibbs sample time: 1.67974 seconds
probability of topic_Course_133 is 0.51

gibbs sample time: 0.443233 seconds
probability of topic_ResearchProject_134 is 0.474111

gibbs sample time: 1.06149 seconds
probability of topic_ResearchProject_102 is 0.439

gibbs sample time: 0.303588 seconds
probability of topic_Staff_25 is 0.362222

gibbs sample time: 0.062486 seconds
probability of topic_Department_46 is 0.482333

gibbs sample time: 1.01559 seconds
probability of topic_Department_106 is 0.474556

gibbs sample time: 0.146748 seconds
probability of topic_Staff_7 is 0.485

gibbs sample time: 0.233849 seconds
probability of topic_Person_17 is 0.551111

gibbs sample time: 0.061192 seconds
probability of topic_Student_44 is 0.529111

gibbs sample time: 0.297352 seconds
probability of topic_Course_116 is 0.479111

gibbs sample time: 0.093252 seconds
probability of topic_ResearchProject_27 is 0.425556

gibbs sample time: 0.238624 seconds
probability of topic_Student_49 is 0.578889

gibbs sample time: 0.055928 seconds
probability of topic_Staff_95 is 0.454333

gibbs sample time: 0.647242 seconds
probability of topic_Student_172 is 0.504333

gibbs sample time: 0.949623 seconds
probability of topic_Staff_115 is 0.538444

gibbs sample time: 0.055909 seconds
probability of topic_Course_53 is 0.424889

gibbs sample time: 0.203391 seconds
probability of topic_Student_73 is 0.646333

gibbs sample time: 0.144844 seconds
probability of topic_Course_47 is 0.550444

gibbs sample time: 0.057951 seconds
probability of topic_Course_60 is 0.472222

gibbs sample time: 0.404614 seconds
probability of topic_Department_67 is 0.493556

gibbs sample time: 0.058268 seconds
probability of topic_Course_70 is 0.581556

gibbs sample time: 0.088637 seconds
probability of topic_Faculty_21 is 0.361778

gibbs sample time: 0.507342 seconds
probability of topic_Student_110 is 0.498889

gibbs sample time: 0.417084 seconds
probability of topic_Course_11 is 0.492889

gibbs sample time: 0.058783 seconds
probability of topic_ResearchProject_21 is 0.431333

gibbs sample time: 0.394747 seconds
probability of topic_Person_35 is 0.766222

gibbs sample time: 0.613076 seconds
probability of topic_Faculty_172 is 0.430333

gibbs sample time: 0.060956 seconds
probability of topic_Department_70 is 0.573778

gibbs sample time: 0.951292 seconds
probability of topic_ResearchProject_106 is 0.508

gibbs sample time: 0.060772 seconds
probability of topic_Department_16 is 0.417444

gibbs sample time: 0.482657 seconds
probability of topic_ResearchProject_130 is 0.497556

gibbs sample time: 0.058452 seconds
probability of topic_Faculty_74 is 0.420556

gibbs sample time: 0.056132 seconds
probability of topic_Person_56 is 0.352444

gibbs sample time: 0.493445 seconds
probability of topic_Staff_130 is 0.495778

gibbs sample time: 0.419483 seconds
probability of topic_Student_10 is 0.553889

gibbs sample time: 0.210955 seconds
probability of topic_ResearchProject_119 is 0.537222

gibbs sample time: 0.087531 seconds
probability of topic_Person_88 is 0.761222

gibbs sample time: 0.086044 seconds
probability of topic_Person_23 is 0.240444

gibbs sample time: 0.487266 seconds
probability of topic_ResearchProject_8 is 0.460333

gibbs sample time: 1.67292 seconds
probability of topic_Course_2 is 0.547889

gibbs sample time: 0.059354 seconds
probability of topic_Department_34 is 0.376333

gibbs sample time: 0.061756 seconds
probability of topic_Department_37 is 0.480333

gibbs sample time: 0.888191 seconds
probability of topic_Student_180 is 0.515778

gibbs sample time: 0.959316 seconds
probability of topic_Student_45 is 0.508222

gibbs sample time: 0.413368 seconds
probability of topic_Person_120 is 0.512

gibbs sample time: 1.65776 seconds
probability of topic_Department_133 is 0.512

gibbs sample time: 0.08803 seconds
probability of topic_Person_76 is 0.537333

gibbs sample time: 0.055878 seconds
probability of topic_Person_46 is 0.483222

gibbs sample time: 0.055887 seconds
probability of topic_Staff_74 is 0.443

gibbs sample time: 0.082901 seconds
probability of topic_Faculty_5 is 0.402111

gibbs sample time: 0.089545 seconds
probability of topic_ResearchProject_14 is 0.395889

gibbs sample time: 0.194133 seconds
probability of topic_Person_73 is 0.651556

gibbs sample time: 0.284484 seconds
probability of topic_Faculty_231 is 0.544333

gibbs sample time: 0.058907 seconds
probability of topic_Staff_39 is 0.461556

gibbs sample time: 0.484471 seconds
probability of topic_ResearchProject_110 is 0.473889

gibbs sample time: 1.67751 seconds
probability of topic_Course_169 is 0.499444

gibbs sample time: 0.062434 seconds
probability of topic_Faculty_40 is 0.398

gibbs sample time: 0.058635 seconds
probability of topic_Faculty_90 is 0.546333

gibbs sample time: 0.911172 seconds
probability of topic_Course_91 is 0.574111

gibbs sample time: 0.092791 seconds
probability of topic_Faculty_64 is 0.378333

gibbs sample time: 0.119539 seconds
probability of topic_ResearchProject_76 is 0.447444

gibbs sample time: 0.08956 seconds
probability of topic_Student_97 is 0.629556

gibbs sample time: 0.087724 seconds
probability of topic_Faculty_15 is 0.46

gibbs sample time: 1.23785 seconds
probability of topic_Faculty_114 is 0.445444

gibbs sample time: 0.232352 seconds
probability of topic_Person_145 is 0.453333

gibbs sample time: 0.644626 seconds
probability of topic_Department_172 is 0.495333

gibbs sample time: 0.089991 seconds
probability of topic_Student_69 is 0.497444

gibbs sample time: 0.910366 seconds
probability of topic_Course_78 is 0.521556

gibbs sample time: 0.35073 seconds
probability of topic_ResearchProject_120 is 0.482556

gibbs sample time: 0.948171 seconds
probability of topic_Staff_106 is 0.672778

gibbs sample time: 0.479231 seconds
probability of topic_Faculty_58 is 0.549

gibbs sample time: 1.06052 seconds
probability of topic_Student_29 is 0.546

gibbs sample time: 0.091664 seconds
probability of topic_Department_63 is 0.392111

gibbs sample time: 0.090214 seconds
probability of topic_ResearchProject_79 is 0.428333

gibbs sample time: 0.430469 seconds
probability of topic_Department_30 is 0.427556

gibbs sample time: 1.19507 seconds
probability of topic_Staff_59 is 0.484667

gibbs sample time: 0.091195 seconds
probability of topic_Department_15 is 0.392444

gibbs sample time: 1.23181 seconds
probability of topic_Person_3 is 0.348222

gibbs sample time: 0.058327 seconds
probability of topic_Student_37 is 0.488333

gibbs sample time: 0.08907 seconds
probability of topic_Staff_21 is 0.445667

gibbs sample time: 0.060389 seconds
probability of topic_ResearchProject_39 is 0.544556

gibbs sample time: 0.398679 seconds
probability of topic_Faculty_120 is 0.490111

gibbs sample time: 0.087941 seconds
probability of topic_Person_68 is 0.297778

gibbs sample time: 0.058209 seconds
probability of topic_Faculty_75 is 0.492667

gibbs sample time: 0.423216 seconds
probability of topic_ResearchProject_10 is 0.531556

gibbs sample time: 0.826603 seconds
probability of topic_Person_78 is 0.360889

gibbs sample time: 0.247157 seconds
probability of topic_Department_19 is 0.599

gibbs sample time: 0.600923 seconds
probability of topic_Course_33 is 0.573333

gibbs sample time: 0.952512 seconds
probability of topic_ResearchProject_174 is 0.489444

gibbs sample time: 0.060034 seconds
probability of topic_Student_66 is 0.487667

gibbs sample time: 0.055792 seconds
probability of topic_Person_86 is 0.505222

gibbs sample time: 0.441163 seconds
probability of topic_Course_168 is 0.422222

gibbs sample time: 0.910271 seconds
probability of topic_Course_180 is 0.448667

gibbs sample time: 0.950602 seconds
probability of topic_ResearchProject_115 is 0.66

gibbs sample time: 0.296186 seconds
probability of topic_Person_231 is 0.552778

gibbs sample time: 0.443521 seconds
probability of topic_Person_58 is 0.485667

gibbs sample time: 0.058262 seconds
probability of topic_Student_9 is 0.464778

gibbs sample time: 0.417691 seconds
probability of topic_Staff_30 is 0.530111

gibbs sample time: 0.211341 seconds
probability of topic_Faculty_65 is 0.426778

gibbs sample time: 1.24046 seconds
probability of topic_Faculty_156 is 0.514222

gibbs sample time: 0.070888 seconds
probability of topic_ResearchProject_82 is 0.479444

gibbs sample time: 0.826985 seconds
probability of topic_Person_89 is 0.472222

gibbs sample time: 1.64214 seconds
probability of topic_Person_169 is 0.610556

gibbs sample time: 0.084995 seconds
probability of topic_Person_77 is 0.633889

gibbs sample time: 0.826154 seconds
probability of topic_Person_180 is 0.578

gibbs sample time: 0.152239 seconds
probability of topic_Person_47 is 0.207222

gibbs sample time: 1.06738 seconds
probability of topic_Person_28 is 0.412111

gibbs sample time: 0.093391 seconds
probability of topic_Student_53 is 0.451222

gibbs sample time: 0.647257 seconds
probability of topic_Student_36 is 0.390222

gibbs sample time: 1.64492 seconds
probability of topic_Person_155 is 0.349778

gibbs sample time: 1.64571 seconds
probability of topic_Person_157 is 0.570444

gibbs sample time: 0.055694 seconds
probability of topic_Course_46 is 0.413667

gibbs sample time: 0.992633 seconds
probability of topic_Faculty_41 is 0.373667

gibbs sample time: 0.827598 seconds
probability of topic_Person_45 is 0.495

gibbs sample time: 0.238588 seconds
probability of topic_Student_19 is 0.684667

gibbs sample time: 0.060551 seconds
probability of topic_ResearchProject_26 is 0.620222

gibbs sample time: 0.261893 seconds
probability of topic_Staff_87 is 0.533444

gibbs sample time: 0.061181 seconds
probability of topic_ResearchProject_23 is 0.448333

gibbs sample time: 0.061191 seconds
probability of topic_Department_83 is 0.468889

gibbs sample time: 0.148298 seconds
probability of topic_Person_32 is 0.511

gibbs sample time: 0.057914 seconds
probability of topic_Staff_26 is 0.530111

gibbs sample time: 0.0605 seconds
probability of topic_Faculty_22 is 0.406111

gibbs sample time: 0.059026 seconds
probability of topic_Department_98 is 0.332111

gibbs sample time: 0.156051 seconds
probability of topic_Student_47 is 0.246222

gibbs sample time: 0.090695 seconds
probability of topic_Department_23 is 0.556111

gibbs sample time: 0.090302 seconds
probability of topic_Department_53 is 0.442222

gibbs sample time: 0.969155 seconds
probability of topic_ResearchProject_45 is 0.416778

gibbs sample time: 0.180038 seconds
probability of topic_Faculty_42 is 0.522333

gibbs sample time: 0.503257 seconds
probability of topic_Person_110 is 0.487667

gibbs sample time: 0.056466 seconds
probability of topic_Staff_75 is 0.529667

gibbs sample time: 0.058462 seconds
probability of topic_Course_83 is 0.624444

gibbs sample time: 0.058463 seconds
probability of topic_Student_86 is 0.529333

gibbs sample time: 0.057847 seconds
probability of topic_Person_96 is 0.468444

gibbs sample time: 0.150088 seconds
probability of topic_Faculty_32 is 0.512222

gibbs sample time: 0.268413 seconds
probability of topic_Course_231 is 0.497222

gibbs sample time: 0.086363 seconds
probability of topic_Faculty_97 is 0.460222

gibbs sample time: 1.19337 seconds
probability of topic_Staff_156 is 0.566222

gibbs sample time: 1.19102 seconds
probability of topic_Staff_126 is 0.509

gibbs sample time: 1.19257 seconds
probability of topic_Staff_114 is 0.423222

gibbs sample time: 0.058036 seconds
probability of topic_Staff_43 is 0.491111

gibbs sample time: 0.270991 seconds
probability of topic_ResearchProject_20 is 0.614778

gibbs sample time: 0.061024 seconds
probability of topic_Department_38 is 0.568667

gibbs sample time: 0.414836 seconds
probability of topic_Faculty_10 is 0.564444

gibbs sample time: 1.46897 seconds
probability of topic_Staff_157 is 0.64

gibbs sample time: 0.056478 seconds
probability of topic_Staff_71 is 0.585556

gibbs sample time: 0.060719 seconds
probability of topic_ResearchProject_38 is 0.473222

gibbs sample time: 0.060666 seconds
probability of topic_Staff_60 is 0.497778

gibbs sample time: 0.296509 seconds
probability of topic_Course_93 is 0.437

gibbs sample time: 0.06125 seconds
probability of topic_ResearchProject_56 is 0.573333

gibbs sample time: 0.426707 seconds
probability of topic_Student_61 is 0.584222

gibbs sample time: 0.183427 seconds
probability of topic_Faculty_7 is 0.511444

gibbs sample time: 1.06869 seconds
probability of topic_Person_50 is 0.585889

gibbs sample time: 0.091232 seconds
probability of topic_Course_69 is 0.597778

gibbs sample time: 0.944422 seconds
probability of topic_Department_91 is 0.519556

gibbs sample time: 0.232457 seconds
probability of topic_Staff_81 is 0.453111

gibbs sample time: 0.944599 seconds
probability of topic_Department_45 is 0.474111

gibbs sample time: 0.863888 seconds
probability of topic_Student_89 is 0.502556

gibbs sample time: 0.451483 seconds
probability of topic_Staff_57 is 0.443556

gibbs sample time: 0.451385 seconds
probability of topic_Staff_61 is 0.491778

gibbs sample time: 1.64248 seconds
probability of topic_Department_157 is 0.506667

gibbs sample time: 0.055366 seconds
probability of topic_Staff_1 is 0.411222

gibbs sample time: 1.28747 seconds
probability of topic_Department_59 is 0.537222

gibbs sample time: 1.24972 seconds
probability of topic_Person_54 is 0.485667

gibbs sample time: 0.451899 seconds
probability of topic_Staff_168 is 0.437889

gibbs sample time: 0.058411 seconds
probability of topic_Staff_6 is 0.472667

gibbs sample time: 0.981615 seconds
probability of topic_Student_72 is 0.564

gibbs sample time: 0.093092 seconds
probability of topic_Faculty_68 is 0.338889

gibbs sample time: 0.47283 seconds
probability of topic_Department_58 is 0.459444

gibbs sample time: 0.289905 seconds
probability of topic_Faculty_30 is 0.487

gibbs sample time: 0.557798 seconds
probability of topic_Staff_33 is 0.502556

gibbs sample time: 0.061145 seconds
probability of topic_Department_9 is 0.498111

gibbs sample time: 0.059777 seconds
probability of topic_Student_39 is 0.478222

gibbs sample time: 0.056396 seconds
probability of topic_Faculty_1 is 0.578556

gibbs sample time: 0.970514 seconds
probability of topic_Course_174 is 0.518889

gibbs sample time: 1.06235 seconds
probability of topic_Student_102 is 0.565556

gibbs sample time: 0.055786 seconds
probability of topic_Person_75 is 0.477778

gibbs sample time: 0.06096 seconds
probability of topic_ResearchProject_15 is 0.5

gibbs sample time: 0.26832 seconds
probability of topic_Course_25 is 0.325111

gibbs sample time: 0.060958 seconds
probability of topic_Department_26 is 0.515444

gibbs sample time: 0.085777 seconds
probability of topic_Staff_5 is 0.520667

gibbs sample time: 0.22034 seconds
probability of topic_Person_19 is 0.686889

gibbs sample time: 0.059942 seconds
probability of topic_Faculty_99 is 0.469889

gibbs sample time: 0.415351 seconds
probability of topic_Staff_67 is 0.462556

gibbs sample time: 0.058271 seconds
probability of topic_Student_46 is 0.478444

gibbs sample time: 0.062674 seconds
probability of topic_Student_70 is 0.425556

gibbs sample time: 0.085985 seconds
probability of topic_Staff_22 is 0.491778

gibbs sample time: 0.118911 seconds
probability of topic_Staff_76 is 0.423556

gibbs sample time: 0.058719 seconds
probability of topic_Student_90 is 0.509333

gibbs sample time: 0.058676 seconds
probability of topic_Student_74 is 0.493111

gibbs sample time: 0.05938 seconds
probability of topic_Department_56 is 0.487

gibbs sample time: 0.626791 seconds
probability of topic_ResearchProject_33 is 0.461889

gibbs sample time: 0.47904 seconds
probability of topic_Faculty_111 is 0.518667

gibbs sample time: 0.267943 seconds
probability of topic_Student_81 is 0.575778

gibbs sample time: 0.453911 seconds
probability of topic_Course_111 is 0.428444

gibbs sample time: 1.06923 seconds
probability of topic_Person_102 is 0.542111

gibbs sample time: 0.058558 seconds
probability of topic_Person_9 is 0.409

gibbs sample time: 0.432097 seconds
probability of topic_Person_67 is 0.509556

gibbs sample time: 1.03143 seconds
probability of topic_Course_28 is 0.491778

gibbs sample time: 1.64488 seconds
probability of topic_Person_133 is 0.523444

gibbs sample time: 0.055704 seconds
probability of topic_Person_6 is 0.488333

gibbs sample time: 0.211666 seconds
probability of topic_Faculty_119 is 0.492889

gibbs sample time: 0.090428 seconds
probability of topic_Course_22 is 0.400556

gibbs sample time: 0.241932 seconds
probability of topic_ResearchProject_145 is 0.500222

gibbs sample time: 0.09131 seconds
probability of topic_Student_15 is 0.525889

gibbs sample time: 0.981 seconds
probability of topic_Student_118 is 0.596667

gibbs sample time: 0.22555 seconds
probability of topic_Staff_19 is 0.393556

gibbs sample time: 0.877249 seconds
probability of topic_Staff_91 is 0.457

gibbs sample time: 0.241964 seconds
probability of topic_ResearchProject_17 is 0.463556

gibbs sample time: 0.056237 seconds
probability of topic_Person_90 is 0.648556

gibbs sample time: 0.060454 seconds
probability of topic_Student_60 is 0.513333

gibbs sample time: 0.08856 seconds
probability of topic_Staff_77 is 0.408556

gibbs sample time: 0.626437 seconds
probability of topic_ResearchProject_209 is 0.386889

gibbs sample time: 1.5385 seconds
probability of topic_ResearchProject_2 is 0.508444

gibbs sample time: 0.061753 seconds
probability of topic_Faculty_51 is 0.402111

gibbs sample time: 0.060192 seconds
probability of topic_Faculty_85 is 0.492

gibbs sample time: 0.151985 seconds
probability of topic_Department_47 is 0.241556

gibbs sample time: 0.055845 seconds
probability of topic_Staff_62 is 0.492778

gibbs sample time: 0.418425 seconds
probability of topic_Course_35 is 0.473111

gibbs sample time: 0.232134 seconds
probability of topic_Staff_20 is 0.425

gibbs sample time: 0.285714 seconds
probability of topic_Faculty_136 is 0.416111

gibbs sample time: 0.170441 seconds
probability of topic_Faculty_55 is 0.484556

gibbs sample time: 0.170503 seconds
probability of topic_Faculty_73 is 0.536444

gibbs sample time: 0.058161 seconds
probability of topic_Staff_38 is 0.425

gibbs sample time: 0.428983 seconds
probability of topic_Department_92 is 0.433444

gibbs sample time: 0.443958 seconds
probability of topic_Faculty_67 is 0.430333

gibbs sample time: 0.06202 seconds
probability of topic_Department_22 is 0.478889

gibbs sample time: 0.44346 seconds
probability of topic_Faculty_134 is 0.418556

gibbs sample time: 0.055933 seconds
probability of topic_Course_37 is 0.426778

gibbs sample time: 1.45978 seconds
probability of topic_Staff_24 is 0.479778

gibbs sample time: 0.28583 seconds
probability of topic_Department_81 is 0.592889

gibbs sample time: 0.145691 seconds
probability of topic_Person_52 is 0.486778

gibbs sample time: 1.28772 seconds
probability of topic_Department_54 is 0.504333

gibbs sample time: 1.29471 seconds
probability of topic_Department_114 is 0.444556

gibbs sample time: 0.875743 seconds
probability of topic_Staff_45 is 0.432556

gibbs sample time: 0.205208 seconds
probability of topic_ResearchProject_187 is 0.450222

gibbs sample time: 0.204922 seconds
probability of topic_ResearchProject_13 is 0.530889

gibbs sample time: 0.331838 seconds
probability of topic_Staff_4 is 0.405111

gibbs sample time: 0.118899 seconds
probability of topic_Course_76 is 0.444444

gibbs sample time: 0.956982 seconds
probability of topic_ResearchProject_126 is 0.454

gibbs sample time: 0.082658 seconds
probability of topic_Course_15 is 0.424889

gibbs sample time: 0.962547 seconds
probability of topic_Faculty_78 is 0.434

gibbs sample time: 0.058793 seconds
probability of topic_ResearchProject_71 is 0.489667

gibbs sample time: 0.089865 seconds
probability of topic_Staff_64 is 0.410889

gibbs sample time: 0.188326 seconds
probability of topic_ResearchProject_42 is 0.420556

gibbs sample time: 0.283529 seconds
probability of topic_Person_93 is 0.210667

gibbs sample time: 0.059109 seconds
probability of topic_Staff_66 is 0.427778

gibbs sample time: 1.68304 seconds
probability of topic_Course_18 is 0.376444

gibbs sample time: 0.332198 seconds
probability of topic_Staff_111 is 0.588778

gibbs sample time: 1.19255 seconds
probability of topic_Staff_54 is 0.490556

gibbs sample time: 0.151843 seconds
probability of topic_Faculty_94 is 0.189

gibbs sample time: 0.086578 seconds
probability of topic_Person_97 is 0.621556

gibbs sample time: 0.060107 seconds
probability of topic_ResearchProject_96 is 0.492556

gibbs sample time: 0.059512 seconds
probability of topic_Department_75 is 0.469333

gibbs sample time: 0.056398 seconds
probability of topic_Faculty_6 is 0.471

gibbs sample time: 1.14523 seconds
probability of topic_Faculty_102 is 0.531444

gibbs sample time: 0.111733 seconds
probability of topic_Faculty_76 is 0.507889

gibbs sample time: 0.089114 seconds
probability of topic_Staff_53 is 0.450222

gibbs sample time: 0.271312 seconds
probability of topic_Course_20 is 0.470111

gibbs sample time: 0.433152 seconds
probability of topic_Student_134 is 0.507889

gibbs sample time: 0.058883 seconds
probability of topic_ResearchProject_95 is 0.476333

gibbs sample time: 1.66672 seconds
probability of topic_Department_18 is 0.406444

gibbs sample time: 0.944144 seconds
probability of topic_Department_78 is 0.450111

gibbs sample time: 0.940236 seconds
probability of topic_Faculty_89 is 0.456333

gibbs sample time: 0.260038 seconds
probability of topic_Person_81 is 0.508

gibbs sample time: 0.061161 seconds
probability of topic_Department_66 is 0.485111

gibbs sample time: 0.058182 seconds
probability of topic_Faculty_95 is 0.487556

gibbs sample time: 0.259975 seconds
probability of topic_Person_20 is 0.487

gibbs sample time: 0.181534 seconds
probability of topic_Department_52 is 0.467889

gibbs sample time: 0.060795 seconds
probability of topic_ResearchProject_84 is 0.400556

gibbs sample time: 0.121024 seconds
probability of topic_ResearchProject_32 is 0.496333

gibbs sample time: 0.060509 seconds
probability of topic_ResearchProject_40 is 0.437667

gibbs sample time: 0.236648 seconds
probability of topic_Faculty_17 is 0.570111

gibbs sample time: 0.062723 seconds
probability of topic_Student_22 is 0.616889

gibbs sample time: 0.058074 seconds
probability of topic_Staff_84 is 0.470778

gibbs sample time: 0.056056 seconds
probability of topic_Staff_80 is 0.448222

gibbs sample time: 0.059878 seconds
probability of topic_Student_38 is 0.447333

gibbs sample time: 0.143901 seconds
probability of topic_Staff_47 is 0.323222

gibbs sample time: 0.055711 seconds
probability of topic_Staff_44 is 0.425889

gibbs sample time: 0.23864 seconds
probability of topic_ResearchProject_49 is 0.498444

gibbs sample time: 0.948632 seconds
probability of topic_ResearchProject_78 is 0.510111

gibbs sample time: 0.08942 seconds
probability of topic_Faculty_53 is 0.479667

gibbs sample time: 0.056081 seconds
probability of topic_Staff_86 is 0.413444

gibbs sample time: 1.09662 seconds
probability of topic_Department_50 is 0.416

gibbs sample time: 1.09819 seconds
probability of topic_Department_102 is 0.378333

gibbs sample time: 1.09735 seconds
probability of topic_Department_28 is 0.470444

gibbs sample time: 0.058089 seconds
probability of topic_Course_38 is 0.472111

gibbs sample time: 0.058341 seconds
probability of topic_Person_66 is 0.490333

gibbs sample time: 0.058065 seconds
probability of topic_Course_68 is 0.493778

gibbs sample time: 1.67199 seconds
probability of topic_Course_12 is 0.529

gibbs sample time: 1.67512 seconds
probability of topic_Course_155 is 0.449556

gibbs sample time: 0.058404 seconds
probability of topic_Faculty_44 is 0.573889

gibbs sample time: 0.058616 seconds
probability of topic_Course_75 is 0.405556

gibbs sample time: 1.64899 seconds
probability of topic_Student_133 is 0.558444

gibbs sample time: 0.351219 seconds
probability of topic_ResearchProject_31 is 0.403778

gibbs sample time: 0.35091 seconds
probability of topic_ResearchProject_92 is 0.511333

gibbs sample time: 0.061121 seconds
probability of topic_Department_60 is 0.508556

gibbs sample time: 0.506463 seconds
probability of topic_Department_130 is 0.503222

gibbs sample time: 0.439383 seconds
probability of topic_Faculty_57 is 0.470222

gibbs sample time: 0.191982 seconds
probability of topic_Course_19 is 0.410444

gibbs sample time: 0.191785 seconds
probability of topic_Course_49 is 0.444778

gibbs sample time: 0.059824 seconds
probability of topic_Faculty_16 is 0.510111

gibbs sample time: 0.089384 seconds
probability of topic_Student_63 is 0.443333

gibbs sample time: 1.63367 seconds
probability of topic_Department_155 is 0.537889

gibbs sample time: 0.086105 seconds
probability of topic_Course_5 is 0.390444

gibbs sample time: 0.247322 seconds
probability of topic_Department_49 is 0.472

gibbs sample time: 0.304909 seconds
probability of topic_Staff_231 is 0.453778

gibbs sample time: 0.613681 seconds
probability of topic_Person_33 is 0.356

gibbs sample time: 0.614072 seconds
probability of topic_Person_209 is 0.520111

gibbs sample time: 0.207037 seconds
probability of topic_Student_13 is 0.314222

gibbs sample time: 0.206676 seconds
probability of topic_Student_187 is 0.511444

gibbs sample time: 0.439618 seconds
probability of topic_Person_4 is 0.490333

gibbs sample time: 1.64511 seconds
probability of topic_Faculty_18 is 0.434111

gibbs sample time: 0.059817 seconds
probability of topic_Faculty_82 is 0.409111

gibbs sample time: 0.083007 seconds
probability of topic_Staff_97 is 0.583444

gibbs sample time: 0.086875 seconds
probability of topic_Student_77 is 0.739444

gibbs sample time: 0.210366 seconds
probability of topic_ResearchProject_73 is 0.491778

gibbs sample time: 0.058443 seconds
probability of topic_Course_95 is 0.508111

gibbs sample time: 0.50689 seconds
probability of topic_Student_130 is 0.482222

gibbs sample time: 0.088225 seconds
probability of topic_ResearchProject_97 is 0.472222

gibbs sample time: 0.088218 seconds
probability of topic_Department_77 is 0.624444

gibbs sample time: 1.01445 seconds
probability of topic_Department_174 is 0.820889

gibbs sample time: 0.182567 seconds
probability of topic_Student_65 is 0.485111

gibbs sample time: 0.171869 seconds
probability of topic_Person_42 is 0.599778

gibbs sample time: 0.058607 seconds
probability of topic_Course_34 is 0.466111

gibbs sample time: 0.271797 seconds
probability of topic_Course_81 is 0.536556

gibbs sample time: 0.442344 seconds
probability of topic_ResearchProject_67 is 0.463444

gibbs sample time: 0.203335 seconds
probability of topic_Student_55 is 0.528

gibbs sample time: 0.059372 seconds
probability of topic_ResearchProject_90 is 0.588889

gibbs sample time: 0.090639 seconds
probability of topic_Department_79 is 0.566444

gibbs sample time: 0.056005 seconds
probability of topic_Staff_56 is 0.446889

gibbs sample time: 0.060199 seconds
probability of topic_Student_82 is 0.513

gibbs sample time: 0.504984 seconds
probability of topic_Person_87 is 0.587889

gibbs sample time: 0.060009 seconds
probability of topic_Department_90 is 0.557778

gibbs sample time: 0.431762 seconds
probability of topic_Student_31 is 0.564

gibbs sample time: 0.060032 seconds
probability of topic_Faculty_26 is 0.583667

gibbs sample time: 1.01201 seconds
probability of topic_Faculty_106 is 0.514778

gibbs sample time: 0.060057 seconds
probability of topic_Student_83 is 0.525556

gibbs sample time: 0.970269 seconds
probability of topic_ResearchProject_89 is 0.476889

gibbs sample time: 0.062858 seconds
probability of topic_ResearchProject_60 is 0.490111

gibbs sample time: 0.428329 seconds
probability of topic_Department_31 is 0.447333

gibbs sample time: 0.085487 seconds
probability of topic_Person_21 is 0.459222

gibbs sample time: 0.058558 seconds
probability of topic_Course_56 is 0.434333

gibbs sample time: 0.417465 seconds
probability of topic_Course_134 is 0.441778

gibbs sample time: 0.056394 seconds
probability of topic_Course_90 is 0.406889

gibbs sample time: 0.085987 seconds
probability of topic_Person_14 is 0.439222

gibbs sample time: 0.058659 seconds
probability of topic_ResearchProject_44 is 0.374778

gibbs sample time: 0.827316 seconds
probability of topic_Person_91 is 0.371889

gibbs sample time: 1.01356 seconds
probability of topic_Department_118 is 0.488889

gibbs sample time: 0.059552 seconds
probability of topic_ResearchProject_6 is 0.471556

gibbs sample time: 1.21789 seconds
probability of topic_Course_114 is 0.430889

gibbs sample time: 0.093139 seconds
probability of topic_Student_23 is 0.293222

gibbs sample time: 0.058125 seconds
probability of topic_Course_85 is 0.550667

gibbs sample time: 0.056161 seconds
probability of topic_Person_71 is 0.665444

gibbs sample time: 0.059983 seconds
probability of topic_Faculty_66 is 0.397889

gibbs sample time: 1.02082 seconds
probability of topic_Department_41 is 0.362

gibbs sample time: 1.01429 seconds
probability of topic_Department_72 is 0.337

gibbs sample time: 0.506933 seconds
probability of topic_Department_8 is 0.659222

gibbs sample time: 0.505448 seconds
probability of topic_Department_110 is 0.387667

gibbs sample time: 0.440437 seconds
probability of topic_Person_111 is 0.653667

gibbs sample time: 1.21931 seconds
probability of topic_Course_59 is 0.637222

gibbs sample time: 0.082874 seconds
probability of topic_Person_5 is 0.508

gibbs sample time: 0.087585 seconds
probability of topic_Course_88 is 0.510778

gibbs sample time: 1.21914 seconds
probability of topic_Course_126 is 0.356333

gibbs sample time: 1.22243 seconds
probability of topic_Course_156 is 0.519111

gibbs sample time: 0.058568 seconds
probability of topic_Faculty_80 is 0.422

gibbs sample time: 1.2215 seconds
probability of topic_Course_3 is 0.437667

gibbs sample time: 0.087998 seconds
probability of topic_Faculty_77 is 0.381333

gibbs sample time: 0.481723 seconds
probability of topic_Student_4 is 0.444667

gibbs sample time: 0.058234 seconds
probability of topic_Course_26 is 0.563333

gibbs sample time: 0.060701 seconds
probability of topic_Person_26 is 0.503778

gibbs sample time: 0.209096 seconds
probability of topic_ResearchProject_65 is 0.514778

gibbs sample time: 0.413502 seconds
probability of topic_Person_92 is 0.460444

gibbs sample time: 0.286681 seconds
probability of topic_Department_116 is 0.440444

gibbs sample time: 1.67458 seconds
probability of topic_Course_199 is 0.459

gibbs sample time: 0.091399 seconds
probability of topic_Department_51 is 0.467889

gibbs sample time: 0.432471 seconds
probability of topic_Person_134 is 0.487

gibbs sample time: 0.060671 seconds
probability of topic_Person_99 is 0.4

gibbs sample time: 0.380709 seconds
probability of topic_Staff_92 is 0.443667

gibbs sample time: 0.097152 seconds
probability of topic_Faculty_88 is 0.557333

gibbs sample time: 0.060248 seconds
probability of topic_ResearchProject_85 is 0.507889

gibbs sample time: 0.415861 seconds
probability of topic_Staff_11 is 0.419889

gibbs sample time: 0.415096 seconds
probability of topic_Staff_134 is 0.403

gibbs sample time: 0.058384 seconds
probability of topic_Faculty_98 is 0.418667

gibbs sample time: 0.061594 seconds
probability of topic_ResearchProject_9 is 0.645111

gibbs sample time: 0.060897 seconds
probability of topic_Student_34 is 0.596111

gibbs sample time: 0.311869 seconds
probability of topic_Department_231 is 0.458556

gibbs sample time: 0.06061 seconds
probability of topic_ResearchProject_16 is 0.490333

gibbs sample time: 0.06079 seconds
probability of topic_Person_43 is 0.483889

gibbs sample time: 1.62938 seconds
probability of topic_Faculty_155 is 0.621667

gibbs sample time: 0.058562 seconds
probability of topic_Student_95 is 0.515889

gibbs sample time: 0.312758 seconds
probability of topic_Department_25 is 0.28

gibbs sample time: 1.63173 seconds
probability of topic_Faculty_157 is 0.451111

gibbs sample time: 0.067863 seconds
probability of topic_Faculty_60 is 0.464

gibbs sample time: 0.066621 seconds
probability of topic_Staff_96 is 0.504333

gibbs sample time: 0.066438 seconds
probability of topic_Department_39 is 0.427

gibbs sample time: 1.47216 seconds
probability of topic_Staff_169 is 0.772111

gibbs sample time: 1.46046 seconds
probability of topic_Staff_18 is 0.379667

gibbs sample time: 0.202598 seconds
probability of topic_Person_187 is 0.471889

gibbs sample time: 0.058717 seconds
probability of topic_Student_98 is 0.626333

gibbs sample time: 1.64904 seconds
probability of topic_Student_24 is 0.562556

gibbs sample time: 0.087997 seconds
probability of topic_ResearchProject_77 is 0.552111

gibbs sample time: 0.089269 seconds
probability of topic_Person_27 is 0.510111

gibbs sample time: 0.059129 seconds
probability of topic_ResearchProject_62 is 0.622889

gibbs sample time: 0.479366 seconds
probability of topic_Staff_8 is 0.572333

gibbs sample time: 0.089264 seconds
probability of topic_Student_14 is 0.461444

gibbs sample time: 0.085609 seconds
probability of topic_Staff_51 is 0.396222

gibbs sample time: 0.480771 seconds
probability of topic_Staff_110 is 0.391222

gibbs sample time: 0.058311 seconds
probability of topic_Course_77 is 0.334444

gibbs sample time: 0.286443 seconds
probability of topic_Department_93 is 0.452111

gibbs sample time: 0.0586 seconds
probability of topic_Staff_46 is 0.426889

gibbs sample time: 0.058789 seconds
probability of topic_Student_75 is 0.461778

gibbs sample time: 0.187683 seconds
probability of topic_ResearchProject_7 is 0.440333

gibbs sample time: 0.058916 seconds
probability of topic_ResearchProject_37 is 0.439778

gibbs sample time: 0.972838 seconds
probability of topic_ResearchProject_91 is 0.567667

gibbs sample time: 0.056133 seconds
probability of topic_Course_86 is 0.418667

gibbs sample time: 0.058196 seconds
probability of topic_Person_60 is 0.479556

gibbs sample time: 1.65121 seconds
probability of topic_Student_2 is 0.459444

gibbs sample time: 0.431863 seconds
probability of topic_Student_30 is 0.428444

gibbs sample time: 1.64815 seconds
probability of topic_Student_199 is 0.600111

gibbs sample time: 1.65167 seconds
probability of topic_Student_18 is 0.465

gibbs sample time: 0.182614 seconds
probability of topic_Student_119 is 0.470222

gibbs sample time: 0.214003 seconds
probability of topic_Faculty_13 is 0.560556

gibbs sample time: 0.21454 seconds
probability of topic_Faculty_187 is 0.580889

gibbs sample time: 0.38304 seconds
probability of topic_Person_168 is 0.484778

gibbs sample time: 0.057962 seconds
probability of topic_Staff_85 is 0.430222

gibbs sample time: 0.454126 seconds
probability of topic_Course_4 is 0.493111

gibbs sample time: 0.424504 seconds
probability of topic_Student_92 is 0.501889

gibbs sample time: 0.45398 seconds
probability of topic_Course_58 is 0.531667

gibbs sample time: 0.424632 seconds
probability of topic_Student_120 is 0.542556

gibbs sample time: 0.058361 seconds
probability of topic_Faculty_56 is 0.448444

gibbs sample time: 0.295448 seconds
probability of topic_Faculty_93 is 0.412667

gibbs sample time: 0.1569 seconds
probability of topic_Department_32 is 0.394444

gibbs sample time: 0.059978 seconds
probability of topic_Faculty_43 is 0.544222

gibbs sample time: 0.091279 seconds
probability of topic_Department_97 is 0.695667

gibbs sample time: 0.060382 seconds
probability of topic_Student_99 is 0.466667

gibbs sample time: 0.973806 seconds
probability of topic_ResearchProject_3 is 0.451333

gibbs sample time: 0.058039 seconds
probability of topic_Staff_88 is 0.641333

gibbs sample time: 0.058323 seconds
probability of topic_Student_80 is 0.490444

gibbs sample time: 0.142382 seconds
probability of topic_Person_94 is 0.230111

gibbs sample time: 0.058657 seconds
probability of topic_Student_71 is 0.581556

gibbs sample time: 1.65321 seconds
probability of topic_Student_155 is 0.196222

gibbs sample time: 1.6515 seconds
probability of topic_Student_157 is 0.559444

gibbs sample time: 0.059139 seconds
probability of topic_Department_62 is 0.633333

gibbs sample time: 0.059313 seconds
probability of topic_Department_6 is 0.446556

gibbs sample time: 0.056392 seconds
probability of topic_Person_62 is 0.708333

gibbs sample time: 0.15494 seconds
probability of topic_Faculty_47 is 0.547222

gibbs sample time: 0.0564 seconds
probability of topic_Person_74 is 0.507

gibbs sample time: 0.176212 seconds
probability of topic_Student_7 is 0.541889

gibbs sample time: 1.64336 seconds
probability of topic_Person_24 is 0.504222

gibbs sample time: 0.06073 seconds
probability of topic_Person_85 is 0.442444

gibbs sample time: 0.061651 seconds
probability of topic_Department_96 is 0.456778

gibbs sample time: 0.059897 seconds
probability of topic_Student_84 is 0.445222

gibbs sample time: 0.503244 seconds
probability of topic_Person_8 is 0.505

gibbs sample time: 0.062068 seconds
probability of topic_Student_26 is 0.414444

gibbs sample time: 0.428189 seconds
probability of topic_Student_57 is 0.490778

gibbs sample time: 0.426906 seconds
probability of topic_Student_168 is 0.482556

gibbs sample time: 0.121563 seconds
probability of topic_ResearchProject_47 is 0.473444

gibbs sample time: 0.085645 seconds
probability of topic_Course_23 is 0.702889

gibbs sample time: 0.05621 seconds
probability of topic_Person_37 is 0.497889

