observed tuples: r465 r4745 r4908 r511 r3157 r1135 r3362 r2222 r3656 r2016 r3392 r3653 r4427 r3347 r1403 r2506 r3900 r2396 r1987 r2874 r576 r4775 r3052 r1660 r4001 r4739 r2765 r3519 r3589 r50 r4296 r3192 r4920 r3092 r2030 r2979 r770 r2525 r3366 r1575 r3313 r260 r1256 r2492 r810 r4208 r2354 r1063 r3348 r543 r1004 r2741 r3315 r4444 r3898 r1976 r3923 r2860 r3879 r4108 r2115 r549 r3215 r3361 r3673 r3224 r3472 r2239 r2042 r1491 r294 r1812 r3400 r734 r559 r3710 r1931 r2612 r2465 r1766 r2230 r3435 r4396 r2586 r2618 r4571 r1389 r4367 r2625 r2161 r4755 r3927 r1524 r4101 r232 r1609 r4224 r3783 r4234 r2472 r1907 r620 r929 r3857 r3998 r3574 r1873 r263 r4609 r3866 r299 r1823 r3437 r3535 r2952 r3711 r4688 r3247 r2431 r2360 r1189 r2049 r2992 r2763 r1103 r1452 r1428 r3184 r3167 r980 r3819 r1490 r1916 r3388 r1462 r4612 r4082 r4768 r2143 r127 r1897 r2125 r651 r4838 r3418 r3793 r4503 r4273 r23 r4425 r3038 r2804 r1985 r4894 r4565 r155 r1104 r3319 r4500 r4743 r702 r2947 r4237 r1320 r2644 r2436 r1788 r4871 r1787 r3425 r798 r3475 r2382 r2746 r558 r2805 r2044 r59 r2274 r3013 r1726 r423 r1471 r3246 r1832 r4067 r3474 r2795 r3786 r1070 r2173 r2014 r3344 r1353 r304 r859 r3386 r3800 r1634 r2660 r1782 r3720 r3363 r3893 r1984 r3831 r3810 r4334 r2769 r3042 r4666 r897 r3745 r1558 r3308 r2245 r60 r2636 r165 r4030 r2006 r126 r46 r999 r3722 r4744 r1380 r3986 r3268 r1479 r3799 r572 r861 r3196 r2265 r3275 r2781 r359 r2794 r2847 r4150 r2394 r1469 r114 r1772 r2835 r4222 r2390 r1838 r1626 r374 r1388 r1994 r2483 r3787 r1083 r2078 r3068 r1180 r4712 r248 r2756 r1149 r2875 r721 r4891 r2376 r2831 r3083 r3160 r4329 r2039 r3621 r2873 r3695 r2981 r146 r3735 r4317 r4771 r143 r3662 hasword_paper_26 r4211 r591 r4749 r986 r2604 r3914 r2255 r2720 r2884 r339 r4910 r400 r3410 r2471 r427 r1284 hasword_univers_12 r3239 links_155_133 r1805 r1774 hasword_includ_155 hasword_case_155 hasword_address_157 r2414 r728 r3975 r4393 r3708 r941 r1430 r3636 r162 r2825 r4629 r3565 r584 r1217 links_81_20 r2343 r3856 hasword_press_20 r666 r2429 r218 r2461 r2229 r2680 r1545 r1019 r2138 links_155_169 r1506 r1887 r485 r224 r1431 r3234 r3462 r3508 r3864 r2701 r2623 r484 r2678 r2527 r4568 r3084 r341 r1955 r3176 r1910 r2389 r4243 r2215 r4483 r4445 r4071 r1811 r2647 r2177 r1339 r3021 r659 r4906 r1530 r3828 links_19_49 hasword_html_19 r4912 r3278 r1155 r1147 r4852 r1269 r1550 r1305 r4865 r2099 r4163 r2067 r4332 r1675 r354 r2367 r1157 r3539 r1390 hasword_complex_20 r2320 r982 r4000 r2967 r3394 r914 r4365 r561 r2543 hasword_journal_7 r2381 r2791 r2920 r717 r4066 r2841 r1570 r950 r544 r4165 r2673 r1900 r3152 r2642 r4070 r2153 r3548 r136 r1299 r2950 r2458 r2667 r2743 r4438 r4144 r3492 r2349 r3547 r4863 r404 r1258 r3559 r3228 hasword_real_31 hasword_write_31 r3040 r3205 r1057 r2616 r3794 r4120 hasword_colleg_38 r1669 r4353 r258 r3608 r3704 r1003 r893 r3252 hasword_mechan_23 hasword_materi_23 r4919 r3405 r413 r753 r3728 r2926 r1061 r2588 r4542 hasword_chang_63 r3380 hasword_case_63 r2198 r365 r2000 r2355 r4800 r1911 r2885 r1319 r4074 r1024 r3689 r1574 r227 r1554 r3524 r1718 r4300 r864 r2415 r722 hasword_jan_120 hasword_mon_94 hasword_base_94 hasword_student_94 hasword_html_94 r4527 r2880 r4307 hasword_dec_212 r1895 r4843 links_116_93 r1893 hasword_john_116 r1996 r2236 r4782 r2127 r4635 r3555 r2534 r4509 r1184 r2628 hasword_univers_69 r358 hasword_instruct_81 r4560 r4642 r39 r2964 r1270 links_93_116 r29 r3664 r2826 r2446 r2269 links_209_239 r573 r3558 r4081 r3069 r710 r4976 r2211 r1441 r1768 hasword_mime_86 hasword_task_47 hasword_base_47 r2321 r1098 hasword_intellig_47 r3017 r2796 links_42_186 r3345 hasword_date_53 r4718 r4487 links_31_92 hasword_written_353 hasword_ta_24 r4726 r3130 hasword_unit_57 r1133 r411 hasword_tuesdai_65 r2799 hasword_numer_119 r737 r858 r2449 r2973 r3078 r2179 r1829 links_48_180 r3 r1995 links_126_59 r2333 links_57_272 r1360 links_57_61 r3253 r302 r4972 hasword_unit_7 r520 r644 r3237 r4282 r161 hasword_show_77 r1898 r2190 links_13_187 r2913 hasword_univers_187 hasword_student_134 r836 hasword_logic_187 r942 r3440 r230 hasword_window_99 hasword_phone_78 r840 r3426 r1001 hasword_network_73 r3757 r2927 hasword_pointer_85 r1385 hasword_bound_52 r809 r2549 hasword_common_52 hasword_parallel_72 links_164_209 hasword_faculti_33 r3562 r2118 r823 r4770 hasword_paul_61 r930 r2714 r4225 r2114 hasword_jan_8 r2328 hasword_modifi_110 r1642 r78 r316 r3221 r3546 hasword_propos_32 hasword_utexa_110 r4231 r4648 links_130_110 links_89_290 r991 r2456 hasword_assign_290 r2859 r272 hasword_give_290 links_78_258 hasword_test_125 r55 r3194 r1132 hasword_support_111 r3168 r2865 r4341 r3360 hasword_principl_83 r1719 r3769 hasword_environ_53 r4842 r1439 r3661 r3080 r3420 r2857 r4428 r2862 hasword_postscript_17 r3016 r3969 r1833 r1266 r2241 r4132 links_41_106 links_12_155 r2111 r1195 r3816 r424 r1377 r1520 hasword_architectur_118 r2949 hasword_set_42 r1243 hasword_order_47 r2266 r818 links_209_33 hasword_modifi_25 links_29_28 r2043 r300 r7 r3853 r2448 links_29_102 r2050 links_50_28 r2803 r4405 links_50_29 r3978 r324 r273 r1906 r4654 hasword_robot_1 r121 hasword_provid_28 hasword_modifi_134 r681 r790 r829 r2276 hasword_www_180 hasword_system_29 r1944 r351 r9 r842 r2668 r353 r2830 r2597 hasword_contact_272 r961 r2733 r3947 r4458 r4177 r4180 r538 r282 r4817 r2591 hasword_resourc_78 r2706 r3894 r2029 links_59_217 r2999 hasword_class_59 links_126_11 hasword_mail_209 r1012 r3271 hasword_jan_79 r4436 r2752 r3622 hasword_orient_126 r2517 links_126_156 r3907 hasword_build_58 r2705 r514 links_11_134 links_11_67 hasword_confer_9 hasword_graduat_4 hasword_dynam_11 r4645 hasword_oct_11 r450 r3534 r3312 r1006 r1261 r4129 r3044 r2112 hasword_gmt_67 hasword_program_70 r4431 links_3_156 r2521 r1934 r51 hasword_complet_32 r1202 r2267 hasword_docum_79 links_57_168 r1560 r2935 r4686 r2528 r4159 r876 hasword_dynam_3 r2671 links_41_118 hasword_manag_239 hasword_utexa_146 r4123 r1179 r854 r510 r147 hasword_collect_52 r4922 hasword_content_36 hasword_score_3 r1470 r4195 r615 hasword_wide_37 links_28_102 r2709 hasword_develop_10 hasword_space_25 r478 r3236 r784 r123 r754 r2818 r2736 hasword_form_77 hasword_nov_19 links_31_120 hasword_austin_129 hasword_definit_21 r2908 r455 r2444 r210 hasword_nov_77 r1696 r2792 hasword_intern_47 hasword_de_4 r4619 r4465 hasword_nov_62 r1332 r4680 r489 r3806 r1465 hasword_michael_77 hasword_constraint_76 r3422 r1036 r4551 hasword_lab_89 r794 r3931 links_290_30 r4837 hasword_type_168 r476 r2279 r4174 r62 r689 r1025 r3303 r4372 r1053 r1557 hasword_server_136 r593 r3641 r4848 hasword_associ_193 hasword_type_129 hasword_storag_3 r3169 rl r3729 r4045 hasword_cern_111 r3873 r990 hasword_solution_106 r3836 r3518 hasword_utexa_47 r3191 r337 r297 r4156 hasword_depart_146 r3813 r1236 r2864 r1807 hasword_gmt_5 r3377 r1136 r3785 r4806 r238 r672 hasword_mondai_18 hasword_queri_76 hasword_comput_129 r4608 hasword_gmt_76 r3393 hasword_nation_55 links_33_209 hasword_discuss_288 r2384 hasword_develop_174 r1856 r3807 links_87_35 r2774 r4656 r1287 r3334 r2093 hasword_jan_5 r2345 r440 r1254 hasword_file_56 r356 r2727 hasword_transfer_12 hasword_prototyp_7 r342 links_87_10 links_209_164 r912 hasword_laboratori_169 r4126 r3188 r3563 r4173 hasword_engin_87 hasword_dynam_27 r4512 r3887 links_186_327 links_4_111 r834 hasword_larg_126 r4807 r1969 links_50_146 hasword_texa_89 hasword_algorithm_186 r843 r33 r3516 r3882 hasword_techniqu_89 r847 r305 r799 r4019 r1342 r3019 r2893 r4077 hasword_contact_17 r2921 links_125_136 r2565 hasword_date_172 hasword_univers_146 hasword_current_35 hasword_april_4 hasword_member_164 r4531 hasword_lab_111 r381 r3684 r2316 r3423 r3844 r1386 r1093 r214 r2084 r3834 hasword_richard_7 r75 links_134_11 r192 r4970 r775 r3818 r3141 hasword_date_74 r4987 r1543 r3342 r4665 r609 r4938 hasword_utexa_130 links_111_58 links_168_57 hasword_content_40 hasword_type_136 r4563 hasword_india_68 r4637 hasword_area_28 links_129_87 r4967 hasword_mime_244 r1043 hasword_librari_3 r1282 r3201 hasword_train_7 r2181 links_110_130 r932 r4459 hasword_induct_7 r3934 hasword_time_72 r1487 r3384 hasword_algorithm_84 r978 r2352 hasword_paramet_20 hasword_austin_32 r2698 hasword_experi_92 r1700 r3718 hasword_deriv_65 r960 hasword_jan_32 hasword_jan_27 r2007 hasword_check_111 r1164 hasword_train_180 links_136_30 r3690 r3972 r1075 hasword_number_30 r3014 r845 r3707 r4658 r1953 r4413 hasword_onlin_88 hasword_page_97 r2096 r2149 r4600 hasword_faq_55 r1961 r4632 hasword_guid_111 r2467 r1450 links_29_50 r4533 hasword_wait_52 r4873 hasword_cern_15 r3719 r4146 r2697 r1350 r3029 hasword_review_7 hasword_wide_35 r495 r1285 r298 r2020 r889 hasword_hall_102 r4628 r3901 r2823 r750 hasword_creat_96 r518 r1695 r70 r2575 r2581 r4494 r707 r4312 r2088 hasword_parallel_231 hasword_schedul_34 r1357 r3451 r346 hasword_articl_25 r4490 r2486 r1475 hasword_event_35 r1073 r1921 r3007 hasword_gmt_50 hasword_texa_6 r2405 r1435 hasword_manag_25 links_64_193 r4732 r1688 r4954 r4603 r1364 links_102_50 r2896 links_30_136 r1775 r1193 r3185 links_17_244 hasword_html_46 r4324 r769 r1674 links_136_125 hasword_investig_106 r1366 hasword_begin_102 r1498 r4434 r2417 r4820 r4857 hasword_includ_13 r10 r3725 r4092 r1334 r2066 hasword_length_258 r2610 hasword_educ_95 hasword_plan_2 r1566 hasword_approxim_7 r4140 r4683 r4740 r1940 r831 r1099 r4610 hasword_direct_63 r2520 r1709 r2876 links_290_83 r4875 hasword_put_77 hasword_includ_42 r481 r2060 r142 hasword_area_17 r2640 r4960 hasword_add_14 r2559 r2722 r4111 hasword_logic_7 hasword_univers_88 r4319 r3330 r4589 r4692 r4118 r1622 r3628 hasword_date_23 hasword_manag_16 hasword_date_80 r1402 r4678 r419 r2253 r1989 r4939 r2452 r1880 r325 r2554 hasword_aug_54 links_50_102 r219 r4816 r205 r2842 links_126_54 r621 r4366 r1176 hasword_mondai_68 r3902 r2629 r2070 r4033 r469 r3918 r3566 r2102 r872 hasword_small_126 hasword_texa_37 r3365 r4855 r2233 hasword_gmt_37 r3966 links_59_126 links_110_8 links_156_126 hasword_left_75 r1325 links_54_114 r565 hasword_announc_217 links_155_157 r2589 r1031 r3335 r3954 hasword_proceed_95 hasword_implem_156 r4117 hasword_open_111 links_172_209 r2984 r4323 r2782 r4021 hasword_ed_129 r4 hasword_document_92 r4995 hasword_server_64 r3611 r2011 r3583 r3431 r1828 r3749 r3290 r2358 hasword_institut_169 r967 hasword_work_106 r4835 r1703 r4488 r946 hasword_music_52 hasword_univers_327 r2168 links_55_73 r1979 r4062 r4139 links_2_199 hasword_program_105 r4735 r256 hasword_autom_105 links_126_3 links_186_105 r4484 hasword_jan_42 hasword_student_42 r2712 hasword_ed_42 r4075 r658 r1304 hasword_engin_42 r4948 r3784 r2516 r536 r603 hasword_line_4 r4196 r3961 hasword_memori_200 hasword_show_200 r3256 hasword_text_21 hasword_respons_200 hasword_made_90 r3397 links_90_200 r187 hasword_group_115 hasword_wide_50 r3428 r1295 r4841 links_212_180 r955 hasword_lab_199 r1427 r2821 links_199_18 r4923 r4604 r650 r628 links_65_119 links_199_212 r4943 r349 r1445 hasword_work_71 r1494 r212 r1526 links_2_169 r2242 r797 r1753 r4845 r3576 hasword_size_200 r3137 r4213 r1763 r4379 r1678 r1913 r3510 links_129_244 hasword_version_296 r4750 r180 r2767 hasword_count_52 r206 r3222 links_78_180 hasword_string_42 r1211 r2942 r2347 r4181 hasword_point_155 hasword_effici_42 r4651 r1603 r2303 links_209_36 r2083 r2100 hasword_great_63 r4573 r1914 r2630 hasword_window_39 hasword_chapter_60 r231 r181 r1229 r741 r3338 r229 r1764 r1113 r3070 hasword_text_45 r4205 r4929 r392 r1116 r1891 r1525 r4924 r4416 r1078 r4216 r1810 r2101 r900 hasword_mondai_85 hasword_ftp_174 r1089 hasword_server_66 r1277 r966 links_106_41 r2085 r3748 r1437 hasword_resourc_2 r3935 hasword_html_118 r379 r2812 hasword_author_93 r2270 hasword_june_118 r2235 r303 r1707 r2641 hasword_process_36 hasword_version_41 r3655 hasword_major_41 links_41_174 r2232 links_41_72 r4089 r2478 r2734 hasword_austin_69 r144 hasword_aug_98 r1333 r4298 hasword_architectur_7 r2840 links_32_319 r4286 r2561 r4584 r3601 hasword_html_92 r4966 r3050 r3501 hasword_sequenc_43 r3979 r408 r4232 r3478 r3081 r2337 r2284 r4104 r56 r3736 r2608 r4777 hasword_mime_114 r1370 hasword_ph_34 r4558 r724 r1237 r1409 r388 hasword_tx_133 r3632 r3076 links_133_24 r913 r631 links_24_133 r4269 r3186 links_91_45 r2780 r3067 r3216 links_209_172 hasword_text_22 r4209 r1276 hasword_machin_22 r1376 r3592 r2441 links_8_110 hasword_tr_74 hasword_utexa_54 r2263 hasword_jan_97 r1546 r4358 r3536 r3950 r3578 r4535 r3416 hasword_move_48 links_244_288 links_45_48 hasword_consist_49 r3590 r3244 links_155_199 r3409 r3082 r4304 r3025 r3144 hasword_dynam_47 hasword_content_376 hasword_room_30 r4653 r2814 links_28_50 r962 r2719 r1032 r3433 hasword_suggest_91 hasword_texa_91 links_91_376 links_91_180 hasword_email_157 r347 r2909 r3600 r2264 hasword_effici_51 r4093 r3468 r3031 r2469 r795 r4706 r4854 r618 hasword_version_18 hasword_artifici_145 links_145_244 hasword_position_17 links_17_145 r837 r1748 r261 r2018 r2888 r3512 links_25_231 r4392 links_41_115 r4953 r2710 r1809 r4107 r2533 r1028 r3768 hasword_wa_15 r1410 r3202 r1871 r3982 hasword_implement_126 r24 r760 r2844 r896 r1580 r4473 r4824 r2580 r3343 r2176 r4452 r4194 r568 r4676 r378 r2395 r2750 hasword_oct_44 r2726 r309 hasword_fridai_39 r3724 links_89_180 r4149 r4463 r1227 r1615 r1468 r4993 r3415 r4022 links_13_296 r2170 r2889 r2055 hasword_provid_200 r882 r74 r22 r1321 r4616 r606 r3465 r2854 r2620 hasword_text_51 r642 hasword_sourc_64 r3383 r2117 r176 r3276 r3298 r3905 r4130 r1262 hasword_proceed_319 r4258 r1638 hasword_valu_32 r1737 r4572 hasword_past_32 hasword_limit_32 r4730 r4492 r2816 hasword_equal_52 r2757 hasword_version_82 r1030 r2916 r3692 r4996 r4290 r2815 r2428 r1860 hasword_process_63 r1424 r677 r4763 r3088 r3520 r4227 r1124 hasword_form_94 r917 r1937 r2906 links_78_353 r4731 r4031 r4879 r1017 r201 r246 r3183 r1489 r3255 hasword_maintain_69 hasword_solution_14 r4371 r4257 r3467 r2829 r1246 r4606 links_10_129 r1354 r993 r69 r3897 r4076 r2624 r4065 r1225 r3875 r105 hasword_elem_18 r1601 r2785 r2509 r919 r3195 hasword_lab_1 hasword_base_1 r2611 
size of observed tuples: 1687
size of unobserved tuples: 1010

gibbs sample time: 4.8595 seconds
probability of topic_Faculty_376 is 0.417667

gibbs sample time: 4.70865 seconds
probability of topic_Faculty_91 is 0.411667

gibbs sample time: 1.29004 seconds
probability of topic_Student_174 is 0.519333

gibbs sample time: 1.2166 seconds
probability of topic_Student_115 is 0.467667

gibbs sample time: 1.21856 seconds
probability of topic_Student_41 is 0.361667

gibbs sample time: 0.132018 seconds
probability of topic_Faculty_23 is 0.422444

gibbs sample time: 0.096395 seconds
probability of topic_Faculty_34 is 0.452444

gibbs sample time: 0.093162 seconds
probability of topic_Department_74 is 0.518

gibbs sample time: 4.55611 seconds
probability of topic_Staff_155 is 0.446778

gibbs sample time: 0.064311 seconds
probability of topic_Student_16 is 0.412111

gibbs sample time: 0.062727 seconds
probability of topic_Department_71 is 0.451

gibbs sample time: 0.064736 seconds
probability of topic_Faculty_84 is 0.545444

gibbs sample time: 0.257026 seconds
probability of topic_Course_119 is 0.481778

gibbs sample time: 0.065485 seconds
probability of topic_ResearchProject_43 is 0.486889

gibbs sample time: 1.49498 seconds
probability of topic_Staff_145 is 0.453

gibbs sample time: 0.774431 seconds
probability of topic_Faculty_105 is 0.419111

gibbs sample time: 0.772448 seconds
probability of topic_Faculty_327 is 0.591889

gibbs sample time: 0.776531 seconds
probability of topic_Faculty_186 is 0.531111

gibbs sample time: 0.211749 seconds
probability of topic_Staff_13 is 0.488778

gibbs sample time: 0.064433 seconds
probability of topic_Course_82 is 0.400889

gibbs sample time: 0.438867 seconds
probability of topic_Department_187 is 0.612556

gibbs sample time: 0.439179 seconds
probability of topic_Department_296 is 0.416444

gibbs sample time: 0.437613 seconds
probability of topic_Department_13 is 0.584778

gibbs sample time: 0.061541 seconds
probability of topic_Course_66 is 0.413111

gibbs sample time: 1.12107 seconds
probability of topic_Person_106 is 0.712

gibbs sample time: 1.12131 seconds
probability of topic_Person_41 is 0.354889

gibbs sample time: 0.191179 seconds
probability of topic_Person_52 is 0.520222

gibbs sample time: 0.325221 seconds
probability of topic_Faculty_200 is 0.558667

gibbs sample time: 0.327394 seconds
probability of topic_Faculty_90 is 0.538667

gibbs sample time: 0.199783 seconds
probability of topic_ResearchProject_47 is 0.498778

gibbs sample time: 4.57758 seconds
probability of topic_Staff_133 is 0.514889

gibbs sample time: 4.62211 seconds
probability of topic_Staff_24 is 0.490333

gibbs sample time: 0.621243 seconds
probability of topic_Student_168 is 0.484667

gibbs sample time: 0.627173 seconds
probability of topic_Student_272 is 0.481778

gibbs sample time: 0.640938 seconds
probability of topic_Student_57 is 0.484

gibbs sample time: 0.126455 seconds
probability of topic_Student_26 is 0.423111

gibbs sample time: 4.80223 seconds
probability of topic_Person_353 is 0.660556

gibbs sample time: 4.80435 seconds
probability of topic_Person_78 is 0.439556

gibbs sample time: 0.192769 seconds
probability of topic_Department_94 is 0.612444

gibbs sample time: 0.778582 seconds
probability of topic_Faculty_42 is 0.509222

gibbs sample time: 0.581934 seconds
probability of topic_Person_110 is 0.484111

gibbs sample time: 0.576645 seconds
probability of topic_Person_8 is 0.505667

gibbs sample time: 0.066051 seconds
probability of topic_Department_96 is 0.457778

gibbs sample time: 0.064681 seconds
probability of topic_Student_84 is 0.434333

gibbs sample time: 0.098856 seconds
probability of topic_Faculty_79 is 0.494778

gibbs sample time: 0.06154 seconds
probability of topic_Course_60 is 0.478778

gibbs sample time: 0.08787 seconds
probability of topic_Person_74 is 0.532889

gibbs sample time: 0.269871 seconds
probability of topic_Faculty_47 is 0.590222

gibbs sample time: 0.098399 seconds
probability of topic_Department_85 is 0.397222

gibbs sample time: 4.92095 seconds
probability of topic_Student_157 is 0.480444

gibbs sample time: 4.92153 seconds
probability of topic_Student_155 is 0.203889

gibbs sample time: 4.92805 seconds
probability of topic_Student_12 is 0.595667

gibbs sample time: 0.065286 seconds
probability of topic_Department_22 is 0.474556

gibbs sample time: 0.065206 seconds
probability of topic_Department_66 is 0.477222

gibbs sample time: 0.061337 seconds
probability of topic_Staff_38 is 0.419778

gibbs sample time: 4.96468 seconds
probability of topic_ResearchProject_136 is 0.368889

gibbs sample time: 4.97292 seconds
probability of topic_ResearchProject_290 is 0.443889

gibbs sample time: 4.95354 seconds
probability of topic_ResearchProject_89 is 0.309667

gibbs sample time: 0.06457 seconds
probability of topic_Student_43 is 0.481556

gibbs sample time: 0.061916 seconds
probability of topic_Staff_26 is 0.531444

gibbs sample time: 0.253685 seconds
probability of topic_Faculty_19 is 0.371778

gibbs sample time: 0.095738 seconds
probability of topic_Student_95 is 0.541667

gibbs sample time: 0.133846 seconds
probability of topic_Department_69 is 0.436333

gibbs sample time: 0.06559 seconds
probability of topic_ResearchProject_84 is 0.414111

gibbs sample time: 0.064941 seconds
probability of topic_Course_84 is 0.492333

gibbs sample time: 0.360877 seconds
probability of topic_Course_7 is 0.350222

gibbs sample time: 0.11629 seconds
probability of topic_Course_37 is 0.413

gibbs sample time: 0.058785 seconds
probability of topic_Faculty_6 is 0.485889

gibbs sample time: 0.435495 seconds
probability of topic_Department_32 is 0.580333

gibbs sample time: 0.064748 seconds
probability of topic_Faculty_43 is 0.539889

gibbs sample time: 0.10243 seconds
probability of topic_Student_85 is 0.385

gibbs sample time: 0.099764 seconds
probability of topic_Student_53 is 0.458556

gibbs sample time: 0.067182 seconds
probability of topic_Student_22 is 0.622333

gibbs sample time: 0.12701 seconds
probability of topic_Staff_23 is 0.413444

gibbs sample time: 1.63218 seconds
probability of topic_Course_129 is 0.460778

gibbs sample time: 1.64218 seconds
probability of topic_Course_10 is 0.466111

gibbs sample time: 1.63657 seconds
probability of topic_Course_87 is 0.365556

gibbs sample time: 0.317211 seconds
probability of topic_Faculty_116 is 0.434

gibbs sample time: 0.317094 seconds
probability of topic_Faculty_93 is 0.425333

gibbs sample time: 1.12376 seconds
probability of topic_Person_72 is 0.555111

gibbs sample time: 0.618187 seconds
probability of topic_Course_4 is 0.379222

gibbs sample time: 0.133634 seconds
probability of topic_Department_76 is 0.444333

gibbs sample time: 0.201362 seconds
probability of topic_Faculty_63 is 0.508556

gibbs sample time: 0.423875 seconds
probability of topic_Faculty_187 is 0.659889

gibbs sample time: 0.423803 seconds
probability of topic_Faculty_296 is 0.423333

gibbs sample time: 0.423166 seconds
probability of topic_Faculty_13 is 0.546222

gibbs sample time: 0.09919 seconds
probability of topic_ResearchProject_68 is 0.285667

gibbs sample time: 0.065512 seconds
probability of topic_ResearchProject_38 is 0.473111

gibbs sample time: 5.01344 seconds
probability of topic_Course_376 is 0.427444

gibbs sample time: 0.086289 seconds
probability of topic_Person_5 is 0.500667

gibbs sample time: 0.225546 seconds
probability of topic_Student_119 is 0.469556

gibbs sample time: 0.225466 seconds
probability of topic_Student_65 is 0.565333

gibbs sample time: 4.93133 seconds
probability of topic_Student_18 is 0.335778

gibbs sample time: 4.93618 seconds
probability of topic_Student_169 is 0.335222

gibbs sample time: 4.94125 seconds
probability of topic_Student_2 is 0.459556

gibbs sample time: 0.061783 seconds
probability of topic_Person_60 is 0.474667

gibbs sample time: 0.057964 seconds
probability of topic_Course_86 is 0.406889

gibbs sample time: 1.63684 seconds
probability of topic_Course_35 is 0.494333

gibbs sample time: 4.99768 seconds
probability of topic_ResearchProject_376 is 0.452556

gibbs sample time: 4.97599 seconds
probability of topic_ResearchProject_91 is 0.511

gibbs sample time: 0.124016 seconds
probability of topic_ResearchProject_37 is 0.335667

gibbs sample time: 0.060959 seconds
probability of topic_Staff_46 is 0.433222

gibbs sample time: 0.307097 seconds
probability of topic_Department_93 is 0.442444

gibbs sample time: 0.121201 seconds
probability of topic_Course_77 is 0.217556

gibbs sample time: 0.538406 seconds
probability of topic_Staff_130 is 0.497111

gibbs sample time: 0.537322 seconds
probability of topic_Staff_8 is 0.587111

gibbs sample time: 0.413854 seconds
probability of topic_Person_319 is 0.504444

gibbs sample time: 0.420905 seconds
probability of topic_Person_32 is 0.437333

gibbs sample time: 0.479607 seconds
probability of topic_Faculty_120 is 0.503778

gibbs sample time: 0.459621 seconds
probability of topic_Faculty_31 is 0.519111

gibbs sample time: 0.230452 seconds
probability of topic_Person_19 is 0.683444

gibbs sample time: 0.15515 seconds
probability of topic_ResearchProject_77 is 0.542889

gibbs sample time: 5.00311 seconds
probability of topic_Student_24 is 0.558444

gibbs sample time: 0.062458 seconds
probability of topic_Department_98 is 0.329778

gibbs sample time: 0.274132 seconds
probability of topic_Student_47 is 0.252444

gibbs sample time: 4.59132 seconds
probability of topic_Staff_18 is 0.258667

gibbs sample time: 0.065042 seconds
probability of topic_Staff_82 is 0.410667

gibbs sample time: 4.6017 seconds
probability of topic_Staff_199 is 0.439444

gibbs sample time: 4.61403 seconds
probability of topic_Staff_2 is 0.447778

gibbs sample time: 0.064286 seconds
probability of topic_Person_26 is 0.499

gibbs sample time: 1.45097 seconds
probability of topic_Faculty_29 is 0.410111

gibbs sample time: 0.462416 seconds
probability of topic_Faculty_92 is 0.390889

gibbs sample time: 0.061379 seconds
probability of topic_Course_9 is 0.448778

gibbs sample time: 1.43949 seconds
probability of topic_Student_28 is 0.448667

gibbs sample time: 4.99373 seconds
probability of topic_ResearchProject_48 is 0.829889

gibbs sample time: 0.131918 seconds
probability of topic_Faculty_69 is 0.513778

gibbs sample time: 0.412415 seconds
probability of topic_Staff_32 is 0.429667

gibbs sample time: 0.064768 seconds
probability of topic_Faculty_38 is 0.463222

gibbs sample time: 1.22318 seconds
probability of topic_Course_41 is 0.307889

gibbs sample time: 1.77256 seconds
probability of topic_Student_145 is 0.477556

gibbs sample time: 0.271333 seconds
probability of topic_Faculty_193 is 0.699111

gibbs sample time: 4.65955 seconds
probability of topic_Staff_12 is 0.484111

gibbs sample time: 0.058327 seconds
probability of topic_Staff_79 is 0.581

gibbs sample time: 0.199461 seconds
probability of topic_Staff_55 is 0.453889

gibbs sample time: 0.062252 seconds
probability of topic_Person_40 is 0.481667

gibbs sample time: 0.061628 seconds
probability of topic_Person_70 is 0.456778

gibbs sample time: 5.09762 seconds
probability of topic_Department_24 is 0.493889

gibbs sample time: 0.305791 seconds
probability of topic_Faculty_81 is 0.454111

gibbs sample time: 0.194187 seconds
probability of topic_Student_94 is 0.500667

gibbs sample time: 5.08755 seconds
probability of topic_Department_199 is 0.361556

gibbs sample time: 0.061576 seconds
probability of topic_Staff_88 is 0.635889

gibbs sample time: 1.90814 seconds
probability of topic_ResearchProject_3 is 0.447889

gibbs sample time: 5.10596 seconds
probability of topic_Department_89 is 0.257667

gibbs sample time: 0.409725 seconds
probability of topic_Staff_319 is 0.593

gibbs sample time: 0.77163 seconds
probability of topic_Course_327 is 0.561111

gibbs sample time: 0.098337 seconds
probability of topic_ResearchProject_5 is 0.409333

gibbs sample time: 4.82419 seconds
probability of topic_Person_18 is 0.233222

gibbs sample time: 0.307115 seconds
probability of topic_Faculty_25 is 0.350556

gibbs sample time: 0.300624 seconds
probability of topic_Staff_116 is 0.459444

gibbs sample time: 0.300116 seconds
probability of topic_Staff_93 is 0.505889

gibbs sample time: 0.098522 seconds
probability of topic_Student_88 is 0.674333

gibbs sample time: 0.433622 seconds
probability of topic_Staff_120 is 0.592444

gibbs sample time: 2.05091 seconds
probability of topic_Person_67 is 0.508222

gibbs sample time: 0.36976 seconds
probability of topic_Student_200 is 0.378556

gibbs sample time: 0.06208 seconds
probability of topic_Person_9 is 0.415

gibbs sample time: 2.04969 seconds
probability of topic_Person_156 is 0.490556

gibbs sample time: 1.18168 seconds
probability of topic_ResearchProject_172 is 0.442889

gibbs sample time: 2.2332 seconds
probability of topic_Student_67 is 0.504222

gibbs sample time: 1.6396 seconds
probability of topic_Course_145 is 0.535778

gibbs sample time: 1.15811 seconds
probability of topic_Student_164 is 0.586111

gibbs sample time: 2.05406 seconds
probability of topic_Person_134 is 0.608778

gibbs sample time: 1.15736 seconds
probability of topic_Student_209 is 0.553444

gibbs sample time: 2.23522 seconds
probability of topic_Department_134 is 0.714778

gibbs sample time: 0.061803 seconds
probability of topic_Person_84 is 0.461556

gibbs sample time: 0.118845 seconds
probability of topic_Student_1 is 0.426889

gibbs sample time: 0.624538 seconds
probability of topic_Department_61 is 0.331556

gibbs sample time: 1.4303 seconds
probability of topic_Faculty_50 is 0.434444

gibbs sample time: 0.23152 seconds
probability of topic_Student_52 is 0.427778

gibbs sample time: 1.15641 seconds
probability of topic_Student_239 is 0.422222

gibbs sample time: 1.69116 seconds
probability of topic_Department_17 is 0.304889

gibbs sample time: 4.7152 seconds
probability of topic_Faculty_12 is 0.545889

gibbs sample time: 0.062617 seconds
probability of topic_Student_71 is 0.600444

gibbs sample time: 5.09349 seconds
probability of topic_Department_290 is 0.526556

gibbs sample time: 0.661255 seconds
probability of topic_Student_58 is 0.397444

gibbs sample time: 5.096 seconds
probability of topic_Department_2 is 0.471556

gibbs sample time: 1.22837 seconds
probability of topic_Faculty_72 is 0.586667

gibbs sample time: 0.578259 seconds
probability of topic_Student_8 is 0.52

gibbs sample time: 0.101419 seconds
probability of topic_Department_95 is 0.466333

gibbs sample time: 1.06797 seconds
probability of topic_Staff_36 is 0.377111

gibbs sample time: 4.99647 seconds
probability of topic_Course_290 is 0.563889

gibbs sample time: 0.064529 seconds
probability of topic_Student_96 is 0.450222

gibbs sample time: 0.064939 seconds
probability of topic_Faculty_96 is 0.478889

gibbs sample time: 1.41677 seconds
probability of topic_Course_29 is 0.671778

gibbs sample time: 1.18318 seconds
probability of topic_Course_118 is 0.394111

gibbs sample time: 0.262899 seconds
probability of topic_Department_193 is 0.448667

gibbs sample time: 0.090755 seconds
probability of topic_Person_51 is 0.500111

gibbs sample time: 0.236649 seconds
probability of topic_Course_55 is 0.434111

gibbs sample time: 0.259635 seconds
probability of topic_Student_64 is 0.414444

gibbs sample time: 1.18093 seconds
probability of topic_Faculty_36 is 0.440778

gibbs sample time: 0.064795 seconds
probability of topic_Student_40 is 0.488778

gibbs sample time: 0.097161 seconds
probability of topic_Student_68 is 0.357778

gibbs sample time: 0.418424 seconds
probability of topic_Course_187 is 0.565444

gibbs sample time: 1.18629 seconds
probability of topic_Course_72 is 0.387

gibbs sample time: 0.344645 seconds
probability of topic_Staff_200 is 0.613222

gibbs sample time: 2.06019 seconds
probability of topic_Person_11 is 0.557667

gibbs sample time: 4.94611 seconds
probability of topic_Student_199 is 0.614778

gibbs sample time: 5.01188 seconds
probability of topic_Student_30 is 0.497111

gibbs sample time: 0.058395 seconds
probability of topic_Course_27 is 0.479889

gibbs sample time: 4.79278 seconds
probability of topic_Person_258 is 0.503333

gibbs sample time: 1.19309 seconds
probability of topic_Department_164 is 0.377444

gibbs sample time: 0.419248 seconds
probability of topic_Course_296 is 0.414556

gibbs sample time: 0.419814 seconds
probability of topic_Course_13 is 0.442

gibbs sample time: 0.574734 seconds
probability of topic_Course_110 is 0.436556

gibbs sample time: 0.099244 seconds
probability of topic_Department_21 is 0.451667

gibbs sample time: 0.058143 seconds
probability of topic_Person_71 is 0.659889

gibbs sample time: 0.062048 seconds
probability of topic_Course_85 is 0.541

gibbs sample time: 0.226568 seconds
probability of topic_ResearchProject_55 is 0.382222

gibbs sample time: 4.78341 seconds
probability of topic_Person_136 is 0.470889

gibbs sample time: 0.428299 seconds
probability of topic_Student_13 is 0.299889

gibbs sample time: 4.80134 seconds
probability of topic_Person_180 is 0.608444

gibbs sample time: 4.79243 seconds
probability of topic_Person_89 is 0.452

gibbs sample time: 2.20621 seconds
probability of topic_Course_54 is 0.371

gibbs sample time: 1.44743 seconds
probability of topic_ResearchProject_29 is 0.384778

gibbs sample time: 2.25006 seconds
probability of topic_Student_156 is 0.449111

gibbs sample time: 0.222025 seconds
probability of topic_Staff_52 is 0.435333

gibbs sample time: 0.268293 seconds
probability of topic_Department_64 is 0.380889

gibbs sample time: 4.9788 seconds
probability of topic_ResearchProject_12 is 0.316889

gibbs sample time: 2.17496 seconds
probability of topic_Course_67 is 0.435111

gibbs sample time: 1.41598 seconds
probability of topic_Course_146 is 0.548333

gibbs sample time: 4.99976 seconds
probability of topic_Course_45 is 0.429889

gibbs sample time: 0.086391 seconds
probability of topic_Staff_15 is 0.441667

gibbs sample time: 0.243828 seconds
probability of topic_Person_55 is 0.563667

gibbs sample time: 0.061055 seconds
probability of topic_Course_80 is 0.427111

gibbs sample time: 0.096966 seconds
probability of topic_Department_15 is 0.390111

gibbs sample time: 1.15712 seconds
probability of topic_ResearchProject_72 is 0.421778

gibbs sample time: 0.257923 seconds
probability of topic_Course_65 is 0.526889

gibbs sample time: 0.260361 seconds
probability of topic_Person_119 is 0.487889

gibbs sample time: 2.04416 seconds
probability of topic_Person_59 is 0.548333

gibbs sample time: 2.20223 seconds
probability of topic_Faculty_59 is 0.458

gibbs sample time: 1.15352 seconds
probability of topic_ResearchProject_174 is 0.514111

gibbs sample time: 0.064568 seconds
probability of topic_Student_66 is 0.488444

gibbs sample time: 0.096115 seconds
probability of topic_Student_97 is 0.620444

gibbs sample time: 0.103209 seconds
probability of topic_ResearchProject_39 is 0.666

gibbs sample time: 1.67672 seconds
probability of topic_Student_288 is 0.453111

gibbs sample time: 0.061839 seconds
probability of topic_Faculty_71 is 0.514333

gibbs sample time: 0.058074 seconds
probability of topic_Course_44 is 0.501667

gibbs sample time: 1.70391 seconds
probability of topic_Department_87 is 0.485556

gibbs sample time: 0.80281 seconds
probability of topic_Person_327 is 0.631667

gibbs sample time: 0.102376 seconds
probability of topic_ResearchProject_23 is 0.464667

gibbs sample time: 5.08592 seconds
probability of topic_Department_83 is 0.475556

gibbs sample time: 1.06601 seconds
probability of topic_Staff_209 is 0.542444

gibbs sample time: 0.092966 seconds
probability of topic_ResearchProject_74 is 0.426

gibbs sample time: 1.41277 seconds
probability of topic_Course_50 is 0.389333

gibbs sample time: 4.73565 seconds
probability of topic_Faculty_125 is 0.500556

gibbs sample time: 1.30878 seconds
probability of topic_Staff_50 is 0.386667

gibbs sample time: 1.40047 seconds
probability of topic_Department_29 is 0.349333

gibbs sample time: 0.435552 seconds
probability of topic_Department_319 is 0.468889

gibbs sample time: 0.064521 seconds
probability of topic_Course_40 is 0.419444

gibbs sample time: 0.177578 seconds
probability of topic_Person_94 is 0.158889

gibbs sample time: 0.06239 seconds
probability of topic_Student_80 is 0.497

gibbs sample time: 4.72781 seconds
probability of topic_Faculty_353 is 0.534

gibbs sample time: 0.097518 seconds
probability of topic_Faculty_39 is 0.378778

gibbs sample time: 2.26406 seconds
probability of topic_Department_156 is 0.479111

gibbs sample time: 4.77892 seconds
probability of topic_Person_83 is 0.530556

gibbs sample time: 1.39556 seconds
probability of topic_Person_28 is 0.456778

gibbs sample time: 0.260797 seconds
probability of topic_Person_47 is 0.211556

gibbs sample time: 2.04717 seconds
probability of topic_Person_3 is 0.360333

gibbs sample time: 0.570925 seconds
probability of topic_Course_8 is 0.473889

gibbs sample time: 1.11003 seconds
probability of topic_Staff_106 is 0.743889

gibbs sample time: 0.660037 seconds
probability of topic_Faculty_58 is 0.563222

gibbs sample time: 1.42915 seconds
probability of topic_Faculty_28 is 0.545556

gibbs sample time: 0.255515 seconds
probability of topic_Person_7 is 0.442

gibbs sample time: 1.15724 seconds
probability of topic_ResearchProject_41 is 0.409111

gibbs sample time: 1.22778 seconds
probability of topic_Faculty_115 is 0.474667

gibbs sample time: 1.67087 seconds
probability of topic_Student_17 is 0.45

gibbs sample time: 0.064788 seconds
probability of topic_ResearchProject_70 is 0.412111

gibbs sample time: 0.095914 seconds
probability of topic_Course_95 is 0.477556

gibbs sample time: 0.187393 seconds
probability of topic_Student_77 is 0.581778

gibbs sample time: 0.225633 seconds
probability of topic_ResearchProject_73 is 0.488556

gibbs sample time: 0.237072 seconds
probability of topic_ResearchProject_52 is 0.395889

gibbs sample time: 5.09347 seconds
probability of topic_Department_136 is 0.459444

gibbs sample time: 4.72788 seconds
probability of topic_Faculty_30 is 0.467667

gibbs sample time: 0.175378 seconds
probability of topic_Person_77 is 0.575222

gibbs sample time: 4.79782 seconds
probability of topic_Person_169 is 0.606667

gibbs sample time: 0.062862 seconds
probability of topic_ResearchProject_62 is 0.624333

gibbs sample time: 0.094289 seconds
probability of topic_Person_27 is 0.506556

gibbs sample time: 5.2481 seconds
probability of topic_Department_133 is 0.51

gibbs sample time: 0.091061 seconds
probability of topic_Person_76 is 0.512222

gibbs sample time: 2.31954 seconds
probability of topic_Department_11 is 0.498444

gibbs sample time: 5.00586 seconds
probability of topic_Course_30 is 0.385556

gibbs sample time: 1.66737 seconds
probability of topic_Person_244 is 0.532333

gibbs sample time: 0.784483 seconds
probability of topic_Student_42 is 0.636889

gibbs sample time: 1.22893 seconds
probability of topic_Faculty_174 is 0.676222

gibbs sample time: 0.247217 seconds
probability of topic_Staff_119 is 0.586667

gibbs sample time: 0.062054 seconds
probability of topic_Faculty_86 is 0.426111

gibbs sample time: 0.061817 seconds
probability of topic_Faculty_75 is 0.500111

gibbs sample time: 1.66528 seconds
probability of topic_ResearchProject_10 is 0.529333

gibbs sample time: 0.058386 seconds
probability of topic_Person_86 is 0.510222

gibbs sample time: 4.8086 seconds
probability of topic_Person_376 is 0.505667

gibbs sample time: 0.581109 seconds
probability of topic_Person_272 is 0.502

gibbs sample time: 1.15889 seconds
probability of topic_Student_33 is 0.329889

gibbs sample time: 0.971578 seconds
probability of topic_Course_209 is 0.660556

gibbs sample time: 0.057986 seconds
probability of topic_Course_6 is 0.493333

gibbs sample time: 0.062005 seconds
probability of topic_Student_98 is 0.620111

gibbs sample time: 0.253818 seconds
probability of topic_Person_187 is 0.601778

gibbs sample time: 0.292759 seconds
probability of topic_ResearchProject_81 is 0.443444

gibbs sample time: 0.095715 seconds
probability of topic_Faculty_27 is 0.510667

gibbs sample time: 0.166451 seconds
probability of topic_ResearchProject_25 is 0.551222

gibbs sample time: 5.09137 seconds
probability of topic_Department_125 is 0.458222

gibbs sample time: 2.20654 seconds
probability of topic_Faculty_11 is 0.611444

gibbs sample time: 0.235932 seconds
probability of topic_Staff_49 is 0.515222

gibbs sample time: 4.97963 seconds
probability of topic_Student_48 is 0.263556

gibbs sample time: 0.096079 seconds
probability of topic_Course_39 is 0.523889

gibbs sample time: 0.970374 seconds
probability of topic_Course_172 is 0.410111

gibbs sample time: 4.97031 seconds
probability of topic_ResearchProject_125 is 0.477667

gibbs sample time: 0.058922 seconds
probability of topic_Person_80 is 0.501

gibbs sample time: 0.967163 seconds
probability of topic_Course_164 is 0.468889

gibbs sample time: 0.062179 seconds
probability of topic_Student_62 is 0.718

gibbs sample time: 4.77651 seconds
probability of topic_Person_2 is 0.286556

gibbs sample time: 0.061454 seconds
probability of topic_Staff_99 is 0.447333

gibbs sample time: 0.783859 seconds
probability of topic_Student_105 is 0.383778

gibbs sample time: 0.96597 seconds
probability of topic_Course_36 is 0.317222

gibbs sample time: 4.64062 seconds
probability of topic_Staff_180 is 0.601889

gibbs sample time: 0.831375 seconds
probability of topic_Department_327 is 0.630889

gibbs sample time: 1.10869 seconds
probability of topic_Staff_41 is 0.361222

gibbs sample time: 0.587033 seconds
probability of topic_Faculty_8 is 0.493667

gibbs sample time: 1.2222 seconds
probability of topic_Department_115 is 0.443333

gibbs sample time: 0.470605 seconds
probability of topic_Person_120 is 0.516

gibbs sample time: 1.39499 seconds
probability of topic_ResearchProject_146 is 0.294333

gibbs sample time: 1.18686 seconds
probability of topic_Course_106 is 0.554111

gibbs sample time: 2.05115 seconds
probability of topic_Person_114 is 0.517444

gibbs sample time: 1.30884 seconds
probability of topic_Staff_146 is 0.561111

gibbs sample time: 1.49875 seconds
probability of topic_Staff_17 is 0.611556

gibbs sample time: 4.7814 seconds
probability of topic_Person_212 is 0.0533333

gibbs sample time: 0.130018 seconds
probability of topic_Student_69 is 0.603333

gibbs sample time: 4.996 seconds
probability of topic_Course_78 is 0.470778

gibbs sample time: 0.410701 seconds
probability of topic_ResearchProject_120 is 0.485667

gibbs sample time: 4.99775 seconds
probability of topic_Course_89 is 0.426667

gibbs sample time: 1.22734 seconds
probability of topic_Faculty_118 is 0.381111

gibbs sample time: 4.99868 seconds
probability of topic_Course_353 is 0.468444

gibbs sample time: 1.22103 seconds
probability of topic_Student_106 is 0.529222

gibbs sample time: 0.062005 seconds
probability of topic_Person_16 is 0.496556

gibbs sample time: 2.15889 seconds
probability of topic_Staff_217 is 0.486556

gibbs sample time: 0.653409 seconds
probability of topic_ResearchProject_61 is 0.499333

gibbs sample time: 0.326416 seconds
probability of topic_Student_25 is 0.403889

gibbs sample time: 0.065784 seconds
probability of topic_Department_38 is 0.577667

gibbs sample time: 4.93635 seconds
probability of topic_Student_45 is 0.514556

gibbs sample time: 1.12274 seconds
probability of topic_Person_115 is 0.423222

gibbs sample time: 0.064804 seconds
probability of topic_Course_43 is 0.466333

gibbs sample time: 1.67539 seconds
probability of topic_Student_129 is 0.541667

gibbs sample time: 1.50122 seconds
probability of topic_Staff_10 is 0.500889

gibbs sample time: 5.1075 seconds
probability of topic_Department_212 is 0.384778

gibbs sample time: 0.065152 seconds
probability of topic_Department_43 is 0.472

gibbs sample time: 0.091991 seconds
probability of topic_Person_34 is 0.631667

gibbs sample time: 0.332208 seconds
probability of topic_Student_116 is 0.431444

gibbs sample time: 4.78884 seconds
probability of topic_Person_199 is 0.522667

gibbs sample time: 0.306653 seconds
probability of topic_Department_20 is 0.488333

gibbs sample time: 1.50132 seconds
probability of topic_Staff_244 is 0.447556

gibbs sample time: 0.584731 seconds
probability of topic_Student_130 is 0.497444

gibbs sample time: 0.093881 seconds
probability of topic_ResearchProject_97 is 0.480556

gibbs sample time: 4.94236 seconds
probability of topic_Student_376 is 0.501778

gibbs sample time: 1.40596 seconds
probability of topic_ResearchProject_50 is 0.384222

gibbs sample time: 5.1591 seconds
probability of topic_Department_180 is 0.696222

gibbs sample time: 0.656873 seconds
probability of topic_ResearchProject_272 is 0.547444

gibbs sample time: 1.42051 seconds
probability of topic_Course_102 is 0.430444

gibbs sample time: 4.95613 seconds
probability of topic_Student_212 is 0.0557778

gibbs sample time: 0.062674 seconds
probability of topic_Department_86 is 0.432333

gibbs sample time: 4.96774 seconds
probability of topic_ResearchProject_30 is 0.482667

gibbs sample time: 1.15386 seconds
probability of topic_Person_172 is 0.504556

gibbs sample time: 0.095757 seconds
probability of topic_ResearchProject_53 is 0.505778

gibbs sample time: 0.066569 seconds
probability of topic_Department_46 is 0.479222

gibbs sample time: 4.80882 seconds
probability of topic_Person_125 is 0.508

gibbs sample time: 0.064834 seconds
probability of topic_Student_44 is 0.528778

gibbs sample time: 0.316686 seconds
probability of topic_Course_116 is 0.483889

gibbs sample time: 1.91843 seconds
probability of topic_ResearchProject_134 is 0.355889

gibbs sample time: 0.253835 seconds
probability of topic_Student_55 is 0.532889

gibbs sample time: 1.91314 seconds
probability of topic_ResearchProject_67 is 0.459222

gibbs sample time: 1.94037 seconds
probability of topic_ResearchProject_11 is 0.330778

gibbs sample time: 1.18921 seconds
probability of topic_ResearchProject_115 is 0.663889

gibbs sample time: 1.97789 seconds
probability of topic_ResearchProject_217 is 0.573

gibbs sample time: 0.058463 seconds
probability of topic_Course_51 is 0.424444

gibbs sample time: 1.12398 seconds
probability of topic_Person_174 is 0.524889

gibbs sample time: 4.71627 seconds
probability of topic_Faculty_290 is 0.456333

gibbs sample time: 4.99739 seconds
probability of topic_Course_180 is 0.481556

gibbs sample time: 1.38077 seconds
probability of topic_ResearchProject_28 is 0.442778

gibbs sample time: 4.97111 seconds
probability of topic_ResearchProject_133 is 0.489111

gibbs sample time: 1.22149 seconds
probability of topic_Department_174 is 0.771778

gibbs sample time: 0.190312 seconds
probability of topic_Department_77 is 0.562444

gibbs sample time: 1.50021 seconds
probability of topic_Staff_129 is 0.444222

gibbs sample time: 5.09233 seconds
probability of topic_Department_169 is 0.763556

gibbs sample time: 4.66562 seconds
probability of topic_Staff_290 is 0.433

gibbs sample time: 0.09722 seconds
probability of topic_Department_23 is 0.552556

gibbs sample time: 0.094979 seconds
probability of topic_Student_79 is 0.400444

gibbs sample time: 1.91874 seconds
probability of topic_ResearchProject_156 is 0.455667

gibbs sample time: 0.8353 seconds
probability of topic_Department_186 is 0.395556

gibbs sample time: 0.099053 seconds
probability of topic_Student_27 is 0.49

gibbs sample time: 0.097628 seconds
probability of topic_Department_27 is 0.658333

gibbs sample time: 1.10995 seconds
probability of topic_Staff_118 is 0.489889

gibbs sample time: 0.49533 seconds
probability of topic_Department_120 is 0.673222

gibbs sample time: 4.72603 seconds
probability of topic_Faculty_169 is 0.605444

gibbs sample time: 0.061266 seconds
probability of topic_Person_38 is 0.363

gibbs sample time: 0.06148 seconds
probability of topic_Student_9 is 0.469444

gibbs sample time: 0.05779 seconds
probability of topic_Course_53 is 0.426444

gibbs sample time: 0.199046 seconds
probability of topic_Staff_73 is 0.588111

gibbs sample time: 0.057873 seconds
probability of topic_Staff_98 is 0.448556

gibbs sample time: 0.095558 seconds
probability of topic_Person_53 is 0.526444

gibbs sample time: 0.301914 seconds
probability of topic_Person_116 is 0.377111

gibbs sample time: 0.062252 seconds
probability of topic_Faculty_62 is 0.504222

gibbs sample time: 0.254055 seconds
probability of topic_Person_13 is 0.374111

gibbs sample time: 1.69256 seconds
probability of topic_Department_288 is 0.446778

gibbs sample time: 5.02739 seconds
probability of topic_Course_125 is 0.439778

gibbs sample time: 1.50224 seconds
probability of topic_Staff_87 is 0.531111

gibbs sample time: 0.06511 seconds
probability of topic_ResearchProject_26 is 0.610444

gibbs sample time: 0.066287 seconds
probability of topic_Department_70 is 0.568222

gibbs sample time: 1.16163 seconds
probability of topic_ResearchProject_106 is 0.409778

gibbs sample time: 0.091892 seconds
probability of topic_Faculty_74 is 0.402667

gibbs sample time: 0.064174 seconds
probability of topic_Staff_9 is 0.489111

gibbs sample time: 0.426484 seconds
probability of topic_Student_296 is 0.545556

gibbs sample time: 0.211037 seconds
probability of topic_Staff_296 is 0.423111

gibbs sample time: 4.91625 seconds
probability of topic_Student_125 is 0.562667

gibbs sample time: 0.058741 seconds
probability of topic_Course_71 is 0.462889

gibbs sample time: 4.98809 seconds
probability of topic_ResearchProject_180 is 0.669667

gibbs sample time: 2.26387 seconds
probability of topic_Department_126 is 0.359333

gibbs sample time: 0.259981 seconds
probability of topic_Department_55 is 0.515333

gibbs sample time: 0.134049 seconds
probability of topic_ResearchProject_69 is 0.334222

gibbs sample time: 0.090456 seconds
probability of topic_Staff_14 is 0.512556

gibbs sample time: 0.254003 seconds
probability of topic_Faculty_49 is 0.517556

gibbs sample time: 1.15882 seconds
probability of topic_ResearchProject_118 is 0.461222

gibbs sample time: 0.204186 seconds
probability of topic_Course_63 is 0.348

gibbs sample time: 0.091552 seconds
probability of topic_Staff_27 is 0.591222

gibbs sample time: 1.64915 seconds
probability of topic_Course_288 is 0.433222

gibbs sample time: 0.670925 seconds
probability of topic_ResearchProject_58 is 0.587111

gibbs sample time: 0.57879 seconds
probability of topic_Person_61 is 0.559222

gibbs sample time: 4.96974 seconds
probability of topic_ResearchProject_169 is 0.530889

gibbs sample time: 0.092064 seconds
probability of topic_Person_15 is 0.538333

gibbs sample time: 1.69543 seconds
probability of topic_Department_35 is 0.388444

gibbs sample time: 2.20136 seconds
probability of topic_Faculty_134 is 0.352889

gibbs sample time: 0.097446 seconds
probability of topic_Staff_85 is 0.277333

gibbs sample time: 0.577763 seconds
probability of topic_Person_168 is 0.493111

gibbs sample time: 0.259994 seconds
probability of topic_Department_73 is 0.458222

gibbs sample time: 0.062383 seconds
probability of topic_ResearchProject_46 is 0.428667

gibbs sample time: 0.058202 seconds
probability of topic_Person_44 is 0.559778

gibbs sample time: 0.2436 seconds
probability of topic_Person_73 is 0.654111

gibbs sample time: 0.057889 seconds
probability of topic_Person_46 is 0.487889

gibbs sample time: 0.086613 seconds
probability of topic_Staff_74 is 0.499444

gibbs sample time: 0.086043 seconds
probability of topic_Faculty_5 is 0.405667

gibbs sample time: 0.095415 seconds
probability of topic_ResearchProject_14 is 0.395444

gibbs sample time: 0.672265 seconds
probability of topic_ResearchProject_111 is 0.298667

gibbs sample time: 4.78596 seconds
probability of topic_Person_30 is 0.520333

gibbs sample time: 4.97578 seconds
probability of topic_Student_136 is 0.476111

gibbs sample time: 0.33793 seconds
probability of topic_Staff_25 is 0.372889

gibbs sample time: 1.42369 seconds
probability of topic_ResearchProject_102 is 0.439889

gibbs sample time: 2.22496 seconds
probability of topic_Faculty_67 is 0.437778

gibbs sample time: 0.678786 seconds
probability of topic_ResearchProject_4 is 0.350556

gibbs sample time: 0.187959 seconds
probability of topic_Staff_94 is 0.0621111

gibbs sample time: 0.062125 seconds
probability of topic_Student_56 is 0.390444

gibbs sample time: 4.97334 seconds
probability of topic_ResearchProject_353 is 0.628556

gibbs sample time: 0.58619 seconds
probability of topic_Faculty_110 is 0.430556

gibbs sample time: 0.320347 seconds
probability of topic_Person_25 is 0.436667

gibbs sample time: 4.76629 seconds
probability of topic_Faculty_45 is 0.401889

gibbs sample time: 0.248289 seconds
probability of topic_Staff_65 is 0.403778

gibbs sample time: 0.095526 seconds
probability of topic_Person_22 is 0.585111

gibbs sample time: 0.065374 seconds
probability of topic_ResearchProject_66 is 0.438889

gibbs sample time: 1.0699 seconds
probability of topic_Staff_172 is 0.444889

gibbs sample time: 0.094341 seconds
probability of topic_Person_68 is 0.301222

gibbs sample time: 1.64312 seconds
probability of topic_Course_17 is 0.311556

gibbs sample time: 0.344528 seconds
probability of topic_Department_7 is 0.282

gibbs sample time: 0.255707 seconds
probability of topic_Course_64 is 0.349333

gibbs sample time: 0.187917 seconds
probability of topic_Person_63 is 0.299222

gibbs sample time: 1.67284 seconds
probability of topic_Student_87 is 0.581667

gibbs sample time: 0.065816 seconds
probability of topic_Department_9 is 0.497556

gibbs sample time: 1.69714 seconds
probability of topic_Department_244 is 0.462556

gibbs sample time: 0.836574 seconds
probability of topic_Department_105 is 0.568889

gibbs sample time: 1.30854 seconds
probability of topic_Staff_28 is 0.555222

gibbs sample time: 2.21268 seconds
probability of topic_Faculty_126 is 0.393667

gibbs sample time: 0.587894 seconds
probability of topic_Staff_42 is 0.433333

gibbs sample time: 0.255903 seconds
probability of topic_Course_193 is 0.483222

gibbs sample time: 0.061528 seconds
probability of topic_Course_74 is 0.412111

gibbs sample time: 1.76023 seconds
probability of topic_Student_35 is 0.809222

gibbs sample time: 0.220834 seconds
probability of topic_Course_52 is 0.401556

gibbs sample time: 5.10292 seconds
probability of topic_Department_12 is 0.581889

gibbs sample time: 0.059087 seconds
probability of topic_Person_98 is 0.568

gibbs sample time: 0.063581 seconds
probability of topic_Department_14 is 0.489667

gibbs sample time: 0.129041 seconds
probability of topic_Person_69 is 0.552333

gibbs sample time: 0.434578 seconds
probability of topic_Staff_31 is 0.472222

gibbs sample time: 0.307908 seconds
probability of topic_Department_116 is 0.437111

gibbs sample time: 0.265494 seconds
probability of topic_ResearchProject_65 is 0.422222

gibbs sample time: 0.470543 seconds
probability of topic_Person_92 is 0.441222

gibbs sample time: 0.094259 seconds
probability of topic_Student_74 is 0.527667

gibbs sample time: 0.795734 seconds
probability of topic_Student_327 is 0.612444

gibbs sample time: 0.063075 seconds
probability of topic_Department_56 is 0.482778

gibbs sample time: 0.368367 seconds
probability of topic_Department_200 is 0.309111

gibbs sample time: 0.835519 seconds
probability of topic_Department_42 is 0.908667

gibbs sample time: 1.43408 seconds
probability of topic_Student_50 is 0.575556

gibbs sample time: 1.69298 seconds
probability of topic_Department_10 is 0.418333

gibbs sample time: 5.01156 seconds
probability of topic_Course_83 is 0.629667

gibbs sample time: 0.058382 seconds
probability of topic_Staff_75 is 0.519667

gibbs sample time: 4.92184 seconds
probability of topic_Student_133 is 0.545111

gibbs sample time: 0.061616 seconds
probability of topic_Course_75 is 0.408111

gibbs sample time: 0.411055 seconds
probability of topic_ResearchProject_296 is 0.481

gibbs sample time: 0.588283 seconds
probability of topic_Department_110 is 0.386222

gibbs sample time: 0.628278 seconds
probability of topic_Department_57 is 0.505222

gibbs sample time: 0.09082 seconds
probability of topic_Person_95 is 0.480889

gibbs sample time: 0.588096 seconds
probability of topic_Faculty_130 is 0.508

gibbs sample time: 1.91911 seconds
probability of topic_ResearchProject_59 is 0.462

gibbs sample time: 0.420046 seconds
probability of topic_Course_319 is 0.485

gibbs sample time: 0.628884 seconds
probability of topic_Course_111 is 0.333556

gibbs sample time: 0.289632 seconds
probability of topic_Student_81 is 0.571444

gibbs sample time: 1.43184 seconds
probability of topic_Student_29 is 0.535667

gibbs sample time: 0.471736 seconds
probability of topic_Person_31 is 0.614111

gibbs sample time: 0.114269 seconds
probability of topic_Staff_37 is 0.369444

gibbs sample time: 0.656439 seconds
probability of topic_ResearchProject_57 is 0.475111

gibbs sample time: 1.36471 seconds
probability of topic_Person_29 is 0.539333

gibbs sample time: 0.090444 seconds
probability of topic_Course_79 is 0.548667

gibbs sample time: 0.12478 seconds
probability of topic_Staff_76 is 0.428889

gibbs sample time: 0.090651 seconds
probability of topic_Staff_22 is 0.483889

gibbs sample time: 0.190413 seconds
probability of topic_ResearchProject_94 is 0.192111

gibbs sample time: 1.42748 seconds
probability of topic_Student_146 is 0.644889

gibbs sample time: 5.0133 seconds
probability of topic_Course_24 is 0.568778

gibbs sample time: 0.271189 seconds
probability of topic_Faculty_52 is 0.694333

gibbs sample time: 4.60575 seconds
probability of topic_Staff_78 is 0.662778

gibbs sample time: 0.524608 seconds
probability of topic_ResearchProject_130 is 0.494222

gibbs sample time: 0.06542 seconds
probability of topic_Department_16 is 0.407444

gibbs sample time: 0.058133 seconds
probability of topic_Course_21 is 0.416222

gibbs sample time: 0.65595 seconds
probability of topic_ResearchProject_168 is 0.440889

gibbs sample time: 4.73731 seconds
probability of topic_Faculty_83 is 0.516556

gibbs sample time: 0.065592 seconds
probability of topic_Department_84 is 0.421222

gibbs sample time: 0.065647 seconds
probability of topic_Department_99 is 0.429222

gibbs sample time: 0.23686 seconds
probability of topic_Course_73 is 0.409556

gibbs sample time: 0.385773 seconds
probability of topic_Student_32 is 0.695222

gibbs sample time: 0.578717 seconds
probability of topic_Person_130 is 0.494889

gibbs sample time: 4.65695 seconds
probability of topic_Staff_136 is 0.365556

gibbs sample time: 0.652618 seconds
probability of topic_Department_111 is 0.122667

gibbs sample time: 0.314326 seconds
probability of topic_ResearchProject_93 is 0.421667

gibbs sample time: 0.471171 seconds
probability of topic_Faculty_168 is 0.402111

gibbs sample time: 0.066421 seconds
probability of topic_ResearchProject_82 is 0.475444

gibbs sample time: 2.23112 seconds
probability of topic_Faculty_156 is 0.510778

gibbs sample time: 0.267131 seconds
probability of topic_ResearchProject_64 is 0.406778

gibbs sample time: 0.091425 seconds
probability of topic_Person_79 is 0.541333

gibbs sample time: 1.68616 seconds
probability of topic_Faculty_129 is 0.386556

gibbs sample time: 0.065515 seconds
probability of topic_Department_82 is 0.422333

gibbs sample time: 1.50422 seconds
probability of topic_Staff_35 is 0.494222

gibbs sample time: 1.31471 seconds
probability of topic_Staff_102 is 0.516889

gibbs sample time: 1.3134 seconds
probability of topic_Staff_29 is 0.487556

gibbs sample time: 0.092569 seconds
probability of topic_Staff_69 is 0.445333

gibbs sample time: 5.00222 seconds
probability of topic_Course_136 is 0.341667

gibbs sample time: 5.00992 seconds
probability of topic_Course_258 is 0.447889

gibbs sample time: 0.062653 seconds
probability of topic_ResearchProject_75 is 0.506111

gibbs sample time: 1.6665 seconds
probability of topic_Person_288 is 0.441222

gibbs sample time: 4.73315 seconds
probability of topic_Faculty_180 is 0.664556

gibbs sample time: 0.100631 seconds
probability of topic_ResearchProject_34 is 0.384778

gibbs sample time: 0.090271 seconds
probability of topic_Student_5 is 0.520333

gibbs sample time: 1.13442 seconds
probability of topic_Person_118 is 0.586111

gibbs sample time: 4.82889 seconds
probability of topic_Person_48 is 0.498111

gibbs sample time: 0.792055 seconds
probability of topic_Student_186 is 0.43

gibbs sample time: 2.30187 seconds
probability of topic_Student_134 is 0.754889

gibbs sample time: 1.42843 seconds
probability of topic_Faculty_146 is 0.730556

gibbs sample time: 0.662974 seconds
probability of topic_Student_111 is 0.743222

gibbs sample time: 1.68112 seconds
probability of topic_Person_145 is 0.446444

gibbs sample time: 2.21493 seconds
probability of topic_Faculty_114 is 0.453444

gibbs sample time: 0.61899 seconds
probability of topic_Course_61 is 0.447778

gibbs sample time: 1.18188 seconds
probability of topic_ResearchProject_36 is 0.492444

gibbs sample time: 0.058655 seconds
probability of topic_Course_98 is 0.372778

gibbs sample time: 0.341899 seconds
probability of topic_Staff_90 is 0.599667

gibbs sample time: 0.259921 seconds
probability of topic_Person_65 is 0.479111

gibbs sample time: 1.67701 seconds
probability of topic_Faculty_145 is 0.486

gibbs sample time: 0.061491 seconds
probability of topic_Course_96 is 0.410778

gibbs sample time: 4.72176 seconds
probability of topic_Faculty_2 is 0.357556

gibbs sample time: 2.20838 seconds
probability of topic_Faculty_217 is 0.491556

gibbs sample time: 1.66596 seconds
probability of topic_ResearchProject_129 is 0.362556

gibbs sample time: 4.7422 seconds
probability of topic_Faculty_199 is 0.434444

gibbs sample time: 0.09514 seconds
probability of topic_Student_76 is 0.523667

gibbs sample time: 4.68093 seconds
probability of topic_Staff_125 is 0.513333

gibbs sample time: 0.627865 seconds
probability of topic_Department_168 is 0.477556

gibbs sample time: 1.66771 seconds
probability of topic_ResearchProject_87 is 0.430444

gibbs sample time: 0.327882 seconds
probability of topic_Student_231 is 0.554889

gibbs sample time: 0.099405 seconds
probability of topic_ResearchProject_27 is 0.429667

gibbs sample time: 0.255494 seconds
probability of topic_Student_49 is 0.578222

gibbs sample time: 0.409132 seconds
probability of topic_ResearchProject_319 is 0.638

gibbs sample time: 0.092043 seconds
probability of topic_Staff_95 is 0.543444

gibbs sample time: 0.127294 seconds
probability of topic_Staff_63 is 0.333667

gibbs sample time: 0.331294 seconds
probability of topic_Student_93 is 0.220444

gibbs sample time: 0.095952 seconds
probability of topic_ResearchProject_22 is 0.344778

gibbs sample time: 1.64224 seconds
probability of topic_Course_244 is 0.440556

gibbs sample time: 0.065374 seconds
probability of topic_Department_40 is 0.467111

gibbs sample time: 4.63512 seconds
probability of topic_Staff_353 is 0.470556

gibbs sample time: 4.58304 seconds
probability of topic_Staff_48 is 0.596556

gibbs sample time: 0.571627 seconds
probability of topic_Course_130 is 0.500556

gibbs sample time: 2.21229 seconds
probability of topic_Faculty_54 is 0.429444

gibbs sample time: 0.263842 seconds
probability of topic_Person_64 is 0.406556

gibbs sample time: 0.10311 seconds
probability of topic_Department_68 is 0.388556

gibbs sample time: 1.66434 seconds
probability of topic_Person_17 is 0.477889

gibbs sample time: 1.19149 seconds
probability of topic_Department_239 is 0.436778

gibbs sample time: 1.66877 seconds
probability of topic_ResearchProject_35 is 0.390889

gibbs sample time: 0.289771 seconds
probability of topic_Student_20 is 0.441

gibbs sample time: 1.18691 seconds
probability of topic_Course_115 is 0.669111

gibbs sample time: 0.100111 seconds
probability of topic_ResearchProject_51 is 0.440333

gibbs sample time: 1.68033 seconds
probability of topic_Faculty_35 is 0.512222

gibbs sample time: 0.096631 seconds
probability of topic_Staff_68 is 0.346111

gibbs sample time: 1.10885 seconds
probability of topic_Staff_174 is 0.468333

gibbs sample time: 0.096817 seconds
probability of topic_ResearchProject_79 is 0.438111

gibbs sample time: 0.194539 seconds
probability of topic_Department_63 is 0.355556

gibbs sample time: 0.384808 seconds
probability of topic_Student_319 is 0.527

gibbs sample time: 0.058349 seconds
probability of topic_Staff_56 is 0.456

gibbs sample time: 0.538274 seconds
probability of topic_Staff_110 is 0.381556

gibbs sample time: 0.096681 seconds
probability of topic_Student_14 is 0.467889

gibbs sample time: 0.09035 seconds
probability of topic_Staff_51 is 0.392

gibbs sample time: 0.474779 seconds
probability of topic_Course_92 is 0.356889

gibbs sample time: 0.064426 seconds
probability of topic_Student_21 is 0.449667

gibbs sample time: 0.090856 seconds
probability of topic_Course_97 is 0.56

gibbs sample time: 0.32257 seconds
probability of topic_Course_200 is 0.317556

gibbs sample time: 2.20703 seconds
probability of topic_Faculty_3 is 0.565556

gibbs sample time: 2.22798 seconds
probability of topic_Student_11 is 0.491444

gibbs sample time: 0.264381 seconds
probability of topic_ResearchProject_119 is 0.535889

gibbs sample time: 0.092969 seconds
probability of topic_Person_88 is 0.757

gibbs sample time: 0.125588 seconds
probability of topic_Person_23 is 0.224667

gibbs sample time: 0.519103 seconds
probability of topic_ResearchProject_8 is 0.464889

gibbs sample time: 4.99732 seconds
probability of topic_Course_2 is 0.547333

gibbs sample time: 4.59278 seconds
probability of topic_Staff_89 is 0.403444

gibbs sample time: 4.99405 seconds
probability of topic_Course_133 is 0.510333

gibbs sample time: 1.16697 seconds
probability of topic_Student_172 is 0.496556

gibbs sample time: 1.11065 seconds
probability of topic_Staff_115 is 0.548

gibbs sample time: 2.23281 seconds
probability of topic_Department_67 is 0.5

gibbs sample time: 0.062237 seconds
probability of topic_Course_70 is 0.577889

gibbs sample time: 0.095563 seconds
probability of topic_Faculty_21 is 0.359111

gibbs sample time: 0.579103 seconds
probability of topic_Student_110 is 0.498778

gibbs sample time: 2.1863 seconds
probability of topic_Course_11 is 0.506

gibbs sample time: 0.062741 seconds
probability of topic_ResearchProject_21 is 0.440444

gibbs sample time: 0.104959 seconds
probability of topic_ResearchProject_88 is 0.360667

gibbs sample time: 0.064506 seconds
probability of topic_Staff_40 is 0.440556

gibbs sample time: 0.621015 seconds
probability of topic_Course_58 is 0.525778

gibbs sample time: 0.492762 seconds
probability of topic_Student_92 is 0.496556

gibbs sample time: 0.065472 seconds
probability of topic_ResearchProject_99 is 0.559222

gibbs sample time: 0.65151 seconds
probability of topic_Department_4 is 0.578111

gibbs sample time: 0.124702 seconds
probability of topic_Faculty_37 is 0.427111

gibbs sample time: 0.474115 seconds
probability of topic_Course_31 is 0.388556

gibbs sample time: 0.661644 seconds
probability of topic_Faculty_4 is 0.517444

gibbs sample time: 0.062427 seconds
probability of topic_Faculty_46 is 0.398

gibbs sample time: 0.057733 seconds
probability of topic_Person_56 is 0.359889

gibbs sample time: 1.67256 seconds
probability of topic_Student_10 is 0.532444

gibbs sample time: 5.0009 seconds
probability of topic_Course_48 is 0.428778

gibbs sample time: 2.23274 seconds
probability of topic_Student_114 is 0.532333

gibbs sample time: 0.096487 seconds
probability of topic_Department_34 is 0.227556

gibbs sample time: 4.94342 seconds
probability of topic_Student_180 is 0.545222

gibbs sample time: 0.520396 seconds
probability of topic_ResearchProject_110 is 0.479889

gibbs sample time: 5.00153 seconds
probability of topic_Course_169 is 0.513

gibbs sample time: 0.067105 seconds
probability of topic_Faculty_40 is 0.400556

gibbs sample time: 5.00286 seconds
probability of topic_Course_91 is 0.562333

gibbs sample time: 0.268923 seconds
probability of topic_Faculty_64 is 0.363444

gibbs sample time: 0.129085 seconds
probability of topic_ResearchProject_76 is 0.461667

gibbs sample time: 0.313727 seconds
probability of topic_ResearchProject_116 is 0.509778

gibbs sample time: 0.212519 seconds
probability of topic_ResearchProject_63 is 0.645111

gibbs sample time: 0.620091 seconds
probability of topic_Course_57 is 0.484

gibbs sample time: 0.621585 seconds
probability of topic_Course_272 is 0.413778

gibbs sample time: 1.43019 seconds
probability of topic_Student_102 is 0.570111

gibbs sample time: 1.18597 seconds
probability of topic_Course_174 is 0.474222

gibbs sample time: 0.058112 seconds
probability of topic_Person_75 is 0.483111

gibbs sample time: 0.065562 seconds
probability of topic_ResearchProject_15 is 0.510333

gibbs sample time: 0.287948 seconds
probability of topic_Course_25 is 0.342889

gibbs sample time: 0.689388 seconds
probability of topic_Course_168 is 0.415667

gibbs sample time: 0.262145 seconds
probability of topic_Person_193 is 0.608667

gibbs sample time: 0.091943 seconds
probability of topic_Course_14 is 0.601

gibbs sample time: 1.15372 seconds
probability of topic_Person_36 is 0.38

gibbs sample time: 0.285369 seconds
probability of topic_Staff_7 is 0.523444

gibbs sample time: 1.23199 seconds
probability of topic_Department_106 is 0.427111

gibbs sample time: 4.64445 seconds
probability of topic_Staff_30 is 0.528444

gibbs sample time: 0.266159 seconds
probability of topic_Faculty_65 is 0.320111

gibbs sample time: 0.096705 seconds
probability of topic_Staff_34 is 0.599444

gibbs sample time: 4.63822 seconds
probability of topic_Staff_169 is 0.772667

gibbs sample time: 0.09744 seconds
probability of topic_Department_39 is 0.211889

gibbs sample time: 5.17217 seconds
probability of topic_Department_48 is 0.51

gibbs sample time: 0.307073 seconds
probability of topic_Faculty_231 is 0.553333

gibbs sample time: 0.091951 seconds
probability of topic_Staff_39 is 0.465333

gibbs sample time: 4.77324 seconds
probability of topic_Faculty_24 is 0.484222

gibbs sample time: 0.628458 seconds
probability of topic_Department_272 is 0.462667

gibbs sample time: 4.83867 seconds
probability of topic_Faculty_133 is 0.494667

gibbs sample time: 0.230827 seconds
probability of topic_Person_49 is 0.536111

gibbs sample time: 2.08911 seconds
probability of topic_Person_126 is 0.540444

gibbs sample time: 0.812631 seconds
probability of topic_Person_105 is 0.381889

gibbs sample time: 1.68013 seconds
probability of topic_Person_129 is 0.546667

gibbs sample time: 2.26804 seconds
probability of topic_Student_3 is 0.248333

gibbs sample time: 4.86196 seconds
probability of topic_Person_12 is 0.602667

gibbs sample time: 2.2583 seconds
probability of topic_Student_126 is 0.571333

gibbs sample time: 0.06316 seconds
probability of topic_Course_99 is 0.601222

gibbs sample time: 0.264594 seconds
probability of topic_ResearchProject_19 is 0.529

gibbs sample time: 2.26371 seconds
probability of topic_Student_59 is 0.577

gibbs sample time: 2.24713 seconds
probability of topic_Student_217 is 0.393667

gibbs sample time: 2.27129 seconds
probability of topic_Student_54 is 0.633889

gibbs sample time: 0.216679 seconds
probability of topic_Course_47 is 0.489222

gibbs sample time: 0.254262 seconds
probability of topic_Student_73 is 0.637889

gibbs sample time: 0.06467 seconds
probability of topic_Staff_16 is 0.559333

gibbs sample time: 0.098817 seconds
probability of topic_Faculty_14 is 0.447889

gibbs sample time: 5.07219 seconds
probability of topic_Course_157 is 0.363556

gibbs sample time: 0.061747 seconds
probability of topic_Faculty_56 is 0.454333

gibbs sample time: 0.496142 seconds
probability of topic_Student_120 is 0.529778

gibbs sample time: 4.8214 seconds
probability of topic_Faculty_48 is 0.467556

gibbs sample time: 0.427558 seconds
probability of topic_Course_32 is 0.432333

gibbs sample time: 4.78931 seconds
probability of topic_Faculty_212 is 0.506333

gibbs sample time: 4.99289 seconds
probability of topic_Student_78 is 0.379333

gibbs sample time: 0.094701 seconds
probability of topic_Staff_21 is 0.446556

gibbs sample time: 0.132213 seconds
probability of topic_Student_37 is 0.617778

gibbs sample time: 4.97559 seconds
probability of topic_Student_91 is 0.409

gibbs sample time: 4.98082 seconds
probability of topic_ResearchProject_83 is 0.502333

gibbs sample time: 1.70345 seconds
probability of topic_Department_145 is 0.425889

gibbs sample time: 0.476888 seconds
probability of topic_Course_120 is 0.477556

gibbs sample time: 0.062266 seconds
probability of topic_ResearchProject_44 is 0.367778

gibbs sample time: 0.573933 seconds
probability of topic_Staff_105 is 0.583667

gibbs sample time: 0.066042 seconds
probability of topic_Department_80 is 0.480556

gibbs sample time: 0.093041 seconds
probability of topic_Faculty_15 is 0.461667

gibbs sample time: 0.183152 seconds
probability of topic_Course_94 is 0.264556

gibbs sample time: 1.18822 seconds
probability of topic_Department_33 is 0.797222

gibbs sample time: 1.683 seconds
probability of topic_ResearchProject_244 is 0.538556

gibbs sample time: 1.19064 seconds
probability of topic_Department_172 is 0.492222

gibbs sample time: 1.19518 seconds
probability of topic_Department_36 is 0.442556

gibbs sample time: 1.17946 seconds
probability of topic_Faculty_33 is 0.611444

gibbs sample time: 1.17968 seconds
probability of topic_Faculty_209 is 0.45

gibbs sample time: 0.25906 seconds
probability of topic_Student_193 is 0.168

gibbs sample time: 0.058535 seconds
probability of topic_Student_6 is 0.521889

gibbs sample time: 4.79528 seconds
probability of topic_Person_290 is 0.419667

gibbs sample time: 1.1813 seconds
probability of topic_Faculty_239 is 0.527444

gibbs sample time: 1.17737 seconds
probability of topic_Faculty_164 is 0.562222

gibbs sample time: 0.264851 seconds
probability of topic_Department_19 is 0.596556

gibbs sample time: 0.96907 seconds
probability of topic_Course_33 is 0.581444

gibbs sample time: 4.96305 seconds
probability of topic_Student_353 is 0.697556

gibbs sample time: 1.66593 seconds
probability of topic_Person_10 is 0.499667

gibbs sample time: 0.308192 seconds
probability of topic_Faculty_20 is 0.539222

gibbs sample time: 0.777565 seconds
probability of topic_Course_42 is 0.223667

gibbs sample time: 0.09207 seconds
probability of topic_Person_39 is 0.239667

gibbs sample time: 0.775768 seconds
probability of topic_Course_186 is 0.483222

gibbs sample time: 0.780556 seconds
probability of topic_Course_105 is 0.561333

gibbs sample time: 0.473167 seconds
probability of topic_Faculty_61 is 0.463667

gibbs sample time: 1.18704 seconds
probability of topic_Faculty_172 is 0.426556

gibbs sample time: 1.66603 seconds
probability of topic_Person_35 is 0.749556

gibbs sample time: 0.319954 seconds
probability of topic_Person_231 is 0.557222

gibbs sample time: 0.587624 seconds
probability of topic_Person_58 is 0.481889

gibbs sample time: 0.062489 seconds
probability of topic_ResearchProject_80 is 0.444778

gibbs sample time: 4.62328 seconds
probability of topic_Staff_83 is 0.506444

gibbs sample time: 2.24625 seconds
probability of topic_Course_217 is 0.760222

gibbs sample time: 0.093247 seconds
probability of topic_Department_5 is 0.629333

gibbs sample time: 4.98176 seconds
probability of topic_ResearchProject_155 is 0.486556

gibbs sample time: 4.98108 seconds
probability of topic_ResearchProject_157 is 0.535556

gibbs sample time: 1.6871 seconds
probability of topic_Faculty_87 is 0.537

gibbs sample time: 5.13103 seconds
probability of topic_ResearchProject_24 is 0.483

gibbs sample time: 4.97893 seconds
probability of topic_ResearchProject_199 is 0.396

gibbs sample time: 5.05672 seconds
probability of topic_ResearchProject_18 is 0.276778

gibbs sample time: 0.100084 seconds
probability of topic_Department_88 is 0.558556

gibbs sample time: 2.23103 seconds
probability of topic_Department_3 is 0.472667

gibbs sample time: 5.14703 seconds
probability of topic_ResearchProject_212 is 0.209778

gibbs sample time: 1.15747 seconds
probability of topic_Student_36 is 0.393444

gibbs sample time: 4.79454 seconds
probability of topic_Person_155 is 0.347556

gibbs sample time: 4.78317 seconds
probability of topic_Person_157 is 0.561333

gibbs sample time: 1.22322 seconds
probability of topic_Faculty_41 is 0.371556

gibbs sample time: 0.05865 seconds
probability of topic_Course_46 is 0.422111

gibbs sample time: 4.798 seconds
probability of topic_Person_45 is 0.482889

gibbs sample time: 0.255735 seconds
probability of topic_Student_19 is 0.685889

gibbs sample time: 0.096132 seconds
probability of topic_Person_85 is 0.268778

gibbs sample time: 0.322162 seconds
probability of topic_Student_7 is 0.420889

gibbs sample time: 4.8118 seconds
probability of topic_Person_24 is 0.503444

gibbs sample time: 0.064804 seconds
probability of topic_Faculty_22 is 0.395889

gibbs sample time: 0.267603 seconds
probability of topic_ResearchProject_193 is 0.429889

gibbs sample time: 0.095946 seconds
probability of topic_Department_53 is 0.440333

gibbs sample time: 1.15299 seconds
probability of topic_Person_239 is 0.507111

gibbs sample time: 5.0923 seconds
probability of topic_Department_376 is 0.489444

gibbs sample time: 4.98383 seconds
probability of topic_ResearchProject_45 is 0.431

gibbs sample time: 0.062287 seconds
probability of topic_Student_86 is 0.528556

gibbs sample time: 0.061639 seconds
probability of topic_Person_96 is 0.477778

gibbs sample time: 0.428298 seconds
probability of topic_Faculty_32 is 0.466444

gibbs sample time: 0.058596 seconds
probability of topic_Person_62 is 0.713556

gibbs sample time: 0.062939 seconds
probability of topic_Department_62 is 0.623667

gibbs sample time: 0.062881 seconds
probability of topic_Department_6 is 0.444111

gibbs sample time: 0.066279 seconds
probability of topic_Department_65 is 0.399444

gibbs sample time: 0.287442 seconds
probability of topic_Course_231 is 0.499444

gibbs sample time: 0.091914 seconds
probability of topic_Faculty_97 is 0.455333

gibbs sample time: 4.73313 seconds
probability of topic_Faculty_136 is 0.313

gibbs sample time: 0.211785 seconds
probability of topic_Faculty_55 is 0.548889

gibbs sample time: 2.14109 seconds
probability of topic_Staff_156 is 0.567778

gibbs sample time: 2.14185 seconds
probability of topic_Staff_114 is 0.422222

gibbs sample time: 2.13797 seconds
probability of topic_Staff_11 is 0.455111

gibbs sample time: 2.14282 seconds
probability of topic_Staff_134 is 0.264111

gibbs sample time: 1.50001 seconds
probability of topic_Staff_288 is 0.479

gibbs sample time: 0.061484 seconds
probability of topic_Staff_43 is 0.487333

gibbs sample time: 1.42006 seconds
probability of topic_Department_50 is 0.387111

gibbs sample time: 0.058816 seconds
probability of topic_Staff_86 is 0.407667

gibbs sample time: 0.294132 seconds
probability of topic_ResearchProject_20 is 0.619

gibbs sample time: 1.68039 seconds
probability of topic_Faculty_10 is 0.541889

gibbs sample time: 4.66502 seconds
probability of topic_Staff_157 is 0.633

gibbs sample time: 0.05884 seconds
probability of topic_Staff_71 is 0.585111

gibbs sample time: 1.68153 seconds
probability of topic_Faculty_244 is 0.456111

gibbs sample time: 1.67949 seconds
probability of topic_Faculty_288 is 0.473667

gibbs sample time: 0.064578 seconds
probability of topic_Staff_60 is 0.494333

gibbs sample time: 2.1508 seconds
probability of topic_Staff_126 is 0.496444

gibbs sample time: 1.18646 seconds
probability of topic_ResearchProject_239 is 0.506222

gibbs sample time: 0.31547 seconds
probability of topic_Course_93 is 0.428556

gibbs sample time: 0.065384 seconds
probability of topic_ResearchProject_56 is 0.564667

gibbs sample time: 0.621855 seconds
probability of topic_Student_61 is 0.580556

gibbs sample time: 0.369344 seconds
probability of topic_Faculty_7 is 0.547667

gibbs sample time: 1.36341 seconds
probability of topic_Person_50 is 0.572

gibbs sample time: 0.128813 seconds
probability of topic_Course_69 is 0.650222

gibbs sample time: 5.10128 seconds
probability of topic_Department_91 is 0.442111

gibbs sample time: 0.246306 seconds
probability of topic_Staff_81 is 0.447

gibbs sample time: 5.12186 seconds
probability of topic_Department_45 is 0.473556

gibbs sample time: 4.96433 seconds
probability of topic_Student_89 is 0.597444

gibbs sample time: 0.657828 seconds
probability of topic_Staff_57 is 0.446667

gibbs sample time: 0.611921 seconds
probability of topic_Staff_272 is 0.547667

gibbs sample time: 0.602626 seconds
probability of topic_Staff_61 is 0.498667

gibbs sample time: 0.116173 seconds
probability of topic_Staff_1 is 0.279222

gibbs sample time: 5.12125 seconds
probability of topic_Department_157 is 0.523556

gibbs sample time: 2.24039 seconds
probability of topic_Department_59 is 0.526889

gibbs sample time: 2.04847 seconds
probability of topic_Person_54 is 0.554222

gibbs sample time: 0.601975 seconds
probability of topic_Staff_168 is 0.440222

gibbs sample time: 1.22692 seconds
probability of topic_Student_72 is 0.568556

gibbs sample time: 0.101509 seconds
probability of topic_Faculty_68 is 0.350222

gibbs sample time: 4.63724 seconds
probability of topic_Staff_212 is 0.499556

gibbs sample time: 0.653126 seconds
probability of topic_Department_58 is 0.454111

gibbs sample time: 1.0696 seconds
probability of topic_Staff_33 is 0.498889

gibbs sample time: 1.06895 seconds
probability of topic_Staff_239 is 0.573444

gibbs sample time: 0.096851 seconds
probability of topic_Student_39 is 0.297444

gibbs sample time: 0.119148 seconds
probability of topic_Faculty_1 is 0.444556

gibbs sample time: 0.065358 seconds
probability of topic_Department_26 is 0.514

gibbs sample time: 0.089237 seconds
probability of topic_Staff_5 is 0.531111

gibbs sample time: 0.064904 seconds
probability of topic_Faculty_99 is 0.474556

gibbs sample time: 2.13791 seconds
probability of topic_Staff_67 is 0.466

gibbs sample time: 0.061816 seconds
probability of topic_Student_46 is 0.478333

gibbs sample time: 0.068002 seconds
probability of topic_Student_70 is 0.422556

gibbs sample time: 0.370041 seconds
probability of topic_Student_90 is 0.490333

gibbs sample time: 1.18279 seconds
probability of topic_ResearchProject_33 is 0.474111

gibbs sample time: 0.666659 seconds
probability of topic_Faculty_111 is 0.362667

gibbs sample time: 0.060633 seconds
probability of topic_Staff_6 is 0.464333

gibbs sample time: 1.18162 seconds
probability of topic_ResearchProject_164 is 0.429778

gibbs sample time: 0.873426 seconds
probability of topic_ResearchProject_105 is 0.479444

gibbs sample time: 2.23156 seconds
probability of topic_Staff_3 is 0.518556

gibbs sample time: 0.43268 seconds
probability of topic_Faculty_319 is 0.457111

gibbs sample time: 1.36444 seconds
probability of topic_Person_146 is 0.739556

gibbs sample time: 1.36065 seconds
probability of topic_Person_102 is 0.547667

gibbs sample time: 1.41494 seconds
probability of topic_Course_28 is 0.432111

gibbs sample time: 4.78316 seconds
probability of topic_Person_133 is 0.515111

gibbs sample time: 0.05791 seconds
probability of topic_Person_6 is 0.477889

gibbs sample time: 0.265949 seconds
probability of topic_Faculty_119 is 0.493333

gibbs sample time: 0.095 seconds
probability of topic_Course_22 is 0.394333

gibbs sample time: 1.66347 seconds
probability of topic_ResearchProject_145 is 0.494333

gibbs sample time: 0.097386 seconds
probability of topic_Student_15 is 0.533333

gibbs sample time: 1.23062 seconds
probability of topic_Student_118 is 0.546333

gibbs sample time: 0.235025 seconds
probability of topic_Staff_19 is 0.403111

gibbs sample time: 4.63975 seconds
probability of topic_Staff_91 is 0.403778

gibbs sample time: 1.66883 seconds
probability of topic_ResearchProject_17 is 0.497889

gibbs sample time: 0.359903 seconds
probability of topic_Person_90 is 0.621111

gibbs sample time: 0.358435 seconds
probability of topic_Person_200 is 0.572222

gibbs sample time: 0.061078 seconds
probability of topic_Course_56 is 0.436667

gibbs sample time: 2.17058 seconds
probability of topic_Course_134 is 0.487444

gibbs sample time: 5.15054 seconds
probability of topic_Department_258 is 0.495556

gibbs sample time: 0.064697 seconds
probability of topic_Student_60 is 0.504444

gibbs sample time: 0.181937 seconds
probability of topic_Staff_77 is 0.411111

gibbs sample time: 1.19128 seconds
probability of topic_ResearchProject_209 is 0.380333

gibbs sample time: 4.96242 seconds
probability of topic_ResearchProject_2 is 0.502333

gibbs sample time: 0.064862 seconds
probability of topic_Faculty_51 is 0.402

gibbs sample time: 0.097343 seconds
probability of topic_Faculty_85 is 0.327

gibbs sample time: 0.272612 seconds
probability of topic_Department_47 is 0.354556

gibbs sample time: 0.058198 seconds
probability of topic_Staff_62 is 0.487778

gibbs sample time: 0.245223 seconds
probability of topic_Staff_20 is 0.436444

gibbs sample time: 1.66471 seconds
probability of topic_ResearchProject_288 is 0.512556

gibbs sample time: 0.212947 seconds
probability of topic_Faculty_73 is 0.523333

gibbs sample time: 0.090529 seconds
probability of topic_Person_21 is 0.454111

gibbs sample time: 0.06842 seconds
probability of topic_ResearchProject_60 is 0.482667

gibbs sample time: 0.491598 seconds
probability of topic_Department_31 is 0.447222

gibbs sample time: 0.492392 seconds
probability of topic_Department_92 is 0.426556

gibbs sample time: 0.308012 seconds
probability of topic_Department_81 is 0.597444

gibbs sample time: 1.42733 seconds
probability of topic_Faculty_102 is 0.528889

gibbs sample time: 0.09678 seconds
probability of topic_Faculty_76 is 0.501556

gibbs sample time: 2.26587 seconds
probability of topic_Department_54 is 0.329556

gibbs sample time: 2.23244 seconds
probability of topic_Department_114 is 0.446556

gibbs sample time: 4.59861 seconds
probability of topic_Staff_45 is 0.435556

gibbs sample time: 4.98424 seconds
probability of topic_ResearchProject_258 is 0.496444

gibbs sample time: 0.409609 seconds
probability of topic_ResearchProject_13 is 0.517889

gibbs sample time: 0.409838 seconds
probability of topic_ResearchProject_187 is 0.350111

gibbs sample time: 0.495773 seconds
probability of topic_Staff_4 is 0.304778

gibbs sample time: 0.12743 seconds
probability of topic_Course_76 is 0.432778

gibbs sample time: 1.91661 seconds
probability of topic_ResearchProject_126 is 0.441333

gibbs sample time: 0.086487 seconds
probability of topic_Course_15 is 0.439333

gibbs sample time: 1.67512 seconds
probability of topic_Student_244 is 0.556

gibbs sample time: 4.75858 seconds
probability of topic_Faculty_78 is 0.441222

gibbs sample time: 0.062226 seconds
probability of topic_ResearchProject_71 is 0.48

gibbs sample time: 0.252374 seconds
probability of topic_Staff_64 is 0.369

gibbs sample time: 0.873478 seconds
probability of topic_ResearchProject_42 is 0.329778

gibbs sample time: 0.061568 seconds
probability of topic_Staff_66 is 0.436667

gibbs sample time: 4.99829 seconds
probability of topic_Course_18 is 0.378778

gibbs sample time: 0.301847 seconds
probability of topic_Person_93 is 0.208

gibbs sample time: 0.497121 seconds
probability of topic_Staff_111 is 0.370333

gibbs sample time: 2.13741 seconds
probability of topic_Staff_54 is 0.436556

gibbs sample time: 0.191785 seconds
probability of topic_Faculty_94 is 0.243778

gibbs sample time: 0.090462 seconds
probability of topic_Person_97 is 0.611556

gibbs sample time: 0.064833 seconds
probability of topic_ResearchProject_96 is 0.491778

gibbs sample time: 0.063228 seconds
probability of topic_Department_75 is 0.462667

gibbs sample time: 4.9633 seconds
probability of topic_Student_290 is 0.420222

gibbs sample time: 1.22926 seconds
probability of topic_Faculty_106 is 0.522

gibbs sample time: 4.96919 seconds
probability of topic_Student_83 is 0.538889

gibbs sample time: 0.093883 seconds
probability of topic_Staff_53 is 0.436889

gibbs sample time: 0.286658 seconds
probability of topic_Course_20 is 0.465111

gibbs sample time: 0.100098 seconds
probability of topic_ResearchProject_95 is 0.589778

gibbs sample time: 5.10384 seconds
probability of topic_Department_18 is 0.315111

gibbs sample time: 5.18497 seconds
probability of topic_Department_78 is 0.416222

gibbs sample time: 1.19202 seconds
probability of topic_Department_209 is 0.438667

gibbs sample time: 5.14335 seconds
probability of topic_Department_353 is 0.455333

gibbs sample time: 4.7414 seconds
probability of topic_Faculty_89 is 0.362556

gibbs sample time: 0.275687 seconds
probability of topic_Person_81 is 0.5

gibbs sample time: 0.095107 seconds
probability of topic_Faculty_95 is 0.426222

gibbs sample time: 0.274496 seconds
probability of topic_Person_20 is 0.493556

gibbs sample time: 0.266052 seconds
probability of topic_Department_52 is 0.491889

gibbs sample time: 0.577525 seconds
probability of topic_Person_57 is 0.471333

gibbs sample time: 0.872377 seconds
probability of topic_ResearchProject_327 is 0.403667

gibbs sample time: 0.408515 seconds
probability of topic_ResearchProject_32 is 0.431444

gibbs sample time: 0.065046 seconds
probability of topic_ResearchProject_40 is 0.436333

gibbs sample time: 1.67774 seconds
probability of topic_Faculty_17 is 0.520111

gibbs sample time: 0.061551 seconds
probability of topic_Staff_84 is 0.467556

gibbs sample time: 0.058113 seconds
probability of topic_Staff_80 is 0.443111

gibbs sample time: 0.064892 seconds
probability of topic_Student_38 is 0.451889

gibbs sample time: 0.253035 seconds
probability of topic_Staff_47 is 0.331111

gibbs sample time: 0.058146 seconds
probability of topic_Staff_44 is 0.425111

gibbs sample time: 0.256082 seconds
probability of topic_ResearchProject_49 is 0.502556

gibbs sample time: 4.97264 seconds
probability of topic_ResearchProject_78 is 0.417778

gibbs sample time: 0.095235 seconds
probability of topic_Faculty_53 is 0.488667

gibbs sample time: 1.40615 seconds
probability of topic_Department_146 is 0.800111

gibbs sample time: 1.41696 seconds
probability of topic_Department_102 is 0.364444

gibbs sample time: 1.44625 seconds
probability of topic_Department_28 is 0.478889

gibbs sample time: 0.061801 seconds
probability of topic_Course_38 is 0.479778

gibbs sample time: 0.062319 seconds
probability of topic_Person_66 is 0.476

gibbs sample time: 0.061748 seconds
probability of topic_Course_68 is 0.49

gibbs sample time: 5.01527 seconds
probability of topic_Course_12 is 0.519333

gibbs sample time: 5.05056 seconds
probability of topic_Course_155 is 0.450222

gibbs sample time: 0.062002 seconds
probability of topic_Faculty_44 is 0.578333

gibbs sample time: 0.415842 seconds
probability of topic_ResearchProject_31 is 0.392111

gibbs sample time: 0.413281 seconds
probability of topic_ResearchProject_92 is 0.429111

gibbs sample time: 0.065534 seconds
probability of topic_Department_60 is 0.512556

gibbs sample time: 0.588362 seconds
probability of topic_Department_130 is 0.501889

gibbs sample time: 0.474596 seconds
probability of topic_Faculty_57 is 0.473

gibbs sample time: 0.20222 seconds
probability of topic_Course_19 is 0.399667

gibbs sample time: 0.206606 seconds
probability of topic_Course_49 is 0.454556

gibbs sample time: 0.064539 seconds
probability of topic_Faculty_16 is 0.522556

gibbs sample time: 0.061665 seconds
probability of topic_Staff_96 is 0.495889

gibbs sample time: 0.065161 seconds
probability of topic_Faculty_60 is 0.457222

gibbs sample time: 0.212267 seconds
probability of topic_Student_63 is 0.32

gibbs sample time: 5.18242 seconds
probability of topic_Department_155 is 0.537556

gibbs sample time: 0.09144 seconds
probability of topic_Course_5 is 0.393778

gibbs sample time: 5.0976 seconds
probability of topic_Course_212 is 0.314556

gibbs sample time: 0.269229 seconds
probability of topic_Department_49 is 0.474556

gibbs sample time: 0.119825 seconds
probability of topic_Person_37 is 0.567222

gibbs sample time: 0.124327 seconds
probability of topic_Course_23 is 0.682556

gibbs sample time: 0.323879 seconds
probability of topic_Staff_231 is 0.455444

gibbs sample time: 1.179 seconds
probability of topic_Person_33 is 0.365111

gibbs sample time: 1.17433 seconds
probability of topic_Person_209 is 0.523222

gibbs sample time: 1.18285 seconds
probability of topic_Person_164 is 0.574556

gibbs sample time: 0.435069 seconds
probability of topic_Student_187 is 0.613111

gibbs sample time: 0.590911 seconds
probability of topic_Person_4 is 0.478556

gibbs sample time: 4.80363 seconds
probability of topic_Faculty_18 is 0.277444

gibbs sample time: 0.064543 seconds
probability of topic_Faculty_82 is 0.403111

gibbs sample time: 4.96562 seconds
probability of topic_Student_258 is 0.517778

gibbs sample time: 0.08712 seconds
probability of topic_Staff_97 is 0.574889

gibbs sample time: 0.81348 seconds
probability of topic_Person_42 is 0.634

gibbs sample time: 0.802642 seconds
probability of topic_Person_186 is 0.435111

gibbs sample time: 1.12215 seconds
probability of topic_Staff_72 is 0.324111

gibbs sample time: 0.577648 seconds
probability of topic_Staff_186 is 0.467222

gibbs sample time: 0.094826 seconds
probability of topic_Course_34 is 0.548667

gibbs sample time: 0.290717 seconds
probability of topic_Course_81 is 0.538444

gibbs sample time: 0.343275 seconds
probability of topic_ResearchProject_90 is 0.565222

gibbs sample time: 0.097523 seconds
probability of topic_Department_79 is 0.571889

gibbs sample time: 4.62999 seconds
probability of topic_Staff_258 is 0.4

gibbs sample time: 0.064945 seconds
probability of topic_Student_82 is 0.518778

gibbs sample time: 1.67768 seconds
probability of topic_Person_87 is 0.608667

gibbs sample time: 0.370691 seconds
probability of topic_Department_90 is 0.541222

gibbs sample time: 0.496289 seconds
probability of topic_Student_31 is 0.560333

gibbs sample time: 0.064864 seconds
probability of topic_Faculty_26 is 0.598778

gibbs sample time: 5.13269 seconds
probability of topic_Department_30 is 0.468667

gibbs sample time: 2.15641 seconds
probability of topic_Staff_59 is 0.470556

gibbs sample time: 0.367247 seconds
probability of topic_ResearchProject_200 is 0.330556

gibbs sample time: 1.09919 seconds
probability of topic_Staff_164 is 0.447889

gibbs sample time: 0.332263 seconds
probability of topic_Course_90 is 0.395556

gibbs sample time: 0.094875 seconds
probability of topic_Person_14 is 0.449556

gibbs sample time: 4.92171 seconds
probability of topic_Person_91 is 0.335778

gibbs sample time: 0.128501 seconds
probability of topic_Department_37 is 0.354556

gibbs sample time: 0.254099 seconds
probability of topic_Staff_193 is 0.837556

gibbs sample time: 1.24751 seconds
probability of topic_Department_118 is 0.432222

gibbs sample time: 0.067393 seconds
probability of topic_ResearchProject_6 is 0.463

gibbs sample time: 0.065874 seconds
probability of topic_Faculty_66 is 0.408778

gibbs sample time: 1.22319 seconds
probability of topic_Department_41 is 0.370333

gibbs sample time: 1.23349 seconds
probability of topic_Department_72 is 0.328444

gibbs sample time: 0.064892 seconds
probability of topic_Student_99 is 0.47

gibbs sample time: 0.09758 seconds
probability of topic_Department_97 is 0.702222

gibbs sample time: 0.591759 seconds
probability of topic_Department_8 is 0.656444

gibbs sample time: 0.592474 seconds
probability of topic_Person_111 is 0.649111

gibbs sample time: 2.18439 seconds
probability of topic_Course_59 is 0.618333

gibbs sample time: 0.094037 seconds
probability of topic_Course_88 is 0.517333

gibbs sample time: 2.21143 seconds
probability of topic_Course_126 is 0.349

gibbs sample time: 2.20424 seconds
probability of topic_Course_156 is 0.530333

gibbs sample time: 0.062308 seconds
probability of topic_Faculty_80 is 0.428222

gibbs sample time: 2.20616 seconds
probability of topic_Course_3 is 0.446222

gibbs sample time: 0.187038 seconds
probability of topic_Faculty_77 is 0.407333

gibbs sample time: 4.6863 seconds
probability of topic_Staff_376 is 0.453333

gibbs sample time: 1.7125 seconds
probability of topic_Department_129 is 0.547333

gibbs sample time: 0.675562 seconds
probability of topic_Student_4 is 0.604889

gibbs sample time: 0.061923 seconds
probability of topic_Course_26 is 0.568333

gibbs sample time: 5.13874 seconds
probability of topic_Course_199 is 0.452778

gibbs sample time: 2.27358 seconds
probability of topic_Department_217 is 0.532

gibbs sample time: 0.098893 seconds
probability of topic_Department_51 is 0.457

gibbs sample time: 0.064508 seconds
probability of topic_Person_99 is 0.406222

gibbs sample time: 0.436552 seconds
probability of topic_Staff_92 is 0.371333

gibbs sample time: 0.106164 seconds
probability of topic_Faculty_88 is 0.563667

gibbs sample time: 0.102455 seconds
probability of topic_ResearchProject_85 is 0.298556

gibbs sample time: 0.06229 seconds
probability of topic_Faculty_98 is 0.432667

gibbs sample time: 0.380631 seconds
probability of topic_ResearchProject_7 is 0.325778

gibbs sample time: 0.062854 seconds
probability of topic_Student_75 is 0.462889

gibbs sample time: 0.066406 seconds
probability of topic_ResearchProject_9 is 0.641444

gibbs sample time: 0.099548 seconds
probability of topic_Student_34 is 0.599222

gibbs sample time: 0.337232 seconds
probability of topic_Department_231 is 0.457111

gibbs sample time: 2.21035 seconds
probability of topic_Course_114 is 0.424

gibbs sample time: 0.131786 seconds
probability of topic_Student_23 is 0.213222

gibbs sample time: 0.877155 seconds
probability of topic_ResearchProject_186 is 0.399

gibbs sample time: 0.065507 seconds
probability of topic_ResearchProject_16 is 0.496778

gibbs sample time: 0.064815 seconds
probability of topic_Person_43 is 0.488111

gibbs sample time: 4.779 seconds
probability of topic_Faculty_155 is 0.614222

gibbs sample time: 0.338046 seconds
probability of topic_Department_25 is 0.278333

gibbs sample time: 4.76073 seconds
probability of topic_Faculty_157 is 0.521222

