observed tuples: r3380 r465 r4745 r4908 r511 r3157 r1907 r258 r1135 r3362 r2465 r2222 r3656 r4130 r1262 r2992 r50 r4296 r3982 r3392 r3653 r4427 r3347 r1403 r3900 r2396 r1987 r2874 r3078 r576 r2805 r4775 r3052 r1660 r4001 r4739 r3589 r3519 r2765 r3192 r4920 r3092 r2525 r3366 r1575 r3313 r260 r1256 r2492 r810 r4208 r2354 r1063 r3348 r543 r1004 r2741 r3315 r4444 r3898 r1976 r3923 r3879 r4108 r2115 r549 r3361 r3673 r3224 r3472 r4243 r2042 r1491 r294 r1812 r3400 r734 r559 r3319 r3710 r1931 r2612 r2230 r3435 r4396 r2586 r2618 r4571 r1389 r2127 r4367 r2161 r4755 r3927 r1524 r4101 r232 r1609 r4224 r3783 r4234 r2472 r78 r620 r929 r3857 r3998 r3574 r1873 r263 r4609 r3866 r299 r1823 r3437 r3535 r2952 r3711 r4688 r3247 r2431 r1189 r2049 r2763 r1103 r1452 r1428 r3184 r3167 r980 r4146 r2697 r3819 r2376 r1490 r1916 r3388 r1462 r4612 r4082 r4768 r2143 r127 r1897 r2125 r2875 r4891 r721 r651 r4838 r3418 r3793 r4503 r4273 r23 r4632 r4629 r4425 r3038 r2804 r1985 r4894 r2831 r4565 r155 r1104 r4743 r702 r2947 r4237 r1320 r2644 r2436 r1788 r4871 r1787 r3425 r798 r3475 r2382 r2746 r558 r2274 r3559 r3013 r1726 r423 r1471 r3246 r1832 r4067 r3474 r2795 r3786 r1070 r2173 r2014 r3344 r1353 r304 r859 r3386 r3800 r1634 r2660 r1782 r3720 r3363 r3893 r1984 r3831 r3810 r4334 r2769 r3042 r4666 r897 r3745 r1558 r3308 r2245 r60 r2636 r165 r4030 r2006 r126 r46 r999 r4744 r1380 r3961 r3222 r3420 r3986 r3268 r1479 r3799 r861 r3196 r2265 r2781 r359 r2794 r2847 r4150 r2394 r1469 r1709 r2876 r2011 r3611 r593 r3641 r4848 r1772 r2835 r4222 r2390 r2153 r2264 r1838 r1626 r677 r374 r1994 r2483 r919 r2509 r3787 r1083 r3068 r1180 r4712 r248 r2756 r1149 r4156 r297 r561 r2543 r3083 r3160 r4329 r2039 r3621 r2873 r3695 r568 r4676 r378 r2981 r146 r4353 r1669 r3735 r4317 r4771 r143 r724 r3662 hasword_paper_26 r4211 r591 r4749 r986 r2355 r2604 r3914 r2255 r2720 r2884 r339 r400 r3410 r2471 r427 r1284 hasword_univers_12 r3239 links_155_133 r1805 r1774 hasword_includ_155 hasword_case_155 r347 hasword_email_157 hasword_address_157 r2414 r728 r3975 r180 r4393 r3708 r941 r4205 r4929 r3661 r1113 r3070 r1764 r1430 r3636 r162 r2825 r3565 r584 r1217 links_81_20 r2320 hasword_complex_20 r2343 r3856 hasword_press_20 r3031 r666 r2429 r218 r3931 r2461 r2229 r2680 r1545 r1019 r2138 links_155_169 r1506 r1887 r485 r224 r1431 r3234 r3462 r3508 r2269 r3864 r2701 r2623 r484 r2678 r2527 r4568 r3084 r341 r1955 r3176 r1910 r2389 r2215 r4483 r4445 r4071 r1811 r2647 r2177 r1339 r3021 r659 r4906 r1530 r3828 links_19_49 hasword_html_19 r4912 r3278 r1155 r1147 r4852 r4923 r628 r4604 r650 r1269 r1550 r1305 r4865 r2099 r4163 r2067 r3548 r4332 r1675 r354 r2367 r1157 r3539 r1390 hasword_oct_11 r982 r4000 r967 r2967 r3394 r914 r4365 r2791 r717 r4066 r2841 r1570 r950 r544 r3566 r3168 r2865 r4165 r2673 r1900 r3152 r2642 r4070 r136 r1299 r2950 r2458 r2667 r4438 r4144 r3492 r2349 r3547 r4863 r404 r1258 r4635 hasword_real_31 hasword_write_31 r3040 r3205 r1057 r2616 r3794 r4120 hasword_colleg_38 r3704 r1003 r893 r3252 hasword_mechan_23 r305 r799 r750 hasword_creat_96 hasword_show_200 links_4_111 r3784 r2516 r536 links_186_327 hasword_algorithm_186 links_50_146 links_55_73 r1979 r123 r754 r2818 r784 hasword_principl_83 r3583 r3431 r1768 hasword_mime_86 hasword_task_47 r227 hasword_base_47 r2321 r1098 hasword_intellig_47 r3017 r2796 links_42_186 r1642 hasword_modifi_110 r3345 r4842 hasword_environ_53 hasword_date_53 r4718 r4487 links_31_92 hasword_written_353 hasword_ta_24 r4726 r3130 hasword_unit_57 r1133 r411 hasword_tuesdai_65 r2799 hasword_numer_119 r737 r858 r2449 r2973 r1829 links_48_180 r3 hasword_base_94 links_126_59 r2333 links_57_272 r1360 links_57_61 r1893 hasword_john_116 r3253 r302 r4972 hasword_unit_7 r520 r644 r3237 r161 hasword_show_77 r1898 r1695 r518 links_13_187 hasword_student_94 r2913 hasword_univers_187 hasword_student_134 r836 hasword_logic_187 r942 r3440 r230 hasword_window_99 r272 hasword_phone_78 r840 r3426 r1001 hasword_network_73 r3757 r2927 hasword_pointer_85 r1385 hasword_bound_52 r809 r2549 hasword_common_52 hasword_parallel_72 r2859 links_164_209 hasword_faculti_33 r3562 r2118 hasword_made_90 r4706 r4854 r823 r4770 hasword_paul_61 r930 hasword_text_21 r3256 hasword_univers_88 r2714 r3221 r3546 hasword_propos_32 hasword_utexa_110 r4231 r4648 links_130_110 r1719 r3769 r4129 r3044 r4258 r1638 r2857 r4428 r2862 hasword_postscript_17 r3016 r3969 r1833 r4845 r797 r1753 links_41_106 r2588 links_12_155 r2111 r1195 r3816 r424 r1377 r1520 hasword_architectur_118 r2949 hasword_set_42 r356 r818 links_209_33 hasword_modifi_25 links_29_28 r2043 r300 r7 r3853 r2448 links_29_102 r2050 links_50_28 hasword_gmt_5 r3377 links_50_29 r3978 r273 r1906 r212 r1494 r4654 hasword_robot_1 r121 hasword_provid_28 r681 hasword_modifi_134 r790 r192 links_134_11 r2060 r2640 r142 hasword_area_17 r2358 r1828 r3749 r3290 r450 r3534 r3312 r1006 r829 r2276 hasword_www_180 hasword_system_29 r1944 r351 r9 r842 r2668 r353 r2830 r4075 r2597 hasword_contact_272 r961 r2733 r3947 r4458 r4177 r4180 r282 r4817 r2591 hasword_resourc_78 r2706 r3894 r2029 links_59_217 r2999 hasword_class_59 r1025 r3303 r381 r2316 r4531 hasword_lab_111 r3423 r4195 r615 hasword_wide_37 links_28_102 hasword_develop_10 hasword_space_25 r478 r3236 r4225 hasword_jan_8 r2114 hasword_confer_9 hasword_graduat_4 links_11_67 r3887 r4512 r2198 r2736 hasword_form_77 r4484 hasword_jan_42 r62 hasword_intern_47 hasword_de_4 r4619 r4465 hasword_nov_62 r1332 r4680 r489 r1465 r3806 r256 hasword_autom_105 r2279 r4174 r4875 hasword_put_77 hasword_respons_200 hasword_type_129 r4527 hasword_mail_209 r1132 hasword_support_111 r1270 r29 links_93_116 r3729 r4045 hasword_cern_111 r3873 r990 r3836 r3518 hasword_utexa_47 r3191 r337 hasword_depart_146 r1807 r4806 r775 r4970 r238 r672 hasword_mondai_18 hasword_queri_76 hasword_comput_129 hasword_gmt_76 r3393 hasword_nation_55 links_33_209 hasword_discuss_288 r2384 hasword_develop_174 r3592 links_8_110 links_116_93 r1856 r3807 links_87_35 r1164 hasword_train_180 links_136_30 r3707 r4658 r1953 r4413 r722 r4837 hasword_type_168 r476 hasword_onlin_88 hasword_page_97 r1342 r3019 r4019 r2893 r4077 hasword_contact_17 r4656 r1287 r2093 hasword_jan_5 r2345 r440 r1254 hasword_file_56 r2727 hasword_transfer_12 hasword_prototyp_7 r342 links_87_10 r4637 hasword_area_28 links_129_87 r4967 hasword_mime_244 r1043 hasword_librari_3 r1282 r1969 r1554 r3524 r843 r33 r3516 links_90_200 r3397 r847 r2722 r4111 hasword_logic_7 hasword_nov_19 links_31_120 hasword_austin_129 r3271 hasword_jan_79 r1012 r2921 links_125_136 hasword_current_35 r991 r2456 hasword_april_4 hasword_member_164 hasword_dynam_27 r3563 r4173 hasword_engin_87 r3844 r1386 r1093 r214 r2084 r3834 hasword_richard_7 r75 r3818 r3141 hasword_date_74 r4987 r1543 r3342 r4665 r609 r3690 r1075 hasword_number_30 r4938 hasword_utexa_130 links_111_58 r1439 r1566 hasword_approxim_7 r4140 r2628 hasword_univers_69 links_168_57 hasword_content_40 hasword_type_136 r4563 hasword_india_68 r187 r3428 hasword_group_115 hasword_wide_50 r3201 hasword_train_7 links_110_130 r4459 hasword_induct_7 r3934 hasword_time_72 r1487 r3384 hasword_definit_21 r2444 r210 hasword_nov_77 links_186_105 links_126_3 r2908 r455 hasword_algorithm_84 r978 r2352 hasword_paramet_20 hasword_austin_32 links_209_164 r912 r4126 r3188 links_78_258 hasword_test_125 hasword_constraint_76 r3422 hasword_lab_89 r794 r1261 r2698 hasword_experi_92 r1700 r3718 hasword_deriv_65 r960 hasword_jan_32 hasword_jan_27 hasword_check_111 r4600 hasword_faq_55 r1961 r2467 r1450 links_29_50 r4533 hasword_wait_52 r4873 hasword_cern_15 r3719 r4948 hasword_wide_35 r495 r1285 r298 r2020 r889 r3907 hasword_build_58 hasword_small_126 r2705 hasword_univers_327 r2168 hasword_hall_102 r4628 r2774 r1470 hasword_score_3 r3901 r2823 r70 r2575 r2581 r4494 r4312 r2088 r24 hasword_implement_126 hasword_parallel_231 r4490 r2486 r1475 hasword_event_35 r1073 r1921 r3007 hasword_gmt_50 hasword_texa_6 r2405 r1435 hasword_manag_25 r4732 r1688 r4954 r4603 r1364 r4405 r2803 links_102_50 r2896 links_30_136 r1775 r1193 r3185 links_17_244 hasword_html_46 r4324 r769 r1674 links_136_125 hasword_investig_106 r1366 r946 hasword_music_52 hasword_begin_102 r1498 r4434 r2417 r4820 r4857 hasword_includ_13 r2066 hasword_length_258 r2610 hasword_educ_95 hasword_plan_2 r4683 r4740 r1940 r831 r1099 r3169 rl r3813 r2864 r1236 hasword_storag_3 r4610 hasword_direct_63 r2520 r1304 hasword_engin_42 r4960 r603 hasword_line_4 r4196 hasword_add_14 links_2_199 hasword_program_105 r4735 r2559 r2712 hasword_ed_42 r1989 r419 r2253 r4939 r2452 r1880 r2267 hasword_docum_79 r51 hasword_complet_32 r1202 links_57_168 r1560 r2528 r4159 r325 r2554 links_50_102 r219 r4816 r205 r2842 links_126_54 r621 r4366 r1176 hasword_mondai_68 r3902 r4123 r1179 hasword_utexa_146 hasword_program_70 r2112 hasword_gmt_67 r2629 r741 r3338 r2070 r4835 r4488 r1703 r4033 r469 r3918 r2102 r872 r3966 links_59_126 links_110_8 links_156_126 hasword_left_75 r1325 links_54_114 r4922 hasword_content_36 r565 hasword_announc_217 links_155_157 r2589 r1031 r4062 r4139 r3335 r3954 hasword_proceed_95 hasword_implem_156 r4117 hasword_open_111 links_172_209 r2984 r4323 r4021 hasword_ed_129 r4 hasword_document_92 r4995 hasword_server_64 r876 hasword_dynam_3 r2671 links_41_118 r4431 links_3_156 r2521 r1934 hasword_orient_126 r834 r4807 hasword_larg_126 r2752 r3622 r854 r510 hasword_collect_52 r147 r2517 links_126_156 hasword_institut_169 r1295 r4841 r3330 r4589 r4692 r4118 links_212_180 r955 hasword_lab_199 r1427 r2821 links_199_18 links_65_119 links_199_212 r4943 r349 r1445 hasword_work_71 r2242 r3576 hasword_size_200 r3137 r4213 r1913 links_2_169 r1526 r3510 links_129_244 hasword_version_296 r4750 hasword_order_47 r2266 r1243 r206 hasword_string_42 links_78_180 r1211 r4181 hasword_point_155 hasword_effici_42 r4651 links_209_36 r2083 r2100 hasword_great_63 r4573 r1914 r2630 hasword_window_39 hasword_chapter_60 r231 r181 r1229 r392 r1116 r1891 r1525 r4924 r1078 r4216 r1810 r900 hasword_mondai_85 hasword_ftp_174 r1089 hasword_server_66 r1277 r966 links_106_41 r2085 r3748 r1437 hasword_resourc_2 r3935 hasword_html_118 hasword_june_118 r2235 r303 r1707 hasword_process_36 hasword_version_41 r3655 hasword_major_41 links_41_174 links_41_72 r4089 r2478 r2734 hasword_austin_69 r144 hasword_aug_98 r1333 hasword_architectur_7 r2840 r4286 hasword_dec_212 r2561 r4584 r3601 hasword_html_92 r4966 hasword_date_172 hasword_univers_146 r2565 r3050 r3501 hasword_sequenc_43 r3979 r408 r4232 r3478 r2233 r3365 hasword_gmt_37 r4855 r3081 r2337 r4104 r56 r3736 r2608 r4777 hasword_mime_114 r1370 hasword_ph_34 r4558 r1237 r1409 r388 hasword_tx_133 r3632 r3076 links_133_24 r913 r631 links_24_133 r3186 links_91_45 r2780 r3067 links_209_172 hasword_text_22 r4209 r1276 hasword_machin_22 r1376 r3725 r4092 r1334 r10 hasword_utexa_54 r2263 hasword_jan_97 r1546 r4358 r3536 r3950 r4535 r3416 hasword_move_48 hasword_text_45 r2534 r4509 hasword_materi_23 links_244_288 links_45_48 hasword_consist_49 r3590 r3244 links_155_199 r3409 r3082 r4304 r2814 r962 links_28_50 r2719 r1032 r3433 hasword_suggest_91 hasword_texa_91 links_91_180 r4093 r3468 r795 hasword_version_18 hasword_artifici_145 r2415 links_145_244 r4782 hasword_position_17 links_17_145 r837 r1748 r261 r2018 r2888 r3512 links_25_231 r4392 links_41_115 r4953 r2710 r1809 r4107 r2533 r1028 r3768 hasword_room_30 r4653 r760 r3202 r1871 r2844 r896 r1580 r4473 r4824 r2580 r3343 r2176 r4452 r4194 r2395 r2750 hasword_oct_44 r2726 r309 hasword_fridai_39 r1895 r3724 links_89_180 r4149 r4463 r1227 r1615 r1468 r4993 r3415 r4022 links_13_296 r2170 r2889 r2055 hasword_provid_200 r882 r74 r22 r1321 r4616 r606 r2096 r3465 r2854 r1410 hasword_wa_15 hasword_text_51 r642 hasword_sourc_64 r3383 r4341 r3360 r2117 r176 r3276 r3298 r3905 r1737 r4572 hasword_past_32 hasword_limit_32 r4730 r4492 r2816 hasword_equal_52 r2767 hasword_count_52 r2757 hasword_version_82 r3692 r4996 r4290 r2815 r2428 r1860 hasword_process_63 r1424 r2211 r1441 r3520 r4227 r1124 hasword_form_94 r917 r1937 r2909 r3600 links_78_353 r4731 r3025 r3144 hasword_dynam_47 r4031 r4879 r201 r1017 r246 hasword_effici_51 r3183 r1489 r3255 hasword_maintain_69 hasword_solution_14 r4371 r4257 r2829 r1246 r3194 r55 r1266 r2241 r4645 hasword_dynam_11 r1718 r4300 r4606 links_10_129 r1354 r993 r69 r3897 r4076 r2624 r4065 r1225 r3875 r105 r1601 hasword_elem_18 r2785 r3195 hasword_base_1 r2611 links_11_134 r3069 r710 r4976 r573 r3558 r4081 r2826 r2446 r3088 r3664 r2964 hasword_instruct_81 r4560 r358 r4372 hasword_server_136 r1557 r1184 r3555 r1996 r2236 r2347 r2942 r1763 r1678 r4379 r4843 r2880 r4307 r2303 r1603 hasword_html_94 hasword_jan_120 hasword_mon_94 r3785 r1136 r1574 r2792 r1696 r3689 r346 r3451 hasword_articl_25 r1357 r1319 r4074 r1024 r1911 r2885 r4800 r2270 hasword_author_93 r2812 hasword_techniqu_89 r3882 r2000 r365 hasword_chang_63 r4542 r39 r4642 r845 r3014 r1061 r3728 r2926 r753 r413 r4919 r3405 r1622 r3628 r1402 hasword_date_80 r4678 hasword_manag_16 hasword_date_23 
size of observed tuples: 1574
size of unobserved tuples: 976

gibbs sample time: 3.32445 seconds
probability of topic_Faculty_91 is 0.426222

gibbs sample time: 1.05889 seconds
probability of topic_Student_174 is 0.520222

gibbs sample time: 1.05507 seconds
probability of topic_Student_115 is 0.467

gibbs sample time: 1.05279 seconds
probability of topic_Student_41 is 0.358222

gibbs sample time: 0.123128 seconds
probability of topic_Faculty_23 is 0.420333

gibbs sample time: 0.058934 seconds
probability of topic_Faculty_34 is 0.470222

gibbs sample time: 0.059268 seconds
probability of topic_Department_74 is 0.489222

gibbs sample time: 3.13655 seconds
probability of topic_Staff_155 is 0.444444

gibbs sample time: 0.060053 seconds
probability of topic_Student_16 is 0.421444

gibbs sample time: 0.062457 seconds
probability of topic_Department_71 is 0.456778

gibbs sample time: 0.06026 seconds
probability of topic_Faculty_84 is 0.544667

gibbs sample time: 0.238745 seconds
probability of topic_Course_119 is 0.483

gibbs sample time: 0.060599 seconds
probability of topic_ResearchProject_43 is 0.492

gibbs sample time: 1.43738 seconds
probability of topic_Staff_145 is 0.461444

gibbs sample time: 0.652749 seconds
probability of topic_Faculty_105 is 0.417556

gibbs sample time: 0.662366 seconds
probability of topic_Faculty_327 is 0.581

gibbs sample time: 0.703566 seconds
probability of topic_Faculty_186 is 0.534

gibbs sample time: 0.204678 seconds
probability of topic_Staff_13 is 0.493

gibbs sample time: 0.061418 seconds
probability of topic_Course_82 is 0.399444

gibbs sample time: 0.411284 seconds
probability of topic_Department_187 is 0.620111

gibbs sample time: 0.40961 seconds
probability of topic_Department_296 is 0.428444

gibbs sample time: 0.421674 seconds
probability of topic_Department_13 is 0.571444

gibbs sample time: 0.586607 seconds
probability of topic_ResearchProject_136 is 0.371222

gibbs sample time: 0.059091 seconds
probability of topic_Course_66 is 0.434333

gibbs sample time: 1.00192 seconds
probability of topic_Person_106 is 0.645222

gibbs sample time: 1.06768 seconds
probability of topic_Person_41 is 0.371778

gibbs sample time: 0.17835 seconds
probability of topic_Person_52 is 0.514556

gibbs sample time: 0.272343 seconds
probability of topic_Faculty_200 is 0.549444

gibbs sample time: 0.27163 seconds
probability of topic_Faculty_90 is 0.532667

gibbs sample time: 0.18798 seconds
probability of topic_ResearchProject_47 is 0.494667

gibbs sample time: 3.14704 seconds
probability of topic_Staff_133 is 0.507

gibbs sample time: 3.17226 seconds
probability of topic_Staff_24 is 0.491444

gibbs sample time: 0.582594 seconds
probability of topic_Student_168 is 0.489111

gibbs sample time: 0.580177 seconds
probability of topic_Student_272 is 0.466111

gibbs sample time: 0.577546 seconds
probability of topic_Student_57 is 0.485778

gibbs sample time: 0.062304 seconds
probability of topic_Student_26 is 0.415444

gibbs sample time: 3.22236 seconds
probability of topic_Person_353 is 0.656889

gibbs sample time: 3.25513 seconds
probability of topic_Person_78 is 0.434667

gibbs sample time: 0.182573 seconds
probability of topic_Department_94 is 0.610333

gibbs sample time: 0.656974 seconds
probability of topic_Faculty_42 is 0.519333

gibbs sample time: 0.545591 seconds
probability of topic_Person_110 is 0.476667

gibbs sample time: 0.54352 seconds
probability of topic_Person_8 is 0.512444

gibbs sample time: 0.06195 seconds
probability of topic_Department_96 is 0.453333

gibbs sample time: 0.060936 seconds
probability of topic_Student_84 is 0.434333

gibbs sample time: 0.093057 seconds
probability of topic_Faculty_79 is 0.492

gibbs sample time: 0.058677 seconds
probability of topic_Course_60 is 0.477222

gibbs sample time: 0.056536 seconds
probability of topic_Person_74 is 0.497889

gibbs sample time: 0.254261 seconds
probability of topic_Faculty_47 is 0.593333

gibbs sample time: 0.05641 seconds
probability of topic_Student_6 is 0.531778

gibbs sample time: 0.091139 seconds
probability of topic_Department_85 is 0.402

gibbs sample time: 3.31655 seconds
probability of topic_Student_157 is 0.481667

gibbs sample time: 3.34133 seconds
probability of topic_Student_155 is 0.187889

gibbs sample time: 3.44317 seconds
probability of topic_Student_12 is 0.586222

gibbs sample time: 0.062483 seconds
probability of topic_Department_22 is 0.478222

gibbs sample time: 0.061496 seconds
probability of topic_Department_66 is 0.482889

gibbs sample time: 0.058791 seconds
probability of topic_Staff_38 is 0.425333

gibbs sample time: 0.059597 seconds
probability of topic_Student_71 is 0.596667

gibbs sample time: 3.33952 seconds
probability of topic_ResearchProject_89 is 0.352889

gibbs sample time: 0.061201 seconds
probability of topic_Student_43 is 0.469889

gibbs sample time: 0.058044 seconds
probability of topic_Staff_26 is 0.523667

gibbs sample time: 0.237667 seconds
probability of topic_Faculty_19 is 0.374889

gibbs sample time: 0.089354 seconds
probability of topic_Student_95 is 0.529778

gibbs sample time: 0.124065 seconds
probability of topic_Department_69 is 0.445778

gibbs sample time: 0.060836 seconds
probability of topic_ResearchProject_84 is 0.397889

gibbs sample time: 0.060802 seconds
probability of topic_Course_84 is 0.494333

gibbs sample time: 0.275461 seconds
probability of topic_Course_7 is 0.377778

gibbs sample time: 0.083079 seconds
probability of topic_Course_37 is 0.408444

gibbs sample time: 0.056383 seconds
probability of topic_Faculty_6 is 0.477333

gibbs sample time: 0.219203 seconds
probability of topic_Department_32 is 0.598889

gibbs sample time: 0.060499 seconds
probability of topic_Faculty_43 is 0.550111

gibbs sample time: 0.096335 seconds
probability of topic_Student_85 is 0.385

gibbs sample time: 0.093988 seconds
probability of topic_Student_53 is 0.451889

gibbs sample time: 0.062606 seconds
probability of topic_Student_22 is 0.623222

gibbs sample time: 0.091931 seconds
probability of topic_Department_37 is 0.397

gibbs sample time: 0.120216 seconds
probability of topic_Staff_23 is 0.399

gibbs sample time: 1.54844 seconds
probability of topic_Course_129 is 0.470667

gibbs sample time: 1.5525 seconds
probability of topic_Course_10 is 0.464889

gibbs sample time: 1.54584 seconds
probability of topic_Course_87 is 0.359556

gibbs sample time: 0.294889 seconds
probability of topic_Faculty_116 is 0.437111

gibbs sample time: 0.29432 seconds
probability of topic_Faculty_93 is 0.423333

gibbs sample time: 1.00409 seconds
probability of topic_Person_72 is 0.551778

gibbs sample time: 0.558319 seconds
probability of topic_Course_4 is 0.375222

gibbs sample time: 0.12472 seconds
probability of topic_Department_76 is 0.447333

gibbs sample time: 0.157195 seconds
probability of topic_Faculty_63 is 0.443333

gibbs sample time: 0.395925 seconds
probability of topic_Faculty_187 is 0.650667

gibbs sample time: 0.395168 seconds
probability of topic_Faculty_296 is 0.427778

gibbs sample time: 0.395002 seconds
probability of topic_Faculty_13 is 0.539889

gibbs sample time: 0.0918 seconds
probability of topic_ResearchProject_68 is 0.291444

gibbs sample time: 0.060752 seconds
probability of topic_ResearchProject_38 is 0.479222

gibbs sample time: 0.083201 seconds
probability of topic_Person_5 is 0.497111

gibbs sample time: 0.211919 seconds
probability of topic_Student_119 is 0.466667

gibbs sample time: 0.211013 seconds
probability of topic_Student_65 is 0.559667

gibbs sample time: 3.30016 seconds
probability of topic_Student_18 is 0.343

gibbs sample time: 3.33731 seconds
probability of topic_Student_169 is 0.367667

gibbs sample time: 3.35943 seconds
probability of topic_Student_2 is 0.471333

gibbs sample time: 0.058275 seconds
probability of topic_Person_60 is 0.471556

gibbs sample time: 0.056599 seconds
probability of topic_Course_86 is 0.408778

gibbs sample time: 1.55588 seconds
probability of topic_Course_35 is 0.483444

gibbs sample time: 3.38583 seconds
probability of topic_ResearchProject_91 is 0.532778

gibbs sample time: 0.0949 seconds
probability of topic_ResearchProject_37 is 0.37

gibbs sample time: 0.093896 seconds
probability of topic_Faculty_14 is 0.462667

gibbs sample time: 0.058934 seconds
probability of topic_Staff_16 is 0.564889

gibbs sample time: 1.41371 seconds
probability of topic_Student_114 is 0.537333

gibbs sample time: 3.39039 seconds
probability of topic_Course_48 is 0.432222

gibbs sample time: 1.40205 seconds
probability of topic_Student_217 is 0.397

gibbs sample time: 0.29279 seconds
probability of topic_Person_49 is 0.534889

gibbs sample time: 0.059394 seconds
probability of topic_Course_9 is 0.451556

gibbs sample time: 0.430373 seconds
probability of topic_Faculty_92 is 0.387222

gibbs sample time: 0.060999 seconds
probability of topic_Department_84 is 0.419333

gibbs sample time: 0.060295 seconds
probability of topic_Faculty_83 is 0.483333

gibbs sample time: 0.284028 seconds
probability of topic_Faculty_25 is 0.340889

gibbs sample time: 0.09195 seconds
probability of topic_ResearchProject_5 is 0.407222

gibbs sample time: 3.22172 seconds
probability of topic_Person_18 is 0.223

gibbs sample time: 1.40864 seconds
probability of topic_Student_54 is 0.499889

gibbs sample time: 0.056626 seconds
probability of topic_Staff_34 is 0.597

gibbs sample time: 0.086235 seconds
probability of topic_Course_14 is 0.596333

gibbs sample time: 0.934857 seconds
probability of topic_Person_36 is 0.392778

gibbs sample time: 0.060321 seconds
probability of topic_ResearchProject_99 is 0.556

gibbs sample time: 0.567873 seconds
probability of topic_Department_4 is 0.576444

gibbs sample time: 0.58367 seconds
probability of topic_Course_272 is 0.415778

gibbs sample time: 0.164198 seconds
probability of topic_ResearchProject_63 is 0.653889

gibbs sample time: 1.41041 seconds
probability of topic_Student_156 is 0.449222

gibbs sample time: 1.41606 seconds
probability of topic_Course_54 is 0.501667

gibbs sample time: 1.28941 seconds
probability of topic_ResearchProject_29 is 0.386556

gibbs sample time: 1.32958 seconds
probability of topic_Faculty_29 is 0.404111

gibbs sample time: 3.17798 seconds
probability of topic_Staff_2 is 0.444333

gibbs sample time: 1.34135 seconds
probability of topic_Student_28 is 0.453444

gibbs sample time: 3.34401 seconds
probability of topic_ResearchProject_48 is 0.831

gibbs sample time: 0.121284 seconds
probability of topic_Faculty_69 is 0.523

gibbs sample time: 0.587098 seconds
probability of topic_Course_125 is 0.450333

gibbs sample time: 0.20689 seconds
probability of topic_Staff_32 is 0.448333

gibbs sample time: 1.05343 seconds
probability of topic_Course_106 is 0.503444

gibbs sample time: 1.05193 seconds
probability of topic_Course_118 is 0.391222

gibbs sample time: 0.060192 seconds
probability of topic_Faculty_38 is 0.470222

gibbs sample time: 1.05119 seconds
probability of topic_Course_41 is 0.311

gibbs sample time: 3.22261 seconds
probability of topic_Faculty_133 is 0.496444

gibbs sample time: 0.593104 seconds
probability of topic_Department_272 is 0.454222

gibbs sample time: 1.56731 seconds
probability of topic_Student_145 is 0.479444

gibbs sample time: 3.17014 seconds
probability of topic_Staff_12 is 0.489556

gibbs sample time: 0.056139 seconds
probability of topic_Staff_79 is 0.577889

gibbs sample time: 0.199884 seconds
probability of topic_Staff_55 is 0.443222

gibbs sample time: 0.058863 seconds
probability of topic_Person_40 is 0.483333

gibbs sample time: 0.058443 seconds
probability of topic_Person_70 is 0.460111

gibbs sample time: 0.540263 seconds
probability of topic_Person_136 is 0.479111

gibbs sample time: 3.48272 seconds
probability of topic_Department_24 is 0.504222

gibbs sample time: 0.28395 seconds
probability of topic_Faculty_81 is 0.452889

gibbs sample time: 0.183022 seconds
probability of topic_Student_94 is 0.509556

gibbs sample time: 3.44847 seconds
probability of topic_Department_199 is 0.370889

gibbs sample time: 0.058019 seconds
probability of topic_Staff_88 is 0.643222

gibbs sample time: 1.11459 seconds
probability of topic_ResearchProject_3 is 0.460778

gibbs sample time: 3.44843 seconds
probability of topic_Department_89 is 0.308889

gibbs sample time: 3.21274 seconds
probability of topic_Faculty_24 is 0.479

gibbs sample time: 0.286329 seconds
probability of topic_Staff_116 is 0.467889

gibbs sample time: 0.301469 seconds
probability of topic_Staff_93 is 0.500111

gibbs sample time: 0.099934 seconds
probability of topic_Student_88 is 0.684333

gibbs sample time: 0.413492 seconds
probability of topic_Staff_120 is 0.588111

gibbs sample time: 1.22565 seconds
probability of topic_Person_156 is 0.496778

gibbs sample time: 0.94816 seconds
probability of topic_ResearchProject_172 is 0.446

gibbs sample time: 0.679535 seconds
probability of topic_Person_105 is 0.383333

gibbs sample time: 1.29317 seconds
probability of topic_Person_126 is 0.571333

gibbs sample time: 0.242088 seconds
probability of topic_Student_55 is 0.531222

gibbs sample time: 0.520183 seconds
probability of topic_ResearchProject_67 is 0.462889

gibbs sample time: 0.994188 seconds
probability of topic_ResearchProject_72 is 0.433222

gibbs sample time: 1.41178 seconds
probability of topic_Faculty_59 is 0.454111

gibbs sample time: 0.495035 seconds
probability of topic_Student_67 is 0.509111

gibbs sample time: 1.52787 seconds
probability of topic_Course_145 is 0.530222

gibbs sample time: 0.478384 seconds
probability of topic_Staff_42 is 0.576

gibbs sample time: 0.932232 seconds
probability of topic_Student_164 is 0.587222

gibbs sample time: 0.503898 seconds
probability of topic_Person_134 is 0.625222

gibbs sample time: 0.929589 seconds
probability of topic_Student_209 is 0.567556

gibbs sample time: 0.468578 seconds
probability of topic_Department_134 is 0.718

gibbs sample time: 0.058546 seconds
probability of topic_Person_84 is 0.442333

gibbs sample time: 0.082747 seconds
probability of topic_Student_1 is 0.354556

gibbs sample time: 0.583352 seconds
probability of topic_Department_61 is 0.315556

gibbs sample time: 1.3199 seconds
probability of topic_Faculty_50 is 0.437111

gibbs sample time: 1.39626 seconds
probability of topic_Student_126 is 0.589

gibbs sample time: 0.212639 seconds
probability of topic_Student_52 is 0.432111

gibbs sample time: 1.57199 seconds
probability of topic_Department_17 is 0.307333

gibbs sample time: 3.19161 seconds
probability of topic_Faculty_12 is 0.552778

gibbs sample time: 0.238557 seconds
probability of topic_Course_65 is 0.533444

gibbs sample time: 1.22374 seconds
probability of topic_Person_59 is 0.545556

gibbs sample time: 0.241947 seconds
probability of topic_Person_119 is 0.503222

gibbs sample time: 0.567896 seconds
probability of topic_Student_58 is 0.403222

gibbs sample time: 3.45958 seconds
probability of topic_Department_2 is 0.460222

gibbs sample time: 1.06668 seconds
probability of topic_Faculty_72 is 0.589778

gibbs sample time: 0.539611 seconds
probability of topic_Student_8 is 0.528333

gibbs sample time: 0.094705 seconds
probability of topic_Department_95 is 0.459889

gibbs sample time: 0.865377 seconds
probability of topic_Staff_36 is 0.371

gibbs sample time: 0.063837 seconds
probability of topic_Student_96 is 0.436667

gibbs sample time: 0.067052 seconds
probability of topic_Faculty_96 is 0.471889

gibbs sample time: 1.34755 seconds
probability of topic_Course_29 is 0.667333

gibbs sample time: 0.085746 seconds
probability of topic_Person_51 is 0.51

gibbs sample time: 0.224948 seconds
probability of topic_Course_55 is 0.429778

gibbs sample time: 0.093775 seconds
probability of topic_Student_64 is 0.423333

gibbs sample time: 1.00577 seconds
probability of topic_Faculty_36 is 0.436444

gibbs sample time: 0.060208 seconds
probability of topic_Student_40 is 0.487222

gibbs sample time: 0.089183 seconds
probability of topic_Student_68 is 0.362222

gibbs sample time: 0.389336 seconds
probability of topic_Course_187 is 0.560556

gibbs sample time: 1.0406 seconds
probability of topic_Course_72 is 0.395556

gibbs sample time: 3.21088 seconds
probability of topic_Person_258 is 0.501444

gibbs sample time: 0.953624 seconds
probability of topic_Department_164 is 0.375778

gibbs sample time: 0.389422 seconds
probability of topic_Course_296 is 0.423667

gibbs sample time: 0.391338 seconds
probability of topic_Course_13 is 0.442222

gibbs sample time: 0.664593 seconds
probability of topic_Course_327 is 0.56

gibbs sample time: 1.52997 seconds
probability of topic_Course_244 is 0.448778

gibbs sample time: 0.533337 seconds
probability of topic_Course_110 is 0.429111

gibbs sample time: 0.091608 seconds
probability of topic_Department_21 is 0.456556

gibbs sample time: 0.056295 seconds
probability of topic_Person_71 is 0.661889

gibbs sample time: 0.057971 seconds
probability of topic_Course_85 is 0.538778

gibbs sample time: 0.209655 seconds
probability of topic_ResearchProject_55 is 0.386444

gibbs sample time: 3.20356 seconds
probability of topic_Person_180 is 0.594778

gibbs sample time: 3.20491 seconds
probability of topic_Person_89 is 0.481778

gibbs sample time: 0.205623 seconds
probability of topic_Staff_52 is 0.443333

gibbs sample time: 0.094453 seconds
probability of topic_Department_64 is 0.386444

gibbs sample time: 3.31696 seconds
probability of topic_ResearchProject_12 is 0.331556

gibbs sample time: 1.33656 seconds
probability of topic_Course_146 is 0.555889

gibbs sample time: 3.29524 seconds
probability of topic_Course_45 is 0.416889

gibbs sample time: 0.44911 seconds
probability of topic_Course_67 is 0.440333

gibbs sample time: 0.082897 seconds
probability of topic_Staff_15 is 0.441778

gibbs sample time: 0.232007 seconds
probability of topic_Person_55 is 0.560111

gibbs sample time: 0.059037 seconds
probability of topic_Course_80 is 0.428667

gibbs sample time: 0.090526 seconds
probability of topic_Department_15 is 0.399444

gibbs sample time: 0.583535 seconds
probability of topic_Course_168 is 0.412667

gibbs sample time: 0.994914 seconds
probability of topic_ResearchProject_174 is 0.524444

gibbs sample time: 0.05991 seconds
probability of topic_Student_66 is 0.490444

gibbs sample time: 0.05595 seconds
probability of topic_Person_86 is 0.514111

gibbs sample time: 0.089482 seconds
probability of topic_Student_97 is 0.630111

gibbs sample time: 0.093272 seconds
probability of topic_ResearchProject_39 is 0.667778

gibbs sample time: 1.56639 seconds
probability of topic_Student_288 is 0.454444

gibbs sample time: 0.427692 seconds
probability of topic_Faculty_120 is 0.506889

gibbs sample time: 0.058914 seconds
probability of topic_Faculty_71 is 0.521222

gibbs sample time: 0.056086 seconds
probability of topic_Course_44 is 0.496778

gibbs sample time: 1.57259 seconds
probability of topic_Department_87 is 0.476444

gibbs sample time: 0.679936 seconds
probability of topic_Person_327 is 0.637889

gibbs sample time: 1.55477 seconds
probability of topic_Person_129 is 0.553556

gibbs sample time: 1.39774 seconds
probability of topic_Student_3 is 0.247778

gibbs sample time: 3.20028 seconds
probability of topic_Person_12 is 0.602667

gibbs sample time: 0.866012 seconds
probability of topic_Staff_209 is 0.547556

gibbs sample time: 0.058527 seconds
probability of topic_ResearchProject_74 is 0.442444

gibbs sample time: 1.33213 seconds
probability of topic_Course_50 is 0.391667

gibbs sample time: 0.548327 seconds
probability of topic_Faculty_125 is 0.516667

gibbs sample time: 1.25083 seconds
probability of topic_Staff_50 is 0.393889

gibbs sample time: 1.29861 seconds
probability of topic_Department_29 is 0.354778

gibbs sample time: 0.060784 seconds
probability of topic_Course_40 is 0.423778

gibbs sample time: 0.169073 seconds
probability of topic_Person_94 is 0.156778

gibbs sample time: 0.058549 seconds
probability of topic_Student_80 is 0.481444

gibbs sample time: 3.19415 seconds
probability of topic_Faculty_353 is 0.513889

gibbs sample time: 0.08927 seconds
probability of topic_Faculty_39 is 0.384222

gibbs sample time: 1.47834 seconds
probability of topic_Department_156 is 0.487333

gibbs sample time: 0.058531 seconds
probability of topic_Person_83 is 0.525556

gibbs sample time: 1.28274 seconds
probability of topic_Person_28 is 0.454333

gibbs sample time: 0.241844 seconds
probability of topic_Person_47 is 0.211556

gibbs sample time: 1.22531 seconds
probability of topic_Person_3 is 0.359556

gibbs sample time: 0.533709 seconds
probability of topic_Course_8 is 0.466

gibbs sample time: 0.977877 seconds
probability of topic_Staff_106 is 0.673

gibbs sample time: 0.569667 seconds
probability of topic_Faculty_58 is 0.565333

gibbs sample time: 0.267491 seconds
probability of topic_Course_25 is 0.333444

gibbs sample time: 0.0619 seconds
probability of topic_ResearchProject_15 is 0.509111

gibbs sample time: 0.057838 seconds
probability of topic_Person_38 is 0.361444

gibbs sample time: 3.20376 seconds
probability of topic_Faculty_169 is 0.585111

gibbs sample time: 0.29112 seconds
probability of topic_ResearchProject_93 is 0.415667

gibbs sample time: 0.444062 seconds
probability of topic_Faculty_168 is 0.412

gibbs sample time: 0.066113 seconds
probability of topic_Staff_82 is 0.402667

gibbs sample time: 3.14585 seconds
probability of topic_Staff_199 is 0.443111

gibbs sample time: 0.05995 seconds
probability of topic_ResearchProject_82 is 0.485667

gibbs sample time: 1.41415 seconds
probability of topic_Faculty_156 is 0.507556

gibbs sample time: 0.090824 seconds
probability of topic_ResearchProject_64 is 0.415778

gibbs sample time: 0.609445 seconds
probability of topic_ResearchProject_168 is 0.434444

gibbs sample time: 0.061087 seconds
probability of topic_Department_99 is 0.429556

gibbs sample time: 0.226147 seconds
probability of topic_Course_73 is 0.418444

gibbs sample time: 0.18791 seconds
probability of topic_Student_32 is 0.722444

gibbs sample time: 0.520943 seconds
probability of topic_ResearchProject_11 is 0.323667

gibbs sample time: 0.555648 seconds
probability of topic_Course_111 is 0.321444

gibbs sample time: 0.266191 seconds
probability of topic_Student_81 is 0.572111

gibbs sample time: 1.31775 seconds
probability of topic_Student_29 is 0.533222

gibbs sample time: 0.468387 seconds
probability of topic_Department_11 is 0.477667

gibbs sample time: 0.579804 seconds
probability of topic_Course_30 is 0.369778

gibbs sample time: 1.55554 seconds
probability of topic_Person_244 is 0.530889

gibbs sample time: 0.66691 seconds
probability of topic_Student_42 is 0.558778

gibbs sample time: 1.06605 seconds
probability of topic_Faculty_174 is 0.672333

gibbs sample time: 0.232091 seconds
probability of topic_Staff_119 is 0.584444

gibbs sample time: 0.058445 seconds
probability of topic_Faculty_86 is 0.433222

gibbs sample time: 0.059424 seconds
probability of topic_Faculty_75 is 0.492

gibbs sample time: 1.5412 seconds
probability of topic_ResearchProject_10 is 0.532111

gibbs sample time: 0.54425 seconds
probability of topic_Person_272 is 0.497111

gibbs sample time: 0.931335 seconds
probability of topic_Student_33 is 0.328

gibbs sample time: 0.897484 seconds
probability of topic_Course_209 is 0.660333

gibbs sample time: 0.055657 seconds
probability of topic_Course_6 is 0.500111

gibbs sample time: 0.26906 seconds
probability of topic_ResearchProject_81 is 0.451889

gibbs sample time: 0.088834 seconds
probability of topic_Faculty_27 is 0.506333

gibbs sample time: 0.152292 seconds
probability of topic_ResearchProject_25 is 0.545111

gibbs sample time: 0.22484 seconds
probability of topic_Staff_49 is 0.506444

gibbs sample time: 0.516637 seconds
probability of topic_Faculty_11 is 0.591889

gibbs sample time: 0.58625 seconds
probability of topic_Department_125 is 0.457889

gibbs sample time: 3.2754 seconds
probability of topic_Student_48 is 0.264222

gibbs sample time: 0.0897 seconds
probability of topic_Course_39 is 0.516778

gibbs sample time: 0.085751 seconds
probability of topic_Course_79 is 0.537222

gibbs sample time: 0.116296 seconds
probability of topic_Staff_76 is 0.421778

gibbs sample time: 0.085492 seconds
probability of topic_Staff_22 is 0.491778

gibbs sample time: 0.241195 seconds
probability of topic_Department_55 is 0.513889

gibbs sample time: 0.121953 seconds
probability of topic_ResearchProject_69 is 0.338

gibbs sample time: 0.898883 seconds
probability of topic_Course_172 is 0.417111

gibbs sample time: 0.578377 seconds
probability of topic_ResearchProject_125 is 0.488111

gibbs sample time: 0.056361 seconds
probability of topic_Person_80 is 0.499444

gibbs sample time: 0.898238 seconds
probability of topic_Course_164 is 0.490333

gibbs sample time: 0.058424 seconds
probability of topic_Student_62 is 0.711667

gibbs sample time: 3.21693 seconds
probability of topic_Person_2 is 0.285444

gibbs sample time: 0.058076 seconds
probability of topic_Staff_99 is 0.445889

gibbs sample time: 0.666136 seconds
probability of topic_Student_105 is 0.383889

gibbs sample time: 0.899137 seconds
probability of topic_Course_36 is 0.312556

gibbs sample time: 3.12587 seconds
probability of topic_Staff_180 is 0.596111

gibbs sample time: 0.707138 seconds
probability of topic_Department_327 is 0.628667

gibbs sample time: 1.04604 seconds
probability of topic_Staff_41 is 0.353556

gibbs sample time: 0.995201 seconds
probability of topic_ResearchProject_41 is 0.394222

gibbs sample time: 0.178557 seconds
probability of topic_Person_7 is 0.458889

gibbs sample time: 0.546029 seconds
probability of topic_Faculty_8 is 0.486889

gibbs sample time: 1.08413 seconds
probability of topic_Department_115 is 0.448222

gibbs sample time: 1.04654 seconds
probability of topic_Student_106 is 0.510778

gibbs sample time: 0.058065 seconds
probability of topic_Person_16 is 0.495444

gibbs sample time: 1.36892 seconds
probability of topic_Staff_217 is 0.495444

gibbs sample time: 0.607442 seconds
probability of topic_ResearchProject_61 is 0.497667

gibbs sample time: 0.301061 seconds
probability of topic_Student_25 is 0.400444

gibbs sample time: 0.060804 seconds
probability of topic_Department_38 is 0.569111

gibbs sample time: 3.26922 seconds
probability of topic_Student_45 is 0.514667

gibbs sample time: 0.441893 seconds
probability of topic_Person_120 is 0.521889

gibbs sample time: 1.27289 seconds
probability of topic_ResearchProject_146 is 0.292333

gibbs sample time: 0.989686 seconds
probability of topic_Person_115 is 0.421444

gibbs sample time: 0.061239 seconds
probability of topic_Course_43 is 0.468667

gibbs sample time: 1.54072 seconds
probability of topic_Student_129 is 0.539333

gibbs sample time: 1.42604 seconds
probability of topic_Staff_10 is 0.506111

gibbs sample time: 3.46181 seconds
probability of topic_Department_212 is 0.375778

gibbs sample time: 0.290742 seconds
probability of topic_ResearchProject_116 is 0.514222

gibbs sample time: 0.060964 seconds
probability of topic_Department_43 is 0.477444

gibbs sample time: 0.056676 seconds
probability of topic_Person_34 is 0.659444

gibbs sample time: 0.308451 seconds
probability of topic_Student_116 is 0.434667

gibbs sample time: 3.20362 seconds
probability of topic_Person_199 is 0.528

gibbs sample time: 0.284205 seconds
probability of topic_Department_20 is 0.483333

gibbs sample time: 1.42608 seconds
probability of topic_Staff_244 is 0.439889

gibbs sample time: 0.55234 seconds
probability of topic_Student_130 is 0.497444

gibbs sample time: 0.089961 seconds
probability of topic_ResearchProject_97 is 0.468222

gibbs sample time: 1.28157 seconds
probability of topic_ResearchProject_50 is 0.386111

gibbs sample time: 3.53167 seconds
probability of topic_Department_180 is 0.700778

gibbs sample time: 0.60975 seconds
probability of topic_ResearchProject_272 is 0.534556

gibbs sample time: 1.34489 seconds
probability of topic_Course_102 is 0.416667

gibbs sample time: 3.27594 seconds
probability of topic_Student_212 is 0.054

gibbs sample time: 0.059583 seconds
probability of topic_Department_86 is 0.428778

gibbs sample time: 0.57879 seconds
probability of topic_ResearchProject_30 is 0.471889

gibbs sample time: 0.93405 seconds
probability of topic_Person_172 is 0.491667

gibbs sample time: 0.089044 seconds
probability of topic_ResearchProject_53 is 0.493444

gibbs sample time: 0.994499 seconds
probability of topic_ResearchProject_115 is 0.673889

gibbs sample time: 1.11269 seconds
probability of topic_ResearchProject_217 is 0.563444

gibbs sample time: 0.055839 seconds
probability of topic_Course_51 is 0.424111

gibbs sample time: 0.988149 seconds
probability of topic_Person_174 is 0.53

gibbs sample time: 3.29085 seconds
probability of topic_Course_180 is 0.479889

gibbs sample time: 1.27317 seconds
probability of topic_ResearchProject_28 is 0.448333

gibbs sample time: 3.30899 seconds
probability of topic_ResearchProject_133 is 0.488778

gibbs sample time: 1.08074 seconds
probability of topic_Department_174 is 0.768889

gibbs sample time: 0.145827 seconds
probability of topic_Department_77 is 0.577667

gibbs sample time: 1.42527 seconds
probability of topic_Staff_129 is 0.447444

gibbs sample time: 3.45451 seconds
probability of topic_Department_169 is 0.786111

gibbs sample time: 0.08952 seconds
probability of topic_Student_79 is 0.412778

gibbs sample time: 1.12332 seconds
probability of topic_ResearchProject_156 is 0.445778

gibbs sample time: 0.707608 seconds
probability of topic_Department_186 is 0.389889

gibbs sample time: 0.091743 seconds
probability of topic_Student_27 is 0.496111

gibbs sample time: 0.09187 seconds
probability of topic_Department_27 is 0.651667

gibbs sample time: 0.977518 seconds
probability of topic_Staff_118 is 0.473444

gibbs sample time: 0.457799 seconds
probability of topic_Department_120 is 0.668667

gibbs sample time: 0.058192 seconds
probability of topic_Student_9 is 0.473222

gibbs sample time: 1.06492 seconds
probability of topic_Faculty_118 is 0.380444

gibbs sample time: 3.29124 seconds
probability of topic_Course_353 is 0.459

gibbs sample time: 3.30495 seconds
probability of topic_Course_89 is 0.454778

gibbs sample time: 0.191518 seconds
probability of topic_Staff_73 is 0.599778

gibbs sample time: 0.056262 seconds
probability of topic_Staff_98 is 0.440222

gibbs sample time: 0.090523 seconds
probability of topic_Person_53 is 0.521444

gibbs sample time: 0.283075 seconds
probability of topic_Person_116 is 0.373667

gibbs sample time: 0.058995 seconds
probability of topic_Faculty_62 is 0.504444

gibbs sample time: 0.235784 seconds
probability of topic_Person_13 is 0.379111

gibbs sample time: 1.56936 seconds
probability of topic_Department_288 is 0.455222

gibbs sample time: 1.42707 seconds
probability of topic_Staff_87 is 0.541

gibbs sample time: 0.060255 seconds
probability of topic_ResearchProject_26 is 0.618222

gibbs sample time: 0.058427 seconds
probability of topic_Faculty_74 is 0.422444

gibbs sample time: 0.060304 seconds
probability of topic_Staff_9 is 0.492778

gibbs sample time: 0.395739 seconds
probability of topic_Student_296 is 0.544889

gibbs sample time: 0.200622 seconds
probability of topic_Staff_296 is 0.413222

gibbs sample time: 0.57216 seconds
probability of topic_Student_125 is 0.566778

gibbs sample time: 0.056126 seconds
probability of topic_Course_71 is 0.462889

gibbs sample time: 3.32709 seconds
probability of topic_ResearchProject_180 is 0.672222

gibbs sample time: 1.47666 seconds
probability of topic_Department_126 is 0.379

gibbs sample time: 0.056001 seconds
probability of topic_Course_21 is 0.414889

gibbs sample time: 0.085381 seconds
probability of topic_Staff_14 is 0.520333

gibbs sample time: 0.236735 seconds
probability of topic_Faculty_49 is 0.518333

gibbs sample time: 0.993836 seconds
probability of topic_ResearchProject_118 is 0.464333

gibbs sample time: 0.15182 seconds
probability of topic_Course_63 is 0.379444

gibbs sample time: 0.086073 seconds
probability of topic_Staff_27 is 0.594889

gibbs sample time: 0.582954 seconds
probability of topic_Course_57 is 0.499556

gibbs sample time: 1.52722 seconds
probability of topic_Course_288 is 0.439556

gibbs sample time: 0.593535 seconds
probability of topic_ResearchProject_58 is 0.584556

gibbs sample time: 0.545661 seconds
probability of topic_Person_61 is 0.548111

gibbs sample time: 3.30255 seconds
probability of topic_ResearchProject_169 is 0.561556

gibbs sample time: 0.087636 seconds
probability of topic_Person_15 is 0.529778

gibbs sample time: 1.57323 seconds
probability of topic_Department_35 is 0.384556

gibbs sample time: 0.090622 seconds
probability of topic_Staff_85 is 0.281222

gibbs sample time: 0.543718 seconds
probability of topic_Person_168 is 0.487333

gibbs sample time: 0.242738 seconds
probability of topic_Department_73 is 0.460111

gibbs sample time: 0.058457 seconds
probability of topic_ResearchProject_46 is 0.420111

gibbs sample time: 0.056205 seconds
probability of topic_Person_44 is 0.548556

gibbs sample time: 0.05813 seconds
probability of topic_Course_99 is 0.605

gibbs sample time: 1.39646 seconds
probability of topic_Student_59 is 0.590222

gibbs sample time: 0.237958 seconds
probability of topic_ResearchProject_19 is 0.538

gibbs sample time: 3.46186 seconds
probability of topic_Department_133 is 0.518222

gibbs sample time: 0.086627 seconds
probability of topic_Person_76 is 0.527444

gibbs sample time: 0.176651 seconds
probability of topic_ResearchProject_94 is 0.195111

gibbs sample time: 3.28859 seconds
probability of topic_Course_24 is 0.567667

gibbs sample time: 1.31862 seconds
probability of topic_Student_146 is 0.642778

gibbs sample time: 0.231185 seconds
probability of topic_Person_73 is 0.655333

gibbs sample time: 0.055924 seconds
probability of topic_Person_46 is 0.476444

gibbs sample time: 0.056047 seconds
probability of topic_Staff_74 is 0.450444

gibbs sample time: 0.082512 seconds
probability of topic_Faculty_5 is 0.407333

gibbs sample time: 0.089038 seconds
probability of topic_ResearchProject_14 is 0.393222

gibbs sample time: 0.592487 seconds
probability of topic_ResearchProject_111 is 0.333

gibbs sample time: 0.537026 seconds
probability of topic_Person_30 is 0.497889

gibbs sample time: 0.572381 seconds
probability of topic_Student_136 is 0.480556

gibbs sample time: 3.44408 seconds
probability of topic_Department_48 is 0.514222

gibbs sample time: 0.09021 seconds
probability of topic_Course_95 is 0.481

gibbs sample time: 0.141976 seconds
probability of topic_Student_77 is 0.625778

gibbs sample time: 0.209007 seconds
probability of topic_ResearchProject_73 is 0.501889

gibbs sample time: 0.217125 seconds
probability of topic_ResearchProject_52 is 0.385

gibbs sample time: 3.26515 seconds
probability of topic_Student_199 is 0.606889

gibbs sample time: 0.572231 seconds
probability of topic_Student_30 is 0.480889

gibbs sample time: 0.290524 seconds
probability of topic_Staff_200 is 0.568111

gibbs sample time: 0.503941 seconds
probability of topic_Person_11 is 0.53

gibbs sample time: 0.056199 seconds
probability of topic_Course_27 is 0.478778

gibbs sample time: 0.591717 seconds
probability of topic_ResearchProject_4 is 0.350667

gibbs sample time: 0.546596 seconds
probability of topic_Faculty_110 is 0.422444

gibbs sample time: 0.294791 seconds
probability of topic_Person_25 is 0.439556

gibbs sample time: 0.089665 seconds
probability of topic_Person_22 is 0.58

gibbs sample time: 0.059937 seconds
probability of topic_ResearchProject_66 is 0.43

gibbs sample time: 0.86633 seconds
probability of topic_Staff_172 is 0.448111

gibbs sample time: 0.087424 seconds
probability of topic_Person_68 is 0.302

gibbs sample time: 1.52966 seconds
probability of topic_Course_17 is 0.311444

gibbs sample time: 0.430616 seconds
probability of topic_Faculty_31 is 0.520667

gibbs sample time: 0.278366 seconds
probability of topic_Department_7 is 0.278333

gibbs sample time: 0.086781 seconds
probability of topic_Course_64 is 0.349778

gibbs sample time: 0.146839 seconds
probability of topic_Person_63 is 0.288889

gibbs sample time: 1.54291 seconds
probability of topic_Student_87 is 0.585778

gibbs sample time: 0.0608 seconds
probability of topic_Department_9 is 0.500667

gibbs sample time: 1.57476 seconds
probability of topic_Department_244 is 0.463

gibbs sample time: 0.706432 seconds
probability of topic_Department_105 is 0.570778

gibbs sample time: 1.24894 seconds
probability of topic_Staff_28 is 0.554333

gibbs sample time: 0.247854 seconds
probability of topic_Faculty_52 is 0.690778

gibbs sample time: 3.18936 seconds
probability of topic_Staff_78 is 0.669889

gibbs sample time: 0.481219 seconds
probability of topic_ResearchProject_130 is 0.501

gibbs sample time: 0.061 seconds
probability of topic_Department_16 is 0.419444

gibbs sample time: 0.058478 seconds
probability of topic_Course_74 is 0.421222

gibbs sample time: 1.54239 seconds
probability of topic_Student_35 is 0.808333

gibbs sample time: 0.202526 seconds
probability of topic_Course_52 is 0.402667

gibbs sample time: 3.43976 seconds
probability of topic_Department_12 is 0.588111

gibbs sample time: 0.056482 seconds
probability of topic_Person_98 is 0.567667

gibbs sample time: 0.059667 seconds
probability of topic_Department_14 is 0.484889

gibbs sample time: 0.119399 seconds
probability of topic_Person_69 is 0.546778

gibbs sample time: 0.411833 seconds
probability of topic_Staff_31 is 0.473

gibbs sample time: 1.54316 seconds
probability of topic_Student_17 is 0.450778

gibbs sample time: 0.060229 seconds
probability of topic_ResearchProject_70 is 0.408778

gibbs sample time: 0.058731 seconds
probability of topic_Student_74 is 0.495

gibbs sample time: 0.666243 seconds
probability of topic_Student_327 is 0.622222

gibbs sample time: 0.059365 seconds
probability of topic_Department_56 is 0.48

gibbs sample time: 0.301845 seconds
probability of topic_Department_200 is 0.320778

gibbs sample time: 0.710533 seconds
probability of topic_Department_42 is 0.634111

gibbs sample time: 1.32069 seconds
probability of topic_Student_50 is 0.583111

gibbs sample time: 1.57004 seconds
probability of topic_Department_10 is 0.420667

gibbs sample time: 0.178009 seconds
probability of topic_Staff_94 is 0.067

gibbs sample time: 0.058465 seconds
probability of topic_Student_56 is 0.413

gibbs sample time: 3.30986 seconds
probability of topic_ResearchProject_353 is 0.640333

gibbs sample time: 0.581631 seconds
probability of topic_Department_57 is 0.525

gibbs sample time: 0.085477 seconds
probability of topic_Person_95 is 0.475556

gibbs sample time: 0.54733 seconds
probability of topic_Faculty_130 is 0.507889

gibbs sample time: 0.441364 seconds
probability of topic_Person_31 is 0.603222

gibbs sample time: 0.608925 seconds
probability of topic_ResearchProject_57 is 0.486

gibbs sample time: 1.28345 seconds
probability of topic_Person_29 is 0.525222

gibbs sample time: 0.082558 seconds
probability of topic_Staff_37 is 0.409333

gibbs sample time: 1.11393 seconds
probability of topic_ResearchProject_59 is 0.457333

gibbs sample time: 1.22368 seconds
probability of topic_Person_114 is 0.522778

gibbs sample time: 0.993585 seconds
probability of topic_ResearchProject_106 is 0.504

gibbs sample time: 0.061505 seconds
probability of topic_Department_70 is 0.570333

gibbs sample time: 1.24812 seconds
probability of topic_Staff_146 is 0.560889

gibbs sample time: 0.08624 seconds
probability of topic_Person_79 is 0.545667

gibbs sample time: 1.55029 seconds
probability of topic_Faculty_129 is 0.379111

gibbs sample time: 1.52283 seconds
probability of topic_Staff_35 is 0.485556

gibbs sample time: 0.060793 seconds
probability of topic_Department_82 is 0.422111

gibbs sample time: 1.2478 seconds
probability of topic_Staff_102 is 0.515333

gibbs sample time: 1.24646 seconds
probability of topic_Staff_29 is 0.491333

gibbs sample time: 0.581089 seconds
probability of topic_Course_136 is 0.346667

gibbs sample time: 0.086954 seconds
probability of topic_Staff_69 is 0.453444

gibbs sample time: 3.29732 seconds
probability of topic_Course_258 is 0.460889

gibbs sample time: 0.058864 seconds
probability of topic_ResearchProject_75 is 0.505444

gibbs sample time: 1.68098 seconds
probability of topic_Person_288 is 0.439667

gibbs sample time: 3.22823 seconds
probability of topic_Faculty_180 is 0.668

gibbs sample time: 0.059185 seconds
probability of topic_ResearchProject_34 is 0.406667

gibbs sample time: 0.087048 seconds
probability of topic_Student_5 is 0.527667

gibbs sample time: 0.992527 seconds
probability of topic_Person_118 is 0.583

gibbs sample time: 3.20993 seconds
probability of topic_Person_48 is 0.497667

gibbs sample time: 0.666811 seconds
probability of topic_Student_186 is 0.424111

gibbs sample time: 0.493087 seconds
probability of topic_Student_134 is 0.758778

gibbs sample time: 0.583151 seconds
probability of topic_Course_61 is 0.445111

gibbs sample time: 0.290143 seconds
probability of topic_Staff_90 is 0.594222

gibbs sample time: 0.240562 seconds
probability of topic_Person_65 is 0.477889

gibbs sample time: 1.54898 seconds
probability of topic_Faculty_145 is 0.485556

gibbs sample time: 0.057701 seconds
probability of topic_Course_96 is 0.407778

gibbs sample time: 3.19285 seconds
probability of topic_Faculty_2 is 0.354333

gibbs sample time: 1.4113 seconds
probability of topic_Faculty_217 is 0.485667

gibbs sample time: 1.54113 seconds
probability of topic_ResearchProject_129 is 0.357889

gibbs sample time: 3.21567 seconds
probability of topic_Faculty_199 is 0.460111

gibbs sample time: 0.088755 seconds
probability of topic_Student_76 is 0.517778

gibbs sample time: 1.54092 seconds
probability of topic_ResearchProject_87 is 0.428889

gibbs sample time: 0.3784 seconds
probability of topic_ResearchProject_296 is 0.483667

gibbs sample time: 0.54266 seconds
probability of topic_Department_110 is 0.386667

gibbs sample time: 0.30137 seconds
probability of topic_Student_231 is 0.545556

gibbs sample time: 0.092617 seconds
probability of topic_ResearchProject_27 is 0.414444

gibbs sample time: 0.237933 seconds
probability of topic_Student_49 is 0.572556

gibbs sample time: 0.086741 seconds
probability of topic_Staff_95 is 0.536222

gibbs sample time: 0.117503 seconds
probability of topic_Staff_63 is 0.328667

gibbs sample time: 0.245765 seconds
probability of topic_Faculty_65 is 0.329667

gibbs sample time: 0.5518 seconds
probability of topic_Staff_30 is 0.514333

gibbs sample time: 0.056163 seconds
probability of topic_Person_75 is 0.475111

gibbs sample time: 1.31571 seconds
probability of topic_Student_102 is 0.570111

gibbs sample time: 1.03814 seconds
probability of topic_Course_174 is 0.477778

gibbs sample time: 0.307279 seconds
probability of topic_Student_93 is 0.222778

gibbs sample time: 0.089194 seconds
probability of topic_ResearchProject_22 is 0.356111

gibbs sample time: 1.06561 seconds
probability of topic_Faculty_115 is 0.473222

gibbs sample time: 0.095114 seconds
probability of topic_Department_68 is 0.402889

gibbs sample time: 0.086196 seconds
probability of topic_Person_64 is 0.418889

gibbs sample time: 1.54167 seconds
probability of topic_ResearchProject_35 is 0.395111

gibbs sample time: 0.266476 seconds
probability of topic_Student_20 is 0.427778

gibbs sample time: 1.04247 seconds
probability of topic_Course_115 is 0.679333

gibbs sample time: 0.092757 seconds
probability of topic_ResearchProject_51 is 0.442444

gibbs sample time: 1.54946 seconds
probability of topic_Faculty_35 is 0.518333

gibbs sample time: 0.089997 seconds
probability of topic_Staff_68 is 0.343889

gibbs sample time: 0.977262 seconds
probability of topic_Staff_174 is 0.464222

gibbs sample time: 0.089845 seconds
probability of topic_ResearchProject_79 is 0.420889

gibbs sample time: 0.150135 seconds
probability of topic_Department_63 is 0.362556

gibbs sample time: 0.584203 seconds
probability of topic_Department_136 is 0.463444

gibbs sample time: 1.31895 seconds
probability of topic_Faculty_28 is 0.549444

gibbs sample time: 0.447826 seconds
probability of topic_Course_92 is 0.345778

gibbs sample time: 0.05996 seconds
probability of topic_Student_21 is 0.462556

gibbs sample time: 0.086562 seconds
probability of topic_Course_97 is 0.558111

gibbs sample time: 0.060949 seconds
probability of topic_Department_40 is 0.485556

gibbs sample time: 3.13197 seconds
probability of topic_Staff_353 is 0.467444

gibbs sample time: 3.14783 seconds
probability of topic_Staff_48 is 0.579111

gibbs sample time: 0.532736 seconds
probability of topic_Course_130 is 0.499111

gibbs sample time: 1.41399 seconds
probability of topic_Faculty_54 is 0.497111

gibbs sample time: 0.271714 seconds
probability of topic_Course_200 is 0.320222

gibbs sample time: 1.41256 seconds
probability of topic_Faculty_3 is 0.562333

gibbs sample time: 0.491992 seconds
probability of topic_Student_11 is 0.486444

gibbs sample time: 3.14042 seconds
probability of topic_Staff_89 is 0.441556

gibbs sample time: 3.29252 seconds
probability of topic_Course_133 is 0.510111

gibbs sample time: 0.518001 seconds
probability of topic_ResearchProject_134 is 0.360444

gibbs sample time: 0.53643 seconds
probability of topic_Person_125 is 0.498111

gibbs sample time: 1.27343 seconds
probability of topic_ResearchProject_102 is 0.445111

gibbs sample time: 0.301544 seconds
probability of topic_Staff_25 is 0.367444

gibbs sample time: 0.06301 seconds
probability of topic_Department_46 is 0.496556

gibbs sample time: 1.07903 seconds
probability of topic_Department_106 is 0.469444

gibbs sample time: 0.204965 seconds
probability of topic_Staff_7 is 0.470556

gibbs sample time: 1.55358 seconds
probability of topic_Person_17 is 0.484444

gibbs sample time: 0.060929 seconds
probability of topic_Student_44 is 0.538667

gibbs sample time: 0.295641 seconds
probability of topic_Course_116 is 0.479889

gibbs sample time: 0.930158 seconds
probability of topic_Student_172 is 0.493

gibbs sample time: 0.979076 seconds
probability of topic_Staff_115 is 0.541667

gibbs sample time: 0.056041 seconds
probability of topic_Course_53 is 0.421667

gibbs sample time: 0.235237 seconds
probability of topic_Student_73 is 0.652111

gibbs sample time: 0.201792 seconds
probability of topic_Course_47 is 0.500444

gibbs sample time: 0.467717 seconds
probability of topic_Department_67 is 0.494333

gibbs sample time: 0.058351 seconds
probability of topic_Course_70 is 0.578

gibbs sample time: 0.088772 seconds
probability of topic_Faculty_21 is 0.355

gibbs sample time: 0.538966 seconds
probability of topic_Student_110 is 0.504222

gibbs sample time: 0.449133 seconds
probability of topic_Course_11 is 0.492333

gibbs sample time: 0.058877 seconds
probability of topic_ResearchProject_21 is 0.435667

gibbs sample time: 0.096738 seconds
probability of topic_ResearchProject_88 is 0.362667

gibbs sample time: 0.060704 seconds
probability of topic_Staff_40 is 0.445778

gibbs sample time: 0.551248 seconds
probability of topic_Course_58 is 0.536556

gibbs sample time: 0.456954 seconds
probability of topic_Student_92 is 0.480333

gibbs sample time: 0.08613 seconds
probability of topic_Faculty_37 is 0.454778

gibbs sample time: 0.448244 seconds
probability of topic_Course_31 is 0.39

gibbs sample time: 0.569819 seconds
probability of topic_Faculty_4 is 0.509222

gibbs sample time: 0.058599 seconds
probability of topic_Faculty_46 is 0.386333

gibbs sample time: 0.055814 seconds
probability of topic_Person_56 is 0.359111

gibbs sample time: 0.511486 seconds
probability of topic_Staff_130 is 0.507444

gibbs sample time: 1.54067 seconds
probability of topic_Student_10 is 0.536556

gibbs sample time: 0.244146 seconds
probability of topic_ResearchProject_119 is 0.550111

gibbs sample time: 0.086904 seconds
probability of topic_Person_88 is 0.760333

gibbs sample time: 0.117244 seconds
probability of topic_Person_23 is 0.223111

gibbs sample time: 0.479732 seconds
probability of topic_ResearchProject_8 is 0.455333

gibbs sample time: 3.29137 seconds
probability of topic_Course_2 is 0.557111

gibbs sample time: 0.059718 seconds
probability of topic_Department_34 is 0.377333

gibbs sample time: 3.29281 seconds
probability of topic_Student_180 is 0.531

gibbs sample time: 0.28252 seconds
probability of topic_Faculty_231 is 0.532889

gibbs sample time: 0.085398 seconds
probability of topic_Staff_39 is 0.458778

gibbs sample time: 0.480458 seconds
probability of topic_ResearchProject_110 is 0.475

gibbs sample time: 3.32395 seconds
probability of topic_Course_169 is 0.488778

gibbs sample time: 0.062772 seconds
probability of topic_Faculty_40 is 0.393111

gibbs sample time: 3.35319 seconds
probability of topic_Course_91 is 0.569111

gibbs sample time: 0.092938 seconds
probability of topic_Faculty_64 is 0.379

gibbs sample time: 0.119119 seconds
probability of topic_ResearchProject_76 is 0.442778

gibbs sample time: 1.31963 seconds
probability of topic_Faculty_146 is 0.743

gibbs sample time: 0.568823 seconds
probability of topic_Student_111 is 0.691222

gibbs sample time: 1.4134 seconds
probability of topic_Faculty_114 is 0.442111

gibbs sample time: 1.55276 seconds
probability of topic_Person_145 is 0.428444

gibbs sample time: 0.137044 seconds
probability of topic_Person_77 is 0.636667

gibbs sample time: 3.20106 seconds
probability of topic_Person_169 is 0.610889

gibbs sample time: 1.42545 seconds
probability of topic_Staff_17 is 0.606889

gibbs sample time: 3.2031 seconds
probability of topic_Person_212 is 0.057

gibbs sample time: 0.119223 seconds
probability of topic_Student_69 is 0.604444

gibbs sample time: 3.29714 seconds
probability of topic_Course_78 is 0.471222

gibbs sample time: 0.381583 seconds
probability of topic_ResearchProject_120 is 0.481

gibbs sample time: 1.41353 seconds
probability of topic_Faculty_126 is 0.406222

gibbs sample time: 3.32301 seconds
probability of topic_Course_157 is 0.364778

gibbs sample time: 0.05825 seconds
probability of topic_Faculty_56 is 0.446222

gibbs sample time: 0.457145 seconds
probability of topic_Student_120 is 0.534556

gibbs sample time: 0.232215 seconds
probability of topic_Staff_65 is 0.413444

gibbs sample time: 3.21622 seconds
probability of topic_Faculty_45 is 0.394444

gibbs sample time: 0.056307 seconds
probability of topic_Course_98 is 0.366444

gibbs sample time: 0.946958 seconds
probability of topic_ResearchProject_36 is 0.487556

gibbs sample time: 3.28237 seconds
probability of topic_Faculty_48 is 0.453778

gibbs sample time: 0.20502 seconds
probability of topic_Course_32 is 0.449667

gibbs sample time: 3.19612 seconds
probability of topic_Faculty_212 is 0.504444

gibbs sample time: 3.30089 seconds
probability of topic_Student_78 is 0.378111

gibbs sample time: 0.088963 seconds
probability of topic_Staff_21 is 0.440556

gibbs sample time: 0.086209 seconds
probability of topic_Student_37 is 0.599778

gibbs sample time: 3.26984 seconds
probability of topic_Student_91 is 0.421

gibbs sample time: 0.060509 seconds
probability of topic_ResearchProject_83 is 0.483667

gibbs sample time: 1.57157 seconds
probability of topic_Department_145 is 0.418889

gibbs sample time: 0.447906 seconds
probability of topic_Course_120 is 0.492

gibbs sample time: 0.05865 seconds
probability of topic_ResearchProject_44 is 0.372

gibbs sample time: 0.478545 seconds
probability of topic_Staff_105 is 0.601

gibbs sample time: 0.061941 seconds
probability of topic_Department_80 is 0.488

gibbs sample time: 0.087269 seconds
probability of topic_Faculty_15 is 0.461667

gibbs sample time: 0.173125 seconds
probability of topic_Course_94 is 0.277889

gibbs sample time: 0.952639 seconds
probability of topic_Department_33 is 0.791667

gibbs sample time: 1.542 seconds
probability of topic_ResearchProject_244 is 0.530889

gibbs sample time: 0.954273 seconds
probability of topic_Department_172 is 0.495

gibbs sample time: 0.952576 seconds
probability of topic_Department_36 is 0.447222

gibbs sample time: 0.940959 seconds
probability of topic_Faculty_33 is 0.608444

gibbs sample time: 0.940409 seconds
probability of topic_Faculty_209 is 0.455556

gibbs sample time: 0.941038 seconds
probability of topic_Faculty_164 is 0.542556

gibbs sample time: 0.24656 seconds
probability of topic_Department_19 is 0.594111

gibbs sample time: 0.897561 seconds
probability of topic_Course_33 is 0.576

gibbs sample time: 3.26833 seconds
probability of topic_Student_353 is 0.695444

gibbs sample time: 1.5569 seconds
probability of topic_Person_10 is 0.512

gibbs sample time: 0.283192 seconds
probability of topic_Faculty_20 is 0.535444

gibbs sample time: 0.662797 seconds
probability of topic_Course_42 is 0.214556

gibbs sample time: 0.085781 seconds
probability of topic_Person_39 is 0.242667

gibbs sample time: 0.666922 seconds
probability of topic_Course_186 is 0.482444

gibbs sample time: 0.668101 seconds
probability of topic_Course_105 is 0.560778

gibbs sample time: 0.058521 seconds
probability of topic_Staff_46 is 0.426

gibbs sample time: 0.436973 seconds
probability of topic_Faculty_61 is 0.469778

gibbs sample time: 0.940237 seconds
probability of topic_Faculty_172 is 0.421556

gibbs sample time: 1.55376 seconds
probability of topic_Person_35 is 0.753889

gibbs sample time: 0.295452 seconds
probability of topic_Person_231 is 0.559667

gibbs sample time: 0.501817 seconds
probability of topic_Person_58 is 0.477889

gibbs sample time: 0.53692 seconds
probability of topic_Person_130 is 0.488556

gibbs sample time: 0.552627 seconds
probability of topic_Staff_136 is 0.367889

gibbs sample time: 0.565974 seconds
probability of topic_Department_111 is 0.137889

gibbs sample time: 0.552858 seconds
probability of topic_Staff_125 is 0.503889

gibbs sample time: 0.581652 seconds
probability of topic_Department_168 is 0.468444

gibbs sample time: 0.058646 seconds
probability of topic_ResearchProject_80 is 0.444889

gibbs sample time: 0.058072 seconds
probability of topic_Staff_83 is 0.486889

gibbs sample time: 1.4082 seconds
probability of topic_Course_217 is 0.756444

gibbs sample time: 0.086905 seconds
probability of topic_Department_5 is 0.632556

gibbs sample time: 3.29563 seconds
probability of topic_ResearchProject_155 is 0.494333

gibbs sample time: 3.30742 seconds
probability of topic_ResearchProject_157 is 0.537889

gibbs sample time: 1.55017 seconds
probability of topic_Faculty_87 is 0.542444

gibbs sample time: 3.30727 seconds
probability of topic_ResearchProject_24 is 0.475667

gibbs sample time: 3.30653 seconds
probability of topic_ResearchProject_199 is 0.396

gibbs sample time: 3.32266 seconds
probability of topic_ResearchProject_18 is 0.286778

gibbs sample time: 0.091813 seconds
probability of topic_Department_88 is 0.559778

gibbs sample time: 1.48577 seconds
probability of topic_Department_3 is 0.472222

gibbs sample time: 3.306 seconds
probability of topic_ResearchProject_212 is 0.209111

gibbs sample time: 0.929457 seconds
probability of topic_Student_36 is 0.394556

gibbs sample time: 3.20235 seconds
probability of topic_Person_155 is 0.353889

gibbs sample time: 3.20112 seconds
probability of topic_Person_157 is 0.561889

gibbs sample time: 0.055837 seconds
probability of topic_Course_46 is 0.408667

gibbs sample time: 1.06423 seconds
probability of topic_Faculty_41 is 0.372111

gibbs sample time: 3.2003 seconds
probability of topic_Person_45 is 0.489

gibbs sample time: 0.237661 seconds
probability of topic_Student_19 is 0.691889

gibbs sample time: 0.089846 seconds
probability of topic_Person_85 is 0.264

gibbs sample time: 0.236655 seconds
probability of topic_Student_7 is 0.483222

gibbs sample time: 3.20216 seconds
probability of topic_Person_24 is 0.507778

gibbs sample time: 0.09508 seconds
probability of topic_ResearchProject_23 is 0.470333

gibbs sample time: 0.06109 seconds
probability of topic_Department_83 is 0.469889

gibbs sample time: 0.204865 seconds
probability of topic_Person_32 is 0.476333

gibbs sample time: 0.060707 seconds
probability of topic_Faculty_22 is 0.400444

gibbs sample time: 0.059336 seconds
probability of topic_Department_98 is 0.332667

gibbs sample time: 0.251223 seconds
probability of topic_Student_47 is 0.245444

gibbs sample time: 0.090202 seconds
probability of topic_Department_23 is 0.557333

gibbs sample time: 0.090046 seconds
probability of topic_Department_53 is 0.451333

gibbs sample time: 3.30479 seconds
probability of topic_ResearchProject_45 is 0.432333

gibbs sample time: 0.056037 seconds
probability of topic_Staff_75 is 0.533333

gibbs sample time: 0.058425 seconds
probability of topic_Course_83 is 0.607222

gibbs sample time: 0.058313 seconds
probability of topic_Student_86 is 0.532778

gibbs sample time: 0.058189 seconds
probability of topic_Person_96 is 0.458333

gibbs sample time: 0.210758 seconds
probability of topic_Faculty_32 is 0.477444

gibbs sample time: 0.056502 seconds
probability of topic_Person_62 is 0.717889

gibbs sample time: 0.059845 seconds
probability of topic_Department_62 is 0.623222

gibbs sample time: 0.059493 seconds
probability of topic_Department_6 is 0.450556

gibbs sample time: 0.061444 seconds
probability of topic_Department_65 is 0.399444

gibbs sample time: 0.266404 seconds
probability of topic_Course_231 is 0.494111

gibbs sample time: 0.086029 seconds
probability of topic_Faculty_97 is 0.457

gibbs sample time: 0.550594 seconds
probability of topic_Faculty_136 is 0.319778

gibbs sample time: 0.196005 seconds
probability of topic_Faculty_55 is 0.547778

gibbs sample time: 1.37214 seconds
probability of topic_Staff_156 is 0.549444

gibbs sample time: 1.37016 seconds
probability of topic_Staff_126 is 0.510667

gibbs sample time: 1.37117 seconds
probability of topic_Staff_114 is 0.414889

gibbs sample time: 1.42547 seconds
probability of topic_Staff_288 is 0.472333

gibbs sample time: 0.058209 seconds
probability of topic_Staff_43 is 0.487333

gibbs sample time: 0.268586 seconds
probability of topic_ResearchProject_20 is 0.611889

gibbs sample time: 1.55045 seconds
probability of topic_Faculty_10 is 0.546

gibbs sample time: 3.22053 seconds
probability of topic_Staff_157 is 0.637222

gibbs sample time: 0.056351 seconds
probability of topic_Staff_71 is 0.588889

gibbs sample time: 1.55041 seconds
probability of topic_Faculty_244 is 0.470556

gibbs sample time: 1.54964 seconds
probability of topic_Faculty_288 is 0.459111

gibbs sample time: 0.060722 seconds
probability of topic_Staff_60 is 0.494333

gibbs sample time: 0.295812 seconds
probability of topic_Course_93 is 0.439778

gibbs sample time: 0.061378 seconds
probability of topic_ResearchProject_56 is 0.567

gibbs sample time: 0.574225 seconds
probability of topic_Student_61 is 0.577667

gibbs sample time: 0.274397 seconds
probability of topic_Faculty_7 is 0.527

gibbs sample time: 1.28103 seconds
probability of topic_Person_50 is 0.564

gibbs sample time: 0.120468 seconds
probability of topic_Course_69 is 0.651222

gibbs sample time: 3.45055 seconds
probability of topic_Department_91 is 0.462222

gibbs sample time: 0.230846 seconds
probability of topic_Staff_81 is 0.456889

gibbs sample time: 3.45765 seconds
probability of topic_Department_45 is 0.489667

gibbs sample time: 3.26939 seconds
probability of topic_Student_89 is 0.591222

gibbs sample time: 0.577411 seconds
probability of topic_Staff_57 is 0.431556

gibbs sample time: 0.578616 seconds
probability of topic_Staff_272 is 0.543222

gibbs sample time: 0.576313 seconds
probability of topic_Staff_61 is 0.490222

gibbs sample time: 0.083425 seconds
probability of topic_Staff_1 is 0.346667

gibbs sample time: 3.44592 seconds
probability of topic_Department_157 is 0.536556

gibbs sample time: 1.4813 seconds
probability of topic_Department_59 is 0.525444

gibbs sample time: 1.22588 seconds
probability of topic_Person_54 is 0.491111

gibbs sample time: 0.576423 seconds
probability of topic_Staff_168 is 0.438778

gibbs sample time: 1.11688 seconds
probability of topic_Student_72 is 0.572222

gibbs sample time: 0.549505 seconds
probability of topic_Faculty_30 is 0.449111

gibbs sample time: 0.866023 seconds
probability of topic_Staff_33 is 0.497444

gibbs sample time: 0.088725 seconds
probability of topic_Student_39 is 0.296444

gibbs sample time: 0.082858 seconds
probability of topic_Faculty_1 is 0.500444

gibbs sample time: 0.060874 seconds
probability of topic_Department_26 is 0.514778

gibbs sample time: 0.085713 seconds
probability of topic_Staff_5 is 0.521222

gibbs sample time: 0.220136 seconds
probability of topic_Person_19 is 0.685111

gibbs sample time: 0.060073 seconds
probability of topic_Faculty_99 is 0.473

gibbs sample time: 0.475738 seconds
probability of topic_Staff_67 is 0.466

gibbs sample time: 0.059004 seconds
probability of topic_Student_46 is 0.489778

gibbs sample time: 0.062673 seconds
probability of topic_Student_70 is 0.430111

gibbs sample time: 0.306029 seconds
probability of topic_Student_90 is 0.495111

gibbs sample time: 0.306123 seconds
probability of topic_Student_200 is 0.395444

gibbs sample time: 0.05807 seconds
probability of topic_Person_9 is 0.414111

gibbs sample time: 0.503634 seconds
probability of topic_Person_67 is 0.514556

gibbs sample time: 0.946264 seconds
probability of topic_ResearchProject_33 is 0.469111

gibbs sample time: 0.568513 seconds
probability of topic_Faculty_111 is 0.425222

gibbs sample time: 0.058551 seconds
probability of topic_Staff_6 is 0.469444

gibbs sample time: 0.94626 seconds
probability of topic_ResearchProject_164 is 0.425667

gibbs sample time: 0.056108 seconds
probability of topic_Staff_86 is 0.411

gibbs sample time: 1.29656 seconds
probability of topic_Department_50 is 0.392444

gibbs sample time: 0.738944 seconds
probability of topic_ResearchProject_105 is 0.474778

gibbs sample time: 1.37881 seconds
probability of topic_Staff_3 is 0.518

gibbs sample time: 1.28164 seconds
probability of topic_Person_146 is 0.724889

gibbs sample time: 1.28157 seconds
probability of topic_Person_102 is 0.549667

gibbs sample time: 1.33162 seconds
probability of topic_Course_28 is 0.428556

gibbs sample time: 3.20795 seconds
probability of topic_Person_133 is 0.520889

gibbs sample time: 0.0562 seconds
probability of topic_Person_6 is 0.487

gibbs sample time: 0.245652 seconds
probability of topic_Faculty_119 is 0.488

gibbs sample time: 0.089749 seconds
probability of topic_Course_22 is 0.398333

gibbs sample time: 1.54223 seconds
probability of topic_ResearchProject_145 is 0.486

gibbs sample time: 0.090828 seconds
probability of topic_Student_15 is 0.531667

gibbs sample time: 1.04584 seconds
probability of topic_Student_118 is 0.549667

gibbs sample time: 0.224763 seconds
probability of topic_Staff_19 is 0.410333

gibbs sample time: 3.1225 seconds
probability of topic_Staff_91 is 0.429667

gibbs sample time: 1.54152 seconds
probability of topic_ResearchProject_17 is 0.488667

gibbs sample time: 0.297621 seconds
probability of topic_Person_90 is 0.631667

gibbs sample time: 0.296759 seconds
probability of topic_Person_200 is 0.574111

gibbs sample time: 0.058448 seconds
probability of topic_Course_56 is 0.425

gibbs sample time: 0.449935 seconds
probability of topic_Course_134 is 0.487889

gibbs sample time: 3.44684 seconds
probability of topic_Department_258 is 0.498111

gibbs sample time: 0.060195 seconds
probability of topic_Student_60 is 0.504333

gibbs sample time: 0.142271 seconds
probability of topic_Staff_77 is 0.411889

gibbs sample time: 0.947725 seconds
probability of topic_ResearchProject_209 is 0.401444

gibbs sample time: 3.31217 seconds
probability of topic_ResearchProject_2 is 0.501556

gibbs sample time: 0.06134 seconds
probability of topic_Faculty_51 is 0.403111

gibbs sample time: 0.089292 seconds
probability of topic_Faculty_85 is 0.319333

gibbs sample time: 0.248876 seconds
probability of topic_Department_47 is 0.364778

gibbs sample time: 0.055863 seconds
probability of topic_Staff_62 is 0.490778

gibbs sample time: 0.231458 seconds
probability of topic_Staff_20 is 0.434667

gibbs sample time: 1.54658 seconds
probability of topic_ResearchProject_288 is 0.506

gibbs sample time: 0.195956 seconds
probability of topic_Faculty_73 is 0.530556

gibbs sample time: 0.085163 seconds
probability of topic_Person_21 is 0.464444

gibbs sample time: 0.0629 seconds
probability of topic_ResearchProject_60 is 0.488667

gibbs sample time: 0.457732 seconds
probability of topic_Department_31 is 0.438556

gibbs sample time: 0.456694 seconds
probability of topic_Department_92 is 0.422222

gibbs sample time: 0.516162 seconds
probability of topic_Faculty_67 is 0.430333

gibbs sample time: 0.516458 seconds
probability of topic_Faculty_134 is 0.359556

gibbs sample time: 0.284647 seconds
probability of topic_Department_81 is 0.602667

gibbs sample time: 1.3209 seconds
probability of topic_Faculty_102 is 0.531667

gibbs sample time: 0.090276 seconds
probability of topic_Faculty_76 is 0.505222

gibbs sample time: 1.48112 seconds
probability of topic_Department_54 is 0.504556

gibbs sample time: 1.47734 seconds
probability of topic_Department_114 is 0.431667

gibbs sample time: 3.14478 seconds
probability of topic_Staff_45 is 0.427333

gibbs sample time: 3.31744 seconds
probability of topic_ResearchProject_258 is 0.495111

gibbs sample time: 0.382433 seconds
probability of topic_ResearchProject_13 is 0.531556

gibbs sample time: 0.390664 seconds
probability of topic_ResearchProject_187 is 0.339444

gibbs sample time: 0.46005 seconds
probability of topic_Staff_4 is 0.299556

gibbs sample time: 0.120367 seconds
probability of topic_Course_76 is 0.437222

gibbs sample time: 1.1192 seconds
probability of topic_ResearchProject_126 is 0.454667

gibbs sample time: 0.082935 seconds
probability of topic_Course_15 is 0.427667

gibbs sample time: 1.54286 seconds
probability of topic_Student_244 is 0.562778

gibbs sample time: 3.19219 seconds
probability of topic_Faculty_78 is 0.436444

gibbs sample time: 0.058696 seconds
probability of topic_ResearchProject_71 is 0.482111

gibbs sample time: 0.089914 seconds
probability of topic_Staff_64 is 0.399778

gibbs sample time: 0.740571 seconds
probability of topic_ResearchProject_42 is 0.416444

gibbs sample time: 0.058043 seconds
probability of topic_Staff_66 is 0.433778

gibbs sample time: 3.29232 seconds
probability of topic_Course_18 is 0.379

gibbs sample time: 0.282309 seconds
probability of topic_Person_93 is 0.208889

gibbs sample time: 0.432005 seconds
probability of topic_Staff_111 is 0.452667

gibbs sample time: 1.36894 seconds
probability of topic_Staff_54 is 0.489111

gibbs sample time: 0.179272 seconds
probability of topic_Faculty_94 is 0.246667

gibbs sample time: 0.086472 seconds
probability of topic_Person_97 is 0.624

gibbs sample time: 0.060214 seconds
probability of topic_ResearchProject_96 is 0.499667

gibbs sample time: 0.059788 seconds
probability of topic_Department_75 is 0.462222

gibbs sample time: 0.089087 seconds
probability of topic_Staff_53 is 0.442222

gibbs sample time: 0.270398 seconds
probability of topic_Course_20 is 0.463778

gibbs sample time: 0.093131 seconds
probability of topic_ResearchProject_95 is 0.585222

gibbs sample time: 3.44501 seconds
probability of topic_Department_18 is 0.324778

gibbs sample time: 3.45075 seconds
probability of topic_Department_78 is 0.425

gibbs sample time: 0.952577 seconds
probability of topic_Department_209 is 0.455222

gibbs sample time: 3.44319 seconds
probability of topic_Department_353 is 0.454333

gibbs sample time: 3.19381 seconds
probability of topic_Faculty_89 is 0.389444

gibbs sample time: 0.258386 seconds
probability of topic_Person_81 is 0.503222

gibbs sample time: 0.08884 seconds
probability of topic_Faculty_95 is 0.424556

gibbs sample time: 0.258424 seconds
probability of topic_Person_20 is 0.483778

gibbs sample time: 0.24346 seconds
probability of topic_Department_52 is 0.491889

gibbs sample time: 0.542717 seconds
probability of topic_Person_57 is 0.472

gibbs sample time: 0.739469 seconds
probability of topic_ResearchProject_327 is 0.400889

gibbs sample time: 0.185759 seconds
probability of topic_ResearchProject_32 is 0.480778

gibbs sample time: 0.060208 seconds
probability of topic_ResearchProject_40 is 0.440556

gibbs sample time: 1.5515 seconds
probability of topic_Faculty_17 is 0.523222

gibbs sample time: 0.058204 seconds
probability of topic_Staff_84 is 0.464111

gibbs sample time: 0.056064 seconds
probability of topic_Staff_80 is 0.447556

gibbs sample time: 0.059955 seconds
probability of topic_Student_38 is 0.446778

gibbs sample time: 0.237606 seconds
probability of topic_Staff_47 is 0.335556

gibbs sample time: 0.055829 seconds
probability of topic_Staff_44 is 0.427111

gibbs sample time: 0.237065 seconds
probability of topic_ResearchProject_49 is 0.500333

gibbs sample time: 3.3094 seconds
probability of topic_ResearchProject_78 is 0.415556

gibbs sample time: 0.090424 seconds
probability of topic_Faculty_53 is 0.491111

gibbs sample time: 1.31125 seconds
probability of topic_Department_146 is 0.799333

gibbs sample time: 1.30436 seconds
probability of topic_Department_102 is 0.364667

gibbs sample time: 1.32907 seconds
probability of topic_Department_28 is 0.469778

gibbs sample time: 0.059047 seconds
probability of topic_Course_38 is 0.481222

gibbs sample time: 0.059044 seconds
probability of topic_Person_66 is 0.483889

gibbs sample time: 0.058238 seconds
probability of topic_Course_68 is 0.499

gibbs sample time: 3.3677 seconds
probability of topic_Course_12 is 0.524556

gibbs sample time: 3.30446 seconds
probability of topic_Course_155 is 0.440333

gibbs sample time: 0.058344 seconds
probability of topic_Faculty_44 is 0.568667

gibbs sample time: 0.058589 seconds
probability of topic_Course_75 is 0.415444

gibbs sample time: 3.30815 seconds
probability of topic_Student_133 is 0.555222

gibbs sample time: 0.38224 seconds
probability of topic_ResearchProject_31 is 0.406778

gibbs sample time: 0.382873 seconds
probability of topic_ResearchProject_92 is 0.436111

gibbs sample time: 0.061042 seconds
probability of topic_Department_60 is 0.520444

gibbs sample time: 0.542469 seconds
probability of topic_Department_130 is 0.504

gibbs sample time: 0.437074 seconds
probability of topic_Faculty_57 is 0.483778

gibbs sample time: 0.191873 seconds
probability of topic_Course_19 is 0.407889

gibbs sample time: 0.192012 seconds
probability of topic_Course_49 is 0.437667

gibbs sample time: 0.059777 seconds
probability of topic_Faculty_16 is 0.518667

gibbs sample time: 0.058067 seconds
probability of topic_Staff_96 is 0.505556

gibbs sample time: 0.059773 seconds
probability of topic_Faculty_60 is 0.455556

gibbs sample time: 0.15397 seconds
probability of topic_Student_63 is 0.368778

gibbs sample time: 3.45018 seconds
probability of topic_Department_155 is 0.537889

gibbs sample time: 0.086746 seconds
probability of topic_Course_5 is 0.403889

gibbs sample time: 3.29428 seconds
probability of topic_Course_212 is 0.313778

gibbs sample time: 0.247595 seconds
probability of topic_Department_49 is 0.474222

gibbs sample time: 0.086519 seconds
probability of topic_Person_37 is 0.585778

gibbs sample time: 0.11532 seconds
probability of topic_Course_23 is 0.686111

gibbs sample time: 0.303049 seconds
probability of topic_Staff_231 is 0.461556

gibbs sample time: 0.93383 seconds
probability of topic_Person_33 is 0.366556

gibbs sample time: 0.937158 seconds
probability of topic_Person_209 is 0.526889

gibbs sample time: 0.934516 seconds
probability of topic_Person_164 is 0.572444

gibbs sample time: 0.3982 seconds
probability of topic_Student_13 is 0.301444

gibbs sample time: 0.398186 seconds
probability of topic_Student_187 is 0.611

gibbs sample time: 0.503664 seconds
probability of topic_Person_4 is 0.483333

gibbs sample time: 3.22861 seconds
probability of topic_Faculty_18 is 0.288222

gibbs sample time: 0.059789 seconds
probability of topic_Faculty_82 is 0.419222

gibbs sample time: 3.33553 seconds
probability of topic_Student_258 is 0.517889

gibbs sample time: 0.082945 seconds
probability of topic_Staff_97 is 0.579

gibbs sample time: 0.679686 seconds
probability of topic_Person_42 is 0.604667

gibbs sample time: 0.679494 seconds
probability of topic_Person_186 is 0.439222

gibbs sample time: 0.977179 seconds
probability of topic_Staff_72 is 0.311222

gibbs sample time: 0.47783 seconds
probability of topic_Staff_186 is 0.461

gibbs sample time: 0.058846 seconds
probability of topic_Course_34 is 0.461111

gibbs sample time: 0.270849 seconds
probability of topic_Course_81 is 0.526111

gibbs sample time: 0.315735 seconds
probability of topic_ResearchProject_90 is 0.567111

gibbs sample time: 0.090262 seconds
probability of topic_Department_79 is 0.571667

gibbs sample time: 0.055745 seconds
probability of topic_Staff_56 is 0.442333

gibbs sample time: 3.13899 seconds
probability of topic_Staff_258 is 0.398333

gibbs sample time: 0.05999 seconds
probability of topic_Student_82 is 0.515778

gibbs sample time: 1.55559 seconds
probability of topic_Person_87 is 0.601889

gibbs sample time: 0.301101 seconds
probability of topic_Department_90 is 0.542

gibbs sample time: 0.45718 seconds
probability of topic_Student_31 is 0.566444

gibbs sample time: 0.059899 seconds
probability of topic_Faculty_26 is 0.597111

gibbs sample time: 1.06513 seconds
probability of topic_Faculty_106 is 0.524667

gibbs sample time: 0.059879 seconds
probability of topic_Student_83 is 0.533778

gibbs sample time: 1.37055 seconds
probability of topic_Staff_59 is 0.472111

gibbs sample time: 0.583453 seconds
probability of topic_Department_30 is 0.465444

gibbs sample time: 0.316065 seconds
probability of topic_ResearchProject_200 is 0.338333

gibbs sample time: 0.865027 seconds
probability of topic_Staff_164 is 0.453889

gibbs sample time: 0.271879 seconds
probability of topic_Course_90 is 0.405444

gibbs sample time: 0.085661 seconds
probability of topic_Person_14 is 0.451

gibbs sample time: 3.19903 seconds
probability of topic_Person_91 is 0.347

gibbs sample time: 1.08428 seconds
probability of topic_Department_118 is 0.447778

gibbs sample time: 0.059848 seconds
probability of topic_ResearchProject_6 is 0.474556

gibbs sample time: 0.059753 seconds
probability of topic_Faculty_66 is 0.393333

gibbs sample time: 1.07863 seconds
probability of topic_Department_41 is 0.371778

gibbs sample time: 1.07971 seconds
probability of topic_Department_72 is 0.343444

gibbs sample time: 0.059895 seconds
probability of topic_Student_99 is 0.483111

gibbs sample time: 0.090523 seconds
probability of topic_Department_97 is 0.689778

gibbs sample time: 0.543084 seconds
probability of topic_Department_8 is 0.655889

gibbs sample time: 0.502266 seconds
probability of topic_Person_111 is 0.688111

gibbs sample time: 1.39513 seconds
probability of topic_Course_59 is 0.605444

gibbs sample time: 0.087354 seconds
probability of topic_Course_88 is 0.521778

gibbs sample time: 1.40807 seconds
probability of topic_Course_126 is 0.351111

gibbs sample time: 1.41153 seconds
probability of topic_Course_156 is 0.521778

gibbs sample time: 0.058194 seconds
probability of topic_Faculty_80 is 0.422444

gibbs sample time: 1.40922 seconds
probability of topic_Course_3 is 0.446778

gibbs sample time: 0.142495 seconds
probability of topic_Faculty_77 is 0.467778

gibbs sample time: 1.57129 seconds
probability of topic_Department_129 is 0.535667

gibbs sample time: 0.567904 seconds
probability of topic_Student_4 is 0.623444

gibbs sample time: 0.057883 seconds
probability of topic_Course_26 is 0.564889

gibbs sample time: 0.060668 seconds
probability of topic_Person_26 is 0.505

gibbs sample time: 0.243877 seconds
probability of topic_ResearchProject_65 is 0.424667

gibbs sample time: 0.441958 seconds
probability of topic_Person_92 is 0.448778

gibbs sample time: 0.285315 seconds
probability of topic_Department_116 is 0.433889

gibbs sample time: 3.29423 seconds
probability of topic_Course_199 is 0.440778

gibbs sample time: 1.47765 seconds
probability of topic_Department_217 is 0.525667

gibbs sample time: 0.091782 seconds
probability of topic_Department_51 is 0.455444

gibbs sample time: 0.060826 seconds
probability of topic_Person_99 is 0.417556

gibbs sample time: 0.412201 seconds
probability of topic_Staff_92 is 0.362556

gibbs sample time: 0.096992 seconds
probability of topic_Faculty_88 is 0.566889

gibbs sample time: 0.09352 seconds
probability of topic_ResearchProject_85 is 0.300889

gibbs sample time: 0.475115 seconds
probability of topic_Staff_11 is 0.434556

gibbs sample time: 0.47575 seconds
probability of topic_Staff_134 is 0.260778

gibbs sample time: 0.058119 seconds
probability of topic_Faculty_98 is 0.421778

gibbs sample time: 0.061651 seconds
probability of topic_ResearchProject_9 is 0.649667

gibbs sample time: 0.061101 seconds
probability of topic_Student_34 is 0.592889

gibbs sample time: 0.310142 seconds
probability of topic_Department_231 is 0.452222

gibbs sample time: 1.39267 seconds
probability of topic_Course_114 is 0.430667

gibbs sample time: 0.121259 seconds
probability of topic_Student_23 is 0.213222

gibbs sample time: 0.739281 seconds
probability of topic_ResearchProject_186 is 0.389556

gibbs sample time: 0.060582 seconds
probability of topic_ResearchProject_16 is 0.487556

gibbs sample time: 0.060787 seconds
probability of topic_Person_43 is 0.482444

gibbs sample time: 3.18605 seconds
probability of topic_Faculty_155 is 0.616444

gibbs sample time: 0.310336 seconds
probability of topic_Department_25 is 0.280222

gibbs sample time: 3.20232 seconds
probability of topic_Faculty_157 is 0.534222

gibbs sample time: 0.089725 seconds
probability of topic_Department_39 is 0.213778

gibbs sample time: 3.12316 seconds
probability of topic_Staff_169 is 0.770111

gibbs sample time: 3.14702 seconds
probability of topic_Staff_18 is 0.252444

gibbs sample time: 0.09355 seconds
probability of topic_Faculty_68 is 0.349556

gibbs sample time: 0.568712 seconds
probability of topic_Department_58 is 0.458222

gibbs sample time: 3.13517 seconds
probability of topic_Staff_212 is 0.500778

gibbs sample time: 0.236822 seconds
probability of topic_Person_187 is 0.599556

gibbs sample time: 0.058353 seconds
probability of topic_Student_98 is 0.629556

gibbs sample time: 3.26828 seconds
probability of topic_Student_24 is 0.554222

gibbs sample time: 0.113862 seconds
probability of topic_ResearchProject_77 is 0.514222

gibbs sample time: 0.089457 seconds
probability of topic_Person_27 is 0.508222

gibbs sample time: 0.058752 seconds
probability of topic_ResearchProject_62 is 0.621333

gibbs sample time: 0.511514 seconds
probability of topic_Staff_8 is 0.584778

gibbs sample time: 0.089199 seconds
probability of topic_Student_14 is 0.462889

gibbs sample time: 0.085452 seconds
probability of topic_Staff_51 is 0.391778

gibbs sample time: 0.511749 seconds
probability of topic_Staff_110 is 0.385444

gibbs sample time: 0.087754 seconds
probability of topic_Course_77 is 0.212778

gibbs sample time: 0.285102 seconds
probability of topic_Department_93 is 0.445556

gibbs sample time: 0.058525 seconds
probability of topic_Student_75 is 0.464667

gibbs sample time: 0.291434 seconds
probability of topic_ResearchProject_7 is 0.413444

