observed tuples: r3927 r4745 r3898 r2823 r258 r3184 r3167 r961 r1678 r210 r3152 r980 r4427 r3312 r978 r576 r2950 r4739 r4459 r3563 r3969 r1431 r930 r4600 r3978 r1809 r4648 r347 r1575 r353 r2235 r3313 r4304 r3343 r960 r2492 r3308 r3076 r543 r3950 r4108 r1622 r1180 r861 r3192 r3828 r4852 r2449 r4371 hasword_write_31 hasword_solution_14 r2981 r3377 r1057 r900 r2066 hasword_colleg_38 r4258 r3478 r4731 r1775 r55 r39 r219 r3934 r2215 r2785 r4735 r2616 r1227 r3719 links_29_50 r4635 r2125 hasword_content_36 hasword_texa_6 r565 r2241 r3185 r3409 r2168 r4558 r2088 r573 r3961 r246 hasword_wa_15 r2011 links_29_28 r3853 r967 r3931 r180 hasword_count_52 r272 r4022 r1763 r1580 r3636 r784 hasword_utexa_54 r2456 r4434 r2085 hasword_past_32 r1707 r4431 r2816 r2533 r1155 r2269 r3857 r2580 hasword_build_58 r142 r4966 r3768 r4642 r3144 r476 r2830 r2668 r2337 links_45_48 hasword_sequenc_43 r192 r3519 r2415 r809 r876 r411 r4211 r4879 r2384 hasword_system_29 r4835 r1364 hasword_provid_28 r4820 hasword_sourc_64 r1136 rl r2276 r2712 hasword_nation_55 r3998 hasword_file_56 r3534 r3935 r795 r1719 r4445 r4104 hasword_move_48 hasword_version_18 r642 r2588 r1764 r1325 hasword_gmt_37 r2575 r205 r4857 r2264 hasword_effici_51 r2826 r3335 r1737 r455 hasword_line_4 hasword_architectur_7 hasword_chang_63 r4919 hasword_manag_16 r3416 hasword_deriv_65 hasword_class_59 r1462 hasword_unit_57 r1626 hasword_gmt_50 r1574 r4954 r4062 r3622 r893 links_50_28 hasword_machin_22 r3536 r408 r346 r4628 r144 r769 hasword_html_46 r1471 r1261 r1810 r2198 r4512 r2321 hasword_room_30 r1829 r3084 r3516 links_19_49 r3338 r3474 r2629 r2591 r187 hasword_ed_42 hasword_develop_10 r3236 hasword_modifi_25 r2055 hasword_jan_8 r2111 hasword_press_20 r1319 hasword_faculti_33 r3044 r3440 r4993 r50 hasword_content_40 r3 r4111 hasword_jan_5 r2842 r1944 r2267 hasword_paul_61 r1063 r721 hasword_text_45 hasword_materi_23 r4130 links_28_50 r790 r3725 r4744 links_50_29 links_57_61 r24 r4216 r2096 r1465 r4688 r3818 hasword_environ_53 r4465 hasword_nov_62 hasword_html_19 hasword_base_1 r2973 r4156 r2804 r4180 r3451 r2618 r3856 hasword_confer_9 r3492 r3360 r1891 r1116 hasword_jan_27 r4209 r155 r2452 r1441 r3239 r2984 hasword_intellig_47 r2774 r4906 r1237 hasword_ph_34 r3472 r214 r146 hasword_resourc_2 r2796 r3559 r75 r3834 r4665 hasword_chapter_60 r3330 r929 hasword_window_39 r2333 hasword_oct_44 r1900 r413 hasword_version_41 r3050 r4487 hasword_ta_24 r4922 r1871 r4077 r2263 r2100 r2060 r3194 r544 r510 r2874 r2844 r1353 r3394 r1475 hasword_event_35 r2486 r2757 r1377 hasword_paramet_20 r3793 hasword_oct_11 r354 r3548 r2067 r2478 r1093 r4948 r1285 hasword_wide_35 r4117 r1269 r2640 r2623 hasword_area_17 r4563 r2049 r659 r917 r3205 r651 r2880 hasword_dynam_3 hasword_postscript_17 r2862 r2389 r2245 r2701 r3508 r4030 r300 r1098 r162 r644 hasword_univers_12 r4092 r3188 r912 r836 r3365 hasword_paper_26 r621 r423 r4317 r4654 r1906 r1494 r4970 r2791 r4806 r2952 r378 r1753 r1195 r2586 r2345 r1149 r2521 r2520 r123 r2756 r4730 r3017 r4712 r2483 r3954 r1546 r1994 r2390 r3168 hasword_task_47 r4771 r4150 r3907 r4392 r3202 r1828 r3433 r3420 r4777 r603 hasword_definit_21 r1558 r2236 r1893 r1380 r3042 r1782 hasword_includ_13 r4031 r2792 r3067 r1530 r2780 r4 r1506 r4987 r3393 r1961 hasword_consist_49 r3590 r4324 r1520 r424 r2799 r1921 r702 r1061 r2831 r4894 r2597 r51 r1282 r4425 r3423 r3893 r4224 r2611 r4854 r2893 r3787 r4231 r4612 r3388 r3176 r1489 r3031 r3628 r3078 r4843 r3786 r105 r238 r3794 r2376 r1099 r1601 hasword_librari_3 r3303 r2992 r3468 r2720 r2875 r1321 r70 r2812 r4396 r2763 r1211 r1812 r3137 r2746 r2444 r4565 r1333 r4365 r358 r1437 
size of observed tuples: 477
size of unobserved tuples: 418

gibbs sample time: 0.060133 seconds
probability of topic_Course_3 is 0.433333

gibbs sample time: 0.063483 seconds
probability of topic_Student_41 is 0.521333

gibbs sample time: 0.063105 seconds
probability of topic_Student_16 is 0.417444

gibbs sample time: 0.063216 seconds
probability of topic_Course_65 is 0.490444

gibbs sample time: 0.057011 seconds
probability of topic_Student_5 is 0.533222

gibbs sample time: 0.09591 seconds
probability of topic_Faculty_47 is 0.445333

gibbs sample time: 0.064263 seconds
probability of topic_Department_38 is 0.568667

gibbs sample time: 0.06045 seconds
probability of topic_Staff_43 is 0.491

gibbs sample time: 0.094271 seconds
probability of topic_Department_35 is 0.434111

gibbs sample time: 0.163324 seconds
probability of topic_Person_61 is 0.555444

gibbs sample time: 0.212182 seconds
probability of topic_ResearchProject_45 is 0.412444

gibbs sample time: 0.100911 seconds
probability of topic_ResearchProject_3 is 0.472222

gibbs sample time: 0.064249 seconds
probability of topic_Department_53 is 0.459111

gibbs sample time: 0.064249 seconds
probability of topic_Department_23 is 0.573778

gibbs sample time: 0.063261 seconds
probability of topic_Student_54 is 0.493889

gibbs sample time: 0.061376 seconds
probability of topic_Department_5 is 0.647556

gibbs sample time: 0.057148 seconds
probability of topic_Staff_30 is 0.518222

gibbs sample time: 0.060209 seconds
probability of topic_Person_58 is 0.474111

gibbs sample time: 0.060195 seconds
probability of topic_Student_9 is 0.456667

gibbs sample time: 0.189426 seconds
probability of topic_Staff_45 is 0.422111

gibbs sample time: 0.063021 seconds
probability of topic_Staff_60 is 0.497

gibbs sample time: 0.066505 seconds
probability of topic_ResearchProject_63 is 0.527

gibbs sample time: 0.064142 seconds
probability of topic_ResearchProject_16 is 0.487444

gibbs sample time: 0.06423 seconds
probability of topic_Department_32 is 0.479889

gibbs sample time: 0.06041 seconds
probability of topic_Staff_14 is 0.504667

gibbs sample time: 0.060703 seconds
probability of topic_Course_63 is 0.555

gibbs sample time: 0.189249 seconds
probability of topic_Course_57 is 0.501778

gibbs sample time: 0.063242 seconds
probability of topic_Staff_21 is 0.517556

gibbs sample time: 0.09511 seconds
probability of topic_Person_3 is 0.464667

gibbs sample time: 0.097431 seconds
probability of topic_Student_47 is 0.463889

gibbs sample time: 0.060854 seconds
probability of topic_Student_37 is 0.500889

gibbs sample time: 0.060241 seconds
probability of topic_Person_51 is 0.509556

gibbs sample time: 0.056832 seconds
probability of topic_Person_30 is 0.457

gibbs sample time: 0.060081 seconds
probability of topic_Person_38 is 0.365222

gibbs sample time: 0.095455 seconds
probability of topic_Department_3 is 0.532778

gibbs sample time: 0.057357 seconds
probability of topic_Staff_34 is 0.588889

gibbs sample time: 0.060213 seconds
probability of topic_Staff_16 is 0.550889

gibbs sample time: 0.061055 seconds
probability of topic_Faculty_32 is 0.569889

gibbs sample time: 0.063319 seconds
probability of topic_ResearchProject_22 is 0.410111

gibbs sample time: 0.191677 seconds
probability of topic_Person_49 is 0.538444

gibbs sample time: 0.617523 seconds
probability of topic_Department_50 is 0.486222

gibbs sample time: 0.060128 seconds
probability of topic_Course_9 is 0.445444

gibbs sample time: 0.214871 seconds
probability of topic_ResearchProject_49 is 0.511667

gibbs sample time: 0.062214 seconds
probability of topic_Faculty_30 is 0.465444

gibbs sample time: 0.06106 seconds
probability of topic_Faculty_24 is 0.48

gibbs sample time: 0.057322 seconds
probability of topic_Course_42 is 0.447889

gibbs sample time: 0.067036 seconds
probability of topic_Faculty_65 is 0.436667

gibbs sample time: 0.090188 seconds
probability of topic_Staff_47 is 0.426333

gibbs sample time: 0.064934 seconds
probability of topic_Student_39 is 0.469778

gibbs sample time: 0.063999 seconds
probability of topic_Faculty_54 is 0.505556

gibbs sample time: 0.061289 seconds
probability of topic_Person_64 is 0.440333

gibbs sample time: 0.194899 seconds
probability of topic_Staff_48 is 0.587667

gibbs sample time: 0.061933 seconds
probability of topic_ResearchProject_11 is 0.370222

gibbs sample time: 0.061104 seconds
probability of topic_Faculty_15 is 0.494667

gibbs sample time: 0.618113 seconds
probability of topic_Faculty_28 is 0.505222

gibbs sample time: 0.060326 seconds
probability of topic_Person_23 is 0.245889

gibbs sample time: 0.060621 seconds
probability of topic_Person_16 is 0.484333

gibbs sample time: 0.060636 seconds
probability of topic_Course_10 is 0.456444

gibbs sample time: 0.096218 seconds
probability of topic_Student_17 is 0.554222

gibbs sample time: 0.058079 seconds
probability of topic_Person_44 is 0.550667

gibbs sample time: 0.211643 seconds
probability of topic_ResearchProject_19 is 0.405667

gibbs sample time: 0.063285 seconds
probability of topic_Faculty_38 is 0.466667

gibbs sample time: 0.056773 seconds
probability of topic_Course_46 is 0.417889

gibbs sample time: 0.217278 seconds
probability of topic_ResearchProject_61 is 0.490667

gibbs sample time: 0.063492 seconds
probability of topic_Faculty_64 is 0.478111

gibbs sample time: 0.062933 seconds
probability of topic_Person_31 is 0.628444

gibbs sample time: 0.056892 seconds
probability of topic_Staff_37 is 0.455222

gibbs sample time: 0.065781 seconds
probability of topic_Student_26 is 0.414778

gibbs sample time: 0.060812 seconds
probability of topic_Student_32 is 0.489667

gibbs sample time: 0.056751 seconds
probability of topic_Person_4 is 0.481222

gibbs sample time: 0.067654 seconds
probability of topic_Department_33 is 0.788778

gibbs sample time: 0.060347 seconds
probability of topic_Person_39 is 0.403778

gibbs sample time: 0.064308 seconds
probability of topic_Department_13 is 0.602556

gibbs sample time: 0.554266 seconds
probability of topic_Course_28 is 0.503667

gibbs sample time: 0.060435 seconds
probability of topic_Person_63 is 0.426556

gibbs sample time: 0.064146 seconds
probability of topic_Faculty_14 is 0.484444

gibbs sample time: 0.06011 seconds
probability of topic_Course_52 is 0.473778

gibbs sample time: 0.06065 seconds
probability of topic_Course_23 is 0.751778

gibbs sample time: 0.063176 seconds
probability of topic_Course_18 is 0.412444

gibbs sample time: 0.065809 seconds
probability of topic_Student_33 is 0.331222

gibbs sample time: 0.056771 seconds
probability of topic_Course_6 is 0.492667

gibbs sample time: 0.064166 seconds
probability of topic_Department_16 is 0.423

gibbs sample time: 0.063548 seconds
probability of topic_Faculty_52 is 0.501556

gibbs sample time: 0.065985 seconds
probability of topic_Student_23 is 0.293667

gibbs sample time: 0.091777 seconds
probability of topic_Person_47 is 0.343667

gibbs sample time: 0.063315 seconds
probability of topic_Course_43 is 0.465333

gibbs sample time: 0.060474 seconds
probability of topic_Faculty_2 is 0.454111

gibbs sample time: 0.060363 seconds
probability of topic_Person_59 is 0.551222

gibbs sample time: 0.065553 seconds
probability of topic_Faculty_59 is 0.455111

gibbs sample time: 0.061152 seconds
probability of topic_ResearchProject_24 is 0.475

gibbs sample time: 0.202564 seconds
probability of topic_Staff_57 is 0.455

gibbs sample time: 0.063653 seconds
probability of topic_ResearchProject_13 is 0.544333

gibbs sample time: 0.208753 seconds
probability of topic_Department_57 is 0.526111

gibbs sample time: 0.056689 seconds
probability of topic_Course_8 is 0.476667

gibbs sample time: 0.064903 seconds
probability of topic_Department_21 is 0.484556

gibbs sample time: 0.064108 seconds
probability of topic_Department_39 is 0.429333

gibbs sample time: 0.207565 seconds
probability of topic_Department_48 is 0.527778

gibbs sample time: 0.056678 seconds
probability of topic_Course_17 is 0.435556

gibbs sample time: 0.063965 seconds
probability of topic_Department_7 is 0.455111

gibbs sample time: 0.061122 seconds
probability of topic_ResearchProject_46 is 0.425444

gibbs sample time: 0.559839 seconds
probability of topic_Staff_50 is 0.452556

gibbs sample time: 0.059843 seconds
probability of topic_Course_34 is 0.477111

gibbs sample time: 0.090001 seconds
probability of topic_Person_17 is 0.565333

gibbs sample time: 0.064614 seconds
probability of topic_Faculty_36 is 0.398667

gibbs sample time: 0.59092 seconds
probability of topic_Student_29 is 0.561111

gibbs sample time: 0.060277 seconds
probability of topic_Person_54 is 0.494889

gibbs sample time: 0.064432 seconds
probability of topic_Department_60 is 0.513556

gibbs sample time: 0.093777 seconds
probability of topic_Department_47 is 0.399778

gibbs sample time: 0.056915 seconds
probability of topic_Course_44 is 0.502

gibbs sample time: 0.063502 seconds
probability of topic_Student_42 is 0.483444

gibbs sample time: 0.100327 seconds
probability of topic_Department_20 is 0.542222

gibbs sample time: 0.570721 seconds
probability of topic_Course_29 is 0.676556

gibbs sample time: 0.063681 seconds
probability of topic_ResearchProject_56 is 0.562667

gibbs sample time: 0.060809 seconds
probability of topic_Person_13 is 0.390556

gibbs sample time: 0.060417 seconds
probability of topic_Staff_39 is 0.453444

gibbs sample time: 0.060542 seconds
probability of topic_Course_39 is 0.602

gibbs sample time: 0.180503 seconds
probability of topic_Student_48 is 0.279444

gibbs sample time: 0.20836 seconds
probability of topic_Faculty_57 is 0.474444

gibbs sample time: 0.056916 seconds
probability of topic_Person_46 is 0.484889

gibbs sample time: 0.060607 seconds
probability of topic_Staff_54 is 0.492889

gibbs sample time: 0.061084 seconds
probability of topic_ResearchProject_32 is 0.483667

gibbs sample time: 0.063681 seconds
probability of topic_Faculty_43 is 0.540111

gibbs sample time: 0.060578 seconds
probability of topic_Staff_18 is 0.404444

gibbs sample time: 0.061785 seconds
probability of topic_Department_24 is 0.513444

gibbs sample time: 0.060589 seconds
probability of topic_Person_22 is 0.588333

gibbs sample time: 0.060624 seconds
probability of topic_Course_33 is 0.579778

gibbs sample time: 0.060859 seconds
probability of topic_Person_7 is 0.486444

gibbs sample time: 0.063769 seconds
probability of topic_ResearchProject_41 is 0.477556

gibbs sample time: 0.560297 seconds
probability of topic_Staff_29 is 0.507889

gibbs sample time: 0.060536 seconds
probability of topic_Course_22 is 0.475111

gibbs sample time: 0.063639 seconds
probability of topic_Faculty_25 is 0.415333

gibbs sample time: 0.060436 seconds
probability of topic_Person_53 is 0.524333

gibbs sample time: 0.059608 seconds
probability of topic_Staff_32 is 0.485444

gibbs sample time: 0.094036 seconds
probability of topic_Faculty_3 is 0.528111

gibbs sample time: 0.060947 seconds
probability of topic_Student_11 is 0.534889

gibbs sample time: 0.062338 seconds
probability of topic_ResearchProject_4 is 0.429556

gibbs sample time: 0.065083 seconds
probability of topic_ResearchProject_5 is 0.471222

gibbs sample time: 0.063327 seconds
probability of topic_Faculty_58 is 0.544556

gibbs sample time: 0.060994 seconds
probability of topic_Person_40 is 0.486111

gibbs sample time: 0.061081 seconds
probability of topic_Faculty_56 is 0.444778

gibbs sample time: 0.203896 seconds
probability of topic_Student_57 is 0.491556

gibbs sample time: 0.192632 seconds
probability of topic_Staff_19 is 0.408

gibbs sample time: 0.060343 seconds
probability of topic_Staff_2 is 0.465889

gibbs sample time: 0.064981 seconds
probability of topic_Department_10 is 0.419333

gibbs sample time: 0.592391 seconds
probability of topic_Student_50 is 0.492556

gibbs sample time: 0.064711 seconds
probability of topic_Department_55 is 0.407778

gibbs sample time: 0.605168 seconds
probability of topic_ResearchProject_50 is 0.453889

gibbs sample time: 0.057685 seconds
probability of topic_Course_24 is 0.572

gibbs sample time: 0.060653 seconds
probability of topic_Course_64 is 0.423667

gibbs sample time: 0.062301 seconds
probability of topic_Department_8 is 0.650333

gibbs sample time: 0.061305 seconds
probability of topic_Faculty_62 is 0.503333

gibbs sample time: 0.066497 seconds
probability of topic_ResearchProject_60 is 0.488556

gibbs sample time: 0.066174 seconds
probability of topic_Student_53 is 0.445667

gibbs sample time: 0.569844 seconds
probability of topic_Person_28 is 0.429333

gibbs sample time: 0.064396 seconds
probability of topic_Department_64 is 0.406667

gibbs sample time: 0.064087 seconds
probability of topic_ResearchProject_12 is 0.377778

gibbs sample time: 0.063499 seconds
probability of topic_Student_10 is 0.544

gibbs sample time: 0.0607 seconds
probability of topic_Person_60 is 0.482556

gibbs sample time: 0.063148 seconds
probability of topic_Faculty_18 is 0.407

gibbs sample time: 0.559526 seconds
probability of topic_Staff_28 is 0.477444

gibbs sample time: 0.063774 seconds
probability of topic_ResearchProject_26 is 0.621

gibbs sample time: 0.063865 seconds
probability of topic_Person_21 is 0.468556

gibbs sample time: 0.074833 seconds
probability of topic_Course_41 is 0.407556

gibbs sample time: 0.08038 seconds
probability of topic_ResearchProject_53 is 0.563333

gibbs sample time: 0.649505 seconds
probability of topic_ResearchProject_28 is 0.448667

gibbs sample time: 0.061518 seconds
probability of topic_Department_6 is 0.433333

gibbs sample time: 0.063678 seconds
probability of topic_Faculty_33 is 0.595333

gibbs sample time: 0.090508 seconds
probability of topic_Course_20 is 0.431444

gibbs sample time: 0.062692 seconds
probability of topic_Staff_9 is 0.503556

gibbs sample time: 0.063692 seconds
probability of topic_Student_59 is 0.607222

gibbs sample time: 0.061072 seconds
probability of topic_Student_56 is 0.406778

gibbs sample time: 0.061374 seconds
probability of topic_Faculty_7 is 0.460667

gibbs sample time: 0.57205 seconds
probability of topic_Person_50 is 0.497

gibbs sample time: 0.061939 seconds
probability of topic_Department_27 is 0.653222

gibbs sample time: 0.063781 seconds
probability of topic_Student_43 is 0.468444

gibbs sample time: 0.060509 seconds
probability of topic_Faculty_8 is 0.474

gibbs sample time: 0.060455 seconds
probability of topic_Staff_41 is 0.411667

gibbs sample time: 0.062104 seconds
probability of topic_Department_56 is 0.488333

gibbs sample time: 0.060955 seconds
probability of topic_Person_55 is 0.613889

gibbs sample time: 0.064302 seconds
probability of topic_Department_43 is 0.472

gibbs sample time: 0.063236 seconds
probability of topic_Person_26 is 0.510333

gibbs sample time: 0.060271 seconds
probability of topic_Course_26 is 0.566556

gibbs sample time: 0.064438 seconds
probability of topic_Department_9 is 0.500333

gibbs sample time: 0.068262 seconds
probability of topic_ResearchProject_55 is 0.411333

gibbs sample time: 0.064302 seconds
probability of topic_ResearchProject_18 is 0.469778

gibbs sample time: 0.056696 seconds
probability of topic_Person_56 is 0.358889

gibbs sample time: 0.203302 seconds
probability of topic_Student_61 is 0.577778

gibbs sample time: 0.063764 seconds
probability of topic_Student_14 is 0.428556

gibbs sample time: 0.198782 seconds
probability of topic_Course_48 is 0.444333

gibbs sample time: 0.056884 seconds
probability of topic_Staff_27 is 0.573778

gibbs sample time: 0.060447 seconds
probability of topic_Person_25 is 0.490222

gibbs sample time: 0.09121 seconds
probability of topic_Person_20 is 0.559778

gibbs sample time: 0.062849 seconds
probability of topic_Person_65 is 0.503111

gibbs sample time: 0.088857 seconds
probability of topic_Staff_3 is 0.549556

gibbs sample time: 0.213199 seconds
probability of topic_Faculty_49 is 0.522222

gibbs sample time: 0.059607 seconds
probability of topic_Person_27 is 0.503889

gibbs sample time: 0.060346 seconds
probability of topic_Course_25 is 0.444

gibbs sample time: 0.056957 seconds
probability of topic_Course_30 is 0.573222

gibbs sample time: 0.621559 seconds
probability of topic_Faculty_29 is 0.428333

gibbs sample time: 0.064454 seconds
probability of topic_ResearchProject_47 is 0.468889

gibbs sample time: 0.067702 seconds
probability of topic_Faculty_41 is 0.413556

gibbs sample time: 0.063623 seconds
probability of topic_Faculty_26 is 0.589667

gibbs sample time: 0.0603 seconds
probability of topic_Staff_36 is 0.434444

gibbs sample time: 0.060539 seconds
probability of topic_Staff_52 is 0.500667

gibbs sample time: 0.063592 seconds
probability of topic_Student_31 is 0.649111

gibbs sample time: 0.190259 seconds
probability of topic_Course_61 is 0.444222

gibbs sample time: 0.064061 seconds
probability of topic_ResearchProject_39 is 0.548111

gibbs sample time: 0.060136 seconds
probability of topic_Person_2 is 0.377778

gibbs sample time: 0.061143 seconds
probability of topic_Student_62 is 0.711

gibbs sample time: 0.060358 seconds
probability of topic_Course_36 is 0.411889

gibbs sample time: 0.060025 seconds
probability of topic_Staff_65 is 0.493667

gibbs sample time: 0.061906 seconds
probability of topic_Department_15 is 0.511444

gibbs sample time: 0.069009 seconds
probability of topic_Department_54 is 0.498556

gibbs sample time: 0.065377 seconds
probability of topic_Student_58 is 0.393667

gibbs sample time: 0.063678 seconds
probability of topic_ResearchProject_59 is 0.458444

gibbs sample time: 0.062726 seconds
probability of topic_Staff_40 is 0.438

gibbs sample time: 0.057096 seconds
probability of topic_Person_62 is 0.716556

gibbs sample time: 0.056976 seconds
probability of topic_Faculty_1 is 0.574444

gibbs sample time: 0.063242 seconds
probability of topic_Student_13 is 0.320667

gibbs sample time: 0.057234 seconds
probability of topic_Staff_15 is 0.490111

gibbs sample time: 0.621598 seconds
probability of topic_Faculty_50 is 0.421111

gibbs sample time: 0.057048 seconds
probability of topic_Student_1 is 0.365667

gibbs sample time: 0.209386 seconds
probability of topic_Department_61 is 0.321111

gibbs sample time: 0.061083 seconds
probability of topic_Student_7 is 0.453

gibbs sample time: 0.202497 seconds
probability of topic_Course_45 is 0.409

gibbs sample time: 0.06445 seconds
probability of topic_Department_40 is 0.465778

gibbs sample time: 0.591269 seconds
probability of topic_Student_28 is 0.496222

gibbs sample time: 0.057597 seconds
probability of topic_Person_34 is 0.656444

gibbs sample time: 0.609524 seconds
probability of topic_ResearchProject_29 is 0.386778

gibbs sample time: 0.060945 seconds
probability of topic_Course_54 is 0.492556

gibbs sample time: 0.210979 seconds
probability of topic_Faculty_48 is 0.489444

gibbs sample time: 0.060264 seconds
probability of topic_Staff_22 is 0.551333

gibbs sample time: 0.216793 seconds
probability of topic_Student_49 is 0.587222

gibbs sample time: 0.064939 seconds
probability of topic_ResearchProject_27 is 0.461

gibbs sample time: 0.06499 seconds
probability of topic_Department_46 is 0.477444

gibbs sample time: 0.060387 seconds
probability of topic_Staff_7 is 0.533778

gibbs sample time: 0.0622 seconds
probability of topic_ResearchProject_6 is 0.456556

gibbs sample time: 0.060428 seconds
probability of topic_Course_13 is 0.481667

gibbs sample time: 0.063519 seconds
probability of topic_Student_40 is 0.485222

gibbs sample time: 0.06271 seconds
probability of topic_ResearchProject_30 is 0.463889

gibbs sample time: 0.093443 seconds
probability of topic_Student_3 is 0.334778

gibbs sample time: 0.060562 seconds
probability of topic_Person_12 is 0.628222

gibbs sample time: 0.063395 seconds
probability of topic_Student_64 is 0.427667

gibbs sample time: 0.060186 seconds
probability of topic_Course_55 is 0.485222

gibbs sample time: 0.060267 seconds
probability of topic_Staff_51 is 0.458444

gibbs sample time: 0.064488 seconds
probability of topic_Department_59 is 0.530667

gibbs sample time: 0.204036 seconds
probability of topic_Staff_61 is 0.489111

gibbs sample time: 0.05927 seconds
probability of topic_Staff_6 is 0.457

gibbs sample time: 0.061781 seconds
probability of topic_Department_4 is 0.469556

gibbs sample time: 0.192792 seconds
probability of topic_Person_19 is 0.471

gibbs sample time: 0.061333 seconds
probability of topic_Staff_5 is 0.575333

gibbs sample time: 0.065041 seconds
probability of topic_Student_46 is 0.487111

gibbs sample time: 0.067965 seconds
probability of topic_ResearchProject_33 is 0.460667

gibbs sample time: 0.063203 seconds
probability of topic_ResearchProject_8 is 0.465556

gibbs sample time: 0.063711 seconds
probability of topic_Course_2 is 0.554

gibbs sample time: 0.178177 seconds
probability of topic_Student_45 is 0.489778

gibbs sample time: 0.222521 seconds
probability of topic_ResearchProject_57 is 0.494111

gibbs sample time: 0.580826 seconds
probability of topic_Person_29 is 0.548667

gibbs sample time: 0.060443 seconds
probability of topic_Person_9 is 0.409444

gibbs sample time: 0.063849 seconds
probability of topic_ResearchProject_31 is 0.434333

gibbs sample time: 0.056686 seconds
probability of topic_Person_6 is 0.477333

gibbs sample time: 0.063732 seconds
probability of topic_Student_15 is 0.493889

gibbs sample time: 0.064695 seconds
probability of topic_Faculty_21 is 0.464111

gibbs sample time: 0.057131 seconds
probability of topic_Course_11 is 0.500333

gibbs sample time: 0.060145 seconds
probability of topic_Staff_59 is 0.485333

gibbs sample time: 0.063571 seconds
probability of topic_Student_60 is 0.511111

gibbs sample time: 0.059719 seconds
probability of topic_Staff_42 is 0.518889

gibbs sample time: 0.216313 seconds
probability of topic_Student_19 is 0.473889

gibbs sample time: 0.059529 seconds
probability of topic_Person_45 is 0.489667

gibbs sample time: 0.098113 seconds
probability of topic_ResearchProject_20 is 0.608222

gibbs sample time: 0.063988 seconds
probability of topic_Student_36 is 0.486889

gibbs sample time: 0.064274 seconds
probability of topic_Department_31 is 0.484111

gibbs sample time: 0.064214 seconds
probability of topic_ResearchProject_65 is 0.525444

gibbs sample time: 0.066647 seconds
probability of topic_ResearchProject_25 is 0.478556

gibbs sample time: 0.19287 seconds
probability of topic_Staff_49 is 0.510111

gibbs sample time: 0.061027 seconds
probability of topic_Faculty_11 is 0.578889

gibbs sample time: 0.061925 seconds
probability of topic_Department_62 is 0.626778

gibbs sample time: 0.063796 seconds
probability of topic_ResearchProject_58 is 0.580333

gibbs sample time: 0.06291 seconds
probability of topic_Staff_53 is 0.495778

gibbs sample time: 0.06535 seconds
probability of topic_Student_25 is 0.500333

gibbs sample time: 0.089938 seconds
probability of topic_Staff_35 is 0.452778

gibbs sample time: 0.064286 seconds
probability of topic_Department_52 is 0.473444

gibbs sample time: 0.212073 seconds
probability of topic_ResearchProject_48 is 0.839556

gibbs sample time: 0.065869 seconds
probability of topic_Faculty_63 is 0.477222

gibbs sample time: 0.066429 seconds
probability of topic_ResearchProject_10 is 0.528

gibbs sample time: 0.066481 seconds
probability of topic_Department_2 is 0.467556

gibbs sample time: 0.063741 seconds
probability of topic_Student_34 is 0.598222

gibbs sample time: 0.063662 seconds
probability of topic_ResearchProject_40 is 0.432778

gibbs sample time: 0.063417 seconds
probability of topic_Student_38 is 0.447889

gibbs sample time: 0.056719 seconds
probability of topic_Staff_44 is 0.431444

gibbs sample time: 0.063474 seconds
probability of topic_Faculty_53 is 0.566556

gibbs sample time: 0.557377 seconds
probability of topic_Course_50 is 0.424889

gibbs sample time: 0.06652 seconds
probability of topic_Student_44 is 0.540667

gibbs sample time: 0.621088 seconds
probability of topic_Department_29 is 0.366333

gibbs sample time: 0.059383 seconds
probability of topic_Staff_11 is 0.418111

gibbs sample time: 0.06089 seconds
probability of topic_Faculty_34 is 0.486889

gibbs sample time: 0.08899 seconds
probability of topic_Course_47 is 0.490556

gibbs sample time: 0.060492 seconds
probability of topic_Course_60 is 0.479889

gibbs sample time: 0.622772 seconds
probability of topic_Department_28 is 0.485778

gibbs sample time: 0.063738 seconds
probability of topic_Course_38 is 0.473778

gibbs sample time: 0.063869 seconds
probability of topic_ResearchProject_64 is 0.481222

gibbs sample time: 0.060596 seconds
probability of topic_Course_12 is 0.548333

gibbs sample time: 0.060827 seconds
probability of topic_Course_14 is 0.591889

gibbs sample time: 0.060737 seconds
probability of topic_Person_36 is 0.488667

gibbs sample time: 0.06141 seconds
probability of topic_Faculty_44 is 0.570333

gibbs sample time: 0.203957 seconds
probability of topic_Course_19 is 0.397111

gibbs sample time: 0.06626 seconds
probability of topic_Faculty_40 is 0.398778

gibbs sample time: 0.060386 seconds
probability of topic_Staff_20 is 0.469667

gibbs sample time: 0.064544 seconds
probability of topic_Department_58 is 0.438

gibbs sample time: 0.201257 seconds
probability of topic_Course_49 is 0.439333

gibbs sample time: 0.069371 seconds
probability of topic_ResearchProject_9 is 0.642333

gibbs sample time: 0.063475 seconds
probability of topic_Faculty_16 is 0.508333

gibbs sample time: 0.063299 seconds
probability of topic_Faculty_60 is 0.463556

gibbs sample time: 0.063692 seconds
probability of topic_ResearchProject_52 is 0.493889

gibbs sample time: 0.059359 seconds
probability of topic_Staff_46 is 0.422778

gibbs sample time: 0.061065 seconds
probability of topic_Faculty_27 is 0.485778

gibbs sample time: 0.16454 seconds
probability of topic_Person_57 is 0.49

gibbs sample time: 0.221195 seconds
probability of topic_Department_19 is 0.465556

gibbs sample time: 0.06284 seconds
probability of topic_Course_40 is 0.414333

gibbs sample time: 0.06417 seconds
probability of topic_Faculty_39 is 0.467778

gibbs sample time: 0.240373 seconds
probability of topic_Department_49 is 0.479556

gibbs sample time: 0.063585 seconds
probability of topic_Staff_13 is 0.503667

gibbs sample time: 0.065089 seconds
probability of topic_Department_36 is 0.469111

gibbs sample time: 0.064623 seconds
probability of topic_Student_63 is 0.464111

gibbs sample time: 0.057525 seconds
probability of topic_Course_5 is 0.476444

gibbs sample time: 0.070267 seconds
probability of topic_Department_18 is 0.426111

gibbs sample time: 0.066764 seconds
probability of topic_ResearchProject_2 is 0.528

gibbs sample time: 0.06394 seconds
probability of topic_Staff_25 is 0.392889

gibbs sample time: 0.100318 seconds
probability of topic_Faculty_20 is 0.504333

gibbs sample time: 0.057789 seconds
probability of topic_Staff_56 is 0.444444

gibbs sample time: 0.060652 seconds
probability of topic_Course_58 is 0.508111

gibbs sample time: 0.066696 seconds
probability of topic_Faculty_23 is 0.444889

gibbs sample time: 0.0687 seconds
probability of topic_ResearchProject_43 is 0.497

gibbs sample time: 0.065061 seconds
probability of topic_Person_33 is 0.368444

gibbs sample time: 0.093979 seconds
probability of topic_Faculty_35 is 0.506444

gibbs sample time: 0.059788 seconds
probability of topic_Person_42 is 0.537111

gibbs sample time: 0.063474 seconds
probability of topic_Faculty_13 is 0.578222

gibbs sample time: 0.059616 seconds
probability of topic_Course_32 is 0.494778

gibbs sample time: 0.061096 seconds
probability of topic_ResearchProject_44 is 0.365444

gibbs sample time: 0.061617 seconds
probability of topic_Person_14 is 0.416333

gibbs sample time: 0.061897 seconds
probability of topic_Faculty_4 is 0.551222

gibbs sample time: 0.060753 seconds
probability of topic_Faculty_37 is 0.415

gibbs sample time: 0.060247 seconds
probability of topic_Course_31 is 0.430111

gibbs sample time: 0.06091 seconds
probability of topic_Faculty_46 is 0.389111

gibbs sample time: 0.061427 seconds
probability of topic_ResearchProject_42 is 0.493111

gibbs sample time: 0.056581 seconds
probability of topic_Staff_4 is 0.465222

gibbs sample time: 0.056949 seconds
probability of topic_Course_15 is 0.499778

gibbs sample time: 0.061338 seconds
probability of topic_Staff_64 is 0.461444

gibbs sample time: 0.057176 seconds
probability of topic_Faculty_5 is 0.489333

gibbs sample time: 0.063732 seconds
probability of topic_ResearchProject_14 is 0.416333

gibbs sample time: 0.064393 seconds
probability of topic_Department_12 is 0.615556

gibbs sample time: 0.093408 seconds
probability of topic_Student_35 is 0.594333

gibbs sample time: 0.067015 seconds
probability of topic_Department_41 is 0.417556

gibbs sample time: 0.057395 seconds
probability of topic_Person_5 is 0.511556

gibbs sample time: 0.062679 seconds
probability of topic_Course_59 is 0.633889

gibbs sample time: 0.063911 seconds
probability of topic_Course_56 is 0.431667

gibbs sample time: 0.066121 seconds
probability of topic_Department_63 is 0.413889

gibbs sample time: 0.056831 seconds
probability of topic_Student_4 is 0.415222

gibbs sample time: 0.060385 seconds
probability of topic_Staff_38 is 0.432778

gibbs sample time: 0.064922 seconds
probability of topic_Department_51 is 0.479889

gibbs sample time: 0.057371 seconds
probability of topic_Student_8 is 0.529444

gibbs sample time: 0.060955 seconds
probability of topic_Student_30 is 0.436667

gibbs sample time: 0.059401 seconds
probability of topic_Course_27 is 0.473778

gibbs sample time: 0.057752 seconds
probability of topic_Person_11 is 0.562667

gibbs sample time: 0.057469 seconds
probability of topic_Staff_1 is 0.412667

gibbs sample time: 0.061121 seconds
probability of topic_Staff_31 is 0.499889

gibbs sample time: 0.06453 seconds
probability of topic_Department_25 is 0.393667

gibbs sample time: 0.063235 seconds
probability of topic_Student_21 is 0.454667

gibbs sample time: 0.094017 seconds
probability of topic_ResearchProject_35 is 0.450222

gibbs sample time: 0.063967 seconds
probability of topic_Person_43 is 0.481333

gibbs sample time: 0.066239 seconds
probability of topic_Department_17 is 0.401333

gibbs sample time: 0.063814 seconds
probability of topic_Faculty_12 is 0.572778

gibbs sample time: 0.060822 seconds
probability of topic_Student_24 is 0.562111

gibbs sample time: 0.061496 seconds
probability of topic_ResearchProject_62 is 0.611222

gibbs sample time: 0.056735 seconds
probability of topic_Staff_8 is 0.577667

gibbs sample time: 0.064702 seconds
probability of topic_ResearchProject_7 is 0.522889

gibbs sample time: 0.061478 seconds
probability of topic_ResearchProject_37 is 0.441111

gibbs sample time: 0.098699 seconds
probability of topic_Student_20 is 0.563889

gibbs sample time: 0.057244 seconds
probability of topic_Staff_62 is 0.486

gibbs sample time: 0.09525 seconds
probability of topic_Course_35 is 0.436

gibbs sample time: 0.097422 seconds
probability of topic_Faculty_17 is 0.588333

gibbs sample time: 0.066223 seconds
probability of topic_Student_22 is 0.627222

gibbs sample time: 0.057129 seconds
probability of topic_Person_24 is 0.504111

gibbs sample time: 0.063437 seconds
probability of topic_Faculty_10 is 0.547222

gibbs sample time: 0.064135 seconds
probability of topic_ResearchProject_38 is 0.478222

gibbs sample time: 0.210606 seconds
probability of topic_Faculty_45 is 0.384889

gibbs sample time: 0.072009 seconds
probability of topic_Department_30 is 0.429667

gibbs sample time: 0.072859 seconds
probability of topic_ResearchProject_36 is 0.427778

gibbs sample time: 0.07063 seconds
probability of topic_Department_34 is 0.377111

gibbs sample time: 0.069926 seconds
probability of topic_Department_37 is 0.484111

gibbs sample time: 0.062326 seconds
probability of topic_Staff_17 is 0.576667

gibbs sample time: 0.064877 seconds
probability of topic_Department_26 is 0.518667

gibbs sample time: 0.207232 seconds
probability of topic_Department_45 is 0.464

gibbs sample time: 0.057075 seconds
probability of topic_Faculty_6 is 0.481556

gibbs sample time: 0.095069 seconds
probability of topic_ResearchProject_17 is 0.479222

gibbs sample time: 0.057166 seconds
probability of topic_Person_32 is 0.504889

gibbs sample time: 0.060209 seconds
probability of topic_Staff_26 is 0.532778

gibbs sample time: 0.061829 seconds
probability of topic_Department_42 is 0.504556

gibbs sample time: 0.063551 seconds
probability of topic_Student_12 is 0.600444

gibbs sample time: 0.207022 seconds
probability of topic_Faculty_61 is 0.464556

gibbs sample time: 0.061318 seconds
probability of topic_Course_7 is 0.441444

gibbs sample time: 0.089565 seconds
probability of topic_Person_35 is 0.554111

gibbs sample time: 0.067076 seconds
probability of topic_ResearchProject_51 is 0.512111

gibbs sample time: 0.057127 seconds
probability of topic_Student_6 is 0.527778

gibbs sample time: 0.064485 seconds
probability of topic_Student_55 is 0.557556

gibbs sample time: 0.059791 seconds
probability of topic_Person_8 is 0.498

gibbs sample time: 0.058861 seconds
probability of topic_Course_37 is 0.425333

gibbs sample time: 0.060197 seconds
probability of topic_Staff_24 is 0.498889

gibbs sample time: 0.05761 seconds
probability of topic_Person_37 is 0.509667

gibbs sample time: 0.060319 seconds
probability of topic_Person_52 is 0.467222

gibbs sample time: 0.063907 seconds
probability of topic_Student_18 is 0.521667

gibbs sample time: 0.06047 seconds
probability of topic_Person_10 is 0.517444

gibbs sample time: 0.06096 seconds
probability of topic_Staff_23 is 0.455222

gibbs sample time: 0.062347 seconds
probability of topic_ResearchProject_34 is 0.404333

gibbs sample time: 0.058388 seconds
probability of topic_Person_15 is 0.504333

gibbs sample time: 0.064226 seconds
probability of topic_Student_27 is 0.525222

gibbs sample time: 0.210909 seconds
probability of topic_Faculty_19 is 0.372889

gibbs sample time: 0.060898 seconds
probability of topic_Faculty_42 is 0.499556

