observed tuples: r3927 r4745 r3898 r2823 r258 r3184 r3167 r961 r1678 r210 r3152 r980 r4427 r3312 r978 r576 r2950 r4739 r4459 r3563 r3969 r1431 r930 r4600 r3978 r1809 r4648 r347 r1575 r353 r2235 r3313 r4304 r3343 r960 r2492 r3308 r3076 r543 r3950 r4108 r1622 r1180 r861 r3192 r3828 r4852 r2449 r4371 hasword_write_31 hasword_solution_14 r2981 r3377 r1057 r900 r2066 hasword_colleg_38 r4258 r3478 r4731 r1775 r55 r39 r219 r3934 r2215 r2785 r4735 r2616 r1227 r3719 links_29_50 r4635 r2125 hasword_content_36 hasword_texa_6 r565 r2241 r3185 r3409 r2168 r4558 r2088 r573 r3961 r246 hasword_wa_15 r2011 links_29_28 r3853 r967 r3931 r180 hasword_count_52 r272 r4022 r1763 r1580 r3636 r784 hasword_utexa_54 r2456 r4434 r2085 hasword_past_32 r1707 r4431 r2816 r2533 r1155 r2269 r3857 r2580 hasword_build_58 r142 r4966 r3768 r4642 r3144 r476 r2830 r2668 r2337 links_45_48 hasword_sequenc_43 r192 r3519 r2415 r809 r876 r411 r4211 r4879 r2384 hasword_system_29 r4835 r1364 hasword_provid_28 r4820 hasword_sourc_64 r1136 rl r2276 r2712 hasword_nation_55 r3998 hasword_file_56 r3534 r3935 r795 r1719 r4445 r4104 hasword_move_48 hasword_version_18 r642 r2588 r1764 r1325 hasword_gmt_37 r2575 r205 r4857 r2264 hasword_effici_51 r2826 r3335 r1737 r455 hasword_line_4 hasword_architectur_7 hasword_chang_63 r4919 hasword_manag_16 r3416 hasword_deriv_65 hasword_class_59 r1462 hasword_unit_57 r1626 hasword_gmt_50 r1574 r4954 r4062 r3622 r893 links_50_28 hasword_machin_22 r3536 r408 r346 r4628 r144 r769 hasword_html_46 r1471 r1261 r1810 r2198 r4512 r2321 hasword_room_30 r1829 r3084 r3516 links_19_49 r3338 r3474 r2629 r2591 r187 hasword_ed_42 hasword_develop_10 r3236 hasword_modifi_25 r2055 hasword_jan_8 r2111 hasword_press_20 r1319 hasword_faculti_33 r3044 r3440 r4993 r50 hasword_content_40 r3 r4111 hasword_jan_5 r2842 r1944 r2267 hasword_paul_61 r1063 r721 hasword_text_45 hasword_materi_23 r4130 links_28_50 r790 r3725 r4744 links_50_29 links_57_61 r24 r4216 r2096 r1465 r4688 r3818 hasword_environ_53 r4465 hasword_nov_62 hasword_html_19 hasword_base_1 r2973 r4156 r2804 r4180 r3451 r2618 r3856 hasword_confer_9 r3492 r3360 r1891 r1116 hasword_jan_27 r4209 r155 r2452 r1441 r3239 r2984 hasword_intellig_47 r2774 r4906 r1237 hasword_ph_34 r3472 r214 r146 hasword_resourc_2 r2796 r3559 r75 r3834 r4665 hasword_chapter_60 r3330 r929 hasword_window_39 r2333 hasword_oct_44 r1900 r413 hasword_version_41 r3050 r4487 hasword_ta_24 r4922 r1871 r4077 r2263 r2100 r2060 r3194 r544 r510 r2874 r2844 r1353 r3394 r1475 hasword_event_35 r2486 r2757 r1377 hasword_paramet_20 r3793 hasword_oct_11 r354 r3548 r2067 r2478 r1093 r4948 r1285 hasword_wide_35 r4117 r1269 r2640 r2623 hasword_area_17 r4563 r2049 r659 r917 r3205 r651 r2880 hasword_dynam_3 hasword_postscript_17 r2862 r2389 r2245 r2701 r3508 r4030 r300 r1098 r162 r644 hasword_univers_12 r4092 r3188 r912 r836 r3365 hasword_paper_26 r621 r423 r4317 r4654 r1906 r1494 r4970 r2791 r4806 r2952 r378 r1753 r1195 r2586 r2345 r1149 r2521 r2520 r123 r2756 r4730 r3017 r4712 r2483 r3954 r1546 r1994 r2390 r3168 hasword_task_47 r4771 r4150 r3907 r4392 r3202 r1828 r3433 r3420 r4777 r603 hasword_definit_21 r1558 r2236 r1893 r1380 r3042 r1782 hasword_includ_13 r4031 r2792 r3067 r1530 r2780 r4 r1506 r4987 r3393 r1961 hasword_consist_49 r3590 r4324 r1520 r424 r2799 r1921 r702 r1061 r2831 r4894 r2597 r51 r1282 r4425 r3423 r3893 r4224 r2611 r4854 r2893 r3787 r4231 r4612 r3388 r3176 r1489 r3031 r3628 r3078 r4843 r3786 r105 r238 r3794 r2376 r1099 r1601 hasword_librari_3 r3303 r2992 r3468 r2720 r2875 r1321 r70 r2812 r4396 r2763 r1211 r1812 r3137 r2746 r2444 r4565 r1333 r4365 r358 r1437 
size of observed tuples: 477
size of unobserved tuples: 418

pgibbs sample time: 8.4e-05 seconds
probability of topic_Course_3 is 0.428183

mode equations: influence compute time (equations): 0.000843 seconds
influence of hasword_librari_3 on topic_Course_3 is -0.070825

pgibbs sample time: 5.7e-05 seconds
probability of topic_Student_41 is 0.52095

mode equations: influence compute time (equations): 0.000832 seconds
influence of hasword_version_41 on topic_Student_41 is 0.0209253

pgibbs sample time: 5.4e-05 seconds
probability of topic_Student_16 is 0.416519

mode equations: influence compute time (equations): 0.000824 seconds
influence of hasword_manag_16 on topic_Student_16 is -0.0819204

pgibbs sample time: 5.3e-05 seconds
probability of topic_Course_65 is 0.484151

mode equations: influence compute time (equations): 0.000825 seconds
influence of hasword_deriv_65 on topic_Course_65 is -0.0158387

pgibbs sample time: 5e-05 seconds
probability of topic_Student_5 is 0.524583

mode equations: influence compute time (equations): 0.000831 seconds
influence of hasword_jan_5 on topic_Student_5 is 0.0245437

pgibbs sample time: 6.9e-05 seconds
probability of topic_Faculty_47 is 0.440142

mode equations: influence compute time (equations): 0.000843 seconds
influence of hasword_intellig_47 on topic_Faculty_47 is -0.0116072

pgibbs sample time: 5.4e-05 seconds
probability of topic_Department_38 is 0.572254

mode equations: influence compute time (equations): 0.00083 seconds
influence of hasword_colleg_38 on topic_Department_38 is 0.0712438

pgibbs sample time: 5.3e-05 seconds
probability of topic_Staff_43 is 0.492552

mode equations: influence compute time (equations): 0.000831 seconds
influence of hasword_sequenc_43 on topic_Staff_43 is -0.0074468

pgibbs sample time: 6.8e-05 seconds
probability of topic_Department_35 is 0.436178

mode equations: influence compute time (equations): 0.000883 seconds
influence of r1494 on topic_Department_35 is 0.245927

pgibbs sample time: 0.000167 seconds
probability of topic_Person_61 is 0.554849

mode equations: influence compute time (equations): 0.000853 seconds
influence of hasword_paul_61 on topic_Person_61 is 0.0402209

pgibbs sample time: 0.000213 seconds
probability of topic_ResearchProject_45 is 0.414993

mode equations: influence compute time (equations): 0.00087 seconds
influence of rl on topic_ResearchProject_45 is 0.204819

pgibbs sample time: 7.1e-05 seconds
probability of topic_ResearchProject_3 is 0.469493

mode equations: influence compute time (equations): 0.000839 seconds
influence of r4 on topic_ResearchProject_3 is 0.249069

pgibbs sample time: 5.6e-05 seconds
probability of topic_Department_53 is 0.462986

mode equations: influence compute time (equations): 0.000827 seconds
influence of hasword_environ_53 on topic_Department_53 is -0.036879

pgibbs sample time: 5.4e-05 seconds
probability of topic_Department_23 is 0.572671

mode equations: influence compute time (equations): 0.000833 seconds
influence of hasword_materi_23 on topic_Department_23 is 0.0716432

pgibbs sample time: 5.4e-05 seconds
probability of topic_Student_54 is 0.495991

mode equations: influence compute time (equations): 0.000833 seconds
influence of hasword_utexa_54 on topic_Student_54 is -0.00400899

pgibbs sample time: 5.4e-05 seconds
probability of topic_Department_5 is 0.649423

mode equations: influence compute time (equations): 0.000829 seconds
influence of hasword_jan_5 on topic_Department_5 is 0.140361

pgibbs sample time: 5.1e-05 seconds
probability of topic_Staff_30 is 0.521627

mode equations: influence compute time (equations): 0.000834 seconds
influence of hasword_room_30 on topic_Staff_30 is 0.0216001

pgibbs sample time: 5.2e-05 seconds
probability of topic_Person_58 is 0.471477

mode equations: influence compute time (equations): 0.000833 seconds
influence of hasword_build_58 on topic_Person_58 is -0.0284613

pgibbs sample time: 5.2e-05 seconds
probability of topic_Student_9 is 0.46651

mode equations: influence compute time (equations): 0.000834 seconds
influence of hasword_confer_9 on topic_Student_9 is -0.03339

pgibbs sample time: 0.00019 seconds
probability of topic_Staff_45 is 0.417459

mode equations: influence compute time (equations): 0.00086 seconds
influence of links_45_48 on topic_Staff_45 is -0.0167737

pgibbs sample time: 5.3e-05 seconds
probability of topic_Staff_60 is 0.493421

mode equations: influence compute time (equations): 0.000824 seconds
influence of hasword_chapter_60 on topic_Staff_60 is -0.00657786

pgibbs sample time: 5.9e-05 seconds
probability of topic_ResearchProject_63 is 0.518497

mode equations: influence compute time (equations): 0.000829 seconds
influence of hasword_chang_63 on topic_ResearchProject_63 is 0.0184797

pgibbs sample time: 5.3e-05 seconds
probability of topic_ResearchProject_16 is 0.488395

mode equations: influence compute time (equations): 0.00084 seconds
influence of hasword_manag_16 on topic_ResearchProject_16 is -0.0116006

pgibbs sample time: 5.4e-05 seconds
probability of topic_Department_32 is 0.484605

mode equations: influence compute time (equations): 0.000834 seconds
influence of hasword_past_32 on topic_Department_32 is -0.0153853

pgibbs sample time: 5.2e-05 seconds
probability of topic_Staff_14 is 0.500198

mode equations: influence compute time (equations): 0.000829 seconds
influence of hasword_solution_14 on topic_Staff_14 is 0.000198168

pgibbs sample time: 5.2e-05 seconds
probability of topic_Course_63 is 0.551025

mode equations: influence compute time (equations): 0.000831 seconds
influence of hasword_chang_63 on topic_Course_63 is 0.0506703

pgibbs sample time: 0.000186 seconds
probability of topic_Course_57 is 0.502051

mode equations: influence compute time (equations): 0.000861 seconds
influence of links_57_61 on topic_Course_57 is -0.012904

pgibbs sample time: 5.3e-05 seconds
probability of topic_Staff_21 is 0.514711

mode equations: influence compute time (equations): 0.000831 seconds
influence of hasword_definit_21 on topic_Staff_21 is 0.0147029

pgibbs sample time: 6.7e-05 seconds
probability of topic_Person_3 is 0.465517

mode equations: influence compute time (equations): 0.000833 seconds
influence of r2236 on topic_Person_3 is 0.248811

pgibbs sample time: 7e-05 seconds
probability of topic_Student_47 is 0.457435

mode equations: influence compute time (equations): 0.000839 seconds
influence of r1437 on topic_Student_47 is 0.248188

pgibbs sample time: 5.3e-05 seconds
probability of topic_Student_37 is 0.493937

mode equations: influence compute time (equations): 0.000834 seconds
influence of hasword_gmt_37 on topic_Student_37 is -0.00606228

pgibbs sample time: 5.1e-05 seconds
probability of topic_Person_51 is 0.512596

mode equations: influence compute time (equations): 0.000829 seconds
influence of hasword_effici_51 on topic_Person_51 is 0.0125905

pgibbs sample time: 5e-05 seconds
probability of topic_Person_30 is 0.450883

mode equations: influence compute time (equations): 0.000839 seconds
influence of hasword_room_30 on topic_Person_30 is -0.0488005

pgibbs sample time: 5.1e-05 seconds
probability of topic_Person_38 is 0.365888

mode equations: influence compute time (equations): 0.000834 seconds
influence of hasword_colleg_38 on topic_Person_38 is -0.127584

pgibbs sample time: 6.8e-05 seconds
probability of topic_Department_3 is 0.530013

mode equations: influence compute time (equations): 0.000841 seconds
influence of r3786 on topic_Department_3 is 0.249099

pgibbs sample time: 5.2e-05 seconds
probability of topic_Staff_34 is 0.59088

mode equations: influence compute time (equations): 0.000833 seconds
influence of hasword_ph_34 on topic_Staff_34 is 0.0888654

pgibbs sample time: 5.1e-05 seconds
probability of topic_Staff_16 is 0.554346

mode equations: influence compute time (equations): 0.000833 seconds
influence of hasword_manag_16 on topic_Staff_16 is 0.0539174

pgibbs sample time: 5.4e-05 seconds
probability of topic_Faculty_32 is 0.563359

mode equations: influence compute time (equations): 0.00084 seconds
influence of hasword_past_32 on topic_Faculty_32 is 0.0626784

pgibbs sample time: 5.4e-05 seconds
probability of topic_ResearchProject_22 is 0.414241

mode equations: influence compute time (equations): 0.000838 seconds
influence of hasword_machin_22 on topic_ResearchProject_22 is -0.0840667

pgibbs sample time: 0.00019 seconds
probability of topic_Person_49 is 0.539365

mode equations: influence compute time (equations): 0.000865 seconds
influence of links_19_49 on topic_Person_49 is 0.015141

pgibbs sample time: 0.000668 seconds
probability of topic_Department_50 is 0.489212

mode equations: influence compute time (equations): 0.000987 seconds
influence of links_29_28 on topic_Department_50 is -0.000306643

pgibbs sample time: 5.3e-05 seconds
probability of topic_Course_9 is 0.45318

mode equations: influence compute time (equations): 0.000837 seconds
influence of hasword_confer_9 on topic_Course_9 is -0.046546

pgibbs sample time: 0.000205 seconds
probability of topic_ResearchProject_49 is 0.504317

mode equations: influence compute time (equations): 0.000871 seconds
influence of links_19_49 on topic_ResearchProject_49 is 0.0168572

pgibbs sample time: 5.5e-05 seconds
probability of topic_Faculty_30 is 0.475067

mode equations: influence compute time (equations): 0.000826 seconds
influence of hasword_room_30 on topic_Faculty_30 is -0.0248919

pgibbs sample time: 5.2e-05 seconds
probability of topic_Faculty_24 is 0.481357

mode equations: influence compute time (equations): 0.000827 seconds
influence of hasword_ta_24 on topic_Faculty_24 is -0.0186257

pgibbs sample time: 5e-05 seconds
probability of topic_Course_42 is 0.443602

mode equations: influence compute time (equations): 0.00084 seconds
influence of hasword_ed_42 on topic_Course_42 is -0.0559184

pgibbs sample time: 5.5e-05 seconds
probability of topic_Faculty_65 is 0.434293

mode equations: influence compute time (equations): 0.000837 seconds
influence of hasword_deriv_65 on topic_Faculty_65 is -0.0649477

pgibbs sample time: 6.5e-05 seconds
probability of topic_Staff_47 is 0.433655

mode equations: influence compute time (equations): 0.000833 seconds
influence of hasword_intellig_47 on topic_Staff_47 is -0.0367111

pgibbs sample time: 5.5e-05 seconds
probability of topic_Student_39 is 0.471272

mode equations: influence compute time (equations): 0.000977 seconds
influence of hasword_window_39 on topic_Student_39 is -0.0286643

pgibbs sample time: 5.4e-05 seconds
probability of topic_Faculty_54 is 0.499912

mode equations: influence compute time (equations): 0.000836 seconds
influence of hasword_utexa_54 on topic_Faculty_54 is -8.8213e-05

pgibbs sample time: 5.1e-05 seconds
probability of topic_Person_64 is 0.434546

mode equations: influence compute time (equations): 0.000842 seconds
influence of hasword_sourc_64 on topic_Person_64 is -0.0647036

pgibbs sample time: 0.000188 seconds
probability of topic_Staff_48 is 0.601624

mode equations: influence compute time (equations): 0.000875 seconds
influence of links_45_48 on topic_Staff_48 is 0.0160402

pgibbs sample time: 5.4e-05 seconds
probability of topic_ResearchProject_11 is 0.368362

mode equations: influence compute time (equations): 0.000828 seconds
influence of hasword_oct_11 on topic_ResearchProject_11 is -0.125468

pgibbs sample time: 5.4e-05 seconds
probability of topic_Faculty_15 is 0.499986

mode equations: influence compute time (equations): 0.000831 seconds
influence of hasword_wa_15 on topic_Faculty_15 is -1.37715e-05

pgibbs sample time: 0.000676 seconds
probability of topic_Faculty_28 is 0.500829

mode equations: influence compute time (equations): 0.001035 seconds
influence of links_50_29 on topic_Faculty_28 is 0.000237249

pgibbs sample time: 5.3e-05 seconds
probability of topic_Person_23 is 0.251716

mode equations: influence compute time (equations): 0.000835 seconds
influence of hasword_materi_23 on topic_Person_23 is -0.205209

pgibbs sample time: 5.2e-05 seconds
probability of topic_Person_16 is 0.496938

mode equations: influence compute time (equations): 0.000827 seconds
influence of hasword_manag_16 on topic_Person_16 is -0.00306199

pgibbs sample time: 5.2e-05 seconds
probability of topic_Course_10 is 0.459095

mode equations: influence compute time (equations): 0.000833 seconds
influence of hasword_develop_10 on topic_Course_10 is -0.0407224

pgibbs sample time: 7e-05 seconds
probability of topic_Student_17 is 0.548544

mode equations: influence compute time (equations): 0.000842 seconds
influence of hasword_area_17 on topic_Student_17 is -0.0405286

pgibbs sample time: 5.2e-05 seconds
probability of topic_Person_44 is 0.557225

mode equations: influence compute time (equations): 0.000835 seconds
influence of hasword_oct_44 on topic_Person_44 is 0.0567239

pgibbs sample time: 0.000204 seconds
probability of topic_ResearchProject_19 is 0.410213

mode equations: influence compute time (equations): 0.000871 seconds
influence of links_19_49 on topic_ResearchProject_19 is -0.0140807

pgibbs sample time: 5.5e-05 seconds
probability of topic_Faculty_38 is 0.465813

mode equations: influence compute time (equations): 0.000827 seconds
influence of hasword_colleg_38 on topic_Faculty_38 is -0.0340807

pgibbs sample time: 5e-05 seconds
probability of topic_Course_46 is 0.415922

mode equations: influence compute time (equations): 0.000829 seconds
influence of hasword_html_46 on topic_Course_46 is -0.0824838

pgibbs sample time: 0.000208 seconds
probability of topic_ResearchProject_61 is 0.491231

mode equations: influence compute time (equations): 0.000878 seconds
influence of rl on topic_ResearchProject_61 is -0.130778

pgibbs sample time: 5.5e-05 seconds
probability of topic_Faculty_64 is 0.478205

mode equations: influence compute time (equations): 0.000875 seconds
influence of hasword_sourc_64 on topic_Faculty_64 is -0.0217672

pgibbs sample time: 5.3e-05 seconds
probability of topic_Person_31 is 0.62267

mode equations: influence compute time (equations): 0.00083 seconds
influence of hasword_write_31 on topic_Person_31 is 0.117687

pgibbs sample time: 5.1e-05 seconds
probability of topic_Staff_37 is 0.447858

mode equations: influence compute time (equations): 0.000835 seconds
influence of hasword_gmt_37 on topic_Staff_37 is -0.0517629

pgibbs sample time: 5.5e-05 seconds
probability of topic_Student_26 is 0.414946

mode equations: influence compute time (equations): 0.000838 seconds
influence of hasword_paper_26 on topic_Student_26 is -0.0834039

pgibbs sample time: 5.7e-05 seconds
probability of topic_Student_32 is 0.4868

mode equations: influence compute time (equations): 0.000834 seconds
influence of hasword_past_32 on topic_Student_32 is -0.0131937

pgibbs sample time: 5e-05 seconds
probability of topic_Person_4 is 0.480595

mode equations: influence compute time (equations): 0.000841 seconds
influence of hasword_line_4 on topic_Person_4 is -0.0193851

pgibbs sample time: 5.5e-05 seconds
probability of topic_Department_33 is 0.794603

mode equations: influence compute time (equations): 0.000838 seconds
influence of hasword_faculti_33 on topic_Department_33 is 0.220805

pgibbs sample time: 5.2e-05 seconds
probability of topic_Person_39 is 0.406754

mode equations: influence compute time (equations): 0.000839 seconds
influence of hasword_window_39 on topic_Person_39 is -0.0910688

pgibbs sample time: 5.5e-05 seconds
probability of topic_Department_13 is 0.601492

mode equations: influence compute time (equations): 0.000836 seconds
influence of hasword_includ_13 on topic_Department_13 is 0.0986806

pgibbs sample time: 0.000627 seconds
probability of topic_Course_28 is 0.490176

mode equations: influence compute time (equations): 0.001019 seconds
influence of links_50_29 on topic_Course_28 is 0.000654863

pgibbs sample time: 5.6e-05 seconds
probability of topic_Person_63 is 0.427826

mode equations: influence compute time (equations): 0.000856 seconds
influence of hasword_chang_63 on topic_Person_63 is -0.0711673

pgibbs sample time: 5.5e-05 seconds
probability of topic_Faculty_14 is 0.484723

mode equations: influence compute time (equations): 0.000837 seconds
influence of hasword_solution_14 on topic_Faculty_14 is -0.0152674

pgibbs sample time: 5.2e-05 seconds
probability of topic_Course_52 is 0.474801

mode equations: influence compute time (equations): 0.000832 seconds
influence of hasword_count_52 on topic_Course_52 is -0.0251564

pgibbs sample time: 5.2e-05 seconds
probability of topic_Course_23 is 0.75994

mode equations: influence compute time (equations): 0.000836 seconds
influence of hasword_materi_23 on topic_Course_23 is 0.210225

pgibbs sample time: 5.2e-05 seconds
probability of topic_Course_18 is 0.403024

mode equations: influence compute time (equations): 0.000837 seconds
influence of hasword_version_18 on topic_Course_18 is -0.094525

pgibbs sample time: 5.4e-05 seconds
probability of topic_Student_33 is 0.331652

mode equations: influence compute time (equations): 0.000836 seconds
influence of hasword_faculti_33 on topic_Student_33 is -0.155321

pgibbs sample time: 5e-05 seconds
probability of topic_Course_6 is 0.497804

mode equations: influence compute time (equations): 0.000844 seconds
influence of hasword_texa_6 on topic_Course_6 is -0.00219608

pgibbs sample time: 5.4e-05 seconds
probability of topic_Department_16 is 0.416173

mode equations: influence compute time (equations): 0.000839 seconds
influence of hasword_manag_16 on topic_Department_16 is -0.0822476

pgibbs sample time: 5.4e-05 seconds
probability of topic_Faculty_52 is 0.497242

mode equations: influence compute time (equations): 0.00084 seconds
influence of hasword_count_52 on topic_Faculty_52 is -0.00275812

pgibbs sample time: 5.4e-05 seconds
probability of topic_Student_23 is 0.298945

mode equations: influence compute time (equations): 0.000838 seconds
influence of hasword_materi_23 on topic_Student_23 is -0.178628

pgibbs sample time: 6.6e-05 seconds
probability of topic_Person_47 is 0.344003

mode equations: influence compute time (equations): 0.000841 seconds
influence of r2785 on topic_Person_47 is 0.225665

pgibbs sample time: 5.2e-05 seconds
probability of topic_Course_43 is 0.464736

mode equations: influence compute time (equations): 0.00084 seconds
influence of hasword_sequenc_43 on topic_Course_43 is -0.035147

pgibbs sample time: 5.1e-05 seconds
probability of topic_Faculty_2 is 0.454354

mode equations: influence compute time (equations): 0.000843 seconds
influence of hasword_resourc_2 on topic_Faculty_2 is -0.045392

pgibbs sample time: 5.1e-05 seconds
probability of topic_Person_59 is 0.54795

mode equations: influence compute time (equations): 0.000838 seconds
influence of hasword_class_59 on topic_Person_59 is 0.0476552

pgibbs sample time: 5.5e-05 seconds
probability of topic_Faculty_59 is 0.461091

mode equations: influence compute time (equations): 0.000838 seconds
influence of hasword_class_59 on topic_Faculty_59 is -0.0387514

pgibbs sample time: 5.4e-05 seconds
probability of topic_ResearchProject_24 is 0.478691

mode equations: influence compute time (equations): 0.00084 seconds
influence of hasword_ta_24 on topic_ResearchProject_24 is -0.021283

pgibbs sample time: 0.000198 seconds
probability of topic_Staff_57 is 0.450627

mode equations: influence compute time (equations): 0.000866 seconds
influence of links_57_61 on topic_Staff_57 is -0.0141666

pgibbs sample time: 5.4e-05 seconds
probability of topic_ResearchProject_13 is 0.543606

mode equations: influence compute time (equations): 0.000835 seconds
influence of hasword_includ_13 on topic_ResearchProject_13 is 0.043385

pgibbs sample time: 0.000202 seconds
probability of topic_Department_57 is 0.529075

mode equations: influence compute time (equations): 0.00088 seconds
influence of rl on topic_Department_57 is 0.0836428

pgibbs sample time: 5.1e-05 seconds
probability of topic_Course_8 is 0.47654

mode equations: influence compute time (equations): 0.000826 seconds
influence of hasword_jan_8 on topic_Course_8 is -0.0234259

pgibbs sample time: 5.5e-05 seconds
probability of topic_Department_21 is 0.477689

mode equations: influence compute time (equations): 0.000832 seconds
influence of hasword_definit_21 on topic_Department_21 is -0.0222815

pgibbs sample time: 5.4e-05 seconds
probability of topic_Department_39 is 0.425577

mode equations: influence compute time (equations): 0.000839 seconds
influence of hasword_window_39 on topic_Department_39 is -0.0733188

pgibbs sample time: 0.000204 seconds
probability of topic_Department_48 is 0.526925

mode equations: influence compute time (equations): 0.000873 seconds
influence of rl on topic_Department_48 is -0.13775

pgibbs sample time: 5.6e-05 seconds
probability of topic_Course_17 is 0.446475

mode equations: influence compute time (equations): 0.000829 seconds
influence of hasword_area_17 on topic_Course_17 is -0.0531148

pgibbs sample time: 5.4e-05 seconds
probability of topic_Department_7 is 0.450455

mode equations: influence compute time (equations): 0.000839 seconds
influence of hasword_architectur_7 on topic_Department_7 is -0.0492197

pgibbs sample time: 5.3e-05 seconds
probability of topic_ResearchProject_46 is 0.423904

mode equations: influence compute time (equations): 0.000838 seconds
influence of hasword_html_46 on topic_ResearchProject_46 is -0.0749154

pgibbs sample time: 0.000623 seconds
probability of topic_Staff_50 is 0.448442

mode equations: influence compute time (equations): 0.001019 seconds
influence of links_50_29 on topic_Staff_50 is -0.0149043

pgibbs sample time: 5.2e-05 seconds
probability of topic_Course_34 is 0.466787

mode equations: influence compute time (equations): 0.000839 seconds
influence of hasword_ph_34 on topic_Course_34 is -0.0331152

pgibbs sample time: 6.5e-05 seconds
probability of topic_Person_17 is 0.568381

mode equations: influence compute time (equations): 0.000836 seconds
influence of hasword_area_17 on topic_Person_17 is 0.0425213

pgibbs sample time: 5.5e-05 seconds
probability of topic_Faculty_36 is 0.401781

mode equations: influence compute time (equations): 0.000832 seconds
influence of hasword_content_36 on topic_Faculty_36 is -0.0956723

pgibbs sample time: 0.000663 seconds
probability of topic_Student_29 is 0.557423

mode equations: influence compute time (equations): 0.001037 seconds
influence of links_28_50 on topic_Student_29 is -0.000411961

pgibbs sample time: 5.2e-05 seconds
probability of topic_Person_54 is 0.488394

mode equations: influence compute time (equations): 0.000843 seconds
influence of hasword_utexa_54 on topic_Person_54 is -0.0116017

pgibbs sample time: 5.5e-05 seconds
probability of topic_Department_60 is 0.519227

mode equations: influence compute time (equations): 0.000832 seconds
influence of hasword_chapter_60 on topic_Department_60 is 0.0192084

pgibbs sample time: 6.8e-05 seconds
probability of topic_Department_47 is 0.403412

mode equations: influence compute time (equations): 0.000839 seconds
influence of r1893 on topic_Department_47 is 0.240671

pgibbs sample time: 8.8e-05 seconds
probability of topic_Course_44 is 0.503376

mode equations: influence compute time (equations): 0.000908 seconds
influence of hasword_oct_44 on topic_Course_44 is 0.00337575

pgibbs sample time: 5.4e-05 seconds
probability of topic_Student_42 is 0.477555

mode equations: influence compute time (equations): 0.000841 seconds
influence of hasword_ed_42 on topic_Student_42 is -0.0224147

pgibbs sample time: 6.9e-05 seconds
probability of topic_Department_20 is 0.536036

mode equations: influence compute time (equations): 0.000843 seconds
influence of hasword_paramet_20 on topic_Department_20 is -0.00305438

pgibbs sample time: 0.00063 seconds
probability of topic_Course_29 is 0.679538

mode equations: influence compute time (equations): 0.001022 seconds
influence of links_50_29 on topic_Course_29 is 0.0151207

pgibbs sample time: 5.5e-05 seconds
probability of topic_ResearchProject_56 is 0.568092

mode equations: influence compute time (equations): 0.000846 seconds
influence of hasword_file_56 on topic_ResearchProject_56 is 0.067247

pgibbs sample time: 5.2e-05 seconds
probability of topic_Person_13 is 0.392505

mode equations: influence compute time (equations): 0.000834 seconds
influence of hasword_includ_13 on topic_Person_13 is -0.104152

pgibbs sample time: 5.1e-05 seconds
probability of topic_Staff_39 is 0.45146

mode equations: influence compute time (equations): 0.000835 seconds
influence of hasword_window_39 on topic_Staff_39 is -0.0482346

pgibbs sample time: 5.1e-05 seconds
probability of topic_Course_39 is 0.609306

mode equations: influence compute time (equations): 0.000839 seconds
influence of hasword_window_39 on topic_Course_39 is 0.10579

pgibbs sample time: 0.000175 seconds
probability of topic_Student_48 is 0.280194

mode equations: influence compute time (equations): 0.000868 seconds
influence of links_45_48 on topic_Student_48 is 0.0116207

pgibbs sample time: 0.000202 seconds
probability of topic_Faculty_57 is 0.473516

mode equations: influence compute time (equations): 0.000874 seconds
influence of links_57_61 on topic_Faculty_57 is -0.0133918

pgibbs sample time: 5.1e-05 seconds
probability of topic_Person_46 is 0.484718

mode equations: influence compute time (equations): 0.000835 seconds
influence of hasword_html_46 on topic_Person_46 is -0.0152721

pgibbs sample time: 5.2e-05 seconds
probability of topic_Staff_54 is 0.494667

mode equations: influence compute time (equations): 0.000832 seconds
influence of hasword_utexa_54 on topic_Staff_54 is -0.00533299

pgibbs sample time: 5.5e-05 seconds
probability of topic_ResearchProject_32 is 0.48916

mode equations: influence compute time (equations): 0.000876 seconds
influence of hasword_past_32 on topic_ResearchProject_32 is -0.0108368

pgibbs sample time: 5.4e-05 seconds
probability of topic_Faculty_43 is 0.547991

mode equations: influence compute time (equations): 0.000841 seconds
influence of hasword_sequenc_43 on topic_Faculty_43 is 0.0476958

pgibbs sample time: 5.2e-05 seconds
probability of topic_Staff_18 is 0.403287

mode equations: influence compute time (equations): 0.000837 seconds
influence of hasword_version_18 on topic_Staff_18 is -0.094282

pgibbs sample time: 5.3e-05 seconds
probability of topic_Department_24 is 0.505703

mode equations: influence compute time (equations): 0.000837 seconds
influence of hasword_ta_24 on topic_Department_24 is 0.00570261

pgibbs sample time: 5.1e-05 seconds
probability of topic_Person_22 is 0.594433

mode equations: influence compute time (equations): 0.000886 seconds
influence of hasword_machin_22 on topic_Person_22 is 0.0921709

pgibbs sample time: 5.1e-05 seconds
probability of topic_Course_33 is 0.592702

mode equations: influence compute time (equations): 0.000841 seconds
influence of hasword_faculti_33 on topic_Course_33 is 0.0905631

pgibbs sample time: 5.2e-05 seconds
probability of topic_Person_7 is 0.478904

mode equations: influence compute time (equations): 0.00084 seconds
influence of hasword_architectur_7 on topic_Person_7 is -0.0210708

pgibbs sample time: 5.4e-05 seconds
probability of topic_ResearchProject_41 is 0.472546

mode equations: influence compute time (equations): 0.000841 seconds
influence of hasword_version_41 on topic_ResearchProject_41 is -0.0273984

pgibbs sample time: 0.000623 seconds
probability of topic_Staff_29 is 0.506415

mode equations: influence compute time (equations): 0.001029 seconds
influence of links_50_29 on topic_Staff_29 is 0.0162171

pgibbs sample time: 5.3e-05 seconds
probability of topic_Course_22 is 0.47663

mode equations: influence compute time (equations): 0.000842 seconds
influence of hasword_machin_22 on topic_Course_22 is -0.0233364

pgibbs sample time: 5.4e-05 seconds
probability of topic_Faculty_25 is 0.429819

mode equations: influence compute time (equations): 0.000841 seconds
influence of hasword_modifi_25 on topic_Faculty_25 is -0.0692556

pgibbs sample time: 5.3e-05 seconds
probability of topic_Person_53 is 0.528734

mode equations: influence compute time (equations): 0.000836 seconds
influence of hasword_environ_53 on topic_Person_53 is 0.0286703

pgibbs sample time: 5.1e-05 seconds
probability of topic_Staff_32 is 0.481494

mode equations: influence compute time (equations): 0.000841 seconds
influence of hasword_past_32 on topic_Staff_32 is -0.0184888

pgibbs sample time: 6.7e-05 seconds
probability of topic_Faculty_3 is 0.537315

mode equations: influence compute time (equations): 0.000845 seconds
influence of r3834 on topic_Faculty_3 is 0.248608

pgibbs sample time: 5.3e-05 seconds
probability of topic_Student_11 is 0.535841

mode equations: influence compute time (equations): 0.000841 seconds
influence of hasword_oct_11 on topic_Student_11 is 0.0357183

pgibbs sample time: 5.3e-05 seconds
probability of topic_ResearchProject_4 is 0.42633

mode equations: influence compute time (equations): 0.00084 seconds
influence of hasword_line_4 on topic_ResearchProject_4 is -0.0725994

pgibbs sample time: 5.4e-05 seconds
probability of topic_ResearchProject_5 is 0.462699

mode equations: influence compute time (equations): 0.000847 seconds
influence of hasword_jan_5 on topic_ResearchProject_5 is -0.0371628

pgibbs sample time: 5.3e-05 seconds
probability of topic_Faculty_58 is 0.545848

mode equations: influence compute time (equations): 0.000843 seconds
influence of hasword_build_58 on topic_Faculty_58 is 0.0455907

pgibbs sample time: 5.2e-05 seconds
probability of topic_Person_40 is 0.486242

mode equations: influence compute time (equations): 0.000842 seconds
influence of hasword_content_40 on topic_Person_40 is -0.0137514

pgibbs sample time: 5.4e-05 seconds
probability of topic_Faculty_56 is 0.45131

mode equations: influence compute time (equations): 0.000842 seconds
influence of hasword_file_56 on topic_Faculty_56 is -0.048382

pgibbs sample time: 0.000201 seconds
probability of topic_Student_57 is 0.495916

mode equations: influence compute time (equations): 0.000878 seconds
influence of links_57_61 on topic_Student_57 is -0.0165925

pgibbs sample time: 0.000191 seconds
probability of topic_Staff_19 is 0.409526

mode equations: influence compute time (equations): 0.00087 seconds
influence of links_19_49 on topic_Staff_19 is -0.0142391

pgibbs sample time: 5.2e-05 seconds
probability of topic_Staff_2 is 0.46321

mode equations: influence compute time (equations): 0.000837 seconds
influence of hasword_resourc_2 on topic_Staff_2 is -0.0366567

pgibbs sample time: 5.5e-05 seconds
probability of topic_Department_10 is 0.428502

mode equations: influence compute time (equations): 0.000836 seconds
influence of hasword_develop_10 on topic_Department_10 is -0.070519

pgibbs sample time: 0.000655 seconds
probability of topic_Student_50 is 0.49062

mode equations: influence compute time (equations): 0.001053 seconds
influence of links_28_50 on topic_Student_50 is 0.0147306

pgibbs sample time: 5.5e-05 seconds
probability of topic_Department_55 is 0.404957

mode equations: influence compute time (equations): 0.00084 seconds
influence of hasword_nation_55 on topic_Department_55 is -0.092737

pgibbs sample time: 0.000666 seconds
probability of topic_ResearchProject_50 is 0.451163

mode equations: influence compute time (equations): 0.001046 seconds
influence of links_29_28 on topic_ResearchProject_50 is -0.000250683

pgibbs sample time: 5.1e-05 seconds
probability of topic_Course_24 is 0.572592

mode equations: influence compute time (equations): 0.000844 seconds
influence of hasword_ta_24 on topic_Course_24 is 0.0715675

pgibbs sample time: 5.2e-05 seconds
probability of topic_Course_64 is 0.426246

mode equations: influence compute time (equations): 0.000838 seconds
influence of hasword_sourc_64 on topic_Course_64 is -0.0726797

pgibbs sample time: 5.4e-05 seconds
probability of topic_Department_8 is 0.649423

mode equations: influence compute time (equations): 0.000836 seconds
influence of hasword_jan_8 on topic_Department_8 is 0.140361

pgibbs sample time: 5.3e-05 seconds
probability of topic_Faculty_62 is 0.505241

mode equations: influence compute time (equations): 0.000846 seconds
influence of hasword_nov_62 on topic_Faculty_62 is 0.00524095

pgibbs sample time: 5.4e-05 seconds
probability of topic_ResearchProject_60 is 0.491475

mode equations: influence compute time (equations): 0.000844 seconds
influence of hasword_chapter_60 on topic_ResearchProject_60 is -0.00852382

pgibbs sample time: 5.5e-05 seconds
probability of topic_Student_53 is 0.455285

mode equations: influence compute time (equations): 0.000841 seconds
influence of hasword_environ_53 on topic_Student_53 is -0.0444762

pgibbs sample time: 0.000553 seconds
probability of topic_Person_28 is 0.433109

mode equations: influence compute time (equations): 0.001023 seconds
influence of links_29_28 on topic_Person_28 is 0.0126337

pgibbs sample time: 5.5e-05 seconds
probability of topic_Department_64 is 0.410617

mode equations: influence compute time (equations): 0.000843 seconds
influence of hasword_sourc_64 on topic_Department_64 is -0.0874667

pgibbs sample time: 5.4e-05 seconds
probability of topic_ResearchProject_12 is 0.385555

mode equations: influence compute time (equations): 0.000834 seconds
influence of hasword_univers_12 on topic_ResearchProject_12 is -0.110405

pgibbs sample time: 5.5e-05 seconds
probability of topic_Student_10 is 0.540469

mode equations: influence compute time (equations): 0.000837 seconds
influence of hasword_develop_10 on topic_Student_10 is 0.0402921

pgibbs sample time: 5.1e-05 seconds
probability of topic_Person_60 is 0.475019

mode equations: influence compute time (equations): 0.000848 seconds
influence of hasword_chapter_60 on topic_Person_60 is -0.0249396

pgibbs sample time: 5.4e-05 seconds
probability of topic_Faculty_18 is 0.413153

mode equations: influence compute time (equations): 0.000841 seconds
influence of hasword_version_18 on topic_Faculty_18 is -0.0850898

pgibbs sample time: 0.000625 seconds
probability of topic_Staff_28 is 0.483024

mode equations: influence compute time (equations): 0.001024 seconds
influence of links_50_29 on topic_Staff_28 is 0.000379004

pgibbs sample time: 5.5e-05 seconds
probability of topic_ResearchProject_26 is 0.619086

mode equations: influence compute time (equations): 0.000844 seconds
influence of hasword_paper_26 on topic_ResearchProject_26 is 0.11453

pgibbs sample time: 5.2e-05 seconds
probability of topic_Person_21 is 0.469376

mode equations: influence compute time (equations): 0.000838 seconds
influence of hasword_definit_21 on topic_Person_21 is -0.030547

pgibbs sample time: 5.2e-05 seconds
probability of topic_Course_41 is 0.403024

mode equations: influence compute time (equations): 0.000839 seconds
influence of hasword_version_41 on topic_Course_41 is -0.094525

pgibbs sample time: 5.4e-05 seconds
probability of topic_ResearchProject_53 is 0.558442

mode equations: influence compute time (equations): 0.000876 seconds
influence of hasword_environ_53 on topic_ResearchProject_53 is 0.0579079

pgibbs sample time: 0.000667 seconds
probability of topic_ResearchProject_28 is 0.457256

mode equations: influence compute time (equations): 0.001056 seconds
influence of links_29_28 on topic_ResearchProject_28 is 0.0171659

pgibbs sample time: 5.4e-05 seconds
probability of topic_Department_6 is 0.442131

mode equations: influence compute time (equations): 0.000853 seconds
influence of hasword_texa_6 on topic_Department_6 is -0.0573511

pgibbs sample time: 5.4e-05 seconds
probability of topic_Faculty_33 is 0.600296

mode equations: influence compute time (equations): 0.000837 seconds
influence of hasword_faculti_33 on topic_Faculty_33 is 0.0975839

pgibbs sample time: 6.6e-05 seconds
probability of topic_Course_20 is 0.422117

mode equations: influence compute time (equations): 0.000842 seconds
influence of hasword_paramet_20 on topic_Course_20 is -0.0364579

pgibbs sample time: 5.2e-05 seconds
probability of topic_Staff_9 is 0.49267

mode equations: influence compute time (equations): 0.000844 seconds
influence of hasword_confer_9 on topic_Staff_9 is -0.0073294

pgibbs sample time: 5.5e-05 seconds
probability of topic_Student_59 is 0.604096

mode equations: influence compute time (equations): 0.000843 seconds
influence of hasword_class_59 on topic_Student_59 is 0.101062

pgibbs sample time: 5.3e-05 seconds
probability of topic_Student_56 is 0.402692

mode equations: influence compute time (equations): 0.000841 seconds
influence of hasword_file_56 on topic_Student_56 is -0.0948321

pgibbs sample time: 5.2e-05 seconds
probability of topic_Faculty_7 is 0.456971

mode equations: influence compute time (equations): 0.000847 seconds
influence of hasword_architectur_7 on topic_Faculty_7 is -0.0428158

pgibbs sample time: 0.000553 seconds
probability of topic_Person_50 is 0.499035

mode equations: influence compute time (equations): 0.001029 seconds
influence of links_29_28 on topic_Person_50 is -1.80364e-05

pgibbs sample time: 5.5e-05 seconds
probability of topic_Department_27 is 0.649423

mode equations: influence compute time (equations): 0.000844 seconds
influence of hasword_jan_27 on topic_Department_27 is 0.140361

pgibbs sample time: 5.4e-05 seconds
probability of topic_Student_43 is 0.474627

mode equations: influence compute time (equations): 0.000838 seconds
influence of hasword_sequenc_43 on topic_Student_43 is -0.0253296

pgibbs sample time: 5.3e-05 seconds
probability of topic_Faculty_8 is 0.489816

mode equations: influence compute time (equations): 0.000838 seconds
influence of hasword_jan_8 on topic_Faculty_8 is -0.0101812

pgibbs sample time: 5.2e-05 seconds
probability of topic_Staff_41 is 0.403287

mode equations: influence compute time (equations): 0.000843 seconds
influence of hasword_version_41 on topic_Staff_41 is -0.094282

pgibbs sample time: 5.3e-05 seconds
probability of topic_Department_56 is 0.488853

mode equations: influence compute time (equations): 0.000849 seconds
influence of hasword_file_56 on topic_Department_56 is -0.0111432

pgibbs sample time: 5.2e-05 seconds
probability of topic_Person_55 is 0.600506

mode equations: influence compute time (equations): 0.000841 seconds
influence of hasword_nation_55 on topic_Person_55 is 0.0977764

pgibbs sample time: 5.5e-05 seconds
probability of topic_Department_43 is 0.478045

mode equations: influence compute time (equations): 0.000843 seconds
influence of hasword_sequenc_43 on topic_Department_43 is -0.0219273

pgibbs sample time: 5.4e-05 seconds
probability of topic_Person_26 is 0.508625

mode equations: influence compute time (equations): 0.000846 seconds
influence of hasword_paper_26 on topic_Person_26 is 0.00862308

pgibbs sample time: 5.1e-05 seconds
probability of topic_Course_26 is 0.561148

mode equations: influence compute time (equations): 0.000844 seconds
influence of hasword_paper_26 on topic_Course_26 is 0.0605368

pgibbs sample time: 5.4e-05 seconds
probability of topic_Department_9 is 0.498341

mode equations: influence compute time (equations): 0.000846 seconds
influence of hasword_confer_9 on topic_Department_9 is -0.00165877

pgibbs sample time: 5.5e-05 seconds
probability of topic_ResearchProject_55 is 0.404631

mode equations: influence compute time (equations): 0.000933 seconds
influence of hasword_nation_55 on topic_ResearchProject_55 is -0.0930389

pgibbs sample time: 5.3e-05 seconds
probability of topic_ResearchProject_18 is 0.472546

mode equations: influence compute time (equations): 0.00085 seconds
influence of hasword_version_18 on topic_ResearchProject_18 is -0.0273984

pgibbs sample time: 5.1e-05 seconds
probability of topic_Person_56 is 0.354767

mode equations: influence compute time (equations): 0.000845 seconds
influence of hasword_file_56 on topic_Person_56 is -0.136921

pgibbs sample time: 0.000201 seconds
probability of topic_Student_61 is 0.58022

mode equations: influence compute time (equations): 0.00088 seconds
influence of links_57_61 on topic_Student_61 is 0.0141618

pgibbs sample time: 5.5e-05 seconds
probability of topic_Student_14 is 0.429057

mode equations: influence compute time (equations): 0.000835 seconds
influence of hasword_solution_14 on topic_Student_14 is -0.0699866

pgibbs sample time: 0.000191 seconds
probability of topic_Course_48 is 0.447399

mode equations: influence compute time (equations): 0.000874 seconds
influence of links_45_48 on topic_Course_48 is 0.0167022

pgibbs sample time: 5e-05 seconds
probability of topic_Staff_27 is 0.576178

mode equations: influence compute time (equations): 0.000862 seconds
influence of hasword_jan_27 on topic_Staff_27 is 0.0749938

pgibbs sample time: 5.1e-05 seconds
probability of topic_Person_25 is 0.489056

mode equations: influence compute time (equations): 0.000839 seconds
influence of hasword_modifi_25 on topic_Person_25 is -0.0109402

pgibbs sample time: 6.6e-05 seconds
probability of topic_Person_20 is 0.561812

mode equations: influence compute time (equations): 0.00085 seconds
influence of hasword_paramet_20 on topic_Person_20 is -0.0155995

pgibbs sample time: 5.2e-05 seconds
probability of topic_Person_65 is 0.509793

mode equations: influence compute time (equations): 0.000845 seconds
influence of hasword_deriv_65 on topic_Person_65 is 0.00979069

pgibbs sample time: 6.5e-05 seconds
probability of topic_Staff_3 is 0.55322

mode equations: influence compute time (equations): 0.000846 seconds
influence of r2345 on topic_Staff_3 is 0.247168

pgibbs sample time: 0.000203 seconds
probability of topic_Faculty_49 is 0.520247

mode equations: influence compute time (equations): 0.00088 seconds
influence of links_19_49 on topic_Faculty_49 is 0.0178482

pgibbs sample time: 5.2e-05 seconds
probability of topic_Person_27 is 0.505972

mode equations: influence compute time (equations): 0.000843 seconds
influence of hasword_jan_27 on topic_Person_27 is 0.00597112

pgibbs sample time: 5.3e-05 seconds
probability of topic_Course_25 is 0.43891

mode equations: influence compute time (equations): 0.000841 seconds
influence of hasword_modifi_25 on topic_Course_25 is -0.0604797

pgibbs sample time: 5e-05 seconds
probability of topic_Course_30 is 0.57454

mode equations: influence compute time (equations): 0.000846 seconds
influence of hasword_room_30 on topic_Course_30 is 0.0734309

pgibbs sample time: 0.000676 seconds
probability of topic_Faculty_29 is 0.42266

mode equations: influence compute time (equations): 0.001049 seconds
influence of links_50_29 on topic_Faculty_29 is 0.016367

pgibbs sample time: 5.5e-05 seconds
probability of topic_ResearchProject_47 is 0.474738

mode equations: influence compute time (equations): 0.000849 seconds
influence of hasword_intellig_47 on topic_ResearchProject_47 is -0.0252187

pgibbs sample time: 5.6e-05 seconds
probability of topic_Faculty_41 is 0.413153

mode equations: influence compute time (equations): 0.00084 seconds
influence of hasword_version_41 on topic_Faculty_41 is -0.0850898

pgibbs sample time: 5.4e-05 seconds
probability of topic_Faculty_26 is 0.590197

mode equations: influence compute time (equations): 0.000841 seconds
influence of hasword_paper_26 on topic_Faculty_26 is 0.0882276

pgibbs sample time: 5.2e-05 seconds
probability of topic_Staff_36 is 0.433882

mode equations: influence compute time (equations): 0.000852 seconds
influence of hasword_content_36 on topic_Staff_36 is -0.065344

pgibbs sample time: 5.2e-05 seconds
probability of topic_Staff_52 is 0.497988

mode equations: influence compute time (equations): 0.000848 seconds
influence of hasword_count_52 on topic_Staff_52 is -0.00201193

pgibbs sample time: 5.3e-05 seconds
probability of topic_Student_31 is 0.644178

mode equations: influence compute time (equations): 0.000846 seconds
influence of hasword_write_31 on topic_Student_31 is 0.136048

pgibbs sample time: 0.000186 seconds
probability of topic_Course_61 is 0.448118

mode equations: influence compute time (equations): 0.000874 seconds
influence of links_57_61 on topic_Course_61 is 0.0141082

pgibbs sample time: 5.4e-05 seconds
probability of topic_ResearchProject_39 is 0.554075

mode equations: influence compute time (equations): 0.000842 seconds
influence of hasword_window_39 on topic_ResearchProject_39 is 0.0536528

pgibbs sample time: 5.2e-05 seconds
probability of topic_Person_2 is 0.370696

mode equations: influence compute time (equations): 0.000839 seconds
influence of hasword_resourc_2 on topic_Person_2 is -0.12346

pgibbs sample time: 5.3e-05 seconds
probability of topic_Student_62 is 0.712049

mode equations: influence compute time (equations): 0.000854 seconds
influence of hasword_nov_62 on topic_Student_62 is 0.18563

pgibbs sample time: 5.2e-05 seconds
probability of topic_Course_36 is 0.419663

mode equations: influence compute time (equations): 0.000846 seconds
influence of hasword_content_36 on topic_Course_36 is -0.0789471

pgibbs sample time: 5.2e-05 seconds
probability of topic_Staff_65 is 0.492522

mode equations: influence compute time (equations): 0.000846 seconds
influence of hasword_deriv_65 on topic_Staff_65 is -0.00747733

pgibbs sample time: 5.4e-05 seconds
probability of topic_Department_15 is 0.499992

mode equations: influence compute time (equations): 0.000846 seconds
influence of hasword_wa_15 on topic_Department_15 is -7.80145e-06

pgibbs sample time: 5.4e-05 seconds
probability of topic_Department_54 is 0.498531

mode equations: influence compute time (equations): 0.000849 seconds
influence of hasword_utexa_54 on topic_Department_54 is -0.00146926

pgibbs sample time: 5.3e-05 seconds
probability of topic_Student_58 is 0.391642

mode equations: influence compute time (equations): 0.00093 seconds
influence of hasword_build_58 on topic_Student_58 is -0.104933

pgibbs sample time: 5.4e-05 seconds
probability of topic_ResearchProject_59 is 0.463025

mode equations: influence compute time (equations): 0.000849 seconds
influence of hasword_class_59 on topic_ResearchProject_59 is -0.0368404

pgibbs sample time: 5.3e-05 seconds
probability of topic_Staff_40 is 0.433882

mode equations: influence compute time (equations): 0.000847 seconds
influence of hasword_content_40 on topic_Staff_40 is -0.065344

pgibbs sample time: 5e-05 seconds
probability of topic_Person_62 is 0.713581

mode equations: influence compute time (equations): 0.000847 seconds
influence of hasword_nov_62 on topic_Person_62 is 0.186569

pgibbs sample time: 5.1e-05 seconds
probability of topic_Faculty_1 is 0.582985

mode equations: influence compute time (equations): 0.000849 seconds
influence of hasword_base_1 on topic_Faculty_1 is 0.0814527

pgibbs sample time: 5.4e-05 seconds
probability of topic_Student_13 is 0.323068

mode equations: influence compute time (equations): 0.000851 seconds
influence of hasword_includ_13 on topic_Student_13 is -0.16177

pgibbs sample time: 5e-05 seconds
probability of topic_Staff_15 is 0.49999

mode equations: influence compute time (equations): 0.000851 seconds
influence of hasword_wa_15 on topic_Staff_15 is -9.6694e-06

pgibbs sample time: 0.000675 seconds
probability of topic_Faculty_50 is 0.423994

mode equations: influence compute time (equations): 0.001068 seconds
influence of links_50_29 on topic_Faculty_50 is -0.0124326

pgibbs sample time: 5.1e-05 seconds
probability of topic_Student_1 is 0.360939

mode equations: influence compute time (equations): 0.000849 seconds
influence of hasword_base_1 on topic_Student_1 is -0.131775

pgibbs sample time: 0.000203 seconds
probability of topic_Department_61 is 0.323961

mode equations: influence compute time (equations): 0.000885 seconds
influence of rl on topic_Department_61 is -0.105183

pgibbs sample time: 5.3e-05 seconds
probability of topic_Student_7 is 0.457388

mode equations: influence compute time (equations): 0.000841 seconds
influence of hasword_architectur_7 on topic_Student_7 is -0.0424053

pgibbs sample time: 0.000191 seconds
probability of topic_Course_45 is 0.407546

mode equations: influence compute time (equations): 0.000877 seconds
influence of links_45_48 on topic_Course_45 is -0.0125135

pgibbs sample time: 5.4e-05 seconds
probability of topic_Department_40 is 0.477106

mode equations: influence compute time (equations): 0.000841 seconds
influence of hasword_content_40 on topic_Department_40 is -0.0228623

pgibbs sample time: 0.000657 seconds
probability of topic_Student_28 is 0.502006

mode equations: influence compute time (equations): 0.001157 seconds
influence of links_28_50 on topic_Student_28 is -0.0145076

pgibbs sample time: 5.2e-05 seconds
probability of topic_Person_34 is 0.658047

mode equations: influence compute time (equations): 0.000849 seconds
influence of hasword_ph_34 on topic_Person_34 is 0.147299

pgibbs sample time: 0.000663 seconds
probability of topic_ResearchProject_29 is 0.393727

mode equations: influence compute time (equations): 0.001052 seconds
influence of links_29_28 on topic_ResearchProject_29 is -0.012633

pgibbs sample time: 5.3e-05 seconds
probability of topic_Course_54 is 0.499943

mode equations: influence compute time (equations): 0.00085 seconds
influence of hasword_utexa_54 on topic_Course_54 is -5.73072e-05

pgibbs sample time: 0.000203 seconds
probability of topic_Faculty_48 is 0.47618

mode equations: influence compute time (equations): 0.000887 seconds
influence of rl on topic_Faculty_48 is -0.155654

pgibbs sample time: 5.2e-05 seconds
probability of topic_Staff_22 is 0.556612

mode equations: influence compute time (equations): 0.000846 seconds
influence of hasword_machin_22 on topic_Staff_22 is 0.0561269

pgibbs sample time: 0.000208 seconds
probability of topic_Student_49 is 0.580124

mode equations: influence compute time (equations): 0.000884 seconds
influence of links_19_49 on topic_Student_49 is 0.0148652

pgibbs sample time: 5.5e-05 seconds
probability of topic_ResearchProject_27 is 0.462699

mode equations: influence compute time (equations): 0.000839 seconds
influence of hasword_jan_27 on topic_ResearchProject_27 is -0.0371628

pgibbs sample time: 5.4e-05 seconds
probability of topic_Department_46 is 0.481264

mode equations: influence compute time (equations): 0.000841 seconds
influence of hasword_html_46 on topic_Department_46 is -0.0187183

pgibbs sample time: 5.3e-05 seconds
probability of topic_Staff_7 is 0.533315

mode equations: influence compute time (equations): 0.00085 seconds
influence of hasword_architectur_7 on topic_Staff_7 is 0.0332164

pgibbs sample time: 5.3e-05 seconds
probability of topic_ResearchProject_6 is 0.46694

mode equations: influence compute time (equations): 0.000854 seconds
influence of hasword_texa_6 on topic_ResearchProject_6 is -0.032964

pgibbs sample time: 5.2e-05 seconds
probability of topic_Course_13 is 0.474874

mode equations: influence compute time (equations): 0.000848 seconds
influence of hasword_includ_13 on topic_Course_13 is -0.0250835

pgibbs sample time: 5.4e-05 seconds
probability of topic_Student_40 is 0.48777

mode equations: influence compute time (equations): 0.000845 seconds
influence of hasword_content_40 on topic_Student_40 is -0.0122252

pgibbs sample time: 5.3e-05 seconds
probability of topic_ResearchProject_30 is 0.467464

mode equations: influence compute time (equations): 0.000852 seconds
influence of hasword_room_30 on topic_ResearchProject_30 is -0.0324438

pgibbs sample time: 6.9e-05 seconds
probability of topic_Student_3 is 0.339562

mode equations: influence compute time (equations): 0.000853 seconds
influence of hasword_librari_3 on topic_Student_3 is -0.127536

pgibbs sample time: 5.2e-05 seconds
probability of topic_Person_12 is 0.627792

mode equations: influence compute time (equations): 0.000848 seconds
influence of hasword_univers_12 on topic_Person_12 is 0.122152

pgibbs sample time: 5.3e-05 seconds
probability of topic_Student_64 is 0.429005

mode equations: influence compute time (equations): 0.000898 seconds
influence of hasword_sourc_64 on topic_Student_64 is -0.0700367

pgibbs sample time: 5.2e-05 seconds
probability of topic_Course_55 is 0.483306

mode equations: influence compute time (equations): 0.000853 seconds
influence of hasword_nation_55 on topic_Course_55 is -0.0166815

pgibbs sample time: 5.1e-05 seconds
probability of topic_Staff_51 is 0.459285

mode equations: influence compute time (equations): 0.000851 seconds
influence of hasword_effici_51 on topic_Staff_51 is -0.0405352

pgibbs sample time: 5.4e-05 seconds
probability of topic_Department_59 is 0.531776

mode equations: influence compute time (equations): 0.000853 seconds
influence of hasword_class_59 on topic_Department_59 is 0.0316902

pgibbs sample time: 0.000199 seconds
probability of topic_Staff_61 is 0.496709

mode equations: influence compute time (equations): 0.000877 seconds
influence of links_57_61 on topic_Staff_61 is 0.0157319

pgibbs sample time: 5.3e-05 seconds
probability of topic_Staff_6 is 0.464129

mode equations: influence compute time (equations): 0.000841 seconds
influence of hasword_texa_6 on topic_Staff_6 is -0.0357481

pgibbs sample time: 5.4e-05 seconds
probability of topic_Department_4 is 0.471881

mode equations: influence compute time (equations): 0.000846 seconds
influence of hasword_line_4 on topic_Department_4 is -0.0280597

pgibbs sample time: 0.00019 seconds
probability of topic_Person_19 is 0.469693

mode equations: influence compute time (equations): 0.000883 seconds
influence of links_19_49 on topic_Person_19 is -0.0154235

pgibbs sample time: 5.1e-05 seconds
probability of topic_Staff_5 is 0.576178

mode equations: influence compute time (equations): 0.000841 seconds
influence of hasword_jan_5 on topic_Staff_5 is 0.0749938

pgibbs sample time: 5.4e-05 seconds
probability of topic_Student_46 is 0.486212

mode equations: influence compute time (equations): 0.000844 seconds
influence of hasword_html_46 on topic_Student_46 is -0.0137815

pgibbs sample time: 5.5e-05 seconds
probability of topic_ResearchProject_33 is 0.461472

mode equations: influence compute time (equations): 0.000851 seconds
influence of hasword_faculti_33 on topic_ResearchProject_33 is -0.0383755

pgibbs sample time: 5.3e-05 seconds
probability of topic_ResearchProject_8 is 0.462699

mode equations: influence compute time (equations): 0.00085 seconds
influence of hasword_jan_8 on topic_ResearchProject_8 is -0.0371628

pgibbs sample time: 5.3e-05 seconds
probability of topic_Course_2 is 0.543988

mode equations: influence compute time (equations): 0.000853 seconds
influence of hasword_resourc_2 on topic_Course_2 is 0.0437609

pgibbs sample time: 0.000175 seconds
probability of topic_Student_45 is 0.492178

mode equations: influence compute time (equations): 0.000884 seconds
influence of links_45_48 on topic_Student_45 is -0.00814473

pgibbs sample time: 0.000209 seconds
probability of topic_ResearchProject_57 is 0.490842

mode equations: influence compute time (equations): 0.000887 seconds
influence of rl on topic_ResearchProject_57 is 0.126416

pgibbs sample time: 0.000553 seconds
probability of topic_Person_29 is 0.551562

mode equations: influence compute time (equations): 0.001042 seconds
influence of links_29_28 on topic_Person_29 is -0.0123107

pgibbs sample time: 5.3e-05 seconds
probability of topic_Person_9 is 0.413319

mode equations: influence compute time (equations): 0.000849 seconds
influence of hasword_confer_9 on topic_Person_9 is -0.0849333

pgibbs sample time: 5.5e-05 seconds
probability of topic_ResearchProject_31 is 0.426625

mode equations: influence compute time (equations): 0.000844 seconds
influence of hasword_write_31 on topic_ResearchProject_31 is -0.0723173

pgibbs sample time: 5.1e-05 seconds
probability of topic_Person_6 is 0.48059

mode equations: influence compute time (equations): 0.000845 seconds
influence of hasword_texa_6 on topic_Person_6 is -0.0193907

pgibbs sample time: 5.3e-05 seconds
probability of topic_Student_15 is 0.499987

mode equations: influence compute time (equations): 0.00085 seconds
influence of hasword_wa_15 on topic_Student_15 is -1.25863e-05

pgibbs sample time: 5.4e-05 seconds
probability of topic_Faculty_21 is 0.457664

mode equations: influence compute time (equations): 0.000984 seconds
influence of hasword_definit_21 on topic_Faculty_21 is -0.042133

pgibbs sample time: 5.1e-05 seconds
probability of topic_Course_11 is 0.503376

mode equations: influence compute time (equations): 0.000848 seconds
influence of hasword_oct_11 on topic_Course_11 is 0.00337575

pgibbs sample time: 5.2e-05 seconds
probability of topic_Staff_59 is 0.482744

mode equations: influence compute time (equations): 0.000849 seconds
influence of hasword_class_59 on topic_Staff_59 is -0.0172428

pgibbs sample time: 5.4e-05 seconds
probability of topic_Student_60 is 0.508464

mode equations: influence compute time (equations): 0.00085 seconds
influence of hasword_chapter_60 on topic_Student_60 is 0.00846277

pgibbs sample time: 5.2e-05 seconds
probability of topic_Staff_42 is 0.525784

mode equations: influence compute time (equations): 0.000851 seconds
influence of hasword_ed_42 on topic_Staff_42 is 0.0257384

pgibbs sample time: 0.000207 seconds
probability of topic_Student_19 is 0.470048

mode equations: influence compute time (equations): 0.000884 seconds
influence of links_19_49 on topic_Student_19 is -0.016551

pgibbs sample time: 5.2e-05 seconds
probability of topic_Person_45 is 0.486242

mode equations: influence compute time (equations): 0.000848 seconds
influence of hasword_text_45 on topic_Person_45 is -0.0137514

pgibbs sample time: 6.9e-05 seconds
probability of topic_ResearchProject_20 is 0.60689

mode equations: influence compute time (equations): 0.000849 seconds
influence of hasword_paramet_20 on topic_ResearchProject_20 is -0.0178295

pgibbs sample time: 5.3e-05 seconds
probability of topic_Student_36 is 0.48777

mode equations: influence compute time (equations): 0.000851 seconds
influence of hasword_content_36 on topic_Student_36 is -0.0122252

pgibbs sample time: 5.4e-05 seconds
probability of topic_Department_31 is 0.48089

mode equations: influence compute time (equations): 0.00085 seconds
influence of hasword_write_31 on topic_Department_31 is -0.0190916

pgibbs sample time: 5.4e-05 seconds
probability of topic_ResearchProject_65 is 0.52688

mode equations: influence compute time (equations): 0.000848 seconds
influence of hasword_deriv_65 on topic_ResearchProject_65 is 0.0268277

pgibbs sample time: 5.5e-05 seconds
probability of topic_ResearchProject_25 is 0.474026

mode equations: influence compute time (equations): 0.000848 seconds
influence of hasword_modifi_25 on topic_ResearchProject_25 is -0.0259268

pgibbs sample time: 0.000191 seconds
probability of topic_Staff_49 is 0.510432

mode equations: influence compute time (equations): 0.000884 seconds
influence of links_19_49 on topic_Staff_49 is 0.0168747

pgibbs sample time: 5.4e-05 seconds
probability of topic_Faculty_11 is 0.573274

mode equations: influence compute time (equations): 0.000843 seconds
influence of hasword_oct_11 on topic_Faculty_11 is 0.0722204

pgibbs sample time: 5.3e-05 seconds
probability of topic_Department_62 is 0.63036

mode equations: influence compute time (equations): 0.000844 seconds
influence of hasword_nov_62 on topic_Department_62 is 0.12437

pgibbs sample time: 5.4e-05 seconds
probability of topic_ResearchProject_58 is 0.572808

mode equations: influence compute time (equations): 0.000854 seconds
influence of hasword_build_58 on topic_ResearchProject_58 is 0.0717739

pgibbs sample time: 5.3e-05 seconds
probability of topic_Staff_53 is 0.493536

mode equations: influence compute time (equations): 0.000863 seconds
influence of hasword_environ_53 on topic_Staff_53 is -0.00646354

pgibbs sample time: 5.4e-05 seconds
probability of topic_Student_25 is 0.50726

mode equations: influence compute time (equations): 0.000848 seconds
influence of hasword_modifi_25 on topic_Student_25 is 0.00725899

pgibbs sample time: 6.6e-05 seconds
probability of topic_Staff_35 is 0.450619

mode equations: influence compute time (equations): 0.000857 seconds
influence of r4077 on topic_Staff_35 is 0.247562

pgibbs sample time: 5.4e-05 seconds
probability of topic_Department_52 is 0.470703

mode equations: influence compute time (equations): 0.000852 seconds
influence of hasword_count_52 on topic_Department_52 is -0.02923

pgibbs sample time: 0.000207 seconds
probability of topic_ResearchProject_48 is 0.834278

mode equations: influence compute time (equations): 0.000896 seconds
influence of rl on topic_ResearchProject_48 is -0.0840442

pgibbs sample time: 5.6e-05 seconds
probability of topic_Faculty_63 is 0.475786

mode equations: influence compute time (equations): 0.000845 seconds
influence of hasword_chang_63 on topic_Faculty_63 is -0.0241759

pgibbs sample time: 5.4e-05 seconds
probability of topic_ResearchProject_10 is 0.522631

mode equations: influence compute time (equations): 0.000845 seconds
influence of hasword_develop_10 on topic_ResearchProject_10 is 0.0226005

pgibbs sample time: 5.3e-05 seconds
probability of topic_Department_2 is 0.473854

mode equations: influence compute time (equations): 0.000851 seconds
influence of hasword_resourc_2 on topic_Department_2 is -0.0260987

pgibbs sample time: 5.4e-05 seconds
probability of topic_Student_34 is 0.595173

mode equations: influence compute time (equations): 0.000855 seconds
influence of hasword_ph_34 on topic_Student_34 is 0.0928572

pgibbs sample time: 5.3e-05 seconds
probability of topic_ResearchProject_40 is 0.437775

mode equations: influence compute time (equations): 0.000849 seconds
influence of hasword_content_40 on topic_ResearchProject_40 is -0.061581

pgibbs sample time: 5.4e-05 seconds
probability of topic_Student_38 is 0.45027

mode equations: influence compute time (equations): 0.000955 seconds
influence of hasword_colleg_38 on topic_Student_38 is -0.0494009

pgibbs sample time: 5.1e-05 seconds
probability of topic_Staff_44 is 0.426056

mode equations: influence compute time (equations): 0.000852 seconds
influence of hasword_oct_44 on topic_Staff_44 is -0.0728611

pgibbs sample time: 5.4e-05 seconds
probability of topic_Faculty_53 is 0.565351

mode equations: influence compute time (equations): 0.000853 seconds
influence of hasword_environ_53 on topic_Faculty_53 is 0.0646039

pgibbs sample time: 0.000627 seconds
probability of topic_Course_50 is 0.416141

mode equations: influence compute time (equations): 0.00103 seconds
influence of links_50_29 on topic_Course_50 is -0.0192934

pgibbs sample time: 5.5e-05 seconds
probability of topic_Student_44 is 0.535841

mode equations: influence compute time (equations): 0.000854 seconds
influence of hasword_oct_44 on topic_Student_44 is 0.0357183

pgibbs sample time: 0.000672 seconds
probability of topic_Department_29 is 0.359288

mode equations: influence compute time (equations): 0.001054 seconds
influence of links_29_28 on topic_Department_29 is -0.0127281

pgibbs sample time: 5.3e-05 seconds
probability of topic_Staff_11 is 0.426056

mode equations: influence compute time (equations): 0.000857 seconds
influence of hasword_oct_11 on topic_Staff_11 is -0.0728611

pgibbs sample time: 5.4e-05 seconds
probability of topic_Faculty_34 is 0.478399

mode equations: influence compute time (equations): 0.000851 seconds
influence of hasword_ph_34 on topic_Faculty_34 is -0.0215742

pgibbs sample time: 7e-05 seconds
probability of topic_Course_47 is 0.497654

mode equations: influence compute time (equations): 0.000865 seconds
influence of hasword_task_47 on topic_Course_47 is -0.0134241

pgibbs sample time: 5.2e-05 seconds
probability of topic_Course_60 is 0.476368

mode equations: influence compute time (equations): 0.000852 seconds
influence of hasword_chapter_60 on topic_Course_60 is -0.0235967

pgibbs sample time: 0.000667 seconds
probability of topic_Department_28 is 0.477524

mode equations: influence compute time (equations): 0.001068 seconds
influence of links_29_28 on topic_Department_28 is 0.0182226

pgibbs sample time: 5.3e-05 seconds
probability of topic_Course_38 is 0.476705

mode equations: influence compute time (equations): 0.000853 seconds
influence of hasword_colleg_38 on topic_Course_38 is -0.0232612

pgibbs sample time: 5.5e-05 seconds
probability of topic_ResearchProject_64 is 0.478715

mode equations: influence compute time (equations): 0.000847 seconds
influence of hasword_sourc_64 on topic_ResearchProject_64 is -0.0212594

pgibbs sample time: 6.9e-05 seconds
probability of topic_Course_12 is 0.549023

mode equations: influence compute time (equations): 0.000908 seconds
influence of hasword_univers_12 on topic_Course_12 is 0.0487087

pgibbs sample time: 5.1e-05 seconds
probability of topic_Course_14 is 0.598526

mode equations: influence compute time (equations): 0.000855 seconds
influence of hasword_solution_14 on topic_Course_14 is 0.0959558

pgibbs sample time: 5e-05 seconds
probability of topic_Person_36 is 0.486242

mode equations: influence compute time (equations): 0.000853 seconds
influence of hasword_content_36 on topic_Person_36 is -0.0137514

pgibbs sample time: 5.5e-05 seconds
probability of topic_Faculty_44 is 0.573274

mode equations: influence compute time (equations): 0.000851 seconds
influence of hasword_oct_44 on topic_Faculty_44 is 0.0722204

pgibbs sample time: 0.000195 seconds
probability of topic_Course_19 is 0.404021

mode equations: influence compute time (equations): 0.000881 seconds
influence of r721 on topic_Course_19 is -0.00663228

pgibbs sample time: 5.6e-05 seconds
probability of topic_Faculty_40 is 0.401781

mode equations: influence compute time (equations): 0.000845 seconds
influence of hasword_content_40 on topic_Faculty_40 is -0.0956723

pgibbs sample time: 5.3e-05 seconds
probability of topic_Staff_20 is 0.471449

mode equations: influence compute time (equations): 0.000846 seconds
influence of hasword_press_20 on topic_Staff_20 is -0.0284888

pgibbs sample time: 5.4e-05 seconds
probability of topic_Department_58 is 0.432485

mode equations: influence compute time (equations): 0.000858 seconds
influence of hasword_build_58 on topic_Department_58 is -0.0666914

pgibbs sample time: 0.000194 seconds
probability of topic_Course_49 is 0.440614

mode equations: influence compute time (equations): 0.000881 seconds
influence of r721 on topic_Course_49 is 0.246656

pgibbs sample time: 5.5e-05 seconds
probability of topic_ResearchProject_9 is 0.64307

mode equations: influence compute time (equations): 0.000844 seconds
influence of hasword_confer_9 on topic_ResearchProject_9 is 0.135128

pgibbs sample time: 5.5e-05 seconds
probability of topic_Faculty_16 is 0.519859

mode equations: influence compute time (equations): 0.000846 seconds
influence of hasword_manag_16 on topic_Faculty_16 is 0.019838

pgibbs sample time: 5.4e-05 seconds
probability of topic_Faculty_60 is 0.457381

mode equations: influence compute time (equations): 0.000854 seconds
influence of hasword_chapter_60 on topic_Faculty_60 is -0.0424123

pgibbs sample time: 5.4e-05 seconds
probability of topic_ResearchProject_52 is 0.492954

mode equations: influence compute time (equations): 0.000853 seconds
influence of hasword_count_52 on topic_ResearchProject_52 is -0.00704533

pgibbs sample time: 5.1e-05 seconds
probability of topic_Staff_46 is 0.423377

mode equations: influence compute time (equations): 0.000854 seconds
influence of hasword_html_46 on topic_Staff_46 is -0.0754173

pgibbs sample time: 5.3e-05 seconds
probability of topic_Faculty_27 is 0.489816

mode equations: influence compute time (equations): 0.000849 seconds
influence of hasword_jan_27 on topic_Faculty_27 is -0.0101812

pgibbs sample time: 0.000165 seconds
probability of topic_Person_57 is 0.484515

mode equations: influence compute time (equations): 0.000876 seconds
influence of hasword_paul_61 on topic_Person_57 is -0.00112179

pgibbs sample time: 0.000209 seconds
probability of topic_Department_19 is 0.467877

mode equations: influence compute time (equations): 0.000886 seconds
influence of links_19_49 on topic_Department_19 is -0.0137905

pgibbs sample time: 5.3e-05 seconds
probability of topic_Course_40 is 0.419663

mode equations: influence compute time (equations): 0.000843 seconds
influence of hasword_content_40 on topic_Course_40 is -0.0789471

pgibbs sample time: 5.5e-05 seconds
probability of topic_Faculty_39 is 0.471164

mode equations: influence compute time (equations): 0.000847 seconds
influence of hasword_window_39 on topic_Faculty_39 is -0.0287725

pgibbs sample time: 0.000213 seconds
probability of topic_Department_49 is 0.480803

mode equations: influence compute time (equations): 0.000886 seconds
influence of links_19_49 on topic_Department_49 is 0.0152181

pgibbs sample time: 5.3e-05 seconds
probability of topic_Staff_13 is 0.505232

mode equations: influence compute time (equations): 0.00085 seconds
influence of hasword_includ_13 on topic_Staff_13 is 0.00523205

pgibbs sample time: 5.4e-05 seconds
probability of topic_Department_36 is 0.477106

mode equations: influence compute time (equations): 0.000846 seconds
influence of hasword_content_36 on topic_Department_36 is -0.0228623

pgibbs sample time: 5.4e-05 seconds
probability of topic_Student_63 is 0.459782

mode equations: influence compute time (equations): 0.000856 seconds
influence of hasword_chang_63 on topic_Student_63 is -0.0400442

pgibbs sample time: 5.1e-05 seconds
probability of topic_Course_5 is 0.47654

mode equations: influence compute time (equations): 0.000851 seconds
influence of hasword_jan_5 on topic_Course_5 is -0.0234259

pgibbs sample time: 5.4e-05 seconds
probability of topic_Department_18 is 0.420875

mode equations: influence compute time (equations): 0.00085 seconds
influence of hasword_version_18 on topic_Department_18 is -0.0777974

pgibbs sample time: 5.4e-05 seconds
probability of topic_ResearchProject_2 is 0.531836

mode equations: influence compute time (equations): 0.000855 seconds
influence of hasword_resourc_2 on topic_ResearchProject_2 is 0.0317498

pgibbs sample time: 5.2e-05 seconds
probability of topic_Staff_25 is 0.392841

mode equations: influence compute time (equations): 0.000857 seconds
influence of hasword_modifi_25 on topic_Staff_25 is -0.103847

pgibbs sample time: 6.9e-05 seconds
probability of topic_Faculty_20 is 0.502822

mode equations: influence compute time (equations): 0.000859 seconds
influence of hasword_paramet_20 on topic_Faculty_20 is -0.0215721

pgibbs sample time: 5.2e-05 seconds
probability of topic_Staff_56 is 0.44278

mode equations: influence compute time (equations): 0.000852 seconds
influence of hasword_file_56 on topic_Staff_56 is -0.0567193

pgibbs sample time: 5.3e-05 seconds
probability of topic_Course_58 is 0.511101

mode equations: influence compute time (equations): 0.000852 seconds
influence of hasword_build_58 on topic_Course_58 is 0.0110972

pgibbs sample time: 5.4e-05 seconds
probability of topic_Faculty_23 is 0.446163

mode equations: influence compute time (equations): 0.000897 seconds
influence of hasword_materi_23 on topic_Faculty_23 is -0.0534204

pgibbs sample time: 5.4e-05 seconds
probability of topic_ResearchProject_43 is 0.495024

mode equations: influence compute time (equations): 0.000861 seconds
influence of hasword_sequenc_43 on topic_ResearchProject_43 is -0.00497521

pgibbs sample time: 5.3e-05 seconds
probability of topic_Person_33 is 0.362689

mode equations: influence compute time (equations): 0.000854 seconds
influence of hasword_faculti_33 on topic_Person_33 is -0.130299

pgibbs sample time: 6.7e-05 seconds
probability of topic_Faculty_35 is 0.508726

mode equations: influence compute time (equations): 0.00086 seconds
influence of r4712 on topic_Faculty_35 is 0.249924

pgibbs sample time: 5.2e-05 seconds
probability of topic_Person_42 is 0.533634

mode equations: influence compute time (equations): 0.000856 seconds
influence of hasword_ed_42 on topic_Person_42 is 0.0335323

pgibbs sample time: 5.5e-05 seconds
probability of topic_Faculty_13 is 0.571956

mode equations: influence compute time (equations): 0.000856 seconds
influence of hasword_includ_13 on topic_Faculty_13 is 0.0709588

pgibbs sample time: 5.3e-05 seconds
probability of topic_Course_32 is 0.501126

mode equations: influence compute time (equations): 0.000853 seconds
influence of hasword_past_32 on topic_Course_32 is 0.00112557

pgibbs sample time: 5.3e-05 seconds
probability of topic_ResearchProject_44 is 0.368362

mode equations: influence compute time (equations): 0.000876 seconds
influence of hasword_oct_44 on topic_ResearchProject_44 is -0.125468

pgibbs sample time: 5.3e-05 seconds
probability of topic_Person_14 is 0.41584

mode equations: influence compute time (equations): 0.000859 seconds
influence of hasword_solution_14 on topic_Person_14 is -0.0825617

pgibbs sample time: 5.1e-05 seconds
probability of topic_Faculty_4 is 0.543529

mode equations: influence compute time (equations): 0.000857 seconds
influence of hasword_line_4 on topic_Faculty_4 is 0.043309

pgibbs sample time: 5.4e-05 seconds
probability of topic_Faculty_37 is 0.419826

mode equations: influence compute time (equations): 0.000858 seconds
influence of hasword_gmt_37 on topic_Faculty_37 is -0.0787922

pgibbs sample time: 5.2e-05 seconds
probability of topic_Course_31 is 0.429063

mode equations: influence compute time (equations): 0.000855 seconds
influence of hasword_write_31 on topic_Course_31 is -0.0699815

pgibbs sample time: 5.4e-05 seconds
probability of topic_Faculty_46 is 0.387388

mode equations: influence compute time (equations): 0.000863 seconds
influence of hasword_html_46 on topic_Faculty_46 is -0.108764

pgibbs sample time: 5.4e-05 seconds
probability of topic_ResearchProject_42 is 0.489998

mode equations: influence compute time (equations): 0.000864 seconds
influence of hasword_ed_42 on topic_ResearchProject_42 is -0.00999887

pgibbs sample time: 5.1e-05 seconds
probability of topic_Staff_4 is 0.464657

mode equations: influence compute time (equations): 0.000858 seconds
influence of hasword_line_4 on topic_Staff_4 is -0.0352256

pgibbs sample time: 5.1e-05 seconds
probability of topic_Course_15 is 0.499992

mode equations: influence compute time (equations): 0.000858 seconds
influence of hasword_wa_15 on topic_Course_15 is -8.26645e-06

pgibbs sample time: 5.3e-05 seconds
probability of topic_Staff_64 is 0.468231

mode equations: influence compute time (equations): 0.000861 seconds
influence of hasword_sourc_64 on topic_Staff_64 is -0.0316838

pgibbs sample time: 5e-05 seconds
probability of topic_Faculty_5 is 0.489816

mode equations: influence compute time (equations): 0.000858 seconds
influence of hasword_jan_5 on topic_Faculty_5 is -0.0101812

pgibbs sample time: 5.3e-05 seconds
probability of topic_ResearchProject_14 is 0.41612

mode equations: influence compute time (equations): 0.000865 seconds
influence of hasword_solution_14 on topic_ResearchProject_14 is -0.0822971

pgibbs sample time: 5.4e-05 seconds
probability of topic_Department_12 is 0.615446

mode equations: influence compute time (equations): 0.000866 seconds
influence of hasword_univers_12 on topic_Department_12 is 0.111298

pgibbs sample time: 6.9e-05 seconds
probability of topic_Student_35 is 0.595316

mode equations: influence compute time (equations): 0.000866 seconds
influence of r2842 on topic_Student_35 is 0.240915

pgibbs sample time: 5.3e-05 seconds
probability of topic_Department_41 is 0.420875

mode equations: influence compute time (equations): 0.00086 seconds
influence of hasword_version_41 on topic_Department_41 is -0.0777974

pgibbs sample time: 5.2e-05 seconds
probability of topic_Person_5 is 0.505972

mode equations: influence compute time (equations): 0.000861 seconds
influence of hasword_jan_5 on topic_Person_5 is 0.00597112

pgibbs sample time: 5.2e-05 seconds
probability of topic_Course_59 is 0.632866

mode equations: influence compute time (equations): 0.00086 seconds
influence of hasword_class_59 on topic_Course_59 is 0.12652

pgibbs sample time: 5.1e-05 seconds
probability of topic_Course_56 is 0.431197

mode equations: influence compute time (equations): 0.000867 seconds
influence of hasword_file_56 on topic_Course_56 is -0.0679314

pgibbs sample time: 5.4e-05 seconds
probability of topic_Department_63 is 0.419932

mode equations: influence compute time (equations): 0.000862 seconds
influence of hasword_chang_63 on topic_Department_63 is -0.078692

pgibbs sample time: 5e-05 seconds
probability of topic_Student_4 is 0.415944

mode equations: influence compute time (equations): 0.00086 seconds
influence of hasword_line_4 on topic_Student_4 is -0.0824629

pgibbs sample time: 5.2e-05 seconds
probability of topic_Staff_38 is 0.425495

mode equations: influence compute time (equations): 0.00086 seconds
influence of hasword_colleg_38 on topic_Staff_38 is -0.0733975

pgibbs sample time: 5.4e-05 seconds
probability of topic_Department_51 is 0.484068

mode equations: influence compute time (equations): 0.000865 seconds
influence of hasword_effici_51 on topic_Department_51 is -0.0159215

pgibbs sample time: 5.4e-05 seconds
probability of topic_Student_8 is 0.524583

mode equations: influence compute time (equations): 0.000882 seconds
influence of hasword_jan_8 on topic_Student_8 is 0.0245437

pgibbs sample time: 5.3e-05 seconds
probability of topic_Student_30 is 0.428999

mode equations: influence compute time (equations): 0.000903 seconds
influence of hasword_room_30 on topic_Student_30 is -0.0700423

pgibbs sample time: 5.1e-05 seconds
probability of topic_Course_27 is 0.47654

mode equations: influence compute time (equations): 0.000865 seconds
influence of hasword_jan_27 on topic_Course_27 is -0.0234259

pgibbs sample time: 5e-05 seconds
probability of topic_Person_11 is 0.557225

mode equations: influence compute time (equations): 0.000863 seconds
influence of hasword_oct_11 on topic_Person_11 is 0.0567239

pgibbs sample time: 5e-05 seconds
probability of topic_Staff_1 is 0.40605

mode equations: influence compute time (equations): 0.000863 seconds
influence of hasword_base_1 on topic_Staff_1 is -0.0917226

pgibbs sample time: 5.1e-05 seconds
probability of topic_Staff_31 is 0.497695

mode equations: influence compute time (equations): 0.000863 seconds
influence of hasword_write_31 on topic_Staff_31 is -0.00230539

pgibbs sample time: 5.5e-05 seconds
probability of topic_Department_25 is 0.39707

mode equations: influence compute time (equations): 0.000864 seconds
influence of hasword_modifi_25 on topic_Department_25 is -0.0999966

pgibbs sample time: 5.4e-05 seconds
probability of topic_Student_21 is 0.461851

mode equations: influence compute time (equations): 0.000866 seconds
influence of hasword_definit_21 on topic_Student_21 is -0.0380012

pgibbs sample time: 6.8e-05 seconds
probability of topic_ResearchProject_35 is 0.443406

mode equations: influence compute time (equations): 0.000875 seconds
influence of r961 on topic_ResearchProject_35 is 0.246797

pgibbs sample time: 5.2e-05 seconds
probability of topic_Person_43 is 0.484264

mode equations: influence compute time (equations): 0.000867 seconds
influence of hasword_sequenc_43 on topic_Person_43 is -0.0157261

pgibbs sample time: 5.5e-05 seconds
probability of topic_Department_17 is 0.396274

mode equations: influence compute time (equations): 0.000864 seconds
influence of hasword_postscript_17 on topic_Department_17 is -0.100724

pgibbs sample time: 5.4e-05 seconds
probability of topic_Faculty_12 is 0.57307

mode equations: influence compute time (equations): 0.000867 seconds
influence of hasword_univers_12 on topic_Faculty_12 is 0.0720247

pgibbs sample time: 5.3e-05 seconds
probability of topic_Student_24 is 0.561816

mode equations: influence compute time (equations): 0.000865 seconds
influence of hasword_ta_24 on topic_Student_24 is 0.061184

pgibbs sample time: 5.3e-05 seconds
probability of topic_ResearchProject_62 is 0.620402

mode equations: influence compute time (equations): 0.000867 seconds
influence of hasword_nov_62 on topic_ResearchProject_62 is 0.115692

pgibbs sample time: 5e-05 seconds
probability of topic_Staff_8 is 0.576178

mode equations: influence compute time (equations): 0.00087 seconds
influence of hasword_jan_8 on topic_Staff_8 is 0.0749938

pgibbs sample time: 5.5e-05 seconds
probability of topic_ResearchProject_7 is 0.521083

mode equations: influence compute time (equations): 0.000866 seconds
influence of hasword_architectur_7 on topic_ResearchProject_7 is 0.0210576

pgibbs sample time: 5.3e-05 seconds
probability of topic_ResearchProject_37 is 0.442936

mode equations: influence compute time (equations): 0.000865 seconds
influence of hasword_gmt_37 on topic_ResearchProject_37 is -0.0565672

pgibbs sample time: 6.8e-05 seconds
probability of topic_Student_20 is 0.556916

mode equations: influence compute time (equations): 0.000873 seconds
influence of r3184 on topic_Student_20 is 0.246761

pgibbs sample time: 5e-05 seconds
probability of topic_Staff_62 is 0.492361

mode equations: influence compute time (equations): 0.000864 seconds
influence of hasword_nov_62 on topic_Staff_62 is -0.00763809

pgibbs sample time: 6.7e-05 seconds
probability of topic_Course_35 is 0.433978

mode equations: influence compute time (equations): 0.000871 seconds
influence of hasword_event_35 on topic_Course_35 is -0.048801

pgibbs sample time: 6.9e-05 seconds
probability of topic_Faculty_17 is 0.590494

mode equations: influence compute time (equations): 0.000874 seconds
influence of hasword_area_17 on topic_Faculty_17 is 0.0610928

pgibbs sample time: 5.3e-05 seconds
probability of topic_Student_22 is 0.620895

mode equations: influence compute time (equations): 0.00087 seconds
influence of hasword_machin_22 on topic_Student_22 is 0.116126

pgibbs sample time: 5e-05 seconds
probability of topic_Person_24 is 0.505543

mode equations: influence compute time (equations): 0.000866 seconds
influence of hasword_ta_24 on topic_Person_24 is 0.00554267

pgibbs sample time: 5.4e-05 seconds
probability of topic_Faculty_10 is 0.546112

mode equations: influence compute time (equations): 0.00087 seconds
influence of hasword_develop_10 on topic_Faculty_10 is 0.0458499

pgibbs sample time: 5.4e-05 seconds
probability of topic_ResearchProject_38 is 0.47691

mode equations: influence compute time (equations): 0.000867 seconds
influence of hasword_colleg_38 on topic_ResearchProject_38 is -0.0230567

pgibbs sample time: 0.000203 seconds
probability of topic_Faculty_45 is 0.38907

mode equations: influence compute time (equations): 0.000892 seconds
influence of rl on topic_Faculty_45 is 0.117317

pgibbs sample time: 5.4e-05 seconds
probability of topic_Department_30 is 0.425499

mode equations: influence compute time (equations): 0.00085 seconds
influence of hasword_room_30 on topic_Department_30 is -0.0733938

pgibbs sample time: 5.4e-05 seconds
probability of topic_ResearchProject_36 is 0.437775

mode equations: influence compute time (equations): 0.000852 seconds
influence of hasword_content_36 on topic_ResearchProject_36 is -0.061581

pgibbs sample time: 5.3e-05 seconds
probability of topic_Department_34 is 0.375511

mode equations: influence compute time (equations): 0.000855 seconds
influence of hasword_ph_34 on topic_Department_34 is -0.119279

pgibbs sample time: 5.3e-05 seconds
probability of topic_Department_37 is 0.480109

mode equations: influence compute time (equations): 0.000853 seconds
influence of hasword_gmt_37 on topic_Department_37 is -0.01987

pgibbs sample time: 5.2e-05 seconds
probability of topic_Staff_17 is 0.582035

mode equations: influence compute time (equations): 0.00085 seconds
influence of hasword_area_17 on topic_Staff_17 is 0.0805546

pgibbs sample time: 5.4e-05 seconds
probability of topic_Department_26 is 0.513549

mode equations: influence compute time (equations): 0.000891 seconds
influence of hasword_paper_26 on topic_Department_26 is 0.0135419

pgibbs sample time: 0.000203 seconds
probability of topic_Department_45 is 0.46245

mode equations: influence compute time (equations): 0.000903 seconds
influence of rl on topic_Department_45 is 0.134812

pgibbs sample time: 5.1e-05 seconds
probability of topic_Faculty_6 is 0.478687

mode equations: influence compute time (equations): 0.00085 seconds
influence of hasword_texa_6 on topic_Faculty_6 is -0.0212869

pgibbs sample time: 6.9e-05 seconds
probability of topic_ResearchProject_17 is 0.475538

mode equations: influence compute time (equations): 0.000851 seconds
influence of hasword_postscript_17 on topic_ResearchProject_17 is -0.0240514

pgibbs sample time: 5.1e-05 seconds
probability of topic_Person_32 is 0.509178

mode equations: influence compute time (equations): 0.000853 seconds
influence of hasword_past_32 on topic_Person_32 is 0.00917561

pgibbs sample time: 5.1e-05 seconds
probability of topic_Staff_26 is 0.529301

mode equations: influence compute time (equations): 0.000853 seconds
influence of hasword_paper_26 on topic_Staff_26 is 0.0292335

pgibbs sample time: 5.4e-05 seconds
probability of topic_Department_42 is 0.498238

mode equations: influence compute time (equations): 0.000852 seconds
influence of hasword_ed_42 on topic_Department_42 is -0.00176185

pgibbs sample time: 5.4e-05 seconds
probability of topic_Student_12 is 0.603862

mode equations: influence compute time (equations): 0.000856 seconds
influence of hasword_univers_12 on topic_Student_12 is 0.100848

pgibbs sample time: 0.000203 seconds
probability of topic_Faculty_61 is 0.46604

mode equations: influence compute time (equations): 0.000895 seconds
influence of links_57_61 on topic_Faculty_61 is 0.0150025

pgibbs sample time: 5.4e-05 seconds
probability of topic_Course_7 is 0.452575

mode equations: influence compute time (equations): 0.000846 seconds
influence of hasword_architectur_7 on topic_Course_7 is -0.0471396

pgibbs sample time: 6.6e-05 seconds
probability of topic_Person_35 is 0.54342

mode equations: influence compute time (equations): 0.00085 seconds
influence of r3563 on topic_Person_35 is 0.248115

pgibbs sample time: 5.5e-05 seconds
probability of topic_ResearchProject_51 is 0.503802

mode equations: influence compute time (equations): 0.000858 seconds
influence of hasword_effici_51 on topic_ResearchProject_51 is 0.00380181

pgibbs sample time: 5.1e-05 seconds
probability of topic_Student_6 is 0.527927

mode equations: influence compute time (equations): 0.000853 seconds
influence of hasword_texa_6 on topic_Student_6 is 0.027869

pgibbs sample time: 5.3e-05 seconds
probability of topic_Student_55 is 0.556822

mode equations: influence compute time (equations): 0.000858 seconds
influence of hasword_nation_55 on topic_Student_55 is 0.0563315

pgibbs sample time: 5.1e-05 seconds
probability of topic_Person_8 is 0.505972

mode equations: influence compute time (equations): 0.000852 seconds
influence of hasword_jan_8 on topic_Person_8 is 0.00597112

pgibbs sample time: 5.1e-05 seconds
probability of topic_Course_37 is 0.425378

mode equations: influence compute time (equations): 0.000856 seconds
influence of hasword_gmt_37 on topic_Course_37 is -0.0735086

pgibbs sample time: 5.1e-05 seconds
probability of topic_Staff_24 is 0.4906

mode equations: influence compute time (equations): 0.000947 seconds
influence of hasword_ta_24 on topic_Staff_24 is -0.0093973

pgibbs sample time: 5.1e-05 seconds
probability of topic_Person_37 is 0.498179

mode equations: influence compute time (equations): 0.000852 seconds
influence of hasword_gmt_37 on topic_Person_37 is -0.00182059

pgibbs sample time: 5.3e-05 seconds
probability of topic_Person_52 is 0.476126

mode equations: influence compute time (equations): 0.000853 seconds
influence of hasword_count_52 on topic_Person_52 is -0.0238381

pgibbs sample time: 5.5e-05 seconds
probability of topic_Student_18 is 0.52095

mode equations: influence compute time (equations): 0.000866 seconds
influence of hasword_version_18 on topic_Student_18 is 0.0209253

pgibbs sample time: 5.2e-05 seconds
probability of topic_Person_10 is 0.513057

mode equations: influence compute time (equations): 0.000855 seconds
influence of hasword_develop_10 on topic_Person_10 is 0.013051

pgibbs sample time: 5.2e-05 seconds
probability of topic_Staff_23 is 0.455511

mode equations: influence compute time (equations): 0.000856 seconds
influence of hasword_materi_23 on topic_Staff_23 is -0.0442534

pgibbs sample time: 5.4e-05 seconds
probability of topic_ResearchProject_34 is 0.411882

mode equations: influence compute time (equations): 0.000857 seconds
influence of hasword_ph_34 on topic_ResearchProject_34 is -0.086282

pgibbs sample time: 5e-05 seconds
probability of topic_Person_15 is 0.499978

mode equations: influence compute time (equations): 0.000859 seconds
influence of hasword_wa_15 on topic_Person_15 is -2.15427e-05

pgibbs sample time: 5.3e-05 seconds
probability of topic_Student_27 is 0.524583

mode equations: influence compute time (equations): 0.000859 seconds
influence of hasword_jan_27 on topic_Student_27 is 0.0245437

pgibbs sample time: 0.000203 seconds
probability of topic_Faculty_19 is 0.373694

mode equations: influence compute time (equations): 0.000894 seconds
influence of links_19_49 on topic_Faculty_19 is -0.0140637

pgibbs sample time: 5.4e-05 seconds
probability of topic_Faculty_42 is 0.496983

mode equations: influence compute time (equations): 0.000852 seconds
influence of hasword_ed_42 on topic_Faculty_42 is -0.00301644

