observed tuples: r3380 r465 r4745 r3898 r511 r3157 r1907 r258 r4130 r3362 r3969 r2465 r2222 r1772 r3656 r2992 r50 r3982 r565 r3392 r3653 r4427 r3347 r2396 r2874 r3078 r978 r576 r4775 r1660 r4739 r4459 r3589 r3519 r4304 r1709 r4600 r2765 r3192 r2726 r4920 r2127 r1470 r3092 r3565 r2525 r347 r1575 r3313 r4863 r2950 r1256 r593 r3641 r2492 r810 r4208 r2029 r2354 r1063 r3348 r543 r1004 r2741 r3315 r3923 r919 r3879 r4108 r549 r4654 r3673 r3224 r861 r3472 r4243 r3518 r1229 r2042 r1491 r1812 r3400 r734 r559 r4365 r3319 r305 r3137 r3710 r1931 r2612 r2230 r3435 r4396 r2586 r2618 r4571 r1389 r2763 r4367 r2161 r4755 r3927 r60 r2636 r1524 r4101 r232 r4224 r3783 r4234 r2394 r2472 r78 r3728 r620 r4146 r929 r3857 r3998 r3574 r1873 r263 r3866 r1823 r3535 r980 r2952 r4688 r3247 r2431 r1189 r2049 r4987 r4307 r2880 r1452 r1428 r3184 r3167 r1180 r4712 r365 r2376 r1490 r3415 r4022 r3388 r1462 r4612 r4082 r4768 r2143 r2099 r1897 r2125 r4891 r2875 r721 r651 r9 r3793 r4156 r4503 r4632 r4629 r4425 r2804 r2597 r4894 r2831 r4565 r155 r1104 r702 r2947 r1320 r4871 r126 r1787 r3425 r798 r3168 r3950 r3475 r2746 r558 r2274 r3661 r3559 r3013 r1989 r419 r2253 r1726 r423 r1471 r3246 r1832 r4067 r3308 r3474 r2795 r3786 r2173 r2014 r3298 r381 r1353 r304 r3386 r3800 r2660 r1782 r3720 r3363 r3893 r1984 r3831 r3810 r4334 r3042 r2215 r897 r3745 r1558 r2245 r4030 r4744 r1380 r3961 r3222 r3420 r2055 r3986 r411 r1479 r2367 r2265 r359 r2794 r2847 r1195 r3816 r424 r2623 r4150 r4771 r2011 r3611 r4222 r2390 r2153 r2264 r1838 r1626 r677 r374 r1994 r256 r2483 r4123 r3787 r2844 r1083 r4919 r2756 r1149 r1829 r561 r2543 r4658 r1953 r3083 r4093 r3468 r2255 r2720 r1295 r4841 r192 links_134_11 hasword_queri_76 r4494 r2088 r1032 r3433 hasword_suggest_91 r2384 r3807 links_87_35 r1287 r2093 r4656 hasword_text_45 hasword_materi_23 hasword_move_48 r1377 r1520 r3256 hasword_text_21 r4089 r2478 links_41_72 r1078 r4924 r2100 r3076 links_133_24 r913 hasword_tx_133 r3834 r2084 r75 r2263 hasword_utexa_54 r991 r2456 hasword_gmt_76 r2913 hasword_austin_69 r2734 links_110_130 r4232 r3478 r4358 r3536 r3979 r408 hasword_experi_92 links_41_106 r2588 links_41_174 hasword_june_118 r2235 r303 r1707 r1258 hasword_parallel_72 r2981 r2549 r809 r3708 r4324 r769 r1305 r495 r1285 hasword_wide_35 r298 r2020 r889 hasword_document_92 r4 hasword_server_66 r1277 r1089 hasword_address_157 r2070 r741 r3338 r356 r1891 r2333 r1914 hasword_window_39 hasword_chapter_60 links_54_114 r1325 links_156_126 hasword_left_75 r4610 hasword_direct_63 links_126_54 r3416 r4651 r3757 r2927 hasword_pointer_85 links_87_10 r3576 r631 links_24_133 r3186 links_91_45 r2799 r2242 links_2_199 r4967 r2722 r1437 r3935 hasword_resourc_2 r146 r1116 r392 r750 hasword_creat_96 r536 r4948 r1043 r123 r2818 r784 r1430 r3636 r1093 r214 r4806 r775 r4970 r2791 r206 hasword_principl_83 r3583 r3431 hasword_constraint_76 r2355 r659 r1370 hasword_ph_34 r4558 r3185 hasword_window_99 links_209_36 hasword_task_47 hasword_base_47 r2321 r238 r672 r2616 r3794 r2138 r3 r1642 hasword_modifi_110 r4842 hasword_environ_53 hasword_date_53 r4718 r4487 hasword_ta_24 r4726 r3130 hasword_point_155 r2727 hasword_unit_57 hasword_numer_119 r737 r3221 r2449 r2973 r3934 hasword_time_72 r1282 hasword_librari_3 links_126_59 links_57_61 r1893 hasword_john_116 r3237 r161 r3253 r302 r4972 hasword_unit_7 r4021 r1911 r520 r644 r2908 r455 links_126_3 r342 r1898 r1695 r518 links_13_187 hasword_student_94 r2417 r4820 r4857 hasword_includ_13 r942 r3440 r484 hasword_jan_97 r1546 r3050 r230 hasword_definit_21 r3736 r2608 hasword_mime_114 r4777 r2893 r4077 r1342 r3019 r4033 r3918 r1003 r1386 r3844 links_29_28 r3853 r2527 r3655 hasword_major_41 r2559 r2671 links_41_118 r181 r231 hasword_add_14 r872 r4329 r4111 hasword_logic_7 r1969 r1554 r3524 r4174 r2279 r843 r33 r3516 r3084 r2170 r3907 hasword_build_58 hasword_small_126 r900 links_41_115 r2066 hasword_educ_95 hasword_plan_2 r4071 hasword_train_7 r4603 hasword_manag_25 r4062 r4126 r3188 r912 r1940 r831 r1099 r2668 r353 r2830 r4075 r187 r3428 hasword_group_115 hasword_wide_50 r1333 r144 hasword_aug_98 hasword_html_19 r3707 r722 hasword_ed_42 r2712 r1261 r2999 hasword_class_59 links_91_180 links_30_136 r1775 r1193 r2269 hasword_event_35 r1475 r2486 r2884 r339 hasword_html_46 r1366 r2774 r4906 r1688 r4954 r3836 r1833 r3271 hasword_jan_79 hasword_faculti_33 r1304 hasword_engin_42 r2840 hasword_architectur_7 r3729 r4045 r3894 r4817 r2591 hasword_resourc_78 r2706 hasword_storag_3 hasword_algorithm_84 r3384 r1487 links_168_57 hasword_content_40 hasword_type_136 hasword_develop_10 hasword_space_25 hasword_consist_49 r3590 hasword_institut_169 r818 links_209_33 r1979 links_55_73 hasword_dynam_3 r876 r4648 r4231 links_130_110 r955 hasword_lab_199 r1427 r1385 hasword_bound_52 links_57_168 r1560 r2267 hasword_docum_79 r1871 r3202 r2528 r4159 r1810 r4216 r1961 hasword_parallel_231 hasword_dynam_27 r3563 hasword_engin_87 r3966 links_110_8 links_59_126 hasword_test_125 r790 hasword_made_90 r4706 r4854 r4770 hasword_austin_32 hasword_paramet_20 links_28_102 r3690 r4573 r3393 hasword_nation_55 links_33_209 r2736 hasword_form_77 r4484 hasword_jan_42 hasword_case_155 r62 r2448 links_29_102 hasword_deriv_65 hasword_check_111 hasword_write_31 hasword_jan_27 hasword_india_68 r4563 hasword_april_4 r3818 r1237 r3141 hasword_date_74 hasword_html_118 r3901 r2823 r603 hasword_line_4 hasword_de_4 r3548 links_4_111 r4837 hasword_type_168 r476 r3451 hasword_articl_25 r346 hasword_onlin_88 hasword_page_97 links_65_119 r4845 r797 r1753 r3887 r4512 r2198 hasword_current_35 hasword_hall_102 r4628 r2862 r2857 r4428 hasword_postscript_17 r2389 r2444 r210 hasword_nov_77 hasword_modifi_25 hasword_propos_32 r3546 hasword_confer_9 links_11_67 links_81_20 hasword_press_20 r3856 r2085 r3748 r941 r1674 hasword_investig_106 links_136_125 r4405 r2803 r4195 r615 hasword_mondai_68 r3902 hasword_program_70 r2629 hasword_process_36 hasword_version_41 r337 hasword_nov_62 r4465 r1807 r4855 hasword_gmt_37 r2233 r3365 hasword_paper_26 r3330 r4589 r4692 r4118 r2337 r56 r4104 r4445 r2561 r2714 hasword_score_3 hasword_intellig_47 r1098 r2733 r3947 r4458 r961 r2814 r2719 links_28_50 r962 r2358 r1828 r3749 r3290 r3534 r3312 r1006 r1031 hasword_implem_156 r4117 hasword_open_111 links_48_180 r2452 r2984 r2780 r3067 r1530 r4995 hasword_server_64 r1211 hasword_string_42 links_78_180 hasword_set_42 r2521 r1934 links_45_48 r3501 hasword_sequenc_43 hasword_orient_126 r388 r1409 r834 hasword_larg_126 r3622 r2517 links_126_156 r1887 r4180 r4873 hasword_cern_15 r3719 r2467 r1450 links_29_50 r4533 hasword_wait_52 r4490 r4852 hasword_begin_102 r1498 r4434 r485 r224 r1906 r212 r1494 r3021 r121 hasword_provid_28 r681 hasword_modifi_134 r4730 r2821 links_199_18 links_50_29 r3978 r273 r2461 r2229 r2680 r219 r4816 r2554 links_50_102 hasword_content_36 r4922 hasword_machin_22 r2050 links_50_28 r136 r1019 r1703 r4488 r4835 hasword_system_29 r829 r2276 hasword_www_180 r1944 r351 links_136_30 hasword_train_180 hasword_univers_88 hasword_ftp_174 r4129 r3044 links_209_172 hasword_text_22 r4209 r1276 r4286 r1566 r3160 links_8_110 links_116_93 r4070 r795 r1719 r2842 r205 hasword_prototyp_7 hasword_transfer_12 r1700 r3718 links_111_58 r4938 hasword_utexa_130 r1376 r4635 r4225 hasword_jan_8 r4637 r1132 hasword_support_111 r1270 r29 links_93_116 hasword_mail_209 r3040 r2520 hasword_real_31 r3081 r440 r1254 hasword_file_56 r2896 links_102_50 hasword_version_18 hasword_artifici_145 r2415 links_17_145 r837 r261 r2018 links_25_231 r4392 r3768 hasword_room_30 r4653 r3236 r478 r760 r896 r1580 r960 r4473 r4824 r3426 r840 r2580 r3343 r2176 r4452 r4194 r400 r2395 r1360 r1431 r3234 r4966 hasword_date_172 r2565 r2060 r2640 hasword_area_17 r142 r3724 r4149 links_89_180 r4463 r1227 r1468 r1615 r4993 r794 r1321 r4616 r606 r2096 r591 r4749 r2854 r1410 hasword_wa_15 r4205 r4929 hasword_text_51 r642 hasword_sourc_64 r3383 r1913 links_2_169 r1526 r4341 r3360 r176 r3276 r1737 r4572 hasword_past_32 r1465 r3806 r1332 r4680 r4750 hasword_count_52 r180 r2757 hasword_version_82 r3692 r4996 r4290 r1900 r3017 r2796 r2815 r1424 r2211 r1441 r3520 r4227 r3205 hasword_form_94 r917 r1937 r3600 r3025 r3144 r4031 r4879 r4211 r2168 r1017 r246 hasword_effici_51 r3183 r3725 r10 r4092 r1489 r3031 r1364 r2429 r3873 r990 hasword_solution_14 r4371 r4140 r2829 r1246 r3194 r55 r1266 r2241 r1921 hasword_gmt_50 r3007 hasword_texa_6 r3410 r2859 r1354 r993 r3252 r3897 r4735 r1601 hasword_elem_18 r2785 hasword_base_1 r2611 links_11_134 r4568 r2964 hasword_instruct_81 r4560 r358 r4372 r1557 hasword_oct_44 r2750 r1184 r3555 r1996 r2236 r1225 r3875 r105 r4782 hasword_paul_61 r930 r1763 r1678 r4379 r4843 r2428 r1860 r3539 r1390 r2303 r1603 r4527 hasword_html_94 r4300 r3785 r1136 r1574 r2792 r1696 r3689 hasword_oct_11 r4731 r1319 r4074 r1024 r4800 r2270 hasword_author_93 r2812 hasword_techniqu_89 r3882 hasword_chang_63 r3423 r1435 r2405 r4542 r584 r39 r4642 r3014 r1061 r413 r1622 r3628 hasword_manag_16 hasword_date_80 r1402 hasword_date_23 r893 r3704 r51 r1202 hasword_complet_32 r1638 r4258 hasword_colleg_38 r1057 hasword_mon_94 hasword_jan_120 r4943 hasword_work_71 r349 r1445 r3303 r1025 links_31_92 hasword_mime_86 r1768 hasword_equal_52 r2816 r272 r3492 r2349 r4438 r573 r4081 r3558 hasword_maintain_69 r3255 r1236 r2864 r3813 r3152 r2642 r4165 r3566 r950 r544 r1570 r854 r147 hasword_collect_52 r510 r2516 r3784 r2667 r2458 hasword_logic_187 r836 r2967 r3394 r967 r1675 r982 r4000 r1809 r4107 r1028 r2533 r354 r4332 r2067 r710 r4976 r3069 r1550 r3864 r2701 r666 r2942 r2347 r1269 r4604 r650 r4584 r3601 r4912 r1155 links_31_120 hasword_nov_19 r3828 links_19_49 r2647 r2043 r7 r300 r1811 r3335 r3954 hasword_implement_126 r24 r1339 r2177 r2678 r4740 r4683 r3508 r3462 r3377 hasword_gmt_5 r2345 hasword_jan_5 hasword_network_73 r1001 r3931 r341 r1955 r1910 r3176 r2320 hasword_complex_20 r1217 r2446 r2826 r162 r1764 hasword_order_47 r2266 r2414 r3975 r4665 r3342 hasword_includ_155 r1506 links_155_169 r2589 links_155_157 r3244 r3409 links_155_199 r3239 links_155_133 hasword_univers_12 r2111 links_12_155 links_106_41 r966 r609 r2604 r3914 r2118 r3562 rl r3169 links_3_156 r4431 r70 r2581 r2575 hasword_gmt_67 r2112 r724 r143 r621 r4317 r3735 r1669 r4509 r2534 r4676 r378 
size of observed tuples: 1274
size of unobserved tuples: 871

pgibbs sample time: 0.001006 seconds
probability of topic_Faculty_91 is 0.101412

pgibbs sample time: 0.001037 seconds
probability of topic_Student_174 is 0.109885

pgibbs sample time: 0.001101 seconds
probability of topic_Student_115 is 0.102889

pgibbs sample time: 0.001101 seconds
probability of topic_Student_41 is 0.0856052

pgibbs sample time: 7.3e-05 seconds
probability of topic_Faculty_23 is 0.0700277

pgibbs sample time: 5.6e-05 seconds
probability of topic_Faculty_34 is 0.105926

pgibbs sample time: 5.7e-05 seconds
probability of topic_Department_74 is 0.106577

pgibbs sample time: 0.001418 seconds
probability of topic_Staff_155 is 0.115598

pgibbs sample time: 5.8e-05 seconds
probability of topic_Student_16 is 0.0844266

pgibbs sample time: 5.7e-05 seconds
probability of topic_Department_71 is 0.0982748

pgibbs sample time: 5.7e-05 seconds
probability of topic_Faculty_84 is 0.132199

pgibbs sample time: 0.000205 seconds
probability of topic_Course_119 is 0.113431

pgibbs sample time: 5.8e-05 seconds
probability of topic_ResearchProject_43 is 0.112396

pgibbs sample time: 0.000197 seconds
probability of topic_Staff_145 is 0.108891

pgibbs sample time: 0.000197 seconds
probability of topic_Staff_17 is 0.150893

pgibbs sample time: 5.7e-05 seconds
probability of topic_Staff_13 is 0.116535

pgibbs sample time: 5.6e-05 seconds
probability of topic_Course_82 is 0.0802121

pgibbs sample time: 0.000209 seconds
probability of topic_Department_187 is 0.119863

pgibbs sample time: 0.000208 seconds
probability of topic_Department_13 is 0.16134

pgibbs sample time: 0.000447 seconds
probability of topic_ResearchProject_136 is 0.0969696

pgibbs sample time: 6.9e-05 seconds
probability of topic_Staff_23 is 0.080591

pgibbs sample time: 5.6e-05 seconds
probability of topic_Course_66 is 0.0853862

pgibbs sample time: 0.00093 seconds
probability of topic_Person_106 is 0.195691

pgibbs sample time: 0.00093 seconds
probability of topic_Person_41 is 0.0888281

pgibbs sample time: 0.001636 seconds
probability of topic_Person_12 is 0.166823

pgibbs sample time: 0.001489 seconds
probability of topic_Student_3 is 0.0438655

pgibbs sample time: 0.001626 seconds
probability of topic_ResearchProject_199 is 0.087788

pgibbs sample time: 0.001625 seconds
probability of topic_ResearchProject_169 is 0.154163

pgibbs sample time: 5.7e-05 seconds
probability of topic_Person_98 is 0.143162

pgibbs sample time: 5.7e-05 seconds
probability of topic_Department_85 is 0.107789

pgibbs sample time: 0.000381 seconds
probability of topic_Student_87 is 0.155957

pgibbs sample time: 6.9e-05 seconds
probability of topic_Person_63 is 0.0683341

pgibbs sample time: 0.000432 seconds
probability of topic_Student_111 is 0.168673

pgibbs sample time: 5.6e-05 seconds
probability of topic_Staff_34 is 0.15723

pgibbs sample time: 0.000108 seconds
probability of topic_Course_42 is 0.0360935

pgibbs sample time: 0.000612 seconds
probability of topic_Faculty_209 is 0.109795

pgibbs sample time: 0.000614 seconds
probability of topic_Faculty_33 is 0.174691

pgibbs sample time: 0.001553 seconds
probability of topic_Staff_133 is 0.134386

pgibbs sample time: 0.000631 seconds
probability of topic_Department_33 is 0.352987

pgibbs sample time: 0.000377 seconds
probability of topic_Course_31 is 0.0800749

pgibbs sample time: 5.7e-05 seconds
probability of topic_Faculty_37 is 0.0854832

pgibbs sample time: 0.000432 seconds
probability of topic_Faculty_4 is 0.151454

pgibbs sample time: 5.8e-05 seconds
probability of topic_Faculty_46 is 0.0755157

pgibbs sample time: 5.6e-05 seconds
probability of topic_ResearchProject_80 is 0.0931433

pgibbs sample time: 0.001054 seconds
probability of topic_Faculty_48 is 0.105964

pgibbs sample time: 0.000633 seconds
probability of topic_Department_209 is 0.107078

pgibbs sample time: 0.001693 seconds
probability of topic_Course_157 is 0.0857502

pgibbs sample time: 0.000937 seconds
probability of topic_Person_72 is 0.143658

pgibbs sample time: 7.3e-05 seconds
probability of topic_Faculty_14 is 0.0992434

pgibbs sample time: 5.6e-05 seconds
probability of topic_Staff_16 is 0.138436

pgibbs sample time: 0.00149 seconds
probability of topic_Student_114 is 0.13696

pgibbs sample time: 0.001041 seconds
probability of topic_Course_48 is 0.0966315

pgibbs sample time: 0.000223 seconds
probability of topic_Person_49 is 0.134469

pgibbs sample time: 5.5e-05 seconds
probability of topic_Course_9 is 0.0967018

pgibbs sample time: 0.000361 seconds
probability of topic_Faculty_92 is 0.118765

pgibbs sample time: 0.001713 seconds
probability of topic_Faculty_133 is 0.126882

pgibbs sample time: 5.9e-05 seconds
probability of topic_Department_84 is 0.0857344

pgibbs sample time: 5.6e-05 seconds
probability of topic_Faculty_83 is 0.11006

pgibbs sample time: 5.6e-05 seconds
probability of topic_Staff_63 is 0.0813221

pgibbs sample time: 0.000263 seconds
probability of topic_Faculty_25 is 0.0688121

pgibbs sample time: 0.001492 seconds
probability of topic_Student_54 is 0.120526

pgibbs sample time: 7.2e-05 seconds
probability of topic_Course_14 is 0.160244

pgibbs sample time: 0.00062 seconds
probability of topic_Person_36 is 0.0785205

pgibbs sample time: 5.8e-05 seconds
probability of topic_ResearchProject_99 is 0.138305

pgibbs sample time: 0.000417 seconds
probability of topic_Department_4 is 0.0916364

pgibbs sample time: 7.3e-05 seconds
probability of topic_ResearchProject_63 is 0.18956

pgibbs sample time: 0.00133 seconds
probability of topic_Student_156 is 0.10286

pgibbs sample time: 0.001152 seconds
probability of topic_ResearchProject_29 is 0.0854391

pgibbs sample time: 0.00131 seconds
probability of topic_Course_54 is 0.124042

pgibbs sample time: 0.001307 seconds
probability of topic_Faculty_29 is 0.0940613

pgibbs sample time: 0.00039 seconds
probability of topic_Course_30 is 0.160468

pgibbs sample time: 0.001559 seconds
probability of topic_Staff_2 is 0.100553

pgibbs sample time: 0.001289 seconds
probability of topic_Student_28 is 0.125006

pgibbs sample time: 0.000263 seconds
probability of topic_Faculty_20 is 0.132973

pgibbs sample time: 0.000415 seconds
probability of topic_Person_10 is 0.129875

pgibbs sample time: 0.001072 seconds
probability of topic_ResearchProject_48 is 0.396677

pgibbs sample time: 7.2e-05 seconds
probability of topic_Faculty_69 is 0.0939579

pgibbs sample time: 7.3e-05 seconds
probability of topic_Faculty_63 is 0.0907347

pgibbs sample time: 0.000445 seconds
probability of topic_Course_125 is 0.0992074

pgibbs sample time: 9.6e-05 seconds
probability of topic_Staff_32 is 0.0707103

pgibbs sample time: 0.001078 seconds
probability of topic_Course_106 is 0.11763

pgibbs sample time: 0.00108 seconds
probability of topic_Course_118 is 0.0926203

pgibbs sample time: 5.8e-05 seconds
probability of topic_Faculty_38 is 0.101237

pgibbs sample time: 0.001081 seconds
probability of topic_Course_41 is 0.0680319

pgibbs sample time: 0.000232 seconds
probability of topic_Student_145 is 0.117725

pgibbs sample time: 0.001554 seconds
probability of topic_Staff_12 is 0.110704

pgibbs sample time: 5.5e-05 seconds
probability of topic_Staff_79 is 0.149378

pgibbs sample time: 5.6e-05 seconds
probability of topic_Person_39 is 0.0813615

pgibbs sample time: 0.000171 seconds
probability of topic_Staff_55 is 0.112555

pgibbs sample time: 0.000632 seconds
probability of topic_Department_36 is 0.095665

pgibbs sample time: 0.000445 seconds
probability of topic_ResearchProject_125 is 0.115072

pgibbs sample time: 5.7e-05 seconds
probability of topic_Person_80 is 0.113662

pgibbs sample time: 5.5e-05 seconds
probability of topic_Person_40 is 0.108938

pgibbs sample time: 5.5e-05 seconds
probability of topic_Person_70 is 0.0970152

pgibbs sample time: 0.000299 seconds
probability of topic_Person_136 is 0.117896

pgibbs sample time: 0.001733 seconds
probability of topic_Department_12 is 0.164296

pgibbs sample time: 9.9e-05 seconds
probability of topic_Course_52 is 0.0858677

pgibbs sample time: 0.001735 seconds
probability of topic_Department_24 is 0.125435

pgibbs sample time: 0.000264 seconds
probability of topic_Faculty_81 is 0.102006

pgibbs sample time: 0.000137 seconds
probability of topic_Student_94 is 0.185041

pgibbs sample time: 0.001737 seconds
probability of topic_Department_199 is 0.0802558

pgibbs sample time: 9.7e-05 seconds
probability of topic_Course_94 is 0.0353004

pgibbs sample time: 0.001057 seconds
probability of topic_Department_89 is 0.0978009

pgibbs sample time: 0.000935 seconds
probability of topic_Person_115 is 0.0901214

pgibbs sample time: 5.8e-05 seconds
probability of topic_Course_43 is 0.100844

pgibbs sample time: 5.5e-05 seconds
probability of topic_Person_34 is 0.19909

pgibbs sample time: 0.00028 seconds
probability of topic_Student_116 is 0.0926925

pgibbs sample time: 0.000266 seconds
probability of topic_Department_20 is 0.114369

pgibbs sample time: 0.001712 seconds
probability of topic_Person_199 is 0.134952

pgibbs sample time: 0.00037 seconds
probability of topic_Course_87 is 0.0710556

pgibbs sample time: 0.001717 seconds
probability of topic_Faculty_24 is 0.115284

pgibbs sample time: 0.000261 seconds
probability of topic_Staff_116 is 0.10819

pgibbs sample time: 0.000299 seconds
probability of topic_Staff_93 is 0.127052

pgibbs sample time: 7.2e-05 seconds
probability of topic_Student_88 is 0.213097

pgibbs sample time: 0.000344 seconds
probability of topic_Staff_120 is 0.162442

pgibbs sample time: 5.5e-05 seconds
probability of topic_Student_6 is 0.126224

pgibbs sample time: 0.001511 seconds
probability of topic_Person_114 is 0.129664

pgibbs sample time: 0.001516 seconds
probability of topic_Person_156 is 0.125453

pgibbs sample time: 0.000624 seconds
probability of topic_ResearchProject_172 is 0.102106

pgibbs sample time: 9.9e-05 seconds
probability of topic_Department_94 is 0.24492

pgibbs sample time: 0.001512 seconds
probability of topic_Person_126 is 0.178324

pgibbs sample time: 0.001336 seconds
probability of topic_Faculty_59 is 0.107765

pgibbs sample time: 0.001068 seconds
probability of topic_ResearchProject_72 is 0.089113

pgibbs sample time: 0.00048 seconds
probability of topic_Student_67 is 0.121899

pgibbs sample time: 0.000223 seconds
probability of topic_Course_145 is 0.136014

pgibbs sample time: 0.000117 seconds
probability of topic_Staff_42 is 0.179413

pgibbs sample time: 0.000688 seconds
probability of topic_Student_209 is 0.155784

pgibbs sample time: 0.00012 seconds
probability of topic_Faculty_52 is 0.185607

pgibbs sample time: 0.001079 seconds
probability of topic_Staff_78 is 0.0984967

pgibbs sample time: 0.000284 seconds
probability of topic_Faculty_116 is 0.0965373

pgibbs sample time: 0.000439 seconds
probability of topic_Department_134 is 0.0847092

pgibbs sample time: 5.9e-05 seconds
probability of topic_Person_84 is 0.0971429

pgibbs sample time: 5.6e-05 seconds
probability of topic_Student_1 is 0.0679965

pgibbs sample time: 0.000478 seconds
probability of topic_Department_61 is 0.0607233

pgibbs sample time: 0.001404 seconds
probability of topic_Faculty_50 is 0.120196

pgibbs sample time: 0.001621 seconds
probability of topic_Student_126 is 0.189935

pgibbs sample time: 0.000104 seconds
probability of topic_Student_52 is 0.0862561

pgibbs sample time: 0.000474 seconds
probability of topic_Course_61 is 0.0985688

pgibbs sample time: 0.000222 seconds
probability of topic_Department_17 is 0.0774147

pgibbs sample time: 0.001837 seconds
probability of topic_Faculty_12 is 0.144911

pgibbs sample time: 0.000219 seconds
probability of topic_Course_65 is 0.106912

pgibbs sample time: 0.001638 seconds
probability of topic_Person_59 is 0.144012

pgibbs sample time: 0.000205 seconds
probability of topic_Person_119 is 0.113506

pgibbs sample time: 7.2e-05 seconds
probability of topic_Person_53 is 0.125778

pgibbs sample time: 0.000384 seconds
probability of topic_Department_87 is 0.107054

pgibbs sample time: 5.7e-05 seconds
probability of topic_Faculty_71 is 0.123567

pgibbs sample time: 5.7e-05 seconds
probability of topic_Course_44 is 0.115773

pgibbs sample time: 7.2e-05 seconds
probability of topic_Department_69 is 0.0607513

pgibbs sample time: 0.000436 seconds
probability of topic_Student_58 is 0.0836182

pgibbs sample time: 0.001743 seconds
probability of topic_Department_2 is 0.108137

pgibbs sample time: 0.001123 seconds
probability of topic_Faculty_72 is 0.162846

pgibbs sample time: 0.000508 seconds
probability of topic_Student_8 is 0.13391

pgibbs sample time: 5.8e-05 seconds
probability of topic_Department_95 is 0.117157

pgibbs sample time: 0.000561 seconds
probability of topic_Staff_36 is 0.0745403

pgibbs sample time: 5.7e-05 seconds
probability of topic_Student_96 is 0.0934493

pgibbs sample time: 5.6e-05 seconds
probability of topic_Faculty_96 is 0.105459

pgibbs sample time: 0.001254 seconds
probability of topic_Course_29 is 0.232355

pgibbs sample time: 7e-05 seconds
probability of topic_Person_51 is 0.113927

pgibbs sample time: 0.000195 seconds
probability of topic_Course_55 is 0.106871

pgibbs sample time: 7.2e-05 seconds
probability of topic_Student_64 is 0.0845405

pgibbs sample time: 0.000614 seconds
probability of topic_Faculty_36 is 0.0943895

pgibbs sample time: 5.8e-05 seconds
probability of topic_Student_40 is 0.109533

pgibbs sample time: 7.1e-05 seconds
probability of topic_Student_68 is 0.0661826

pgibbs sample time: 0.000206 seconds
probability of topic_Course_187 is 0.126046

pgibbs sample time: 0.001081 seconds
probability of topic_Course_72 is 0.0796137

pgibbs sample time: 0.000206 seconds
probability of topic_Course_13 is 0.103284

pgibbs sample time: 0.000508 seconds
probability of topic_Course_110 is 0.106992

pgibbs sample time: 7.3e-05 seconds
probability of topic_Department_21 is 0.0973049

pgibbs sample time: 6.9e-05 seconds
probability of topic_Course_97 is 0.140724

pgibbs sample time: 0.001637 seconds
probability of topic_ResearchProject_18 is 0.113584

pgibbs sample time: 0.001643 seconds
probability of topic_ResearchProject_157 is 0.13416

pgibbs sample time: 5.6e-05 seconds
probability of topic_Staff_99 is 0.096097

pgibbs sample time: 0.000206 seconds
probability of topic_ResearchProject_55 is 0.0797653

pgibbs sample time: 0.000428 seconds
probability of topic_Staff_125 is 0.130014

pgibbs sample time: 0.000449 seconds
probability of topic_Department_168 is 0.113277

pgibbs sample time: 0.000382 seconds
probability of topic_ResearchProject_87 is 0.0877373

pgibbs sample time: 5.8e-05 seconds
probability of topic_Department_99 is 0.0873436

pgibbs sample time: 0.000195 seconds
probability of topic_Course_73 is 0.086989

pgibbs sample time: 0.000101 seconds
probability of topic_Student_32 is 0.232068

pgibbs sample time: 0.000455 seconds
probability of topic_ResearchProject_168 is 0.0978239

pgibbs sample time: 0.000389 seconds
probability of topic_ResearchProject_11 is 0.0750954

pgibbs sample time: 5.7e-05 seconds
probability of topic_Course_40 is 0.0854307

pgibbs sample time: 5.8e-05 seconds
probability of topic_Faculty_39 is 0.103209

pgibbs sample time: 5.6e-05 seconds
probability of topic_Staff_90 is 0.171014

pgibbs sample time: 0.000983 seconds
probability of topic_Student_78 is 0.112894

pgibbs sample time: 9.9e-05 seconds
probability of topic_Course_32 is 0.101313

pgibbs sample time: 0.001737 seconds
probability of topic_Department_169 is 0.332648

pgibbs sample time: 5.7e-05 seconds
probability of topic_Staff_83 is 0.108321

pgibbs sample time: 5.7e-05 seconds
probability of topic_ResearchProject_34 is 0.0829609

pgibbs sample time: 6.9e-05 seconds
probability of topic_Student_5 is 0.122128

pgibbs sample time: 0.000939 seconds
probability of topic_Person_118 is 0.166954

pgibbs sample time: 0.000965 seconds
probability of topic_Person_48 is 0.12271

pgibbs sample time: 5.9e-05 seconds
probability of topic_Department_86 is 0.0886948

pgibbs sample time: 0.000445 seconds
probability of topic_ResearchProject_30 is 0.110376

pgibbs sample time: 0.00062 seconds
probability of topic_Person_172 is 0.123673

pgibbs sample time: 7.2e-05 seconds
probability of topic_ResearchProject_53 is 0.114964

pgibbs sample time: 0.001145 seconds
probability of topic_ResearchProject_50 is 0.0921414

pgibbs sample time: 0.001261 seconds
probability of topic_Course_102 is 0.103584

pgibbs sample time: 5.8e-05 seconds
probability of topic_Faculty_62 is 0.116539

pgibbs sample time: 0.000264 seconds
probability of topic_Person_116 is 0.0742613

pgibbs sample time: 0.00107 seconds
probability of topic_Faculty_180 is 0.219258

pgibbs sample time: 0.000275 seconds
probability of topic_Student_93 is 0.0376121

pgibbs sample time: 7.2e-05 seconds
probability of topic_ResearchProject_22 is 0.0664064

pgibbs sample time: 0.001118 seconds
probability of topic_Faculty_115 is 0.108084

pgibbs sample time: 7.3e-05 seconds
probability of topic_Department_64 is 0.0758747

pgibbs sample time: 0.001639 seconds
probability of topic_ResearchProject_12 is 0.0607439

pgibbs sample time: 0.000448 seconds
probability of topic_Course_136 is 0.090583

pgibbs sample time: 7e-05 seconds
probability of topic_Staff_69 is 0.0941726

pgibbs sample time: 5.8e-05 seconds
probability of topic_ResearchProject_75 is 0.117541

pgibbs sample time: 0.00125 seconds
probability of topic_Staff_28 is 0.118073

pgibbs sample time: 0.000418 seconds
probability of topic_Department_111 is 0.0588399

pgibbs sample time: 7.2e-05 seconds
probability of topic_ResearchProject_68 is 0.0500277

pgibbs sample time: 5.7e-05 seconds
probability of topic_Student_85 is 0.118354

pgibbs sample time: 5.6e-05 seconds
probability of topic_Person_38 is 0.0693648

pgibbs sample time: 0.001716 seconds
probability of topic_Faculty_169 is 0.161177

pgibbs sample time: 0.000269 seconds
probability of topic_ResearchProject_93 is 0.0942936

pgibbs sample time: 0.00045 seconds
probability of topic_Faculty_168 is 0.0868743

pgibbs sample time: 5.7e-05 seconds
probability of topic_Staff_82 is 0.0802927

pgibbs sample time: 0.001556 seconds
probability of topic_Staff_199 is 0.10575

pgibbs sample time: 7.4e-05 seconds
probability of topic_ResearchProject_64 is 0.0838679

pgibbs sample time: 0.00163 seconds
probability of topic_ResearchProject_155 is 0.128776

pgibbs sample time: 0.000508 seconds
probability of topic_Course_8 is 0.113777

pgibbs sample time: 7e-05 seconds
probability of topic_Course_79 is 0.13128

pgibbs sample time: 0.00171 seconds
probability of topic_Student_169 is 0.0731038

pgibbs sample time: 0.0001 seconds
probability of topic_ResearchProject_94 is 0.0308505

pgibbs sample time: 0.001765 seconds
probability of topic_Course_24 is 0.158121

pgibbs sample time: 0.000221 seconds
probability of topic_Staff_49 is 0.122559

pgibbs sample time: 0.00045 seconds
probability of topic_Faculty_11 is 0.158246

pgibbs sample time: 0.000441 seconds
probability of topic_Department_125 is 0.105416

pgibbs sample time: 6.9e-05 seconds
probability of topic_Person_15 is 0.127201

pgibbs sample time: 0.00038 seconds
probability of topic_Department_35 is 0.076093

pgibbs sample time: 0.000197 seconds
probability of topic_Person_55 is 0.159489

pgibbs sample time: 0.000204 seconds
probability of topic_Person_65 is 0.11711

pgibbs sample time: 0.001572 seconds
probability of topic_Staff_3 is 0.132622

pgibbs sample time: 0.000244 seconds
probability of topic_Faculty_145 is 0.115741

pgibbs sample time: 7.1e-05 seconds
probability of topic_Staff_15 is 0.0907919

pgibbs sample time: 0.000121 seconds
probability of topic_Department_42 is 0.197806

pgibbs sample time: 0.001846 seconds
probability of topic_Student_12 is 0.161957

pgibbs sample time: 0.001352 seconds
probability of topic_Course_50 is 0.101427

pgibbs sample time: 0.001182 seconds
probability of topic_Staff_50 is 0.104055

pgibbs sample time: 0.001233 seconds
probability of topic_Department_29 is 0.0753669

pgibbs sample time: 0.00043 seconds
probability of topic_Person_57 is 0.121618

pgibbs sample time: 0.000105 seconds
probability of topic_ResearchProject_25 is 0.133772

pgibbs sample time: 7.5e-05 seconds
probability of topic_Faculty_27 is 0.118691

pgibbs sample time: 0.00069 seconds
probability of topic_Student_33 is 0.0647407

pgibbs sample time: 0.000665 seconds
probability of topic_Course_209 is 0.215362

pgibbs sample time: 5.7e-05 seconds
probability of topic_Course_6 is 0.11351

pgibbs sample time: 0.00028 seconds
probability of topic_ResearchProject_81 is 0.101823

pgibbs sample time: 0.000215 seconds
probability of topic_Person_13 is 0.0761731

pgibbs sample time: 0.001055 seconds
probability of topic_Student_48 is 0.0490805

pgibbs sample time: 5.9e-05 seconds
probability of topic_Course_39 is 0.167675

pgibbs sample time: 0.000664 seconds
probability of topic_Course_172 is 0.0945158

pgibbs sample time: 0.001328 seconds
probability of topic_Staff_29 is 0.128005

pgibbs sample time: 5.8e-05 seconds
probability of topic_Student_62 is 0.242094

pgibbs sample time: 0.001723 seconds
probability of topic_Person_2 is 0.0549044

pgibbs sample time: 0.000613 seconds
probability of topic_Course_36 is 0.0585704

pgibbs sample time: 0.001024 seconds
probability of topic_Staff_180 is 0.179331

pgibbs sample time: 0.001079 seconds
probability of topic_Staff_41 is 0.0871988

pgibbs sample time: 0.000512 seconds
probability of topic_Faculty_110 is 0.103391

pgibbs sample time: 0.000278 seconds
probability of topic_Person_25 is 0.0938703

pgibbs sample time: 0.000285 seconds
probability of topic_Student_231 is 0.13996

pgibbs sample time: 7e-05 seconds
probability of topic_Person_22 is 0.151959

pgibbs sample time: 5.7e-05 seconds
probability of topic_ResearchProject_66 is 0.0906498

pgibbs sample time: 0.001069 seconds
probability of topic_Faculty_45 is 0.08658

pgibbs sample time: 0.000202 seconds
probability of topic_Staff_65 is 0.109671

pgibbs sample time: 0.000561 seconds
probability of topic_Staff_172 is 0.103311

pgibbs sample time: 0.000414 seconds
probability of topic_Department_11 is 0.122731

pgibbs sample time: 0.000113 seconds
probability of topic_Student_42 is 0.143364

pgibbs sample time: 0.001127 seconds
probability of topic_Faculty_174 is 0.18412

pgibbs sample time: 0.000171 seconds
probability of topic_Staff_73 is 0.164028

pgibbs sample time: 5.5e-05 seconds
probability of topic_Staff_98 is 0.0945649

pgibbs sample time: 0.000383 seconds
probability of topic_Student_35 is 0.361255

pgibbs sample time: 5.6e-05 seconds
probability of topic_Course_74 is 0.0872788

pgibbs sample time: 5.7e-05 seconds
probability of topic_Course_84 is 0.11049

pgibbs sample time: 0.000442 seconds
probability of topic_Student_125 is 0.156677

pgibbs sample time: 5.5e-05 seconds
probability of topic_Course_71 is 0.0991188

pgibbs sample time: 0.001083 seconds
probability of topic_ResearchProject_180 is 0.220827

pgibbs sample time: 0.001393 seconds
probability of topic_Department_126 is 0.0912263

pgibbs sample time: 0.000179 seconds
probability of topic_Department_55 is 0.0799597

pgibbs sample time: 7.2e-05 seconds
probability of topic_ResearchProject_69 is 0.0939213

pgibbs sample time: 7e-05 seconds
probability of topic_Department_5 is 0.180984

pgibbs sample time: 6.8e-05 seconds
probability of topic_Staff_14 is 0.122535

pgibbs sample time: 7e-05 seconds
probability of topic_Course_63 is 0.113223

pgibbs sample time: 5.9e-05 seconds
probability of topic_Department_80 is 0.106577

pgibbs sample time: 5.5e-05 seconds
probability of topic_Person_44 is 0.139832

pgibbs sample time: 0.000456 seconds
probability of topic_ResearchProject_61 is 0.114991

pgibbs sample time: 5.6e-05 seconds
probability of topic_Course_51 is 0.0854307

pgibbs sample time: 0.001064 seconds
probability of topic_Department_48 is 0.127142

pgibbs sample time: 0.000299 seconds
probability of topic_Person_30 is 0.103553

pgibbs sample time: 0.000443 seconds
probability of topic_Student_136 is 0.116762

pgibbs sample time: 0.0001 seconds
probability of topic_ResearchProject_52 is 0.096784

pgibbs sample time: 0.000285 seconds
probability of topic_Student_25 is 0.0832152

pgibbs sample time: 7e-05 seconds
probability of topic_Staff_27 is 0.157171

pgibbs sample time: 0.000431 seconds
probability of topic_Staff_136 is 0.0954692

pgibbs sample time: 0.000507 seconds
probability of topic_Person_130 is 0.11817

pgibbs sample time: 0.000401 seconds
probability of topic_Person_61 is 0.14359

pgibbs sample time: 0.000446 seconds
probability of topic_ResearchProject_58 is 0.16076

pgibbs sample time: 0.001065 seconds
probability of topic_Department_180 is 0.238588

pgibbs sample time: 0.00056 seconds
probability of topic_Staff_209 is 0.149709

pgibbs sample time: 5.7e-05 seconds
probability of topic_ResearchProject_74 is 0.0931433

pgibbs sample time: 0.001081 seconds
probability of topic_Staff_118 is 0.0968134

pgibbs sample time: 0.000385 seconds
probability of topic_Department_120 is 0.209193

pgibbs sample time: 5.8e-05 seconds
probability of topic_Student_43 is 0.104502

pgibbs sample time: 0.000444 seconds
probability of topic_Course_57 is 0.129178

pgibbs sample time: 0.001719 seconds
probability of topic_Person_18 is 0.0808748

pgibbs sample time: 7.3e-05 seconds
probability of topic_ResearchProject_5 is 0.0812616

pgibbs sample time: 0.000207 seconds
probability of topic_Department_73 is 0.102544

pgibbs sample time: 5.8e-05 seconds
probability of topic_ResearchProject_46 is 0.0867993

pgibbs sample time: 9.8e-05 seconds
probability of topic_Staff_52 is 0.111287

pgibbs sample time: 0.000445 seconds
probability of topic_ResearchProject_111 is 0.0983423

pgibbs sample time: 0.001124 seconds
probability of topic_Faculty_118 is 0.0876984

pgibbs sample time: 0.001054 seconds
probability of topic_Course_89 is 0.1234

pgibbs sample time: 0.000447 seconds
probability of topic_Person_11 is 0.148659

pgibbs sample time: 5.5e-05 seconds
probability of topic_Course_27 is 0.105222

pgibbs sample time: 0.000445 seconds
probability of topic_ResearchProject_4 is 0.0733386

pgibbs sample time: 0.001287 seconds
probability of topic_Student_50 is 0.195058

pgibbs sample time: 0.000379 seconds
probability of topic_Department_10 is 0.0966653

pgibbs sample time: 0.001389 seconds
probability of topic_Department_156 is 0.120913

pgibbs sample time: 5.7e-05 seconds
probability of topic_Person_83 is 0.124497

pgibbs sample time: 0.001125 seconds
probability of topic_Student_106 is 0.122834

pgibbs sample time: 5.7e-05 seconds
probability of topic_Person_16 is 0.113162

pgibbs sample time: 8.6e-05 seconds
probability of topic_Department_76 is 0.091908

pgibbs sample time: 0.000371 seconds
probability of topic_Course_10 is 0.108434

pgibbs sample time: 7.2e-05 seconds
probability of topic_Department_27 is 0.197282

pgibbs sample time: 7.1e-05 seconds
probability of topic_Student_27 is 0.114586

pgibbs sample time: 0.001135 seconds
probability of topic_Department_115 is 0.097506

pgibbs sample time: 0.000229 seconds
probability of topic_Faculty_19 is 0.0759946

pgibbs sample time: 0.000514 seconds
probability of topic_Faculty_8 is 0.119334

pgibbs sample time: 0.001726 seconds
probability of topic_Faculty_2 is 0.0714713

pgibbs sample time: 5.7e-05 seconds
probability of topic_Course_96 is 0.0823311

pgibbs sample time: 7.3e-05 seconds
probability of topic_ResearchProject_88 is 0.0691382

pgibbs sample time: 5.8e-05 seconds
probability of topic_Staff_40 is 0.0900833

pgibbs sample time: 7e-05 seconds
probability of topic_Course_64 is 0.0648578

pgibbs sample time: 7.2e-05 seconds
probability of topic_Faculty_79 is 0.111487

pgibbs sample time: 9.8e-05 seconds
probability of topic_Staff_94 is 0.0124764

pgibbs sample time: 5.8e-05 seconds
probability of topic_Student_56 is 0.0801102

pgibbs sample time: 6.1e-05 seconds
probability of topic_Department_14 is 0.108893

pgibbs sample time: 7e-05 seconds
probability of topic_Person_69 is 0.0858193

pgibbs sample time: 0.000345 seconds
probability of topic_Staff_31 is 0.110603

pgibbs sample time: 0.000234 seconds
probability of topic_Student_17 is 0.134128

pgibbs sample time: 0.000381 seconds
probability of topic_Course_120 is 0.115294

pgibbs sample time: 0.000209 seconds
probability of topic_Department_145 is 0.0931379

pgibbs sample time: 5.8e-05 seconds
probability of topic_ResearchProject_70 is 0.0827269

pgibbs sample time: 0.001341 seconds
probability of topic_Faculty_126 is 0.102552

pgibbs sample time: 0.001731 seconds
probability of topic_Faculty_199 is 0.109338

pgibbs sample time: 7.2e-05 seconds
probability of topic_Student_76 is 0.12253

pgibbs sample time: 7e-05 seconds
probability of topic_Person_79 is 0.132402

pgibbs sample time: 7e-05 seconds
probability of topic_Department_88 is 0.138107

pgibbs sample time: 0.001394 seconds
probability of topic_Department_3 is 0.110758

pgibbs sample time: 0.000252 seconds
probability of topic_Staff_35 is 0.112163

pgibbs sample time: 5.8e-05 seconds
probability of topic_Department_82 is 0.0858202

pgibbs sample time: 0.001254 seconds
probability of topic_Staff_102 is 0.138423

pgibbs sample time: 7.2e-05 seconds
probability of topic_Student_79 is 0.0795277

pgibbs sample time: 0.001074 seconds
probability of topic_ResearchProject_156 is 0.104872

pgibbs sample time: 5.6e-05 seconds
probability of topic_Course_80 is 0.0872788

pgibbs sample time: 5.5e-05 seconds
probability of topic_Person_95 is 0.105599

pgibbs sample time: 0.000444 seconds
probability of topic_Department_57 is 0.140108

pgibbs sample time: 0.000628 seconds
probability of topic_ResearchProject_36 is 0.113217

pgibbs sample time: 5.5e-05 seconds
probability of topic_Course_98 is 0.0708754

pgibbs sample time: 0.000513 seconds
probability of topic_Faculty_130 is 0.123644

pgibbs sample time: 0.000377 seconds
probability of topic_Person_31 is 0.180469

pgibbs sample time: 0.000457 seconds
probability of topic_ResearchProject_57 is 0.124402

pgibbs sample time: 0.001282 seconds
probability of topic_Person_29 is 0.147954

pgibbs sample time: 5.6e-05 seconds
probability of topic_Staff_37 is 0.0948402

pgibbs sample time: 5.5e-05 seconds
probability of topic_Course_99 is 0.167675

pgibbs sample time: 0.000233 seconds
probability of topic_ResearchProject_19 is 0.132914

pgibbs sample time: 0.001502 seconds
probability of topic_Student_59 is 0.174397

pgibbs sample time: 5.8e-05 seconds
probability of topic_Staff_9 is 0.11146

pgibbs sample time: 0.001076 seconds
probability of topic_ResearchProject_59 is 0.108283

pgibbs sample time: 0.001152 seconds
probability of topic_ResearchProject_28 is 0.10765

pgibbs sample time: 0.001644 seconds
probability of topic_ResearchProject_133 is 0.123664

pgibbs sample time: 0.000446 seconds
probability of topic_Faculty_61 is 0.105002

pgibbs sample time: 0.000111 seconds
probability of topic_Course_7 is 0.111824

pgibbs sample time: 0.001052 seconds
probability of topic_Course_45 is 0.09216

pgibbs sample time: 0.000435 seconds
probability of topic_Course_67 is 0.0953916

pgibbs sample time: 0.000204 seconds
probability of topic_Course_17 is 0.0930711

pgibbs sample time: 0.00036 seconds
probability of topic_Faculty_31 is 0.131771

pgibbs sample time: 0.000115 seconds
probability of topic_Department_7 is 0.108818

pgibbs sample time: 7.2e-05 seconds
probability of topic_Department_68 is 0.0790022

pgibbs sample time: 6.9e-05 seconds
probability of topic_Person_64 is 0.0858528

pgibbs sample time: 5.8e-05 seconds
probability of topic_ResearchProject_83 is 0.107837

pgibbs sample time: 0.000999 seconds
probability of topic_Student_91 is 0.0845731

pgibbs sample time: 0.000388 seconds
probability of topic_ResearchProject_35 is 0.0790691

pgibbs sample time: 0.000255 seconds
probability of topic_Student_20 is 0.0925456

pgibbs sample time: 0.001092 seconds
probability of topic_Course_115 is 0.214976

pgibbs sample time: 7.3e-05 seconds
probability of topic_ResearchProject_51 is 0.0926599

pgibbs sample time: 0.000377 seconds
probability of topic_Faculty_35 is 0.126327

pgibbs sample time: 7.1e-05 seconds
probability of topic_Staff_68 is 0.0637812

pgibbs sample time: 0.001084 seconds
probability of topic_Staff_174 is 0.102692

pgibbs sample time: 0.001079 seconds
probability of topic_ResearchProject_118 is 0.0970461

pgibbs sample time: 0.000229 seconds
probability of topic_Faculty_49 is 0.126495

pgibbs sample time: 5.6e-05 seconds
probability of topic_Course_21 is 0.0854307

pgibbs sample time: 0.001078 seconds
probability of topic_Staff_72 is 0.057594

pgibbs sample time: 0.000382 seconds
probability of topic_Department_136 is 0.113119

pgibbs sample time: 0.001362 seconds
probability of topic_Faculty_28 is 0.123984

pgibbs sample time: 8.3e-05 seconds
probability of topic_Person_7 is 0.122427

pgibbs sample time: 0.001074 seconds
probability of topic_ResearchProject_41 is 0.0995341

pgibbs sample time: 0.001651 seconds
probability of topic_ResearchProject_24 is 0.114272

pgibbs sample time: 0.000376 seconds
probability of topic_Faculty_87 is 0.133033

pgibbs sample time: 0.000377 seconds
probability of topic_Course_92 is 0.0914139

pgibbs sample time: 5.9e-05 seconds
probability of topic_Student_21 is 0.0997967

pgibbs sample time: 0.000308 seconds
probability of topic_ResearchProject_116 is 0.127783

pgibbs sample time: 5.8e-05 seconds
probability of topic_Department_43 is 0.105792

pgibbs sample time: 5.7e-05 seconds
probability of topic_Faculty_86 is 0.0895212

pgibbs sample time: 0.000203 seconds
probability of topic_Staff_119 is 0.157601

pgibbs sample time: 5.7e-05 seconds
probability of topic_Department_40 is 0.105436

pgibbs sample time: 0.001026 seconds
probability of topic_Staff_48 is 0.165399

pgibbs sample time: 0.000509 seconds
probability of topic_Course_130 is 0.12357

pgibbs sample time: 0.001341 seconds
probability of topic_Faculty_54 is 0.123722

pgibbs sample time: 0.001349 seconds
probability of topic_Faculty_3 is 0.152125

pgibbs sample time: 0.000445 seconds
probability of topic_Student_11 is 0.137873

pgibbs sample time: 0.001019 seconds
probability of topic_Staff_89 is 0.125672

pgibbs sample time: 0.001773 seconds
probability of topic_Course_133 is 0.133388

pgibbs sample time: 0.00045 seconds
probability of topic_ResearchProject_134 is 0.11348

pgibbs sample time: 0.001149 seconds
probability of topic_ResearchProject_102 is 0.103897

pgibbs sample time: 0.000279 seconds
probability of topic_Staff_25 is 0.0717204

pgibbs sample time: 5.8e-05 seconds
probability of topic_Department_46 is 0.107018

pgibbs sample time: 0.001136 seconds
probability of topic_Department_106 is 0.109641

pgibbs sample time: 9.8e-05 seconds
probability of topic_Staff_7 is 0.10911

pgibbs sample time: 0.000227 seconds
probability of topic_Person_17 is 0.144017

pgibbs sample time: 5.8e-05 seconds
probability of topic_Student_44 is 0.129772

pgibbs sample time: 0.000271 seconds
probability of topic_Course_116 is 0.113999

pgibbs sample time: 7.3e-05 seconds
probability of topic_ResearchProject_27 is 0.0851449

pgibbs sample time: 0.000234 seconds
probability of topic_Student_49 is 0.154937

pgibbs sample time: 5.6e-05 seconds
probability of topic_Staff_95 is 0.0987521

pgibbs sample time: 0.00064 seconds
probability of topic_Student_172 is 0.121685

pgibbs sample time: 0.00108 seconds
probability of topic_Staff_115 is 0.136104

pgibbs sample time: 5.6e-05 seconds
probability of topic_Course_53 is 0.0872788

pgibbs sample time: 0.000201 seconds
probability of topic_Student_73 is 0.199242

pgibbs sample time: 9.7e-05 seconds
probability of topic_Course_47 is 0.135448

pgibbs sample time: 5.5e-05 seconds
probability of topic_Course_60 is 0.105158

pgibbs sample time: 0.000413 seconds
probability of topic_Department_67 is 0.116271

pgibbs sample time: 5.6e-05 seconds
probability of topic_Course_70 is 0.15042

pgibbs sample time: 7.1e-05 seconds
probability of topic_Faculty_21 is 0.0682181

pgibbs sample time: 0.000511 seconds
probability of topic_Student_110 is 0.135734

pgibbs sample time: 0.000435 seconds
probability of topic_Course_11 is 0.124098

pgibbs sample time: 5.8e-05 seconds
probability of topic_ResearchProject_21 is 0.0913892

pgibbs sample time: 0.000362 seconds
probability of topic_Person_35 is 0.291288

pgibbs sample time: 0.000617 seconds
probability of topic_Faculty_172 is 0.0935816

pgibbs sample time: 5.7e-05 seconds
probability of topic_Department_70 is 0.146444

pgibbs sample time: 0.001079 seconds
probability of topic_ResearchProject_106 is 0.123776

pgibbs sample time: 5.7e-05 seconds
probability of topic_Department_16 is 0.0843164

pgibbs sample time: 0.000484 seconds
probability of topic_ResearchProject_130 is 0.123246

pgibbs sample time: 5.8e-05 seconds
probability of topic_Faculty_74 is 0.0854832

pgibbs sample time: 5.5e-05 seconds
probability of topic_Person_56 is 0.0663138

pgibbs sample time: 0.000487 seconds
probability of topic_Staff_130 is 0.121724

pgibbs sample time: 0.000382 seconds
probability of topic_Student_10 is 0.14306

pgibbs sample time: 0.000208 seconds
probability of topic_ResearchProject_119 is 0.13737

pgibbs sample time: 7.1e-05 seconds
probability of topic_Person_88 is 0.291681

pgibbs sample time: 6.8e-05 seconds
probability of topic_Person_23 is 0.041354

pgibbs sample time: 0.000487 seconds
probability of topic_ResearchProject_8 is 0.107982

pgibbs sample time: 0.001917 seconds
probability of topic_Course_2 is 0.146785

pgibbs sample time: 6e-05 seconds
probability of topic_Department_34 is 0.0720754

pgibbs sample time: 5.8e-05 seconds
probability of topic_Department_37 is 0.106577

pgibbs sample time: 0.000997 seconds
probability of topic_Student_180 is 0.13367

pgibbs sample time: 0.000997 seconds
probability of topic_Student_45 is 0.12457

pgibbs sample time: 0.000377 seconds
probability of topic_Person_120 is 0.126619

pgibbs sample time: 0.001748 seconds
probability of topic_Department_133 is 0.13357

pgibbs sample time: 7.1e-05 seconds
probability of topic_Person_76 is 0.124554

pgibbs sample time: 5.5e-05 seconds
probability of topic_Person_46 is 0.108347

pgibbs sample time: 5.4e-05 seconds
probability of topic_Staff_74 is 0.0948402

pgibbs sample time: 6.8e-05 seconds
probability of topic_Faculty_5 is 0.0823515

pgibbs sample time: 7.2e-05 seconds
probability of topic_ResearchProject_14 is 0.077179

pgibbs sample time: 0.000197 seconds
probability of topic_Person_73 is 0.206128

pgibbs sample time: 0.000225 seconds
probability of topic_Faculty_231 is 0.138206

pgibbs sample time: 5.6e-05 seconds
probability of topic_Staff_39 is 0.096097

pgibbs sample time: 0.000487 seconds
probability of topic_ResearchProject_110 is 0.121438

pgibbs sample time: 0.00177 seconds
probability of topic_Course_169 is 0.12188

pgibbs sample time: 5.9e-05 seconds
probability of topic_Faculty_40 is 0.0798315

pgibbs sample time: 5.7e-05 seconds
probability of topic_Faculty_90 is 0.137056

pgibbs sample time: 0.001058 seconds
probability of topic_Course_91 is 0.158271

pgibbs sample time: 7.3e-05 seconds
probability of topic_Faculty_64 is 0.0735381

pgibbs sample time: 8.5e-05 seconds
probability of topic_ResearchProject_76 is 0.0954422

pgibbs sample time: 7e-05 seconds
probability of topic_Student_97 is 0.178446

pgibbs sample time: 7e-05 seconds
probability of topic_Faculty_15 is 0.0999374

pgibbs sample time: 0.001452 seconds
probability of topic_Faculty_114 is 0.0978239

pgibbs sample time: 0.000229 seconds
probability of topic_Person_145 is 0.0982657

pgibbs sample time: 0.000634 seconds
probability of topic_Department_172 is 0.11645

pgibbs sample time: 7.2e-05 seconds
probability of topic_Student_69 is 0.115717

pgibbs sample time: 0.001053 seconds
probability of topic_Course_78 is 0.132062

pgibbs sample time: 0.000325 seconds
probability of topic_ResearchProject_120 is 0.109685

pgibbs sample time: 0.001087 seconds
probability of topic_Staff_106 is 0.219635

pgibbs sample time: 0.000436 seconds
probability of topic_Faculty_58 is 0.146108

pgibbs sample time: 0.001299 seconds
probability of topic_Student_29 is 0.151042

pgibbs sample time: 7.2e-05 seconds
probability of topic_Department_63 is 0.0792741

pgibbs sample time: 7.2e-05 seconds
probability of topic_ResearchProject_79 is 0.0893678

pgibbs sample time: 0.000383 seconds
probability of topic_Department_30 is 0.094454

pgibbs sample time: 0.001314 seconds
probability of topic_Staff_59 is 0.115348

pgibbs sample time: 7.3e-05 seconds
probability of topic_Department_15 is 0.075943

pgibbs sample time: 0.001528 seconds
probability of topic_Person_3 is 0.072505

pgibbs sample time: 5.8e-05 seconds
probability of topic_Student_37 is 0.111963

pgibbs sample time: 7e-05 seconds
probability of topic_Staff_21 is 0.095026

pgibbs sample time: 5.8e-05 seconds
probability of topic_ResearchProject_39 is 0.138305

pgibbs sample time: 0.000397 seconds
probability of topic_Faculty_120 is 0.120217

pgibbs sample time: 7.2e-05 seconds
probability of topic_Person_68 is 0.0524671

pgibbs sample time: 5.9e-05 seconds
probability of topic_Faculty_75 is 0.112565

pgibbs sample time: 0.000414 seconds
probability of topic_ResearchProject_10 is 0.135389

pgibbs sample time: 0.000973 seconds
probability of topic_Person_78 is 0.0694775

pgibbs sample time: 0.000239 seconds
probability of topic_Department_19 is 0.167968

pgibbs sample time: 0.000697 seconds
probability of topic_Course_33 is 0.166884

pgibbs sample time: 0.001075 seconds
probability of topic_ResearchProject_174 is 0.114689

pgibbs sample time: 5.8e-05 seconds
probability of topic_Student_66 is 0.109458

pgibbs sample time: 5.7e-05 seconds
probability of topic_Person_86 is 0.118943

pgibbs sample time: 0.000444 seconds
probability of topic_Course_168 is 0.0920823

pgibbs sample time: 0.00106 seconds
probability of topic_Course_180 is 0.113442

pgibbs sample time: 0.001082 seconds
probability of topic_ResearchProject_115 is 0.209279

pgibbs sample time: 0.000279 seconds
probability of topic_Person_231 is 0.146716

pgibbs sample time: 0.000403 seconds
probability of topic_Person_58 is 0.111725

pgibbs sample time: 5.7e-05 seconds
probability of topic_Student_9 is 0.101492

pgibbs sample time: 0.000428 seconds
probability of topic_Staff_30 is 0.133579

pgibbs sample time: 0.000209 seconds
probability of topic_Faculty_65 is 0.0891772

pgibbs sample time: 0.001346 seconds
probability of topic_Faculty_156 is 0.129757

pgibbs sample time: 5.8e-05 seconds
probability of topic_ResearchProject_82 is 0.103724

pgibbs sample time: 0.000969 seconds
probability of topic_Person_89 is 0.112867

pgibbs sample time: 0.001727 seconds
probability of topic_Person_169 is 0.173457

pgibbs sample time: 6.9e-05 seconds
probability of topic_Person_77 is 0.185975

pgibbs sample time: 0.000968 seconds
probability of topic_Person_180 is 0.16944

pgibbs sample time: 9.9e-05 seconds
probability of topic_Person_47 is 0.0323841

pgibbs sample time: 0.00128 seconds
probability of topic_Person_28 is 0.098035

pgibbs sample time: 7.3e-05 seconds
probability of topic_Student_53 is 0.0953338

pgibbs sample time: 0.000636 seconds
probability of topic_Student_36 is 0.0800588

pgibbs sample time: 0.001735 seconds
probability of topic_Person_155 is 0.0810511

pgibbs sample time: 0.001736 seconds
probability of topic_Person_157 is 0.14937

pgibbs sample time: 5.7e-05 seconds
probability of topic_Course_46 is 0.0842368

pgibbs sample time: 0.001129 seconds
probability of topic_Faculty_41 is 0.0902223

pgibbs sample time: 0.001047 seconds
probability of topic_Person_45 is 0.117924

pgibbs sample time: 0.000253 seconds
probability of topic_Student_19 is 0.229047

pgibbs sample time: 6e-05 seconds
probability of topic_ResearchProject_26 is 0.173515

pgibbs sample time: 0.000267 seconds
probability of topic_Staff_87 is 0.135038

pgibbs sample time: 6e-05 seconds
probability of topic_ResearchProject_23 is 0.0931433

pgibbs sample time: 5.9e-05 seconds
probability of topic_Department_83 is 0.100008

pgibbs sample time: 9.9e-05 seconds
probability of topic_Person_32 is 0.122308

pgibbs sample time: 5.6e-05 seconds
probability of topic_Staff_26 is 0.126833

pgibbs sample time: 5.7e-05 seconds
probability of topic_Faculty_22 is 0.0798315

pgibbs sample time: 5.7e-05 seconds
probability of topic_Department_98 is 0.0616931

pgibbs sample time: 0.000101 seconds
probability of topic_Student_47 is 0.0398588

pgibbs sample time: 7.1e-05 seconds
probability of topic_Department_23 is 0.137829

pgibbs sample time: 7.2e-05 seconds
probability of topic_Department_53 is 0.0932549

pgibbs sample time: 0.001087 seconds
probability of topic_ResearchProject_45 is 0.09566

pgibbs sample time: 0.000113 seconds
probability of topic_Faculty_42 is 0.125236

pgibbs sample time: 0.000511 seconds
probability of topic_Person_110 is 0.127695

pgibbs sample time: 5.6e-05 seconds
probability of topic_Staff_75 is 0.123974

pgibbs sample time: 5.6e-05 seconds
probability of topic_Course_83 is 0.17098

pgibbs sample time: 5.8e-05 seconds
probability of topic_Student_86 is 0.12576

pgibbs sample time: 5.5e-05 seconds
probability of topic_Person_96 is 0.101016

pgibbs sample time: 0.0001 seconds
probability of topic_Faculty_32 is 0.117703

pgibbs sample time: 0.000258 seconds
probability of topic_Course_231 is 0.115645

pgibbs sample time: 7.1e-05 seconds
probability of topic_Faculty_97 is 0.0976395

pgibbs sample time: 0.001485 seconds
probability of topic_Staff_156 is 0.159447

pgibbs sample time: 0.001484 seconds
probability of topic_Staff_126 is 0.148961

pgibbs sample time: 0.001485 seconds
probability of topic_Staff_114 is 0.0910376

pgibbs sample time: 5.7e-05 seconds
probability of topic_Staff_43 is 0.111413

pgibbs sample time: 0.000259 seconds
probability of topic_ResearchProject_20 is 0.17701

pgibbs sample time: 5.8e-05 seconds
probability of topic_Department_38 is 0.14735

pgibbs sample time: 0.000378 seconds
probability of topic_Faculty_10 is 0.14619

pgibbs sample time: 0.001568 seconds
probability of topic_Staff_157 is 0.190343

pgibbs sample time: 5.6e-05 seconds
probability of topic_Staff_71 is 0.153806

pgibbs sample time: 5.8e-05 seconds
probability of topic_ResearchProject_38 is 0.105362

pgibbs sample time: 5.7e-05 seconds
probability of topic_Staff_60 is 0.111758

pgibbs sample time: 0.000309 seconds
probability of topic_Course_93 is 0.0972297

pgibbs sample time: 5.7e-05 seconds
probability of topic_ResearchProject_56 is 0.145229

pgibbs sample time: 0.000438 seconds
probability of topic_Student_61 is 0.156872

pgibbs sample time: 0.000112 seconds
probability of topic_Faculty_7 is 0.118896

pgibbs sample time: 0.001283 seconds
probability of topic_Person_50 is 0.190734

pgibbs sample time: 7.1e-05 seconds
probability of topic_Course_69 is 0.16344

pgibbs sample time: 0.00107 seconds
probability of topic_Department_91 is 0.130656

pgibbs sample time: 0.000231 seconds
probability of topic_Staff_81 is 0.0995954

pgibbs sample time: 0.001075 seconds
probability of topic_Department_45 is 0.113513

pgibbs sample time: 0.000994 seconds
probability of topic_Student_89 is 0.121407

pgibbs sample time: 0.00045 seconds
probability of topic_Staff_57 is 0.1079

pgibbs sample time: 0.000449 seconds
probability of topic_Staff_61 is 0.116966

pgibbs sample time: 0.001749 seconds
probability of topic_Department_157 is 0.120355

pgibbs sample time: 5.7e-05 seconds
probability of topic_Staff_1 is 0.0811437

pgibbs sample time: 0.001393 seconds
probability of topic_Department_59 is 0.138474

pgibbs sample time: 0.001526 seconds
probability of topic_Person_54 is 0.11756

pgibbs sample time: 0.000451 seconds
probability of topic_Staff_168 is 0.0972326

pgibbs sample time: 5.7e-05 seconds
probability of topic_Staff_6 is 0.100623

pgibbs sample time: 0.001122 seconds
probability of topic_Student_72 is 0.148959

pgibbs sample time: 7.2e-05 seconds
probability of topic_Faculty_68 is 0.0642363

pgibbs sample time: 0.000417 seconds
probability of topic_Department_58 is 0.0985704

pgibbs sample time: 0.000263 seconds
probability of topic_Faculty_30 is 0.113633

pgibbs sample time: 0.000561 seconds
probability of topic_Staff_33 is 0.122566

pgibbs sample time: 5.8e-05 seconds
probability of topic_Department_9 is 0.113727

pgibbs sample time: 5.6e-05 seconds
probability of topic_Student_39 is 0.10325

pgibbs sample time: 5.6e-05 seconds
probability of topic_Faculty_1 is 0.152963

pgibbs sample time: 0.001094 seconds
probability of topic_Course_174 is 0.125646

pgibbs sample time: 0.001297 seconds
probability of topic_Student_102 is 0.167264

pgibbs sample time: 5.6e-05 seconds
probability of topic_Person_75 is 0.107077

pgibbs sample time: 5.7e-05 seconds
probability of topic_ResearchProject_15 is 0.11691

pgibbs sample time: 0.000258 seconds
probability of topic_Course_25 is 0.0638602

pgibbs sample time: 5.8e-05 seconds
probability of topic_Department_26 is 0.120005

pgibbs sample time: 6.9e-05 seconds
probability of topic_Staff_5 is 0.124683

pgibbs sample time: 0.000219 seconds
probability of topic_Person_19 is 0.229716

pgibbs sample time: 5.8e-05 seconds
probability of topic_Faculty_99 is 0.103209

pgibbs sample time: 0.00043 seconds
probability of topic_Staff_67 is 0.103886

pgibbs sample time: 6.1e-05 seconds
probability of topic_Student_46 is 0.108926

pgibbs sample time: 5.8e-05 seconds
probability of topic_Student_70 is 0.0876746

pgibbs sample time: 6.9e-05 seconds
probability of topic_Staff_22 is 0.110544

pgibbs sample time: 8.1e-05 seconds
probability of topic_Staff_76 is 0.0863981

pgibbs sample time: 5.6e-05 seconds
probability of topic_Student_90 is 0.117158

pgibbs sample time: 5.6e-05 seconds
probability of topic_Student_74 is 0.111963

pgibbs sample time: 5.7e-05 seconds
probability of topic_Department_56 is 0.109957

pgibbs sample time: 0.000625 seconds
probability of topic_ResearchProject_33 is 0.108217

pgibbs sample time: 0.000433 seconds
probability of topic_Faculty_111 is 0.129395

pgibbs sample time: 0.000256 seconds
probability of topic_Student_81 is 0.152037

pgibbs sample time: 0.00041 seconds
probability of topic_Course_111 is 0.0966515

pgibbs sample time: 0.001285 seconds
probability of topic_Person_102 is 0.155902

pgibbs sample time: 5.7e-05 seconds
probability of topic_Person_9 is 0.0834132

pgibbs sample time: 0.000442 seconds
probability of topic_Person_67 is 0.123597

pgibbs sample time: 0.001269 seconds
probability of topic_Course_28 is 0.121614

pgibbs sample time: 0.001727 seconds
probability of topic_Person_133 is 0.136759

pgibbs sample time: 5.5e-05 seconds
probability of topic_Person_6 is 0.10676

pgibbs sample time: 0.000208 seconds
probability of topic_Faculty_119 is 0.114412

pgibbs sample time: 7.2e-05 seconds
probability of topic_Course_22 is 0.0783993

pgibbs sample time: 0.000234 seconds
probability of topic_ResearchProject_145 is 0.122391

pgibbs sample time: 7.2e-05 seconds
probability of topic_Student_15 is 0.127456

pgibbs sample time: 0.001122 seconds
probability of topic_Student_118 is 0.161708

pgibbs sample time: 0.000221 seconds
probability of topic_Staff_19 is 0.083191

pgibbs sample time: 0.001025 seconds
probability of topic_Staff_91 is 0.105854

pgibbs sample time: 0.000235 seconds
probability of topic_ResearchProject_17 is 0.103569

pgibbs sample time: 6e-05 seconds
probability of topic_Person_90 is 0.189912

pgibbs sample time: 5.7e-05 seconds
probability of topic_Student_60 is 0.117873

pgibbs sample time: 7e-05 seconds
probability of topic_Staff_77 is 0.0810908

pgibbs sample time: 0.000626 seconds
probability of topic_ResearchProject_209 is 0.0883878

pgibbs sample time: 0.001644 seconds
probability of topic_ResearchProject_2 is 0.12498

pgibbs sample time: 5.8e-05 seconds
probability of topic_Faculty_51 is 0.0798315

pgibbs sample time: 5.7e-05 seconds
probability of topic_Faculty_85 is 0.110889

pgibbs sample time: 0.0001 seconds
probability of topic_Department_47 is 0.039609

pgibbs sample time: 5.5e-05 seconds
probability of topic_Staff_62 is 0.111338

pgibbs sample time: 0.000375 seconds
probability of topic_Course_35 is 0.111575

pgibbs sample time: 0.000228 seconds
probability of topic_Staff_20 is 0.0930989

pgibbs sample time: 0.000264 seconds
probability of topic_Faculty_136 is 0.086936

pgibbs sample time: 0.000175 seconds
probability of topic_Faculty_55 is 0.1129

pgibbs sample time: 0.000174 seconds
probability of topic_Faculty_73 is 0.13311

pgibbs sample time: 5.6e-05 seconds
probability of topic_Staff_38 is 0.0873167

pgibbs sample time: 0.000387 seconds
probability of topic_Department_92 is 0.0958011

pgibbs sample time: 0.000452 seconds
probability of topic_Faculty_67 is 0.0931237

pgibbs sample time: 6.3e-05 seconds
probability of topic_Department_22 is 0.105436

pgibbs sample time: 0.000452 seconds
probability of topic_Faculty_134 is 0.0951037

pgibbs sample time: 5.5e-05 seconds
probability of topic_Course_37 is 0.0872788

pgibbs sample time: 0.001567 seconds
probability of topic_Staff_24 is 0.118937

pgibbs sample time: 0.000266 seconds
probability of topic_Department_81 is 0.167898

pgibbs sample time: 9.9e-05 seconds
probability of topic_Person_52 is 0.109776

pgibbs sample time: 0.001404 seconds
probability of topic_Department_54 is 0.123271

pgibbs sample time: 0.001403 seconds
probability of topic_Department_114 is 0.0969334

pgibbs sample time: 0.001031 seconds
probability of topic_Staff_45 is 0.0969801

pgibbs sample time: 0.000209 seconds
probability of topic_ResearchProject_187 is 0.0997326

pgibbs sample time: 0.000206 seconds
probability of topic_ResearchProject_13 is 0.132061

pgibbs sample time: 0.000259 seconds
probability of topic_Staff_4 is 0.0880002

pgibbs sample time: 8.3e-05 seconds
probability of topic_Course_76 is 0.0920289

pgibbs sample time: 0.001077 seconds
probability of topic_ResearchProject_126 is 0.113296

pgibbs sample time: 6.9e-05 seconds
probability of topic_Course_15 is 0.0878773

pgibbs sample time: 0.001077 seconds
probability of topic_Faculty_78 is 0.0949905

pgibbs sample time: 5.8e-05 seconds
probability of topic_ResearchProject_71 is 0.108601

pgibbs sample time: 7.2e-05 seconds
probability of topic_Staff_64 is 0.0797388

pgibbs sample time: 0.000116 seconds
probability of topic_ResearchProject_42 is 0.0851791

pgibbs sample time: 0.00026 seconds
probability of topic_Person_93 is 0.035844

pgibbs sample time: 5.6e-05 seconds
probability of topic_Staff_66 is 0.0895899

pgibbs sample time: 0.001768 seconds
probability of topic_Course_18 is 0.0741844

pgibbs sample time: 0.000303 seconds
probability of topic_Staff_111 is 0.157091

pgibbs sample time: 0.001478 seconds
probability of topic_Staff_54 is 0.120994

pgibbs sample time: 0.000101 seconds
probability of topic_Faculty_94 is 0.0293955

pgibbs sample time: 7e-05 seconds
probability of topic_Person_97 is 0.175232

pgibbs sample time: 5.7e-05 seconds
probability of topic_ResearchProject_96 is 0.112931

pgibbs sample time: 5.7e-05 seconds
probability of topic_Department_75 is 0.101285

pgibbs sample time: 5.6e-05 seconds
probability of topic_Faculty_6 is 0.106035

pgibbs sample time: 0.001324 seconds
probability of topic_Faculty_102 is 0.14778

pgibbs sample time: 7.3e-05 seconds
probability of topic_Faculty_76 is 0.115803

pgibbs sample time: 7.3e-05 seconds
probability of topic_Staff_53 is 0.0926435

pgibbs sample time: 0.000259 seconds
probability of topic_Course_20 is 0.103659

pgibbs sample time: 0.000446 seconds
probability of topic_Student_134 is 0.126014

pgibbs sample time: 5.7e-05 seconds
probability of topic_ResearchProject_95 is 0.10342

pgibbs sample time: 0.001759 seconds
probability of topic_Department_18 is 0.081946

pgibbs sample time: 0.001082 seconds
probability of topic_Department_78 is 0.101751

pgibbs sample time: 0.001082 seconds
probability of topic_Faculty_89 is 0.101549

pgibbs sample time: 0.000249 seconds
probability of topic_Person_81 is 0.11793

pgibbs sample time: 5.8e-05 seconds
probability of topic_Department_66 is 0.105425

pgibbs sample time: 5.7e-05 seconds
probability of topic_Faculty_95 is 0.107831

pgibbs sample time: 0.000249 seconds
probability of topic_Person_20 is 0.113637

pgibbs sample time: 0.000113 seconds
probability of topic_Department_52 is 0.100946

pgibbs sample time: 5.9e-05 seconds
probability of topic_ResearchProject_84 is 0.0796257

pgibbs sample time: 8.4e-05 seconds
probability of topic_ResearchProject_32 is 0.112782

pgibbs sample time: 5.7e-05 seconds
probability of topic_ResearchProject_40 is 0.0913892

pgibbs sample time: 0.00023 seconds
probability of topic_Faculty_17 is 0.155315

pgibbs sample time: 5.8e-05 seconds
probability of topic_Student_22 is 0.174619

pgibbs sample time: 5.6e-05 seconds
probability of topic_Staff_84 is 0.101301

pgibbs sample time: 5.4e-05 seconds
probability of topic_Staff_80 is 0.0948402

pgibbs sample time: 5.8e-05 seconds
probability of topic_Student_38 is 0.0956805

pgibbs sample time: 9.6e-05 seconds
probability of topic_Staff_47 is 0.0604554

pgibbs sample time: 5.4e-05 seconds
probability of topic_Staff_44 is 0.0874999

pgibbs sample time: 0.000233 seconds
probability of topic_ResearchProject_49 is 0.119376

pgibbs sample time: 0.001085 seconds
probability of topic_ResearchProject_78 is 0.125238

pgibbs sample time: 7.2e-05 seconds
probability of topic_Faculty_53 is 0.108402

pgibbs sample time: 5.5e-05 seconds
probability of topic_Staff_86 is 0.0832345

pgibbs sample time: 0.001167 seconds
probability of topic_Department_50 is 0.100546

pgibbs sample time: 0.001171 seconds
probability of topic_Department_102 is 0.0816584

pgibbs sample time: 0.001169 seconds
probability of topic_Department_28 is 0.11638

pgibbs sample time: 5.6e-05 seconds
probability of topic_Course_38 is 0.105285

pgibbs sample time: 5.7e-05 seconds
probability of topic_Person_66 is 0.1089

pgibbs sample time: 5.6e-05 seconds
probability of topic_Course_68 is 0.113941

pgibbs sample time: 0.001773 seconds
probability of topic_Course_12 is 0.129048

pgibbs sample time: 0.001776 seconds
probability of topic_Course_155 is 0.113532

pgibbs sample time: 5.8e-05 seconds
probability of topic_Faculty_44 is 0.147875

pgibbs sample time: 5.6e-05 seconds
probability of topic_Course_75 is 0.0834726

pgibbs sample time: 0.001723 seconds
probability of topic_Student_133 is 0.153118

pgibbs sample time: 0.000325 seconds
probability of topic_ResearchProject_31 is 0.085649

pgibbs sample time: 0.000324 seconds
probability of topic_ResearchProject_92 is 0.120738

pgibbs sample time: 5.9e-05 seconds
probability of topic_Department_60 is 0.122427

pgibbs sample time: 0.000509 seconds
probability of topic_Department_130 is 0.123372

pgibbs sample time: 0.000452 seconds
probability of topic_Faculty_57 is 0.117115

pgibbs sample time: 0.000196 seconds
probability of topic_Course_19 is 0.0834186

pgibbs sample time: 0.000195 seconds
probability of topic_Course_49 is 0.0953961

pgibbs sample time: 5.9e-05 seconds
probability of topic_Faculty_16 is 0.122699

pgibbs sample time: 7.1e-05 seconds
probability of topic_Student_63 is 0.0943436

pgibbs sample time: 0.001758 seconds
probability of topic_Department_155 is 0.157226

pgibbs sample time: 6.9e-05 seconds
probability of topic_Course_5 is 0.080082

pgibbs sample time: 0.000236 seconds
probability of topic_Department_49 is 0.11008

pgibbs sample time: 0.000278 seconds
probability of topic_Staff_231 is 0.10174

pgibbs sample time: 0.000619 seconds
probability of topic_Person_33 is 0.0737533

pgibbs sample time: 0.000618 seconds
probability of topic_Person_209 is 0.142314

pgibbs sample time: 0.000207 seconds
probability of topic_Student_13 is 0.0573275

pgibbs sample time: 0.000207 seconds
probability of topic_Student_187 is 0.122149

pgibbs sample time: 0.000402 seconds
probability of topic_Person_4 is 0.114826

pgibbs sample time: 0.001735 seconds
probability of topic_Faculty_18 is 0.0943633

pgibbs sample time: 5.8e-05 seconds
probability of topic_Faculty_82 is 0.0833607

pgibbs sample time: 6.8e-05 seconds
probability of topic_Staff_97 is 0.149585

pgibbs sample time: 7e-05 seconds
probability of topic_Student_77 is 0.269081

pgibbs sample time: 0.000207 seconds
probability of topic_ResearchProject_73 is 0.114128

pgibbs sample time: 5.6e-05 seconds
probability of topic_Course_95 is 0.118193

pgibbs sample time: 0.00051 seconds
probability of topic_Student_130 is 0.121183

pgibbs sample time: 7e-05 seconds
probability of topic_ResearchProject_97 is 0.105789

pgibbs sample time: 7e-05 seconds
probability of topic_Department_77 is 0.182096

pgibbs sample time: 0.00114 seconds
probability of topic_Department_174 is 0.37063

pgibbs sample time: 0.00018 seconds
probability of topic_Student_65 is 0.113195

pgibbs sample time: 0.000113 seconds
probability of topic_Person_42 is 0.164165

pgibbs sample time: 5.5e-05 seconds
probability of topic_Course_34 is 0.101594

pgibbs sample time: 0.000258 seconds
probability of topic_Course_81 is 0.136955

pgibbs sample time: 0.00039 seconds
probability of topic_ResearchProject_67 is 0.102242

pgibbs sample time: 0.000203 seconds
probability of topic_Student_55 is 0.136984

pgibbs sample time: 5.6e-05 seconds
probability of topic_ResearchProject_90 is 0.1508

pgibbs sample time: 7.1e-05 seconds
probability of topic_Department_79 is 0.145098

pgibbs sample time: 5.6e-05 seconds
probability of topic_Staff_56 is 0.0930899

pgibbs sample time: 5.7e-05 seconds
probability of topic_Student_82 is 0.123171

pgibbs sample time: 0.000417 seconds
probability of topic_Person_87 is 0.173572

pgibbs sample time: 5.8e-05 seconds
probability of topic_Department_90 is 0.139866

pgibbs sample time: 0.000382 seconds
probability of topic_Student_31 is 0.152226

pgibbs sample time: 5.7e-05 seconds
probability of topic_Faculty_26 is 0.156856

pgibbs sample time: 0.001129 seconds
probability of topic_Faculty_106 is 0.128958

pgibbs sample time: 5.8e-05 seconds
probability of topic_Student_83 is 0.126211

pgibbs sample time: 0.001086 seconds
probability of topic_ResearchProject_89 is 0.107076

pgibbs sample time: 5.8e-05 seconds
probability of topic_ResearchProject_60 is 0.110987

pgibbs sample time: 0.000391 seconds
probability of topic_Department_31 is 0.101904

pgibbs sample time: 7e-05 seconds
probability of topic_Person_21 is 0.0975907

pgibbs sample time: 5.6e-05 seconds
probability of topic_Course_56 is 0.0891904

pgibbs sample time: 0.00038 seconds
probability of topic_Course_134 is 0.0990147

pgibbs sample time: 5.5e-05 seconds
probability of topic_Course_90 is 0.0820452

pgibbs sample time: 7.1e-05 seconds
probability of topic_Person_14 is 0.0940298

pgibbs sample time: 5.7e-05 seconds
probability of topic_ResearchProject_44 is 0.0700553

pgibbs sample time: 0.001047 seconds
probability of topic_Person_91 is 0.0767023

pgibbs sample time: 0.001217 seconds
probability of topic_Department_118 is 0.109322

pgibbs sample time: 6e-05 seconds
probability of topic_ResearchProject_6 is 0.10165

pgibbs sample time: 0.001322 seconds
probability of topic_Course_114 is 0.090479

pgibbs sample time: 7.3e-05 seconds
probability of topic_Student_23 is 0.0510201

pgibbs sample time: 5.7e-05 seconds
probability of topic_Course_85 is 0.133704

pgibbs sample time: 5.5e-05 seconds
probability of topic_Person_71 is 0.201808

pgibbs sample time: 5.7e-05 seconds
probability of topic_Faculty_66 is 0.079707

pgibbs sample time: 0.001141 seconds
probability of topic_Department_41 is 0.0857384

pgibbs sample time: 0.001144 seconds
probability of topic_Department_72 is 0.0633231

pgibbs sample time: 0.000507 seconds
probability of topic_Department_8 is 0.207758

pgibbs sample time: 0.000508 seconds
probability of topic_Department_110 is 0.0898971

pgibbs sample time: 0.000404 seconds
probability of topic_Person_111 is 0.215873

pgibbs sample time: 0.00132 seconds
probability of topic_Course_59 is 0.196348

pgibbs sample time: 6.9e-05 seconds
probability of topic_Person_5 is 0.11609

pgibbs sample time: 6.9e-05 seconds
probability of topic_Course_88 is 0.121482

pgibbs sample time: 0.001326 seconds
probability of topic_Course_126 is 0.0845715

pgibbs sample time: 0.001327 seconds
probability of topic_Course_156 is 0.135073

pgibbs sample time: 5.8e-05 seconds
probability of topic_Faculty_80 is 0.0854832

pgibbs sample time: 0.00132 seconds
probability of topic_Course_3 is 0.0986731

pgibbs sample time: 7.1e-05 seconds
probability of topic_Faculty_77 is 0.0723861

pgibbs sample time: 0.000435 seconds
probability of topic_Student_4 is 0.0985991

pgibbs sample time: 5.7e-05 seconds
probability of topic_Course_26 is 0.141758

pgibbs sample time: 5.6e-05 seconds
probability of topic_Person_26 is 0.11794

pgibbs sample time: 0.000209 seconds
probability of topic_ResearchProject_65 is 0.124084

pgibbs sample time: 0.000377 seconds
probability of topic_Person_92 is 0.102485

pgibbs sample time: 0.000265 seconds
probability of topic_Department_116 is 0.0987621

pgibbs sample time: 0.00178 seconds
probability of topic_Course_199 is 0.109417

pgibbs sample time: 7.3e-05 seconds
probability of topic_Department_51 is 0.0995726

pgibbs sample time: 0.000443 seconds
probability of topic_Person_134 is 0.117959

pgibbs sample time: 5.8e-05 seconds
probability of topic_Person_99 is 0.0813615

pgibbs sample time: 0.000345 seconds
probability of topic_Staff_92 is 0.0952778

pgibbs sample time: 7.5e-05 seconds
probability of topic_Faculty_88 is 0.140824

pgibbs sample time: 5.7e-05 seconds
probability of topic_ResearchProject_85 is 0.118853

pgibbs sample time: 0.000372 seconds
probability of topic_Staff_11 is 0.0942164

pgibbs sample time: 0.000372 seconds
probability of topic_Staff_134 is 0.083835

pgibbs sample time: 5.7e-05 seconds
probability of topic_Faculty_98 is 0.087534

pgibbs sample time: 5.6e-05 seconds
probability of topic_ResearchProject_9 is 0.188793

pgibbs sample time: 5.8e-05 seconds
probability of topic_Student_34 is 0.159601

pgibbs sample time: 0.000246 seconds
probability of topic_Department_231 is 0.0996346

pgibbs sample time: 5.7e-05 seconds
probability of topic_ResearchProject_16 is 0.109777

pgibbs sample time: 5.7e-05 seconds
probability of topic_Person_43 is 0.108171

pgibbs sample time: 0.001732 seconds
probability of topic_Faculty_155 is 0.204906

pgibbs sample time: 5.7e-05 seconds
probability of topic_Student_95 is 0.119245

pgibbs sample time: 0.000286 seconds
probability of topic_Department_25 is 0.0493549

pgibbs sample time: 0.001735 seconds
probability of topic_Faculty_157 is 0.102336

pgibbs sample time: 5.8e-05 seconds
probability of topic_Faculty_60 is 0.0981916

pgibbs sample time: 5.7e-05 seconds
probability of topic_Staff_96 is 0.114578

pgibbs sample time: 5.7e-05 seconds
probability of topic_Department_39 is 0.0873436

pgibbs sample time: 0.00157 seconds
probability of topic_Staff_169 is 0.314465

pgibbs sample time: 0.001574 seconds
probability of topic_Staff_18 is 0.0765177

pgibbs sample time: 0.000174 seconds
probability of topic_Person_187 is 0.10862

pgibbs sample time: 5.8e-05 seconds
probability of topic_Student_98 is 0.180909

pgibbs sample time: 0.001722 seconds
probability of topic_Student_24 is 0.151796

pgibbs sample time: 7.3e-05 seconds
probability of topic_ResearchProject_77 is 0.136578

pgibbs sample time: 7e-05 seconds
probability of topic_Person_27 is 0.118117

pgibbs sample time: 5.8e-05 seconds
probability of topic_ResearchProject_62 is 0.174317

pgibbs sample time: 0.000485 seconds
probability of topic_Staff_8 is 0.161411

pgibbs sample time: 7.2e-05 seconds
probability of topic_Student_14 is 0.100423

pgibbs sample time: 6.8e-05 seconds
probability of topic_Staff_51 is 0.0775693

pgibbs sample time: 0.000484 seconds
probability of topic_Staff_110 is 0.0893279

pgibbs sample time: 5.6e-05 seconds
probability of topic_Course_77 is 0.0597345

pgibbs sample time: 0.000304 seconds
probability of topic_Department_93 is 0.101962

pgibbs sample time: 5.6e-05 seconds
probability of topic_Staff_46 is 0.0866285

pgibbs sample time: 5.7e-05 seconds
probability of topic_Student_75 is 0.10162

pgibbs sample time: 0.000115 seconds
probability of topic_ResearchProject_7 is 0.094216

pgibbs sample time: 5.6e-05 seconds
probability of topic_ResearchProject_37 is 0.0931433

pgibbs sample time: 0.001092 seconds
probability of topic_ResearchProject_91 is 0.15214

pgibbs sample time: 5.7e-05 seconds
probability of topic_Course_86 is 0.0827452

pgibbs sample time: 5.6e-05 seconds
probability of topic_Person_60 is 0.10465

pgibbs sample time: 0.001723 seconds
probability of topic_Student_2 is 0.106374

pgibbs sample time: 0.000444 seconds
probability of topic_Student_30 is 0.0956144

pgibbs sample time: 0.001723 seconds
probability of topic_Student_199 is 0.17952

pgibbs sample time: 0.001724 seconds
probability of topic_Student_18 is 0.105143

pgibbs sample time: 0.00018 seconds
probability of topic_Student_119 is 0.106801

pgibbs sample time: 0.000208 seconds
probability of topic_Faculty_13 is 0.144979

pgibbs sample time: 0.000207 seconds
probability of topic_Faculty_187 is 0.159248

pgibbs sample time: 0.000399 seconds
probability of topic_Person_168 is 0.117477

pgibbs sample time: 5.7e-05 seconds
probability of topic_Staff_85 is 0.0851116

pgibbs sample time: 0.00041 seconds
probability of topic_Course_4 is 0.115084

pgibbs sample time: 0.000384 seconds
probability of topic_Student_92 is 0.118646

pgibbs sample time: 0.000409 seconds
probability of topic_Course_58 is 0.129961

pgibbs sample time: 0.000382 seconds
probability of topic_Student_120 is 0.135462

pgibbs sample time: 5.8e-05 seconds
probability of topic_Faculty_56 is 0.0960443

pgibbs sample time: 0.000269 seconds
probability of topic_Faculty_93 is 0.0920432

pgibbs sample time: 0.000101 seconds
probability of topic_Department_32 is 0.0778895

pgibbs sample time: 5.7e-05 seconds
probability of topic_Faculty_43 is 0.1354

pgibbs sample time: 7.2e-05 seconds
probability of topic_Department_97 is 0.227962

pgibbs sample time: 6.1e-05 seconds
probability of topic_Student_99 is 0.10325

pgibbs sample time: 0.001088 seconds
probability of topic_ResearchProject_3 is 0.102304

pgibbs sample time: 5.6e-05 seconds
probability of topic_Staff_88 is 0.186528

pgibbs sample time: 5.7e-05 seconds
probability of topic_Student_80 is 0.111963

pgibbs sample time: 9.6e-05 seconds
probability of topic_Person_94 is 0.0364547

pgibbs sample time: 5.6e-05 seconds
probability of topic_Student_71 is 0.159663

pgibbs sample time: 0.001729 seconds
probability of topic_Student_155 is 0.0374362

pgibbs sample time: 0.001736 seconds
probability of topic_Student_157 is 0.144558

pgibbs sample time: 5.8e-05 seconds
probability of topic_Department_62 is 0.18052

pgibbs sample time: 5.7e-05 seconds
probability of topic_Department_6 is 0.092868

pgibbs sample time: 5.5e-05 seconds
probability of topic_Person_62 is 0.243469

pgibbs sample time: 0.0001 seconds
probability of topic_Faculty_47 is 0.136514

pgibbs sample time: 5.5e-05 seconds
probability of topic_Person_74 is 0.113662

pgibbs sample time: 0.000109 seconds
probability of topic_Student_7 is 0.134583

pgibbs sample time: 0.001733 seconds
probability of topic_Person_24 is 0.125287

pgibbs sample time: 5.8e-05 seconds
probability of topic_Person_85 is 0.0933286

pgibbs sample time: 5.7e-05 seconds
probability of topic_Department_96 is 0.0967174

pgibbs sample time: 5.8e-05 seconds
probability of topic_Student_84 is 0.092035

pgibbs sample time: 0.000507 seconds
probability of topic_Person_8 is 0.125697

pgibbs sample time: 6e-05 seconds
probability of topic_Student_26 is 0.0839271

pgibbs sample time: 0.00038 seconds
probability of topic_Student_57 is 0.126717

pgibbs sample time: 0.000438 seconds
probability of topic_Student_168 is 0.117854

pgibbs sample time: 8.6e-05 seconds
probability of topic_ResearchProject_47 is 0.104219

pgibbs sample time: 7e-05 seconds
probability of topic_Course_23 is 0.232371

pgibbs sample time: 5.4e-05 seconds
probability of topic_Person_37 is 0.113662

