observed tuples: r3927 r4745 r3898 r2823 r258 r3184 r3167 r961 r1678 r210 r3152 r980 r4427 r3312 r978 r576 r2950 r4739 r4459 r3563 r3969 r1431 r930 r4600 r3978 r1809 r4648 r347 r1575 r353 r2235 r3313 r4304 r3343 r960 r2492 r3308 r3076 r543 r3950 r4108 r1622 r1180 r861 r3192 r3828 r4852 r2449 r4371 hasword_write_31 hasword_solution_14 r2981 r3377 r1057 r900 r2066 hasword_colleg_38 r4258 r3478 r4731 r1775 r55 r39 r219 r3934 r2215 r2785 r4735 r2616 r1227 r3719 links_29_50 r4635 r2125 hasword_content_36 hasword_texa_6 r565 r2241 r3185 r3409 r2168 r4558 r2088 r573 r3961 r246 hasword_wa_15 r2011 links_29_28 r3853 r967 r3931 r180 hasword_count_52 r272 r4022 r1763 r1580 r3636 r784 hasword_utexa_54 r2456 r4434 r2085 hasword_past_32 r1707 r4431 r2816 r2533 r1155 r2269 r3857 r2580 hasword_build_58 r142 r4966 r3768 r4642 r3144 r476 r2830 r2668 r2337 links_45_48 hasword_sequenc_43 r192 r3519 r2415 r809 r876 r411 r4211 r4879 r2384 hasword_system_29 r4835 r1364 hasword_provid_28 r4820 hasword_sourc_64 r1136 rl r2276 r2712 hasword_nation_55 r3998 hasword_file_56 r3534 r3935 r795 r1719 r4445 r4104 hasword_move_48 hasword_version_18 r642 r2588 r1764 r1325 hasword_gmt_37 r2575 r205 r4857 r2264 hasword_effici_51 r2826 r3335 r1737 r455 hasword_line_4 hasword_architectur_7 hasword_chang_63 r4919 hasword_manag_16 r3416 hasword_deriv_65 hasword_class_59 r1462 hasword_unit_57 r1626 hasword_gmt_50 r1574 r4954 r4062 r3622 r893 links_50_28 hasword_machin_22 r3536 r408 r346 r4628 r144 r769 hasword_html_46 r1471 r1261 r1810 r2198 r4512 r2321 hasword_room_30 r1829 r3084 r3516 links_19_49 r3338 r3474 r2629 r2591 r187 hasword_ed_42 hasword_develop_10 r3236 hasword_modifi_25 r2055 hasword_jan_8 r2111 hasword_press_20 r1319 hasword_faculti_33 r3044 r3440 r4993 r50 hasword_content_40 r3 r4111 hasword_jan_5 r2842 r1944 r2267 hasword_paul_61 r1063 r721 hasword_text_45 hasword_materi_23 r4130 links_28_50 r790 r3725 r4744 links_50_29 links_57_61 r24 r4216 r2096 r1465 r4688 r3818 hasword_environ_53 r4465 hasword_nov_62 hasword_html_19 hasword_base_1 r2973 r4156 r2804 r4180 r3451 r2618 r3856 hasword_confer_9 r3492 r3360 r1891 r1116 hasword_jan_27 r4209 r155 r2452 r1441 r3239 r2984 hasword_intellig_47 r2774 r4906 r1237 hasword_ph_34 r3472 r214 r146 hasword_resourc_2 r2796 r3559 r75 r3834 r4665 hasword_chapter_60 r3330 r929 hasword_window_39 r2333 hasword_oct_44 r1900 r413 hasword_version_41 r3050 r4487 hasword_ta_24 r4922 r1871 r4077 r2263 r2100 r2060 r3194 r544 r510 r2874 r2844 r1353 r3394 r1475 hasword_event_35 r2486 r2757 r1377 hasword_paramet_20 r3793 hasword_oct_11 r354 r3548 r2067 r2478 r1093 r4948 r1285 hasword_wide_35 r4117 r1269 r2640 r2623 hasword_area_17 r4563 r2049 r659 r917 r3205 r651 r2880 hasword_dynam_3 hasword_postscript_17 r2862 r2389 r2245 r2701 r3508 r4030 r300 r1098 r162 r644 hasword_univers_12 r4092 r3188 r912 r836 r3365 hasword_paper_26 r621 r423 r4317 r4654 r1906 r1494 r4970 r2791 r4806 r2952 r378 r1753 r1195 r2586 r2345 r1149 r2521 r2520 r123 r2756 r4730 r3017 r4712 r2483 r3954 r1546 r1994 r2390 r3168 hasword_task_47 r4771 r4150 r3907 r4392 r3202 r1828 r3433 r3420 r4777 r603 hasword_definit_21 r1558 r2236 r1893 r1380 r3042 r1782 hasword_includ_13 r4031 r2792 r3067 r1530 r2780 r4 r1506 r4987 r3393 r1961 hasword_consist_49 r3590 r4324 r1520 r424 r2799 r1921 r702 r1061 r2831 r4894 r2597 r51 r1282 r4425 r3423 r3893 r4224 r2611 r4854 r2893 r3787 r4231 r4612 r3388 r3176 r1489 r3031 r3628 r3078 r4843 r3786 r105 r238 r3794 r2376 r1099 r1601 hasword_librari_3 r3303 r2992 r3468 r2720 r2875 r1321 r70 r2812 r4396 r2763 r1211 r1812 r3137 r2746 r2444 r4565 r1333 r4365 r358 r1437 
size of observed tuples: 477
size of unobserved tuples: 418

pgibbs sample time: 9.2e-05 seconds
probability of topic_Course_3 is 0.0881964

pgibbs sample time: 6e-05 seconds
probability of topic_Student_41 is 0.123171

pgibbs sample time: 5.8e-05 seconds
probability of topic_Student_16 is 0.0844266

pgibbs sample time: 5.7e-05 seconds
probability of topic_Course_65 is 0.108128

pgibbs sample time: 5.4e-05 seconds
probability of topic_Student_5 is 0.124752

pgibbs sample time: 7.2e-05 seconds
probability of topic_Faculty_47 is 0.0921905

pgibbs sample time: 5.7e-05 seconds
probability of topic_Department_38 is 0.14735

pgibbs sample time: 5.6e-05 seconds
probability of topic_Staff_43 is 0.111413

pgibbs sample time: 9e-05 seconds
probability of topic_Department_35 is 0.0908518

pgibbs sample time: 0.000169 seconds
probability of topic_Person_61 is 0.143712

pgibbs sample time: 0.000204 seconds
probability of topic_ResearchProject_45 is 0.0877221

pgibbs sample time: 7.3e-05 seconds
probability of topic_ResearchProject_3 is 0.10259

pgibbs sample time: 5.8e-05 seconds
probability of topic_Department_53 is 0.100208

pgibbs sample time: 5.7e-05 seconds
probability of topic_Department_23 is 0.147564

pgibbs sample time: 5.6e-05 seconds
probability of topic_Student_54 is 0.112783

pgibbs sample time: 5.7e-05 seconds
probability of topic_Department_5 is 0.193085

pgibbs sample time: 5.6e-05 seconds
probability of topic_Staff_30 is 0.123464

pgibbs sample time: 5.6e-05 seconds
probability of topic_Person_58 is 0.103326

pgibbs sample time: 5.5e-05 seconds
probability of topic_Student_9 is 0.101492

pgibbs sample time: 0.000192 seconds
probability of topic_Staff_45 is 0.0885545

pgibbs sample time: 5.7e-05 seconds
probability of topic_Staff_60 is 0.111758

pgibbs sample time: 5.8e-05 seconds
probability of topic_ResearchProject_63 is 0.122113

pgibbs sample time: 5.6e-05 seconds
probability of topic_ResearchProject_16 is 0.109777

pgibbs sample time: 5.7e-05 seconds
probability of topic_Department_32 is 0.108303

pgibbs sample time: 5.5e-05 seconds
probability of topic_Staff_14 is 0.114478

pgibbs sample time: 5.6e-05 seconds
probability of topic_Course_63 is 0.136841

pgibbs sample time: 0.000189 seconds
probability of topic_Course_57 is 0.11927

pgibbs sample time: 5.7e-05 seconds
probability of topic_Staff_21 is 0.120497

pgibbs sample time: 7.1e-05 seconds
probability of topic_Person_3 is 0.101129

pgibbs sample time: 7.2e-05 seconds
probability of topic_Student_47 is 0.0982108

pgibbs sample time: 5.7e-05 seconds
probability of topic_Student_37 is 0.111963

pgibbs sample time: 5.4e-05 seconds
probability of topic_Person_51 is 0.119603

pgibbs sample time: 5.5e-05 seconds
probability of topic_Person_30 is 0.0958948

pgibbs sample time: 5.5e-05 seconds
probability of topic_Person_38 is 0.0693648

pgibbs sample time: 7.1e-05 seconds
probability of topic_Department_3 is 0.12715

pgibbs sample time: 5.6e-05 seconds
probability of topic_Staff_34 is 0.15723

pgibbs sample time: 5.4e-05 seconds
probability of topic_Staff_16 is 0.138436

pgibbs sample time: 5.8e-05 seconds
probability of topic_Faculty_32 is 0.142854

pgibbs sample time: 6e-05 seconds
probability of topic_ResearchProject_22 is 0.0837043

pgibbs sample time: 0.000192 seconds
probability of topic_Person_49 is 0.136074

pgibbs sample time: 0.000576 seconds
probability of topic_Department_50 is 0.12501

pgibbs sample time: 5.6e-05 seconds
probability of topic_Course_9 is 0.0967018

pgibbs sample time: 0.000201 seconds
probability of topic_ResearchProject_49 is 0.119931

pgibbs sample time: 5.7e-05 seconds
probability of topic_Faculty_30 is 0.104668

pgibbs sample time: 5.5e-05 seconds
probability of topic_Faculty_24 is 0.107054

pgibbs sample time: 5.5e-05 seconds
probability of topic_Course_42 is 0.0933715

pgibbs sample time: 5.9e-05 seconds
probability of topic_Faculty_65 is 0.0902205

pgibbs sample time: 6.8e-05 seconds
probability of topic_Staff_47 is 0.0900074

pgibbs sample time: 5.7e-05 seconds
probability of topic_Student_39 is 0.10325

pgibbs sample time: 5.6e-05 seconds
probability of topic_Faculty_54 is 0.114362

pgibbs sample time: 5.5e-05 seconds
probability of topic_Person_64 is 0.090305

pgibbs sample time: 0.000215 seconds
probability of topic_Staff_48 is 0.168314

pgibbs sample time: 5.8e-05 seconds
probability of topic_ResearchProject_11 is 0.0700553

pgibbs sample time: 5.7e-05 seconds
probability of topic_Faculty_15 is 0.114392

pgibbs sample time: 0.000581 seconds
probability of topic_Faculty_28 is 0.126261

pgibbs sample time: 5.5e-05 seconds
probability of topic_Person_23 is 0.0416437

pgibbs sample time: 5.6e-05 seconds
probability of topic_Person_16 is 0.113162

pgibbs sample time: 7.6e-05 seconds
probability of topic_Course_10 is 0.0988047

pgibbs sample time: 8.6e-05 seconds
probability of topic_Student_17 is 0.135662

pgibbs sample time: 5.6e-05 seconds
probability of topic_Person_44 is 0.139832

pgibbs sample time: 0.000202 seconds
probability of topic_ResearchProject_19 is 0.0857436

pgibbs sample time: 5.8e-05 seconds
probability of topic_Faculty_38 is 0.101237

pgibbs sample time: 5.8e-05 seconds
probability of topic_Course_46 is 0.0842368

pgibbs sample time: 0.000177 seconds
probability of topic_ResearchProject_61 is 0.115098

pgibbs sample time: 5.7e-05 seconds
probability of topic_Faculty_64 is 0.105852

pgibbs sample time: 5.7e-05 seconds
probability of topic_Person_31 is 0.175709

pgibbs sample time: 6.9e-05 seconds
probability of topic_Staff_37 is 0.0948402

pgibbs sample time: 5.9e-05 seconds
probability of topic_Student_26 is 0.0839271

pgibbs sample time: 5.6e-05 seconds
probability of topic_Student_32 is 0.109155

pgibbs sample time: 5.5e-05 seconds
probability of topic_Person_4 is 0.106762

pgibbs sample time: 5.8e-05 seconds
probability of topic_Department_33 is 0.333213

pgibbs sample time: 5.6e-05 seconds
probability of topic_Person_39 is 0.0813615

pgibbs sample time: 5.8e-05 seconds
probability of topic_Department_13 is 0.16316

pgibbs sample time: 0.00063 seconds
probability of topic_Course_28 is 0.122878

pgibbs sample time: 5.5e-05 seconds
probability of topic_Person_63 is 0.0880792

pgibbs sample time: 5.8e-05 seconds
probability of topic_Faculty_14 is 0.108349

pgibbs sample time: 5.5e-05 seconds
probability of topic_Course_52 is 0.104568

pgibbs sample time: 5.5e-05 seconds
probability of topic_Course_23 is 0.290236

pgibbs sample time: 5.6e-05 seconds
probability of topic_Course_18 is 0.0802121

pgibbs sample time: 5.7e-05 seconds
probability of topic_Student_33 is 0.0602387

pgibbs sample time: 5.5e-05 seconds
probability of topic_Course_6 is 0.11351

pgibbs sample time: 5.7e-05 seconds
probability of topic_Department_16 is 0.0843164

pgibbs sample time: 5.7e-05 seconds
probability of topic_Faculty_52 is 0.113284

pgibbs sample time: 5.6e-05 seconds
probability of topic_Student_23 is 0.0522072

pgibbs sample time: 7e-05 seconds
probability of topic_Person_47 is 0.0634414

pgibbs sample time: 5.6e-05 seconds
probability of topic_Course_43 is 0.100844

pgibbs sample time: 5.4e-05 seconds
probability of topic_Faculty_2 is 0.0971163

pgibbs sample time: 5.5e-05 seconds
probability of topic_Person_59 is 0.135381

pgibbs sample time: 5.7e-05 seconds
probability of topic_Faculty_59 is 0.0995226

pgibbs sample time: 5.7e-05 seconds
probability of topic_ResearchProject_24 is 0.106037

pgibbs sample time: 0.000201 seconds
probability of topic_Staff_57 is 0.0995411

pgibbs sample time: 5.7e-05 seconds
probability of topic_ResearchProject_13 is 0.133343

pgibbs sample time: 0.000202 seconds
probability of topic_Department_57 is 0.130021

pgibbs sample time: 5.6e-05 seconds
probability of topic_Course_8 is 0.105222

pgibbs sample time: 5.6e-05 seconds
probability of topic_Department_21 is 0.105657

pgibbs sample time: 5.7e-05 seconds
probability of topic_Department_39 is 0.0873436

pgibbs sample time: 0.0002 seconds
probability of topic_Department_48 is 0.130248

pgibbs sample time: 5.6e-05 seconds
probability of topic_Course_17 is 0.0943611

pgibbs sample time: 5.7e-05 seconds
probability of topic_Department_7 is 0.0957452

pgibbs sample time: 5.6e-05 seconds
probability of topic_ResearchProject_46 is 0.0867993

pgibbs sample time: 0.000548 seconds
probability of topic_Staff_50 is 0.110248

pgibbs sample time: 5.7e-05 seconds
probability of topic_Course_34 is 0.101594

pgibbs sample time: 6.9e-05 seconds
probability of topic_Person_17 is 0.145375

pgibbs sample time: 5.7e-05 seconds
probability of topic_Faculty_36 is 0.0798315

pgibbs sample time: 0.00057 seconds
probability of topic_Student_29 is 0.15533

pgibbs sample time: 5.6e-05 seconds
probability of topic_Person_54 is 0.109777

pgibbs sample time: 5.8e-05 seconds
probability of topic_Department_60 is 0.122427

pgibbs sample time: 6.9e-05 seconds
probability of topic_Department_47 is 0.0803309

pgibbs sample time: 5.6e-05 seconds
probability of topic_Course_44 is 0.115773

pgibbs sample time: 5.8e-05 seconds
probability of topic_Student_42 is 0.105606

pgibbs sample time: 7.2e-05 seconds
probability of topic_Department_20 is 0.12986

pgibbs sample time: 0.000551 seconds
probability of topic_Course_29 is 0.23448

pgibbs sample time: 5.8e-05 seconds
probability of topic_ResearchProject_56 is 0.145229

pgibbs sample time: 5.6e-05 seconds
probability of topic_Person_13 is 0.0770311

pgibbs sample time: 5.6e-05 seconds
probability of topic_Staff_39 is 0.096097

pgibbs sample time: 5.5e-05 seconds
probability of topic_Course_39 is 0.167675

pgibbs sample time: 0.000175 seconds
probability of topic_Student_48 is 0.0498386

pgibbs sample time: 0.000199 seconds
probability of topic_Faculty_57 is 0.107905

pgibbs sample time: 5.4e-05 seconds
probability of topic_Person_46 is 0.108347

pgibbs sample time: 5.5e-05 seconds
probability of topic_Staff_54 is 0.112254

pgibbs sample time: 5.6e-05 seconds
probability of topic_ResearchProject_32 is 0.110077

pgibbs sample time: 5.6e-05 seconds
probability of topic_Faculty_43 is 0.1354

pgibbs sample time: 6e-05 seconds
probability of topic_Staff_18 is 0.0802927

pgibbs sample time: 5.6e-05 seconds
probability of topic_Department_24 is 0.116729

pgibbs sample time: 5.6e-05 seconds
probability of topic_Person_22 is 0.15919

pgibbs sample time: 5.4e-05 seconds
probability of topic_Course_33 is 0.158232

pgibbs sample time: 5.5e-05 seconds
probability of topic_Person_7 is 0.106118

pgibbs sample time: 5.7e-05 seconds
probability of topic_ResearchProject_41 is 0.103724

pgibbs sample time: 0.000548 seconds
probability of topic_Staff_29 is 0.129566

pgibbs sample time: 5.7e-05 seconds
probability of topic_Course_22 is 0.105256

pgibbs sample time: 5.7e-05 seconds
probability of topic_Faculty_25 is 0.0887349

pgibbs sample time: 5.6e-05 seconds
probability of topic_Person_53 is 0.126581

pgibbs sample time: 5.6e-05 seconds
probability of topic_Staff_32 is 0.107106

pgibbs sample time: 7e-05 seconds
probability of topic_Faculty_3 is 0.130442

pgibbs sample time: 5.7e-05 seconds
probability of topic_Student_11 is 0.129772

pgibbs sample time: 5.6e-05 seconds
probability of topic_ResearchProject_4 is 0.0875892

pgibbs sample time: 5.6e-05 seconds
probability of topic_ResearchProject_5 is 0.100104

pgibbs sample time: 5.7e-05 seconds
probability of topic_Faculty_58 is 0.134391

pgibbs sample time: 5.4e-05 seconds
probability of topic_Person_40 is 0.108938

pgibbs sample time: 5.7e-05 seconds
probability of topic_Faculty_56 is 0.0960443

pgibbs sample time: 0.000171 seconds
probability of topic_Student_57 is 0.117568

pgibbs sample time: 0.000192 seconds
probability of topic_Staff_19 is 0.0855519

pgibbs sample time: 5.7e-05 seconds
probability of topic_Staff_2 is 0.100289

pgibbs sample time: 5.8e-05 seconds
probability of topic_Department_10 is 0.0883014

pgibbs sample time: 0.000641 seconds
probability of topic_Student_50 is 0.128877

pgibbs sample time: 5.9e-05 seconds
probability of topic_Department_55 is 0.0808061

pgibbs sample time: 0.00057 seconds
probability of topic_ResearchProject_50 is 0.109493

pgibbs sample time: 5.5e-05 seconds
probability of topic_Course_24 is 0.147524

pgibbs sample time: 5.6e-05 seconds
probability of topic_Course_64 is 0.0875618

pgibbs sample time: 5.6e-05 seconds
probability of topic_Department_8 is 0.193085

pgibbs sample time: 5.7e-05 seconds
probability of topic_Faculty_62 is 0.116539

pgibbs sample time: 5.8e-05 seconds
probability of topic_ResearchProject_60 is 0.110987

pgibbs sample time: 5.6e-05 seconds
probability of topic_Student_53 is 0.0974461

pgibbs sample time: 0.000555 seconds
probability of topic_Person_28 is 0.100737

pgibbs sample time: 5.8e-05 seconds
probability of topic_Department_64 is 0.0825642

pgibbs sample time: 5.7e-05 seconds
probability of topic_ResearchProject_12 is 0.0749778

pgibbs sample time: 5.8e-05 seconds
probability of topic_Student_10 is 0.131889

pgibbs sample time: 5.5e-05 seconds
probability of topic_Person_60 is 0.10465

pgibbs sample time: 5.7e-05 seconds
probability of topic_Faculty_18 is 0.0833607

pgibbs sample time: 0.000549 seconds
probability of topic_Staff_28 is 0.119528

pgibbs sample time: 5.7e-05 seconds
probability of topic_ResearchProject_26 is 0.173515

pgibbs sample time: 5.6e-05 seconds
probability of topic_Person_21 is 0.102547

pgibbs sample time: 5.5e-05 seconds
probability of topic_Course_41 is 0.0802121

pgibbs sample time: 5.7e-05 seconds
probability of topic_ResearchProject_53 is 0.140427

pgibbs sample time: 0.00057 seconds
probability of topic_ResearchProject_28 is 0.108388

pgibbs sample time: 5.7e-05 seconds
probability of topic_Department_6 is 0.092868

pgibbs sample time: 5.7e-05 seconds
probability of topic_Faculty_33 is 0.16248

pgibbs sample time: 7e-05 seconds
probability of topic_Course_20 is 0.0862207

pgibbs sample time: 5.6e-05 seconds
probability of topic_Staff_9 is 0.11146

pgibbs sample time: 5.7e-05 seconds
probability of topic_Student_59 is 0.16465

pgibbs sample time: 5.6e-05 seconds
probability of topic_Student_56 is 0.0801102

pgibbs sample time: 5.5e-05 seconds
probability of topic_Faculty_7 is 0.0980456

pgibbs sample time: 0.000553 seconds
probability of topic_Person_50 is 0.131594

pgibbs sample time: 5.7e-05 seconds
probability of topic_Department_27 is 0.193085

pgibbs sample time: 5.7e-05 seconds
probability of topic_Student_43 is 0.104502

pgibbs sample time: 5.7e-05 seconds
probability of topic_Faculty_8 is 0.110334

pgibbs sample time: 5.5e-05 seconds
probability of topic_Staff_41 is 0.0802927

pgibbs sample time: 5.7e-05 seconds
probability of topic_Department_56 is 0.109957

pgibbs sample time: 5.9e-05 seconds
probability of topic_Person_55 is 0.162599

pgibbs sample time: 5.7e-05 seconds
probability of topic_Department_43 is 0.105792

pgibbs sample time: 5.6e-05 seconds
probability of topic_Person_26 is 0.11794

pgibbs sample time: 5.4e-05 seconds
probability of topic_Course_26 is 0.141758

pgibbs sample time: 5.8e-05 seconds
probability of topic_Department_9 is 0.113727

pgibbs sample time: 6.1e-05 seconds
probability of topic_ResearchProject_55 is 0.0807058

pgibbs sample time: 5.6e-05 seconds
probability of topic_ResearchProject_18 is 0.103724

pgibbs sample time: 5.5e-05 seconds
probability of topic_Person_56 is 0.0663138

pgibbs sample time: 0.000198 seconds
probability of topic_Student_61 is 0.157007

pgibbs sample time: 5.8e-05 seconds
probability of topic_Student_14 is 0.0884839

pgibbs sample time: 0.000195 seconds
probability of topic_Course_48 is 0.0978177

pgibbs sample time: 5.4e-05 seconds
probability of topic_Staff_27 is 0.149378

pgibbs sample time: 5.6e-05 seconds
probability of topic_Person_25 is 0.110036

pgibbs sample time: 6.8e-05 seconds
probability of topic_Person_20 is 0.142086

pgibbs sample time: 5.6e-05 seconds
probability of topic_Person_65 is 0.118427

pgibbs sample time: 6.9e-05 seconds
probability of topic_Staff_3 is 0.137893

pgibbs sample time: 0.000198 seconds
probability of topic_Faculty_49 is 0.126513

pgibbs sample time: 5.7e-05 seconds
probability of topic_Person_27 is 0.11684

pgibbs sample time: 5.6e-05 seconds
probability of topic_Course_25 is 0.0917731

pgibbs sample time: 5.4e-05 seconds
probability of topic_Course_30 is 0.148528

pgibbs sample time: 0.000581 seconds
probability of topic_Faculty_29 is 0.0958437

pgibbs sample time: 5.8e-05 seconds
probability of topic_ResearchProject_47 is 0.104544

pgibbs sample time: 5.8e-05 seconds
probability of topic_Faculty_41 is 0.0833607

pgibbs sample time: 5.7e-05 seconds
probability of topic_Faculty_26 is 0.156856

pgibbs sample time: 5.5e-05 seconds
probability of topic_Staff_36 is 0.0900833

pgibbs sample time: 5.5e-05 seconds
probability of topic_Staff_52 is 0.113585

pgibbs sample time: 6e-05 seconds
probability of topic_Student_31 is 0.189533

pgibbs sample time: 0.00019 seconds
probability of topic_Course_61 is 0.0986672

pgibbs sample time: 5.7e-05 seconds
probability of topic_ResearchProject_39 is 0.138305

pgibbs sample time: 5.6e-05 seconds
probability of topic_Person_2 is 0.0707108

pgibbs sample time: 5.7e-05 seconds
probability of topic_Student_62 is 0.242094

pgibbs sample time: 5.6e-05 seconds
probability of topic_Course_36 is 0.0854307

pgibbs sample time: 5.6e-05 seconds
probability of topic_Staff_65 is 0.111401

pgibbs sample time: 5.7e-05 seconds
probability of topic_Department_15 is 0.114394

pgibbs sample time: 5.6e-05 seconds
probability of topic_Department_54 is 0.113803

pgibbs sample time: 5.6e-05 seconds
probability of topic_Student_58 is 0.0767741

pgibbs sample time: 5.7e-05 seconds
probability of topic_ResearchProject_59 is 0.100222

pgibbs sample time: 5.6e-05 seconds
probability of topic_Staff_40 is 0.0900833

pgibbs sample time: 5.4e-05 seconds
probability of topic_Person_62 is 0.243469

pgibbs sample time: 5.3e-05 seconds
probability of topic_Faculty_1 is 0.152963

pgibbs sample time: 5.6e-05 seconds
probability of topic_Student_13 is 0.0580691

pgibbs sample time: 5.5e-05 seconds
probability of topic_Staff_15 is 0.114393

pgibbs sample time: 0.000581 seconds
probability of topic_Faculty_50 is 0.10008

pgibbs sample time: 5.6e-05 seconds
probability of topic_Student_1 is 0.0679965

pgibbs sample time: 0.000202 seconds
probability of topic_Department_61 is 0.0607876

pgibbs sample time: 5.6e-05 seconds
probability of topic_Student_7 is 0.0981942

pgibbs sample time: 0.000195 seconds
probability of topic_Course_45 is 0.0845811

pgibbs sample time: 5.7e-05 seconds
probability of topic_Department_40 is 0.105436

pgibbs sample time: 0.000564 seconds
probability of topic_Student_28 is 0.128658

pgibbs sample time: 5.7e-05 seconds
probability of topic_Person_34 is 0.19909

pgibbs sample time: 0.000572 seconds
probability of topic_ResearchProject_29 is 0.0860383

pgibbs sample time: 5.5e-05 seconds
probability of topic_Course_54 is 0.114374

pgibbs sample time: 0.000201 seconds
probability of topic_Faculty_48 is 0.108388

pgibbs sample time: 5.7e-05 seconds
probability of topic_Staff_22 is 0.139534

pgibbs sample time: 0.000203 seconds
probability of topic_Student_49 is 0.156726

pgibbs sample time: 5.8e-05 seconds
probability of topic_ResearchProject_27 is 0.100104

pgibbs sample time: 6.1e-05 seconds
probability of topic_Department_46 is 0.107018

pgibbs sample time: 5.5e-05 seconds
probability of topic_Staff_7 is 0.128629

pgibbs sample time: 5.7e-05 seconds
probability of topic_ResearchProject_6 is 0.10165

pgibbs sample time: 5.4e-05 seconds
probability of topic_Course_13 is 0.104595

pgibbs sample time: 5.8e-05 seconds
probability of topic_Student_40 is 0.109533

pgibbs sample time: 7.9e-05 seconds
probability of topic_ResearchProject_30 is 0.101843

pgibbs sample time: 7.1e-05 seconds
probability of topic_Student_3 is 0.0622785

pgibbs sample time: 5.6e-05 seconds
probability of topic_Person_12 is 0.178898

pgibbs sample time: 5.7e-05 seconds
probability of topic_Student_64 is 0.0884668

pgibbs sample time: 5.6e-05 seconds
probability of topic_Course_55 is 0.107802

pgibbs sample time: 5.5e-05 seconds
probability of topic_Staff_51 is 0.0988727

pgibbs sample time: 5.7e-05 seconds
probability of topic_Department_59 is 0.127938

pgibbs sample time: 0.000202 seconds
probability of topic_Staff_61 is 0.117062

pgibbs sample time: 5.6e-05 seconds
probability of topic_Staff_6 is 0.100623

pgibbs sample time: 5.7e-05 seconds
probability of topic_Department_4 is 0.103476

pgibbs sample time: 0.000193 seconds
probability of topic_Person_19 is 0.106888

pgibbs sample time: 5.5e-05 seconds
probability of topic_Staff_5 is 0.149378

pgibbs sample time: 5.8e-05 seconds
probability of topic_Student_46 is 0.108926

pgibbs sample time: 5.7e-05 seconds
probability of topic_ResearchProject_33 is 0.0996599

pgibbs sample time: 5.7e-05 seconds
probability of topic_ResearchProject_8 is 0.100104

pgibbs sample time: 5.8e-05 seconds
probability of topic_Course_2 is 0.133521

pgibbs sample time: 0.000174 seconds
probability of topic_Student_45 is 0.113835

pgibbs sample time: 0.000206 seconds
probability of topic_ResearchProject_57 is 0.114942

pgibbs sample time: 0.000554 seconds
probability of topic_Person_29 is 0.151816

pgibbs sample time: 5.6e-05 seconds
probability of topic_Person_9 is 0.0834132

pgibbs sample time: 5.8e-05 seconds
probability of topic_ResearchProject_31 is 0.0876857

pgibbs sample time: 5.6e-05 seconds
probability of topic_Person_6 is 0.10676

pgibbs sample time: 7.4e-05 seconds
probability of topic_Student_15 is 0.114392

pgibbs sample time: 5.8e-05 seconds
probability of topic_Faculty_21 is 0.0982928

pgibbs sample time: 5.5e-05 seconds
probability of topic_Course_11 is 0.115773

pgibbs sample time: 5.6e-05 seconds
probability of topic_Staff_59 is 0.107586

pgibbs sample time: 5.7e-05 seconds
probability of topic_Student_60 is 0.117873

pgibbs sample time: 5.5e-05 seconds
probability of topic_Staff_42 is 0.125279

pgibbs sample time: 0.000204 seconds
probability of topic_Student_19 is 0.107239

pgibbs sample time: 5.5e-05 seconds
probability of topic_Person_45 is 0.108938

pgibbs sample time: 7.1e-05 seconds
probability of topic_ResearchProject_20 is 0.166265

pgibbs sample time: 5.7e-05 seconds
probability of topic_Student_36 is 0.109533

pgibbs sample time: 5.6e-05 seconds
probability of topic_Department_31 is 0.106875

pgibbs sample time: 5.7e-05 seconds
probability of topic_ResearchProject_65 is 0.125761

pgibbs sample time: 5.8e-05 seconds
probability of topic_ResearchProject_25 is 0.104277

pgibbs sample time: 0.000193 seconds
probability of topic_Staff_49 is 0.122531

pgibbs sample time: 5.8e-05 seconds
probability of topic_Faculty_11 is 0.147875

pgibbs sample time: 5.6e-05 seconds
probability of topic_Department_62 is 0.18052

pgibbs sample time: 5.7e-05 seconds
probability of topic_ResearchProject_58 is 0.147635

pgibbs sample time: 5.6e-05 seconds
probability of topic_Staff_53 is 0.111804

pgibbs sample time: 5.6e-05 seconds
probability of topic_Student_25 is 0.117373

pgibbs sample time: 6.9e-05 seconds
probability of topic_Staff_35 is 0.0958024

pgibbs sample time: 5.7e-05 seconds
probability of topic_Department_52 is 0.103038

pgibbs sample time: 0.000203 seconds
probability of topic_ResearchProject_48 is 0.402806

pgibbs sample time: 5.8e-05 seconds
probability of topic_Faculty_63 is 0.104938

pgibbs sample time: 5.6e-05 seconds
probability of topic_ResearchProject_10 is 0.1239

pgibbs sample time: 5.7e-05 seconds
probability of topic_Department_2 is 0.104213

pgibbs sample time: 5.8e-05 seconds
probability of topic_Student_34 is 0.159601

pgibbs sample time: 5.6e-05 seconds
probability of topic_ResearchProject_40 is 0.0913892

pgibbs sample time: 5.7e-05 seconds
probability of topic_Student_38 is 0.0956805

pgibbs sample time: 5.4e-05 seconds
probability of topic_Staff_44 is 0.0874999

pgibbs sample time: 5.7e-05 seconds
probability of topic_Faculty_53 is 0.143849

pgibbs sample time: 0.000553 seconds
probability of topic_Course_50 is 0.0994102

pgibbs sample time: 5.7e-05 seconds
probability of topic_Student_44 is 0.129772

pgibbs sample time: 0.000576 seconds
probability of topic_Department_29 is 0.0756191

pgibbs sample time: 5.7e-05 seconds
probability of topic_Staff_11 is 0.0874999

pgibbs sample time: 5.6e-05 seconds
probability of topic_Faculty_34 is 0.105926

pgibbs sample time: 7e-05 seconds
probability of topic_Course_47 is 0.11345

pgibbs sample time: 7.3e-05 seconds
probability of topic_Course_60 is 0.105158

pgibbs sample time: 0.000575 seconds
probability of topic_Department_28 is 0.116754

pgibbs sample time: 5.7e-05 seconds
probability of topic_Course_38 is 0.105285

pgibbs sample time: 5.8e-05 seconds
probability of topic_ResearchProject_64 is 0.106046

pgibbs sample time: 5.6e-05 seconds
probability of topic_Course_12 is 0.135889

pgibbs sample time: 5.5e-05 seconds
probability of topic_Course_14 is 0.161479

pgibbs sample time: 5.5e-05 seconds
probability of topic_Person_36 is 0.108938

pgibbs sample time: 5.7e-05 seconds
probability of topic_Faculty_44 is 0.147875

pgibbs sample time: 0.000196 seconds
probability of topic_Course_19 is 0.0834186

pgibbs sample time: 5.8e-05 seconds
probability of topic_Faculty_40 is 0.0798315

pgibbs sample time: 5.6e-05 seconds
probability of topic_Staff_20 is 0.103315

pgibbs sample time: 5.6e-05 seconds
probability of topic_Department_58 is 0.0896178

pgibbs sample time: 0.000196 seconds
probability of topic_Course_49 is 0.0953961

pgibbs sample time: 5.9e-05 seconds
probability of topic_ResearchProject_9 is 0.188793

pgibbs sample time: 5.6e-05 seconds
probability of topic_Faculty_16 is 0.122699

pgibbs sample time: 5.6e-05 seconds
probability of topic_Faculty_60 is 0.0981916

pgibbs sample time: 5.6e-05 seconds
probability of topic_ResearchProject_52 is 0.111573

pgibbs sample time: 5.5e-05 seconds
probability of topic_Staff_46 is 0.0866285

pgibbs sample time: 5.7e-05 seconds
probability of topic_Faculty_27 is 0.110334

pgibbs sample time: 0.000169 seconds
probability of topic_Person_57 is 0.112782

pgibbs sample time: 0.000208 seconds
probability of topic_Department_19 is 0.105842

pgibbs sample time: 5.7e-05 seconds
probability of topic_Course_40 is 0.0854307

pgibbs sample time: 5.7e-05 seconds
probability of topic_Faculty_39 is 0.103209

pgibbs sample time: 0.000208 seconds
probability of topic_Department_49 is 0.110761

pgibbs sample time: 5.8e-05 seconds
probability of topic_Staff_13 is 0.116535

pgibbs sample time: 5.7e-05 seconds
probability of topic_Department_36 is 0.105436

pgibbs sample time: 5.7e-05 seconds
probability of topic_Student_63 is 0.0990513

pgibbs sample time: 5.5e-05 seconds
probability of topic_Course_5 is 0.105222

pgibbs sample time: 5.7e-05 seconds
probability of topic_Department_18 is 0.0858202

pgibbs sample time: 5.7e-05 seconds
probability of topic_ResearchProject_2 is 0.127965

pgibbs sample time: 5.5e-05 seconds
probability of topic_Staff_25 is 0.0771316

pgibbs sample time: 7.2e-05 seconds
probability of topic_Faculty_20 is 0.115546

pgibbs sample time: 5.5e-05 seconds
probability of topic_Staff_56 is 0.0930899

pgibbs sample time: 5.6e-05 seconds
probability of topic_Course_58 is 0.118974

pgibbs sample time: 5.8e-05 seconds
probability of topic_Faculty_23 is 0.0942529

pgibbs sample time: 5.6e-05 seconds
probability of topic_ResearchProject_43 is 0.112396

pgibbs sample time: 5.6e-05 seconds
probability of topic_Person_33 is 0.0684784

pgibbs sample time: 7e-05 seconds
probability of topic_Faculty_35 is 0.117982

pgibbs sample time: 5.6e-05 seconds
probability of topic_Person_42 is 0.128773

pgibbs sample time: 5.6e-05 seconds
probability of topic_Faculty_13 is 0.147198

pgibbs sample time: 5.6e-05 seconds
probability of topic_Course_32 is 0.114854

pgibbs sample time: 5.7e-05 seconds
probability of topic_ResearchProject_44 is 0.0700553

pgibbs sample time: 5.5e-05 seconds
probability of topic_Person_14 is 0.0842106

pgibbs sample time: 5.6e-05 seconds
probability of topic_Faculty_4 is 0.133307

pgibbs sample time: 5.7e-05 seconds
probability of topic_Faculty_37 is 0.0854832

pgibbs sample time: 5.5e-05 seconds
probability of topic_Course_31 is 0.0884857

pgibbs sample time: 5.7e-05 seconds
probability of topic_Faculty_46 is 0.0755157

pgibbs sample time: 5.6e-05 seconds
probability of topic_ResearchProject_42 is 0.110406

pgibbs sample time: 5.5e-05 seconds
probability of topic_Staff_4 is 0.100815

pgibbs sample time: 5.5e-05 seconds
probability of topic_Course_15 is 0.114394

pgibbs sample time: 5.5e-05 seconds
probability of topic_Staff_64 is 0.102124

pgibbs sample time: 5.4e-05 seconds
probability of topic_Faculty_5 is 0.110334

pgibbs sample time: 5.7e-05 seconds
probability of topic_ResearchProject_14 is 0.0842997

pgibbs sample time: 5.7e-05 seconds
probability of topic_Department_12 is 0.171316

pgibbs sample time: 7.1e-05 seconds
probability of topic_Student_35 is 0.159681

pgibbs sample time: 5.6e-05 seconds
probability of topic_Department_41 is 0.0858202

pgibbs sample time: 5.6e-05 seconds
probability of topic_Person_5 is 0.11684

pgibbs sample time: 5.6e-05 seconds
probability of topic_Course_59 is 0.182119

pgibbs sample time: 5.6e-05 seconds
probability of topic_Course_56 is 0.0891904

pgibbs sample time: 5.7e-05 seconds
probability of topic_Department_63 is 0.0855171

pgibbs sample time: 5.3e-05 seconds
probability of topic_Student_4 is 0.0842438

pgibbs sample time: 5.5e-05 seconds
probability of topic_Staff_38 is 0.0873167

pgibbs sample time: 5.7e-05 seconds
probability of topic_Department_51 is 0.108096

pgibbs sample time: 5.4e-05 seconds
probability of topic_Student_8 is 0.124752

pgibbs sample time: 5.7e-05 seconds
probability of topic_Student_30 is 0.0884648

pgibbs sample time: 5.4e-05 seconds
probability of topic_Course_27 is 0.105222

pgibbs sample time: 5.4e-05 seconds
probability of topic_Person_11 is 0.139832

pgibbs sample time: 5.6e-05 seconds
probability of topic_Staff_1 is 0.0811437

pgibbs sample time: 5.5e-05 seconds
probability of topic_Staff_31 is 0.113466

pgibbs sample time: 5.7e-05 seconds
probability of topic_Department_25 is 0.0784007

pgibbs sample time: 5.7e-05 seconds
probability of topic_Student_21 is 0.0997967

pgibbs sample time: 7.2e-05 seconds
probability of topic_ResearchProject_35 is 0.0933043

pgibbs sample time: 5.7e-05 seconds
probability of topic_Person_43 is 0.108171

pgibbs sample time: 5.7e-05 seconds
probability of topic_Department_17 is 0.0781608

pgibbs sample time: 5.7e-05 seconds
probability of topic_Faculty_12 is 0.147769

pgibbs sample time: 5.5e-05 seconds
probability of topic_Student_24 is 0.142088

pgibbs sample time: 5.7e-05 seconds
probability of topic_ResearchProject_62 is 0.174317

pgibbs sample time: 5.5e-05 seconds
probability of topic_Staff_8 is 0.149378

pgibbs sample time: 5.8e-05 seconds
probability of topic_ResearchProject_7 is 0.123228

pgibbs sample time: 5.6e-05 seconds
probability of topic_ResearchProject_37 is 0.0931433

pgibbs sample time: 7.1e-05 seconds
probability of topic_Student_20 is 0.139682

pgibbs sample time: 5.4e-05 seconds
probability of topic_Staff_62 is 0.111338

pgibbs sample time: 7.2e-05 seconds
probability of topic_Course_35 is 0.0901152

pgibbs sample time: 7.2e-05 seconds
probability of topic_Faculty_17 is 0.157018

pgibbs sample time: 5.7e-05 seconds
probability of topic_Student_22 is 0.174619

pgibbs sample time: 5.5e-05 seconds
probability of topic_Person_24 is 0.116663

pgibbs sample time: 5.7e-05 seconds
probability of topic_Faculty_10 is 0.134515

pgibbs sample time: 5.8e-05 seconds
probability of topic_ResearchProject_38 is 0.105362

pgibbs sample time: 0.000207 seconds
probability of topic_Faculty_45 is 0.0789469

pgibbs sample time: 5.6e-05 seconds
probability of topic_Department_30 is 0.087318

pgibbs sample time: 5.7e-05 seconds
probability of topic_ResearchProject_36 is 0.0913892

pgibbs sample time: 5.5e-05 seconds
probability of topic_Department_34 is 0.0720754

pgibbs sample time: 5.7e-05 seconds
probability of topic_Department_37 is 0.106577

pgibbs sample time: 5.6e-05 seconds
probability of topic_Staff_17 is 0.152457

pgibbs sample time: 5.7e-05 seconds
probability of topic_Department_26 is 0.120005

pgibbs sample time: 0.000203 seconds
probability of topic_Department_45 is 0.104072

pgibbs sample time: 5.6e-05 seconds
probability of topic_Faculty_6 is 0.106035

pgibbs sample time: 7.3e-05 seconds
probability of topic_ResearchProject_17 is 0.104845

pgibbs sample time: 5.5e-05 seconds
probability of topic_Person_32 is 0.11817

pgibbs sample time: 5.5e-05 seconds
probability of topic_Staff_26 is 0.126833

pgibbs sample time: 5.8e-05 seconds
probability of topic_Department_42 is 0.113685

pgibbs sample time: 5.7e-05 seconds
probability of topic_Student_12 is 0.164515

pgibbs sample time: 0.000201 seconds
probability of topic_Faculty_61 is 0.105099

pgibbs sample time: 5.8e-05 seconds
probability of topic_Course_7 is 0.0964889

pgibbs sample time: 6.9e-05 seconds
probability of topic_Person_35 is 0.133256

pgibbs sample time: 5.8e-05 seconds
probability of topic_ResearchProject_51 is 0.115947

pgibbs sample time: 5.8e-05 seconds
probability of topic_Student_6 is 0.126224

pgibbs sample time: 5.7e-05 seconds
probability of topic_Student_55 is 0.139636

pgibbs sample time: 5.6e-05 seconds
probability of topic_Person_8 is 0.11684

pgibbs sample time: 5.4e-05 seconds
probability of topic_Course_37 is 0.0872788

pgibbs sample time: 5.5e-05 seconds
probability of topic_Staff_24 is 0.110643

pgibbs sample time: 5.6e-05 seconds
probability of topic_Person_37 is 0.113662

pgibbs sample time: 5.5e-05 seconds
probability of topic_Person_52 is 0.105066

pgibbs sample time: 5.8e-05 seconds
probability of topic_Student_18 is 0.123171

pgibbs sample time: 5.5e-05 seconds
probability of topic_Person_10 is 0.119797

pgibbs sample time: 5.5e-05 seconds
probability of topic_Staff_23 is 0.0975264

pgibbs sample time: 5.8e-05 seconds
probability of topic_ResearchProject_34 is 0.0829609

pgibbs sample time: 5.4e-05 seconds
probability of topic_Person_15 is 0.114389

pgibbs sample time: 5.7e-05 seconds
probability of topic_Student_27 is 0.124752

pgibbs sample time: 0.000222 seconds
probability of topic_Faculty_19 is 0.0745353

pgibbs sample time: 5.6e-05 seconds
probability of topic_Faculty_42 is 0.113181

