observed tuples: r465 r4745 r4908 r511 r3157 r1135 r3362 r2222 r3656 r2016 r3392 r3653 r4427 r3347 r1403 r2506 r3900 r2396 r1987 r2874 r576 r4775 r3052 r1660 r4001 r4739 r2765 r3519 r3589 r50 r4296 r3192 r4920 r3092 r2030 r2979 r770 r2525 r3366 r1575 r3313 r260 r1256 r2492 r810 r4208 r2354 r1063 r3348 r543 r1004 r2741 r3315 r4444 r3898 r1976 r3923 r2860 r3879 r4108 r2115 r549 r3215 r3361 r3673 r3224 r3472 r2239 r2042 r1491 r294 r1812 r3400 r734 r559 r3710 r1931 r2612 r2465 r1766 r2230 r3435 r4396 r2586 r2618 r4571 r1389 r4367 r2625 r2161 r4755 r3927 r1524 r4101 r232 r1609 r4224 r3783 r4234 r2472 r1907 r620 r929 r3857 r3998 r3574 r1873 r263 r4609 r3866 r299 r1823 r3437 r3535 r2952 r3711 r4688 r3247 r2431 r2360 r1189 r2049 r2992 r2763 r1103 r1452 r1428 r3184 r3167 r980 r3819 r1490 r1916 r3388 r1462 r4612 r4082 r4768 r2143 r127 r1897 r2125 r651 r4838 r3418 r3793 r4503 r4273 r23 r4425 r3038 r2804 r1985 r4894 r4565 r155 r1104 r3319 r4500 r4743 r702 r2947 r4237 r1320 r2644 r2436 r1788 r4871 r1787 r3425 r798 r3475 r2382 r2746 r558 r2805 r2044 r59 r2274 r3013 r1726 r423 r1471 r3246 r1832 r4067 r3474 r2795 r3786 r1070 r2173 r2014 r3344 r1353 r304 r859 r3386 r3800 r1634 r2660 r1782 r3720 r3363 r3893 r1984 r3831 r3810 r4334 r2769 r3042 r4666 r897 r3745 r1558 r3308 r2245 r60 r2636 r165 r4030 r2006 r126 r46 r999 r3722 r4744 r1380 r3986 r3268 r1479 r3799 r572 r861 r3196 r2265 r3275 r2781 r359 r2794 r2847 r4150 r2394 r1469 r114 r1772 r2835 r4222 r2390 r1838 r1626 r374 r1388 r1994 r2483 r3787 r1083 r2078 r3068 r1180 r4712 r248 r2756 r1149 r2875 r721 r4891 r2376 r2831 r3083 r3160 r4329 r2039 r3621 r2873 r3695 r2981 r146 r3735 r4317 r4771 r143 r3662 hasword_paper_26 r4211 r591 r4749 r986 r2604 r3914 r2255 r2720 r2884 r339 r4910 r400 r3410 r2471 r427 r1284 hasword_univers_12 r3239 links_155_133 r1805 r1774 hasword_includ_155 hasword_case_155 hasword_address_157 r2414 r728 r3975 r4393 r3708 r941 r1430 r3636 r162 r2825 r4629 r3565 r584 r1217 links_81_20 r2343 r3856 hasword_press_20 r666 r2429 r218 r2461 r2229 r2680 r1545 r1019 r2138 links_155_169 r1506 r1887 r485 r224 r1431 r3234 r3462 r3508 r3864 r2701 r2623 r484 r2678 r2527 r4568 r3084 r341 r1955 r3176 r1910 r2389 r4243 r2215 r4483 r4445 r4071 r1811 r2647 r2177 r1339 r3021 r659 r4906 r1530 r3828 links_19_49 hasword_html_19 r4912 r3278 r1155 r1147 r4852 r1269 r1550 r1305 r4865 r2099 r4163 r2067 r4332 r1675 r354 r2367 r1157 r3539 r1390 hasword_complex_20 r2320 r982 r4000 r2967 r3394 r914 r4365 r561 r2543 hasword_journal_7 r2381 r2791 r2920 r717 r4066 r2841 r1570 r950 r544 r4165 r2673 r1900 r3152 r2642 r4070 r2153 r3548 r136 r1299 r2950 r2458 r2667 r2743 r4438 r4144 r3492 r2349 r3547 r4863 r404 r1258 r3559 r3228 hasword_real_31 hasword_write_31 r3040 r3205 r1057 r2616 r3794 r4120 hasword_colleg_38 r1669 r4353 r258 r3608 r3704 r1003 r893 r3252 hasword_mechan_23 hasword_materi_23 r4919 r3405 r413 r753 r3728 r2926 r1061 r2588 r4542 hasword_chang_63 r3380 hasword_case_63 r2198 r365 r2000 r2355 r4800 r1911 r2885 r1319 r4074 r1024 r3689 r1574 r227 r1554 r3524 r1718 r4300 r864 r2415 r722 hasword_jan_120 hasword_mon_94 hasword_base_94 hasword_student_94 hasword_html_94 r4527 r2880 r4307 hasword_dec_212 r1895 r4843 links_116_93 r1893 hasword_john_116 r1996 r2236 r4782 r2127 r4635 r3555 r2534 r4509 r1184 r2628 hasword_univers_69 r358 hasword_instruct_81 r4560 r4642 r39 r2964 r1270 links_93_116 r29 r3664 r2826 r2446 r2269 links_209_239 r573 r3558 r4081 r3069 r710 r4976 r2211 r1441 r1768 hasword_mime_86 hasword_task_47 hasword_base_47 r2321 r1098 hasword_intellig_47 r3017 r2796 links_42_186 r3345 hasword_date_53 r4718 r4487 links_31_92 hasword_written_353 hasword_ta_24 r4726 r3130 hasword_unit_57 r1133 r411 hasword_tuesdai_65 r2799 hasword_numer_119 r737 r858 r2449 r2973 r3078 r2179 r1829 links_48_180 r3 r1995 links_126_59 r2333 links_57_272 r1360 links_57_61 r3253 r302 r4972 hasword_unit_7 r520 r644 r3237 r4282 r161 hasword_show_77 r1898 r2190 links_13_187 r2913 hasword_univers_187 hasword_student_134 r836 hasword_logic_187 r942 r3440 r230 hasword_window_99 hasword_phone_78 r840 r3426 r1001 hasword_network_73 r3757 r2927 hasword_pointer_85 r1385 hasword_bound_52 r809 r2549 hasword_common_52 hasword_parallel_72 links_164_209 hasword_faculti_33 r3562 r2118 r823 r4770 hasword_paul_61 r930 r2714 r4225 r2114 hasword_jan_8 r2328 hasword_modifi_110 r1642 r78 r316 r3221 r3546 hasword_propos_32 hasword_utexa_110 r4231 r4648 links_130_110 links_89_290 r991 r2456 hasword_assign_290 r2859 r272 hasword_give_290 links_78_258 hasword_test_125 r55 r3194 r1132 hasword_support_111 r3168 r2865 r4341 r3360 hasword_principl_83 r1719 r3769 hasword_environ_53 r4842 r1439 r3661 r3080 r3420 r2857 r4428 r2862 hasword_postscript_17 r3016 r3969 r1833 r1266 r2241 r4132 links_41_106 links_12_155 r2111 r1195 r3816 r424 r1377 r1520 hasword_architectur_118 r2949 hasword_set_42 r1243 hasword_order_47 r2266 r818 links_209_33 hasword_modifi_25 links_29_28 r2043 r300 r7 r3853 r2448 links_29_102 r2050 links_50_28 r2803 r4405 links_50_29 r3978 r324 r273 r1906 r4654 hasword_robot_1 r121 hasword_provid_28 hasword_modifi_134 r681 r790 r829 r2276 hasword_www_180 hasword_system_29 r1944 r351 r9 r842 r2668 r353 r2830 r2597 hasword_contact_272 r961 r2733 r3947 r4458 r4177 r4180 r538 r282 r4817 r2591 hasword_resourc_78 r2706 r3894 r2029 links_59_217 r2999 hasword_class_59 links_126_11 hasword_mail_209 r1012 r3271 hasword_jan_79 r4436 r2752 r3622 hasword_orient_126 r2517 links_126_156 r3907 hasword_build_58 r2705 r514 links_11_134 links_11_67 hasword_confer_9 hasword_graduat_4 hasword_dynam_11 r4645 hasword_oct_11 r450 r3534 r3312 r1006 r1261 r4129 r3044 r2112 hasword_gmt_67 hasword_program_70 r4431 links_3_156 r2521 r1934 r51 hasword_complet_32 r1202 r2267 hasword_docum_79 links_57_168 r1560 r2935 r4686 r2528 r4159 r876 hasword_dynam_3 r2671 links_41_118 hasword_manag_239 hasword_utexa_146 r4123 r1179 r854 r510 r147 hasword_collect_52 r4922 hasword_content_36 hasword_score_3 r1470 r4195 r615 hasword_wide_37 links_28_102 r2709 hasword_develop_10 hasword_space_25 r478 r3236 r784 r123 r754 r2818 r2736 hasword_form_77 hasword_nov_19 links_31_120 hasword_austin_129 hasword_definit_21 r2908 r455 r2444 r210 hasword_nov_77 r1696 r2792 hasword_intern_47 hasword_de_4 r4619 r4465 hasword_nov_62 r1332 r4680 r489 r3806 r1465 hasword_michael_77 hasword_constraint_76 r3422 r1036 r4551 hasword_lab_89 r794 r3931 links_290_30 r4837 hasword_type_168 r476 r2279 r4174 r62 r689 r1025 r3303 r4372 r1053 r1557 hasword_server_136 r593 r3641 r4848 hasword_associ_193 hasword_type_129 hasword_storag_3 r3169 rl r3729 r4045 hasword_cern_111 r3873 r990 hasword_solution_106 r3836 r3518 hasword_utexa_47 r3191 r337 r297 r4156 hasword_depart_146 r3813 r1236 r2864 r1807 hasword_gmt_5 r3377 r1136 r3785 r4806 r238 r672 hasword_mondai_18 hasword_queri_76 hasword_comput_129 r4608 hasword_gmt_76 r3393 hasword_nation_55 links_33_209 hasword_discuss_288 r2384 hasword_develop_174 r1856 r3807 links_87_35 r2774 r4656 r1287 r3334 r2093 hasword_jan_5 r2345 r440 r1254 hasword_file_56 r356 r2727 hasword_transfer_12 hasword_prototyp_7 r342 links_87_10 links_209_164 r912 hasword_laboratori_169 r4126 r3188 r3563 r4173 hasword_engin_87 hasword_dynam_27 r4512 r3887 links_186_327 links_4_111 r834 hasword_larg_126 r4807 r1969 links_50_146 hasword_texa_89 hasword_algorithm_186 r843 r33 r3516 r3882 hasword_techniqu_89 r847 r305 r799 r4019 r1342 r3019 r2893 r4077 hasword_contact_17 r2921 links_125_136 r2565 hasword_date_172 hasword_univers_146 hasword_current_35 hasword_april_4 hasword_member_164 r4531 hasword_lab_111 r381 r3684 r2316 r3423 r3844 r1386 r1093 r214 r2084 r3834 hasword_richard_7 r75 links_134_11 r192 r4970 r775 r3818 r3141 hasword_date_74 r4987 r1543 r3342 r4665 r609 r4938 hasword_utexa_130 links_111_58 links_168_57 hasword_content_40 hasword_type_136 r4563 hasword_india_68 r4637 hasword_area_28 links_129_87 r4967 hasword_mime_244 r1043 hasword_librari_3 r1282 r3201 hasword_train_7 r2181 links_110_130 r932 r4459 hasword_induct_7 r3934 hasword_time_72 r1487 r3384 hasword_algorithm_84 r978 r2352 hasword_paramet_20 hasword_austin_32 r2698 hasword_experi_92 r1700 r3718 hasword_deriv_65 r960 hasword_jan_32 hasword_jan_27 r2007 hasword_check_111 r1164 hasword_train_180 links_136_30 r3690 r3972 r1075 hasword_number_30 r3014 r845 r3707 r4658 r1953 r4413 hasword_onlin_88 hasword_page_97 r2096 r2149 r4600 hasword_faq_55 r1961 r4632 hasword_guid_111 r2467 r1450 links_29_50 r4533 hasword_wait_52 r4873 hasword_cern_15 r3719 r4146 r2697 r1350 r3029 hasword_review_7 hasword_wide_35 r495 r1285 r298 r2020 r889 hasword_hall_102 r4628 r3901 r2823 r750 hasword_creat_96 r518 r1695 r70 r2575 r2581 r4494 r707 r4312 r2088 hasword_parallel_231 hasword_schedul_34 r1357 r3451 r346 hasword_articl_25 r4490 r2486 r1475 hasword_event_35 r1073 r1921 r3007 hasword_gmt_50 hasword_texa_6 r2405 r1435 hasword_manag_25 links_64_193 r4732 r1688 r4954 r4603 r1364 links_102_50 r2896 links_30_136 r1775 r1193 r3185 links_17_244 hasword_html_46 r4324 r769 r1674 links_136_125 hasword_investig_106 r1366 hasword_begin_102 r1498 r4434 r2417 r4820 r4857 hasword_includ_13 r10 r3725 r4092 r1334 r2066 hasword_length_258 r2610 hasword_educ_95 hasword_plan_2 r1566 hasword_approxim_7 r4140 r4683 r4740 r1940 r831 r1099 r4610 hasword_direct_63 r2520 r1709 r2876 links_290_83 r4875 hasword_put_77 hasword_includ_42 r481 r2060 r142 hasword_area_17 r2640 r4960 hasword_add_14 r2559 r2722 r4111 hasword_logic_7 hasword_univers_88 r4319 r3330 r4589 r4692 r4118 r1622 r3628 hasword_date_23 hasword_manag_16 hasword_date_80 r1402 r4678 r419 r2253 r1989 r4939 r2452 r1880 r325 r2554 hasword_aug_54 links_50_102 r219 r4816 r205 r2842 links_126_54 r621 r4366 r1176 hasword_mondai_68 r3902 r2629 r2070 r4033 r469 r3918 r3566 r2102 r872 hasword_small_126 hasword_texa_37 r3365 r4855 r2233 hasword_gmt_37 r3966 links_59_126 links_110_8 links_156_126 hasword_left_75 r1325 links_54_114 r565 hasword_announc_217 links_155_157 r2589 r1031 r3335 r3954 hasword_proceed_95 hasword_implem_156 r4117 hasword_open_111 links_172_209 r2984 r4323 r2782 r4021 hasword_ed_129 r4 hasword_document_92 r4995 hasword_server_64 r3611 r2011 r3583 r3431 r1828 r3749 r3290 r2358 hasword_institut_169 r967 hasword_work_106 r4835 r1703 r4488 r946 hasword_music_52 hasword_univers_327 r2168 links_55_73 r1979 r4062 r4139 links_2_199 hasword_program_105 r4735 r256 hasword_autom_105 links_126_3 links_186_105 r4484 hasword_jan_42 hasword_student_42 r2712 hasword_ed_42 r4075 r658 r1304 hasword_engin_42 r4948 r3784 r2516 r536 r603 hasword_line_4 r4196 r3961 hasword_memori_200 hasword_show_200 r3256 hasword_text_21 hasword_respons_200 hasword_made_90 r3397 links_90_200 r187 hasword_group_115 hasword_wide_50 r3428 r1295 r4841 links_212_180 r955 hasword_lab_199 r1427 r2821 links_199_18 r4923 r4604 r650 r628 links_65_119 links_199_212 r4943 r349 r1445 hasword_work_71 r1494 r212 r1526 links_2_169 r2242 r797 r1753 r4845 r3576 hasword_size_200 r3137 r4213 r1763 r4379 r1678 r1913 r3510 links_129_244 hasword_version_296 r4750 r180 r2767 hasword_count_52 r206 r3222 links_78_180 hasword_string_42 r1211 r2942 r2347 r4181 hasword_point_155 hasword_effici_42 r4651 r1603 r2303 links_209_36 r2083 r2100 hasword_great_63 r4573 r1914 r2630 hasword_window_39 hasword_chapter_60 r231 r181 r1229 r741 r3338 r229 r1764 r1113 r3070 hasword_text_45 r4205 r4929 r392 r1116 r1891 r1525 r4924 r4416 r1078 r4216 r1810 r2101 r900 hasword_mondai_85 hasword_ftp_174 r1089 hasword_server_66 r1277 r966 links_106_41 r2085 r3748 r1437 hasword_resourc_2 r3935 hasword_html_118 r379 r2812 hasword_author_93 r2270 hasword_june_118 r2235 r303 r1707 r2641 hasword_process_36 hasword_version_41 r3655 hasword_major_41 links_41_174 r2232 links_41_72 r4089 r2478 r2734 hasword_austin_69 r144 hasword_aug_98 r1333 r4298 hasword_architectur_7 r2840 links_32_319 r4286 r2561 r4584 r3601 hasword_html_92 r4966 r3050 r3501 hasword_sequenc_43 r3979 r408 r4232 r3478 r3081 r2337 r2284 r4104 r56 r3736 r2608 r4777 hasword_mime_114 r1370 hasword_ph_34 r4558 r724 r1237 r1409 r388 hasword_tx_133 r3632 r3076 links_133_24 r913 r631 links_24_133 r4269 r3186 links_91_45 r2780 r3067 r3216 links_209_172 hasword_text_22 r4209 r1276 hasword_machin_22 r1376 r3592 r2441 links_8_110 hasword_tr_74 hasword_utexa_54 r2263 hasword_jan_97 r1546 r4358 r3536 r3950 r3578 r4535 r3416 hasword_move_48 links_244_288 links_45_48 hasword_consist_49 r3590 r3244 links_155_199 r3409 r3082 r4304 r3025 r3144 hasword_dynam_47 hasword_content_376 hasword_room_30 r4653 r2814 links_28_50 r962 r2719 r1032 r3433 hasword_suggest_91 hasword_texa_91 links_91_376 links_91_180 hasword_email_157 r347 r2909 r3600 r2264 hasword_effici_51 r4093 r3468 r3031 r2469 r795 r4706 r4854 r618 hasword_version_18 hasword_artifici_145 links_145_244 hasword_position_17 links_17_145 r837 r1748 r261 r2018 r2888 r3512 links_25_231 r4392 links_41_115 r4953 r2710 r1809 r4107 r2533 r1028 r3768 hasword_wa_15 r1410 r3202 r1871 r3982 hasword_implement_126 r24 r760 r2844 r896 r1580 r4473 r4824 r2580 r3343 r2176 r4452 r4194 r568 r4676 r378 r2395 r2750 hasword_oct_44 r2726 r309 hasword_fridai_39 r3724 links_89_180 r4149 r4463 r1227 r1615 r1468 r4993 r3415 r4022 links_13_296 r2170 r2889 r2055 hasword_provid_200 r882 r74 r22 r1321 r4616 r606 r3465 r2854 r2620 hasword_text_51 r642 hasword_sourc_64 r3383 r2117 r176 r3276 r3298 r3905 r4130 r1262 hasword_proceed_319 r4258 r1638 hasword_valu_32 r1737 r4572 hasword_past_32 hasword_limit_32 r4730 r4492 r2816 hasword_equal_52 r2757 hasword_version_82 r1030 r2916 r3692 r4996 r4290 r2815 r2428 r1860 hasword_process_63 r1424 r677 r4763 r3088 r3520 r4227 r1124 hasword_form_94 r917 r1937 r2906 links_78_353 r4731 r4031 r4879 r1017 r201 r246 r3183 r1489 r3255 hasword_maintain_69 hasword_solution_14 r4371 r4257 r3467 r2829 r1246 r4606 links_10_129 r1354 r993 r69 r3897 r4076 r2624 r4065 r1225 r3875 r105 hasword_elem_18 r1601 r2785 r2509 r919 r3195 hasword_lab_1 hasword_base_1 r2611 
size of observed tuples: 1687
size of unobserved tuples: 1010

pgibbs sample time: 0.004366 seconds
probability of topic_Faculty_376 is 0.0875963

pgibbs sample time: 0.004403 seconds
probability of topic_Faculty_91 is 0.0929011

pgibbs sample time: 0.001272 seconds
probability of topic_Student_174 is 0.126787

pgibbs sample time: 0.001266 seconds
probability of topic_Student_115 is 0.10289

pgibbs sample time: 0.001264 seconds
probability of topic_Student_41 is 0.0854525

pgibbs sample time: 8.5e-05 seconds
probability of topic_Faculty_23 is 0.0863419

pgibbs sample time: 7.5e-05 seconds
probability of topic_Faculty_34 is 0.0946661

pgibbs sample time: 7.2e-05 seconds
probability of topic_Department_74 is 0.121667

pgibbs sample time: 0.004441 seconds
probability of topic_Staff_155 is 0.115607

pgibbs sample time: 5.7e-05 seconds
probability of topic_Student_16 is 0.0844266

pgibbs sample time: 5.7e-05 seconds
probability of topic_Department_71 is 0.0982748

pgibbs sample time: 5.6e-05 seconds
probability of topic_Faculty_84 is 0.132199

pgibbs sample time: 0.000274 seconds
probability of topic_Course_119 is 0.11313

pgibbs sample time: 5.8e-05 seconds
probability of topic_ResearchProject_43 is 0.112396

pgibbs sample time: 0.001543 seconds
probability of topic_Staff_145 is 0.107425

pgibbs sample time: 0.000864 seconds
probability of topic_Faculty_105 is 0.0880963

pgibbs sample time: 0.000861 seconds
probability of topic_Faculty_327 is 0.16027

pgibbs sample time: 0.000764 seconds
probability of topic_Faculty_186 is 0.14046

pgibbs sample time: 0.000202 seconds
probability of topic_Staff_13 is 0.115528

pgibbs sample time: 5.6e-05 seconds
probability of topic_Course_82 is 0.0802121

pgibbs sample time: 0.000358 seconds
probability of topic_Department_187 is 0.178989

pgibbs sample time: 0.000358 seconds
probability of topic_Department_296 is 0.0934801

pgibbs sample time: 0.000359 seconds
probability of topic_Department_13 is 0.159048

pgibbs sample time: 5.7e-05 seconds
probability of topic_Course_66 is 0.0853862

pgibbs sample time: 0.001185 seconds
probability of topic_Person_106 is 0.253261

pgibbs sample time: 0.001186 seconds
probability of topic_Person_41 is 0.0867288

pgibbs sample time: 0.000111 seconds
probability of topic_Person_52 is 0.121594

pgibbs sample time: 0.000282 seconds
probability of topic_Faculty_200 is 0.145657

pgibbs sample time: 0.000282 seconds
probability of topic_Faculty_90 is 0.135143

pgibbs sample time: 0.000115 seconds
probability of topic_ResearchProject_47 is 0.113737

pgibbs sample time: 0.004351 seconds
probability of topic_Staff_133 is 0.134386

pgibbs sample time: 0.004435 seconds
probability of topic_Staff_24 is 0.118937

pgibbs sample time: 0.000581 seconds
probability of topic_Student_168 is 0.117884

pgibbs sample time: 0.00058 seconds
probability of topic_Student_272 is 0.106579

pgibbs sample time: 0.000582 seconds
probability of topic_Student_57 is 0.125405

pgibbs sample time: 5.8e-05 seconds
probability of topic_Student_26 is 0.0839271

pgibbs sample time: 0.004521 seconds
probability of topic_Person_353 is 0.202087

pgibbs sample time: 0.004509 seconds
probability of topic_Person_78 is 0.105417

pgibbs sample time: 0.000149 seconds
probability of topic_Department_94 is 0.169868

pgibbs sample time: 0.000871 seconds
probability of topic_Faculty_42 is 0.123199

pgibbs sample time: 0.000534 seconds
probability of topic_Person_110 is 0.122606

pgibbs sample time: 0.000537 seconds
probability of topic_Person_8 is 0.125822

pgibbs sample time: 5.8e-05 seconds
probability of topic_Department_96 is 0.0967174

pgibbs sample time: 5.7e-05 seconds
probability of topic_Student_84 is 0.092035

pgibbs sample time: 7.1e-05 seconds
probability of topic_Faculty_79 is 0.111487

pgibbs sample time: 5.5e-05 seconds
probability of topic_Course_60 is 0.105158

pgibbs sample time: 6.8e-05 seconds
probability of topic_Person_74 is 0.129737

pgibbs sample time: 0.000141 seconds
probability of topic_Faculty_47 is 0.15414

pgibbs sample time: 7.5e-05 seconds
probability of topic_Department_85 is 0.0777395

pgibbs sample time: 0.004531 seconds
probability of topic_Student_157 is 0.107954

pgibbs sample time: 0.004626 seconds
probability of topic_Student_155 is 0.0376132

pgibbs sample time: 0.004847 seconds
probability of topic_Student_12 is 0.161954

pgibbs sample time: 6e-05 seconds
probability of topic_Department_22 is 0.105436

pgibbs sample time: 5.7e-05 seconds
probability of topic_Department_66 is 0.105425

pgibbs sample time: 5.6e-05 seconds
probability of topic_Staff_38 is 0.0873167

pgibbs sample time: 0.005211 seconds
probability of topic_ResearchProject_136 is 0.0836864

pgibbs sample time: 0.004757 seconds
probability of topic_ResearchProject_290 is 0.10283

pgibbs sample time: 0.004663 seconds
probability of topic_ResearchProject_89 is 0.0604317

pgibbs sample time: 6.2e-05 seconds
probability of topic_Student_43 is 0.104502

pgibbs sample time: 5.5e-05 seconds
probability of topic_Staff_26 is 0.126833

pgibbs sample time: 0.000228 seconds
probability of topic_Faculty_19 is 0.0759946

pgibbs sample time: 7.1e-05 seconds
probability of topic_Student_95 is 0.128507

pgibbs sample time: 8.5e-05 seconds
probability of topic_Department_69 is 0.0938057

pgibbs sample time: 5.6e-05 seconds
probability of topic_ResearchProject_84 is 0.0796257

pgibbs sample time: 5.7e-05 seconds
probability of topic_Course_84 is 0.11049

pgibbs sample time: 0.000178 seconds
probability of topic_Course_7 is 0.064169

pgibbs sample time: 8.5e-05 seconds
probability of topic_Course_37 is 0.0814297

pgibbs sample time: 5.4e-05 seconds
probability of topic_Faculty_6 is 0.106035

pgibbs sample time: 0.000366 seconds
probability of topic_Department_32 is 0.157068

pgibbs sample time: 5.7e-05 seconds
probability of topic_Faculty_43 is 0.1354

pgibbs sample time: 7.1e-05 seconds
probability of topic_Student_85 is 0.0750225

pgibbs sample time: 7e-05 seconds
probability of topic_Student_53 is 0.0953338

pgibbs sample time: 5.8e-05 seconds
probability of topic_Student_22 is 0.174619

pgibbs sample time: 8.2e-05 seconds
probability of topic_Staff_23 is 0.0806197

pgibbs sample time: 0.001646 seconds
probability of topic_Course_129 is 0.110211

pgibbs sample time: 0.001651 seconds
probability of topic_Course_10 is 0.107176

pgibbs sample time: 0.001647 seconds
probability of topic_Course_87 is 0.0779111

pgibbs sample time: 0.000268 seconds
probability of topic_Faculty_116 is 0.0965373

pgibbs sample time: 0.000266 seconds
probability of topic_Faculty_93 is 0.0920432

pgibbs sample time: 0.001193 seconds
probability of topic_Person_72 is 0.143687

pgibbs sample time: 0.000514 seconds
probability of topic_Course_4 is 0.0745807

pgibbs sample time: 8.5e-05 seconds
probability of topic_Department_76 is 0.091908

pgibbs sample time: 0.000115 seconds
probability of topic_Faculty_63 is 0.114866

pgibbs sample time: 0.000357 seconds
probability of topic_Faculty_187 is 0.202742

pgibbs sample time: 0.000356 seconds
probability of topic_Faculty_296 is 0.0909698

pgibbs sample time: 0.000356 seconds
probability of topic_Faculty_13 is 0.143128

pgibbs sample time: 7.1e-05 seconds
probability of topic_ResearchProject_68 is 0.0500277

pgibbs sample time: 8.9e-05 seconds
probability of topic_ResearchProject_38 is 0.105362

pgibbs sample time: 0.004647 seconds
probability of topic_Course_376 is 0.0930923

pgibbs sample time: 6.9e-05 seconds
probability of topic_Person_5 is 0.11609

pgibbs sample time: 0.000205 seconds
probability of topic_Student_119 is 0.106436

pgibbs sample time: 0.000206 seconds
probability of topic_Student_65 is 0.147509

pgibbs sample time: 0.004552 seconds
probability of topic_Student_18 is 0.0662813

pgibbs sample time: 0.004638 seconds
probability of topic_Student_169 is 0.0653154

pgibbs sample time: 0.004764 seconds
probability of topic_Student_2 is 0.106451

pgibbs sample time: 5.7e-05 seconds
probability of topic_Person_60 is 0.10465

pgibbs sample time: 5.6e-05 seconds
probability of topic_Course_86 is 0.0827452

pgibbs sample time: 0.001695 seconds
probability of topic_Course_35 is 0.1115

pgibbs sample time: 0.004581 seconds
probability of topic_ResearchProject_376 is 0.0997405

pgibbs sample time: 0.005425 seconds
probability of topic_ResearchProject_91 is 0.134254

pgibbs sample time: 8.4e-05 seconds
probability of topic_ResearchProject_37 is 0.0636327

pgibbs sample time: 5.4e-05 seconds
probability of topic_Staff_46 is 0.0866285

pgibbs sample time: 0.000264 seconds
probability of topic_Department_93 is 0.101962

pgibbs sample time: 8.3e-05 seconds
probability of topic_Course_77 is 0.0343704

pgibbs sample time: 0.000515 seconds
probability of topic_Staff_130 is 0.121765

pgibbs sample time: 0.000516 seconds
probability of topic_Staff_8 is 0.161463

pgibbs sample time: 0.000364 seconds
probability of topic_Person_319 is 0.121204

pgibbs sample time: 0.000357 seconds
probability of topic_Person_32 is 0.0926066

pgibbs sample time: 0.000385 seconds
probability of topic_Faculty_120 is 0.120211

pgibbs sample time: 0.000385 seconds
probability of topic_Faculty_31 is 0.132286

pgibbs sample time: 0.000218 seconds
probability of topic_Person_19 is 0.229716

pgibbs sample time: 9.9e-05 seconds
probability of topic_ResearchProject_77 is 0.131218

pgibbs sample time: 0.004557 seconds
probability of topic_Student_24 is 0.151796

pgibbs sample time: 5.8e-05 seconds
probability of topic_Department_98 is 0.0616931

pgibbs sample time: 0.000146 seconds
probability of topic_Student_47 is 0.0404268

pgibbs sample time: 0.004371 seconds
probability of topic_Staff_18 is 0.0424896

pgibbs sample time: 5.7e-05 seconds
probability of topic_Staff_82 is 0.0802927

pgibbs sample time: 0.004365 seconds
probability of topic_Staff_199 is 0.104819

pgibbs sample time: 0.004458 seconds
probability of topic_Staff_2 is 0.100527

pgibbs sample time: 5.8e-05 seconds
probability of topic_Person_26 is 0.11794

pgibbs sample time: 0.001597 seconds
probability of topic_Faculty_29 is 0.0938501

pgibbs sample time: 0.000384 seconds
probability of topic_Faculty_92 is 0.0785266

pgibbs sample time: 5.5e-05 seconds
probability of topic_Course_9 is 0.0967018

pgibbs sample time: 0.001591 seconds
probability of topic_Student_28 is 0.108231

pgibbs sample time: 0.004584 seconds
probability of topic_ResearchProject_48 is 0.396111

pgibbs sample time: 8.5e-05 seconds
probability of topic_Faculty_69 is 0.12219

pgibbs sample time: 0.000351 seconds
probability of topic_Staff_32 is 0.0908472

pgibbs sample time: 5.7e-05 seconds
probability of topic_Faculty_38 is 0.101237

pgibbs sample time: 0.001244 seconds
probability of topic_Course_41 is 0.0678723

pgibbs sample time: 0.001695 seconds
probability of topic_Student_145 is 0.116221

pgibbs sample time: 0.000237 seconds
probability of topic_Faculty_193 is 0.232901

pgibbs sample time: 0.004372 seconds
probability of topic_Staff_12 is 0.110704

pgibbs sample time: 5.6e-05 seconds
probability of topic_Staff_79 is 0.149378

pgibbs sample time: 0.000194 seconds
probability of topic_Staff_55 is 0.0981229

pgibbs sample time: 5.5e-05 seconds
probability of topic_Person_40 is 0.108938

pgibbs sample time: 5.6e-05 seconds
probability of topic_Person_70 is 0.0970152

pgibbs sample time: 0.004749 seconds
probability of topic_Department_24 is 0.125435

pgibbs sample time: 0.000265 seconds
probability of topic_Faculty_81 is 0.102006

pgibbs sample time: 0.000112 seconds
probability of topic_Student_94 is 0.113664

pgibbs sample time: 0.004782 seconds
probability of topic_Department_199 is 0.0798036

pgibbs sample time: 5.6e-05 seconds
probability of topic_Staff_88 is 0.186528

pgibbs sample time: 0.001874 seconds
probability of topic_ResearchProject_3 is 0.102312

pgibbs sample time: 0.005061 seconds
probability of topic_Department_89 is 0.0452723

pgibbs sample time: 0.00038 seconds
probability of topic_Staff_319 is 0.165526

pgibbs sample time: 0.00083 seconds
probability of topic_Course_327 is 0.147874

pgibbs sample time: 7.2e-05 seconds
probability of topic_ResearchProject_5 is 0.0812616

pgibbs sample time: 0.004448 seconds
probability of topic_Person_18 is 0.0382944

pgibbs sample time: 0.000263 seconds
probability of topic_Faculty_25 is 0.0688121

pgibbs sample time: 0.000299 seconds
probability of topic_Staff_116 is 0.10819

pgibbs sample time: 0.000298 seconds
probability of topic_Staff_93 is 0.127052

pgibbs sample time: 7.2e-05 seconds
probability of topic_Student_88 is 0.213097

pgibbs sample time: 0.000375 seconds
probability of topic_Staff_120 is 0.162438

pgibbs sample time: 0.002304 seconds
probability of topic_Person_67 is 0.123457

pgibbs sample time: 0.000315 seconds
probability of topic_Student_200 is 0.0747377

pgibbs sample time: 9e-05 seconds
probability of topic_Person_9 is 0.0834132

pgibbs sample time: 0.002305 seconds
probability of topic_Person_156 is 0.125529

pgibbs sample time: 0.001234 seconds
probability of topic_ResearchProject_172 is 0.100891

pgibbs sample time: 0.002553 seconds
probability of topic_Student_67 is 0.121962

pgibbs sample time: 0.001666 seconds
probability of topic_Course_145 is 0.135046

pgibbs sample time: 0.001368 seconds
probability of topic_Student_164 is 0.163736

pgibbs sample time: 0.0023 seconds
probability of topic_Person_134 is 0.190161

pgibbs sample time: 0.001368 seconds
probability of topic_Student_209 is 0.178523

pgibbs sample time: 0.002195 seconds
probability of topic_Department_134 is 0.261398

pgibbs sample time: 5.7e-05 seconds
probability of topic_Person_84 is 0.0971429

pgibbs sample time: 8e-05 seconds
probability of topic_Student_1 is 0.0885127

pgibbs sample time: 0.000586 seconds
probability of topic_Department_61 is 0.060732

pgibbs sample time: 0.001726 seconds
probability of topic_Faculty_50 is 0.11633

pgibbs sample time: 0.000126 seconds
probability of topic_Student_52 is 0.0889678

pgibbs sample time: 0.001361 seconds
probability of topic_Student_239 is 0.0917932

pgibbs sample time: 0.001682 seconds
probability of topic_Department_17 is 0.0588227

pgibbs sample time: 0.004371 seconds
probability of topic_Faculty_12 is 0.144922

pgibbs sample time: 6.1e-05 seconds
probability of topic_Student_71 is 0.159663

pgibbs sample time: 0.004668 seconds
probability of topic_Department_290 is 0.135443

pgibbs sample time: 0.000633 seconds
probability of topic_Student_58 is 0.0825879

pgibbs sample time: 0.004662 seconds
probability of topic_Department_2 is 0.108286

pgibbs sample time: 0.001298 seconds
probability of topic_Faculty_72 is 0.162849

pgibbs sample time: 0.000541 seconds
probability of topic_Student_8 is 0.133958

pgibbs sample time: 7.2e-05 seconds
probability of topic_Department_95 is 0.099974

pgibbs sample time: 0.001282 seconds
probability of topic_Staff_36 is 0.0743608

pgibbs sample time: 0.00477 seconds
probability of topic_Course_290 is 0.15999

pgibbs sample time: 5.8e-05 seconds
probability of topic_Student_96 is 0.0934493

pgibbs sample time: 5.9e-05 seconds
probability of topic_Faculty_96 is 0.105459

pgibbs sample time: 0.001613 seconds
probability of topic_Course_29 is 0.232812

pgibbs sample time: 0.001248 seconds
probability of topic_Course_118 is 0.0778226

pgibbs sample time: 0.000236 seconds
probability of topic_Department_193 is 0.097789

pgibbs sample time: 6.9e-05 seconds
probability of topic_Person_51 is 0.113927

pgibbs sample time: 0.000223 seconds
probability of topic_Course_55 is 0.0935906

pgibbs sample time: 0.000233 seconds
probability of topic_Student_64 is 0.0843131

pgibbs sample time: 0.001365 seconds
probability of topic_Faculty_36 is 0.0942252

pgibbs sample time: 5.8e-05 seconds
probability of topic_Student_40 is 0.109533

pgibbs sample time: 8e-05 seconds
probability of topic_Student_68 is 0.0661826

pgibbs sample time: 0.000355 seconds
probability of topic_Course_187 is 0.149373

pgibbs sample time: 0.001248 seconds
probability of topic_Course_72 is 0.079615

pgibbs sample time: 0.000307 seconds
probability of topic_Staff_200 is 0.183071

pgibbs sample time: 0.002306 seconds
probability of topic_Person_11 is 0.160186

pgibbs sample time: 0.004556 seconds
probability of topic_Student_199 is 0.180024

pgibbs sample time: 0.004657 seconds
probability of topic_Student_30 is 0.123961

pgibbs sample time: 5.6e-05 seconds
probability of topic_Course_27 is 0.105222

pgibbs sample time: 0.004454 seconds
probability of topic_Person_258 is 0.117424

pgibbs sample time: 0.001389 seconds
probability of topic_Department_164 is 0.0769

pgibbs sample time: 0.000354 seconds
probability of topic_Course_296 is 0.0879277

pgibbs sample time: 0.000353 seconds
probability of topic_Course_13 is 0.102139

pgibbs sample time: 0.000539 seconds
probability of topic_Course_110 is 0.10697

pgibbs sample time: 7.2e-05 seconds
probability of topic_Department_21 is 0.0973049

pgibbs sample time: 5.5e-05 seconds
probability of topic_Person_71 is 0.201808

pgibbs sample time: 5.6e-05 seconds
probability of topic_Course_85 is 0.133704

pgibbs sample time: 0.000207 seconds
probability of topic_ResearchProject_55 is 0.0797653

pgibbs sample time: 0.004451 seconds
probability of topic_Person_136 is 0.120143

pgibbs sample time: 0.000359 seconds
probability of topic_Student_13 is 0.0562042

pgibbs sample time: 0.00445 seconds
probability of topic_Person_180 is 0.185267

pgibbs sample time: 0.004535 seconds
probability of topic_Person_89 is 0.103195

pgibbs sample time: 0.002139 seconds
probability of topic_Course_54 is 0.0771724

pgibbs sample time: 0.001558 seconds
probability of topic_ResearchProject_29 is 0.0854488

pgibbs sample time: 0.002453 seconds
probability of topic_Student_156 is 0.10293

pgibbs sample time: 0.000124 seconds
probability of topic_Staff_52 is 0.0923203

pgibbs sample time: 0.000236 seconds
probability of topic_Department_64 is 0.0751126

pgibbs sample time: 0.00458 seconds
probability of topic_ResearchProject_12 is 0.0607427

pgibbs sample time: 0.002138 seconds
probability of topic_Course_67 is 0.0952841

pgibbs sample time: 0.001619 seconds
probability of topic_Course_146 is 0.141978

pgibbs sample time: 0.004767 seconds
probability of topic_Course_45 is 0.0921864

pgibbs sample time: 7e-05 seconds
probability of topic_Staff_15 is 0.0907919

pgibbs sample time: 0.000227 seconds
probability of topic_Person_55 is 0.147227

pgibbs sample time: 5.5e-05 seconds
probability of topic_Course_80 is 0.0872788

pgibbs sample time: 7.2e-05 seconds
probability of topic_Department_15 is 0.075943

pgibbs sample time: 0.001219 seconds
probability of topic_ResearchProject_72 is 0.0891079

pgibbs sample time: 0.000231 seconds
probability of topic_Course_65 is 0.133734

pgibbs sample time: 0.000232 seconds
probability of topic_Person_119 is 0.11357

pgibbs sample time: 0.0023 seconds
probability of topic_Person_59 is 0.144097

pgibbs sample time: 0.002157 seconds
probability of topic_Faculty_59 is 0.106575

pgibbs sample time: 0.001327 seconds
probability of topic_ResearchProject_174 is 0.124206

pgibbs sample time: 5.8e-05 seconds
probability of topic_Student_66 is 0.109458

pgibbs sample time: 6.9e-05 seconds
probability of topic_Student_97 is 0.178446

pgibbs sample time: 7.1e-05 seconds
probability of topic_ResearchProject_39 is 0.204674

pgibbs sample time: 0.00181 seconds
probability of topic_Student_288 is 0.100658

pgibbs sample time: 5.8e-05 seconds
probability of topic_Faculty_71 is 0.123567

pgibbs sample time: 5.6e-05 seconds
probability of topic_Course_44 is 0.115773

pgibbs sample time: 0.001682 seconds
probability of topic_Department_87 is 0.116489

pgibbs sample time: 0.000823 seconds
probability of topic_Person_327 is 0.194095

pgibbs sample time: 7.5e-05 seconds
probability of topic_ResearchProject_23 is 0.101721

pgibbs sample time: 0.005132 seconds
probability of topic_Department_83 is 0.109039

pgibbs sample time: 0.001303 seconds
probability of topic_Staff_209 is 0.173032

pgibbs sample time: 7.2e-05 seconds
probability of topic_ResearchProject_74 is 0.0880487

pgibbs sample time: 0.001605 seconds
probability of topic_Course_50 is 0.100402

pgibbs sample time: 0.004386 seconds
probability of topic_Faculty_125 is 0.124615

pgibbs sample time: 0.001539 seconds
probability of topic_Staff_50 is 0.101743

pgibbs sample time: 0.001397 seconds
probability of topic_Department_29 is 0.0754184

pgibbs sample time: 0.000368 seconds
probability of topic_Department_319 is 0.106183

pgibbs sample time: 5.7e-05 seconds
probability of topic_Course_40 is 0.0854307

pgibbs sample time: 0.000108 seconds
probability of topic_Person_94 is 0.0237537

pgibbs sample time: 5.8e-05 seconds
probability of topic_Student_80 is 0.111963

pgibbs sample time: 0.004378 seconds
probability of topic_Faculty_353 is 0.125698

pgibbs sample time: 8.2e-05 seconds
probability of topic_Faculty_39 is 0.0735045

pgibbs sample time: 0.002157 seconds
probability of topic_Department_156 is 0.120929

pgibbs sample time: 0.004572 seconds
probability of topic_Person_83 is 0.13594

pgibbs sample time: 0.001588 seconds
probability of topic_Person_28 is 0.114583

pgibbs sample time: 0.000137 seconds
probability of topic_Person_47 is 0.0333655

pgibbs sample time: 0.002408 seconds
probability of topic_Person_3 is 0.0725276

pgibbs sample time: 0.000539 seconds
probability of topic_Course_8 is 0.113778

pgibbs sample time: 0.001203 seconds
probability of topic_Staff_106 is 0.283901

pgibbs sample time: 0.000545 seconds
probability of topic_Faculty_58 is 0.146888

pgibbs sample time: 0.001605 seconds
probability of topic_Faculty_28 is 0.154248

pgibbs sample time: 0.000135 seconds
probability of topic_Person_7 is 0.0947583

pgibbs sample time: 0.001222 seconds
probability of topic_ResearchProject_41 is 0.100106

pgibbs sample time: 0.001287 seconds
probability of topic_Faculty_115 is 0.108086

pgibbs sample time: 0.001698 seconds
probability of topic_Student_17 is 0.104229

pgibbs sample time: 5.8e-05 seconds
probability of topic_ResearchProject_70 is 0.0827269

pgibbs sample time: 7.1e-05 seconds
probability of topic_Course_95 is 0.1056

pgibbs sample time: 0.000111 seconds
probability of topic_Student_77 is 0.153872

pgibbs sample time: 0.000207 seconds
probability of topic_ResearchProject_73 is 0.114128

pgibbs sample time: 0.000126 seconds
probability of topic_ResearchProject_52 is 0.0768915

pgibbs sample time: 0.004782 seconds
probability of topic_Department_136 is 0.113465

pgibbs sample time: 0.004467 seconds
probability of topic_Faculty_30 is 0.109129

pgibbs sample time: 0.000107 seconds
probability of topic_Person_77 is 0.14817

pgibbs sample time: 0.004466 seconds
probability of topic_Person_169 is 0.171903

pgibbs sample time: 5.8e-05 seconds
probability of topic_ResearchProject_62 is 0.174317

pgibbs sample time: 7e-05 seconds
probability of topic_Person_27 is 0.118117

pgibbs sample time: 0.004689 seconds
probability of topic_Department_133 is 0.13357

pgibbs sample time: 7.1e-05 seconds
probability of topic_Person_76 is 0.124554

pgibbs sample time: 0.002156 seconds
probability of topic_Department_11 is 0.132619

pgibbs sample time: 0.004775 seconds
probability of topic_Course_30 is 0.0815424

pgibbs sample time: 0.001706 seconds
probability of topic_Person_244 is 0.151998

pgibbs sample time: 0.000809 seconds
probability of topic_Student_42 is 0.191299

pgibbs sample time: 0.001286 seconds
probability of topic_Faculty_174 is 0.213545

pgibbs sample time: 0.00023 seconds
probability of topic_Staff_119 is 0.157999

pgibbs sample time: 5.7e-05 seconds
probability of topic_Faculty_86 is 0.0895212

pgibbs sample time: 5.6e-05 seconds
probability of topic_Faculty_75 is 0.112565

pgibbs sample time: 0.001681 seconds
probability of topic_ResearchProject_10 is 0.134262

pgibbs sample time: 5.7e-05 seconds
probability of topic_Person_86 is 0.118943

pgibbs sample time: 0.004559 seconds
probability of topic_Person_376 is 0.119431

pgibbs sample time: 0.000553 seconds
probability of topic_Person_272 is 0.118894

pgibbs sample time: 0.00146 seconds
probability of topic_Student_33 is 0.0644339

pgibbs sample time: 0.001187 seconds
probability of topic_Course_209 is 0.248826

pgibbs sample time: 5.5e-05 seconds
probability of topic_Course_6 is 0.11351

pgibbs sample time: 5.7e-05 seconds
probability of topic_Student_98 is 0.180909

pgibbs sample time: 0.000232 seconds
probability of topic_Person_187 is 0.170498

pgibbs sample time: 0.000259 seconds
probability of topic_ResearchProject_81 is 0.101823

pgibbs sample time: 7.1e-05 seconds
probability of topic_Faculty_27 is 0.118691

pgibbs sample time: 0.000104 seconds
probability of topic_ResearchProject_25 is 0.133772

pgibbs sample time: 0.004773 seconds
probability of topic_Department_125 is 0.104223

pgibbs sample time: 0.002175 seconds
probability of topic_Faculty_11 is 0.184918

pgibbs sample time: 0.000191 seconds
probability of topic_Staff_49 is 0.122559

pgibbs sample time: 0.004672 seconds
probability of topic_Student_48 is 0.0490137

pgibbs sample time: 7.2e-05 seconds
probability of topic_Course_39 is 0.122569

pgibbs sample time: 0.001183 seconds
probability of topic_Course_172 is 0.0918522

pgibbs sample time: 0.004591 seconds
probability of topic_ResearchProject_125 is 0.114274

pgibbs sample time: 5.5e-05 seconds
probability of topic_Person_80 is 0.113662

pgibbs sample time: 0.001267 seconds
probability of topic_Course_164 is 0.114682

pgibbs sample time: 5.8e-05 seconds
probability of topic_Student_62 is 0.242094

pgibbs sample time: 0.004458 seconds
probability of topic_Person_2 is 0.0549108

pgibbs sample time: 5.7e-05 seconds
probability of topic_Staff_99 is 0.096097

pgibbs sample time: 0.0008 seconds
probability of topic_Student_105 is 0.0766717

pgibbs sample time: 0.001189 seconds
probability of topic_Course_36 is 0.0583647

pgibbs sample time: 0.00438 seconds
probability of topic_Staff_180 is 0.192977

pgibbs sample time: 0.000841 seconds
probability of topic_Department_327 is 0.186286

pgibbs sample time: 0.001207 seconds
probability of topic_Staff_41 is 0.0859546

pgibbs sample time: 0.000545 seconds
probability of topic_Faculty_8 is 0.119335

pgibbs sample time: 0.001269 seconds
probability of topic_Department_115 is 0.0974962

pgibbs sample time: 0.000404 seconds
probability of topic_Person_120 is 0.126618

pgibbs sample time: 0.001384 seconds
probability of topic_ResearchProject_146 is 0.0535197

pgibbs sample time: 0.001347 seconds
probability of topic_Course_106 is 0.144777

pgibbs sample time: 0.002494 seconds
probability of topic_Person_114 is 0.129293

pgibbs sample time: 0.001525 seconds
probability of topic_Staff_146 is 0.147803

pgibbs sample time: 0.00157 seconds
probability of topic_Staff_17 is 0.179845

pgibbs sample time: 0.004556 seconds
probability of topic_Person_212 is 0.00833585

pgibbs sample time: 8.4e-05 seconds
probability of topic_Student_69 is 0.166304

pgibbs sample time: 0.004776 seconds
probability of topic_Course_78 is 0.114334

pgibbs sample time: 0.000354 seconds
probability of topic_ResearchProject_120 is 0.109682

pgibbs sample time: 0.004729 seconds
probability of topic_Course_89 is 0.097557

pgibbs sample time: 0.001308 seconds
probability of topic_Faculty_118 is 0.074842

pgibbs sample time: 0.004671 seconds
probability of topic_Course_353 is 0.103576

pgibbs sample time: 0.001308 seconds
probability of topic_Student_106 is 0.134043

pgibbs sample time: 5.7e-05 seconds
probability of topic_Person_16 is 0.113162

pgibbs sample time: 0.002407 seconds
probability of topic_Staff_217 is 0.113293

pgibbs sample time: 0.000604 seconds
probability of topic_ResearchProject_61 is 0.115009

pgibbs sample time: 0.000286 seconds
probability of topic_Student_25 is 0.0832152

pgibbs sample time: 5.7e-05 seconds
probability of topic_Department_38 is 0.14735

pgibbs sample time: 0.00461 seconds
probability of topic_Student_45 is 0.124476

pgibbs sample time: 0.001231 seconds
probability of topic_Person_115 is 0.0901406

pgibbs sample time: 5.8e-05 seconds
probability of topic_Course_43 is 0.100844

pgibbs sample time: 0.001699 seconds
probability of topic_Student_129 is 0.147334

pgibbs sample time: 0.001578 seconds
probability of topic_Staff_10 is 0.12316

pgibbs sample time: 0.004771 seconds
probability of topic_Department_212 is 0.0781681

pgibbs sample time: 5.9e-05 seconds
probability of topic_Department_43 is 0.105792

pgibbs sample time: 7e-05 seconds
probability of topic_Person_34 is 0.17878

pgibbs sample time: 0.000276 seconds
probability of topic_Student_116 is 0.0926925

pgibbs sample time: 0.004465 seconds
probability of topic_Person_199 is 0.135398

pgibbs sample time: 0.000266 seconds
probability of topic_Department_20 is 0.114369

pgibbs sample time: 0.001571 seconds
probability of topic_Staff_244 is 0.107136

pgibbs sample time: 0.000541 seconds
probability of topic_Student_130 is 0.121228

pgibbs sample time: 7.2e-05 seconds
probability of topic_ResearchProject_97 is 0.105789

pgibbs sample time: 0.004689 seconds
probability of topic_Student_376 is 0.119817

pgibbs sample time: 0.001404 seconds
probability of topic_ResearchProject_50 is 0.0916447

pgibbs sample time: 0.004796 seconds
probability of topic_Department_180 is 0.259577

pgibbs sample time: 0.000605 seconds
probability of topic_ResearchProject_272 is 0.136449

pgibbs sample time: 0.001612 seconds
probability of topic_Course_102 is 0.10382

pgibbs sample time: 0.004572 seconds
probability of topic_Student_212 is 0.0079706

pgibbs sample time: 5.8e-05 seconds
probability of topic_Department_86 is 0.0886948

pgibbs sample time: 0.004592 seconds
probability of topic_ResearchProject_30 is 0.118372

pgibbs sample time: 0.001387 seconds
probability of topic_Person_172 is 0.121466

pgibbs sample time: 8.1e-05 seconds
probability of topic_ResearchProject_53 is 0.114964

pgibbs sample time: 5.7e-05 seconds
probability of topic_Department_46 is 0.107018

pgibbs sample time: 0.004463 seconds
probability of topic_Person_125 is 0.123277

pgibbs sample time: 5.8e-05 seconds
probability of topic_Student_44 is 0.129772

pgibbs sample time: 0.00027 seconds
probability of topic_Course_116 is 0.113999

pgibbs sample time: 0.00188 seconds
probability of topic_ResearchProject_134 is 0.0702344

pgibbs sample time: 0.000231 seconds
probability of topic_Student_55 is 0.13371

pgibbs sample time: 0.001893 seconds
probability of topic_ResearchProject_67 is 0.10229

pgibbs sample time: 0.001898 seconds
probability of topic_ResearchProject_11 is 0.070403

pgibbs sample time: 0.001349 seconds
probability of topic_ResearchProject_115 is 0.209269

pgibbs sample time: 0.00189 seconds
probability of topic_ResearchProject_217 is 0.149897

pgibbs sample time: 5.7e-05 seconds
probability of topic_Course_51 is 0.0854307

pgibbs sample time: 0.001208 seconds
probability of topic_Person_174 is 0.130975

pgibbs sample time: 0.004368 seconds
probability of topic_Faculty_290 is 0.108837

pgibbs sample time: 0.004859 seconds
probability of topic_Course_180 is 0.125003

pgibbs sample time: 0.001408 seconds
probability of topic_ResearchProject_28 is 0.107517

pgibbs sample time: 0.00472 seconds
probability of topic_ResearchProject_133 is 0.123662

pgibbs sample time: 0.001289 seconds
probability of topic_Department_174 is 0.306276

pgibbs sample time: 0.000111 seconds
probability of topic_Department_77 is 0.140013

pgibbs sample time: 0.00157 seconds
probability of topic_Staff_129 is 0.104561

pgibbs sample time: 0.004683 seconds
probability of topic_Department_169 is 0.319202

pgibbs sample time: 0.004479 seconds
probability of topic_Staff_290 is 0.0990514

pgibbs sample time: 7.3e-05 seconds
probability of topic_Department_23 is 0.137829

pgibbs sample time: 7.1e-05 seconds
probability of topic_Student_79 is 0.0795277

pgibbs sample time: 0.001889 seconds
probability of topic_ResearchProject_156 is 0.104888

pgibbs sample time: 0.000944 seconds
probability of topic_Department_186 is 0.0865638

pgibbs sample time: 7.2e-05 seconds
probability of topic_Student_27 is 0.114586

pgibbs sample time: 7.1e-05 seconds
probability of topic_Department_27 is 0.197282

pgibbs sample time: 0.001207 seconds
probability of topic_Staff_118 is 0.109141

pgibbs sample time: 0.000413 seconds
probability of topic_Department_120 is 0.209192

pgibbs sample time: 0.004476 seconds
probability of topic_Faculty_169 is 0.178344

pgibbs sample time: 5.7e-05 seconds
probability of topic_Person_38 is 0.0693648

pgibbs sample time: 5.4e-05 seconds
probability of topic_Student_9 is 0.101492

pgibbs sample time: 5.5e-05 seconds
probability of topic_Course_53 is 0.0872788

pgibbs sample time: 0.000194 seconds
probability of topic_Staff_73 is 0.164249

pgibbs sample time: 5.5e-05 seconds
probability of topic_Staff_98 is 0.0945649

pgibbs sample time: 7.5e-05 seconds
probability of topic_Person_53 is 0.125778

pgibbs sample time: 0.00026 seconds
probability of topic_Person_116 is 0.0742613

pgibbs sample time: 5.7e-05 seconds
probability of topic_Faculty_62 is 0.116539

pgibbs sample time: 0.000231 seconds
probability of topic_Person_13 is 0.0756883

pgibbs sample time: 0.001688 seconds
probability of topic_Department_288 is 0.0990295

pgibbs sample time: 0.004814 seconds
probability of topic_Course_125 is 0.0986169

pgibbs sample time: 0.001595 seconds
probability of topic_Staff_87 is 0.145434

pgibbs sample time: 5.8e-05 seconds
probability of topic_ResearchProject_26 is 0.173515

pgibbs sample time: 5.7e-05 seconds
probability of topic_Department_70 is 0.146444

pgibbs sample time: 0.001232 seconds
probability of topic_ResearchProject_106 is 0.0867076

pgibbs sample time: 7.2e-05 seconds
probability of topic_Faculty_74 is 0.076632

pgibbs sample time: 5.7e-05 seconds
probability of topic_Staff_9 is 0.11146

pgibbs sample time: 0.00036 seconds
probability of topic_Student_296 is 0.135012

pgibbs sample time: 0.000203 seconds
probability of topic_Staff_296 is 0.0878954

pgibbs sample time: 0.004578 seconds
probability of topic_Student_125 is 0.154844

pgibbs sample time: 5.6e-05 seconds
probability of topic_Course_71 is 0.0991188

pgibbs sample time: 0.0046 seconds
probability of topic_ResearchProject_180 is 0.241817

pgibbs sample time: 0.002177 seconds
probability of topic_Department_126 is 0.0905561

pgibbs sample time: 0.000237 seconds
probability of topic_Department_55 is 0.124672

pgibbs sample time: 8.6e-05 seconds
probability of topic_ResearchProject_69 is 0.061071

pgibbs sample time: 6.8e-05 seconds
probability of topic_Staff_14 is 0.122535

pgibbs sample time: 0.000228 seconds
probability of topic_Faculty_49 is 0.126495

pgibbs sample time: 0.001235 seconds
probability of topic_ResearchProject_118 is 0.10469

pgibbs sample time: 0.000115 seconds
probability of topic_Course_63 is 0.0643473

pgibbs sample time: 6.8e-05 seconds
probability of topic_Staff_27 is 0.157171

pgibbs sample time: 0.001668 seconds
probability of topic_Course_288 is 0.0953109

pgibbs sample time: 0.000549 seconds
probability of topic_ResearchProject_58 is 0.161397

pgibbs sample time: 0.000554 seconds
probability of topic_Person_61 is 0.14361

pgibbs sample time: 0.004585 seconds
probability of topic_ResearchProject_169 is 0.139251

pgibbs sample time: 7.1e-05 seconds
probability of topic_Person_15 is 0.127201

pgibbs sample time: 0.001732 seconds
probability of topic_Department_35 is 0.076019

pgibbs sample time: 0.002178 seconds
probability of topic_Faculty_134 is 0.0723134

pgibbs sample time: 7.2e-05 seconds
probability of topic_Staff_85 is 0.0474534

pgibbs sample time: 0.000643 seconds
probability of topic_Person_168 is 0.117509

pgibbs sample time: 0.000237 seconds
probability of topic_Department_73 is 0.102085

pgibbs sample time: 5.8e-05 seconds
probability of topic_ResearchProject_46 is 0.0867993

pgibbs sample time: 5.6e-05 seconds
probability of topic_Person_44 is 0.139832

pgibbs sample time: 0.000228 seconds
probability of topic_Person_73 is 0.206352

pgibbs sample time: 5.5e-05 seconds
probability of topic_Person_46 is 0.108347

pgibbs sample time: 6.7e-05 seconds
probability of topic_Staff_74 is 0.114726

pgibbs sample time: 6.8e-05 seconds
probability of topic_Faculty_5 is 0.0823515

pgibbs sample time: 7.2e-05 seconds
probability of topic_ResearchProject_14 is 0.077179

pgibbs sample time: 0.00055 seconds
probability of topic_ResearchProject_111 is 0.0561157

pgibbs sample time: 0.004469 seconds
probability of topic_Person_30 is 0.136067

pgibbs sample time: 0.004675 seconds
probability of topic_Student_136 is 0.120797

pgibbs sample time: 0.000279 seconds
probability of topic_Staff_25 is 0.0717204

pgibbs sample time: 0.001391 seconds
probability of topic_ResearchProject_102 is 0.103908

pgibbs sample time: 0.002205 seconds
probability of topic_Faculty_67 is 0.0928725

pgibbs sample time: 0.000548 seconds
probability of topic_ResearchProject_4 is 0.0677371

pgibbs sample time: 0.000111 seconds
probability of topic_Staff_94 is 0.00856324

pgibbs sample time: 5.7e-05 seconds
probability of topic_Student_56 is 0.0801102

pgibbs sample time: 0.004607 seconds
probability of topic_ResearchProject_353 is 0.189894

pgibbs sample time: 0.000631 seconds
probability of topic_Faculty_110 is 0.103358

pgibbs sample time: 0.00028 seconds
probability of topic_Person_25 is 0.0938703

pgibbs sample time: 0.004393 seconds
probability of topic_Faculty_45 is 0.0866569

pgibbs sample time: 0.00023 seconds
probability of topic_Staff_65 is 0.0828259

pgibbs sample time: 7e-05 seconds
probability of topic_Person_22 is 0.151959

pgibbs sample time: 5.8e-05 seconds
probability of topic_ResearchProject_66 is 0.0906498

pgibbs sample time: 0.0013 seconds
probability of topic_Staff_172 is 0.101297

pgibbs sample time: 7e-05 seconds
probability of topic_Person_68 is 0.0524671

pgibbs sample time: 0.00167 seconds
probability of topic_Course_17 is 0.0594008

pgibbs sample time: 0.00017 seconds
probability of topic_Department_7 is 0.0473634

pgibbs sample time: 0.000269 seconds
probability of topic_Course_64 is 0.0641228

pgibbs sample time: 0.00011 seconds
probability of topic_Person_63 is 0.0532351

pgibbs sample time: 0.001705 seconds
probability of topic_Student_87 is 0.168945

pgibbs sample time: 5.8e-05 seconds
probability of topic_Department_9 is 0.113727

pgibbs sample time: 0.001694 seconds
probability of topic_Department_244 is 0.115132

pgibbs sample time: 0.000949 seconds
probability of topic_Department_105 is 0.149408

pgibbs sample time: 0.001533 seconds
probability of topic_Staff_28 is 0.15722

pgibbs sample time: 0.002451 seconds
probability of topic_Faculty_126 is 0.100982

pgibbs sample time: 0.000495 seconds
probability of topic_Staff_42 is 0.092989

pgibbs sample time: 0.000233 seconds
probability of topic_Course_193 is 0.109092

pgibbs sample time: 5.6e-05 seconds
probability of topic_Course_74 is 0.0872788

pgibbs sample time: 0.001714 seconds
probability of topic_Student_35 is 0.360921

pgibbs sample time: 0.000122 seconds
probability of topic_Course_52 is 0.0797841

pgibbs sample time: 0.004771 seconds
probability of topic_Department_12 is 0.164296

pgibbs sample time: 5.7e-05 seconds
probability of topic_Person_98 is 0.143162

pgibbs sample time: 5.6e-05 seconds
probability of topic_Department_14 is 0.108893

pgibbs sample time: 8.4e-05 seconds
probability of topic_Person_69 is 0.136694

pgibbs sample time: 0.000372 seconds
probability of topic_Staff_31 is 0.110862

pgibbs sample time: 0.000303 seconds
probability of topic_Department_116 is 0.0987621

pgibbs sample time: 0.000238 seconds
probability of topic_ResearchProject_65 is 0.088794

pgibbs sample time: 0.000437 seconds
probability of topic_Person_92 is 0.0969954

pgibbs sample time: 7e-05 seconds
probability of topic_Student_74 is 0.12654

pgibbs sample time: 0.000815 seconds
probability of topic_Student_327 is 0.178843

pgibbs sample time: 5.7e-05 seconds
probability of topic_Department_56 is 0.109957

pgibbs sample time: 0.00035 seconds
probability of topic_Department_200 is 0.0552589

pgibbs sample time: 0.000941 seconds
probability of topic_Department_42 is 0.569967

pgibbs sample time: 0.001605 seconds
probability of topic_Student_50 is 0.19216

pgibbs sample time: 0.00157 seconds
probability of topic_Department_10 is 0.0951204

pgibbs sample time: 0.004683 seconds
probability of topic_Course_83 is 0.184689

pgibbs sample time: 5.6e-05 seconds
probability of topic_Staff_75 is 0.123974

pgibbs sample time: 0.004581 seconds
probability of topic_Student_133 is 0.153115

pgibbs sample time: 5.7e-05 seconds
probability of topic_Course_75 is 0.0834726

pgibbs sample time: 0.000436 seconds
probability of topic_ResearchProject_296 is 0.113098

pgibbs sample time: 0.000543 seconds
probability of topic_Department_110 is 0.0894169

pgibbs sample time: 0.000587 seconds
probability of topic_Department_57 is 0.138742

pgibbs sample time: 6.9e-05 seconds
probability of topic_Person_95 is 0.102263

pgibbs sample time: 0.000546 seconds
probability of topic_Faculty_130 is 0.123645

pgibbs sample time: 0.001897 seconds
probability of topic_ResearchProject_59 is 0.106694

pgibbs sample time: 0.000364 seconds
probability of topic_Course_319 is 0.111835

pgibbs sample time: 0.000516 seconds
probability of topic_Course_111 is 0.0647582

pgibbs sample time: 0.000257 seconds
probability of topic_Student_81 is 0.152037

pgibbs sample time: 0.001608 seconds
probability of topic_Student_29 is 0.151361

pgibbs sample time: 0.000403 seconds
probability of topic_Person_31 is 0.18056

pgibbs sample time: 8.1e-05 seconds
probability of topic_Staff_37 is 0.0727074

pgibbs sample time: 0.000605 seconds
probability of topic_ResearchProject_57 is 0.122751

pgibbs sample time: 0.001583 seconds
probability of topic_Person_29 is 0.147866

pgibbs sample time: 7e-05 seconds
probability of topic_Course_79 is 0.13128

pgibbs sample time: 8.2e-05 seconds
probability of topic_Staff_76 is 0.0863981

pgibbs sample time: 6.7e-05 seconds
probability of topic_Staff_22 is 0.110544

pgibbs sample time: 0.000113 seconds
probability of topic_ResearchProject_94 is 0.0304102

pgibbs sample time: 0.001652 seconds
probability of topic_Student_146 is 0.198447

pgibbs sample time: 0.004683 seconds
probability of topic_Course_24 is 0.158121

pgibbs sample time: 0.000146 seconds
probability of topic_Faculty_52 is 0.223931

pgibbs sample time: 0.00439 seconds
probability of topic_Staff_78 is 0.223719

pgibbs sample time: 0.000491 seconds
probability of topic_ResearchProject_130 is 0.123246

pgibbs sample time: 5.7e-05 seconds
probability of topic_Department_16 is 0.0843164

pgibbs sample time: 5.6e-05 seconds
probability of topic_Course_21 is 0.0854307

pgibbs sample time: 0.000607 seconds
probability of topic_ResearchProject_168 is 0.0978564

pgibbs sample time: 0.004479 seconds
probability of topic_Faculty_83 is 0.120192

pgibbs sample time: 5.8e-05 seconds
probability of topic_Department_84 is 0.0857344

pgibbs sample time: 5.7e-05 seconds
probability of topic_Department_99 is 0.0873436

pgibbs sample time: 0.000227 seconds
probability of topic_Course_73 is 0.0871068

pgibbs sample time: 0.000333 seconds
probability of topic_Student_32 is 0.234752

pgibbs sample time: 0.00054 seconds
probability of topic_Person_130 is 0.118289

pgibbs sample time: 0.004325 seconds
probability of topic_Staff_136 is 0.0813522

pgibbs sample time: 0.000446 seconds
probability of topic_Department_111 is 0.0192743

pgibbs sample time: 0.000269 seconds
probability of topic_ResearchProject_93 is 0.0942936

pgibbs sample time: 0.000446 seconds
probability of topic_Faculty_168 is 0.0868743

pgibbs sample time: 5.7e-05 seconds
probability of topic_ResearchProject_82 is 0.103724

pgibbs sample time: 0.002175 seconds
probability of topic_Faculty_156 is 0.129797

pgibbs sample time: 0.000239 seconds
probability of topic_ResearchProject_64 is 0.0830935

pgibbs sample time: 6.9e-05 seconds
probability of topic_Person_79 is 0.132402

pgibbs sample time: 0.00169 seconds
probability of topic_Faculty_129 is 0.0847732

pgibbs sample time: 5.7e-05 seconds
probability of topic_Department_82 is 0.0858202

pgibbs sample time: 0.001582 seconds
probability of topic_Staff_35 is 0.112047

pgibbs sample time: 0.001533 seconds
probability of topic_Staff_102 is 0.13797

pgibbs sample time: 0.001532 seconds
probability of topic_Staff_29 is 0.127581

pgibbs sample time: 6.9e-05 seconds
probability of topic_Staff_69 is 0.0941726

pgibbs sample time: 0.004687 seconds
probability of topic_Course_136 is 0.0749578

pgibbs sample time: 0.004868 seconds
probability of topic_Course_258 is 0.0992831

pgibbs sample time: 5.8e-05 seconds
probability of topic_ResearchProject_75 is 0.117541

pgibbs sample time: 0.001706 seconds
probability of topic_Person_288 is 0.0968479

pgibbs sample time: 0.004458 seconds
probability of topic_Faculty_180 is 0.237091

pgibbs sample time: 7.3e-05 seconds
probability of topic_ResearchProject_34 is 0.0748305

pgibbs sample time: 6.8e-05 seconds
probability of topic_Student_5 is 0.122128

pgibbs sample time: 0.00131 seconds
probability of topic_Person_118 is 0.155569

pgibbs sample time: 0.004468 seconds
probability of topic_Person_48 is 0.122519

pgibbs sample time: 0.000932 seconds
probability of topic_Student_186 is 0.0973289

pgibbs sample time: 0.002468 seconds
probability of topic_Student_134 is 0.301769

pgibbs sample time: 0.001625 seconds
probability of topic_Faculty_146 is 0.272588

pgibbs sample time: 0.000685 seconds
probability of topic_Student_111 is 0.289756

pgibbs sample time: 0.001711 seconds
probability of topic_Person_145 is 0.0970465

pgibbs sample time: 0.002173 seconds
probability of topic_Faculty_114 is 0.0981081

pgibbs sample time: 0.000585 seconds
probability of topic_Course_61 is 0.0985798

pgibbs sample time: 0.001245 seconds
probability of topic_ResearchProject_36 is 0.113044

pgibbs sample time: 5.5e-05 seconds
probability of topic_Course_98 is 0.0708754

pgibbs sample time: 0.000303 seconds
probability of topic_Staff_90 is 0.168135

pgibbs sample time: 0.000232 seconds
probability of topic_Person_65 is 0.111441

pgibbs sample time: 0.00169 seconds
probability of topic_Faculty_145 is 0.114643

pgibbs sample time: 5.7e-05 seconds
probability of topic_Course_96 is 0.0823311

pgibbs sample time: 0.004387 seconds
probability of topic_Faculty_2 is 0.0713504

pgibbs sample time: 0.002185 seconds
probability of topic_Faculty_217 is 0.114501

pgibbs sample time: 0.001705 seconds
probability of topic_ResearchProject_129 is 0.0778651

pgibbs sample time: 0.004392 seconds
probability of topic_Faculty_199 is 0.108501

pgibbs sample time: 7.1e-05 seconds
probability of topic_Student_76 is 0.12253

pgibbs sample time: 0.005002 seconds
probability of topic_Staff_125 is 0.129167

pgibbs sample time: 0.000587 seconds
probability of topic_Department_168 is 0.113308

pgibbs sample time: 0.001694 seconds
probability of topic_ResearchProject_87 is 0.0963485

pgibbs sample time: 0.000287 seconds
probability of topic_Student_231 is 0.13996

pgibbs sample time: 7.3e-05 seconds
probability of topic_ResearchProject_27 is 0.0851449

pgibbs sample time: 0.000234 seconds
probability of topic_Student_49 is 0.154937

pgibbs sample time: 0.000342 seconds
probability of topic_ResearchProject_319 is 0.185885

pgibbs sample time: 7.1e-05 seconds
probability of topic_Staff_95 is 0.131956

pgibbs sample time: 8.1e-05 seconds
probability of topic_Staff_63 is 0.0597307

pgibbs sample time: 0.00032 seconds
probability of topic_Student_93 is 0.0376121

pgibbs sample time: 7.1e-05 seconds
probability of topic_ResearchProject_22 is 0.0664064

pgibbs sample time: 0.001682 seconds
probability of topic_Course_244 is 0.107621

pgibbs sample time: 5.8e-05 seconds
probability of topic_Department_40 is 0.105436

pgibbs sample time: 0.004384 seconds
probability of topic_Staff_353 is 0.106576

pgibbs sample time: 0.004563 seconds
probability of topic_Staff_48 is 0.165187

pgibbs sample time: 0.000539 seconds
probability of topic_Course_130 is 0.123571

pgibbs sample time: 0.00217 seconds
probability of topic_Faculty_54 is 0.0949157

pgibbs sample time: 0.000284 seconds
probability of topic_Person_64 is 0.084344

pgibbs sample time: 7.4e-05 seconds
probability of topic_Department_68 is 0.0790022

pgibbs sample time: 0.001703 seconds
probability of topic_Person_17 is 0.115923

pgibbs sample time: 0.001397 seconds
probability of topic_Department_239 is 0.0921646

pgibbs sample time: 0.001697 seconds
probability of topic_ResearchProject_35 is 0.0789991

pgibbs sample time: 0.000256 seconds
probability of topic_Student_20 is 0.0925456

pgibbs sample time: 0.001266 seconds
probability of topic_Course_115 is 0.214979

pgibbs sample time: 7.2e-05 seconds
probability of topic_ResearchProject_51 is 0.0926599

pgibbs sample time: 0.001694 seconds
probability of topic_Faculty_35 is 0.126176

pgibbs sample time: 7.2e-05 seconds
probability of topic_Staff_68 is 0.0637812

pgibbs sample time: 0.001296 seconds
probability of topic_Staff_174 is 0.102705

pgibbs sample time: 7.2e-05 seconds
probability of topic_ResearchProject_79 is 0.0893678

pgibbs sample time: 0.000113 seconds
probability of topic_Department_63 is 0.0666643

pgibbs sample time: 0.000333 seconds
probability of topic_Student_319 is 0.132876

pgibbs sample time: 6.1e-05 seconds
probability of topic_Staff_56 is 0.0930899

pgibbs sample time: 0.000517 seconds
probability of topic_Staff_110 is 0.0876058

pgibbs sample time: 7.1e-05 seconds
probability of topic_Student_14 is 0.100423

pgibbs sample time: 7e-05 seconds
probability of topic_Staff_51 is 0.0775693

pgibbs sample time: 0.000402 seconds
probability of topic_Course_92 is 0.066854

pgibbs sample time: 5.8e-05 seconds
probability of topic_Student_21 is 0.0997967

pgibbs sample time: 7e-05 seconds
probability of topic_Course_97 is 0.140724

pgibbs sample time: 0.000283 seconds
probability of topic_Course_200 is 0.0583507

pgibbs sample time: 0.00226 seconds
probability of topic_Faculty_3 is 0.152147

pgibbs sample time: 0.002476 seconds
probability of topic_Student_11 is 0.132615

pgibbs sample time: 0.000238 seconds
probability of topic_ResearchProject_119 is 0.137838

pgibbs sample time: 7e-05 seconds
probability of topic_Person_88 is 0.291681

pgibbs sample time: 8.2e-05 seconds
probability of topic_Person_23 is 0.0366537

pgibbs sample time: 0.00049 seconds
probability of topic_ResearchProject_8 is 0.107982

pgibbs sample time: 0.004771 seconds
probability of topic_Course_2 is 0.146718

pgibbs sample time: 0.005115 seconds
probability of topic_Staff_89 is 0.0850935

pgibbs sample time: 0.004781 seconds
probability of topic_Course_133 is 0.133387

pgibbs sample time: 0.001395 seconds
probability of topic_Student_172 is 0.119303

pgibbs sample time: 0.001221 seconds
probability of topic_Staff_115 is 0.13612

pgibbs sample time: 0.002177 seconds
probability of topic_Department_67 is 0.116157

pgibbs sample time: 5.6e-05 seconds
probability of topic_Course_70 is 0.15042

pgibbs sample time: 7.1e-05 seconds
probability of topic_Faculty_21 is 0.0682181

pgibbs sample time: 0.000542 seconds
probability of topic_Student_110 is 0.133862

pgibbs sample time: 0.002146 seconds
probability of topic_Course_11 is 0.135267

pgibbs sample time: 5.8e-05 seconds
probability of topic_ResearchProject_21 is 0.0913892

pgibbs sample time: 7.2e-05 seconds
probability of topic_ResearchProject_88 is 0.0691382

pgibbs sample time: 5.7e-05 seconds
probability of topic_Staff_40 is 0.0900833

pgibbs sample time: 0.000516 seconds
probability of topic_Course_58 is 0.130364

pgibbs sample time: 0.000412 seconds
probability of topic_Student_92 is 0.112996

pgibbs sample time: 5.9e-05 seconds
probability of topic_ResearchProject_99 is 0.138305

pgibbs sample time: 0.000527 seconds
probability of topic_Department_4 is 0.153598

pgibbs sample time: 8.3e-05 seconds
probability of topic_Faculty_37 is 0.0887346

pgibbs sample time: 0.000401 seconds
probability of topic_Course_31 is 0.0802772

pgibbs sample time: 0.000544 seconds
probability of topic_Faculty_4 is 0.124933

pgibbs sample time: 5.8e-05 seconds
probability of topic_Faculty_46 is 0.0755157

pgibbs sample time: 5.5e-05 seconds
probability of topic_Person_56 is 0.0663138

pgibbs sample time: 0.001708 seconds
probability of topic_Student_10 is 0.140879

pgibbs sample time: 0.004675 seconds
probability of topic_Course_48 is 0.0965186

pgibbs sample time: 0.002577 seconds
probability of topic_Student_114 is 0.136047

pgibbs sample time: 7.3e-05 seconds
probability of topic_Department_34 is 0.0353595

pgibbs sample time: 0.004578 seconds
probability of topic_Student_180 is 0.146585

pgibbs sample time: 0.000485 seconds
probability of topic_ResearchProject_110 is 0.121438

pgibbs sample time: 0.004682 seconds
probability of topic_Course_169 is 0.127293

pgibbs sample time: 5.9e-05 seconds
probability of topic_Faculty_40 is 0.0798315

pgibbs sample time: 0.004674 seconds
probability of topic_Course_91 is 0.155562

pgibbs sample time: 0.000238 seconds
probability of topic_Faculty_64 is 0.0717857

pgibbs sample time: 8.5e-05 seconds
probability of topic_ResearchProject_76 is 0.0954422

pgibbs sample time: 0.000269 seconds
probability of topic_ResearchProject_116 is 0.127783

pgibbs sample time: 0.000115 seconds
probability of topic_ResearchProject_63 is 0.186528

pgibbs sample time: 0.000584 seconds
probability of topic_Course_57 is 0.128075

pgibbs sample time: 0.000585 seconds
probability of topic_Course_272 is 0.0880723

pgibbs sample time: 0.001609 seconds
probability of topic_Student_102 is 0.167611

pgibbs sample time: 0.001269 seconds
probability of topic_Course_174 is 0.10871

pgibbs sample time: 5.5e-05 seconds
probability of topic_Person_75 is 0.107077

pgibbs sample time: 5.8e-05 seconds
probability of topic_ResearchProject_15 is 0.11691

pgibbs sample time: 0.000258 seconds
probability of topic_Course_25 is 0.0638602

pgibbs sample time: 0.000586 seconds
probability of topic_Course_168 is 0.0921029

pgibbs sample time: 0.000233 seconds
probability of topic_Person_193 is 0.173538

pgibbs sample time: 7e-05 seconds
probability of topic_Course_14 is 0.160244

pgibbs sample time: 0.00138 seconds
probability of topic_Person_36 is 0.078353

pgibbs sample time: 0.000154 seconds
probability of topic_Staff_7 is 0.119229

pgibbs sample time: 0.001286 seconds
probability of topic_Department_106 is 0.0940987

pgibbs sample time: 0.004395 seconds
probability of topic_Staff_30 is 0.137076

pgibbs sample time: 0.000238 seconds
probability of topic_Faculty_65 is 0.0615407

pgibbs sample time: 7.1e-05 seconds
probability of topic_Staff_34 is 0.159282

pgibbs sample time: 0.00444 seconds
probability of topic_Staff_169 is 0.317918

pgibbs sample time: 7.3e-05 seconds
probability of topic_Department_39 is 0.0344568

pgibbs sample time: 0.004699 seconds
probability of topic_Department_48 is 0.126879

pgibbs sample time: 0.000263 seconds
probability of topic_Faculty_231 is 0.138206

pgibbs sample time: 7.1e-05 seconds
probability of topic_Staff_39 is 0.100341

pgibbs sample time: 0.00483 seconds
probability of topic_Faculty_24 is 0.115284

pgibbs sample time: 0.000586 seconds
probability of topic_Department_272 is 0.101889

pgibbs sample time: 0.004998 seconds
probability of topic_Faculty_133 is 0.126892

pgibbs sample time: 0.00022 seconds
probability of topic_Person_49 is 0.134469

pgibbs sample time: 0.002325 seconds
probability of topic_Person_126 is 0.175236

pgibbs sample time: 0.000945 seconds
probability of topic_Person_105 is 0.0761059

pgibbs sample time: 0.001708 seconds
probability of topic_Person_129 is 0.151804

pgibbs sample time: 0.002477 seconds
probability of topic_Student_3 is 0.0438812

pgibbs sample time: 0.004505 seconds
probability of topic_Person_12 is 0.166823

pgibbs sample time: 0.002485 seconds
probability of topic_Student_126 is 0.186527

pgibbs sample time: 5.7e-05 seconds
probability of topic_Course_99 is 0.167675

pgibbs sample time: 0.000234 seconds
probability of topic_ResearchProject_19 is 0.132914

pgibbs sample time: 0.002472 seconds
probability of topic_Student_59 is 0.173177

pgibbs sample time: 0.002513 seconds
probability of topic_Student_217 is 0.0829359

pgibbs sample time: 0.002478 seconds
probability of topic_Student_54 is 0.18991

pgibbs sample time: 0.000122 seconds
probability of topic_Course_47 is 0.114258

pgibbs sample time: 0.000231 seconds
probability of topic_Student_73 is 0.1993

pgibbs sample time: 5.6e-05 seconds
probability of topic_Staff_16 is 0.138436

pgibbs sample time: 7.2e-05 seconds
probability of topic_Faculty_14 is 0.0992434

pgibbs sample time: 0.004763 seconds
probability of topic_Course_157 is 0.0706859

pgibbs sample time: 5.8e-05 seconds
probability of topic_Faculty_56 is 0.0960443

pgibbs sample time: 0.000473 seconds
probability of topic_Student_120 is 0.135461

pgibbs sample time: 0.004422 seconds
probability of topic_Faculty_48 is 0.105775

pgibbs sample time: 0.000364 seconds
probability of topic_Course_32 is 0.0929194

pgibbs sample time: 0.004483 seconds
probability of topic_Faculty_212 is 0.122012

pgibbs sample time: 0.004691 seconds
probability of topic_Student_78 is 0.0827878

pgibbs sample time: 7.2e-05 seconds
probability of topic_Staff_21 is 0.095026

pgibbs sample time: 8.5e-05 seconds
probability of topic_Student_37 is 0.176296

pgibbs sample time: 0.00459 seconds
probability of topic_Student_91 is 0.092393

pgibbs sample time: 0.004717 seconds
probability of topic_ResearchProject_83 is 0.117861

pgibbs sample time: 0.001716 seconds
probability of topic_Department_145 is 0.0922313

pgibbs sample time: 0.000403 seconds
probability of topic_Course_120 is 0.115291

pgibbs sample time: 5.7e-05 seconds
probability of topic_ResearchProject_44 is 0.0700553

pgibbs sample time: 0.000495 seconds
probability of topic_Staff_105 is 0.164066

pgibbs sample time: 5.9e-05 seconds
probability of topic_Department_80 is 0.106577

pgibbs sample time: 7.1e-05 seconds
probability of topic_Faculty_15 is 0.0999374

pgibbs sample time: 0.00011 seconds
probability of topic_Course_94 is 0.0460238

pgibbs sample time: 0.001395 seconds
probability of topic_Department_33 is 0.352026

pgibbs sample time: 0.001742 seconds
probability of topic_ResearchProject_244 is 0.14669

pgibbs sample time: 0.001407 seconds
probability of topic_Department_172 is 0.114797

pgibbs sample time: 0.001399 seconds
probability of topic_Department_36 is 0.095483

pgibbs sample time: 0.001395 seconds
probability of topic_Faculty_33 is 0.174137

pgibbs sample time: 0.001247 seconds
probability of topic_Faculty_209 is 0.127014

pgibbs sample time: 0.000232 seconds
probability of topic_Student_193 is 0.0263425

pgibbs sample time: 5.5e-05 seconds
probability of topic_Student_6 is 0.126224

pgibbs sample time: 0.004475 seconds
probability of topic_Person_290 is 0.094749

pgibbs sample time: 0.001406 seconds
probability of topic_Faculty_239 is 0.133585

pgibbs sample time: 0.001392 seconds
probability of topic_Faculty_164 is 0.148665

pgibbs sample time: 0.000235 seconds
probability of topic_Department_19 is 0.167968

pgibbs sample time: 0.001196 seconds
probability of topic_Course_33 is 0.165848

pgibbs sample time: 0.004581 seconds
probability of topic_Student_353 is 0.232812

pgibbs sample time: 0.001734 seconds
probability of topic_Person_10 is 0.127796

pgibbs sample time: 0.000265 seconds
probability of topic_Faculty_20 is 0.132973

pgibbs sample time: 0.00081 seconds
probability of topic_Course_42 is 0.0376723

pgibbs sample time: 7e-05 seconds
probability of topic_Person_39 is 0.0386279

pgibbs sample time: 0.000808 seconds
probability of topic_Course_186 is 0.118038

pgibbs sample time: 0.000813 seconds
probability of topic_Course_105 is 0.146435

pgibbs sample time: 0.000446 seconds
probability of topic_Faculty_61 is 0.105002

pgibbs sample time: 0.00139 seconds
probability of topic_Faculty_172 is 0.0922243

pgibbs sample time: 0.001718 seconds
probability of topic_Person_35 is 0.290964

pgibbs sample time: 0.000283 seconds
probability of topic_Person_231 is 0.146716

pgibbs sample time: 0.000564 seconds
probability of topic_Person_58 is 0.11191

pgibbs sample time: 5.6e-05 seconds
probability of topic_ResearchProject_80 is 0.0931433

pgibbs sample time: 0.004704 seconds
probability of topic_Staff_83 is 0.118428

pgibbs sample time: 0.002652 seconds
probability of topic_Course_217 is 0.299824

pgibbs sample time: 7.1e-05 seconds
probability of topic_Department_5 is 0.180984

pgibbs sample time: 0.004611 seconds
probability of topic_ResearchProject_155 is 0.12896

pgibbs sample time: 0.004721 seconds
probability of topic_ResearchProject_157 is 0.134158

pgibbs sample time: 0.001708 seconds
probability of topic_Faculty_87 is 0.14529

pgibbs sample time: 0.00461 seconds
probability of topic_ResearchProject_24 is 0.114272

pgibbs sample time: 0.005444 seconds
probability of topic_ResearchProject_199 is 0.0880365

pgibbs sample time: 0.005361 seconds
probability of topic_ResearchProject_18 is 0.0497807

pgibbs sample time: 7.2e-05 seconds
probability of topic_Department_88 is 0.138107

pgibbs sample time: 0.00218 seconds
probability of topic_Department_3 is 0.110765

pgibbs sample time: 0.00469 seconds
probability of topic_ResearchProject_212 is 0.0356868

pgibbs sample time: 0.001407 seconds
probability of topic_Student_36 is 0.079872

pgibbs sample time: 0.004547 seconds
probability of topic_Person_155 is 0.0810927

pgibbs sample time: 0.004566 seconds
probability of topic_Person_157 is 0.145479

pgibbs sample time: 0.001322 seconds
probability of topic_Faculty_41 is 0.0900156

pgibbs sample time: 5.6e-05 seconds
probability of topic_Course_46 is 0.0842368

pgibbs sample time: 0.004503 seconds
probability of topic_Person_45 is 0.118

pgibbs sample time: 0.000234 seconds
probability of topic_Student_19 is 0.229047

pgibbs sample time: 7.1e-05 seconds
probability of topic_Person_85 is 0.0445109

pgibbs sample time: 0.000164 seconds
probability of topic_Student_7 is 0.0828982

pgibbs sample time: 0.004464 seconds
probability of topic_Person_24 is 0.125287

pgibbs sample time: 5.8e-05 seconds
probability of topic_Faculty_22 is 0.0798315

pgibbs sample time: 0.000239 seconds
probability of topic_ResearchProject_193 is 0.0906322

pgibbs sample time: 7.1e-05 seconds
probability of topic_Department_53 is 0.0932549

pgibbs sample time: 0.001383 seconds
probability of topic_Person_239 is 0.122886

pgibbs sample time: 0.00478 seconds
probability of topic_Department_376 is 0.115241

pgibbs sample time: 0.005102 seconds
probability of topic_ResearchProject_45 is 0.0958384

pgibbs sample time: 5.9e-05 seconds
probability of topic_Student_86 is 0.12576

pgibbs sample time: 5.6e-05 seconds
probability of topic_Person_96 is 0.101016

pgibbs sample time: 0.000374 seconds
probability of topic_Faculty_32 is 0.0980503

pgibbs sample time: 5.5e-05 seconds
probability of topic_Person_62 is 0.243469

pgibbs sample time: 5.7e-05 seconds
probability of topic_Department_62 is 0.18052

pgibbs sample time: 5.7e-05 seconds
probability of topic_Department_6 is 0.092868

pgibbs sample time: 5.7e-05 seconds
probability of topic_Department_65 is 0.079961

pgibbs sample time: 0.000258 seconds
probability of topic_Course_231 is 0.115645

pgibbs sample time: 7e-05 seconds
probability of topic_Faculty_97 is 0.0976395

pgibbs sample time: 0.005006 seconds
probability of topic_Faculty_136 is 0.0649773

pgibbs sample time: 0.000202 seconds
probability of topic_Faculty_55 is 0.142528

pgibbs sample time: 0.002512 seconds
probability of topic_Staff_156 is 0.159483

pgibbs sample time: 0.002426 seconds
probability of topic_Staff_114 is 0.0912303

pgibbs sample time: 0.002468 seconds
probability of topic_Staff_11 is 0.109111

pgibbs sample time: 0.002432 seconds
probability of topic_Staff_134 is 0.0475372

pgibbs sample time: 0.001591 seconds
probability of topic_Staff_288 is 0.111069

pgibbs sample time: 6.2e-05 seconds
probability of topic_Staff_43 is 0.111413

pgibbs sample time: 0.001579 seconds
probability of topic_Department_50 is 0.0971738

pgibbs sample time: 5.6e-05 seconds
probability of topic_Staff_86 is 0.0832345

pgibbs sample time: 0.00026 seconds
probability of topic_ResearchProject_20 is 0.17701

pgibbs sample time: 0.001698 seconds
probability of topic_Faculty_10 is 0.144843

pgibbs sample time: 0.004315 seconds
probability of topic_Staff_157 is 0.187017

pgibbs sample time: 5.6e-05 seconds
probability of topic_Staff_71 is 0.153806

pgibbs sample time: 0.0017 seconds
probability of topic_Faculty_244 is 0.115696

pgibbs sample time: 0.001705 seconds
probability of topic_Faculty_288 is 0.10635

pgibbs sample time: 5.8e-05 seconds
probability of topic_Staff_60 is 0.111758

pgibbs sample time: 0.002433 seconds
probability of topic_Staff_126 is 0.14775

pgibbs sample time: 0.001258 seconds
probability of topic_ResearchProject_239 is 0.119946

pgibbs sample time: 0.000309 seconds
probability of topic_Course_93 is 0.0972297

pgibbs sample time: 5.8e-05 seconds
probability of topic_ResearchProject_56 is 0.145229

pgibbs sample time: 0.000583 seconds
probability of topic_Student_61 is 0.156892

pgibbs sample time: 0.00018 seconds
probability of topic_Faculty_7 is 0.132093

pgibbs sample time: 0.001592 seconds
probability of topic_Person_50 is 0.185616

pgibbs sample time: 8.3e-05 seconds
probability of topic_Course_69 is 0.192146

pgibbs sample time: 0.004778 seconds
probability of topic_Department_91 is 0.104994

pgibbs sample time: 0.00023 seconds
probability of topic_Staff_81 is 0.0995954

pgibbs sample time: 0.004702 seconds
probability of topic_Department_45 is 0.113805

pgibbs sample time: 0.004693 seconds
probability of topic_Student_89 is 0.175365

pgibbs sample time: 0.00058 seconds
probability of topic_Staff_57 is 0.106382

pgibbs sample time: 0.000579 seconds
probability of topic_Staff_272 is 0.142081

pgibbs sample time: 0.000579 seconds
probability of topic_Staff_61 is 0.116983

pgibbs sample time: 8.2e-05 seconds
probability of topic_Staff_1 is 0.0481267

pgibbs sample time: 0.004787 seconds
probability of topic_Department_157 is 0.134042

pgibbs sample time: 0.002199 seconds
probability of topic_Department_59 is 0.1367

pgibbs sample time: 0.002421 seconds
probability of topic_Person_54 is 0.147036

pgibbs sample time: 0.000581 seconds
probability of topic_Staff_168 is 0.0972624

pgibbs sample time: 0.001309 seconds
probability of topic_Student_72 is 0.148961

pgibbs sample time: 8e-05 seconds
probability of topic_Faculty_68 is 0.0642363

pgibbs sample time: 0.004472 seconds
probability of topic_Staff_212 is 0.122585

pgibbs sample time: 0.000527 seconds
probability of topic_Department_58 is 0.0989637

pgibbs sample time: 0.001308 seconds
probability of topic_Staff_33 is 0.122006

pgibbs sample time: 0.001311 seconds
probability of topic_Staff_239 is 0.149822

pgibbs sample time: 7.1e-05 seconds
probability of topic_Student_39 is 0.0534938

pgibbs sample time: 8.2e-05 seconds
probability of topic_Faculty_1 is 0.0927214

pgibbs sample time: 5.7e-05 seconds
probability of topic_Department_26 is 0.120005

pgibbs sample time: 6.8e-05 seconds
probability of topic_Staff_5 is 0.124683

pgibbs sample time: 5.7e-05 seconds
probability of topic_Faculty_99 is 0.103209

pgibbs sample time: 0.002529 seconds
probability of topic_Staff_67 is 0.103732

pgibbs sample time: 5.8e-05 seconds
probability of topic_Student_46 is 0.108926

pgibbs sample time: 5.8e-05 seconds
probability of topic_Student_70 is 0.0876746

pgibbs sample time: 0.000316 seconds
probability of topic_Student_90 is 0.116297

pgibbs sample time: 0.001254 seconds
probability of topic_ResearchProject_33 is 0.107885

pgibbs sample time: 0.000543 seconds
probability of topic_Faculty_111 is 0.0735377

pgibbs sample time: 5.7e-05 seconds
probability of topic_Staff_6 is 0.100623

pgibbs sample time: 0.001295 seconds
probability of topic_ResearchProject_164 is 0.092346

pgibbs sample time: 0.000878 seconds
probability of topic_ResearchProject_105 is 0.107266

pgibbs sample time: 0.002423 seconds
probability of topic_Staff_3 is 0.132637

pgibbs sample time: 0.000371 seconds
probability of topic_Faculty_319 is 0.103876

pgibbs sample time: 0.001599 seconds
probability of topic_Person_146 is 0.267317

pgibbs sample time: 0.001599 seconds
probability of topic_Person_102 is 0.15581

pgibbs sample time: 0.001748 seconds
probability of topic_Course_28 is 0.100471

pgibbs sample time: 0.004478 seconds
probability of topic_Person_133 is 0.136758

pgibbs sample time: 5.5e-05 seconds
probability of topic_Person_6 is 0.10676

pgibbs sample time: 0.000238 seconds
probability of topic_Faculty_119 is 0.114725

pgibbs sample time: 7e-05 seconds
probability of topic_Course_22 is 0.0783993

pgibbs sample time: 0.001701 seconds
probability of topic_ResearchProject_145 is 0.120481

pgibbs sample time: 7.3e-05 seconds
probability of topic_Student_15 is 0.127456

pgibbs sample time: 0.001313 seconds
probability of topic_Student_118 is 0.139864

pgibbs sample time: 0.00022 seconds
probability of topic_Staff_19 is 0.083191

pgibbs sample time: 0.004431 seconds
probability of topic_Staff_91 is 0.0919453

pgibbs sample time: 0.001706 seconds
probability of topic_ResearchProject_17 is 0.117213

pgibbs sample time: 0.000317 seconds
probability of topic_Person_90 is 0.187204

pgibbs sample time: 0.000316 seconds
probability of topic_Person_200 is 0.158483

pgibbs sample time: 5.5e-05 seconds
probability of topic_Course_56 is 0.0891904

pgibbs sample time: 0.002149 seconds
probability of topic_Course_134 is 0.1138

pgibbs sample time: 0.004731 seconds
probability of topic_Department_258 is 0.117395

pgibbs sample time: 5.8e-05 seconds
probability of topic_Student_60 is 0.117873

pgibbs sample time: 0.000108 seconds
probability of topic_Staff_77 is 0.0800707

pgibbs sample time: 0.00126 seconds
probability of topic_ResearchProject_209 is 0.103847

pgibbs sample time: 0.004609 seconds
probability of topic_ResearchProject_2 is 0.125159

pgibbs sample time: 5.9e-05 seconds
probability of topic_Faculty_51 is 0.0798315

pgibbs sample time: 7e-05 seconds
probability of topic_Faculty_85 is 0.0598623

pgibbs sample time: 0.000146 seconds
probability of topic_Department_47 is 0.0687352

pgibbs sample time: 5.4e-05 seconds
probability of topic_Staff_62 is 0.111338

pgibbs sample time: 0.000228 seconds
probability of topic_Staff_20 is 0.0930989

pgibbs sample time: 0.001697 seconds
probability of topic_ResearchProject_288 is 0.125228

pgibbs sample time: 0.0002 seconds
probability of topic_Faculty_73 is 0.132729

pgibbs sample time: 7e-05 seconds
probability of topic_Person_21 is 0.0975907

pgibbs sample time: 9.5e-05 seconds
probability of topic_ResearchProject_60 is 0.110987

pgibbs sample time: 0.000412 seconds
probability of topic_Department_31 is 0.101968

pgibbs sample time: 0.000415 seconds
probability of topic_Department_92 is 0.0894995

pgibbs sample time: 0.000266 seconds
probability of topic_Department_81 is 0.167898

pgibbs sample time: 0.001635 seconds
probability of topic_Faculty_102 is 0.147466

pgibbs sample time: 7.3e-05 seconds
probability of topic_Faculty_76 is 0.115803

pgibbs sample time: 0.002181 seconds
probability of topic_Department_54 is 0.0667879

pgibbs sample time: 0.002183 seconds
probability of topic_Department_114 is 0.097487

pgibbs sample time: 0.004635 seconds
probability of topic_Staff_45 is 0.0971183

pgibbs sample time: 0.004723 seconds
probability of topic_ResearchProject_258 is 0.112853

pgibbs sample time: 0.000353 seconds
probability of topic_ResearchProject_13 is 0.131061

pgibbs sample time: 0.000355 seconds
probability of topic_ResearchProject_187 is 0.0650022

pgibbs sample time: 0.000412 seconds
probability of topic_Staff_4 is 0.0543269

pgibbs sample time: 8.3e-05 seconds
probability of topic_Course_76 is 0.0920289

pgibbs sample time: 0.001914 seconds
probability of topic_ResearchProject_126 is 0.112544

pgibbs sample time: 6.8e-05 seconds
probability of topic_Course_15 is 0.0878773

pgibbs sample time: 0.001727 seconds
probability of topic_Student_244 is 0.160261

pgibbs sample time: 0.004623 seconds
probability of topic_Faculty_78 is 0.101063

pgibbs sample time: 5.8e-05 seconds
probability of topic_ResearchProject_71 is 0.108601

pgibbs sample time: 0.000246 seconds
probability of topic_Staff_64 is 0.0763238

pgibbs sample time: 0.000967 seconds
probability of topic_ResearchProject_42 is 0.0616901

pgibbs sample time: 5.8e-05 seconds
probability of topic_Staff_66 is 0.0895899

pgibbs sample time: 0.004598 seconds
probability of topic_Course_18 is 0.0741894

pgibbs sample time: 0.000264 seconds
probability of topic_Person_93 is 0.035844

pgibbs sample time: 0.000411 seconds
probability of topic_Staff_111 is 0.0728532

pgibbs sample time: 0.002435 seconds
probability of topic_Staff_54 is 0.100157

pgibbs sample time: 0.000112 seconds
probability of topic_Faculty_94 is 0.0406196

pgibbs sample time: 7.3e-05 seconds
probability of topic_Person_97 is 0.175232

pgibbs sample time: 5.6e-05 seconds
probability of topic_ResearchProject_96 is 0.112931

pgibbs sample time: 5.8e-05 seconds
probability of topic_Department_75 is 0.101285

pgibbs sample time: 0.004583 seconds
probability of topic_Student_290 is 0.096058

pgibbs sample time: 0.001327 seconds
probability of topic_Faculty_106 is 0.131956

pgibbs sample time: 0.00462 seconds
probability of topic_Student_83 is 0.13777

pgibbs sample time: 7.2e-05 seconds
probability of topic_Staff_53 is 0.0926435

pgibbs sample time: 0.000258 seconds
probability of topic_Course_20 is 0.103659

pgibbs sample time: 7.2e-05 seconds
probability of topic_ResearchProject_95 is 0.155606

pgibbs sample time: 0.004702 seconds
probability of topic_Department_18 is 0.0586302

pgibbs sample time: 0.004844 seconds
probability of topic_Department_78 is 0.0966725

pgibbs sample time: 0.001538 seconds
probability of topic_Department_209 is 0.125926

pgibbs sample time: 0.004708 seconds
probability of topic_Department_353 is 0.102782

pgibbs sample time: 0.004979 seconds
probability of topic_Faculty_89 is 0.07499

pgibbs sample time: 0.00025 seconds
probability of topic_Person_81 is 0.11793

pgibbs sample time: 7.1e-05 seconds
probability of topic_Faculty_95 is 0.0893087

pgibbs sample time: 0.000251 seconds
probability of topic_Person_20 is 0.113637

pgibbs sample time: 0.000139 seconds
probability of topic_Department_52 is 0.111294

pgibbs sample time: 0.000553 seconds
probability of topic_Person_57 is 0.120206

pgibbs sample time: 0.000884 seconds
probability of topic_ResearchProject_327 is 0.0823713

pgibbs sample time: 0.000343 seconds
probability of topic_ResearchProject_32 is 0.094481

pgibbs sample time: 5.7e-05 seconds
probability of topic_ResearchProject_40 is 0.0913892

pgibbs sample time: 0.001703 seconds
probability of topic_Faculty_17 is 0.136116

pgibbs sample time: 5.6e-05 seconds
probability of topic_Staff_84 is 0.101301

pgibbs sample time: 5.4e-05 seconds
probability of topic_Staff_80 is 0.0948402

pgibbs sample time: 5.8e-05 seconds
probability of topic_Student_38 is 0.0956805

pgibbs sample time: 0.000136 seconds
probability of topic_Staff_47 is 0.0599222

pgibbs sample time: 5.4e-05 seconds
probability of topic_Staff_44 is 0.0874999

pgibbs sample time: 0.000233 seconds
probability of topic_ResearchProject_49 is 0.119376

pgibbs sample time: 0.004627 seconds
probability of topic_ResearchProject_78 is 0.0969917

pgibbs sample time: 7.3e-05 seconds
probability of topic_Faculty_53 is 0.108402

pgibbs sample time: 0.001499 seconds
probability of topic_Department_146 is 0.338622

pgibbs sample time: 0.001595 seconds
probability of topic_Department_102 is 0.0817138

pgibbs sample time: 0.001422 seconds
probability of topic_Department_28 is 0.116456

pgibbs sample time: 5.7e-05 seconds
probability of topic_Course_38 is 0.105285

pgibbs sample time: 5.6e-05 seconds
probability of topic_Person_66 is 0.1089

pgibbs sample time: 5.6e-05 seconds
probability of topic_Course_68 is 0.113941

pgibbs sample time: 0.004698 seconds
probability of topic_Course_12 is 0.129046

pgibbs sample time: 0.004803 seconds
probability of topic_Course_155 is 0.113648

pgibbs sample time: 5.8e-05 seconds
probability of topic_Faculty_44 is 0.147875

pgibbs sample time: 0.000354 seconds
probability of topic_ResearchProject_31 is 0.0859027

pgibbs sample time: 0.000354 seconds
probability of topic_ResearchProject_92 is 0.0917662

pgibbs sample time: 5.8e-05 seconds
probability of topic_Department_60 is 0.122427

pgibbs sample time: 0.000545 seconds
probability of topic_Department_130 is 0.123384

pgibbs sample time: 0.000389 seconds
probability of topic_Faculty_57 is 0.117115

pgibbs sample time: 0.000196 seconds
probability of topic_Course_19 is 0.0834186

pgibbs sample time: 0.000195 seconds
probability of topic_Course_49 is 0.0953961

pgibbs sample time: 5.7e-05 seconds
probability of topic_Faculty_16 is 0.122699

pgibbs sample time: 5.6e-05 seconds
probability of topic_Staff_96 is 0.114578

pgibbs sample time: 5.7e-05 seconds
probability of topic_Faculty_60 is 0.0981916

pgibbs sample time: 0.000119 seconds
probability of topic_Student_63 is 0.0583387

pgibbs sample time: 0.00479 seconds
probability of topic_Department_155 is 0.15723

pgibbs sample time: 6.9e-05 seconds
probability of topic_Course_5 is 0.080082

pgibbs sample time: 0.0047 seconds
probability of topic_Course_212 is 0.0598244

pgibbs sample time: 0.000235 seconds
probability of topic_Department_49 is 0.11008

pgibbs sample time: 8.1e-05 seconds
probability of topic_Person_37 is 0.145769

pgibbs sample time: 8.3e-05 seconds
probability of topic_Course_23 is 0.224324

pgibbs sample time: 0.000277 seconds
probability of topic_Staff_231 is 0.10174

pgibbs sample time: 0.001384 seconds
probability of topic_Person_33 is 0.0734373

pgibbs sample time: 0.001387 seconds
probability of topic_Person_209 is 0.163066

pgibbs sample time: 0.001394 seconds
probability of topic_Person_164 is 0.160217

pgibbs sample time: 0.00036 seconds
probability of topic_Student_187 is 0.17501

pgibbs sample time: 0.000561 seconds
probability of topic_Person_4 is 0.115015

pgibbs sample time: 0.00506 seconds
probability of topic_Faculty_18 is 0.0505136

pgibbs sample time: 5.7e-05 seconds
probability of topic_Faculty_82 is 0.0833607

pgibbs sample time: 0.004668 seconds
probability of topic_Student_258 is 0.125992

pgibbs sample time: 7.4e-05 seconds
probability of topic_Staff_97 is 0.149585

pgibbs sample time: 0.000844 seconds
probability of topic_Person_42 is 0.188482

pgibbs sample time: 0.000954 seconds
probability of topic_Person_186 is 0.102575

pgibbs sample time: 0.001232 seconds
probability of topic_Staff_72 is 0.0576015

pgibbs sample time: 0.000497 seconds
probability of topic_Staff_186 is 0.109107

pgibbs sample time: 7e-05 seconds
probability of topic_Course_34 is 0.136301

pgibbs sample time: 0.000259 seconds
probability of topic_Course_81 is 0.136955

pgibbs sample time: 0.00025 seconds
probability of topic_ResearchProject_90 is 0.149884

pgibbs sample time: 7.1e-05 seconds
probability of topic_Department_79 is 0.145098

pgibbs sample time: 0.004479 seconds
probability of topic_Staff_258 is 0.0823864

pgibbs sample time: 5.8e-05 seconds
probability of topic_Student_82 is 0.123171

pgibbs sample time: 0.001719 seconds
probability of topic_Person_87 is 0.187623

pgibbs sample time: 0.000314 seconds
probability of topic_Department_90 is 0.139125

pgibbs sample time: 0.000412 seconds
probability of topic_Student_31 is 0.152307

pgibbs sample time: 5.7e-05 seconds
probability of topic_Faculty_26 is 0.156856

pgibbs sample time: 0.004785 seconds
probability of topic_Department_30 is 0.116679

pgibbs sample time: 0.002451 seconds
probability of topic_Staff_59 is 0.11409

pgibbs sample time: 0.000293 seconds
probability of topic_ResearchProject_200 is 0.0642674

pgibbs sample time: 0.001312 seconds
probability of topic_Staff_164 is 0.103313

pgibbs sample time: 0.000283 seconds
probability of topic_Course_90 is 0.0815558

pgibbs sample time: 7e-05 seconds
probability of topic_Person_14 is 0.0940298

pgibbs sample time: 0.004475 seconds
probability of topic_Person_91 is 0.0703835

pgibbs sample time: 8.4e-05 seconds
probability of topic_Department_37 is 0.0631127

pgibbs sample time: 0.000231 seconds
probability of topic_Staff_193 is 0.425144

pgibbs sample time: 0.001292 seconds
probability of topic_Department_118 is 0.0914028

pgibbs sample time: 5.8e-05 seconds
probability of topic_ResearchProject_6 is 0.10165

pgibbs sample time: 5.8e-05 seconds
probability of topic_Faculty_66 is 0.079707

pgibbs sample time: 0.001383 seconds
probability of topic_Department_41 is 0.0867361

pgibbs sample time: 0.001301 seconds
probability of topic_Department_72 is 0.0633165

pgibbs sample time: 5.8e-05 seconds
probability of topic_Student_99 is 0.10325

pgibbs sample time: 7.1e-05 seconds
probability of topic_Department_97 is 0.227962

pgibbs sample time: 0.000544 seconds
probability of topic_Department_8 is 0.207776

pgibbs sample time: 0.000486 seconds
probability of topic_Person_111 is 0.199211

pgibbs sample time: 0.002156 seconds
probability of topic_Course_59 is 0.191142

pgibbs sample time: 9.4e-05 seconds
probability of topic_Course_88 is 0.121482

pgibbs sample time: 0.002149 seconds
probability of topic_Course_126 is 0.0838994

pgibbs sample time: 0.00243 seconds
probability of topic_Course_156 is 0.135091

pgibbs sample time: 5.8e-05 seconds
probability of topic_Faculty_80 is 0.0854832

pgibbs sample time: 0.002154 seconds
probability of topic_Course_3 is 0.0986796

pgibbs sample time: 0.00011 seconds
probability of topic_Faculty_77 is 0.0800851

pgibbs sample time: 0.004396 seconds
probability of topic_Staff_376 is 0.0987478

pgibbs sample time: 0.00172 seconds
probability of topic_Department_129 is 0.150145

pgibbs sample time: 0.000719 seconds
probability of topic_Student_4 is 0.18327

pgibbs sample time: 5.6e-05 seconds
probability of topic_Course_26 is 0.141758

pgibbs sample time: 0.004593 seconds
probability of topic_Course_199 is 0.108767

pgibbs sample time: 0.002198 seconds
probability of topic_Department_217 is 0.13526

pgibbs sample time: 7.3e-05 seconds
probability of topic_Department_51 is 0.0995726

pgibbs sample time: 5.7e-05 seconds
probability of topic_Person_99 is 0.0813615

pgibbs sample time: 0.00041 seconds
probability of topic_Staff_92 is 0.0717719

pgibbs sample time: 7.3e-05 seconds
probability of topic_Faculty_88 is 0.140824

pgibbs sample time: 7.2e-05 seconds
probability of topic_ResearchProject_85 is 0.0522662

pgibbs sample time: 5.7e-05 seconds
probability of topic_Faculty_98 is 0.087534

pgibbs sample time: 0.000183 seconds
probability of topic_ResearchProject_7 is 0.0583325

pgibbs sample time: 5.7e-05 seconds
probability of topic_Student_75 is 0.10162

pgibbs sample time: 5.6e-05 seconds
probability of topic_ResearchProject_9 is 0.188793

pgibbs sample time: 7.2e-05 seconds
probability of topic_Student_34 is 0.161809

pgibbs sample time: 0.000287 seconds
probability of topic_Department_231 is 0.0996346

pgibbs sample time: 0.002151 seconds
probability of topic_Course_114 is 0.0909106

pgibbs sample time: 8.6e-05 seconds
probability of topic_Student_23 is 0.0331828

pgibbs sample time: 0.000876 seconds
probability of topic_ResearchProject_186 is 0.0859721

pgibbs sample time: 5.8e-05 seconds
probability of topic_ResearchProject_16 is 0.109777

pgibbs sample time: 5.7e-05 seconds
probability of topic_Person_43 is 0.108171

pgibbs sample time: 0.004393 seconds
probability of topic_Faculty_155 is 0.204125

pgibbs sample time: 0.000244 seconds
probability of topic_Department_25 is 0.0493549

pgibbs sample time: 0.004396 seconds
probability of topic_Faculty_157 is 0.128984

