observed tuples: r3380 r465 r4745 r3898 r511 r3157 r1907 r4938 r258 r4130 r2085 r3362 r3969 r2465 r1772 r3656 r2992 r50 r3152 r3982 r565 r3392 r3653 r4427 r3347 r2396 r2874 r1339 r1811 r2647 r4445 r3078 r978 r576 r4775 r1424 r1660 r4739 r4459 r3589 r3519 r4304 r1709 r4033 r4600 r2765 r3192 r2726 r2127 r593 r1470 r3092 r3565 r2525 r347 r1575 r3313 r4863 r2950 r1256 r3141 r2492 r4208 r2367 r2354 r1063 r3348 r543 r1004 r2741 r3315 r3923 r919 r3879 r4108 r549 r4654 r3673 r3224 r861 r3474 r3472 r4243 r3518 r1229 r2042 r1491 r2161 r1812 r3400 r734 r559 r4365 r3319 r305 r3137 r1132 r1931 r365 r2612 r2230 r3435 r4396 r2586 r2618 r4571 r1389 r2763 r60 r123 r4367 r1524 r3927 r232 r4224 r4234 r2472 r4967 r4658 r818 r3728 r78 r620 r4146 r929 r485 r3857 r3998 r3574 r1873 r263 r3866 r1823 r3535 r980 r2952 r4688 r3247 r2431 r2049 r4987 r4307 r2880 r1428 r3184 r3167 r1180 r4712 r834 r2376 r3415 r4022 r3388 r1462 r4612 r4082 r4768 r2099 r1897 r2125 r4648 r4231 r4891 r2875 r721 r651 r9 r3793 r4156 r4503 r4632 r4629 r4425 r2804 r2597 r4894 r2831 r4565 r155 r650 r4604 r702 r1320 r126 r1787 r3425 r798 r3168 r3950 r3475 r3707 r1360 r2746 r558 r2274 r3661 r3559 r3013 r1989 r2253 r423 r1471 r3246 r1832 r3308 r2014 r4750 r3806 r1465 r2456 r991 r1707 hasword_june_118 r1258 r913 r3076 links_133_24 hasword_wa_15 r4205 r4929 r2854 r2333 links_57_168 r4966 r2774 r4906 r400 r2668 r4075 r760 r3768 r3083 r1833 r4392 r1891 r840 r3426 r3757 r2671 links_41_118 r1944 r351 hasword_system_29 r2276 hasword_www_180 hasword_postscript_17 r2857 r4428 r2862 r2389 r2415 r4093 r3468 r2720 r192 links_134_11 r476 r4837 hasword_type_168 hasword_queri_76 r4494 r2088 r1032 r3433 hasword_suggest_91 r4150 r2384 r3807 links_87_35 r146 hasword_text_45 hasword_materi_23 hasword_move_48 r1377 r1520 r424 hasword_utexa_54 r2263 r2478 links_41_72 r1078 r4924 r2100 hasword_gmt_76 r411 r2913 hasword_austin_69 r2734 r3834 r2084 r75 r4358 r3536 r408 hasword_program_70 hasword_experi_92 hasword_algorithm_84 links_41_106 r2588 links_41_115 r900 links_41_174 r1321 r1287 r2093 r4656 hasword_parallel_72 r4680 r1332 r2981 r2549 r809 r3708 r4324 r769 r495 r1285 hasword_wide_35 r298 r889 hasword_document_92 r4 hasword_server_66 r1277 r1089 hasword_address_157 r356 r4341 r3360 r1914 hasword_window_39 hasword_chapter_60 r4665 links_54_114 r1325 links_156_126 hasword_left_75 r4610 hasword_direct_63 links_126_54 r3416 r4651 links_87_10 r896 r1580 r3576 r4463 r3724 r1227 r2799 r2242 links_2_199 r2722 hasword_plan_2 hasword_educ_95 r3185 hasword_window_99 r1116 r392 r3186 links_91_45 r750 hasword_creat_96 r2842 r205 r3298 hasword_made_90 r536 r3934 r144 r1333 hasword_aug_98 hasword_html_19 r1468 r4993 r1615 r4948 hasword_set_42 r231 r181 r1043 r1093 r214 r206 r3222 hasword_principl_83 r3583 r3431 r4854 r4706 r2355 r659 r1370 hasword_ph_34 r4558 r4123 hasword_task_47 r4771 hasword_base_47 r2321 r872 r238 r2616 r3794 r4718 hasword_date_53 r1237 hasword_date_74 r1506 r2847 r3818 r1261 hasword_page_97 hasword_onlin_88 r359 r3590 hasword_consist_49 r2461 r2680 r2229 r2999 hasword_class_59 r2303 r2561 r2714 hasword_nov_62 r4465 r1807 hasword_paper_26 r337 r2198 r4824 r4473 r51 r1202 r4159 r4062 r1386 r3844 links_29_28 r3853 r1737 r4572 hasword_past_32 r1838 r1626 r3383 hasword_sourc_64 r3655 hasword_major_41 r2559 r2395 r3253 r1911 r520 r644 hasword_add_14 r2580 hasword_transfer_12 hasword_prototyp_7 r2727 r1969 r1554 r3524 r4174 r2279 r3084 hasword_event_35 r1475 r2486 r2884 r339 r1366 hasword_html_46 r912 r1099 r1913 links_2_169 r1526 r2170 r2066 hasword_ta_24 r4487 r4603 r4512 r3887 r2055 r790 r4484 hasword_jan_42 hasword_case_155 r62 r2736 hasword_form_77 r966 links_106_41 r2448 links_29_102 links_4_111 hasword_manag_25 r3563 hasword_engin_87 hasword_test_125 r3901 r2823 r603 hasword_line_4 r794 hasword_develop_10 hasword_institut_169 links_111_58 hasword_april_4 links_17_145 r4209 r1276 hasword_text_22 links_110_8 links_59_126 r176 r3276 r4573 r3393 hasword_nation_55 r1961 r942 r3440 r484 r2629 r741 r3338 r4563 hasword_india_68 hasword_type_136 links_168_57 hasword_content_40 r4616 hasword_artifici_145 hasword_version_18 r4726 r3130 r2840 hasword_architectur_7 r2520 r1934 r2521 hasword_current_35 hasword_hall_102 r4628 hasword_modifi_25 hasword_confer_9 links_11_67 links_81_20 hasword_press_20 r3856 r2337 r4104 r56 hasword_numer_119 r737 r3836 r3690 links_28_102 r3188 r4126 hasword_investig_106 links_136_125 r4405 r2803 r3271 hasword_jan_79 hasword_faculti_33 r4653 hasword_room_30 r1695 r518 r1282 hasword_librari_3 links_65_119 r4845 r797 r1753 r1031 hasword_implem_156 r4117 hasword_open_111 r2452 r2984 r2780 r3067 r1530 r4637 r4692 r4118 r3330 r4589 r1211 links_78_180 r3420 links_45_48 hasword_sequenc_43 hasword_orient_126 links_126_3 links_126_59 r388 r1409 hasword_text_51 r642 r1887 r3736 r2608 hasword_mime_114 r4777 hasword_definit_21 r1558 r2444 r210 hasword_nov_77 r4817 r2591 hasword_resourc_78 r2706 r3894 r187 r3428 hasword_wide_50 hasword_group_115 links_13_187 hasword_student_94 r3081 r440 r1254 hasword_file_56 r775 r4970 r2791 r4806 r4180 r4533 hasword_wait_52 r2733 r3947 r961 r4490 r4852 hasword_begin_102 r1498 r4434 hasword_unit_57 r1906 r212 r1494 r121 hasword_provid_28 r681 hasword_modifi_134 r3546 hasword_propos_32 r3221 r4730 r2821 links_199_18 links_50_29 r3978 r273 r4744 links_57_61 r3237 r161 r219 r4816 r831 r1940 r2554 links_50_102 hasword_machin_22 r2050 links_50_28 r136 r1019 r3 hasword_logic_7 r4111 r1703 r4488 r4835 r4286 r261 r2018 r1782 r1566 links_8_110 links_116_93 r4070 r795 r1719 r2893 r4077 r1342 r3019 hasword_modifi_110 r1642 r3451 hasword_articl_25 r346 r1376 r4635 r615 r4195 hasword_jan_8 hasword_univers_88 links_136_30 hasword_train_180 r784 r3636 hasword_ftp_174 r4129 r3044 r3050 r230 r2011 r3611 hasword_docum_79 r2267 hasword_mondai_68 hasword_engin_42 r1304 hasword_jan_27 hasword_check_111 hasword_write_31 hasword_deriv_65 r1810 r4216 r4873 r3719 hasword_cern_15 hasword_point_155 links_102_50 r2896 links_30_136 r1775 hasword_dynam_3 r876 r955 hasword_lab_199 r1427 r1385 hasword_count_52 r180 r304 hasword_version_82 r3692 r4996 r4290 r1900 r3017 r2796 r2815 r3622 r3520 r4227 r3205 hasword_form_94 r917 r1937 r3600 r3144 r4031 r4879 r4211 r2168 r1017 r246 hasword_effici_51 r2264 r3183 r3725 r10 r4092 r1489 r3031 r1364 r2429 r3873 r990 hasword_solution_14 r4371 r4140 r2829 r1246 r1921 hasword_gmt_50 r3007 hasword_texa_6 r3410 r3478 hasword_gmt_37 r3365 r2233 r4855 r2859 r3718 r1354 r993 r3252 r3897 r4735 r1601 hasword_elem_18 r2785 hasword_base_1 r2611 links_11_134 r2211 r1441 r3042 r897 hasword_instruct_81 r4560 r358 hasword_oct_44 r2750 r2236 r3555 r1225 r3875 r105 hasword_paul_61 r930 r3256 r1763 r1678 r4379 r29 links_93_116 r55 r3194 r4843 r1083 r3786 r1860 r3539 r1390 r2096 r4527 hasword_html_94 r722 hasword_ed_42 r2712 r4300 r3785 r1136 r1574 r3689 hasword_oct_11 r4731 r1319 r4074 r1024 r2270 hasword_author_93 r2812 hasword_techniqu_89 r3882 hasword_chang_63 r3423 r1435 r2405 r3893 r4542 r584 r39 r4642 r3014 r1149 r1061 r413 r1622 r3628 hasword_date_80 hasword_manag_16 r1402 hasword_date_23 r893 r3704 r1638 r4258 hasword_colleg_38 r1057 hasword_jan_120 r4943 r349 hasword_work_71 r1445 r2153 r3303 r1025 links_31_92 hasword_mime_86 r1768 hasword_equal_52 r2816 r272 r4438 hasword_maintain_69 r3255 r1236 r2864 r3813 r2973 r2449 hasword_tx_133 hasword_version_41 hasword_process_36 r4922 hasword_content_36 r4165 r3566 r544 r1570 r854 hasword_collect_52 r147 r510 r2516 r3784 hasword_logic_187 r836 r455 r2908 r2967 r3394 r967 r1675 r354 r4332 r3961 r3548 r2067 r710 r3069 r1550 r3864 r2701 r666 r2245 r2942 r2347 r1269 r1155 links_31_120 hasword_nov_19 r3828 links_19_49 hasword_implement_126 r24 r4568 r2678 hasword_jan_97 r1546 r1994 r2269 r4740 r4683 r3508 r2043 r7 r300 r3377 hasword_gmt_5 r2345 hasword_jan_5 hasword_network_73 r1001 r3931 r341 r1955 r1910 r3176 r2320 hasword_complex_20 hasword_austin_32 hasword_paramet_20 r1217 hasword_intellig_47 r1098 r2446 r2826 r162 r3800 r1764 hasword_order_47 r2266 r941 r3236 r478 r2349 r3492 r2414 r3975 r2792 r1696 r3720 r3363 hasword_includ_155 links_155_157 r3244 r3409 links_155_199 r3239 links_155_133 hasword_univers_12 r2111 links_12_155 r1295 r4841 r609 r2604 r3914 r2118 r3562 rl r3169 r4431 r70 r2581 r2575 hasword_gmt_67 r2112 r724 r143 r621 r4317 r3735 r4584 r3601 r1669 r378 r2814 links_28_50 r962 r2719 r4954 r1688 hasword_environ_53 r4842 hasword_pointer_85 r2927 r2756 r3202 r1871 r4919 r302 hasword_unit_7 r4972 r2844 r1353 r3787 r3810 r960 r4194 r4452 r2176 r3343 r2483 r2060 r142 hasword_area_17 r2640 r2467 links_29_50 r1450 r3335 r3954 r4000 r982 r631 r374 r4030 r4222 r2390 hasword_server_64 r4995 r3534 r1006 r3312 r1809 r1028 r2533 r4107 r2623 r1195 r3816 links_55_73 r1979 hasword_build_58 r3907 r1479 r2241 r1266 r4045 r3729 r3234 r1431 r4749 r591 r3986 r2358 r3749 r3290 r1828 r1380 r2417 r4857 hasword_includ_13 r4820 r561 r2543 r1557 r4372 r1829 links_126_156 r2517 r1437 hasword_resourc_2 r3935 r3745 hasword_john_116 r1893 r2215 r1984 r843 r3516 r33 r573 r3558 r4081 r3386 r303 r2235 r2830 r353 r381 r2757 
size of observed tuples: 1143
size of unobserved tuples: 838

pgibbs sample time: 0.000349 seconds
probability of topic_Faculty_91 is 0.103666

pgibbs sample time: 0.000992 seconds
probability of topic_Student_174 is 0.109885

pgibbs sample time: 0.001056 seconds
probability of topic_Student_115 is 0.102889

pgibbs sample time: 0.001056 seconds
probability of topic_Student_41 is 0.0856176

pgibbs sample time: 7.3e-05 seconds
probability of topic_Faculty_23 is 0.0700277

pgibbs sample time: 6.1e-05 seconds
probability of topic_Faculty_34 is 0.105926

pgibbs sample time: 5.8e-05 seconds
probability of topic_Department_74 is 0.106577

pgibbs sample time: 0.001388 seconds
probability of topic_Staff_133 is 0.123281

pgibbs sample time: 0.001454 seconds
probability of topic_Staff_155 is 0.119369

pgibbs sample time: 5.8e-05 seconds
probability of topic_Student_16 is 0.0844266

pgibbs sample time: 5.8e-05 seconds
probability of topic_Department_71 is 0.0982748

pgibbs sample time: 5.9e-05 seconds
probability of topic_Faculty_84 is 0.132199

pgibbs sample time: 0.000384 seconds
probability of topic_Faculty_10 is 0.14619

pgibbs sample time: 0.001449 seconds
probability of topic_Staff_157 is 0.190278

pgibbs sample time: 5.7e-05 seconds
probability of topic_Staff_71 is 0.153806

pgibbs sample time: 5.8e-05 seconds
probability of topic_ResearchProject_38 is 0.105362

pgibbs sample time: 0.000267 seconds
probability of topic_ResearchProject_20 is 0.17701

pgibbs sample time: 5.8e-05 seconds
probability of topic_Course_83 is 0.17098

pgibbs sample time: 5.6e-05 seconds
probability of topic_Staff_75 is 0.123974

pgibbs sample time: 0.000451 seconds
probability of topic_Department_168 is 0.113277

pgibbs sample time: 0.000376 seconds
probability of topic_Staff_125 is 0.130014

pgibbs sample time: 5.6e-05 seconds
probability of topic_Course_80 is 0.0872788

pgibbs sample time: 5.6e-05 seconds
probability of topic_Staff_43 is 0.111413

pgibbs sample time: 7e-05 seconds
probability of topic_Faculty_97 is 0.0976395

pgibbs sample time: 5.7e-05 seconds
probability of topic_Student_86 is 0.12576

pgibbs sample time: 5.8e-05 seconds
probability of topic_Faculty_22 is 0.0798315

pgibbs sample time: 8.3e-05 seconds
probability of topic_Person_32 is 0.096391

pgibbs sample time: 5.6e-05 seconds
probability of topic_Staff_26 is 0.126833

pgibbs sample time: 0.001525 seconds
probability of topic_Person_157 is 0.149348

pgibbs sample time: 0.000239 seconds
probability of topic_Student_19 is 0.229047

pgibbs sample time: 0.001588 seconds
probability of topic_Person_12 is 0.166799

pgibbs sample time: 0.001327 seconds
probability of topic_Student_3 is 0.0677086

pgibbs sample time: 0.001508 seconds
probability of topic_ResearchProject_133 is 0.113297

pgibbs sample time: 0.001153 seconds
probability of topic_ResearchProject_28 is 0.10765

pgibbs sample time: 0.001506 seconds
probability of topic_ResearchProject_199 is 0.0877681

pgibbs sample time: 0.000239 seconds
probability of topic_Faculty_180 is 0.172137

pgibbs sample time: 5.7e-05 seconds
probability of topic_Person_98 is 0.143162

pgibbs sample time: 5.8e-05 seconds
probability of topic_Department_85 is 0.107789

pgibbs sample time: 0.000449 seconds
probability of topic_Student_87 is 0.155957

pgibbs sample time: 7e-05 seconds
probability of topic_Person_63 is 0.0683341

pgibbs sample time: 0.000383 seconds
probability of topic_Student_111 is 0.173

pgibbs sample time: 5.7e-05 seconds
probability of topic_Staff_34 is 0.15723

pgibbs sample time: 9.8e-05 seconds
probability of topic_Course_42 is 0.044516

pgibbs sample time: 5.7e-05 seconds
probability of topic_Student_62 is 0.242094

pgibbs sample time: 5.9e-05 seconds
probability of topic_Faculty_33 is 0.16248

pgibbs sample time: 5.8e-05 seconds
probability of topic_Department_33 is 0.333213

pgibbs sample time: 0.000359 seconds
probability of topic_Course_31 is 0.0866427

pgibbs sample time: 5.8e-05 seconds
probability of topic_Faculty_37 is 0.0854832

pgibbs sample time: 0.000385 seconds
probability of topic_Faculty_4 is 0.140772

pgibbs sample time: 5.7e-05 seconds
probability of topic_Faculty_46 is 0.0755157

pgibbs sample time: 0.00075 seconds
probability of topic_Person_41 is 0.0887213

pgibbs sample time: 5.8e-05 seconds
probability of topic_ResearchProject_80 is 0.0931433

pgibbs sample time: 0.00033 seconds
probability of topic_Faculty_48 is 0.108307

pgibbs sample time: 0.001565 seconds
probability of topic_Course_157 is 0.0857371

pgibbs sample time: 0.00075 seconds
probability of topic_Person_72 is 0.146788

pgibbs sample time: 7.3e-05 seconds
probability of topic_Faculty_14 is 0.0992434

pgibbs sample time: 5.7e-05 seconds
probability of topic_Staff_16 is 0.138436

pgibbs sample time: 0.000223 seconds
probability of topic_Person_49 is 0.134469

pgibbs sample time: 5.5e-05 seconds
probability of topic_Course_9 is 0.0967018

pgibbs sample time: 0.000341 seconds
probability of topic_Faculty_92 is 0.119

pgibbs sample time: 5.8e-05 seconds
probability of topic_Department_84 is 0.0857344

pgibbs sample time: 5.6e-05 seconds
probability of topic_Faculty_83 is 0.11006

pgibbs sample time: 5.6e-05 seconds
probability of topic_Staff_63 is 0.0813221

pgibbs sample time: 7.1e-05 seconds
probability of topic_Faculty_25 is 0.0953751

pgibbs sample time: 7.2e-05 seconds
probability of topic_Department_23 is 0.137829

pgibbs sample time: 7e-05 seconds
probability of topic_Course_14 is 0.160244

pgibbs sample time: 6.9e-05 seconds
probability of topic_Person_36 is 0.0718643

pgibbs sample time: 5.7e-05 seconds
probability of topic_ResearchProject_99 is 0.138305

pgibbs sample time: 0.000395 seconds
probability of topic_Department_4 is 0.0913381

pgibbs sample time: 0.000454 seconds
probability of topic_Course_168 is 0.0920823

pgibbs sample time: 0.000318 seconds
probability of topic_Course_93 is 0.0972297

pgibbs sample time: 5.8e-05 seconds
probability of topic_ResearchProject_56 is 0.145229

pgibbs sample time: 5.8e-05 seconds
probability of topic_Staff_60 is 0.111758

pgibbs sample time: 7.2e-05 seconds
probability of topic_ResearchProject_63 is 0.18956

pgibbs sample time: 0.001329 seconds
probability of topic_Faculty_29 is 0.0940613

pgibbs sample time: 0.000454 seconds
probability of topic_Course_30 is 0.160468

pgibbs sample time: 0.001454 seconds
probability of topic_Staff_2 is 0.100764

pgibbs sample time: 0.0013 seconds
probability of topic_Student_28 is 0.125006

pgibbs sample time: 0.000331 seconds
probability of topic_ResearchProject_48 is 0.402595

pgibbs sample time: 7.2e-05 seconds
probability of topic_Faculty_69 is 0.0939579

pgibbs sample time: 7.2e-05 seconds
probability of topic_Faculty_63 is 0.0907347

pgibbs sample time: 0.000456 seconds
probability of topic_Course_125 is 0.0992074

pgibbs sample time: 8.4e-05 seconds
probability of topic_Staff_32 is 0.0878856

pgibbs sample time: 0.000779 seconds
probability of topic_Course_106 is 0.117621

pgibbs sample time: 0.000779 seconds
probability of topic_Course_41 is 0.0684343

pgibbs sample time: 0.000237 seconds
probability of topic_Student_145 is 0.117725

pgibbs sample time: 0.001547 seconds
probability of topic_Staff_12 is 0.110663

pgibbs sample time: 5.6e-05 seconds
probability of topic_Staff_79 is 0.149378

pgibbs sample time: 5.6e-05 seconds
probability of topic_Person_39 is 0.0813615

pgibbs sample time: 0.000176 seconds
probability of topic_Staff_55 is 0.112555

pgibbs sample time: 5.6e-05 seconds
probability of topic_Person_40 is 0.108938

pgibbs sample time: 5.7e-05 seconds
probability of topic_Person_70 is 0.0970152

pgibbs sample time: 0.00027 seconds
probability of topic_Person_136 is 0.117896

pgibbs sample time: 0.001606 seconds
probability of topic_Department_12 is 0.164217

pgibbs sample time: 8.4e-05 seconds
probability of topic_Course_52 is 0.105972

pgibbs sample time: 0.001609 seconds
probability of topic_Department_24 is 0.127217

pgibbs sample time: 0.00027 seconds
probability of topic_Faculty_81 is 0.102006

pgibbs sample time: 8.3e-05 seconds
probability of topic_Course_94 is 0.0503273

pgibbs sample time: 5.8e-05 seconds
probability of topic_Department_89 is 0.100177

pgibbs sample time: 5.6e-05 seconds
probability of topic_Person_34 is 0.19909

pgibbs sample time: 0.000281 seconds
probability of topic_Student_116 is 0.0926925

pgibbs sample time: 0.000272 seconds
probability of topic_Department_20 is 0.114369

pgibbs sample time: 0.00139 seconds
probability of topic_Person_199 is 0.13493

pgibbs sample time: 0.000384 seconds
probability of topic_Course_87 is 0.0710556

pgibbs sample time: 0.001596 seconds
probability of topic_Person_2 is 0.054987

pgibbs sample time: 0.001597 seconds
probability of topic_Faculty_24 is 0.11686

pgibbs sample time: 0.000304 seconds
probability of topic_Staff_116 is 0.10819

pgibbs sample time: 0.000302 seconds
probability of topic_Staff_93 is 0.127052

pgibbs sample time: 7.2e-05 seconds
probability of topic_Student_88 is 0.213097

pgibbs sample time: 0.000352 seconds
probability of topic_Staff_120 is 0.162442

pgibbs sample time: 5.6e-05 seconds
probability of topic_Student_6 is 0.126224

pgibbs sample time: 0.001323 seconds
probability of topic_Person_114 is 0.129665

pgibbs sample time: 0.001325 seconds
probability of topic_Person_156 is 0.114447

pgibbs sample time: 8.5e-05 seconds
probability of topic_Department_94 is 0.317033

pgibbs sample time: 0.00132 seconds
probability of topic_Person_126 is 0.181705

pgibbs sample time: 7.4e-05 seconds
probability of topic_Department_53 is 0.0932549

pgibbs sample time: 0.001273 seconds
probability of topic_Faculty_59 is 0.10778

pgibbs sample time: 5.9e-05 seconds
probability of topic_Department_38 is 0.14735

pgibbs sample time: 7.4e-05 seconds
probability of topic_Faculty_79 is 0.111487

pgibbs sample time: 0.000454 seconds
probability of topic_Student_67 is 0.121899

pgibbs sample time: 0.000208 seconds
probability of topic_Course_145 is 0.136014

pgibbs sample time: 9.7e-05 seconds
probability of topic_Staff_42 is 0.180233

pgibbs sample time: 0.000101 seconds
probability of topic_Faculty_52 is 0.141753

pgibbs sample time: 0.000229 seconds
probability of topic_Staff_78 is 0.098883

pgibbs sample time: 5.8e-05 seconds
probability of topic_Department_16 is 0.0843164

pgibbs sample time: 0.000272 seconds
probability of topic_Faculty_116 is 0.0965373

pgibbs sample time: 0.00042 seconds
probability of topic_Department_134 is 0.0847092

pgibbs sample time: 5.7e-05 seconds
probability of topic_Person_84 is 0.0971429

pgibbs sample time: 5.4e-05 seconds
probability of topic_Student_1 is 0.0679965

pgibbs sample time: 0.000451 seconds
probability of topic_Department_61 is 0.0607233

pgibbs sample time: 0.001328 seconds
probability of topic_Faculty_50 is 0.120196

pgibbs sample time: 8.6e-05 seconds
probability of topic_Student_52 is 0.100041

pgibbs sample time: 0.000454 seconds
probability of topic_Course_61 is 0.0985688

pgibbs sample time: 0.000211 seconds
probability of topic_Department_17 is 0.0774147

pgibbs sample time: 0.001589 seconds
probability of topic_Faculty_12 is 0.144867

pgibbs sample time: 7.2e-05 seconds
probability of topic_Person_53 is 0.125778

pgibbs sample time: 0.000388 seconds
probability of topic_Department_87 is 0.107054

pgibbs sample time: 7.3e-05 seconds
probability of topic_Department_69 is 0.0607513

pgibbs sample time: 0.000384 seconds
probability of topic_Student_58 is 0.0835812

pgibbs sample time: 0.00161 seconds
probability of topic_Department_2 is 0.108359

pgibbs sample time: 5.9e-05 seconds
probability of topic_Student_34 is 0.159601

pgibbs sample time: 0.001075 seconds
probability of topic_Faculty_72 is 0.137923

pgibbs sample time: 7.2e-05 seconds
probability of topic_Staff_36 is 0.068249

pgibbs sample time: 5.7e-05 seconds
probability of topic_Student_96 is 0.0934493

pgibbs sample time: 5.7e-05 seconds
probability of topic_Faculty_96 is 0.105459

pgibbs sample time: 0.001028 seconds
probability of topic_Staff_41 is 0.0865376

pgibbs sample time: 5.8e-05 seconds
probability of topic_Course_39 is 0.167675

pgibbs sample time: 0.0003 seconds
probability of topic_Student_48 is 0.049782

pgibbs sample time: 5.9e-05 seconds
probability of topic_Department_60 is 0.122427

pgibbs sample time: 0.000393 seconds
probability of topic_ResearchProject_87 is 0.0877373

pgibbs sample time: 0.000464 seconds
probability of topic_ResearchProject_168 is 0.0978239

pgibbs sample time: 0.000462 seconds
probability of topic_ResearchProject_11 is 0.0750954

pgibbs sample time: 5.8e-05 seconds
probability of topic_Course_40 is 0.0854307

pgibbs sample time: 5.9e-05 seconds
probability of topic_Faculty_39 is 0.103209

pgibbs sample time: 5.6e-05 seconds
probability of topic_Staff_90 is 0.171014

pgibbs sample time: 0.000206 seconds
probability of topic_Student_78 is 0.113249

pgibbs sample time: 8.5e-05 seconds
probability of topic_Course_32 is 0.1101

pgibbs sample time: 0.001609 seconds
probability of topic_Department_169 is 0.312089

pgibbs sample time: 5.8e-05 seconds
probability of topic_Staff_83 is 0.108321

pgibbs sample time: 0.000212 seconds
probability of topic_Department_73 is 0.102544

pgibbs sample time: 5.8e-05 seconds
probability of topic_ResearchProject_46 is 0.0867993

pgibbs sample time: 5.7e-05 seconds
probability of topic_ResearchProject_34 is 0.0829609

pgibbs sample time: 5.7e-05 seconds
probability of topic_Department_86 is 0.0886948

pgibbs sample time: 0.000455 seconds
probability of topic_ResearchProject_30 is 0.110376

pgibbs sample time: 7.3e-05 seconds
probability of topic_ResearchProject_53 is 0.114964

pgibbs sample time: 0.001154 seconds
probability of topic_ResearchProject_50 is 0.0921414

pgibbs sample time: 0.001276 seconds
probability of topic_Course_102 is 0.103584

pgibbs sample time: 0.001333 seconds
probability of topic_Student_54 is 0.120414

pgibbs sample time: 5.8e-05 seconds
probability of topic_Faculty_62 is 0.116539

pgibbs sample time: 0.000264 seconds
probability of topic_Person_116 is 0.0742613

pgibbs sample time: 8.6e-05 seconds
probability of topic_Faculty_32 is 0.115061

pgibbs sample time: 0.000281 seconds
probability of topic_Student_93 is 0.0376121

pgibbs sample time: 7.2e-05 seconds
probability of topic_ResearchProject_22 is 0.0664064

pgibbs sample time: 0.001076 seconds
probability of topic_Faculty_115 is 0.108086

pgibbs sample time: 7.4e-05 seconds
probability of topic_Department_64 is 0.0758747

pgibbs sample time: 0.001511 seconds
probability of topic_ResearchProject_12 is 0.0607307

pgibbs sample time: 0.00021 seconds
probability of topic_Course_13 is 0.103284

pgibbs sample time: 0.000455 seconds
probability of topic_Course_136 is 0.090583

pgibbs sample time: 7e-05 seconds
probability of topic_Staff_69 is 0.0941726

pgibbs sample time: 5.8e-05 seconds
probability of topic_ResearchProject_75 is 0.117541

pgibbs sample time: 0.001263 seconds
probability of topic_Staff_29 is 0.128005

pgibbs sample time: 0.001266 seconds
probability of topic_Staff_28 is 0.118073

pgibbs sample time: 0.000376 seconds
probability of topic_Staff_136 is 0.0954692

pgibbs sample time: 0.000396 seconds
probability of topic_Department_111 is 0.0909777

pgibbs sample time: 7.3e-05 seconds
probability of topic_ResearchProject_68 is 0.0500277

pgibbs sample time: 5.9e-05 seconds
probability of topic_Student_85 is 0.118354

pgibbs sample time: 5.6e-05 seconds
probability of topic_Person_38 is 0.0693648

pgibbs sample time: 0.001596 seconds
probability of topic_Faculty_169 is 0.14953

pgibbs sample time: 0.000314 seconds
probability of topic_ResearchProject_93 is 0.0942936

pgibbs sample time: 0.000457 seconds
probability of topic_Faculty_168 is 0.0868743

pgibbs sample time: 5.7e-05 seconds
probability of topic_Staff_82 is 0.0802927

pgibbs sample time: 0.001456 seconds
probability of topic_Staff_199 is 0.105708

pgibbs sample time: 7.4e-05 seconds
probability of topic_ResearchProject_64 is 0.0838679

pgibbs sample time: 7e-05 seconds
probability of topic_Course_79 is 0.13128

pgibbs sample time: 0.001587 seconds
probability of topic_Student_169 is 0.0661458

pgibbs sample time: 8.7e-05 seconds
probability of topic_ResearchProject_94 is 0.0402915

pgibbs sample time: 0.001634 seconds
probability of topic_Course_24 is 0.160272

pgibbs sample time: 0.000225 seconds
probability of topic_Staff_49 is 0.122559

pgibbs sample time: 0.000461 seconds
probability of topic_Faculty_11 is 0.158246

pgibbs sample time: 0.00045 seconds
probability of topic_Department_125 is 0.105416

pgibbs sample time: 0.000784 seconds
probability of topic_Course_115 is 0.214969

pgibbs sample time: 7.3e-05 seconds
probability of topic_ResearchProject_51 is 0.0926599

pgibbs sample time: 0.000386 seconds
probability of topic_Faculty_35 is 0.126327

pgibbs sample time: 7.2e-05 seconds
probability of topic_Staff_68 is 0.0637812

pgibbs sample time: 0.001032 seconds
probability of topic_Staff_174 is 0.102699

pgibbs sample time: 7e-05 seconds
probability of topic_Person_15 is 0.127201

pgibbs sample time: 0.000389 seconds
probability of topic_Department_35 is 0.076093

pgibbs sample time: 0.001514 seconds
probability of topic_ResearchProject_169 is 0.141897

pgibbs sample time: 0.000201 seconds
probability of topic_Person_55 is 0.159489

pgibbs sample time: 0.000207 seconds
probability of topic_Person_65 is 0.11711

pgibbs sample time: 0.001284 seconds
probability of topic_Staff_3 is 0.149365

pgibbs sample time: 0.000234 seconds
probability of topic_Faculty_145 is 0.115741

pgibbs sample time: 5.8e-05 seconds
probability of topic_Department_99 is 0.0873436

pgibbs sample time: 6.8e-05 seconds
probability of topic_Staff_15 is 0.0907919

pgibbs sample time: 0.000104 seconds
probability of topic_Department_42 is 0.198103

pgibbs sample time: 0.001384 seconds
probability of topic_Student_12 is 0.161952

pgibbs sample time: 0.001286 seconds
probability of topic_Course_50 is 0.101427

pgibbs sample time: 0.001268 seconds
probability of topic_Staff_50 is 0.104055

pgibbs sample time: 0.001314 seconds
probability of topic_Department_29 is 0.0753669

pgibbs sample time: 0.000405 seconds
probability of topic_Person_57 is 0.121618

pgibbs sample time: 8.7e-05 seconds
probability of topic_ResearchProject_25 is 0.112333

pgibbs sample time: 5.7e-05 seconds
probability of topic_Faculty_27 is 0.110334

pgibbs sample time: 5.7e-05 seconds
probability of topic_Student_33 is 0.0602387

pgibbs sample time: 5.6e-05 seconds
probability of topic_Course_6 is 0.11351

pgibbs sample time: 0.000264 seconds
probability of topic_ResearchProject_81 is 0.101823

pgibbs sample time: 0.000283 seconds
probability of topic_Person_13 is 0.0761731

pgibbs sample time: 5.9e-05 seconds
probability of topic_ResearchProject_83 is 0.107837

pgibbs sample time: 0.000298 seconds
probability of topic_Student_91 is 0.0857362

pgibbs sample time: 0.000392 seconds
probability of topic_ResearchProject_35 is 0.0790691

pgibbs sample time: 0.000261 seconds
probability of topic_Student_20 is 0.0925456

pgibbs sample time: 0.000451 seconds
probability of topic_Department_57 is 0.140108

pgibbs sample time: 5.6e-05 seconds
probability of topic_Person_95 is 0.105599

pgibbs sample time: 0.001068 seconds
probability of topic_Student_106 is 0.122834

pgibbs sample time: 5.8e-05 seconds
probability of topic_Person_16 is 0.113162

pgibbs sample time: 7.1e-05 seconds
probability of topic_Department_76 is 0.0999693

pgibbs sample time: 0.000377 seconds
probability of topic_Course_10 is 0.108434

pgibbs sample time: 0.000403 seconds
probability of topic_ResearchProject_61 is 0.114991

pgibbs sample time: 0.0001 seconds
probability of topic_Staff_52 is 0.111287

pgibbs sample time: 0.000303 seconds
probability of topic_Faculty_110 is 0.0958508

pgibbs sample time: 5.7e-05 seconds
probability of topic_Staff_99 is 0.096097

pgibbs sample time: 8.3e-05 seconds
probability of topic_Person_25 is 0.0971182

pgibbs sample time: 0.00021 seconds
probability of topic_Student_180 is 0.101976

pgibbs sample time: 5.7e-05 seconds
probability of topic_Department_34 is 0.0720754

pgibbs sample time: 5.8e-05 seconds
probability of topic_Department_37 is 0.106577

pgibbs sample time: 0.001159 seconds
probability of topic_ResearchProject_29 is 0.0854391

pgibbs sample time: 0.001134 seconds
probability of topic_Course_54 is 0.123683

pgibbs sample time: 0.00134 seconds
probability of topic_Student_156 is 0.0932378

pgibbs sample time: 7.1e-05 seconds
probability of topic_Person_22 is 0.151959

pgibbs sample time: 5.9e-05 seconds
probability of topic_ResearchProject_66 is 0.0906498

pgibbs sample time: 0.000331 seconds
probability of topic_Faculty_45 is 0.0865394

pgibbs sample time: 0.000205 seconds
probability of topic_Staff_65 is 0.109671

pgibbs sample time: 0.000101 seconds
probability of topic_Student_42 is 0.145299

pgibbs sample time: 0.001072 seconds
probability of topic_Faculty_174 is 0.184123

pgibbs sample time: 0.00042 seconds
probability of topic_Department_11 is 0.122731

pgibbs sample time: 0.000174 seconds
probability of topic_Staff_73 is 0.164028

pgibbs sample time: 6e-05 seconds
probability of topic_Staff_98 is 0.0945649

pgibbs sample time: 0.000449 seconds
probability of topic_Student_35 is 0.361255

pgibbs sample time: 5.7e-05 seconds
probability of topic_Course_74 is 0.0872788

pgibbs sample time: 5.7e-05 seconds
probability of topic_Course_84 is 0.11049

pgibbs sample time: 0.000451 seconds
probability of topic_Student_125 is 0.156677

pgibbs sample time: 5.6e-05 seconds
probability of topic_Course_71 is 0.0991188

pgibbs sample time: 0.000212 seconds
probability of topic_Department_55 is 0.0799597

pgibbs sample time: 7.3e-05 seconds
probability of topic_ResearchProject_69 is 0.0939213

pgibbs sample time: 6.9e-05 seconds
probability of topic_Department_5 is 0.180984

pgibbs sample time: 7e-05 seconds
probability of topic_Staff_14 is 0.122535

pgibbs sample time: 7.1e-05 seconds
probability of topic_Course_63 is 0.113223

pgibbs sample time: 0.000199 seconds
probability of topic_Faculty_49 is 0.126495

pgibbs sample time: 0.000752 seconds
probability of topic_ResearchProject_118 is 0.12744

pgibbs sample time: 5.9e-05 seconds
probability of topic_Department_80 is 0.106577

pgibbs sample time: 5.6e-05 seconds
probability of topic_Person_44 is 0.139832

pgibbs sample time: 5.8e-05 seconds
probability of topic_Faculty_38 is 0.101237

pgibbs sample time: 5.6e-05 seconds
probability of topic_Course_51 is 0.0854307

pgibbs sample time: 0.000338 seconds
probability of topic_Department_48 is 0.13013

pgibbs sample time: 7e-05 seconds
probability of topic_Person_51 is 0.113927

pgibbs sample time: 8.6e-05 seconds
probability of topic_Student_32 is 0.127409

pgibbs sample time: 0.000198 seconds
probability of topic_Course_73 is 0.086989

pgibbs sample time: 0.000265 seconds
probability of topic_Person_30 is 0.103553

pgibbs sample time: 0.000454 seconds
probability of topic_Student_136 is 0.116762

pgibbs sample time: 8.6e-05 seconds
probability of topic_ResearchProject_52 is 0.109229

pgibbs sample time: 0.000783 seconds
probability of topic_Course_72 is 0.115593

pgibbs sample time: 7.3e-05 seconds
probability of topic_Student_68 is 0.0661826

pgibbs sample time: 0.000211 seconds
probability of topic_Course_187 is 0.126046

pgibbs sample time: 8.6e-05 seconds
probability of topic_Student_25 is 0.0773422

pgibbs sample time: 5.5e-05 seconds
probability of topic_Staff_27 is 0.149378

pgibbs sample time: 0.000407 seconds
probability of topic_Person_61 is 0.14359

pgibbs sample time: 0.000392 seconds
probability of topic_ResearchProject_58 is 0.160373

pgibbs sample time: 0.000241 seconds
probability of topic_Department_180 is 0.189111

pgibbs sample time: 6.1e-05 seconds
probability of topic_ResearchProject_74 is 0.0931433

pgibbs sample time: 0.001035 seconds
probability of topic_Staff_118 is 0.1274

pgibbs sample time: 0.000365 seconds
probability of topic_Department_120 is 0.209161

pgibbs sample time: 5.9e-05 seconds
probability of topic_Student_43 is 0.104502

pgibbs sample time: 0.000199 seconds
probability of topic_Course_55 is 0.106871

pgibbs sample time: 7.3e-05 seconds
probability of topic_Student_64 is 0.0845405

pgibbs sample time: 7.4e-05 seconds
probability of topic_ResearchProject_88 is 0.0691382

pgibbs sample time: 5.8e-05 seconds
probability of topic_Staff_40 is 0.0900833

pgibbs sample time: 6.9e-05 seconds
probability of topic_Course_64 is 0.0648578

pgibbs sample time: 5.8e-05 seconds
probability of topic_Department_27 is 0.193085

pgibbs sample time: 5.7e-05 seconds
probability of topic_Student_27 is 0.124752

pgibbs sample time: 0.001094 seconds
probability of topic_Department_115 is 0.0975097

pgibbs sample time: 0.000254 seconds
probability of topic_Faculty_19 is 0.0759946

pgibbs sample time: 0.000305 seconds
probability of topic_Faculty_8 is 0.119511

pgibbs sample time: 0.001596 seconds
probability of topic_Faculty_2 is 0.0715579

pgibbs sample time: 5.7e-05 seconds
probability of topic_Course_96 is 0.0823311

pgibbs sample time: 0.000453 seconds
probability of topic_Course_57 is 0.129178

pgibbs sample time: 0.000229 seconds
probability of topic_Staff_180 is 0.140443

pgibbs sample time: 7e-05 seconds
probability of topic_Course_36 is 0.0539218

pgibbs sample time: 0.001599 seconds
probability of topic_Person_18 is 0.080875

pgibbs sample time: 7.4e-05 seconds
probability of topic_ResearchProject_5 is 0.0812616

pgibbs sample time: 5.8e-05 seconds
probability of topic_Course_43 is 0.100844

pgibbs sample time: 0.000756 seconds
probability of topic_Person_115 is 0.0901224

pgibbs sample time: 0.000393 seconds
probability of topic_Person_11 is 0.148659

pgibbs sample time: 5.6e-05 seconds
probability of topic_Course_27 is 0.105222

pgibbs sample time: 0.000392 seconds
probability of topic_ResearchProject_4 is 0.0753633

pgibbs sample time: 0.001309 seconds
probability of topic_Student_50 is 0.195058

pgibbs sample time: 0.000387 seconds
probability of topic_Department_10 is 0.0966653

pgibbs sample time: 0.001214 seconds
probability of topic_Department_156 is 0.110245

pgibbs sample time: 5.8e-05 seconds
probability of topic_Person_83 is 0.124497

pgibbs sample time: 8.4e-05 seconds
probability of topic_Staff_94 is 0.0352689

pgibbs sample time: 5.8e-05 seconds
probability of topic_Student_56 is 0.0801102

pgibbs sample time: 5.6e-05 seconds
probability of topic_Department_14 is 0.108893

pgibbs sample time: 7.2e-05 seconds
probability of topic_Person_69 is 0.0858193

pgibbs sample time: 0.000352 seconds
probability of topic_Staff_31 is 0.110603

pgibbs sample time: 0.000242 seconds
probability of topic_Student_17 is 0.134128

pgibbs sample time: 0.000361 seconds
probability of topic_Course_120 is 0.115219

pgibbs sample time: 0.000212 seconds
probability of topic_Department_145 is 0.0931379

pgibbs sample time: 5.8e-05 seconds
probability of topic_ResearchProject_70 is 0.0827269

pgibbs sample time: 0.000461 seconds
probability of topic_Faculty_61 is 0.105002

pgibbs sample time: 0.00037 seconds
probability of topic_Person_35 is 0.291288

pgibbs sample time: 0.000101 seconds
probability of topic_Course_7 is 0.104734

pgibbs sample time: 0.000309 seconds
probability of topic_Course_45 is 0.0921338

pgibbs sample time: 0.000447 seconds
probability of topic_Course_67 is 0.0953916

pgibbs sample time: 0.001197 seconds
probability of topic_Faculty_126 is 0.10185

pgibbs sample time: 7.4e-05 seconds
probability of topic_Department_68 is 0.0790022

pgibbs sample time: 7e-05 seconds
probability of topic_Person_64 is 0.0858528

pgibbs sample time: 0.001595 seconds
probability of topic_Faculty_199 is 0.109303

pgibbs sample time: 7.3e-05 seconds
probability of topic_Student_76 is 0.12253

pgibbs sample time: 7e-05 seconds
probability of topic_Person_79 is 0.132402

pgibbs sample time: 7.3e-05 seconds
probability of topic_Department_88 is 0.138107

pgibbs sample time: 0.001208 seconds
probability of topic_Department_3 is 0.138539

pgibbs sample time: 0.000257 seconds
probability of topic_Staff_35 is 0.112163

pgibbs sample time: 5.9e-05 seconds
probability of topic_Department_82 is 0.0858202

pgibbs sample time: 0.001272 seconds
probability of topic_Staff_102 is 0.138423

pgibbs sample time: 7.2e-05 seconds
probability of topic_Student_79 is 0.0795277

pgibbs sample time: 0.000745 seconds
probability of topic_ResearchProject_156 is 0.0951792

pgibbs sample time: 5.9e-05 seconds
probability of topic_ResearchProject_26 is 0.173515

pgibbs sample time: 0.000256 seconds
probability of topic_Staff_87 is 0.135038

pgibbs sample time: 7.2e-05 seconds
probability of topic_ResearchProject_36 is 0.103392

pgibbs sample time: 5.6e-05 seconds
probability of topic_Course_98 is 0.0708754

pgibbs sample time: 0.000358 seconds
probability of topic_Person_31 is 0.172031

pgibbs sample time: 0.000469 seconds
probability of topic_ResearchProject_57 is 0.124402

pgibbs sample time: 0.001299 seconds
probability of topic_Person_29 is 0.147954

pgibbs sample time: 5.7e-05 seconds
probability of topic_Staff_37 is 0.0948402

pgibbs sample time: 0.000744 seconds
probability of topic_ResearchProject_59 is 0.107561

pgibbs sample time: 0.000331 seconds
probability of topic_ResearchProject_45 is 0.0955718

pgibbs sample time: 0.000101 seconds
probability of topic_Faculty_42 is 0.128503

pgibbs sample time: 0.000302 seconds
probability of topic_Person_110 is 0.118488

pgibbs sample time: 5.8e-05 seconds
probability of topic_Staff_9 is 0.11146

pgibbs sample time: 0.000391 seconds
probability of topic_ResearchProject_111 is 0.124011

pgibbs sample time: 0.00108 seconds
probability of topic_Faculty_118 is 0.13196

pgibbs sample time: 5.9e-05 seconds
probability of topic_Course_89 is 0.124777

pgibbs sample time: 0.001033 seconds
probability of topic_Staff_72 is 0.101589

pgibbs sample time: 0.00045 seconds
probability of topic_Department_136 is 0.113119

pgibbs sample time: 0.001331 seconds
probability of topic_Faculty_28 is 0.123984

pgibbs sample time: 8.4e-05 seconds
probability of topic_Person_7 is 0.122427

pgibbs sample time: 0.00075 seconds
probability of topic_ResearchProject_41 is 0.100124

pgibbs sample time: 0.001517 seconds
probability of topic_ResearchProject_24 is 0.115796

pgibbs sample time: 0.000385 seconds
probability of topic_Faculty_87 is 0.133033

pgibbs sample time: 0.000359 seconds
probability of topic_Course_92 is 0.091353

pgibbs sample time: 5.9e-05 seconds
probability of topic_Student_21 is 0.0997967

pgibbs sample time: 0.000274 seconds
probability of topic_ResearchProject_116 is 0.127783

pgibbs sample time: 5.9e-05 seconds
probability of topic_Department_43 is 0.105792

pgibbs sample time: 0.001196 seconds
probability of topic_Faculty_3 is 0.142246

pgibbs sample time: 0.000459 seconds
probability of topic_Student_11 is 0.137873

pgibbs sample time: 5.8e-05 seconds
probability of topic_Faculty_86 is 0.0895212

pgibbs sample time: 0.000206 seconds
probability of topic_Staff_119 is 0.157601

pgibbs sample time: 5.8e-05 seconds
probability of topic_Department_40 is 0.105436

pgibbs sample time: 0.000312 seconds
probability of topic_Staff_48 is 0.168183

pgibbs sample time: 0.001197 seconds
probability of topic_Faculty_54 is 0.12373

pgibbs sample time: 0.000458 seconds
probability of topic_ResearchProject_134 is 0.11348

pgibbs sample time: 0.001306 seconds
probability of topic_ResearchProject_102 is 0.103897

pgibbs sample time: 8.4e-05 seconds
probability of topic_Staff_25 is 0.0831142

pgibbs sample time: 5.9e-05 seconds
probability of topic_Department_46 is 0.107018

pgibbs sample time: 0.001092 seconds
probability of topic_Department_106 is 0.10965

pgibbs sample time: 8.6e-05 seconds
probability of topic_Staff_7 is 0.119074

pgibbs sample time: 0.000232 seconds
probability of topic_Person_17 is 0.144017

pgibbs sample time: 5.8e-05 seconds
probability of topic_Student_44 is 0.129772

pgibbs sample time: 0.000318 seconds
probability of topic_Course_116 is 0.113999

pgibbs sample time: 5.8e-05 seconds
probability of topic_ResearchProject_27 is 0.100104

pgibbs sample time: 0.000239 seconds
probability of topic_Student_49 is 0.154937

pgibbs sample time: 5.6e-05 seconds
probability of topic_Staff_95 is 0.0987521

pgibbs sample time: 0.001039 seconds
probability of topic_Staff_115 is 0.136112

pgibbs sample time: 5.6e-05 seconds
probability of topic_Course_53 is 0.0872788

pgibbs sample time: 0.000207 seconds
probability of topic_Student_73 is 0.199242

pgibbs sample time: 9.8e-05 seconds
probability of topic_Course_47 is 0.135448

pgibbs sample time: 5.5e-05 seconds
probability of topic_Course_60 is 0.105158

pgibbs sample time: 0.00042 seconds
probability of topic_Department_67 is 0.116271

pgibbs sample time: 5.7e-05 seconds
probability of topic_Course_70 is 0.15042

pgibbs sample time: 5.8e-05 seconds
probability of topic_Faculty_21 is 0.0982928

pgibbs sample time: 0.001522 seconds
probability of topic_ResearchProject_18 is 0.113584

pgibbs sample time: 0.001527 seconds
probability of topic_ResearchProject_157 is 0.134133

pgibbs sample time: 0.000211 seconds
probability of topic_ResearchProject_55 is 0.0797653

pgibbs sample time: 5.8e-05 seconds
probability of topic_Department_70 is 0.146444

pgibbs sample time: 0.00075 seconds
probability of topic_ResearchProject_106 is 0.123762

pgibbs sample time: 5.8e-05 seconds
probability of topic_Faculty_74 is 0.0854832

pgibbs sample time: 5.5e-05 seconds
probability of topic_Person_56 is 0.0663138

pgibbs sample time: 0.00045 seconds
probability of topic_Student_10 is 0.14306

pgibbs sample time: 0.000311 seconds
probability of topic_Course_48 is 0.0977433

pgibbs sample time: 0.001337 seconds
probability of topic_Student_114 is 0.136961

pgibbs sample time: 0.000212 seconds
probability of topic_ResearchProject_119 is 0.13737

pgibbs sample time: 7.1e-05 seconds
probability of topic_Person_88 is 0.291681

pgibbs sample time: 6.9e-05 seconds
probability of topic_Person_23 is 0.041354

pgibbs sample time: 0.000313 seconds
probability of topic_ResearchProject_8 is 0.108169

pgibbs sample time: 0.001642 seconds
probability of topic_Course_2 is 0.146928

pgibbs sample time: 0.000295 seconds
probability of topic_Student_45 is 0.124548

pgibbs sample time: 0.000355 seconds
probability of topic_Person_120 is 0.126724

pgibbs sample time: 0.001619 seconds
probability of topic_Department_133 is 0.122583

pgibbs sample time: 5.6e-05 seconds
probability of topic_Person_76 is 0.113662

pgibbs sample time: 5.5e-05 seconds
probability of topic_Person_46 is 0.108347

pgibbs sample time: 5.5e-05 seconds
probability of topic_Staff_74 is 0.0948402

pgibbs sample time: 6.9e-05 seconds
probability of topic_Faculty_5 is 0.0823515

pgibbs sample time: 7.2e-05 seconds
probability of topic_ResearchProject_14 is 0.077179

pgibbs sample time: 0.000202 seconds
probability of topic_Person_73 is 0.206128

pgibbs sample time: 0.000312 seconds
probability of topic_ResearchProject_110 is 0.112739

pgibbs sample time: 0.001645 seconds
probability of topic_Course_169 is 0.111674

pgibbs sample time: 5.9e-05 seconds
probability of topic_Faculty_40 is 0.0798315

pgibbs sample time: 5.7e-05 seconds
probability of topic_Faculty_90 is 0.137056

pgibbs sample time: 0.000311 seconds
probability of topic_Course_91 is 0.159966

pgibbs sample time: 7.3e-05 seconds
probability of topic_Faculty_64 is 0.0735381

pgibbs sample time: 7.2e-05 seconds
probability of topic_ResearchProject_76 is 0.102424

pgibbs sample time: 7e-05 seconds
probability of topic_Student_97 is 0.178446

pgibbs sample time: 7.1e-05 seconds
probability of topic_Faculty_15 is 0.0999374

pgibbs sample time: 0.0012 seconds
probability of topic_Faculty_114 is 0.0978238

pgibbs sample time: 0.000232 seconds
probability of topic_Person_145 is 0.0982657

pgibbs sample time: 0.000103 seconds
probability of topic_Department_7 is 0.105107

pgibbs sample time: 0.000208 seconds
probability of topic_Course_17 is 0.0930711

pgibbs sample time: 0.00034 seconds
probability of topic_Faculty_31 is 0.111716

pgibbs sample time: 7.1e-05 seconds
probability of topic_Student_69 is 0.115717

pgibbs sample time: 0.000241 seconds
probability of topic_Course_78 is 0.132399

pgibbs sample time: 0.00033 seconds
probability of topic_ResearchProject_120 is 0.109685

pgibbs sample time: 0.001623 seconds
probability of topic_Department_199 is 0.0802115

pgibbs sample time: 8.6e-05 seconds
probability of topic_Student_94 is 0.29667

pgibbs sample time: 0.000197 seconds
probability of topic_Person_45 is 0.119341

pgibbs sample time: 5.5e-05 seconds
probability of topic_Course_46 is 0.0842368

pgibbs sample time: 0.001082 seconds
probability of topic_Faculty_41 is 0.090045

pgibbs sample time: 0.001119 seconds
probability of topic_Staff_106 is 0.21966

pgibbs sample time: 0.000387 seconds
probability of topic_Faculty_58 is 0.146067

pgibbs sample time: 0.001311 seconds
probability of topic_Student_29 is 0.151042

pgibbs sample time: 5.7e-05 seconds
probability of topic_Course_44 is 0.115773

pgibbs sample time: 5.9e-05 seconds
probability of topic_Faculty_71 is 0.123567

pgibbs sample time: 7.2e-05 seconds
probability of topic_Department_63 is 0.0792741

pgibbs sample time: 7.1e-05 seconds
probability of topic_ResearchProject_79 is 0.0893678

pgibbs sample time: 0.000451 seconds
probability of topic_Department_30 is 0.094454

pgibbs sample time: 0.00129 seconds
probability of topic_Staff_59 is 0.114997

pgibbs sample time: 7.4e-05 seconds
probability of topic_Department_15 is 0.075943

pgibbs sample time: 0.001187 seconds
probability of topic_Person_3 is 0.109744

pgibbs sample time: 5.8e-05 seconds
probability of topic_Student_37 is 0.111963

pgibbs sample time: 5.7e-05 seconds
probability of topic_Staff_21 is 0.120497

pgibbs sample time: 5.8e-05 seconds
probability of topic_ResearchProject_39 is 0.138305

pgibbs sample time: 0.00034 seconds
probability of topic_Faculty_120 is 0.120454

pgibbs sample time: 7.1e-05 seconds
probability of topic_Person_68 is 0.0524671

pgibbs sample time: 5.7e-05 seconds
probability of topic_Faculty_75 is 0.112565

pgibbs sample time: 0.000393 seconds
probability of topic_ResearchProject_10 is 0.135389

pgibbs sample time: 0.000203 seconds
probability of topic_Person_78 is 0.0697536

pgibbs sample time: 0.000238 seconds
probability of topic_Department_19 is 0.167968

pgibbs sample time: 5.7e-05 seconds
probability of topic_Course_33 is 0.158232

pgibbs sample time: 0.000751 seconds
probability of topic_ResearchProject_174 is 0.114682

pgibbs sample time: 5.9e-05 seconds
probability of topic_Student_66 is 0.109458

pgibbs sample time: 5.7e-05 seconds
probability of topic_Person_86 is 0.118943

pgibbs sample time: 0.00024 seconds
probability of topic_Course_180 is 0.0871569

pgibbs sample time: 0.000751 seconds
probability of topic_ResearchProject_115 is 0.209268

pgibbs sample time: 0.000355 seconds
probability of topic_Person_58 is 0.111854

pgibbs sample time: 5.7e-05 seconds
probability of topic_Student_9 is 0.101492

pgibbs sample time: 0.000379 seconds
probability of topic_Staff_30 is 0.133579

pgibbs sample time: 0.000212 seconds
probability of topic_Faculty_65 is 0.0891772

pgibbs sample time: 0.001196 seconds
probability of topic_Faculty_156 is 0.119452

pgibbs sample time: 5.8e-05 seconds
probability of topic_ResearchProject_82 is 0.103724

pgibbs sample time: 5.7e-05 seconds
probability of topic_Person_89 is 0.114775

pgibbs sample time: 0.001603 seconds
probability of topic_Person_169 is 0.159232

pgibbs sample time: 7.1e-05 seconds
probability of topic_Person_77 is 0.185975

pgibbs sample time: 5.6e-05 seconds
probability of topic_Person_96 is 0.101016

pgibbs sample time: 0.000269 seconds
probability of topic_Course_110 is 0.099217

pgibbs sample time: 5.9e-05 seconds
probability of topic_Department_21 is 0.105657

pgibbs sample time: 7.1e-05 seconds
probability of topic_Course_97 is 0.140724

pgibbs sample time: 0.001521 seconds
probability of topic_ResearchProject_155 is 0.130852

pgibbs sample time: 0.000265 seconds
probability of topic_Course_8 is 0.113952

pgibbs sample time: 7.2e-05 seconds
probability of topic_Faculty_36 is 0.0862278

pgibbs sample time: 5.7e-05 seconds
probability of topic_Student_40 is 0.109533

pgibbs sample time: 0.001284 seconds
probability of topic_Course_29 is 0.232355

pgibbs sample time: 0.000449 seconds
probability of topic_Student_61 is 0.156872

pgibbs sample time: 9.9e-05 seconds
probability of topic_Faculty_7 is 0.112049

pgibbs sample time: 0.001299 seconds
probability of topic_Person_50 is 0.190734

pgibbs sample time: 7.1e-05 seconds
probability of topic_Course_69 is 0.16344

pgibbs sample time: 0.000332 seconds
probability of topic_Department_91 is 0.133713

pgibbs sample time: 0.000231 seconds
probability of topic_Staff_81 is 0.0995954

pgibbs sample time: 0.000333 seconds
probability of topic_Department_45 is 0.113445

pgibbs sample time: 5.8e-05 seconds
probability of topic_Student_89 is 0.123008

pgibbs sample time: 0.0002 seconds
probability of topic_Staff_17 is 0.150893

pgibbs sample time: 0.000397 seconds
probability of topic_Staff_57 is 0.1079

pgibbs sample time: 0.000457 seconds
probability of topic_Staff_61 is 0.116966

pgibbs sample time: 0.001622 seconds
probability of topic_Department_157 is 0.120294

pgibbs sample time: 5.7e-05 seconds
probability of topic_Staff_1 is 0.0811437

pgibbs sample time: 0.001216 seconds
probability of topic_Department_59 is 0.137864

pgibbs sample time: 0.001345 seconds
probability of topic_Person_54 is 0.117521

pgibbs sample time: 0.000456 seconds
probability of topic_Staff_168 is 0.0972326

pgibbs sample time: 5.8e-05 seconds
probability of topic_Staff_6 is 0.100623

pgibbs sample time: 0.001076 seconds
probability of topic_Student_72 is 0.139928

pgibbs sample time: 0.000268 seconds
probability of topic_Faculty_30 is 0.113633

pgibbs sample time: 5.8e-05 seconds
probability of topic_Student_39 is 0.10325

pgibbs sample time: 5.5e-05 seconds
probability of topic_Faculty_1 is 0.152963

pgibbs sample time: 0.00131 seconds
probability of topic_Student_102 is 0.167264

pgibbs sample time: 0.000783 seconds
probability of topic_Course_174 is 0.125641

pgibbs sample time: 5.7e-05 seconds
probability of topic_Person_75 is 0.107077

pgibbs sample time: 5.8e-05 seconds
probability of topic_ResearchProject_15 is 0.11691

pgibbs sample time: 7.2e-05 seconds
probability of topic_Course_25 is 0.0791551

pgibbs sample time: 9.9e-05 seconds
probability of topic_Person_47 is 0.0323841

pgibbs sample time: 0.001293 seconds
probability of topic_Person_28 is 0.098035

pgibbs sample time: 7.4e-05 seconds
probability of topic_Student_53 is 0.0953338

pgibbs sample time: 0.000202 seconds
probability of topic_Person_180 is 0.131271

pgibbs sample time: 6e-05 seconds
probability of topic_Department_26 is 0.120005

pgibbs sample time: 7e-05 seconds
probability of topic_Staff_5 is 0.124683

pgibbs sample time: 0.000223 seconds
probability of topic_Person_19 is 0.229716

pgibbs sample time: 5.9e-05 seconds
probability of topic_Faculty_99 is 0.103209

pgibbs sample time: 0.000379 seconds
probability of topic_Staff_67 is 0.103886

pgibbs sample time: 5.8e-05 seconds
probability of topic_Student_46 is 0.108926

pgibbs sample time: 5.9e-05 seconds
probability of topic_Student_70 is 0.0876746

pgibbs sample time: 7e-05 seconds
probability of topic_Staff_22 is 0.110544

pgibbs sample time: 6.9e-05 seconds
probability of topic_Staff_76 is 0.0859914

pgibbs sample time: 5.7e-05 seconds
probability of topic_Student_90 is 0.117158

pgibbs sample time: 5.7e-05 seconds
probability of topic_Student_74 is 0.111963

pgibbs sample time: 5.6e-05 seconds
probability of topic_Department_56 is 0.109957

pgibbs sample time: 5.8e-05 seconds
probability of topic_ResearchProject_33 is 0.0996599

pgibbs sample time: 0.000385 seconds
probability of topic_Faculty_111 is 0.132335

pgibbs sample time: 0.000262 seconds
probability of topic_Student_81 is 0.152037

pgibbs sample time: 0.00036 seconds
probability of topic_Course_111 is 0.124296

pgibbs sample time: 0.001304 seconds
probability of topic_Person_102 is 0.155902

pgibbs sample time: 5.6e-05 seconds
probability of topic_Person_9 is 0.0834132

pgibbs sample time: 0.000453 seconds
probability of topic_Person_67 is 0.123597

pgibbs sample time: 0.001604 seconds
probability of topic_Person_133 is 0.125589

pgibbs sample time: 0.001287 seconds
probability of topic_Course_28 is 0.121614

pgibbs sample time: 5.6e-05 seconds
probability of topic_Person_6 is 0.10676

pgibbs sample time: 0.000212 seconds
probability of topic_Faculty_119 is 0.114412

pgibbs sample time: 7.2e-05 seconds
probability of topic_Course_22 is 0.0783993

pgibbs sample time: 0.000237 seconds
probability of topic_ResearchProject_145 is 0.122391

pgibbs sample time: 7.4e-05 seconds
probability of topic_Student_15 is 0.127456

pgibbs sample time: 0.00108 seconds
probability of topic_Student_118 is 0.169327

pgibbs sample time: 0.000225 seconds
probability of topic_Staff_19 is 0.083191

pgibbs sample time: 0.00031 seconds
probability of topic_Staff_91 is 0.107764

pgibbs sample time: 0.000237 seconds
probability of topic_ResearchProject_17 is 0.103569

pgibbs sample time: 5.7e-05 seconds
probability of topic_Person_90 is 0.189912

pgibbs sample time: 0.001296 seconds
probability of topic_Staff_126 is 0.16439

pgibbs sample time: 0.001154 seconds
probability of topic_Staff_156 is 0.146458

pgibbs sample time: 0.001154 seconds
probability of topic_Staff_114 is 0.0910393

pgibbs sample time: 5.8e-05 seconds
probability of topic_Student_60 is 0.117873

pgibbs sample time: 7e-05 seconds
probability of topic_Staff_77 is 0.0810908

pgibbs sample time: 0.001518 seconds
probability of topic_ResearchProject_2 is 0.12513

pgibbs sample time: 5.9e-05 seconds
probability of topic_Faculty_51 is 0.0798315

pgibbs sample time: 5.8e-05 seconds
probability of topic_Faculty_85 is 0.110889

pgibbs sample time: 0.000102 seconds
probability of topic_Department_47 is 0.039609

pgibbs sample time: 5.5e-05 seconds
probability of topic_Staff_62 is 0.111338

pgibbs sample time: 0.000377 seconds
probability of topic_Course_35 is 0.111575

pgibbs sample time: 0.000231 seconds
probability of topic_Staff_20 is 0.0930989

pgibbs sample time: 0.001609 seconds
probability of topic_Person_155 is 0.0826006

pgibbs sample time: 7.3e-05 seconds
probability of topic_Student_36 is 0.0733848

pgibbs sample time: 0.000268 seconds
probability of topic_Faculty_136 is 0.086936

pgibbs sample time: 0.000178 seconds
probability of topic_Faculty_55 is 0.1129

pgibbs sample time: 0.000176 seconds
probability of topic_Faculty_73 is 0.13311

pgibbs sample time: 5.8e-05 seconds
probability of topic_Staff_38 is 0.0873167

pgibbs sample time: 0.000366 seconds
probability of topic_Department_92 is 0.095784

pgibbs sample time: 0.000402 seconds
probability of topic_Faculty_67 is 0.0931237

pgibbs sample time: 5.9e-05 seconds
probability of topic_Department_22 is 0.105436

pgibbs sample time: 0.000462 seconds
probability of topic_Faculty_134 is 0.0951037

pgibbs sample time: 5.7e-05 seconds
probability of topic_Course_37 is 0.0872788

pgibbs sample time: 0.001465 seconds
probability of topic_Staff_24 is 0.12065

pgibbs sample time: 0.000272 seconds
probability of topic_Department_81 is 0.167898

pgibbs sample time: 9.9e-05 seconds
probability of topic_Person_52 is 0.109776

pgibbs sample time: 0.001221 seconds
probability of topic_Department_54 is 0.122995

pgibbs sample time: 0.001222 seconds
probability of topic_Department_114 is 0.0969361

pgibbs sample time: 0.000312 seconds
probability of topic_Staff_45 is 0.0969342

pgibbs sample time: 0.000211 seconds
probability of topic_ResearchProject_187 is 0.0997326

pgibbs sample time: 0.00021 seconds
probability of topic_ResearchProject_13 is 0.132061

pgibbs sample time: 0.000258 seconds
probability of topic_Staff_4 is 0.0993912

pgibbs sample time: 7.1e-05 seconds
probability of topic_Course_76 is 0.0857451

pgibbs sample time: 0.000746 seconds
probability of topic_ResearchProject_126 is 0.146885

pgibbs sample time: 7.1e-05 seconds
probability of topic_Course_15 is 0.0878773

pgibbs sample time: 0.000245 seconds
probability of topic_Faculty_78 is 0.0954438

pgibbs sample time: 5.7e-05 seconds
probability of topic_ResearchProject_71 is 0.108601

pgibbs sample time: 7.3e-05 seconds
probability of topic_Staff_64 is 0.0797388

pgibbs sample time: 0.000103 seconds
probability of topic_ResearchProject_42 is 0.090242

pgibbs sample time: 0.000265 seconds
probability of topic_Person_93 is 0.035844

pgibbs sample time: 5.8e-05 seconds
probability of topic_Staff_66 is 0.0895899

pgibbs sample time: 0.001643 seconds
probability of topic_Course_18 is 0.0741846

pgibbs sample time: 0.000255 seconds
probability of topic_Staff_111 is 0.141323

pgibbs sample time: 8.5e-05 seconds
probability of topic_Faculty_94 is 0.034799

pgibbs sample time: 0.001295 seconds
probability of topic_Staff_54 is 0.12081

pgibbs sample time: 7e-05 seconds
probability of topic_Person_97 is 0.175232

pgibbs sample time: 5.8e-05 seconds
probability of topic_ResearchProject_96 is 0.112931

pgibbs sample time: 5.8e-05 seconds
probability of topic_Department_75 is 0.101285

pgibbs sample time: 5.5e-05 seconds
probability of topic_Faculty_6 is 0.106035

pgibbs sample time: 0.001337 seconds
probability of topic_Faculty_102 is 0.14778

pgibbs sample time: 5.8e-05 seconds
probability of topic_Faculty_76 is 0.0854832

pgibbs sample time: 7.1e-05 seconds
probability of topic_Staff_53 is 0.0926435

pgibbs sample time: 0.000266 seconds
probability of topic_Course_20 is 0.103659

pgibbs sample time: 0.000454 seconds
probability of topic_Student_134 is 0.126014

pgibbs sample time: 5.9e-05 seconds
probability of topic_Faculty_89 is 0.103804

pgibbs sample time: 0.000256 seconds
probability of topic_Person_81 is 0.11793

pgibbs sample time: 5.8e-05 seconds
probability of topic_Department_66 is 0.105425

pgibbs sample time: 5.7e-05 seconds
probability of topic_Course_66 is 0.0853862

pgibbs sample time: 5.7e-05 seconds
probability of topic_Faculty_95 is 0.107831

pgibbs sample time: 0.000259 seconds
probability of topic_Person_20 is 0.113637

pgibbs sample time: 0.000102 seconds
probability of topic_Department_52 is 0.110776

pgibbs sample time: 5.9e-05 seconds
probability of topic_ResearchProject_84 is 0.0796257

pgibbs sample time: 8.5e-05 seconds
probability of topic_ResearchProject_32 is 0.112782

pgibbs sample time: 5.6e-05 seconds
probability of topic_ResearchProject_40 is 0.0913892

pgibbs sample time: 0.000235 seconds
probability of topic_Faculty_17 is 0.155315

pgibbs sample time: 5.9e-05 seconds
probability of topic_Student_22 is 0.174619

pgibbs sample time: 5.6e-05 seconds
probability of topic_Staff_84 is 0.101301

pgibbs sample time: 5.5e-05 seconds
probability of topic_Staff_80 is 0.0948402

pgibbs sample time: 5.8e-05 seconds
probability of topic_Student_38 is 0.0956805

pgibbs sample time: 9.7e-05 seconds
probability of topic_Staff_47 is 0.0604554

pgibbs sample time: 5.6e-05 seconds
probability of topic_Staff_44 is 0.0874999

pgibbs sample time: 0.000237 seconds
probability of topic_ResearchProject_49 is 0.119376

pgibbs sample time: 0.000246 seconds
probability of topic_ResearchProject_78 is 0.12575

pgibbs sample time: 7.2e-05 seconds
probability of topic_Faculty_53 is 0.108402

pgibbs sample time: 5.5e-05 seconds
probability of topic_Staff_86 is 0.0832345

pgibbs sample time: 0.001171 seconds
probability of topic_Department_50 is 0.100546

pgibbs sample time: 0.001171 seconds
probability of topic_Department_102 is 0.0816584

pgibbs sample time: 0.001171 seconds
probability of topic_Department_28 is 0.11638

pgibbs sample time: 5.8e-05 seconds
probability of topic_Course_38 is 0.105285

pgibbs sample time: 5.6e-05 seconds
probability of topic_Person_66 is 0.1089

pgibbs sample time: 5.6e-05 seconds
probability of topic_Course_68 is 0.113941

pgibbs sample time: 0.001647 seconds
probability of topic_Course_12 is 0.129029

pgibbs sample time: 0.001648 seconds
probability of topic_Course_155 is 0.115029

pgibbs sample time: 5.7e-05 seconds
probability of topic_Staff_89 is 0.127889

pgibbs sample time: 0.001646 seconds
probability of topic_Course_133 is 0.122846

pgibbs sample time: 5.8e-05 seconds
probability of topic_Faculty_44 is 0.147875

pgibbs sample time: 5.6e-05 seconds
probability of topic_Course_75 is 0.0834726

pgibbs sample time: 0.001599 seconds
probability of topic_Student_133 is 0.141198

pgibbs sample time: 0.000329 seconds
probability of topic_ResearchProject_31 is 0.085649

pgibbs sample time: 0.000328 seconds
probability of topic_ResearchProject_92 is 0.120738

pgibbs sample time: 0.001216 seconds
probability of topic_Department_126 is 0.114184

pgibbs sample time: 0.000209 seconds
probability of topic_ResearchProject_180 is 0.179067

pgibbs sample time: 0.00027 seconds
probability of topic_Faculty_20 is 0.132973

pgibbs sample time: 0.000368 seconds
probability of topic_Person_10 is 0.129875

pgibbs sample time: 0.000457 seconds
probability of topic_Faculty_57 is 0.117115

pgibbs sample time: 0.000199 seconds
probability of topic_Course_19 is 0.0834186

pgibbs sample time: 0.000199 seconds
probability of topic_Course_49 is 0.0953961

pgibbs sample time: 5.9e-05 seconds
probability of topic_Faculty_16 is 0.122699

pgibbs sample time: 7.2e-05 seconds
probability of topic_Student_63 is 0.0943436

pgibbs sample time: 0.001618 seconds
probability of topic_Department_155 is 0.162381

pgibbs sample time: 7.1e-05 seconds
probability of topic_Course_5 is 0.080082

pgibbs sample time: 0.00024 seconds
probability of topic_Department_49 is 0.11008

pgibbs sample time: 7.1e-05 seconds
probability of topic_Department_36 is 0.0873794

pgibbs sample time: 5.8e-05 seconds
probability of topic_Staff_13 is 0.116535

pgibbs sample time: 5.7e-05 seconds
probability of topic_Person_33 is 0.0684784

pgibbs sample time: 5.7e-05 seconds
probability of topic_ResearchProject_43 is 0.112396

pgibbs sample time: 0.000212 seconds
probability of topic_Student_13 is 0.0573275

pgibbs sample time: 0.000211 seconds
probability of topic_Student_187 is 0.122149

pgibbs sample time: 0.000355 seconds
probability of topic_Person_4 is 0.104607

pgibbs sample time: 0.00161 seconds
probability of topic_Faculty_18 is 0.0943637

pgibbs sample time: 5.9e-05 seconds
probability of topic_Faculty_82 is 0.0833607

pgibbs sample time: 6.9e-05 seconds
probability of topic_Staff_97 is 0.149585

pgibbs sample time: 7.1e-05 seconds
probability of topic_Student_77 is 0.269081

pgibbs sample time: 0.000215 seconds
probability of topic_ResearchProject_73 is 0.114128

pgibbs sample time: 5.7e-05 seconds
probability of topic_Course_95 is 0.118193

pgibbs sample time: 7.2e-05 seconds
probability of topic_ResearchProject_97 is 0.105789

pgibbs sample time: 7e-05 seconds
probability of topic_Department_77 is 0.182096

pgibbs sample time: 0.001096 seconds
probability of topic_Department_174 is 0.37064

pgibbs sample time: 0.000183 seconds
probability of topic_Student_65 is 0.113195

pgibbs sample time: 9.9e-05 seconds
probability of topic_Person_42 is 0.168497

pgibbs sample time: 5.6e-05 seconds
probability of topic_Course_34 is 0.101594

pgibbs sample time: 0.000263 seconds
probability of topic_Course_81 is 0.136955

pgibbs sample time: 0.00046 seconds
probability of topic_ResearchProject_67 is 0.102242

pgibbs sample time: 0.000207 seconds
probability of topic_Student_55 is 0.136984

pgibbs sample time: 5.8e-05 seconds
probability of topic_ResearchProject_90 is 0.1508

pgibbs sample time: 7.1e-05 seconds
probability of topic_Department_79 is 0.145098

pgibbs sample time: 5.7e-05 seconds
probability of topic_Staff_56 is 0.0930899

pgibbs sample time: 5.7e-05 seconds
probability of topic_Staff_39 is 0.096097

pgibbs sample time: 5.8e-05 seconds
probability of topic_Student_82 is 0.123171

pgibbs sample time: 0.000426 seconds
probability of topic_Person_87 is 0.173572

pgibbs sample time: 5.8e-05 seconds
probability of topic_Department_90 is 0.139866

pgibbs sample time: 0.000368 seconds
probability of topic_Student_31 is 0.185226

pgibbs sample time: 5.8e-05 seconds
probability of topic_Faculty_26 is 0.156856

pgibbs sample time: 0.001087 seconds
probability of topic_Faculty_106 is 0.128962

pgibbs sample time: 6e-05 seconds
probability of topic_Student_83 is 0.126211

pgibbs sample time: 5.8e-05 seconds
probability of topic_ResearchProject_89 is 0.109456

pgibbs sample time: 5.8e-05 seconds
probability of topic_ResearchProject_60 is 0.110987

pgibbs sample time: 0.000366 seconds
probability of topic_Department_31 is 0.103668

pgibbs sample time: 5.7e-05 seconds
probability of topic_Person_21 is 0.102547

pgibbs sample time: 5.5e-05 seconds
probability of topic_Course_56 is 0.0891904

pgibbs sample time: 0.000446 seconds
probability of topic_Course_134 is 0.0990147

pgibbs sample time: 5.6e-05 seconds
probability of topic_Course_90 is 0.0820452

pgibbs sample time: 7.4e-05 seconds
probability of topic_Person_14 is 0.0940298

pgibbs sample time: 5.8e-05 seconds
probability of topic_ResearchProject_44 is 0.0700553

pgibbs sample time: 0.000197 seconds
probability of topic_Person_91 is 0.0780417

pgibbs sample time: 0.001096 seconds
probability of topic_Department_118 is 0.116844

pgibbs sample time: 5.8e-05 seconds
probability of topic_ResearchProject_6 is 0.10165

pgibbs sample time: 0.001145 seconds
probability of topic_Course_114 is 0.0904823

pgibbs sample time: 7.4e-05 seconds
probability of topic_Student_23 is 0.0510201

pgibbs sample time: 5.7e-05 seconds
probability of topic_Course_85 is 0.133704

pgibbs sample time: 5.6e-05 seconds
probability of topic_Person_71 is 0.201808

pgibbs sample time: 5.7e-05 seconds
probability of topic_Faculty_66 is 0.079707

pgibbs sample time: 0.001096 seconds
probability of topic_Department_41 is 0.0853584

pgibbs sample time: 0.001096 seconds
probability of topic_Department_72 is 0.0992745

pgibbs sample time: 0.000309 seconds
probability of topic_Department_8 is 0.208003

pgibbs sample time: 0.000308 seconds
probability of topic_Department_110 is 0.0832442

pgibbs sample time: 0.000355 seconds
probability of topic_Person_111 is 0.204253

pgibbs sample time: 0.001143 seconds
probability of topic_Course_59 is 0.195306

pgibbs sample time: 7e-05 seconds
probability of topic_Person_5 is 0.11609

pgibbs sample time: 7e-05 seconds
probability of topic_Course_88 is 0.121482

pgibbs sample time: 0.001142 seconds
probability of topic_Course_126 is 0.114203

pgibbs sample time: 0.000456 seconds
probability of topic_ResearchProject_136 is 0.0969696

pgibbs sample time: 5.8e-05 seconds
probability of topic_Faculty_80 is 0.0854832

pgibbs sample time: 0.001137 seconds
probability of topic_Course_3 is 0.0964819

pgibbs sample time: 0.001142 seconds
probability of topic_Course_156 is 0.123024

pgibbs sample time: 7.1e-05 seconds
probability of topic_Staff_23 is 0.080591

pgibbs sample time: 7.2e-05 seconds
probability of topic_Faculty_77 is 0.0723861

pgibbs sample time: 0.000385 seconds
probability of topic_Student_4 is 0.0850957

pgibbs sample time: 5.6e-05 seconds
probability of topic_Course_26 is 0.141758

pgibbs sample time: 5.6e-05 seconds
probability of topic_Person_26 is 0.11794

pgibbs sample time: 0.000183 seconds
probability of topic_ResearchProject_65 is 0.124084

pgibbs sample time: 0.000355 seconds
probability of topic_Person_92 is 0.102572

pgibbs sample time: 0.000269 seconds
probability of topic_Department_116 is 0.0987621

pgibbs sample time: 0.001644 seconds
probability of topic_Course_199 is 0.109399

pgibbs sample time: 7.3e-05 seconds
probability of topic_Department_51 is 0.0995726

pgibbs sample time: 0.000452 seconds
probability of topic_Person_134 is 0.117959

pgibbs sample time: 5.8e-05 seconds
probability of topic_Person_99 is 0.0813615

pgibbs sample time: 0.000352 seconds
probability of topic_Staff_92 is 0.0952778

pgibbs sample time: 7.6e-05 seconds
probability of topic_Faculty_88 is 0.140824

pgibbs sample time: 5.8e-05 seconds
probability of topic_ResearchProject_85 is 0.118853

pgibbs sample time: 0.000441 seconds
probability of topic_Staff_11 is 0.0942164

pgibbs sample time: 0.000377 seconds
probability of topic_Staff_134 is 0.083835

pgibbs sample time: 5.8e-05 seconds
probability of topic_Faculty_98 is 0.087534

pgibbs sample time: 5.9e-05 seconds
probability of topic_ResearchProject_9 is 0.188793

pgibbs sample time: 5.8e-05 seconds
probability of topic_ResearchProject_16 is 0.109777

pgibbs sample time: 5.7e-05 seconds
probability of topic_Person_43 is 0.108171

pgibbs sample time: 0.001607 seconds
probability of topic_Faculty_155 is 0.208051

pgibbs sample time: 5.8e-05 seconds
probability of topic_Student_95 is 0.119245

pgibbs sample time: 8.9e-05 seconds
probability of topic_Department_25 is 0.0518948

pgibbs sample time: 0.001609 seconds
probability of topic_Faculty_157 is 0.102304

pgibbs sample time: 5.8e-05 seconds
probability of topic_Faculty_60 is 0.0981916

pgibbs sample time: 5.8e-05 seconds
probability of topic_Staff_96 is 0.114578

pgibbs sample time: 0.001609 seconds
probability of topic_Faculty_133 is 0.11628

pgibbs sample time: 5.9e-05 seconds
probability of topic_Department_39 is 0.0873436

pgibbs sample time: 0.001464 seconds
probability of topic_Staff_169 is 0.293569

pgibbs sample time: 0.00021 seconds
probability of topic_Course_119 is 0.113431

pgibbs sample time: 0.001468 seconds
probability of topic_Staff_18 is 0.0765181

pgibbs sample time: 0.000205 seconds
probability of topic_Person_187 is 0.10862

pgibbs sample time: 5.8e-05 seconds
probability of topic_Student_98 is 0.180909

pgibbs sample time: 0.001596 seconds
probability of topic_Student_24 is 0.154184

pgibbs sample time: 7.3e-05 seconds
probability of topic_ResearchProject_77 is 0.136578

pgibbs sample time: 5.7e-05 seconds
probability of topic_Person_27 is 0.11684

pgibbs sample time: 5.7e-05 seconds
probability of topic_ResearchProject_62 is 0.174317

pgibbs sample time: 0.000294 seconds
probability of topic_Staff_8 is 0.161612

pgibbs sample time: 7.2e-05 seconds
probability of topic_Student_14 is 0.100423

pgibbs sample time: 6.9e-05 seconds
probability of topic_Staff_51 is 0.0775693

pgibbs sample time: 0.000292 seconds
probability of topic_Staff_110 is 0.0826861

pgibbs sample time: 5.7e-05 seconds
probability of topic_Course_77 is 0.0597345

pgibbs sample time: 0.000269 seconds
probability of topic_Department_93 is 0.101962

pgibbs sample time: 0.000212 seconds
probability of topic_Department_13 is 0.16134

pgibbs sample time: 5.8e-05 seconds
probability of topic_Staff_46 is 0.0866285

pgibbs sample time: 5.8e-05 seconds
probability of topic_Student_75 is 0.10162

pgibbs sample time: 0.000107 seconds
probability of topic_ResearchProject_7 is 0.10095

pgibbs sample time: 5.7e-05 seconds
probability of topic_ResearchProject_37 is 0.0931433

pgibbs sample time: 0.000335 seconds
probability of topic_ResearchProject_91 is 0.155349

pgibbs sample time: 5.8e-05 seconds
probability of topic_Department_9 is 0.113727

pgibbs sample time: 5.6e-05 seconds
probability of topic_Course_86 is 0.0827452

pgibbs sample time: 5.5e-05 seconds
probability of topic_Person_60 is 0.10465

pgibbs sample time: 0.001594 seconds
probability of topic_Student_2 is 0.106448

pgibbs sample time: 0.000454 seconds
probability of topic_Student_30 is 0.0956144

pgibbs sample time: 0.001598 seconds
probability of topic_Student_199 is 0.179513

pgibbs sample time: 0.000446 seconds
probability of topic_Course_11 is 0.124098

pgibbs sample time: 0.000303 seconds
probability of topic_Student_110 is 0.126105

pgibbs sample time: 0.001599 seconds
probability of topic_Student_18 is 0.105143

pgibbs sample time: 0.000187 seconds
probability of topic_Student_119 is 0.106801

pgibbs sample time: 0.000211 seconds
probability of topic_Faculty_13 is 0.144979

pgibbs sample time: 0.000211 seconds
probability of topic_Faculty_187 is 0.159248

pgibbs sample time: 0.000407 seconds
probability of topic_Person_168 is 0.117477

pgibbs sample time: 6.2e-05 seconds
probability of topic_Staff_85 is 0.0851116

pgibbs sample time: 0.000358 seconds
probability of topic_Course_4 is 0.145577

pgibbs sample time: 0.000419 seconds
probability of topic_Student_92 is 0.118261

pgibbs sample time: 0.00036 seconds
probability of topic_Course_58 is 0.129612

pgibbs sample time: 0.000364 seconds
probability of topic_Student_120 is 0.135031

pgibbs sample time: 5.8e-05 seconds
probability of topic_Faculty_56 is 0.0960443

pgibbs sample time: 0.000273 seconds
probability of topic_Faculty_93 is 0.0920432

pgibbs sample time: 8.7e-05 seconds
probability of topic_Department_32 is 0.0822674

pgibbs sample time: 6.2e-05 seconds
probability of topic_Faculty_43 is 0.1354

pgibbs sample time: 7e-05 seconds
probability of topic_Department_97 is 0.227962

pgibbs sample time: 5.8e-05 seconds
probability of topic_Student_99 is 0.10325

pgibbs sample time: 0.000746 seconds
probability of topic_ResearchProject_3 is 0.111699

pgibbs sample time: 5.7e-05 seconds
probability of topic_Staff_88 is 0.186528

pgibbs sample time: 5.8e-05 seconds
probability of topic_Student_80 is 0.111963

pgibbs sample time: 8.3e-05 seconds
probability of topic_Person_94 is 0.131833

pgibbs sample time: 5.7e-05 seconds
probability of topic_Student_71 is 0.159663

pgibbs sample time: 0.001604 seconds
probability of topic_Student_155 is 0.0377799

pgibbs sample time: 0.001608 seconds
probability of topic_Student_157 is 0.144553

pgibbs sample time: 5.8e-05 seconds
probability of topic_Department_6 is 0.092868

pgibbs sample time: 5.7e-05 seconds
probability of topic_Department_62 is 0.18052

pgibbs sample time: 5.6e-05 seconds
probability of topic_Person_62 is 0.243469

pgibbs sample time: 0.0001 seconds
probability of topic_Faculty_47 is 0.136514

pgibbs sample time: 5.5e-05 seconds
probability of topic_Person_74 is 0.113662

pgibbs sample time: 0.001611 seconds
probability of topic_Person_24 is 0.127108

pgibbs sample time: 0.000102 seconds
probability of topic_Student_7 is 0.154619

pgibbs sample time: 5.7e-05 seconds
probability of topic_Person_85 is 0.0933286

pgibbs sample time: 0.000304 seconds
probability of topic_Person_8 is 0.125923

pgibbs sample time: 5.9e-05 seconds
probability of topic_Student_26 is 0.0839271

pgibbs sample time: 0.000449 seconds
probability of topic_Student_57 is 0.126717

pgibbs sample time: 0.000449 seconds
probability of topic_Student_168 is 0.117854

pgibbs sample time: 5.6e-05 seconds
probability of topic_Course_99 is 0.167675

pgibbs sample time: 0.000237 seconds
probability of topic_ResearchProject_19 is 0.132914

pgibbs sample time: 0.001346 seconds
probability of topic_Student_59 is 0.174094

pgibbs sample time: 0.001346 seconds
probability of topic_Student_126 is 0.199382

pgibbs sample time: 8.7e-05 seconds
probability of topic_ResearchProject_47 is 0.104219

pgibbs sample time: 7.1e-05 seconds
probability of topic_Course_23 is 0.232371

pgibbs sample time: 5.4e-05 seconds
probability of topic_Person_37 is 0.113662

pgibbs sample time: 0.000201 seconds
probability of topic_Staff_145 is 0.108891

pgibbs sample time: 0.000395 seconds
probability of topic_Department_58 is 0.098252

pgibbs sample time: 7.3e-05 seconds
probability of topic_Faculty_68 is 0.0642363

pgibbs sample time: 0.000752 seconds
probability of topic_Person_106 is 0.195695

pgibbs sample time: 5.8e-05 seconds
probability of topic_Department_83 is 0.100008

pgibbs sample time: 5.8e-05 seconds
probability of topic_ResearchProject_23 is 0.0931433

pgibbs sample time: 5.7e-05 seconds
probability of topic_Department_95 is 0.117157

pgibbs sample time: 0.000302 seconds
probability of topic_Student_8 is 0.134159

pgibbs sample time: 5.6e-05 seconds
probability of topic_Person_80 is 0.113662

pgibbs sample time: 0.000457 seconds
probability of topic_ResearchProject_125 is 0.115072

pgibbs sample time: 0.000212 seconds
probability of topic_Department_187 is 0.119863

pgibbs sample time: 5.8e-05 seconds
probability of topic_Course_82 is 0.0802121

pgibbs sample time: 0.001626 seconds
probability of topic_Department_18 is 0.0819463

pgibbs sample time: 0.000241 seconds
probability of topic_Department_78 is 0.102257

pgibbs sample time: 5.9e-05 seconds
probability of topic_ResearchProject_95 is 0.10342

pgibbs sample time: 0.000101 seconds
probability of topic_Student_47 is 0.0398588

pgibbs sample time: 5.8e-05 seconds
probability of topic_Department_98 is 0.0616931

pgibbs sample time: 5.8e-05 seconds
probability of topic_Student_84 is 0.092035

pgibbs sample time: 5.6e-05 seconds
probability of topic_Department_96 is 0.0967174

pgibbs sample time: 0.000751 seconds
probability of topic_Person_118 is 0.175633

pgibbs sample time: 7e-05 seconds
probability of topic_Student_5 is 0.122128

pgibbs sample time: 0.00134 seconds
probability of topic_Person_59 is 0.143919

pgibbs sample time: 0.000207 seconds
probability of topic_Person_119 is 0.113506

pgibbs sample time: 0.000209 seconds
probability of topic_Course_65 is 0.106912

