observed tuples: r3380 r465 r4745 r4908 r511 r3157 r1907 r258 r1135 r3362 r2465 r2222 r3656 r4130 r1262 r2992 r50 r4296 r3982 r3392 r3653 r4427 r3347 r1403 r3900 r2396 r1987 r2874 r3078 r576 r2805 r4775 r3052 r1660 r4001 r4739 r3589 r3519 r2765 r3192 r4920 r3092 r2525 r3366 r1575 r3313 r260 r1256 r2492 r810 r4208 r2354 r1063 r3348 r543 r1004 r2741 r3315 r4444 r3898 r1976 r3923 r3879 r4108 r2115 r549 r3361 r3673 r3224 r3472 r4243 r2042 r1491 r294 r1812 r3400 r734 r559 r3319 r3710 r1931 r2612 r2230 r3435 r4396 r2586 r2618 r4571 r1389 r2127 r4367 r2161 r4755 r3927 r1524 r4101 r232 r1609 r4224 r3783 r4234 r2472 r78 r620 r929 r3857 r3998 r3574 r1873 r263 r4609 r3866 r299 r1823 r3437 r3535 r2952 r3711 r4688 r3247 r2431 r1189 r2049 r2763 r1103 r1452 r1428 r3184 r3167 r980 r4146 r2697 r3819 r2376 r1490 r1916 r3388 r1462 r4612 r4082 r4768 r2143 r127 r1897 r2125 r2875 r4891 r721 r651 r4838 r3418 r3793 r4503 r4273 r23 r4632 r4629 r4425 r3038 r2804 r1985 r4894 r2831 r4565 r155 r1104 r4743 r702 r2947 r4237 r1320 r2644 r2436 r1788 r4871 r1787 r3425 r798 r3475 r2382 r2746 r558 r2274 r3559 r3013 r1726 r423 r1471 r3246 r1832 r4067 r3474 r2795 r3786 r1070 r2173 r2014 r3344 r1353 r304 r859 r3386 r3800 r1634 r2660 r1782 r3720 r3363 r3893 r1984 r3831 r3810 r4334 r2769 r3042 r4666 r897 r3745 r1558 r3308 r2245 r60 r2636 r165 r4030 r2006 r126 r46 r999 r4744 r1380 r3961 r3222 r3420 r3986 r3268 r1479 r3799 r861 r3196 r2265 r2781 r359 r2794 r2847 r4150 r2394 r1469 r1709 r2876 r2011 r3611 r593 r3641 r4848 r1772 r2835 r4222 r2390 r2153 r2264 r1838 r1626 r677 r374 r1994 r2483 r919 r2509 r3787 r1083 r3068 r1180 r4712 r248 r2756 r1149 r4156 r297 r561 r2543 r3083 r3160 r4329 r2039 r3621 r2873 r3695 r568 r4676 r378 r2981 r146 r4353 r1669 r3735 r4317 r4771 r143 r724 r3662 hasword_paper_26 r4211 r591 r4749 r986 r2355 r2604 r3914 r2255 r2720 r2884 r339 r400 r3410 r2471 r427 r1284 hasword_univers_12 r3239 links_155_133 r1805 r1774 hasword_includ_155 hasword_case_155 r347 hasword_email_157 hasword_address_157 r2414 r728 r3975 r180 r4393 r3708 r941 r4205 r4929 r3661 r1113 r3070 r1764 r1430 r3636 r162 r2825 r3565 r584 r1217 links_81_20 r2320 hasword_complex_20 r2343 r3856 hasword_press_20 r3031 r666 r2429 r218 r3931 r2461 r2229 r2680 r1545 r1019 r2138 links_155_169 r1506 r1887 r485 r224 r1431 r3234 r3462 r3508 r2269 r3864 r2701 r2623 r484 r2678 r2527 r4568 r3084 r341 r1955 r3176 r1910 r2389 r2215 r4483 r4445 r4071 r1811 r2647 r2177 r1339 r3021 r659 r4906 r1530 r3828 links_19_49 hasword_html_19 r4912 r3278 r1155 r1147 r4852 r4923 r628 r4604 r650 r1269 r1550 r1305 r4865 r2099 r4163 r2067 r3548 r4332 r1675 r354 r2367 r1157 r3539 r1390 hasword_oct_11 r982 r4000 r967 r2967 r3394 r914 r4365 r2791 r717 r4066 r2841 r1570 r950 r544 r3566 r3168 r2865 r4165 r2673 r1900 r3152 r2642 r4070 r136 r1299 r2950 r2458 r2667 r4438 r4144 r3492 r2349 r3547 r4863 r404 r1258 r4635 hasword_real_31 hasword_write_31 r3040 r3205 r1057 r2616 r3794 r4120 hasword_colleg_38 r3704 r1003 r893 r3252 hasword_mechan_23 r305 r799 r750 hasword_creat_96 hasword_show_200 links_4_111 r3784 r2516 r536 links_186_327 hasword_algorithm_186 links_50_146 links_55_73 r1979 r123 r754 r2818 r784 hasword_principl_83 r3583 r3431 r1768 hasword_mime_86 hasword_task_47 r227 hasword_base_47 r2321 r1098 hasword_intellig_47 r3017 r2796 links_42_186 r1642 hasword_modifi_110 r3345 r4842 hasword_environ_53 hasword_date_53 r4718 r4487 links_31_92 hasword_written_353 hasword_ta_24 r4726 r3130 hasword_unit_57 r1133 r411 hasword_tuesdai_65 r2799 hasword_numer_119 r737 r858 r2449 r2973 r1829 links_48_180 r3 hasword_base_94 links_126_59 r2333 links_57_272 r1360 links_57_61 r1893 hasword_john_116 r3253 r302 r4972 hasword_unit_7 r520 r644 r3237 r161 hasword_show_77 r1898 r1695 r518 links_13_187 hasword_student_94 r2913 hasword_univers_187 hasword_student_134 r836 hasword_logic_187 r942 r3440 r230 hasword_window_99 r272 hasword_phone_78 r840 r3426 r1001 hasword_network_73 r3757 r2927 hasword_pointer_85 r1385 hasword_bound_52 r809 r2549 hasword_common_52 hasword_parallel_72 r2859 links_164_209 hasword_faculti_33 r3562 r2118 hasword_made_90 r4706 r4854 r823 r4770 hasword_paul_61 r930 hasword_text_21 r3256 hasword_univers_88 r2714 r3221 r3546 hasword_propos_32 hasword_utexa_110 r4231 r4648 links_130_110 r1719 r3769 r4129 r3044 r4258 r1638 r2857 r4428 r2862 hasword_postscript_17 r3016 r3969 r1833 r4845 r797 r1753 links_41_106 r2588 links_12_155 r2111 r1195 r3816 r424 r1377 r1520 hasword_architectur_118 r2949 hasword_set_42 r356 r818 links_209_33 hasword_modifi_25 links_29_28 r2043 r300 r7 r3853 r2448 links_29_102 r2050 links_50_28 hasword_gmt_5 r3377 links_50_29 r3978 r273 r1906 r212 r1494 r4654 hasword_robot_1 r121 hasword_provid_28 r681 hasword_modifi_134 r790 r192 links_134_11 r2060 r2640 r142 hasword_area_17 r2358 r1828 r3749 r3290 r450 r3534 r3312 r1006 r829 r2276 hasword_www_180 hasword_system_29 r1944 r351 r9 r842 r2668 r353 r2830 r4075 r2597 hasword_contact_272 r961 r2733 r3947 r4458 r4177 r4180 r282 r4817 r2591 hasword_resourc_78 r2706 r3894 r2029 links_59_217 r2999 hasword_class_59 r1025 r3303 r381 r2316 r4531 hasword_lab_111 r3423 r4195 r615 hasword_wide_37 links_28_102 hasword_develop_10 hasword_space_25 r478 r3236 r4225 hasword_jan_8 r2114 hasword_confer_9 hasword_graduat_4 links_11_67 r3887 r4512 r2198 r2736 hasword_form_77 r4484 hasword_jan_42 r62 hasword_intern_47 hasword_de_4 r4619 r4465 hasword_nov_62 r1332 r4680 r489 r1465 r3806 r256 hasword_autom_105 r2279 r4174 r4875 hasword_put_77 hasword_respons_200 hasword_type_129 r4527 hasword_mail_209 r1132 hasword_support_111 r1270 r29 links_93_116 r3729 r4045 hasword_cern_111 r3873 r990 r3836 r3518 hasword_utexa_47 r3191 r337 hasword_depart_146 r1807 r4806 r775 r4970 r238 r672 hasword_mondai_18 hasword_queri_76 hasword_comput_129 hasword_gmt_76 r3393 hasword_nation_55 links_33_209 hasword_discuss_288 r2384 hasword_develop_174 r3592 links_8_110 links_116_93 r1856 r3807 links_87_35 r1164 hasword_train_180 links_136_30 r3707 r4658 r1953 r4413 r722 r4837 hasword_type_168 r476 hasword_onlin_88 hasword_page_97 r1342 r3019 r4019 r2893 r4077 hasword_contact_17 r4656 r1287 r2093 hasword_jan_5 r2345 r440 r1254 hasword_file_56 r2727 hasword_transfer_12 hasword_prototyp_7 r342 links_87_10 r4637 hasword_area_28 links_129_87 r4967 hasword_mime_244 r1043 hasword_librari_3 r1282 r1969 r1554 r3524 r843 r33 r3516 links_90_200 r3397 r847 r2722 r4111 hasword_logic_7 hasword_nov_19 links_31_120 hasword_austin_129 r3271 hasword_jan_79 r1012 r2921 links_125_136 hasword_current_35 r991 r2456 hasword_april_4 hasword_member_164 hasword_dynam_27 r3563 r4173 hasword_engin_87 r3844 r1386 r1093 r214 r2084 r3834 hasword_richard_7 r75 r3818 r3141 hasword_date_74 r4987 r1543 r3342 r4665 r609 r3690 r1075 hasword_number_30 r4938 hasword_utexa_130 links_111_58 r1439 r1566 hasword_approxim_7 r4140 r2628 hasword_univers_69 links_168_57 hasword_content_40 hasword_type_136 r4563 hasword_india_68 r187 r3428 hasword_group_115 hasword_wide_50 r3201 hasword_train_7 links_110_130 r4459 hasword_induct_7 r3934 hasword_time_72 r1487 r3384 hasword_definit_21 r2444 r210 hasword_nov_77 links_186_105 links_126_3 r2908 r455 hasword_algorithm_84 r978 r2352 hasword_paramet_20 hasword_austin_32 links_209_164 r912 r4126 r3188 links_78_258 hasword_test_125 hasword_constraint_76 r3422 hasword_lab_89 r794 r1261 r2698 hasword_experi_92 r1700 r3718 hasword_deriv_65 r960 hasword_jan_32 hasword_jan_27 hasword_check_111 r4600 hasword_faq_55 r1961 r2467 r1450 links_29_50 r4533 hasword_wait_52 r4873 hasword_cern_15 r3719 r4948 hasword_wide_35 r495 r1285 r298 r2020 r889 r3907 hasword_build_58 hasword_small_126 r2705 hasword_univers_327 r2168 hasword_hall_102 r4628 r2774 r1470 hasword_score_3 r3901 r2823 r70 r2575 r2581 r4494 r4312 r2088 r24 hasword_implement_126 hasword_parallel_231 r4490 r2486 r1475 hasword_event_35 r1073 r1921 r3007 hasword_gmt_50 hasword_texa_6 r2405 r1435 hasword_manag_25 r4732 r1688 r4954 r4603 r1364 r4405 r2803 links_102_50 r2896 links_30_136 r1775 r1193 r3185 links_17_244 hasword_html_46 r4324 r769 r1674 links_136_125 hasword_investig_106 r1366 r946 hasword_music_52 hasword_begin_102 r1498 r4434 r2417 r4820 r4857 hasword_includ_13 r2066 hasword_length_258 r2610 hasword_educ_95 hasword_plan_2 r4683 r4740 r1940 r831 r1099 r3169 rl r3813 r2864 r1236 hasword_storag_3 r4610 hasword_direct_63 r2520 r1304 hasword_engin_42 r4960 r603 hasword_line_4 r4196 hasword_add_14 links_2_199 hasword_program_105 r4735 r2559 r2712 hasword_ed_42 r1989 r419 r2253 r4939 r2452 r1880 r2267 hasword_docum_79 r51 hasword_complet_32 r1202 links_57_168 r1560 r2528 r4159 r325 r2554 links_50_102 r219 r4816 r205 r2842 links_126_54 r621 r4366 r1176 hasword_mondai_68 r3902 r4123 r1179 hasword_utexa_146 hasword_program_70 r2112 hasword_gmt_67 r2629 r741 r3338 r2070 r4835 r4488 r1703 r4033 r469 r3918 r2102 r872 r3966 links_59_126 links_110_8 links_156_126 hasword_left_75 r1325 links_54_114 r4922 hasword_content_36 r565 hasword_announc_217 links_155_157 r2589 r1031 r4062 r4139 r3335 r3954 hasword_proceed_95 hasword_implem_156 r4117 hasword_open_111 links_172_209 r2984 r4323 r4021 hasword_ed_129 r4 hasword_document_92 r4995 hasword_server_64 r876 hasword_dynam_3 r2671 links_41_118 r4431 links_3_156 r2521 r1934 hasword_orient_126 r834 r4807 hasword_larg_126 r2752 r3622 r854 r510 hasword_collect_52 r147 r2517 links_126_156 hasword_institut_169 r1295 r4841 r3330 r4589 r4692 r4118 links_212_180 r955 hasword_lab_199 r1427 r2821 links_199_18 links_65_119 links_199_212 r4943 r349 r1445 hasword_work_71 r2242 r3576 hasword_size_200 r3137 r4213 r1913 links_2_169 r1526 r3510 links_129_244 hasword_version_296 r4750 hasword_order_47 r2266 r1243 r206 hasword_string_42 links_78_180 r1211 r4181 hasword_point_155 hasword_effici_42 r4651 links_209_36 r2083 r2100 hasword_great_63 r4573 r1914 r2630 hasword_window_39 hasword_chapter_60 r231 r181 r1229 r392 r1116 r1891 r1525 r4924 r1078 r4216 r1810 r900 hasword_mondai_85 hasword_ftp_174 r1089 hasword_server_66 r1277 r966 links_106_41 r2085 r3748 r1437 hasword_resourc_2 r3935 hasword_html_118 hasword_june_118 r2235 r303 r1707 hasword_process_36 hasword_version_41 r3655 hasword_major_41 links_41_174 links_41_72 r4089 r2478 r2734 hasword_austin_69 r144 hasword_aug_98 r1333 hasword_architectur_7 r2840 r4286 hasword_dec_212 r2561 r4584 r3601 hasword_html_92 r4966 hasword_date_172 hasword_univers_146 r2565 r3050 r3501 hasword_sequenc_43 r3979 r408 r4232 r3478 r2233 r3365 hasword_gmt_37 r4855 r3081 r2337 r4104 r56 r3736 r2608 r4777 hasword_mime_114 r1370 hasword_ph_34 r4558 r1237 r1409 r388 hasword_tx_133 r3632 r3076 links_133_24 r913 r631 links_24_133 r3186 links_91_45 r2780 r3067 links_209_172 hasword_text_22 r4209 r1276 hasword_machin_22 r1376 r3725 r4092 r1334 r10 hasword_utexa_54 r2263 hasword_jan_97 r1546 r4358 r3536 r3950 r4535 r3416 hasword_move_48 hasword_text_45 r2534 r4509 hasword_materi_23 links_244_288 links_45_48 hasword_consist_49 r3590 r3244 links_155_199 r3409 r3082 r4304 r2814 r962 links_28_50 r2719 r1032 r3433 hasword_suggest_91 hasword_texa_91 links_91_180 r4093 r3468 r795 hasword_version_18 hasword_artifici_145 r2415 links_145_244 r4782 hasword_position_17 links_17_145 r837 r1748 r261 r2018 r2888 r3512 links_25_231 r4392 links_41_115 r4953 r2710 r1809 r4107 r2533 r1028 r3768 hasword_room_30 r4653 r760 r3202 r1871 r2844 r896 r1580 r4473 r4824 r2580 r3343 r2176 r4452 r4194 r2395 r2750 hasword_oct_44 r2726 r309 hasword_fridai_39 r1895 r3724 links_89_180 r4149 r4463 r1227 r1615 r1468 r4993 r3415 r4022 links_13_296 r2170 r2889 r2055 hasword_provid_200 r882 r74 r22 r1321 r4616 r606 r2096 r3465 r2854 r1410 hasword_wa_15 hasword_text_51 r642 hasword_sourc_64 r3383 r4341 r3360 r2117 r176 r3276 r3298 r3905 r1737 r4572 hasword_past_32 hasword_limit_32 r4730 r4492 r2816 hasword_equal_52 r2767 hasword_count_52 r2757 hasword_version_82 r3692 r4996 r4290 r2815 r2428 r1860 hasword_process_63 r1424 r2211 r1441 r3520 r4227 r1124 hasword_form_94 r917 r1937 r2909 r3600 links_78_353 r4731 r3025 r3144 hasword_dynam_47 r4031 r4879 r201 r1017 r246 hasword_effici_51 r3183 r1489 r3255 hasword_maintain_69 hasword_solution_14 r4371 r4257 r2829 r1246 r3194 r55 r1266 r2241 r4645 hasword_dynam_11 r1718 r4300 r4606 links_10_129 r1354 r993 r69 r3897 r4076 r2624 r4065 r1225 r3875 r105 r1601 hasword_elem_18 r2785 r3195 hasword_base_1 r2611 links_11_134 r3069 r710 r4976 r573 r3558 r4081 r2826 r2446 r3088 r3664 r2964 hasword_instruct_81 r4560 r358 r4372 hasword_server_136 r1557 r1184 r3555 r1996 r2236 r2347 r2942 r1763 r1678 r4379 r4843 r2880 r4307 r2303 r1603 hasword_html_94 hasword_jan_120 hasword_mon_94 r3785 r1136 r1574 r2792 r1696 r3689 r346 r3451 hasword_articl_25 r1357 r1319 r4074 r1024 r1911 r2885 r4800 r2270 hasword_author_93 r2812 hasword_techniqu_89 r3882 r2000 r365 hasword_chang_63 r4542 r39 r4642 r845 r3014 r1061 r3728 r2926 r753 r413 r4919 r3405 r1622 r3628 r1402 hasword_date_80 r4678 hasword_manag_16 hasword_date_23 
size of observed tuples: 1574
size of unobserved tuples: 976

pgibbs sample time: 0.003196 seconds
probability of topic_Faculty_91 is 0.0937303

pgibbs sample time: 0.001188 seconds
probability of topic_Student_174 is 0.126785

pgibbs sample time: 0.001179 seconds
probability of topic_Student_115 is 0.102888

pgibbs sample time: 0.001181 seconds
probability of topic_Student_41 is 0.0856485

pgibbs sample time: 8.7e-05 seconds
probability of topic_Faculty_23 is 0.0863419

pgibbs sample time: 5.6e-05 seconds
probability of topic_Faculty_34 is 0.105926

pgibbs sample time: 5.7e-05 seconds
probability of topic_Department_74 is 0.106577

pgibbs sample time: 0.003107 seconds
probability of topic_Staff_155 is 0.115646

pgibbs sample time: 6.2e-05 seconds
probability of topic_Student_16 is 0.0844266

pgibbs sample time: 5.7e-05 seconds
probability of topic_Department_71 is 0.0982748

pgibbs sample time: 5.7e-05 seconds
probability of topic_Faculty_84 is 0.132199

pgibbs sample time: 0.000231 seconds
probability of topic_Course_119 is 0.11313

pgibbs sample time: 5.6e-05 seconds
probability of topic_ResearchProject_43 is 0.112396

pgibbs sample time: 0.001543 seconds
probability of topic_Staff_145 is 0.107425

pgibbs sample time: 0.000565 seconds
probability of topic_Faculty_105 is 0.0880963

pgibbs sample time: 0.000653 seconds
probability of topic_Faculty_327 is 0.16027

pgibbs sample time: 0.000653 seconds
probability of topic_Faculty_186 is 0.140456

pgibbs sample time: 0.000175 seconds
probability of topic_Staff_13 is 0.115528

pgibbs sample time: 5.8e-05 seconds
probability of topic_Course_82 is 0.0802121

pgibbs sample time: 0.000358 seconds
probability of topic_Department_187 is 0.178989

pgibbs sample time: 0.000405 seconds
probability of topic_Department_296 is 0.0934801

pgibbs sample time: 0.000412 seconds
probability of topic_Department_13 is 0.159048

pgibbs sample time: 0.000578 seconds
probability of topic_ResearchProject_136 is 0.083859

pgibbs sample time: 5.7e-05 seconds
probability of topic_Course_66 is 0.0853862

pgibbs sample time: 0.001225 seconds
probability of topic_Person_106 is 0.195729

pgibbs sample time: 0.001123 seconds
probability of topic_Person_41 is 0.0877525

pgibbs sample time: 0.000111 seconds
probability of topic_Person_52 is 0.121594

pgibbs sample time: 0.000258 seconds
probability of topic_Faculty_200 is 0.143158

pgibbs sample time: 0.000259 seconds
probability of topic_Faculty_90 is 0.135176

pgibbs sample time: 0.000115 seconds
probability of topic_ResearchProject_47 is 0.113737

pgibbs sample time: 0.003191 seconds
probability of topic_Staff_133 is 0.134385

pgibbs sample time: 0.003248 seconds
probability of topic_Staff_24 is 0.118937

pgibbs sample time: 0.000582 seconds
probability of topic_Student_168 is 0.117884

pgibbs sample time: 0.00058 seconds
probability of topic_Student_272 is 0.106579

pgibbs sample time: 0.000655 seconds
probability of topic_Student_57 is 0.125405

pgibbs sample time: 5.8e-05 seconds
probability of topic_Student_26 is 0.0839271

pgibbs sample time: 0.003181 seconds
probability of topic_Person_353 is 0.202087

pgibbs sample time: 0.003365 seconds
probability of topic_Person_78 is 0.105419

pgibbs sample time: 0.000112 seconds
probability of topic_Department_94 is 0.169868

pgibbs sample time: 0.000566 seconds
probability of topic_Faculty_42 is 0.123528

pgibbs sample time: 0.000538 seconds
probability of topic_Person_110 is 0.122606

pgibbs sample time: 0.000541 seconds
probability of topic_Person_8 is 0.125822

pgibbs sample time: 5.7e-05 seconds
probability of topic_Department_96 is 0.0967174

pgibbs sample time: 5.8e-05 seconds
probability of topic_Student_84 is 0.092035

pgibbs sample time: 7.1e-05 seconds
probability of topic_Faculty_79 is 0.111487

pgibbs sample time: 5.7e-05 seconds
probability of topic_Course_60 is 0.105158

pgibbs sample time: 5.5e-05 seconds
probability of topic_Person_74 is 0.113662

pgibbs sample time: 0.000142 seconds
probability of topic_Faculty_47 is 0.15414

pgibbs sample time: 5.6e-05 seconds
probability of topic_Student_6 is 0.126224

pgibbs sample time: 7e-05 seconds
probability of topic_Department_85 is 0.0777395

pgibbs sample time: 0.003337 seconds
probability of topic_Student_157 is 0.107955

pgibbs sample time: 0.003351 seconds
probability of topic_Student_155 is 0.0375817

pgibbs sample time: 0.003346 seconds
probability of topic_Student_12 is 0.161955

pgibbs sample time: 5.9e-05 seconds
probability of topic_Department_22 is 0.105436

pgibbs sample time: 5.7e-05 seconds
probability of topic_Department_66 is 0.105425

pgibbs sample time: 6.3e-05 seconds
probability of topic_Staff_38 is 0.0873167

pgibbs sample time: 5.6e-05 seconds
probability of topic_Student_71 is 0.159663

pgibbs sample time: 0.00335 seconds
probability of topic_ResearchProject_89 is 0.0691406

pgibbs sample time: 5.8e-05 seconds
probability of topic_Student_43 is 0.104502

pgibbs sample time: 5.7e-05 seconds
probability of topic_Staff_26 is 0.126833

pgibbs sample time: 0.00023 seconds
probability of topic_Faculty_19 is 0.0759946

pgibbs sample time: 7.1e-05 seconds
probability of topic_Student_95 is 0.128507

pgibbs sample time: 8.4e-05 seconds
probability of topic_Department_69 is 0.0938057

pgibbs sample time: 7.5e-05 seconds
probability of topic_ResearchProject_84 is 0.0796257

pgibbs sample time: 5.7e-05 seconds
probability of topic_Course_84 is 0.11049

pgibbs sample time: 0.000152 seconds
probability of topic_Course_7 is 0.0728427

pgibbs sample time: 6.8e-05 seconds
probability of topic_Course_37 is 0.0820892

pgibbs sample time: 5.4e-05 seconds
probability of topic_Faculty_6 is 0.106035

pgibbs sample time: 0.000128 seconds
probability of topic_Department_32 is 0.161747

pgibbs sample time: 5.7e-05 seconds
probability of topic_Faculty_43 is 0.1354

pgibbs sample time: 7.1e-05 seconds
probability of topic_Student_85 is 0.0750225

pgibbs sample time: 7.1e-05 seconds
probability of topic_Student_53 is 0.0953338

pgibbs sample time: 5.7e-05 seconds
probability of topic_Student_22 is 0.174619

pgibbs sample time: 7.2e-05 seconds
probability of topic_Department_37 is 0.0783397

pgibbs sample time: 8.1e-05 seconds
probability of topic_Staff_23 is 0.0806197

pgibbs sample time: 0.00164 seconds
probability of topic_Course_129 is 0.110211

pgibbs sample time: 0.001748 seconds
probability of topic_Course_10 is 0.107176

pgibbs sample time: 0.001643 seconds
probability of topic_Course_87 is 0.0779111

pgibbs sample time: 0.000267 seconds
probability of topic_Faculty_116 is 0.0965373

pgibbs sample time: 0.000265 seconds
probability of topic_Faculty_93 is 0.0920432

pgibbs sample time: 0.00114 seconds
probability of topic_Person_72 is 0.143673

pgibbs sample time: 0.00049 seconds
probability of topic_Course_4 is 0.0746209

pgibbs sample time: 8.6e-05 seconds
probability of topic_Department_76 is 0.091908

pgibbs sample time: 0.000101 seconds
probability of topic_Faculty_63 is 0.0936693

pgibbs sample time: 0.000409 seconds
probability of topic_Faculty_187 is 0.202742

pgibbs sample time: 0.000355 seconds
probability of topic_Faculty_296 is 0.0909698

pgibbs sample time: 0.000354 seconds
probability of topic_Faculty_13 is 0.143128

pgibbs sample time: 7.2e-05 seconds
probability of topic_ResearchProject_68 is 0.0500277

pgibbs sample time: 5.7e-05 seconds
probability of topic_ResearchProject_38 is 0.105362

pgibbs sample time: 6.9e-05 seconds
probability of topic_Person_5 is 0.11609

pgibbs sample time: 0.000205 seconds
probability of topic_Student_119 is 0.106436

pgibbs sample time: 0.000206 seconds
probability of topic_Student_65 is 0.147509

pgibbs sample time: 0.003408 seconds
probability of topic_Student_18 is 0.0662812

pgibbs sample time: 0.003349 seconds
probability of topic_Student_169 is 0.0731027

pgibbs sample time: 0.003446 seconds
probability of topic_Student_2 is 0.106368

pgibbs sample time: 5.8e-05 seconds
probability of topic_Person_60 is 0.10465

pgibbs sample time: 5.5e-05 seconds
probability of topic_Course_86 is 0.0827452

pgibbs sample time: 0.00164 seconds
probability of topic_Course_35 is 0.1115

pgibbs sample time: 0.003373 seconds
probability of topic_ResearchProject_91 is 0.135557

pgibbs sample time: 7.7e-05 seconds
probability of topic_ResearchProject_37 is 0.0719946

pgibbs sample time: 7.2e-05 seconds
probability of topic_Faculty_14 is 0.0992434

pgibbs sample time: 5.7e-05 seconds
probability of topic_Staff_16 is 0.138436

pgibbs sample time: 0.001705 seconds
probability of topic_Student_114 is 0.13696

pgibbs sample time: 0.003603 seconds
probability of topic_Course_48 is 0.0965192

pgibbs sample time: 0.001709 seconds
probability of topic_Student_217 is 0.0829369

pgibbs sample time: 0.00022 seconds
probability of topic_Person_49 is 0.134469

pgibbs sample time: 5.5e-05 seconds
probability of topic_Course_9 is 0.0967018

pgibbs sample time: 0.000437 seconds
probability of topic_Faculty_92 is 0.0785266

pgibbs sample time: 5.9e-05 seconds
probability of topic_Department_84 is 0.0857344

pgibbs sample time: 5.7e-05 seconds
probability of topic_Faculty_83 is 0.11006

pgibbs sample time: 0.000263 seconds
probability of topic_Faculty_25 is 0.0688121

pgibbs sample time: 7e-05 seconds
probability of topic_ResearchProject_5 is 0.0812616

pgibbs sample time: 0.003282 seconds
probability of topic_Person_18 is 0.0382944

pgibbs sample time: 0.001711 seconds
probability of topic_Student_54 is 0.120525

pgibbs sample time: 5.7e-05 seconds
probability of topic_Staff_34 is 0.15723

pgibbs sample time: 7e-05 seconds
probability of topic_Course_14 is 0.160244

pgibbs sample time: 0.001186 seconds
probability of topic_Person_36 is 0.0783378

pgibbs sample time: 5.8e-05 seconds
probability of topic_ResearchProject_99 is 0.138305

pgibbs sample time: 0.000496 seconds
probability of topic_Department_4 is 0.153562

pgibbs sample time: 0.000587 seconds
probability of topic_Course_272 is 0.0880723

pgibbs sample time: 0.000102 seconds
probability of topic_ResearchProject_63 is 0.20044

pgibbs sample time: 0.001702 seconds
probability of topic_Student_156 is 0.102859

pgibbs sample time: 0.001499 seconds
probability of topic_Course_54 is 0.124041

pgibbs sample time: 0.001544 seconds
probability of topic_ResearchProject_29 is 0.0854488

pgibbs sample time: 0.00159 seconds
probability of topic_Faculty_29 is 0.0938501

pgibbs sample time: 0.003211 seconds
probability of topic_Staff_2 is 0.100562

pgibbs sample time: 0.001587 seconds
probability of topic_Student_28 is 0.108231

pgibbs sample time: 0.003455 seconds
probability of topic_ResearchProject_48 is 0.396117

pgibbs sample time: 8.6e-05 seconds
probability of topic_Faculty_69 is 0.12219

pgibbs sample time: 0.000578 seconds
probability of topic_Course_125 is 0.0986148

pgibbs sample time: 0.000123 seconds
probability of topic_Staff_32 is 0.0932901

pgibbs sample time: 0.001171 seconds
probability of topic_Course_106 is 0.117625

pgibbs sample time: 0.001171 seconds
probability of topic_Course_118 is 0.0778195

pgibbs sample time: 5.8e-05 seconds
probability of topic_Faculty_38 is 0.101237

pgibbs sample time: 0.001216 seconds
probability of topic_Course_41 is 0.0682571

pgibbs sample time: 0.003703 seconds
probability of topic_Faculty_133 is 0.126888

pgibbs sample time: 0.000506 seconds
probability of topic_Department_272 is 0.101889

pgibbs sample time: 0.001686 seconds
probability of topic_Student_145 is 0.116221

pgibbs sample time: 0.003209 seconds
probability of topic_Staff_12 is 0.110704

pgibbs sample time: 5.6e-05 seconds
probability of topic_Staff_79 is 0.149378

pgibbs sample time: 0.000194 seconds
probability of topic_Staff_55 is 0.0981229

pgibbs sample time: 5.6e-05 seconds
probability of topic_Person_40 is 0.108938

pgibbs sample time: 5.5e-05 seconds
probability of topic_Person_70 is 0.0970152

pgibbs sample time: 0.000542 seconds
probability of topic_Person_136 is 0.120414

pgibbs sample time: 0.003404 seconds
probability of topic_Department_24 is 0.125435

pgibbs sample time: 0.000265 seconds
probability of topic_Faculty_81 is 0.102006

pgibbs sample time: 0.000113 seconds
probability of topic_Student_94 is 0.113664

pgibbs sample time: 0.003479 seconds
probability of topic_Department_199 is 0.0798064

pgibbs sample time: 5.7e-05 seconds
probability of topic_Staff_88 is 0.186528

pgibbs sample time: 0.001234 seconds
probability of topic_ResearchProject_3 is 0.102304

pgibbs sample time: 0.003484 seconds
probability of topic_Department_89 is 0.0572672

pgibbs sample time: 0.003274 seconds
probability of topic_Faculty_24 is 0.115284

pgibbs sample time: 0.000299 seconds
probability of topic_Staff_116 is 0.10819

pgibbs sample time: 0.000298 seconds
probability of topic_Staff_93 is 0.127052

pgibbs sample time: 7.2e-05 seconds
probability of topic_Student_88 is 0.213097

pgibbs sample time: 0.000372 seconds
probability of topic_Staff_120 is 0.162438

pgibbs sample time: 0.001361 seconds
probability of topic_Person_156 is 0.125453

pgibbs sample time: 0.001073 seconds
probability of topic_ResearchProject_172 is 0.100865

pgibbs sample time: 0.000754 seconds
probability of topic_Person_105 is 0.0761044

pgibbs sample time: 0.001623 seconds
probability of topic_Person_126 is 0.178324

pgibbs sample time: 0.000232 seconds
probability of topic_Student_55 is 0.13371

pgibbs sample time: 0.000453 seconds
probability of topic_ResearchProject_67 is 0.102354

pgibbs sample time: 0.001135 seconds
probability of topic_ResearchProject_72 is 0.0891146

pgibbs sample time: 0.001516 seconds
probability of topic_Faculty_59 is 0.106541

pgibbs sample time: 0.000507 seconds
probability of topic_Student_67 is 0.122083

pgibbs sample time: 0.001643 seconds
probability of topic_Course_145 is 0.135046

pgibbs sample time: 0.000487 seconds
probability of topic_Staff_42 is 0.155033

pgibbs sample time: 0.001195 seconds
probability of topic_Student_164 is 0.163689

pgibbs sample time: 0.000515 seconds
probability of topic_Person_134 is 0.190575

pgibbs sample time: 0.00119 seconds
probability of topic_Student_209 is 0.180035

pgibbs sample time: 0.000478 seconds
probability of topic_Department_134 is 0.261884

pgibbs sample time: 5.7e-05 seconds
probability of topic_Person_84 is 0.0971429

pgibbs sample time: 6.7e-05 seconds
probability of topic_Student_1 is 0.0651692

pgibbs sample time: 0.000632 seconds
probability of topic_Department_61 is 0.060732

pgibbs sample time: 0.001594 seconds
probability of topic_Faculty_50 is 0.11633

pgibbs sample time: 0.001711 seconds
probability of topic_Student_126 is 0.189981

pgibbs sample time: 0.000127 seconds
probability of topic_Student_52 is 0.0889678

pgibbs sample time: 0.001673 seconds
probability of topic_Department_17 is 0.0588227

pgibbs sample time: 0.003261 seconds
probability of topic_Faculty_12 is 0.144917

pgibbs sample time: 0.000231 seconds
probability of topic_Course_65 is 0.133734

pgibbs sample time: 0.001538 seconds
probability of topic_Person_59 is 0.144012

pgibbs sample time: 0.000232 seconds
probability of topic_Person_119 is 0.11357

pgibbs sample time: 0.000591 seconds
probability of topic_Student_58 is 0.0830059

pgibbs sample time: 0.003519 seconds
probability of topic_Department_2 is 0.108141

pgibbs sample time: 0.001215 seconds
probability of topic_Faculty_72 is 0.162848

pgibbs sample time: 0.000542 seconds
probability of topic_Student_8 is 0.133958

pgibbs sample time: 7.4e-05 seconds
probability of topic_Department_95 is 0.099974

pgibbs sample time: 0.00099 seconds
probability of topic_Staff_36 is 0.0743423

pgibbs sample time: 5.6e-05 seconds
probability of topic_Student_96 is 0.0934493

pgibbs sample time: 5.6e-05 seconds
probability of topic_Faculty_96 is 0.105459

pgibbs sample time: 0.001618 seconds
probability of topic_Course_29 is 0.232812

pgibbs sample time: 7e-05 seconds
probability of topic_Person_51 is 0.113927

pgibbs sample time: 0.000223 seconds
probability of topic_Course_55 is 0.0935906

pgibbs sample time: 7.2e-05 seconds
probability of topic_Student_64 is 0.0845405

pgibbs sample time: 0.001072 seconds
probability of topic_Faculty_36 is 0.0942094

pgibbs sample time: 5.6e-05 seconds
probability of topic_Student_40 is 0.109533

pgibbs sample time: 7.2e-05 seconds
probability of topic_Student_68 is 0.0661826

pgibbs sample time: 0.000355 seconds
probability of topic_Course_187 is 0.149373

pgibbs sample time: 0.001213 seconds
probability of topic_Course_72 is 0.0796118

pgibbs sample time: 0.003293 seconds
probability of topic_Person_258 is 0.117424

pgibbs sample time: 0.001218 seconds
probability of topic_Department_164 is 0.0768819

pgibbs sample time: 0.000356 seconds
probability of topic_Course_296 is 0.0879277

pgibbs sample time: 0.000357 seconds
probability of topic_Course_13 is 0.102139

pgibbs sample time: 0.00058 seconds
probability of topic_Course_327 is 0.147873

pgibbs sample time: 0.001733 seconds
probability of topic_Course_244 is 0.107621

pgibbs sample time: 0.000542 seconds
probability of topic_Course_110 is 0.10697

pgibbs sample time: 7.3e-05 seconds
probability of topic_Department_21 is 0.0973049

pgibbs sample time: 5.6e-05 seconds
probability of topic_Person_71 is 0.201808

pgibbs sample time: 5.7e-05 seconds
probability of topic_Course_85 is 0.133704

pgibbs sample time: 0.000208 seconds
probability of topic_ResearchProject_55 is 0.0797653

pgibbs sample time: 0.003299 seconds
probability of topic_Person_180 is 0.185109

pgibbs sample time: 0.003399 seconds
probability of topic_Person_89 is 0.111655

pgibbs sample time: 0.000125 seconds
probability of topic_Staff_52 is 0.0923203

pgibbs sample time: 7.9e-05 seconds
probability of topic_Department_64 is 0.0758747

pgibbs sample time: 0.003457 seconds
probability of topic_ResearchProject_12 is 0.0607439

pgibbs sample time: 0.00161 seconds
probability of topic_Course_146 is 0.141978

pgibbs sample time: 0.003394 seconds
probability of topic_Course_45 is 0.0921735

pgibbs sample time: 0.00047 seconds
probability of topic_Course_67 is 0.0953952

pgibbs sample time: 6.9e-05 seconds
probability of topic_Staff_15 is 0.0907919

pgibbs sample time: 0.000227 seconds
probability of topic_Person_55 is 0.147227

pgibbs sample time: 5.5e-05 seconds
probability of topic_Course_80 is 0.0872788

pgibbs sample time: 7.3e-05 seconds
probability of topic_Department_15 is 0.075943

pgibbs sample time: 0.000584 seconds
probability of topic_Course_168 is 0.0921029

pgibbs sample time: 0.00114 seconds
probability of topic_ResearchProject_174 is 0.124215

pgibbs sample time: 5.9e-05 seconds
probability of topic_Student_66 is 0.109458

pgibbs sample time: 6.2e-05 seconds
probability of topic_Person_86 is 0.118943

pgibbs sample time: 7e-05 seconds
probability of topic_Student_97 is 0.178446

pgibbs sample time: 7.1e-05 seconds
probability of topic_ResearchProject_39 is 0.204674

pgibbs sample time: 0.001685 seconds
probability of topic_Student_288 is 0.100658

pgibbs sample time: 0.000386 seconds
probability of topic_Faculty_120 is 0.120211

pgibbs sample time: 5.7e-05 seconds
probability of topic_Faculty_71 is 0.123567

pgibbs sample time: 5.5e-05 seconds
probability of topic_Course_44 is 0.115773

pgibbs sample time: 0.001676 seconds
probability of topic_Department_87 is 0.116489

pgibbs sample time: 0.000857 seconds
probability of topic_Person_327 is 0.194092

pgibbs sample time: 0.001682 seconds
probability of topic_Person_129 is 0.151804

pgibbs sample time: 0.001708 seconds
probability of topic_Student_3 is 0.0438653

pgibbs sample time: 0.003288 seconds
probability of topic_Person_12 is 0.166823

pgibbs sample time: 0.00112 seconds
probability of topic_Staff_209 is 0.175445

pgibbs sample time: 5.7e-05 seconds
probability of topic_ResearchProject_74 is 0.0931433

pgibbs sample time: 0.001599 seconds
probability of topic_Course_50 is 0.100402

pgibbs sample time: 0.000549 seconds
probability of topic_Faculty_125 is 0.124612

pgibbs sample time: 0.001505 seconds
probability of topic_Staff_50 is 0.101743

pgibbs sample time: 0.001555 seconds
probability of topic_Department_29 is 0.0754184

pgibbs sample time: 5.8e-05 seconds
probability of topic_Course_40 is 0.0854307

pgibbs sample time: 0.000108 seconds
probability of topic_Person_94 is 0.0237537

pgibbs sample time: 5.6e-05 seconds
probability of topic_Student_80 is 0.111963

pgibbs sample time: 0.003269 seconds
probability of topic_Faculty_353 is 0.125698

pgibbs sample time: 7.3e-05 seconds
probability of topic_Faculty_39 is 0.0735045

pgibbs sample time: 0.001564 seconds
probability of topic_Department_156 is 0.120912

pgibbs sample time: 5.8e-05 seconds
probability of topic_Person_83 is 0.124497

pgibbs sample time: 0.00156 seconds
probability of topic_Person_28 is 0.114583

pgibbs sample time: 0.000138 seconds
probability of topic_Person_47 is 0.0333655

pgibbs sample time: 0.001607 seconds
probability of topic_Person_3 is 0.072505

pgibbs sample time: 0.000537 seconds
probability of topic_Course_8 is 0.113778

pgibbs sample time: 0.001123 seconds
probability of topic_Staff_106 is 0.219639

pgibbs sample time: 0.000508 seconds
probability of topic_Faculty_58 is 0.146627

pgibbs sample time: 0.000259 seconds
probability of topic_Course_25 is 0.0638602

pgibbs sample time: 5.7e-05 seconds
probability of topic_ResearchProject_15 is 0.11691

pgibbs sample time: 5.5e-05 seconds
probability of topic_Person_38 is 0.0693648

pgibbs sample time: 0.003354 seconds
probability of topic_Faculty_169 is 0.161184

pgibbs sample time: 0.000311 seconds
probability of topic_ResearchProject_93 is 0.0942936

pgibbs sample time: 0.000446 seconds
probability of topic_Faculty_168 is 0.0868743

pgibbs sample time: 5.6e-05 seconds
probability of topic_Staff_82 is 0.0802927

pgibbs sample time: 0.003203 seconds
probability of topic_Staff_199 is 0.104818

pgibbs sample time: 5.8e-05 seconds
probability of topic_ResearchProject_82 is 0.103724

pgibbs sample time: 0.001521 seconds
probability of topic_Faculty_156 is 0.129757

pgibbs sample time: 7.3e-05 seconds
probability of topic_ResearchProject_64 is 0.0838679

pgibbs sample time: 0.000605 seconds
probability of topic_ResearchProject_168 is 0.0978564

pgibbs sample time: 5.8e-05 seconds
probability of topic_Department_99 is 0.0873436

pgibbs sample time: 0.000222 seconds
probability of topic_Course_73 is 0.0871068

pgibbs sample time: 0.000114 seconds
probability of topic_Student_32 is 0.250066

pgibbs sample time: 0.000453 seconds
probability of topic_ResearchProject_11 is 0.0641852

pgibbs sample time: 0.000496 seconds
probability of topic_Course_111 is 0.059533

pgibbs sample time: 0.000255 seconds
probability of topic_Student_81 is 0.152037

pgibbs sample time: 0.001591 seconds
probability of topic_Student_29 is 0.151361

pgibbs sample time: 0.00048 seconds
probability of topic_Department_11 is 0.121353

pgibbs sample time: 0.0005 seconds
probability of topic_Course_30 is 0.0747856

pgibbs sample time: 0.001781 seconds
probability of topic_Person_244 is 0.151998

pgibbs sample time: 0.000598 seconds
probability of topic_Student_42 is 0.142028

pgibbs sample time: 0.001214 seconds
probability of topic_Faculty_174 is 0.213544

pgibbs sample time: 0.000229 seconds
probability of topic_Staff_119 is 0.157999

pgibbs sample time: 5.8e-05 seconds
probability of topic_Faculty_86 is 0.0895212

pgibbs sample time: 5.6e-05 seconds
probability of topic_Faculty_75 is 0.112565

pgibbs sample time: 0.001668 seconds
probability of topic_ResearchProject_10 is 0.134262

pgibbs sample time: 0.000556 seconds
probability of topic_Person_272 is 0.118894

pgibbs sample time: 0.001198 seconds
probability of topic_Student_33 is 0.0644135

pgibbs sample time: 0.001175 seconds
probability of topic_Course_209 is 0.248826

pgibbs sample time: 5.6e-05 seconds
probability of topic_Course_6 is 0.11351

pgibbs sample time: 0.000289 seconds
probability of topic_ResearchProject_81 is 0.101823

pgibbs sample time: 7.2e-05 seconds
probability of topic_Faculty_27 is 0.118691

pgibbs sample time: 0.000101 seconds
probability of topic_ResearchProject_25 is 0.133772

pgibbs sample time: 0.00022 seconds
probability of topic_Staff_49 is 0.122559

pgibbs sample time: 0.000521 seconds
probability of topic_Faculty_11 is 0.170253

pgibbs sample time: 0.00058 seconds
probability of topic_Department_125 is 0.104219

pgibbs sample time: 0.003358 seconds
probability of topic_Student_48 is 0.0490128

pgibbs sample time: 7.1e-05 seconds
probability of topic_Course_39 is 0.122569

pgibbs sample time: 7e-05 seconds
probability of topic_Course_79 is 0.13128

pgibbs sample time: 8.2e-05 seconds
probability of topic_Staff_76 is 0.0863981

pgibbs sample time: 6.9e-05 seconds
probability of topic_Staff_22 is 0.110544

pgibbs sample time: 0.000238 seconds
probability of topic_Department_55 is 0.124672

pgibbs sample time: 8.6e-05 seconds
probability of topic_ResearchProject_69 is 0.061071

pgibbs sample time: 0.001175 seconds
probability of topic_Course_172 is 0.0918522

pgibbs sample time: 0.000582 seconds
probability of topic_ResearchProject_125 is 0.11427

pgibbs sample time: 5.5e-05 seconds
probability of topic_Person_80 is 0.113662

pgibbs sample time: 0.001173 seconds
probability of topic_Course_164 is 0.114682

pgibbs sample time: 5.7e-05 seconds
probability of topic_Student_62 is 0.242094

pgibbs sample time: 0.003284 seconds
probability of topic_Person_2 is 0.0549018

pgibbs sample time: 5.8e-05 seconds
probability of topic_Staff_99 is 0.096097

pgibbs sample time: 0.000591 seconds
probability of topic_Student_105 is 0.0766678

pgibbs sample time: 0.001176 seconds
probability of topic_Course_36 is 0.0583647

pgibbs sample time: 0.003292 seconds
probability of topic_Staff_180 is 0.192737

pgibbs sample time: 0.000775 seconds
probability of topic_Department_327 is 0.186228

pgibbs sample time: 0.001127 seconds
probability of topic_Staff_41 is 0.0870893

pgibbs sample time: 0.001234 seconds
probability of topic_ResearchProject_41 is 0.0993621

pgibbs sample time: 0.000111 seconds
probability of topic_Person_7 is 0.0954873

pgibbs sample time: 0.00055 seconds
probability of topic_Faculty_8 is 0.119335

pgibbs sample time: 0.001219 seconds
probability of topic_Department_115 is 0.0974989

pgibbs sample time: 0.001211 seconds
probability of topic_Student_106 is 0.122833

pgibbs sample time: 6.1e-05 seconds
probability of topic_Person_16 is 0.113162

pgibbs sample time: 0.001497 seconds
probability of topic_Staff_217 is 0.113293

pgibbs sample time: 0.000666 seconds
probability of topic_ResearchProject_61 is 0.115009

pgibbs sample time: 0.000284 seconds
probability of topic_Student_25 is 0.0832152

pgibbs sample time: 5.7e-05 seconds
probability of topic_Department_38 is 0.14735

pgibbs sample time: 0.00336 seconds
probability of topic_Student_45 is 0.124462

pgibbs sample time: 0.000404 seconds
probability of topic_Person_120 is 0.126618

pgibbs sample time: 0.001373 seconds
probability of topic_ResearchProject_146 is 0.0535197

pgibbs sample time: 0.001143 seconds
probability of topic_Person_115 is 0.0901313

pgibbs sample time: 5.8e-05 seconds
probability of topic_Course_43 is 0.100844

pgibbs sample time: 0.001687 seconds
probability of topic_Student_129 is 0.147334

pgibbs sample time: 0.001564 seconds
probability of topic_Staff_10 is 0.12316

pgibbs sample time: 0.003504 seconds
probability of topic_Department_212 is 0.0781704

pgibbs sample time: 0.000308 seconds
probability of topic_ResearchProject_116 is 0.127783

pgibbs sample time: 5.7e-05 seconds
probability of topic_Department_43 is 0.105792

pgibbs sample time: 5.5e-05 seconds
probability of topic_Person_34 is 0.19909

pgibbs sample time: 0.000275 seconds
probability of topic_Student_116 is 0.0926925

pgibbs sample time: 0.00356 seconds
probability of topic_Person_199 is 0.135398

pgibbs sample time: 0.000308 seconds
probability of topic_Department_20 is 0.114369

pgibbs sample time: 0.00156 seconds
probability of topic_Staff_244 is 0.107136

pgibbs sample time: 0.000542 seconds
probability of topic_Student_130 is 0.121228

pgibbs sample time: 7.4e-05 seconds
probability of topic_ResearchProject_97 is 0.105789

pgibbs sample time: 0.001379 seconds
probability of topic_ResearchProject_50 is 0.0916447

pgibbs sample time: 0.003488 seconds
probability of topic_Department_180 is 0.259293

pgibbs sample time: 0.000605 seconds
probability of topic_ResearchProject_272 is 0.136449

pgibbs sample time: 0.001608 seconds
probability of topic_Course_102 is 0.10382

pgibbs sample time: 0.003353 seconds
probability of topic_Student_212 is 0.00797044

pgibbs sample time: 5.9e-05 seconds
probability of topic_Department_86 is 0.0886948

pgibbs sample time: 0.000582 seconds
probability of topic_ResearchProject_30 is 0.108306

pgibbs sample time: 0.001196 seconds
probability of topic_Person_172 is 0.121421

pgibbs sample time: 7.3e-05 seconds
probability of topic_ResearchProject_53 is 0.114964

pgibbs sample time: 0.001145 seconds
probability of topic_ResearchProject_115 is 0.209282

pgibbs sample time: 0.001252 seconds
probability of topic_ResearchProject_217 is 0.149898

pgibbs sample time: 5.6e-05 seconds
probability of topic_Course_51 is 0.0854307

pgibbs sample time: 0.00123 seconds
probability of topic_Person_174 is 0.130962

pgibbs sample time: 0.003402 seconds
probability of topic_Course_180 is 0.124957

pgibbs sample time: 0.001562 seconds
probability of topic_ResearchProject_28 is 0.107517

pgibbs sample time: 0.00338 seconds
probability of topic_ResearchProject_133 is 0.123664

pgibbs sample time: 0.001238 seconds
probability of topic_Department_174 is 0.306282

pgibbs sample time: 9.7e-05 seconds
probability of topic_Department_77 is 0.1507

pgibbs sample time: 0.001565 seconds
probability of topic_Staff_129 is 0.104561

pgibbs sample time: 0.0037 seconds
probability of topic_Department_169 is 0.332653

pgibbs sample time: 7.4e-05 seconds
probability of topic_Student_79 is 0.0795277

pgibbs sample time: 0.001247 seconds
probability of topic_ResearchProject_156 is 0.104871

pgibbs sample time: 0.000777 seconds
probability of topic_Department_186 is 0.0900125

pgibbs sample time: 7.3e-05 seconds
probability of topic_Student_27 is 0.114586

pgibbs sample time: 7.2e-05 seconds
probability of topic_Department_27 is 0.197282

pgibbs sample time: 0.001121 seconds
probability of topic_Staff_118 is 0.109129

pgibbs sample time: 0.000412 seconds
probability of topic_Department_120 is 0.209192

pgibbs sample time: 5.6e-05 seconds
probability of topic_Student_9 is 0.101492

pgibbs sample time: 0.001221 seconds
probability of topic_Faculty_118 is 0.0748416

pgibbs sample time: 0.003401 seconds
probability of topic_Course_353 is 0.103576

pgibbs sample time: 0.003503 seconds
probability of topic_Course_89 is 0.099929

pgibbs sample time: 0.000195 seconds
probability of topic_Staff_73 is 0.164249

pgibbs sample time: 5.5e-05 seconds
probability of topic_Staff_98 is 0.0945649

pgibbs sample time: 7e-05 seconds
probability of topic_Person_53 is 0.125778

pgibbs sample time: 0.000262 seconds
probability of topic_Person_116 is 0.0742613

pgibbs sample time: 5.7e-05 seconds
probability of topic_Faculty_62 is 0.116539

pgibbs sample time: 0.000231 seconds
probability of topic_Person_13 is 0.0756883

pgibbs sample time: 0.00168 seconds
probability of topic_Department_288 is 0.0990295

pgibbs sample time: 0.001568 seconds
probability of topic_Staff_87 is 0.145434

pgibbs sample time: 5.8e-05 seconds
probability of topic_ResearchProject_26 is 0.173515

pgibbs sample time: 5.6e-05 seconds
probability of topic_Faculty_74 is 0.0854832

pgibbs sample time: 5.6e-05 seconds
probability of topic_Staff_9 is 0.11146

pgibbs sample time: 0.00036 seconds
probability of topic_Student_296 is 0.135012

pgibbs sample time: 0.000203 seconds
probability of topic_Staff_296 is 0.0878954

pgibbs sample time: 0.000577 seconds
probability of topic_Student_125 is 0.154837

pgibbs sample time: 5.6e-05 seconds
probability of topic_Course_71 is 0.0991188

pgibbs sample time: 0.003372 seconds
probability of topic_ResearchProject_180 is 0.241611

pgibbs sample time: 0.001588 seconds
probability of topic_Department_126 is 0.0912595

pgibbs sample time: 5.5e-05 seconds
probability of topic_Course_21 is 0.0854307

pgibbs sample time: 7e-05 seconds
probability of topic_Staff_14 is 0.122535

pgibbs sample time: 0.000229 seconds
probability of topic_Faculty_49 is 0.126495

pgibbs sample time: 0.001142 seconds
probability of topic_ResearchProject_118 is 0.104698

pgibbs sample time: 0.0001 seconds
probability of topic_Course_63 is 0.0726337

pgibbs sample time: 6.9e-05 seconds
probability of topic_Staff_27 is 0.157171

pgibbs sample time: 0.000585 seconds
probability of topic_Course_57 is 0.128075

pgibbs sample time: 0.001661 seconds
probability of topic_Course_288 is 0.0953109

pgibbs sample time: 0.000531 seconds
probability of topic_ResearchProject_58 is 0.161264

pgibbs sample time: 0.000554 seconds
probability of topic_Person_61 is 0.14361

pgibbs sample time: 0.00384 seconds
probability of topic_ResearchProject_169 is 0.154163

pgibbs sample time: 7.1e-05 seconds
probability of topic_Person_15 is 0.127201

pgibbs sample time: 0.00168 seconds
probability of topic_Department_35 is 0.076019

pgibbs sample time: 7.2e-05 seconds
probability of topic_Staff_85 is 0.0474534

pgibbs sample time: 0.000554 seconds
probability of topic_Person_168 is 0.117509

pgibbs sample time: 0.00024 seconds
probability of topic_Department_73 is 0.102085

pgibbs sample time: 5.8e-05 seconds
probability of topic_ResearchProject_46 is 0.0867993

pgibbs sample time: 5.5e-05 seconds
probability of topic_Person_44 is 0.139832

pgibbs sample time: 5.6e-05 seconds
probability of topic_Course_99 is 0.167675

pgibbs sample time: 0.001718 seconds
probability of topic_Student_59 is 0.173066

pgibbs sample time: 0.000234 seconds
probability of topic_ResearchProject_19 is 0.132914

pgibbs sample time: 0.003495 seconds
probability of topic_Department_133 is 0.133572

pgibbs sample time: 7.3e-05 seconds
probability of topic_Person_76 is 0.124554

pgibbs sample time: 0.000112 seconds
probability of topic_ResearchProject_94 is 0.0304102

pgibbs sample time: 0.003404 seconds
probability of topic_Course_24 is 0.158121

pgibbs sample time: 0.001601 seconds
probability of topic_Student_146 is 0.198447

pgibbs sample time: 0.000228 seconds
probability of topic_Person_73 is 0.206352

pgibbs sample time: 5.5e-05 seconds
probability of topic_Person_46 is 0.108347

pgibbs sample time: 5.4e-05 seconds
probability of topic_Staff_74 is 0.0948402

pgibbs sample time: 6.7e-05 seconds
probability of topic_Faculty_5 is 0.0823515

pgibbs sample time: 7.2e-05 seconds
probability of topic_ResearchProject_14 is 0.077179

pgibbs sample time: 0.000525 seconds
probability of topic_ResearchProject_111 is 0.06493

pgibbs sample time: 0.000541 seconds
probability of topic_Person_30 is 0.124608

pgibbs sample time: 0.000576 seconds
probability of topic_Student_136 is 0.121048

pgibbs sample time: 0.003492 seconds
probability of topic_Department_48 is 0.126883

pgibbs sample time: 7.1e-05 seconds
probability of topic_Course_95 is 0.1056

pgibbs sample time: 9.7e-05 seconds
probability of topic_Student_77 is 0.176644

pgibbs sample time: 0.000208 seconds
probability of topic_ResearchProject_73 is 0.114128

pgibbs sample time: 0.000126 seconds
probability of topic_ResearchProject_52 is 0.0768915

pgibbs sample time: 0.003481 seconds
probability of topic_Student_199 is 0.180026

pgibbs sample time: 0.000579 seconds
probability of topic_Student_30 is 0.113403

pgibbs sample time: 0.000276 seconds
probability of topic_Staff_200 is 0.152858

pgibbs sample time: 0.000516 seconds
probability of topic_Person_11 is 0.148166

pgibbs sample time: 5.6e-05 seconds
probability of topic_Course_27 is 0.105222

pgibbs sample time: 0.000526 seconds
probability of topic_ResearchProject_4 is 0.0676749

pgibbs sample time: 0.000546 seconds
probability of topic_Faculty_110 is 0.103358

pgibbs sample time: 0.000279 seconds
probability of topic_Person_25 is 0.0938703

pgibbs sample time: 7e-05 seconds
probability of topic_Person_22 is 0.151959

pgibbs sample time: 5.8e-05 seconds
probability of topic_ResearchProject_66 is 0.0906498

pgibbs sample time: 0.001115 seconds
probability of topic_Staff_172 is 0.101248

pgibbs sample time: 7e-05 seconds
probability of topic_Person_68 is 0.0524671

pgibbs sample time: 0.001658 seconds
probability of topic_Course_17 is 0.0594008

pgibbs sample time: 0.000385 seconds
probability of topic_Faculty_31 is 0.132286

pgibbs sample time: 0.000155 seconds
probability of topic_Department_7 is 0.0470651

pgibbs sample time: 7.1e-05 seconds
probability of topic_Course_64 is 0.0648578

pgibbs sample time: 9.6e-05 seconds
probability of topic_Person_63 is 0.0482883

pgibbs sample time: 0.001696 seconds
probability of topic_Student_87 is 0.168945

pgibbs sample time: 5.7e-05 seconds
probability of topic_Department_9 is 0.113727

pgibbs sample time: 0.001722 seconds
probability of topic_Department_244 is 0.115132

pgibbs sample time: 0.000876 seconds
probability of topic_Department_105 is 0.149359

pgibbs sample time: 0.001521 seconds
probability of topic_Staff_28 is 0.15722

pgibbs sample time: 0.000142 seconds
probability of topic_Faculty_52 is 0.223931

pgibbs sample time: 0.003209 seconds
probability of topic_Staff_78 is 0.223723

pgibbs sample time: 0.000486 seconds
probability of topic_ResearchProject_130 is 0.123246

pgibbs sample time: 5.9e-05 seconds
probability of topic_Department_16 is 0.0843164

pgibbs sample time: 5.6e-05 seconds
probability of topic_Course_74 is 0.0872788

pgibbs sample time: 0.00169 seconds
probability of topic_Student_35 is 0.360921

pgibbs sample time: 0.000122 seconds
probability of topic_Course_52 is 0.0797841

pgibbs sample time: 0.0035 seconds
probability of topic_Department_12 is 0.164299

pgibbs sample time: 5.6e-05 seconds
probability of topic_Person_98 is 0.143162

pgibbs sample time: 5.8e-05 seconds
probability of topic_Department_14 is 0.108893

pgibbs sample time: 8.4e-05 seconds
probability of topic_Person_69 is 0.136694

pgibbs sample time: 0.000372 seconds
probability of topic_Staff_31 is 0.110862

pgibbs sample time: 0.001693 seconds
probability of topic_Student_17 is 0.104229

pgibbs sample time: 5.7e-05 seconds
probability of topic_ResearchProject_70 is 0.0827269

pgibbs sample time: 5.6e-05 seconds
probability of topic_Student_74 is 0.111963

pgibbs sample time: 0.000591 seconds
probability of topic_Student_327 is 0.178835

pgibbs sample time: 5.7e-05 seconds
probability of topic_Department_56 is 0.109957

pgibbs sample time: 0.000283 seconds
probability of topic_Department_200 is 0.0611823

pgibbs sample time: 0.000831 seconds
probability of topic_Department_42 is 0.186356

pgibbs sample time: 0.001594 seconds
probability of topic_Student_50 is 0.19216

pgibbs sample time: 0.001683 seconds
probability of topic_Department_10 is 0.0951204

pgibbs sample time: 0.000111 seconds
probability of topic_Staff_94 is 0.00856324

pgibbs sample time: 5.8e-05 seconds
probability of topic_Student_56 is 0.0801102

pgibbs sample time: 0.003454 seconds
probability of topic_ResearchProject_353 is 0.189894

pgibbs sample time: 0.000586 seconds
probability of topic_Department_57 is 0.138742

pgibbs sample time: 7e-05 seconds
probability of topic_Person_95 is 0.102263

pgibbs sample time: 0.000547 seconds
probability of topic_Faculty_130 is 0.123645

pgibbs sample time: 0.000405 seconds
probability of topic_Person_31 is 0.18056

pgibbs sample time: 0.000607 seconds
probability of topic_ResearchProject_57 is 0.122751

pgibbs sample time: 0.001563 seconds
probability of topic_Person_29 is 0.147866

pgibbs sample time: 6.9e-05 seconds
probability of topic_Staff_37 is 0.0830132

pgibbs sample time: 0.001252 seconds
probability of topic_ResearchProject_59 is 0.106677

pgibbs sample time: 0.001543 seconds
probability of topic_Person_114 is 0.129664

pgibbs sample time: 0.001147 seconds
probability of topic_ResearchProject_106 is 0.12378

pgibbs sample time: 5.8e-05 seconds
probability of topic_Department_70 is 0.146444

pgibbs sample time: 0.001624 seconds
probability of topic_Staff_146 is 0.147803

pgibbs sample time: 7.1e-05 seconds
probability of topic_Person_79 is 0.132402

pgibbs sample time: 0.001677 seconds
probability of topic_Faculty_129 is 0.0847732

pgibbs sample time: 0.001589 seconds
probability of topic_Staff_35 is 0.112047

pgibbs sample time: 5.8e-05 seconds
probability of topic_Department_82 is 0.0858202

pgibbs sample time: 0.001511 seconds
probability of topic_Staff_102 is 0.13797

pgibbs sample time: 0.001519 seconds
probability of topic_Staff_29 is 0.127581

pgibbs sample time: 0.000578 seconds
probability of topic_Course_136 is 0.0750626

pgibbs sample time: 7e-05 seconds
probability of topic_Staff_69 is 0.0941726

pgibbs sample time: 0.00341 seconds
probability of topic_Course_258 is 0.0992831

pgibbs sample time: 5.8e-05 seconds
probability of topic_ResearchProject_75 is 0.117541

pgibbs sample time: 0.001692 seconds
probability of topic_Person_288 is 0.0968479

pgibbs sample time: 0.003278 seconds
probability of topic_Faculty_180 is 0.236932

pgibbs sample time: 5.8e-05 seconds
probability of topic_ResearchProject_34 is 0.0829609

pgibbs sample time: 6.8e-05 seconds
probability of topic_Student_5 is 0.122128

pgibbs sample time: 0.001148 seconds
probability of topic_Person_118 is 0.155554

pgibbs sample time: 0.003357 seconds
probability of topic_Person_48 is 0.122521

pgibbs sample time: 0.00059 seconds
probability of topic_Student_186 is 0.0978134

pgibbs sample time: 0.000507 seconds
probability of topic_Student_134 is 0.302246

pgibbs sample time: 0.000645 seconds
probability of topic_Course_61 is 0.0985798

pgibbs sample time: 0.000275 seconds
probability of topic_Staff_90 is 0.168607

pgibbs sample time: 0.000232 seconds
probability of topic_Person_65 is 0.111441

pgibbs sample time: 0.001682 seconds
probability of topic_Faculty_145 is 0.114643

pgibbs sample time: 5.6e-05 seconds
probability of topic_Course_96 is 0.0823311

pgibbs sample time: 0.003278 seconds
probability of topic_Faculty_2 is 0.0714775

pgibbs sample time: 0.001543 seconds
probability of topic_Faculty_217 is 0.114502

pgibbs sample time: 0.001692 seconds
probability of topic_ResearchProject_129 is 0.0778651

pgibbs sample time: 0.003722 seconds
probability of topic_Faculty_199 is 0.108496

pgibbs sample time: 7.3e-05 seconds
probability of topic_Student_76 is 0.12253

pgibbs sample time: 0.001672 seconds
probability of topic_ResearchProject_87 is 0.0963485

pgibbs sample time: 0.000352 seconds
probability of topic_ResearchProject_296 is 0.113098

pgibbs sample time: 0.000544 seconds
probability of topic_Department_110 is 0.0894169

pgibbs sample time: 0.000285 seconds
probability of topic_Student_231 is 0.13996

pgibbs sample time: 7.4e-05 seconds
probability of topic_ResearchProject_27 is 0.0851449

pgibbs sample time: 0.000234 seconds
probability of topic_Student_49 is 0.154937

pgibbs sample time: 6.9e-05 seconds
probability of topic_Staff_95 is 0.131956

pgibbs sample time: 8.3e-05 seconds
probability of topic_Staff_63 is 0.0597307

pgibbs sample time: 0.000236 seconds
probability of topic_Faculty_65 is 0.0615407

pgibbs sample time: 0.000556 seconds
probability of topic_Staff_30 is 0.125599

pgibbs sample time: 5.6e-05 seconds
probability of topic_Person_75 is 0.107077

pgibbs sample time: 0.001605 seconds
probability of topic_Student_102 is 0.167611

pgibbs sample time: 0.001188 seconds
probability of topic_Course_174 is 0.108706

pgibbs sample time: 0.000275 seconds
probability of topic_Student_93 is 0.0376121

pgibbs sample time: 7.1e-05 seconds
probability of topic_ResearchProject_22 is 0.0664064

pgibbs sample time: 0.001229 seconds
probability of topic_Faculty_115 is 0.108086

pgibbs sample time: 7.4e-05 seconds
probability of topic_Department_68 is 0.0790022

pgibbs sample time: 6.9e-05 seconds
probability of topic_Person_64 is 0.0858528

pgibbs sample time: 0.001768 seconds
probability of topic_ResearchProject_35 is 0.0789991

pgibbs sample time: 0.000256 seconds
probability of topic_Student_20 is 0.0925456

pgibbs sample time: 0.001188 seconds
probability of topic_Course_115 is 0.214972

pgibbs sample time: 7.4e-05 seconds
probability of topic_ResearchProject_51 is 0.0926599

pgibbs sample time: 0.001679 seconds
probability of topic_Faculty_35 is 0.126176

pgibbs sample time: 7.2e-05 seconds
probability of topic_Staff_68 is 0.0637812

pgibbs sample time: 0.001129 seconds
probability of topic_Staff_174 is 0.102693

pgibbs sample time: 7.2e-05 seconds
probability of topic_ResearchProject_79 is 0.0893678

pgibbs sample time: 0.000101 seconds
probability of topic_Department_63 is 0.0674953

pgibbs sample time: 0.000585 seconds
probability of topic_Department_136 is 0.113681

pgibbs sample time: 0.001607 seconds
probability of topic_Faculty_28 is 0.154248

pgibbs sample time: 0.000402 seconds
probability of topic_Course_92 is 0.066854

pgibbs sample time: 5.8e-05 seconds
probability of topic_Student_21 is 0.0997967

pgibbs sample time: 7e-05 seconds
probability of topic_Course_97 is 0.140724

pgibbs sample time: 5.7e-05 seconds
probability of topic_Department_40 is 0.105436

pgibbs sample time: 0.003272 seconds
probability of topic_Staff_353 is 0.106576

pgibbs sample time: 0.003236 seconds
probability of topic_Staff_48 is 0.16519

pgibbs sample time: 0.000537 seconds
probability of topic_Course_130 is 0.123571

pgibbs sample time: 0.001536 seconds
probability of topic_Faculty_54 is 0.123721

pgibbs sample time: 0.000261 seconds
probability of topic_Course_200 is 0.0622428

pgibbs sample time: 0.001534 seconds
probability of topic_Faculty_3 is 0.152124

pgibbs sample time: 0.000507 seconds
probability of topic_Student_11 is 0.122497

pgibbs sample time: 0.00322 seconds
probability of topic_Staff_89 is 0.0979466

pgibbs sample time: 0.003492 seconds
probability of topic_Course_133 is 0.133386

pgibbs sample time: 0.000459 seconds
probability of topic_ResearchProject_134 is 0.0703252

pgibbs sample time: 0.000545 seconds
probability of topic_Person_125 is 0.123271

pgibbs sample time: 0.001459 seconds
probability of topic_ResearchProject_102 is 0.103908

pgibbs sample time: 0.000278 seconds
probability of topic_Staff_25 is 0.0717204

pgibbs sample time: 5.8e-05 seconds
probability of topic_Department_46 is 0.107018

pgibbs sample time: 0.001236 seconds
probability of topic_Department_106 is 0.109625

pgibbs sample time: 0.000124 seconds
probability of topic_Staff_7 is 0.108201

pgibbs sample time: 0.001693 seconds
probability of topic_Person_17 is 0.115923

pgibbs sample time: 5.8e-05 seconds
probability of topic_Student_44 is 0.129772

pgibbs sample time: 0.00027 seconds
probability of topic_Course_116 is 0.113999

pgibbs sample time: 0.001211 seconds
probability of topic_Student_172 is 0.119268

pgibbs sample time: 0.001138 seconds
probability of topic_Staff_115 is 0.136105

pgibbs sample time: 5.6e-05 seconds
probability of topic_Course_53 is 0.0872788

pgibbs sample time: 0.000279 seconds
probability of topic_Student_73 is 0.1993

pgibbs sample time: 0.000125 seconds
probability of topic_Course_47 is 0.114258

pgibbs sample time: 0.000477 seconds
probability of topic_Department_67 is 0.116286

pgibbs sample time: 5.7e-05 seconds
probability of topic_Course_70 is 0.15042

pgibbs sample time: 7.1e-05 seconds
probability of topic_Faculty_21 is 0.0682181

pgibbs sample time: 0.000544 seconds
probability of topic_Student_110 is 0.133862

pgibbs sample time: 0.000468 seconds
probability of topic_Course_11 is 0.123733

pgibbs sample time: 5.8e-05 seconds
probability of topic_ResearchProject_21 is 0.0913892

pgibbs sample time: 7.3e-05 seconds
probability of topic_ResearchProject_88 is 0.0691382

pgibbs sample time: 5.8e-05 seconds
probability of topic_Staff_40 is 0.0900833

pgibbs sample time: 0.000493 seconds
probability of topic_Course_58 is 0.130431

pgibbs sample time: 0.000412 seconds
probability of topic_Student_92 is 0.112996

pgibbs sample time: 6.9e-05 seconds
probability of topic_Faculty_37 is 0.0958786

pgibbs sample time: 0.000402 seconds
probability of topic_Course_31 is 0.0802772

pgibbs sample time: 0.00051 seconds
probability of topic_Faculty_4 is 0.124706

pgibbs sample time: 5.7e-05 seconds
probability of topic_Faculty_46 is 0.0755157

pgibbs sample time: 5.6e-05 seconds
probability of topic_Person_56 is 0.0663138

pgibbs sample time: 0.000521 seconds
probability of topic_Staff_130 is 0.121765

pgibbs sample time: 0.001704 seconds
probability of topic_Student_10 is 0.140879

pgibbs sample time: 0.000237 seconds
probability of topic_ResearchProject_119 is 0.137838

pgibbs sample time: 7e-05 seconds
probability of topic_Person_88 is 0.291681

pgibbs sample time: 8.3e-05 seconds
probability of topic_Person_23 is 0.0366537

pgibbs sample time: 0.000485 seconds
probability of topic_ResearchProject_8 is 0.107982

pgibbs sample time: 0.003409 seconds
probability of topic_Course_2 is 0.146794

pgibbs sample time: 5.9e-05 seconds
probability of topic_Department_34 is 0.0720754

pgibbs sample time: 0.003363 seconds
probability of topic_Student_180 is 0.146767

pgibbs sample time: 0.000263 seconds
probability of topic_Faculty_231 is 0.138206

pgibbs sample time: 7.3e-05 seconds
probability of topic_Staff_39 is 0.100341

pgibbs sample time: 0.00042 seconds
probability of topic_ResearchProject_110 is 0.121438

pgibbs sample time: 0.003408 seconds
probability of topic_Course_169 is 0.121878

pgibbs sample time: 6e-05 seconds
probability of topic_Faculty_40 is 0.0798315

pgibbs sample time: 0.003405 seconds
probability of topic_Course_91 is 0.156934

pgibbs sample time: 7.4e-05 seconds
probability of topic_Faculty_64 is 0.0735381

pgibbs sample time: 8.6e-05 seconds
probability of topic_ResearchProject_76 is 0.0954422

pgibbs sample time: 0.00161 seconds
probability of topic_Faculty_146 is 0.272588

pgibbs sample time: 0.000593 seconds
probability of topic_Student_111 is 0.240472

pgibbs sample time: 0.00163 seconds
probability of topic_Faculty_114 is 0.0978239

pgibbs sample time: 0.001703 seconds
probability of topic_Person_145 is 0.0970465

pgibbs sample time: 9.4e-05 seconds
probability of topic_Person_77 is 0.175718

pgibbs sample time: 0.003405 seconds
probability of topic_Person_169 is 0.173456

pgibbs sample time: 0.001583 seconds
probability of topic_Staff_17 is 0.179845

pgibbs sample time: 0.003354 seconds
probability of topic_Person_212 is 0.008336

pgibbs sample time: 8.9e-05 seconds
probability of topic_Student_69 is 0.166304

pgibbs sample time: 0.003405 seconds
probability of topic_Course_78 is 0.114335

pgibbs sample time: 0.000396 seconds
probability of topic_ResearchProject_120 is 0.109682

pgibbs sample time: 0.001537 seconds
probability of topic_Faculty_126 is 0.102577

pgibbs sample time: 0.003418 seconds
probability of topic_Course_157 is 0.0706854

pgibbs sample time: 5.9e-05 seconds
probability of topic_Faculty_56 is 0.0960443

pgibbs sample time: 0.000411 seconds
probability of topic_Student_120 is 0.135461

pgibbs sample time: 0.00023 seconds
probability of topic_Staff_65 is 0.0828259

pgibbs sample time: 0.003373 seconds
probability of topic_Faculty_45 is 0.0866495

pgibbs sample time: 5.6e-05 seconds
probability of topic_Course_98 is 0.0708754

pgibbs sample time: 0.001089 seconds
probability of topic_ResearchProject_36 is 0.11303

pgibbs sample time: 0.003371 seconds
probability of topic_Faculty_48 is 0.105776

pgibbs sample time: 0.000125 seconds
probability of topic_Course_32 is 0.0958471

pgibbs sample time: 0.003284 seconds
probability of topic_Faculty_212 is 0.122014

pgibbs sample time: 0.003385 seconds
probability of topic_Student_78 is 0.0827863

pgibbs sample time: 7.2e-05 seconds
probability of topic_Staff_21 is 0.095026

pgibbs sample time: 7.1e-05 seconds
probability of topic_Student_37 is 0.16064

pgibbs sample time: 0.00337 seconds
probability of topic_Student_91 is 0.0935195

pgibbs sample time: 5.8e-05 seconds
probability of topic_ResearchProject_83 is 0.107837

pgibbs sample time: 0.001689 seconds
probability of topic_Department_145 is 0.0922313

pgibbs sample time: 0.000404 seconds
probability of topic_Course_120 is 0.115291

pgibbs sample time: 5.8e-05 seconds
probability of topic_ResearchProject_44 is 0.0700553

pgibbs sample time: 0.000441 seconds
probability of topic_Staff_105 is 0.164076

pgibbs sample time: 5.8e-05 seconds
probability of topic_Department_80 is 0.106577

pgibbs sample time: 7.2e-05 seconds
probability of topic_Faculty_15 is 0.0999374

pgibbs sample time: 0.00011 seconds
probability of topic_Course_94 is 0.0460238

pgibbs sample time: 0.00122 seconds
probability of topic_Department_33 is 0.351968

pgibbs sample time: 0.001784 seconds
probability of topic_ResearchProject_244 is 0.14669

pgibbs sample time: 0.001232 seconds
probability of topic_Department_172 is 0.114771

pgibbs sample time: 0.001229 seconds
probability of topic_Department_36 is 0.095472

pgibbs sample time: 0.001219 seconds
probability of topic_Faculty_33 is 0.174083

pgibbs sample time: 0.001219 seconds
probability of topic_Faculty_209 is 0.128681

pgibbs sample time: 0.001089 seconds
probability of topic_Faculty_164 is 0.148617

pgibbs sample time: 0.000236 seconds
probability of topic_Department_19 is 0.167968

pgibbs sample time: 0.001185 seconds
probability of topic_Course_33 is 0.165848

pgibbs sample time: 0.003374 seconds
probability of topic_Student_353 is 0.232812

pgibbs sample time: 0.001763 seconds
probability of topic_Person_10 is 0.127796

pgibbs sample time: 0.000265 seconds
probability of topic_Faculty_20 is 0.132973

pgibbs sample time: 0.000586 seconds
probability of topic_Course_42 is 0.0356377

pgibbs sample time: 7e-05 seconds
probability of topic_Person_39 is 0.0386279

pgibbs sample time: 0.000762 seconds
probability of topic_Course_186 is 0.118061

pgibbs sample time: 0.000581 seconds
probability of topic_Course_105 is 0.146434

pgibbs sample time: 5.7e-05 seconds
probability of topic_Staff_46 is 0.0866285

pgibbs sample time: 0.000446 seconds
probability of topic_Faculty_61 is 0.105002

pgibbs sample time: 0.001088 seconds
probability of topic_Faculty_172 is 0.0921932

pgibbs sample time: 0.0017 seconds
probability of topic_Person_35 is 0.290964

pgibbs sample time: 0.00024 seconds
probability of topic_Person_231 is 0.146716

pgibbs sample time: 0.000522 seconds
probability of topic_Person_58 is 0.111511

pgibbs sample time: 0.000539 seconds
probability of topic_Person_130 is 0.118289

pgibbs sample time: 0.000557 seconds
probability of topic_Staff_136 is 0.0815441

pgibbs sample time: 0.000497 seconds
probability of topic_Department_111 is 0.0217052

pgibbs sample time: 0.000615 seconds
probability of topic_Staff_125 is 0.129162

pgibbs sample time: 0.000591 seconds
probability of topic_Department_168 is 0.113308

pgibbs sample time: 5.6e-05 seconds
probability of topic_ResearchProject_80 is 0.0931433

pgibbs sample time: 5.7e-05 seconds
probability of topic_Staff_83 is 0.108321

pgibbs sample time: 0.001602 seconds
probability of topic_Course_217 is 0.299825

pgibbs sample time: 7.1e-05 seconds
probability of topic_Department_5 is 0.180984

pgibbs sample time: 0.003853 seconds
probability of topic_ResearchProject_155 is 0.128773

pgibbs sample time: 0.003857 seconds
probability of topic_ResearchProject_157 is 0.13416

pgibbs sample time: 0.001686 seconds
probability of topic_Faculty_87 is 0.14529

pgibbs sample time: 0.003399 seconds
probability of topic_ResearchProject_24 is 0.114272

pgibbs sample time: 0.003399 seconds
probability of topic_ResearchProject_199 is 0.0880398

pgibbs sample time: 0.003403 seconds
probability of topic_ResearchProject_18 is 0.0497807

pgibbs sample time: 7.3e-05 seconds
probability of topic_Department_88 is 0.138107

pgibbs sample time: 0.001585 seconds
probability of topic_Department_3 is 0.110758

pgibbs sample time: 0.003398 seconds
probability of topic_ResearchProject_212 is 0.0356876

pgibbs sample time: 0.001225 seconds
probability of topic_Student_36 is 0.0798596

pgibbs sample time: 0.003412 seconds
probability of topic_Person_155 is 0.0810797

pgibbs sample time: 0.003316 seconds
probability of topic_Person_157 is 0.145479

pgibbs sample time: 5.5e-05 seconds
probability of topic_Course_46 is 0.0842368

pgibbs sample time: 0.001226 seconds
probability of topic_Faculty_41 is 0.0900704

pgibbs sample time: 0.003316 seconds
probability of topic_Person_45 is 0.11799

pgibbs sample time: 0.000235 seconds
probability of topic_Student_19 is 0.229047

pgibbs sample time: 7.1e-05 seconds
probability of topic_Person_85 is 0.0445109

pgibbs sample time: 0.000138 seconds
probability of topic_Student_7 is 0.106332

pgibbs sample time: 0.00336 seconds
probability of topic_Person_24 is 0.125287

pgibbs sample time: 7.5e-05 seconds
probability of topic_ResearchProject_23 is 0.101721

pgibbs sample time: 5.8e-05 seconds
probability of topic_Department_83 is 0.100008

pgibbs sample time: 0.000124 seconds
probability of topic_Person_32 is 0.104278

pgibbs sample time: 5.7e-05 seconds
probability of topic_Faculty_22 is 0.0798315

pgibbs sample time: 5.7e-05 seconds
probability of topic_Department_98 is 0.0616931

pgibbs sample time: 0.000143 seconds
probability of topic_Student_47 is 0.0404268

pgibbs sample time: 7.2e-05 seconds
probability of topic_Department_23 is 0.137829

pgibbs sample time: 7.1e-05 seconds
probability of topic_Department_53 is 0.0932549

pgibbs sample time: 0.00339 seconds
probability of topic_ResearchProject_45 is 0.0958257

pgibbs sample time: 5.6e-05 seconds
probability of topic_Staff_75 is 0.123974

pgibbs sample time: 5.6e-05 seconds
probability of topic_Course_83 is 0.17098

pgibbs sample time: 5.6e-05 seconds
probability of topic_Student_86 is 0.12576

pgibbs sample time: 5.6e-05 seconds
probability of topic_Person_96 is 0.101016

pgibbs sample time: 0.000134 seconds
probability of topic_Faculty_32 is 0.109381

pgibbs sample time: 5.7e-05 seconds
probability of topic_Person_62 is 0.243469

pgibbs sample time: 5.8e-05 seconds
probability of topic_Department_62 is 0.18052

pgibbs sample time: 8.9e-05 seconds
probability of topic_Department_6 is 0.092868

pgibbs sample time: 5.8e-05 seconds
probability of topic_Department_65 is 0.079961

pgibbs sample time: 0.000221 seconds
probability of topic_Course_231 is 0.115645

pgibbs sample time: 7e-05 seconds
probability of topic_Faculty_97 is 0.0976395

pgibbs sample time: 0.000549 seconds
probability of topic_Faculty_136 is 0.0651037

pgibbs sample time: 0.000201 seconds
probability of topic_Faculty_55 is 0.142528

pgibbs sample time: 0.001697 seconds
probability of topic_Staff_156 is 0.159446

pgibbs sample time: 0.001706 seconds
probability of topic_Staff_126 is 0.148997

pgibbs sample time: 0.001707 seconds
probability of topic_Staff_114 is 0.0910376

pgibbs sample time: 0.001576 seconds
probability of topic_Staff_288 is 0.111069

pgibbs sample time: 5.7e-05 seconds
probability of topic_Staff_43 is 0.111413

pgibbs sample time: 0.000259 seconds
probability of topic_ResearchProject_20 is 0.17701

pgibbs sample time: 0.001687 seconds
probability of topic_Faculty_10 is 0.144843

pgibbs sample time: 0.00323 seconds
probability of topic_Staff_157 is 0.187016

pgibbs sample time: 5.6e-05 seconds
probability of topic_Staff_71 is 0.153806

pgibbs sample time: 0.001826 seconds
probability of topic_Faculty_244 is 0.115696

pgibbs sample time: 0.001828 seconds
probability of topic_Faculty_288 is 0.10635

pgibbs sample time: 5.9e-05 seconds
probability of topic_Staff_60 is 0.111758

pgibbs sample time: 0.000274 seconds
probability of topic_Course_93 is 0.0972297

pgibbs sample time: 5.8e-05 seconds
probability of topic_ResearchProject_56 is 0.145229

pgibbs sample time: 0.000584 seconds
probability of topic_Student_61 is 0.156892

pgibbs sample time: 0.000154 seconds
probability of topic_Faculty_7 is 0.127081

pgibbs sample time: 0.001578 seconds
probability of topic_Person_50 is 0.185616

pgibbs sample time: 8.4e-05 seconds
probability of topic_Course_69 is 0.192146

pgibbs sample time: 0.003613 seconds
probability of topic_Department_91 is 0.106212

pgibbs sample time: 0.000228 seconds
probability of topic_Staff_81 is 0.0995954

pgibbs sample time: 0.003599 seconds
probability of topic_Department_45 is 0.113791

pgibbs sample time: 0.003388 seconds
probability of topic_Student_89 is 0.161218

pgibbs sample time: 0.000581 seconds
probability of topic_Staff_57 is 0.106382

pgibbs sample time: 0.000581 seconds
probability of topic_Staff_272 is 0.142081

pgibbs sample time: 0.000579 seconds
probability of topic_Staff_61 is 0.116983

pgibbs sample time: 6.9e-05 seconds
probability of topic_Staff_1 is 0.0626425

pgibbs sample time: 0.003618 seconds
probability of topic_Department_157 is 0.134045

pgibbs sample time: 0.001602 seconds
probability of topic_Department_59 is 0.136681

pgibbs sample time: 0.001559 seconds
probability of topic_Person_54 is 0.11756

pgibbs sample time: 0.000579 seconds
probability of topic_Staff_168 is 0.0972624

pgibbs sample time: 0.001224 seconds
probability of topic_Student_72 is 0.148958

pgibbs sample time: 0.000547 seconds
probability of topic_Faculty_30 is 0.099821

pgibbs sample time: 0.001129 seconds
probability of topic_Staff_33 is 0.121949

pgibbs sample time: 7.1e-05 seconds
probability of topic_Student_39 is 0.0534938

pgibbs sample time: 6.8e-05 seconds
probability of topic_Faculty_1 is 0.114256

pgibbs sample time: 5.7e-05 seconds
probability of topic_Department_26 is 0.120005

pgibbs sample time: 6.8e-05 seconds
probability of topic_Staff_5 is 0.124683

pgibbs sample time: 0.000219 seconds
probability of topic_Person_19 is 0.229716

pgibbs sample time: 5.7e-05 seconds
probability of topic_Faculty_99 is 0.103209

pgibbs sample time: 0.000421 seconds
probability of topic_Staff_67 is 0.103824

pgibbs sample time: 5.8e-05 seconds
probability of topic_Student_46 is 0.108926

pgibbs sample time: 5.8e-05 seconds
probability of topic_Student_70 is 0.0876746

pgibbs sample time: 0.000289 seconds
probability of topic_Student_90 is 0.11623

pgibbs sample time: 0.000287 seconds
probability of topic_Student_200 is 0.0806263

pgibbs sample time: 5.7e-05 seconds
probability of topic_Person_9 is 0.0834132

pgibbs sample time: 0.000515 seconds
probability of topic_Person_67 is 0.123603

pgibbs sample time: 0.001095 seconds
probability of topic_ResearchProject_33 is 0.107858

pgibbs sample time: 0.00051 seconds
probability of topic_Faculty_111 is 0.0921607

pgibbs sample time: 5.8e-05 seconds
probability of topic_Staff_6 is 0.100623

pgibbs sample time: 0.001147 seconds
probability of topic_ResearchProject_164 is 0.0923225

pgibbs sample time: 5.6e-05 seconds
probability of topic_Staff_86 is 0.0832345

pgibbs sample time: 0.001572 seconds
probability of topic_Department_50 is 0.0971738

pgibbs sample time: 0.000809 seconds
probability of topic_ResearchProject_105 is 0.107269

pgibbs sample time: 0.001707 seconds
probability of topic_Staff_3 is 0.132621

pgibbs sample time: 0.001582 seconds
probability of topic_Person_146 is 0.267317

pgibbs sample time: 0.001581 seconds
probability of topic_Person_102 is 0.15581

pgibbs sample time: 0.001623 seconds
probability of topic_Course_28 is 0.100471

pgibbs sample time: 0.003324 seconds
probability of topic_Person_133 is 0.136758

pgibbs sample time: 5.5e-05 seconds
probability of topic_Person_6 is 0.10676

pgibbs sample time: 0.000203 seconds
probability of topic_Faculty_119 is 0.114725

pgibbs sample time: 7.1e-05 seconds
probability of topic_Course_22 is 0.0783993

pgibbs sample time: 0.001684 seconds
probability of topic_ResearchProject_145 is 0.120481

pgibbs sample time: 7.4e-05 seconds
probability of topic_Student_15 is 0.127456

pgibbs sample time: 0.001222 seconds
probability of topic_Student_118 is 0.139862

pgibbs sample time: 0.000221 seconds
probability of topic_Staff_19 is 0.083191

pgibbs sample time: 0.003338 seconds
probability of topic_Staff_91 is 0.0928724

pgibbs sample time: 0.001696 seconds
probability of topic_ResearchProject_17 is 0.117213

pgibbs sample time: 0.000287 seconds
probability of topic_Person_90 is 0.187269

pgibbs sample time: 0.00029 seconds
probability of topic_Person_200 is 0.154661

pgibbs sample time: 5.6e-05 seconds
probability of topic_Course_56 is 0.0891904

pgibbs sample time: 0.000469 seconds
probability of topic_Course_134 is 0.11406

pgibbs sample time: 0.003621 seconds
probability of topic_Department_258 is 0.117395

pgibbs sample time: 5.8e-05 seconds
probability of topic_Student_60 is 0.117873

pgibbs sample time: 9.5e-05 seconds
probability of topic_Staff_77 is 0.0861591

pgibbs sample time: 0.001103 seconds
probability of topic_ResearchProject_209 is 0.105102

pgibbs sample time: 0.003403 seconds
probability of topic_ResearchProject_2 is 0.124977

pgibbs sample time: 5.8e-05 seconds
probability of topic_Faculty_51 is 0.0798315

pgibbs sample time: 7e-05 seconds
probability of topic_Faculty_85 is 0.0598623

pgibbs sample time: 0.0002 seconds
probability of topic_Department_47 is 0.0687352

pgibbs sample time: 5.4e-05 seconds
probability of topic_Staff_62 is 0.111338

pgibbs sample time: 0.000228 seconds
probability of topic_Staff_20 is 0.0930989

pgibbs sample time: 0.001686 seconds
probability of topic_ResearchProject_288 is 0.125228

pgibbs sample time: 0.0002 seconds
probability of topic_Faculty_73 is 0.132729

pgibbs sample time: 6.9e-05 seconds
probability of topic_Person_21 is 0.0975907

pgibbs sample time: 5.9e-05 seconds
probability of topic_ResearchProject_60 is 0.110987

pgibbs sample time: 0.000414 seconds
probability of topic_Department_31 is 0.101968

pgibbs sample time: 0.000481 seconds
probability of topic_Department_92 is 0.0894995

pgibbs sample time: 0.000525 seconds
probability of topic_Faculty_67 is 0.0930105

pgibbs sample time: 0.000525 seconds
probability of topic_Faculty_134 is 0.0725334

pgibbs sample time: 0.000268 seconds
probability of topic_Department_81 is 0.167898

pgibbs sample time: 0.001618 seconds
probability of topic_Faculty_102 is 0.147466

pgibbs sample time: 7.2e-05 seconds
probability of topic_Faculty_76 is 0.115803

pgibbs sample time: 0.001595 seconds
probability of topic_Department_54 is 0.123271

pgibbs sample time: 0.001664 seconds
probability of topic_Department_114 is 0.0969334

pgibbs sample time: 0.003234 seconds
probability of topic_Staff_45 is 0.0971092

pgibbs sample time: 0.003512 seconds
probability of topic_ResearchProject_258 is 0.112853

pgibbs sample time: 0.000352 seconds
probability of topic_ResearchProject_13 is 0.131061

pgibbs sample time: 0.000352 seconds
probability of topic_ResearchProject_187 is 0.0650022

pgibbs sample time: 0.000385 seconds
probability of topic_Staff_4 is 0.0541792

pgibbs sample time: 8.3e-05 seconds
probability of topic_Course_76 is 0.0920289

pgibbs sample time: 0.001267 seconds
probability of topic_ResearchProject_126 is 0.113332

pgibbs sample time: 7e-05 seconds
probability of topic_Course_15 is 0.0878773

pgibbs sample time: 0.001822 seconds
probability of topic_Student_244 is 0.160261

pgibbs sample time: 0.003297 seconds
probability of topic_Faculty_78 is 0.101065

pgibbs sample time: 5.7e-05 seconds
probability of topic_ResearchProject_71 is 0.108601

pgibbs sample time: 7.1e-05 seconds
probability of topic_Staff_64 is 0.0797388

pgibbs sample time: 0.000804 seconds
probability of topic_ResearchProject_42 is 0.0856189

pgibbs sample time: 5.8e-05 seconds
probability of topic_Staff_66 is 0.0895899

pgibbs sample time: 0.00352 seconds
probability of topic_Course_18 is 0.0741894

pgibbs sample time: 0.00026 seconds
probability of topic_Person_93 is 0.035844

pgibbs sample time: 0.000384 seconds
probability of topic_Staff_111 is 0.0986242

pgibbs sample time: 0.001709 seconds
probability of topic_Staff_54 is 0.120993

pgibbs sample time: 0.000112 seconds
probability of topic_Faculty_94 is 0.0406196

pgibbs sample time: 7e-05 seconds
probability of topic_Person_97 is 0.175232

pgibbs sample time: 5.7e-05 seconds
probability of topic_ResearchProject_96 is 0.112931

pgibbs sample time: 5.7e-05 seconds
probability of topic_Department_75 is 0.101285

pgibbs sample time: 6.9e-05 seconds
probability of topic_Staff_53 is 0.0926435

pgibbs sample time: 0.000258 seconds
probability of topic_Course_20 is 0.103659

pgibbs sample time: 7.3e-05 seconds
probability of topic_ResearchProject_95 is 0.155606

pgibbs sample time: 0.003518 seconds
probability of topic_Department_18 is 0.0586302

pgibbs sample time: 0.003526 seconds
probability of topic_Department_78 is 0.0966753

pgibbs sample time: 0.001121 seconds
probability of topic_Department_209 is 0.127066

pgibbs sample time: 0.003512 seconds
probability of topic_Department_353 is 0.102782

pgibbs sample time: 0.003305 seconds
probability of topic_Faculty_89 is 0.0820379

pgibbs sample time: 0.000251 seconds
probability of topic_Person_81 is 0.11793

pgibbs sample time: 7.2e-05 seconds
probability of topic_Faculty_95 is 0.0893087

pgibbs sample time: 0.00025 seconds
probability of topic_Person_20 is 0.113637

pgibbs sample time: 0.000139 seconds
probability of topic_Department_52 is 0.111294

pgibbs sample time: 0.000556 seconds
probability of topic_Person_57 is 0.120206

pgibbs sample time: 0.000805 seconds
probability of topic_ResearchProject_327 is 0.0823731

pgibbs sample time: 0.000114 seconds
probability of topic_ResearchProject_32 is 0.104932

pgibbs sample time: 5.7e-05 seconds
probability of topic_ResearchProject_40 is 0.0913892

pgibbs sample time: 0.00169 seconds
probability of topic_Faculty_17 is 0.136116

pgibbs sample time: 5.6e-05 seconds
probability of topic_Staff_84 is 0.101301

pgibbs sample time: 5.5e-05 seconds
probability of topic_Staff_80 is 0.0948402

pgibbs sample time: 5.7e-05 seconds
probability of topic_Student_38 is 0.0956805

pgibbs sample time: 0.000136 seconds
probability of topic_Staff_47 is 0.0599222

pgibbs sample time: 5.6e-05 seconds
probability of topic_Staff_44 is 0.0874999

pgibbs sample time: 0.000235 seconds
probability of topic_ResearchProject_49 is 0.119376

pgibbs sample time: 0.003979 seconds
probability of topic_ResearchProject_78 is 0.0969937

pgibbs sample time: 7.1e-05 seconds
probability of topic_Faculty_53 is 0.108402

pgibbs sample time: 0.001585 seconds
probability of topic_Department_146 is 0.338622

pgibbs sample time: 0.00145 seconds
probability of topic_Department_102 is 0.0817138

pgibbs sample time: 0.001406 seconds
probability of topic_Department_28 is 0.116456

pgibbs sample time: 5.8e-05 seconds
probability of topic_Course_38 is 0.105285

pgibbs sample time: 5.6e-05 seconds
probability of topic_Person_66 is 0.1089

pgibbs sample time: 5.5e-05 seconds
probability of topic_Course_68 is 0.113941

pgibbs sample time: 0.003427 seconds
probability of topic_Course_12 is 0.129046

pgibbs sample time: 0.00353 seconds
probability of topic_Course_155 is 0.113709

pgibbs sample time: 6.1e-05 seconds
probability of topic_Faculty_44 is 0.147875

pgibbs sample time: 5.6e-05 seconds
probability of topic_Course_75 is 0.0834726

pgibbs sample time: 0.003394 seconds
probability of topic_Student_133 is 0.153116

pgibbs sample time: 0.000355 seconds
probability of topic_ResearchProject_31 is 0.0859027

pgibbs sample time: 0.000355 seconds
probability of topic_ResearchProject_92 is 0.0917662

pgibbs sample time: 6.1e-05 seconds
probability of topic_Department_60 is 0.122427

pgibbs sample time: 0.000543 seconds
probability of topic_Department_130 is 0.123384

pgibbs sample time: 0.000388 seconds
probability of topic_Faculty_57 is 0.117115

pgibbs sample time: 0.000197 seconds
probability of topic_Course_19 is 0.0834186

pgibbs sample time: 0.000196 seconds
probability of topic_Course_49 is 0.0953961

pgibbs sample time: 5.8e-05 seconds
probability of topic_Faculty_16 is 0.122699

pgibbs sample time: 5.5e-05 seconds
probability of topic_Staff_96 is 0.114578

pgibbs sample time: 5.7e-05 seconds
probability of topic_Faculty_60 is 0.0981916

pgibbs sample time: 0.000101 seconds
probability of topic_Student_63 is 0.0726067

pgibbs sample time: 0.003631 seconds
probability of topic_Department_155 is 0.15703

pgibbs sample time: 7e-05 seconds
probability of topic_Course_5 is 0.080082

pgibbs sample time: 0.003414 seconds
probability of topic_Course_212 is 0.0598247

pgibbs sample time: 0.000236 seconds
probability of topic_Department_49 is 0.11008

pgibbs sample time: 7e-05 seconds
probability of topic_Person_37 is 0.15571

pgibbs sample time: 8.3e-05 seconds
probability of topic_Course_23 is 0.224324

pgibbs sample time: 0.00028 seconds
probability of topic_Staff_231 is 0.10174

pgibbs sample time: 0.001221 seconds
probability of topic_Person_33 is 0.0734086

pgibbs sample time: 0.00122 seconds
probability of topic_Person_209 is 0.164951

pgibbs sample time: 0.001094 seconds
probability of topic_Person_164 is 0.160161

pgibbs sample time: 0.000468 seconds
probability of topic_Student_13 is 0.0562042

pgibbs sample time: 0.000358 seconds
probability of topic_Student_187 is 0.17501

pgibbs sample time: 0.000458 seconds
probability of topic_Person_4 is 0.114607

pgibbs sample time: 0.003401 seconds
probability of topic_Faculty_18 is 0.0505136

pgibbs sample time: 5.9e-05 seconds
probability of topic_Faculty_82 is 0.0833607

pgibbs sample time: 0.003398 seconds
probability of topic_Student_258 is 0.125992

pgibbs sample time: 7e-05 seconds
probability of topic_Staff_97 is 0.149585

pgibbs sample time: 0.000784 seconds
probability of topic_Person_42 is 0.169575

pgibbs sample time: 0.000789 seconds
probability of topic_Person_186 is 0.10277

pgibbs sample time: 0.001153 seconds
probability of topic_Staff_72 is 0.0575946

pgibbs sample time: 0.000446 seconds
probability of topic_Staff_186 is 0.108436

pgibbs sample time: 5.6e-05 seconds
probability of topic_Course_34 is 0.101594

pgibbs sample time: 0.000257 seconds
probability of topic_Course_81 is 0.136955

pgibbs sample time: 0.000293 seconds
probability of topic_ResearchProject_90 is 0.149884

pgibbs sample time: 7.2e-05 seconds
probability of topic_Department_79 is 0.145098

pgibbs sample time: 5.5e-05 seconds
probability of topic_Staff_56 is 0.0930899

pgibbs sample time: 0.00324 seconds
probability of topic_Staff_258 is 0.0823864

pgibbs sample time: 5.9e-05 seconds
probability of topic_Student_82 is 0.123171

pgibbs sample time: 0.001708 seconds
probability of topic_Person_87 is 0.187623

pgibbs sample time: 0.000284 seconds
probability of topic_Department_90 is 0.139046

pgibbs sample time: 0.000413 seconds
probability of topic_Student_31 is 0.152307

pgibbs sample time: 5.7e-05 seconds
probability of topic_Faculty_26 is 0.156856

pgibbs sample time: 0.00124 seconds
probability of topic_Faculty_106 is 0.128961

pgibbs sample time: 5.9e-05 seconds
probability of topic_Student_83 is 0.126211

pgibbs sample time: 0.001826 seconds
probability of topic_Staff_59 is 0.114062

pgibbs sample time: 0.00058 seconds
probability of topic_Department_30 is 0.107086

pgibbs sample time: 0.000295 seconds
probability of topic_ResearchProject_200 is 0.0642674

pgibbs sample time: 0.001138 seconds
probability of topic_Staff_164 is 0.103263

pgibbs sample time: 0.000261 seconds
probability of topic_Course_90 is 0.0815232

pgibbs sample time: 7e-05 seconds
probability of topic_Person_14 is 0.0940298

pgibbs sample time: 0.003323 seconds
probability of topic_Person_91 is 0.0712624

pgibbs sample time: 0.001257 seconds
probability of topic_Department_118 is 0.0914053

pgibbs sample time: 5.8e-05 seconds
probability of topic_ResearchProject_6 is 0.10165

pgibbs sample time: 5.8e-05 seconds
probability of topic_Faculty_66 is 0.079707

pgibbs sample time: 0.001245 seconds
probability of topic_Department_41 is 0.0864616

pgibbs sample time: 0.00125 seconds
probability of topic_Department_72 is 0.0633184

pgibbs sample time: 5.8e-05 seconds
probability of topic_Student_99 is 0.10325

pgibbs sample time: 7e-05 seconds
probability of topic_Department_97 is 0.227962

pgibbs sample time: 0.000587 seconds
probability of topic_Department_8 is 0.207776

pgibbs sample time: 0.000523 seconds
probability of topic_Person_111 is 0.235142

pgibbs sample time: 0.001525 seconds
probability of topic_Course_59 is 0.191116

pgibbs sample time: 7e-05 seconds
probability of topic_Course_88 is 0.121482

pgibbs sample time: 0.001525 seconds
probability of topic_Course_126 is 0.0846621

pgibbs sample time: 0.001527 seconds
probability of topic_Course_156 is 0.135071

pgibbs sample time: 6.1e-05 seconds
probability of topic_Faculty_80 is 0.0854832

pgibbs sample time: 0.001522 seconds
probability of topic_Course_3 is 0.0986722

pgibbs sample time: 0.0001 seconds
probability of topic_Faculty_77 is 0.102278

pgibbs sample time: 0.001701 seconds
probability of topic_Department_129 is 0.150145

pgibbs sample time: 0.000631 seconds
probability of topic_Student_4 is 0.184095

pgibbs sample time: 5.6e-05 seconds
probability of topic_Course_26 is 0.141758

pgibbs sample time: 5.7e-05 seconds
probability of topic_Person_26 is 0.11794

pgibbs sample time: 0.000237 seconds
probability of topic_ResearchProject_65 is 0.088794

pgibbs sample time: 0.000404 seconds
probability of topic_Person_92 is 0.0969954

pgibbs sample time: 0.000263 seconds
probability of topic_Department_116 is 0.0987621

pgibbs sample time: 0.003432 seconds
probability of topic_Course_199 is 0.108766

pgibbs sample time: 0.001709 seconds
probability of topic_Department_217 is 0.13526

pgibbs sample time: 7.2e-05 seconds
probability of topic_Department_51 is 0.0995726

pgibbs sample time: 5.6e-05 seconds
probability of topic_Person_99 is 0.0813615

pgibbs sample time: 0.000371 seconds
probability of topic_Staff_92 is 0.0717719

pgibbs sample time: 7.4e-05 seconds
probability of topic_Faculty_88 is 0.140824

pgibbs sample time: 7.3e-05 seconds
probability of topic_ResearchProject_85 is 0.0522662

pgibbs sample time: 0.000428 seconds
probability of topic_Staff_11 is 0.100195

pgibbs sample time: 0.000425 seconds
probability of topic_Staff_134 is 0.0476274

pgibbs sample time: 5.7e-05 seconds
probability of topic_Faculty_98 is 0.087534

pgibbs sample time: 5.7e-05 seconds
probability of topic_ResearchProject_9 is 0.188793

pgibbs sample time: 5.8e-05 seconds
probability of topic_Student_34 is 0.159601

pgibbs sample time: 0.000291 seconds
probability of topic_Department_231 is 0.0996346

pgibbs sample time: 0.001527 seconds
probability of topic_Course_114 is 0.090479

pgibbs sample time: 8.7e-05 seconds
probability of topic_Student_23 is 0.0331828

pgibbs sample time: 0.000814 seconds
probability of topic_ResearchProject_186 is 0.0857623

pgibbs sample time: 5.7e-05 seconds
probability of topic_ResearchProject_16 is 0.109777

pgibbs sample time: 5.7e-05 seconds
probability of topic_Person_43 is 0.108171

pgibbs sample time: 0.003747 seconds
probability of topic_Faculty_155 is 0.204437

pgibbs sample time: 0.000286 seconds
probability of topic_Department_25 is 0.0493549

pgibbs sample time: 0.003359 seconds
probability of topic_Faculty_157 is 0.12898

pgibbs sample time: 7.3e-05 seconds
probability of topic_Department_39 is 0.0344568

pgibbs sample time: 0.003233 seconds
probability of topic_Staff_169 is 0.314463

pgibbs sample time: 0.003243 seconds
probability of topic_Staff_18 is 0.0424896

pgibbs sample time: 7.3e-05 seconds
probability of topic_Faculty_68 is 0.0642363

pgibbs sample time: 0.00042 seconds
probability of topic_Department_58 is 0.0989395

pgibbs sample time: 0.003234 seconds
probability of topic_Staff_212 is 0.122588

pgibbs sample time: 0.000247 seconds
probability of topic_Person_187 is 0.170498

pgibbs sample time: 5.9e-05 seconds
probability of topic_Student_98 is 0.180909

pgibbs sample time: 0.003394 seconds
probability of topic_Student_24 is 0.151796

pgibbs sample time: 8.4e-05 seconds
probability of topic_ResearchProject_77 is 0.121519

pgibbs sample time: 7.1e-05 seconds
probability of topic_Person_27 is 0.118117

pgibbs sample time: 5.8e-05 seconds
probability of topic_ResearchProject_62 is 0.174317

pgibbs sample time: 0.000516 seconds
probability of topic_Staff_8 is 0.161463

pgibbs sample time: 7.1e-05 seconds
probability of topic_Student_14 is 0.100423

pgibbs sample time: 6.9e-05 seconds
probability of topic_Staff_51 is 0.0775693

pgibbs sample time: 0.000516 seconds
probability of topic_Staff_110 is 0.0876058

pgibbs sample time: 7.1e-05 seconds
probability of topic_Course_77 is 0.0343808

pgibbs sample time: 0.000264 seconds
probability of topic_Department_93 is 0.101962

pgibbs sample time: 5.6e-05 seconds
probability of topic_Student_75 is 0.10162

pgibbs sample time: 0.00016 seconds
probability of topic_ResearchProject_7 is 0.0833411

