observed tuples: r3380 r465 r4745 r3898 r4908 r511 r3157 r1907 r258 r1135 r3362 r2465 r2222 r3656 r4130 r1262 r2992 r50 r4296 r3982 r3392 r3653 r4427 r3347 r1403 r3900 r2396 r1987 r2874 r3078 r576 r2805 r4775 r1660 r4001 r4739 r3589 r3519 r2765 r3192 r2726 r4920 r1470 r3092 r2525 r3366 r1575 r3313 r1256 r2492 r810 r4208 r2354 r1063 r3348 r543 r1004 r2741 r3315 r4444 r3923 r3879 r4108 r2115 r549 r3361 r3673 r3224 r3472 r4243 r3518 r2042 r1491 r294 r1812 r3400 r734 r559 r3319 r305 r3710 r1931 r2612 r2230 r3435 r4396 r2586 r2618 r4571 r1389 r2127 r2509 r919 r4367 r2161 r4755 r3927 r1524 r4101 r232 r1609 r4224 r3783 r4234 r2394 r2472 r78 r620 r929 r3969 r3016 r3857 r3998 r3574 r1873 r263 r4609 r3866 r299 r1823 r3535 r2952 r3711 r4688 r3247 r2431 r1189 r2049 r4987 r2763 r1103 r4307 r2880 r1452 r1428 r3184 r3167 r1180 r4712 r980 r4146 r2697 r2376 r1490 r1916 r3388 r1462 r4612 r4082 r4768 r2143 r127 r1897 r2125 r2875 r4891 r721 r651 r4838 r3793 r4503 r4273 r23 r4632 r4629 r4425 r3038 r2804 r1985 r2597 r4894 r2831 r4565 r155 r1104 r4743 r702 r2947 r4237 r1320 r2644 r2436 r1788 r4871 r1787 r3425 r798 r3475 r2382 r2746 r558 r2274 r3559 r3013 r1989 r419 r2253 r1726 r423 r1471 r3246 r1832 r1229 r4067 r3308 r3474 r2795 r3786 r1070 r2173 r2014 r3344 r1353 r304 r859 r3386 r3800 r1634 r2660 r1782 r3720 r3363 r3893 r1984 r3831 r3810 r4334 r2769 r3042 r4666 r897 r3745 r1558 r2245 r60 r2636 r165 r4030 r2006 r126 r46 r999 r4744 r1380 r3961 r3222 r3420 r3986 r3268 r1479 r3799 r861 r3196 r2265 r2781 r359 r2794 r2847 r1195 r3816 r424 r2623 r4150 r4771 r1709 r2876 r2011 r3611 r593 r3641 r4848 r1772 r2835 r4222 r2390 r2153 r2264 r1838 r1626 r677 r374 r1994 r2483 r3787 r1083 r3068 r2756 r1149 r1829 r4156 r297 r561 r2543 r3083 r3160 r4329 r3621 r2873 r3695 r4676 r378 r2981 r146 r4353 r1669 r3735 r4317 r143 r724 r4123 r1179 r3662 hasword_paper_26 r4211 r591 r4749 r986 r2355 r2604 r3914 r2255 r2720 r2884 r339 r400 r3410 r1284 r1332 r4680 hasword_univers_12 r3239 links_155_133 r1805 r1774 hasword_includ_155 hasword_point_155 hasword_case_155 r347 hasword_email_157 hasword_address_157 r2414 r3975 r180 r4393 r3708 r941 r520 r644 r4205 r4929 r3661 r1113 r3070 r1764 r1430 r3636 r162 r2825 r3565 r584 r1217 links_81_20 r2320 hasword_complex_20 r2343 r3856 hasword_press_20 r3031 r666 r2429 r218 r3931 r2461 r2229 r2680 r1545 r1019 r2138 links_155_169 r1506 r1887 r485 r224 r1431 r3234 r3462 r3508 r2269 r3864 r2701 r484 r2678 r2527 r4568 r3084 r341 r1955 r3176 r1910 r2389 r2215 r4483 r4445 r4071 r1811 r2647 r2177 r1339 r3021 r659 r4906 r1530 r3828 links_19_49 hasword_html_19 r4912 r3278 r1155 r1147 r4852 r4923 r628 r4604 r650 r1269 r1550 r1305 r2099 r4163 r2067 r3548 r4332 r1675 r354 links_41_174 hasword_architectur_118 r858 r3954 r3335 hasword_june_118 r2235 r303 r1707 r1258 r1287 r2093 r4656 hasword_jan_5 r2345 hasword_parallel_72 r2549 r809 hasword_common_52 r4324 r769 hasword_server_66 r1277 r356 r1891 r2333 r3342 r4665 r1543 r4610 hasword_direct_63 r2100 r4651 r840 r3426 hasword_phone_78 r1001 hasword_network_73 r3757 r2927 hasword_pointer_85 r1856 r3807 links_87_35 links_87_10 r3576 r4213 r2799 r1133 r411 hasword_tuesdai_65 r2242 r4967 r1116 r392 r750 hasword_creat_96 hasword_show_200 r3256 hasword_text_21 links_4_111 r536 hasword_wide_35 r495 r1285 r298 r2020 r889 r4948 hasword_algorithm_186 links_50_146 links_55_73 r1979 r1043 hasword_mime_244 r123 r754 r2818 r784 r1093 r214 r206 hasword_principl_83 r3583 r3431 hasword_constraint_76 r3169 rl hasword_task_47 hasword_base_47 r2321 r1098 hasword_intellig_47 r238 r672 r2616 r3794 r3 r1642 hasword_modifi_110 r3345 r4842 hasword_environ_53 hasword_date_53 r4718 r4487 hasword_ta_24 r4726 r3130 hasword_unit_57 hasword_numer_119 r737 r3221 r3934 hasword_time_72 r4459 hasword_induct_7 r1487 r3384 r1282 hasword_librari_3 links_126_59 links_57_61 r1893 hasword_john_116 r3253 r4021 r302 r4972 hasword_unit_7 r3237 r161 hasword_show_77 r342 r1898 r1695 r518 links_13_187 hasword_student_94 hasword_student_134 r836 hasword_logic_187 r2458 r2667 r1525 r4924 r1078 r942 r3440 r230 hasword_window_99 r2083 links_209_36 r955 hasword_lab_199 r1427 r1385 hasword_bound_52 r2859 r818 links_209_33 r1089 links_164_209 hasword_faculti_33 r3562 r2118 hasword_queri_76 r4637 r2774 hasword_made_90 r4706 r4854 r823 r4770 hasword_paul_61 r930 hasword_univers_88 r2714 r1719 r3769 hasword_intern_47 hasword_de_4 r4619 r4465 hasword_nov_62 hasword_mondai_85 hasword_ftp_174 r4129 r3044 r3907 hasword_build_58 hasword_small_126 r2705 r900 r2066 hasword_length_258 r2610 hasword_educ_95 hasword_plan_2 r4603 r256 hasword_autom_105 r2279 r4174 r2405 r1435 hasword_manag_25 r3707 r4658 r1953 r4413 r722 hasword_train_180 links_136_30 r2842 r205 hasword_experi_92 r1700 r3718 r1261 r2999 hasword_class_59 links_30_136 r1775 r1193 r3185 links_17_244 r4732 r1688 r4954 r3836 r1833 r381 r2316 hasword_lab_111 r3423 r4806 r2791 r4111 hasword_logic_7 hasword_event_35 r1475 r2486 r1366 hasword_html_46 r3729 r4045 hasword_cern_111 hasword_gmt_5 r3377 r3393 hasword_nation_55 links_33_209 r1211 hasword_string_42 links_78_180 r2857 r4428 r2862 hasword_postscript_17 r4195 r615 hasword_wide_37 links_28_102 hasword_institut_169 r478 r3236 r4225 hasword_jan_8 r2114 hasword_develop_10 hasword_space_25 hasword_modifi_25 hasword_propos_32 r3546 hasword_confer_9 hasword_graduat_4 links_11_67 r1386 r3844 links_90_200 r3397 r847 r2673 hasword_respons_200 r2896 links_102_50 r3978 r273 links_50_29 r3887 r4512 r2198 r2736 hasword_form_77 r4484 hasword_jan_42 r62 r966 links_106_41 r2448 links_29_102 r3592 links_8_110 links_116_93 r4070 r2727 hasword_transfer_12 hasword_prototyp_7 hasword_html_118 r3818 hasword_date_74 r3141 r4600 hasword_faq_55 r1961 hasword_parallel_231 hasword_member_164 hasword_dynam_27 r3563 r4173 hasword_engin_87 r1810 r4216 hasword_storag_3 r2417 r4820 r4857 hasword_includ_13 r2921 links_125_136 hasword_current_35 r991 r2456 links_42_186 r3017 r2796 r192 r4970 r775 links_134_11 hasword_april_4 r2084 r3834 links_209_164 r912 r4126 r3188 links_78_258 hasword_test_125 r4683 r4740 r1940 r831 r1099 r2668 r9 r842 r353 r2830 r4075 r609 r1075 hasword_number_30 r3690 r4938 hasword_utexa_130 links_111_58 r187 r3428 hasword_group_115 hasword_wide_50 links_110_130 r4181 hasword_definit_21 r2444 r210 hasword_nov_77 r4943 hasword_work_71 r1445 r349 links_186_105 links_126_3 r2908 r455 hasword_algorithm_84 r978 r2352 hasword_paramet_20 hasword_austin_32 hasword_deriv_65 hasword_jan_32 hasword_jan_27 hasword_check_111 hasword_write_31 hasword_mail_209 r3040 r1132 hasword_support_111 r1270 r29 links_93_116 r3901 r2823 r2085 r3748 r1674 hasword_investig_106 links_136_125 r4405 r2803 hasword_hall_102 r4628 r4875 hasword_put_77 r70 r2575 r2581 r4494 r4312 r2088 r790 r1439 r1566 hasword_approxim_7 r4140 r2628 hasword_univers_69 links_168_57 hasword_content_40 hasword_type_136 r4563 hasword_india_68 r2520 hasword_real_31 r1304 hasword_engin_42 r3137 hasword_size_200 r4960 hasword_mechan_23 r1914 hasword_window_39 hasword_chapter_60 r2630 r603 hasword_line_4 r4196 hasword_add_14 r3655 hasword_major_41 links_2_199 hasword_program_105 r4735 r2559 r2043 r300 r7 links_29_28 r3853 r2712 hasword_ed_42 r4837 hasword_type_168 r476 hasword_onlin_88 hasword_page_97 r1342 r3019 r2893 r4077 hasword_contact_17 r3271 hasword_jan_79 r1012 links_65_119 r4845 r797 r1753 links_12_155 r2111 r1880 r2267 hasword_docum_79 links_57_168 r1560 r2528 r4159 r621 r4366 r1176 hasword_mondai_68 r3902 hasword_program_70 r2112 hasword_gmt_67 r2629 r741 r3338 r2070 r1325 r3966 links_59_126 links_110_8 links_156_126 hasword_left_75 links_54_114 hasword_process_36 hasword_version_41 r75 hasword_richard_7 r3191 r337 r4033 r469 r3918 r1003 r2102 r872 r4922 hasword_content_36 hasword_score_3 r565 hasword_announc_217 r2733 r3947 r4458 r961 links_155_157 r2589 r2358 r1828 r3749 r3290 r450 r3534 r3312 r1006 r1031 r4062 r4139 hasword_proceed_95 hasword_implem_156 r4117 hasword_open_111 r2452 links_172_209 r2984 r4 hasword_document_92 r4995 hasword_server_64 r876 hasword_dynam_3 r2671 links_41_118 r181 r231 hasword_set_42 r4431 links_3_156 r2521 r1934 hasword_orient_126 r24 hasword_implement_126 r834 r4807 hasword_larg_126 r2752 r3622 r2517 links_126_156 r2029 links_59_217 r4817 r2591 hasword_resourc_78 r2706 r3894 r1437 hasword_resourc_2 r3935 r440 r1254 hasword_file_56 r4177 r4180 r4873 hasword_cern_15 r3719 r2467 r1450 links_29_50 r4533 hasword_wait_52 r4490 r1807 hasword_depart_146 r946 hasword_music_52 hasword_begin_102 r1498 r4434 r1906 r4654 r212 r1494 r121 hasword_provid_28 r681 hasword_modifi_134 r2821 links_199_18 hasword_great_63 r4573 r1969 r1554 r3524 r2950 r843 r33 r3516 r2554 links_50_102 r2050 links_50_28 r136 r1703 r4488 r4835 hasword_system_29 r829 r2276 hasword_www_180 r1944 r351 links_41_106 r2588 links_41_72 r4089 r2478 r2734 hasword_austin_69 r144 hasword_aug_98 r1333 hasword_architectur_7 r2840 r4365 r4286 r2561 r3050 r3501 hasword_sequenc_43 r3979 r408 r4232 r3478 r2233 hasword_gmt_37 r3365 r4855 r3081 r2337 r4104 r56 r3736 r2608 r4777 hasword_mime_114 hasword_univers_187 r2913 r1370 hasword_ph_34 r4558 links_126_54 r1237 r1409 r388 hasword_tx_133 r2973 r2449 r3076 links_133_24 r913 r631 links_24_133 r3186 links_91_45 r2780 r3067 links_209_172 hasword_text_22 r4209 r1276 hasword_machin_22 r1376 r3725 r1334 r4092 r10 r4635 hasword_utexa_54 r2263 hasword_jan_97 r1546 r1377 r1520 r4358 r3536 r3950 r4535 r3416 hasword_move_48 links_48_180 hasword_text_45 r2534 r4509 hasword_materi_23 links_45_48 hasword_consist_49 r3590 r3244 links_155_199 r3409 r3082 r4304 r2814 links_28_50 r962 r2719 r2384 hasword_develop_174 r1032 r3433 hasword_suggest_91 hasword_texa_91 links_91_180 hasword_gmt_76 r1295 r4841 r3330 r4589 r4692 r4118 r4093 r3468 r4816 r219 r2722 r795 hasword_train_7 r3201 hasword_version_18 hasword_artifici_145 r2415 hasword_position_17 links_17_145 r837 r489 r1465 r3806 r1748 r261 r2018 r2888 r3512 links_25_231 r4392 links_41_115 r4953 r2710 r3768 hasword_room_30 r4653 r760 r3202 r1871 r3152 r2642 r2844 r896 r1580 r960 r4473 r4824 r2580 r3343 r2176 r4452 r4194 r2395 r1360 r4966 hasword_date_172 hasword_univers_146 r2565 r2060 r2640 hasword_area_17 r142 r3724 r4149 links_89_180 r4463 r1227 r1468 r1615 r4993 r3415 r4022 links_13_296 r2170 r2889 r2055 hasword_provid_200 r882 r794 r4616 r606 r2096 r3465 r2854 r1410 hasword_wa_15 r74 r1321 r22 hasword_text_51 r642 hasword_sourc_64 r3383 r1913 links_2_169 r1526 r4341 r3360 r3168 r2865 r2117 r176 r3276 r3298 r3905 r1737 r4572 hasword_past_32 hasword_limit_32 hasword_version_296 r4750 r2266 hasword_order_47 r1243 r4730 r4492 r2816 hasword_equal_52 r2767 hasword_count_52 r2757 hasword_version_82 r3692 r4996 r4290 r1900 r2815 hasword_process_63 r1424 r2211 r1441 r3520 r4227 r3205 r1124 hasword_form_94 r917 r1937 r2909 r3600 r4731 r3025 r3144 r4031 r4879 r2168 r201 r1017 r246 hasword_effici_51 r3183 r1489 r1364 r3873 r990 hasword_solution_14 r4371 r4257 r2829 r1246 r3194 r55 r1266 r2241 r1921 r3007 hasword_gmt_50 hasword_texa_6 r4645 r4606 r1354 r993 r3252 r69 r3897 r4076 r2624 r4065 r1601 hasword_elem_18 r2785 hasword_base_1 r2611 links_11_134 r3069 r710 r4976 r2826 r2446 r3088 r3664 r2964 hasword_instruct_81 r4560 r358 r4372 hasword_server_136 r1557 hasword_oct_44 r2750 r1184 r3555 r1996 r2236 r1225 r3875 r105 r4782 r2347 r2942 r1763 r1678 r4379 r4843 r2428 r1860 r3539 r1390 r2303 r1603 r4527 hasword_html_94 hasword_jan_120 hasword_mon_94 r3785 r1136 r1574 r2792 r1696 r3689 hasword_oct_11 r3451 hasword_articl_25 r346 r1357 r1319 r4074 r1024 r1911 r2885 r4800 r2270 hasword_author_93 r2812 hasword_techniqu_89 r3882 r2000 r365 hasword_chang_63 r4542 r39 r4642 r845 r3014 r1061 r3728 r2926 r413 r4919 r3405 r1622 r3628 hasword_date_80 r1402 r4678 hasword_manag_16 hasword_date_23 r893 r3704 r51 r1202 hasword_complet_32 r1638 r4258 r4120 hasword_colleg_38 r1057 r3303 r1025 hasword_nov_19 links_31_120 links_31_92 hasword_mime_86 r1768 r4863 r404 r3547 r272 r4584 r3601 r3492 r2349 r4438 r573 r4081 r3558 r4231 links_130_110 r4648 hasword_maintain_69 r3255 r1236 r2864 r3813 r4165 r3566 r950 r544 r717 r4066 r1570 r4300 r1718 r854 r147 hasword_collect_52 r510 r2516 r3784 r914 r2967 r3394 r967 r982 r4000 r1809 r4107 r1028 r2533 r1157 r2367 
size of observed tuples: 1506
size of unobserved tuples: 934

pgibbs sample time: 0.001098 seconds
probability of topic_Faculty_91 is 0.0938982

pgibbs sample time: 0.001122 seconds
probability of topic_Student_174 is 0.126785

pgibbs sample time: 0.001182 seconds
probability of topic_Student_115 is 0.102888

pgibbs sample time: 0.001185 seconds
probability of topic_Student_41 is 0.0856485

pgibbs sample time: 8.7e-05 seconds
probability of topic_Faculty_23 is 0.0863419

pgibbs sample time: 5.6e-05 seconds
probability of topic_Faculty_34 is 0.105926

pgibbs sample time: 5.8e-05 seconds
probability of topic_Department_74 is 0.106577

pgibbs sample time: 0.00146 seconds
probability of topic_Staff_155 is 0.115636

pgibbs sample time: 5.8e-05 seconds
probability of topic_Student_16 is 0.0844266

pgibbs sample time: 5.6e-05 seconds
probability of topic_Department_71 is 0.0982748

pgibbs sample time: 5.8e-05 seconds
probability of topic_Faculty_84 is 0.132199

pgibbs sample time: 0.000234 seconds
probability of topic_Course_119 is 0.11313

pgibbs sample time: 5.8e-05 seconds
probability of topic_ResearchProject_43 is 0.112396

pgibbs sample time: 0.000363 seconds
probability of topic_Staff_145 is 0.108575

pgibbs sample time: 0.000363 seconds
probability of topic_Staff_244 is 0.0904929

pgibbs sample time: 0.000363 seconds
probability of topic_Staff_17 is 0.1801

pgibbs sample time: 0.000444 seconds
probability of topic_Faculty_105 is 0.0880768

pgibbs sample time: 0.000443 seconds
probability of topic_Faculty_186 is 0.142631

pgibbs sample time: 0.000203 seconds
probability of topic_Staff_13 is 0.115528

pgibbs sample time: 5.8e-05 seconds
probability of topic_Course_82 is 0.0802121

pgibbs sample time: 0.00036 seconds
probability of topic_Department_187 is 0.178989

pgibbs sample time: 0.000412 seconds
probability of topic_Department_296 is 0.0934801

pgibbs sample time: 0.000362 seconds
probability of topic_Department_13 is 0.159048

pgibbs sample time: 0.000501 seconds
probability of topic_ResearchProject_136 is 0.083859

pgibbs sample time: 8.3e-05 seconds
probability of topic_Staff_23 is 0.0806197

pgibbs sample time: 5.6e-05 seconds
probability of topic_Course_66 is 0.0853862

pgibbs sample time: 0.001123 seconds
probability of topic_Person_106 is 0.195729

pgibbs sample time: 0.001124 seconds
probability of topic_Person_41 is 0.0877525

pgibbs sample time: 0.000112 seconds
probability of topic_Person_52 is 0.121594

pgibbs sample time: 0.00026 seconds
probability of topic_Faculty_200 is 0.143158

pgibbs sample time: 0.000259 seconds
probability of topic_Faculty_90 is 0.135176

pgibbs sample time: 0.000102 seconds
probability of topic_ResearchProject_47 is 0.132989

pgibbs sample time: 0.001592 seconds
probability of topic_Staff_133 is 0.134386

pgibbs sample time: 0.001596 seconds
probability of topic_Staff_24 is 0.118937

pgibbs sample time: 0.000439 seconds
probability of topic_Student_168 is 0.117854

pgibbs sample time: 0.000438 seconds
probability of topic_Student_57 is 0.126717

pgibbs sample time: 5.7e-05 seconds
probability of topic_Student_26 is 0.0839271

pgibbs sample time: 0.001183 seconds
probability of topic_Person_78 is 0.10774

pgibbs sample time: 9.9e-05 seconds
probability of topic_Department_94 is 0.24492

pgibbs sample time: 0.000445 seconds
probability of topic_Faculty_42 is 0.123502

pgibbs sample time: 0.000509 seconds
probability of topic_Person_110 is 0.127695

pgibbs sample time: 0.000507 seconds
probability of topic_Person_8 is 0.125697

pgibbs sample time: 5.6e-05 seconds
probability of topic_Department_96 is 0.0967174

pgibbs sample time: 5.9e-05 seconds
probability of topic_Student_84 is 0.092035

pgibbs sample time: 7.2e-05 seconds
probability of topic_Faculty_79 is 0.111487

pgibbs sample time: 5.5e-05 seconds
probability of topic_Course_60 is 0.105158

pgibbs sample time: 5.5e-05 seconds
probability of topic_Person_74 is 0.113662

pgibbs sample time: 0.000113 seconds
probability of topic_Faculty_47 is 0.143737

pgibbs sample time: 5.6e-05 seconds
probability of topic_Student_6 is 0.126224

pgibbs sample time: 7.1e-05 seconds
probability of topic_Department_85 is 0.0777395

pgibbs sample time: 0.001691 seconds
probability of topic_Student_157 is 0.107955

pgibbs sample time: 0.00176 seconds
probability of topic_Student_155 is 0.0375838

pgibbs sample time: 0.001755 seconds
probability of topic_Student_12 is 0.161955

pgibbs sample time: 5.9e-05 seconds
probability of topic_Department_22 is 0.105436

pgibbs sample time: 5.6e-05 seconds
probability of topic_Department_66 is 0.105425

pgibbs sample time: 5.7e-05 seconds
probability of topic_Staff_38 is 0.0873167

pgibbs sample time: 5.8e-05 seconds
probability of topic_Student_71 is 0.159663

pgibbs sample time: 0.001282 seconds
probability of topic_ResearchProject_89 is 0.107067

pgibbs sample time: 5.8e-05 seconds
probability of topic_Student_43 is 0.104502

pgibbs sample time: 5.7e-05 seconds
probability of topic_Staff_26 is 0.126833

pgibbs sample time: 0.000232 seconds
probability of topic_Faculty_19 is 0.0759946

pgibbs sample time: 7.2e-05 seconds
probability of topic_Student_95 is 0.128507

pgibbs sample time: 8.4e-05 seconds
probability of topic_Department_69 is 0.0938057

pgibbs sample time: 5.9e-05 seconds
probability of topic_ResearchProject_84 is 0.0796257

pgibbs sample time: 5.7e-05 seconds
probability of topic_Course_84 is 0.11049

pgibbs sample time: 0.000153 seconds
probability of topic_Course_7 is 0.0728427

pgibbs sample time: 6.9e-05 seconds
probability of topic_Course_37 is 0.0820892

pgibbs sample time: 5.6e-05 seconds
probability of topic_Faculty_6 is 0.106035

pgibbs sample time: 0.000128 seconds
probability of topic_Department_32 is 0.161747

pgibbs sample time: 5.6e-05 seconds
probability of topic_Faculty_43 is 0.1354

pgibbs sample time: 7.2e-05 seconds
probability of topic_Student_85 is 0.0750225

pgibbs sample time: 7.2e-05 seconds
probability of topic_Student_53 is 0.0953338

pgibbs sample time: 0.001198 seconds
probability of topic_Faculty_209 is 0.128681

pgibbs sample time: 0.001068 seconds
probability of topic_Faculty_33 is 0.174083

pgibbs sample time: 0.001207 seconds
probability of topic_Department_33 is 0.351968

pgibbs sample time: 0.000381 seconds
probability of topic_Course_31 is 0.0800749

pgibbs sample time: 7.1e-05 seconds
probability of topic_Faculty_37 is 0.0958786

pgibbs sample time: 0.000511 seconds
probability of topic_Faculty_4 is 0.124706

pgibbs sample time: 5.7e-05 seconds
probability of topic_Faculty_46 is 0.0755157

pgibbs sample time: 0.000358 seconds
probability of topic_ResearchProject_296 is 0.113098

pgibbs sample time: 0.000509 seconds
probability of topic_Department_110 is 0.0898971

pgibbs sample time: 0.001129 seconds
probability of topic_Faculty_48 is 0.105963

pgibbs sample time: 0.001202 seconds
probability of topic_Department_209 is 0.127066

pgibbs sample time: 7.2e-05 seconds
probability of topic_Faculty_14 is 0.0992434

pgibbs sample time: 5.7e-05 seconds
probability of topic_Staff_16 is 0.138436

pgibbs sample time: 0.001703 seconds
probability of topic_Student_114 is 0.13696

pgibbs sample time: 0.001277 seconds
probability of topic_Course_48 is 0.0966295

pgibbs sample time: 0.001705 seconds
probability of topic_Student_217 is 0.0829369

pgibbs sample time: 0.000221 seconds
probability of topic_Person_49 is 0.134469

pgibbs sample time: 5.6e-05 seconds
probability of topic_Course_9 is 0.0967018

pgibbs sample time: 0.000366 seconds
probability of topic_Faculty_92 is 0.118765

pgibbs sample time: 0.00178 seconds
probability of topic_Faculty_133 is 0.126888

pgibbs sample time: 5.8e-05 seconds
probability of topic_Department_84 is 0.0857344

pgibbs sample time: 5.8e-05 seconds
probability of topic_Faculty_83 is 0.11006

pgibbs sample time: 0.000265 seconds
probability of topic_Faculty_25 is 0.0688121

pgibbs sample time: 7.2e-05 seconds
probability of topic_ResearchProject_5 is 0.0812616

pgibbs sample time: 0.001775 seconds
probability of topic_Person_18 is 0.0808748

pgibbs sample time: 0.001514 seconds
probability of topic_Student_54 is 0.120525

pgibbs sample time: 5.8e-05 seconds
probability of topic_Staff_34 is 0.15723

pgibbs sample time: 7e-05 seconds
probability of topic_Course_14 is 0.160244

pgibbs sample time: 0.001184 seconds
probability of topic_Person_36 is 0.0783378

pgibbs sample time: 5.8e-05 seconds
probability of topic_ResearchProject_99 is 0.138305

pgibbs sample time: 0.000499 seconds
probability of topic_Department_4 is 0.153562

pgibbs sample time: 0.000103 seconds
probability of topic_ResearchProject_63 is 0.20044

pgibbs sample time: 0.0017 seconds
probability of topic_Student_156 is 0.102859

pgibbs sample time: 0.001494 seconds
probability of topic_Course_54 is 0.124041

pgibbs sample time: 0.001497 seconds
probability of topic_ResearchProject_29 is 0.0854476

pgibbs sample time: 0.001517 seconds
probability of topic_Faculty_29 is 0.0941205

pgibbs sample time: 0.001603 seconds
probability of topic_Staff_2 is 0.100553

pgibbs sample time: 0.001519 seconds
probability of topic_Student_28 is 0.125089

pgibbs sample time: 0.000266 seconds
probability of topic_Faculty_20 is 0.132973

pgibbs sample time: 0.000419 seconds
probability of topic_Person_10 is 0.129875

pgibbs sample time: 0.001282 seconds
probability of topic_ResearchProject_48 is 0.39665

pgibbs sample time: 8.6e-05 seconds
probability of topic_Faculty_69 is 0.12219

pgibbs sample time: 0.000102 seconds
probability of topic_Faculty_63 is 0.0936693

pgibbs sample time: 0.000587 seconds
probability of topic_Course_125 is 0.0986148

pgibbs sample time: 0.000122 seconds
probability of topic_Staff_32 is 0.0932901

pgibbs sample time: 0.001167 seconds
probability of topic_Course_106 is 0.117625

pgibbs sample time: 0.001173 seconds
probability of topic_Course_118 is 0.0778195

pgibbs sample time: 5.8e-05 seconds
probability of topic_Faculty_38 is 0.101237

pgibbs sample time: 0.001166 seconds
probability of topic_Course_41 is 0.0682571

pgibbs sample time: 0.000411 seconds
probability of topic_Student_145 is 0.11807

pgibbs sample time: 0.0016 seconds
probability of topic_Staff_12 is 0.110704

pgibbs sample time: 5.6e-05 seconds
probability of topic_Staff_79 is 0.149378

pgibbs sample time: 0.000195 seconds
probability of topic_Staff_55 is 0.0981229

pgibbs sample time: 5.5e-05 seconds
probability of topic_Person_40 is 0.108938

pgibbs sample time: 5.6e-05 seconds
probability of topic_Person_70 is 0.0970152

pgibbs sample time: 0.000545 seconds
probability of topic_Person_136 is 0.120414

pgibbs sample time: 0.001712 seconds
probability of topic_Department_24 is 0.125435

pgibbs sample time: 0.000267 seconds
probability of topic_Faculty_81 is 0.102006

pgibbs sample time: 0.0001 seconds
probability of topic_Student_94 is 0.185041

pgibbs sample time: 0.001788 seconds
probability of topic_Department_199 is 0.0802575

pgibbs sample time: 5.7e-05 seconds
probability of topic_Staff_88 is 0.186528

pgibbs sample time: 0.001236 seconds
probability of topic_ResearchProject_3 is 0.102304

pgibbs sample time: 9.7e-05 seconds
probability of topic_Course_94 is 0.0353004

pgibbs sample time: 0.001288 seconds
probability of topic_Department_89 is 0.0977953

pgibbs sample time: 0.001137 seconds
probability of topic_Person_115 is 0.0901313

pgibbs sample time: 5.8e-05 seconds
probability of topic_Course_43 is 0.100844

pgibbs sample time: 5.6e-05 seconds
probability of topic_Person_34 is 0.19909

pgibbs sample time: 0.000277 seconds
probability of topic_Student_116 is 0.0926925

pgibbs sample time: 0.000268 seconds
probability of topic_Department_20 is 0.114369

pgibbs sample time: 0.001777 seconds
probability of topic_Person_199 is 0.134951

pgibbs sample time: 0.000377 seconds
probability of topic_Course_87 is 0.0710556

pgibbs sample time: 0.00178 seconds
probability of topic_Faculty_24 is 0.115284

pgibbs sample time: 0.000306 seconds
probability of topic_Staff_116 is 0.10819

pgibbs sample time: 0.0003 seconds
probability of topic_Staff_93 is 0.127052

pgibbs sample time: 7.3e-05 seconds
probability of topic_Student_88 is 0.213097

pgibbs sample time: 0.000348 seconds
probability of topic_Staff_120 is 0.162442

pgibbs sample time: 0.001532 seconds
probability of topic_Person_156 is 0.125453

pgibbs sample time: 0.001072 seconds
probability of topic_ResearchProject_172 is 0.100865

pgibbs sample time: 0.000468 seconds
probability of topic_Person_105 is 0.076088

pgibbs sample time: 0.001531 seconds
probability of topic_Person_126 is 0.178324

pgibbs sample time: 0.000235 seconds
probability of topic_Student_55 is 0.13371

pgibbs sample time: 0.00043 seconds
probability of topic_ResearchProject_67 is 0.102235

pgibbs sample time: 0.001524 seconds
probability of topic_Faculty_59 is 0.106541

pgibbs sample time: 0.001139 seconds
probability of topic_ResearchProject_72 is 0.0891146

pgibbs sample time: 0.000481 seconds
probability of topic_Student_67 is 0.121954

pgibbs sample time: 0.000383 seconds
probability of topic_Course_145 is 0.136455

pgibbs sample time: 0.000419 seconds
probability of topic_Staff_42 is 0.177641

pgibbs sample time: 0.001817 seconds
probability of topic_Course_157 is 0.0706855

pgibbs sample time: 0.001143 seconds
probability of topic_Person_72 is 0.143673

pgibbs sample time: 0.0012 seconds
probability of topic_Student_164 is 0.163689

pgibbs sample time: 0.000478 seconds
probability of topic_Person_134 is 0.190628

pgibbs sample time: 0.001191 seconds
probability of topic_Student_209 is 0.180035

pgibbs sample time: 0.000144 seconds
probability of topic_Faculty_52 is 0.223931

pgibbs sample time: 0.001245 seconds
probability of topic_Staff_78 is 0.226096

pgibbs sample time: 0.00031 seconds
probability of topic_Faculty_116 is 0.0965373

pgibbs sample time: 0.00045 seconds
probability of topic_Department_134 is 0.262006

pgibbs sample time: 5.7e-05 seconds
probability of topic_Person_84 is 0.0971429

pgibbs sample time: 5.4e-05 seconds
probability of topic_Student_1 is 0.0679965

pgibbs sample time: 0.000447 seconds
probability of topic_Department_61 is 0.0607233

pgibbs sample time: 0.001517 seconds
probability of topic_Faculty_50 is 0.117008

pgibbs sample time: 0.001717 seconds
probability of topic_Student_126 is 0.189981

pgibbs sample time: 0.000127 seconds
probability of topic_Student_52 is 0.0889678

pgibbs sample time: 0.000447 seconds
probability of topic_Course_61 is 0.0985688

pgibbs sample time: 0.000385 seconds
probability of topic_Department_17 is 0.0589247

pgibbs sample time: 0.00178 seconds
probability of topic_Faculty_12 is 0.144918

pgibbs sample time: 0.000234 seconds
probability of topic_Course_65 is 0.133734

pgibbs sample time: 0.001364 seconds
probability of topic_Person_59 is 0.144012

pgibbs sample time: 0.000234 seconds
probability of topic_Person_119 is 0.11357

pgibbs sample time: 7.1e-05 seconds
probability of topic_Person_53 is 0.125778

pgibbs sample time: 0.000385 seconds
probability of topic_Department_87 is 0.107054

pgibbs sample time: 5.8e-05 seconds
probability of topic_Faculty_71 is 0.123567

pgibbs sample time: 5.6e-05 seconds
probability of topic_Course_44 is 0.115773

pgibbs sample time: 0.000596 seconds
probability of topic_Student_58 is 0.0830059

pgibbs sample time: 0.001796 seconds
probability of topic_Department_2 is 0.108137

pgibbs sample time: 0.001212 seconds
probability of topic_Faculty_72 is 0.162848

pgibbs sample time: 0.000511 seconds
probability of topic_Student_8 is 0.13391

pgibbs sample time: 7.8e-05 seconds
probability of topic_Department_95 is 0.099974

pgibbs sample time: 0.001111 seconds
probability of topic_Staff_36 is 0.0743423

pgibbs sample time: 5.8e-05 seconds
probability of topic_Student_96 is 0.0934493

pgibbs sample time: 5.8e-05 seconds
probability of topic_Faculty_96 is 0.105459

pgibbs sample time: 0.001509 seconds
probability of topic_Course_29 is 0.232411

pgibbs sample time: 7e-05 seconds
probability of topic_Person_51 is 0.113927

pgibbs sample time: 0.000224 seconds
probability of topic_Course_55 is 0.0935906

pgibbs sample time: 7.2e-05 seconds
probability of topic_Student_64 is 0.0845405

pgibbs sample time: 0.001197 seconds
probability of topic_Faculty_36 is 0.0942094

pgibbs sample time: 5.8e-05 seconds
probability of topic_Student_40 is 0.109533

pgibbs sample time: 7.1e-05 seconds
probability of topic_Student_68 is 0.0661826

pgibbs sample time: 0.000358 seconds
probability of topic_Course_187 is 0.149373

pgibbs sample time: 0.001175 seconds
probability of topic_Course_72 is 0.0796118

pgibbs sample time: 0.001193 seconds
probability of topic_Person_258 is 0.117397

pgibbs sample time: 0.001211 seconds
probability of topic_Department_164 is 0.0768819

pgibbs sample time: 0.000361 seconds
probability of topic_Course_296 is 0.0879277

pgibbs sample time: 0.000356 seconds
probability of topic_Course_13 is 0.102139

pgibbs sample time: 0.000382 seconds
probability of topic_Course_244 is 0.0910739

pgibbs sample time: 0.000509 seconds
probability of topic_Course_110 is 0.106992

pgibbs sample time: 7.4e-05 seconds
probability of topic_Department_21 is 0.0973049

pgibbs sample time: 0.000208 seconds
probability of topic_ResearchProject_55 is 0.0797653

pgibbs sample time: 0.001191 seconds
probability of topic_Person_180 is 0.168923

pgibbs sample time: 0.001192 seconds
probability of topic_Person_89 is 0.112873

pgibbs sample time: 0.000125 seconds
probability of topic_Staff_52 is 0.0923203

pgibbs sample time: 7.3e-05 seconds
probability of topic_Department_64 is 0.0758747

pgibbs sample time: 0.001651 seconds
probability of topic_ResearchProject_12 is 0.0607439

pgibbs sample time: 0.001516 seconds
probability of topic_Course_146 is 0.142012

pgibbs sample time: 0.001289 seconds
probability of topic_Course_45 is 0.0921709

pgibbs sample time: 0.000471 seconds
probability of topic_Course_67 is 0.0953952

pgibbs sample time: 6.9e-05 seconds
probability of topic_Staff_15 is 0.0907919

pgibbs sample time: 0.0012 seconds
probability of topic_Faculty_164 is 0.148617

pgibbs sample time: 0.000223 seconds
probability of topic_Staff_49 is 0.122559

pgibbs sample time: 0.000531 seconds
probability of topic_Faculty_11 is 0.158914

pgibbs sample time: 0.000638 seconds
probability of topic_Department_125 is 0.104219

pgibbs sample time: 0.001319 seconds
probability of topic_Student_48 is 0.0490798

pgibbs sample time: 6.2e-05 seconds
probability of topic_Course_39 is 0.167675

pgibbs sample time: 5.9e-05 seconds
probability of topic_Department_99 is 0.0873436

pgibbs sample time: 0.000241 seconds
probability of topic_Course_73 is 0.0871068

pgibbs sample time: 0.000121 seconds
probability of topic_Student_32 is 0.250066

pgibbs sample time: 0.000499 seconds
probability of topic_ResearchProject_168 is 0.0978239

pgibbs sample time: 0.000464 seconds
probability of topic_ResearchProject_11 is 0.0757702

pgibbs sample time: 0.000101 seconds
probability of topic_Person_94 is 0.0364547

pgibbs sample time: 5.9e-05 seconds
probability of topic_Student_80 is 0.111963

pgibbs sample time: 5.9e-05 seconds
probability of topic_Course_40 is 0.0854307

pgibbs sample time: 5.9e-05 seconds
probability of topic_Faculty_39 is 0.103209

pgibbs sample time: 0.000279 seconds
probability of topic_Staff_90 is 0.168607

pgibbs sample time: 0.001797 seconds
probability of topic_Department_169 is 0.332653

pgibbs sample time: 5.8e-05 seconds
probability of topic_ResearchProject_34 is 0.0829609

pgibbs sample time: 7e-05 seconds
probability of topic_Student_5 is 0.122128

pgibbs sample time: 0.001137 seconds
probability of topic_Person_118 is 0.155554

pgibbs sample time: 0.001191 seconds
probability of topic_Person_48 is 0.122716

pgibbs sample time: 5.9e-05 seconds
probability of topic_Department_86 is 0.0886948

pgibbs sample time: 0.000603 seconds
probability of topic_ResearchProject_30 is 0.108306

pgibbs sample time: 0.001197 seconds
probability of topic_Person_172 is 0.121421

pgibbs sample time: 7.1e-05 seconds
probability of topic_ResearchProject_53 is 0.114964

pgibbs sample time: 0.001341 seconds
probability of topic_ResearchProject_50 is 0.0916421

pgibbs sample time: 0.001518 seconds
probability of topic_Course_102 is 0.103613

pgibbs sample time: 5.8e-05 seconds
probability of topic_Faculty_62 is 0.116539

pgibbs sample time: 0.000262 seconds
probability of topic_Person_116 is 0.0742613

pgibbs sample time: 0.001136 seconds
probability of topic_Faculty_180 is 0.219257

pgibbs sample time: 0.000582 seconds
probability of topic_Course_136 is 0.0750626

pgibbs sample time: 0.000415 seconds
probability of topic_Faculty_296 is 0.0909698

pgibbs sample time: 7.1e-05 seconds
probability of topic_Staff_69 is 0.0941726

pgibbs sample time: 0.00129 seconds
probability of topic_Course_258 is 0.09927

pgibbs sample time: 5.7e-05 seconds
probability of topic_ResearchProject_75 is 0.117541

pgibbs sample time: 0.00142 seconds
probability of topic_Staff_28 is 0.118108

pgibbs sample time: 0.000463 seconds
probability of topic_Department_105 is 0.149336

pgibbs sample time: 7.3e-05 seconds
probability of topic_ResearchProject_68 is 0.0500277

pgibbs sample time: 5.6e-05 seconds
probability of topic_Person_38 is 0.0693648

pgibbs sample time: 0.001778 seconds
probability of topic_Faculty_169 is 0.161184

pgibbs sample time: 0.000309 seconds
probability of topic_ResearchProject_93 is 0.0942936

pgibbs sample time: 0.00045 seconds
probability of topic_Faculty_168 is 0.0868743

pgibbs sample time: 5.6e-05 seconds
probability of topic_Staff_82 is 0.0802927

pgibbs sample time: 0.001608 seconds
probability of topic_Staff_199 is 0.10575

pgibbs sample time: 7.3e-05 seconds
probability of topic_ResearchProject_64 is 0.0838679

pgibbs sample time: 0.000509 seconds
probability of topic_Course_8 is 0.113777

pgibbs sample time: 0.000449 seconds
probability of topic_Department_11 is 0.11853

pgibbs sample time: 0.000582 seconds
probability of topic_Course_30 is 0.0747856

pgibbs sample time: 0.000408 seconds
probability of topic_Person_244 is 0.129682

pgibbs sample time: 0.000475 seconds
probability of topic_Student_42 is 0.142004

pgibbs sample time: 0.001211 seconds
probability of topic_Faculty_174 is 0.213544

pgibbs sample time: 0.001516 seconds
probability of topic_Course_50 is 0.099988

pgibbs sample time: 0.000552 seconds
probability of topic_Faculty_125 is 0.124612

pgibbs sample time: 0.001417 seconds
probability of topic_Staff_50 is 0.102496

pgibbs sample time: 0.001504 seconds
probability of topic_Department_29 is 0.0754186

pgibbs sample time: 7e-05 seconds
probability of topic_Person_15 is 0.127201

pgibbs sample time: 0.000385 seconds
probability of topic_Department_35 is 0.076093

pgibbs sample time: 0.001656 seconds
probability of topic_ResearchProject_169 is 0.154163

pgibbs sample time: 0.000228 seconds
probability of topic_Person_55 is 0.147227

pgibbs sample time: 0.000401 seconds
probability of topic_Person_57 is 0.121618

pgibbs sample time: 0.000102 seconds
probability of topic_ResearchProject_25 is 0.133772

pgibbs sample time: 7.2e-05 seconds
probability of topic_Faculty_27 is 0.118691

pgibbs sample time: 0.001196 seconds
probability of topic_Student_33 is 0.0644135

pgibbs sample time: 0.001174 seconds
probability of topic_Course_209 is 0.248826

pgibbs sample time: 5.6e-05 seconds
probability of topic_Course_6 is 0.11351

pgibbs sample time: 0.00026 seconds
probability of topic_ResearchProject_81 is 0.101823

pgibbs sample time: 0.000474 seconds
probability of topic_Student_186 is 0.0995903

pgibbs sample time: 0.000478 seconds
probability of topic_Student_134 is 0.301738

pgibbs sample time: 0.001368 seconds
probability of topic_Person_114 is 0.129664

pgibbs sample time: 0.001421 seconds
probability of topic_Staff_146 is 0.1505

pgibbs sample time: 0.000232 seconds
probability of topic_Person_13 is 0.0756883

pgibbs sample time: 7.1e-05 seconds
probability of topic_Course_79 is 0.13128

pgibbs sample time: 8.4e-05 seconds
probability of topic_Staff_76 is 0.0863981

pgibbs sample time: 6.7e-05 seconds
probability of topic_Staff_22 is 0.110544

pgibbs sample time: 0.001774 seconds
probability of topic_Student_169 is 0.0731027

pgibbs sample time: 0.000206 seconds
probability of topic_Department_55 is 0.124672

pgibbs sample time: 8.6e-05 seconds
probability of topic_ResearchProject_69 is 0.061071

pgibbs sample time: 0.001174 seconds
probability of topic_Course_172 is 0.0918522

pgibbs sample time: 0.001211 seconds
probability of topic_Department_36 is 0.095472

pgibbs sample time: 0.000585 seconds
probability of topic_ResearchProject_125 is 0.11427

pgibbs sample time: 5.7e-05 seconds
probability of topic_Person_80 is 0.113662

pgibbs sample time: 0.001175 seconds
probability of topic_Course_164 is 0.114682

pgibbs sample time: 0.001419 seconds
probability of topic_Staff_29 is 0.128043

pgibbs sample time: 5.8e-05 seconds
probability of topic_Student_62 is 0.242094

pgibbs sample time: 0.001783 seconds
probability of topic_Person_2 is 0.0549044

pgibbs sample time: 5.7e-05 seconds
probability of topic_Staff_99 is 0.096097

pgibbs sample time: 0.000474 seconds
probability of topic_Student_105 is 0.0766538

pgibbs sample time: 0.001177 seconds
probability of topic_Course_36 is 0.0583647

pgibbs sample time: 0.001257 seconds
probability of topic_Staff_180 is 0.177451

pgibbs sample time: 0.001127 seconds
probability of topic_Staff_41 is 0.0870893

pgibbs sample time: 0.000516 seconds
probability of topic_Faculty_8 is 0.119334

pgibbs sample time: 0.001223 seconds
probability of topic_Department_115 is 0.0974989

pgibbs sample time: 0.001533 seconds
probability of topic_Faculty_156 is 0.129757

pgibbs sample time: 5.9e-05 seconds
probability of topic_ResearchProject_82 is 0.103724

pgibbs sample time: 0.000515 seconds
probability of topic_Faculty_110 is 0.103391

pgibbs sample time: 0.00028 seconds
probability of topic_Person_25 is 0.0938703

pgibbs sample time: 0.000287 seconds
probability of topic_Student_231 is 0.13996

pgibbs sample time: 0.000197 seconds
probability of topic_Staff_73 is 0.164249

pgibbs sample time: 5.5e-05 seconds
probability of topic_Staff_98 is 0.0945649

pgibbs sample time: 0.000204 seconds
probability of topic_Staff_296 is 0.0878954

pgibbs sample time: 0.00058 seconds
probability of topic_Student_125 is 0.154837

pgibbs sample time: 5.6e-05 seconds
probability of topic_Course_71 is 0.0991188

pgibbs sample time: 0.001292 seconds
probability of topic_ResearchProject_180 is 0.221645

pgibbs sample time: 0.001575 seconds
probability of topic_Department_126 is 0.0912595

pgibbs sample time: 5.7e-05 seconds
probability of topic_Course_21 is 0.0854307

pgibbs sample time: 6.9e-05 seconds
probability of topic_Staff_14 is 0.122535

pgibbs sample time: 0.00023 seconds
probability of topic_Faculty_49 is 0.126495

pgibbs sample time: 0.001139 seconds
probability of topic_ResearchProject_118 is 0.104698

pgibbs sample time: 0.000101 seconds
probability of topic_Course_63 is 0.0726337

pgibbs sample time: 5.8e-05 seconds
probability of topic_ResearchProject_44 is 0.0700553

pgibbs sample time: 0.000419 seconds
probability of topic_Staff_105 is 0.16408

pgibbs sample time: 5.8e-05 seconds
probability of topic_Department_80 is 0.106577

pgibbs sample time: 5.6e-05 seconds
probability of topic_Person_44 is 0.139832

pgibbs sample time: 0.000461 seconds
probability of topic_ResearchProject_61 is 0.114991

pgibbs sample time: 5.6e-05 seconds
probability of topic_Course_51 is 0.0854307

pgibbs sample time: 0.001246 seconds
probability of topic_ResearchProject_217 is 0.149898

pgibbs sample time: 0.001307 seconds
probability of topic_Department_48 is 0.127132

pgibbs sample time: 0.000545 seconds
probability of topic_Person_30 is 0.124608

pgibbs sample time: 0.000584 seconds
probability of topic_Student_136 is 0.121048

pgibbs sample time: 0.000127 seconds
probability of topic_ResearchProject_52 is 0.0768915

pgibbs sample time: 0.000286 seconds
probability of topic_Student_25 is 0.0832152

pgibbs sample time: 7e-05 seconds
probability of topic_Staff_27 is 0.157171

pgibbs sample time: 0.000402 seconds
probability of topic_Person_61 is 0.14359

pgibbs sample time: 0.000532 seconds
probability of topic_ResearchProject_58 is 0.161264

pgibbs sample time: 0.001305 seconds
probability of topic_Department_180 is 0.239159

pgibbs sample time: 0.001117 seconds
probability of topic_Staff_209 is 0.175445

pgibbs sample time: 5.8e-05 seconds
probability of topic_ResearchProject_74 is 0.0931433

pgibbs sample time: 0.001122 seconds
probability of topic_Staff_118 is 0.109129

pgibbs sample time: 7.4e-05 seconds
probability of topic_Student_27 is 0.114586

pgibbs sample time: 7.1e-05 seconds
probability of topic_Department_27 is 0.197282

pgibbs sample time: 0.000389 seconds
probability of topic_Department_120 is 0.209193

pgibbs sample time: 0.000452 seconds
probability of topic_Course_57 is 0.129178

pgibbs sample time: 0.000239 seconds
probability of topic_Department_73 is 0.102085

pgibbs sample time: 5.8e-05 seconds
probability of topic_ResearchProject_46 is 0.0867993

pgibbs sample time: 0.001798 seconds
probability of topic_Department_133 is 0.133573

pgibbs sample time: 7.1e-05 seconds
probability of topic_Person_76 is 0.124554

pgibbs sample time: 0.000101 seconds
probability of topic_ResearchProject_94 is 0.0308505

pgibbs sample time: 0.001818 seconds
probability of topic_Course_24 is 0.158121

pgibbs sample time: 0.001526 seconds
probability of topic_Student_146 is 0.201022

pgibbs sample time: 0.000229 seconds
probability of topic_Person_73 is 0.206352

pgibbs sample time: 5.5e-05 seconds
probability of topic_Person_46 is 0.108347

pgibbs sample time: 5.4e-05 seconds
probability of topic_Staff_74 is 0.0948402

pgibbs sample time: 6.9e-05 seconds
probability of topic_Faculty_5 is 0.0823515

pgibbs sample time: 7.2e-05 seconds
probability of topic_ResearchProject_14 is 0.077179

pgibbs sample time: 0.000529 seconds
probability of topic_ResearchProject_111 is 0.06493

pgibbs sample time: 0.001215 seconds
probability of topic_Faculty_118 is 0.0748416

pgibbs sample time: 0.001289 seconds
probability of topic_Course_89 is 0.123397

pgibbs sample time: 0.000278 seconds
probability of topic_Staff_200 is 0.152858

pgibbs sample time: 0.000485 seconds
probability of topic_Person_11 is 0.146616

pgibbs sample time: 5.5e-05 seconds
probability of topic_Course_27 is 0.105222

pgibbs sample time: 0.000528 seconds
probability of topic_ResearchProject_4 is 0.0676749

pgibbs sample time: 0.001209 seconds
probability of topic_Student_106 is 0.122833

pgibbs sample time: 5.7e-05 seconds
probability of topic_Person_16 is 0.113162

pgibbs sample time: 0.001684 seconds
probability of topic_Staff_217 is 0.113293

pgibbs sample time: 8.7e-05 seconds
probability of topic_Department_76 is 0.091908

pgibbs sample time: 0.000372 seconds
probability of topic_Course_10 is 0.108434

pgibbs sample time: 7.4e-05 seconds
probability of topic_ResearchProject_88 is 0.0691382

pgibbs sample time: 5.7e-05 seconds
probability of topic_Staff_40 is 0.0900833

pgibbs sample time: 7.1e-05 seconds
probability of topic_Course_64 is 0.0648578

pgibbs sample time: 9.9e-05 seconds
probability of topic_Staff_94 is 0.0124764

pgibbs sample time: 5.7e-05 seconds
probability of topic_Student_56 is 0.0801102

pgibbs sample time: 5.7e-05 seconds
probability of topic_Department_14 is 0.108893

pgibbs sample time: 8.4e-05 seconds
probability of topic_Person_69 is 0.136694

pgibbs sample time: 0.000351 seconds
probability of topic_Staff_31 is 0.110603

pgibbs sample time: 0.000414 seconds
probability of topic_Student_17 is 0.104451

pgibbs sample time: 0.000381 seconds
probability of topic_Course_120 is 0.115294

pgibbs sample time: 0.000387 seconds
probability of topic_Department_145 is 0.0933125

pgibbs sample time: 5.7e-05 seconds
probability of topic_ResearchProject_70 is 0.0827269

pgibbs sample time: 9.8e-05 seconds
probability of topic_Person_63 is 0.0482883

pgibbs sample time: 0.000443 seconds
probability of topic_Student_87 is 0.155957

pgibbs sample time: 0.000124 seconds
probability of topic_Course_32 is 0.0958471

pgibbs sample time: 0.001224 seconds
probability of topic_Student_78 is 0.0848936

pgibbs sample time: 7.1e-05 seconds
probability of topic_Person_79 is 0.132402

pgibbs sample time: 7.2e-05 seconds
probability of topic_Department_88 is 0.138107

pgibbs sample time: 0.001577 seconds
probability of topic_Department_3 is 0.110758

pgibbs sample time: 0.000253 seconds
probability of topic_Staff_35 is 0.112163

pgibbs sample time: 5.7e-05 seconds
probability of topic_Department_82 is 0.0858202

pgibbs sample time: 0.001262 seconds
probability of topic_Staff_102 is 0.138464

pgibbs sample time: 5.7e-05 seconds
probability of topic_Student_9 is 0.101492

pgibbs sample time: 7.1e-05 seconds
probability of topic_Student_79 is 0.0795277

pgibbs sample time: 0.001245 seconds
probability of topic_ResearchProject_156 is 0.104871

pgibbs sample time: 0.000462 seconds
probability of topic_Department_186 is 0.0916393

pgibbs sample time: 5.7e-05 seconds
probability of topic_Course_80 is 0.0872788

pgibbs sample time: 6.8e-05 seconds
probability of topic_Person_95 is 0.102263

pgibbs sample time: 0.000446 seconds
probability of topic_Department_57 is 0.140108

pgibbs sample time: 0.001077 seconds
probability of topic_ResearchProject_36 is 0.11303

pgibbs sample time: 5.6e-05 seconds
probability of topic_Course_98 is 0.0708754

pgibbs sample time: 0.000517 seconds
probability of topic_Faculty_130 is 0.123644

pgibbs sample time: 0.00038 seconds
probability of topic_Person_31 is 0.180469

pgibbs sample time: 0.000458 seconds
probability of topic_ResearchProject_57 is 0.124402

pgibbs sample time: 0.00148 seconds
probability of topic_Person_29 is 0.148084

pgibbs sample time: 6.9e-05 seconds
probability of topic_Staff_37 is 0.0830132

pgibbs sample time: 0.001246 seconds
probability of topic_ResearchProject_59 is 0.106677

pgibbs sample time: 0.00153 seconds
probability of topic_Student_50 is 0.191548

pgibbs sample time: 0.000382 seconds
probability of topic_Department_10 is 0.0966653

pgibbs sample time: 0.001581 seconds
probability of topic_Department_156 is 0.120912

pgibbs sample time: 5.8e-05 seconds
probability of topic_Person_83 is 0.124497

pgibbs sample time: 0.00147 seconds
probability of topic_Person_28 is 0.0981259

pgibbs sample time: 0.000112 seconds
probability of topic_Person_47 is 0.0344833

pgibbs sample time: 5.6e-05 seconds
probability of topic_Course_99 is 0.167675

pgibbs sample time: 0.000235 seconds
probability of topic_ResearchProject_19 is 0.132914

pgibbs sample time: 0.001718 seconds
probability of topic_Student_59 is 0.173066

pgibbs sample time: 5.9e-05 seconds
probability of topic_Staff_9 is 0.11146

pgibbs sample time: 0.000392 seconds
probability of topic_Student_296 is 0.135012

pgibbs sample time: 0.001627 seconds
probability of topic_ResearchProject_28 is 0.10766

pgibbs sample time: 0.001777 seconds
probability of topic_ResearchProject_133 is 0.123664

pgibbs sample time: 0.000235 seconds
probability of topic_Person_65 is 0.111441

pgibbs sample time: 0.000389 seconds
probability of topic_Faculty_145 is 0.115958

pgibbs sample time: 5.6e-05 seconds
probability of topic_Course_96 is 0.0823311

pgibbs sample time: 0.00179 seconds
probability of topic_Faculty_2 is 0.0714712

pgibbs sample time: 0.001533 seconds
probability of topic_Faculty_217 is 0.114502

pgibbs sample time: 0.001797 seconds
probability of topic_Faculty_199 is 0.109344

pgibbs sample time: 7.3e-05 seconds
probability of topic_Student_76 is 0.12253

pgibbs sample time: 0.000391 seconds
probability of topic_ResearchProject_87 is 0.0877373

pgibbs sample time: 0.000464 seconds
probability of topic_Department_42 is 0.196188

pgibbs sample time: 7.1e-05 seconds
probability of topic_Person_22 is 0.151959

pgibbs sample time: 5.9e-05 seconds
probability of topic_ResearchProject_66 is 0.0906498

pgibbs sample time: 0.001145 seconds
probability of topic_Faculty_45 is 0.0866464

pgibbs sample time: 0.000233 seconds
probability of topic_Staff_65 is 0.0828259

pgibbs sample time: 0.001117 seconds
probability of topic_Staff_172 is 0.101248

pgibbs sample time: 7.4e-05 seconds
probability of topic_ResearchProject_27 is 0.0851449

pgibbs sample time: 0.000236 seconds
probability of topic_Student_49 is 0.154937

pgibbs sample time: 7e-05 seconds
probability of topic_Staff_95 is 0.131956

pgibbs sample time: 8.2e-05 seconds
probability of topic_Staff_63 is 0.0597307

pgibbs sample time: 0.000238 seconds
probability of topic_Faculty_65 is 0.0615407

pgibbs sample time: 0.00056 seconds
probability of topic_Staff_30 is 0.125599

pgibbs sample time: 0.000277 seconds
probability of topic_Student_93 is 0.0376121

pgibbs sample time: 7.3e-05 seconds
probability of topic_ResearchProject_22 is 0.0664064

pgibbs sample time: 0.001215 seconds
probability of topic_Faculty_115 is 0.108086

pgibbs sample time: 0.000383 seconds
probability of topic_Course_17 is 0.0594953

pgibbs sample time: 0.00037 seconds
probability of topic_Faculty_31 is 0.131771

pgibbs sample time: 0.000157 seconds
probability of topic_Department_7 is 0.0470651

pgibbs sample time: 7.4e-05 seconds
probability of topic_Department_68 is 0.0790022

pgibbs sample time: 7e-05 seconds
probability of topic_Person_64 is 0.0858528

pgibbs sample time: 5.7e-05 seconds
probability of topic_ResearchProject_83 is 0.107837

pgibbs sample time: 0.001234 seconds
probability of topic_Student_91 is 0.0936413

pgibbs sample time: 0.000387 seconds
probability of topic_ResearchProject_35 is 0.0790691

pgibbs sample time: 0.000259 seconds
probability of topic_Student_20 is 0.0925456

pgibbs sample time: 0.001178 seconds
probability of topic_Course_115 is 0.214972

pgibbs sample time: 7.4e-05 seconds
probability of topic_ResearchProject_51 is 0.0926599

pgibbs sample time: 0.000381 seconds
probability of topic_Faculty_35 is 0.126327

pgibbs sample time: 7.2e-05 seconds
probability of topic_Staff_68 is 0.0637812

pgibbs sample time: 0.001128 seconds
probability of topic_Staff_174 is 0.102693

pgibbs sample time: 0.000587 seconds
probability of topic_Department_136 is 0.113681

pgibbs sample time: 0.001653 seconds
probability of topic_Faculty_28 is 0.12406

pgibbs sample time: 0.000117 seconds
probability of topic_Person_7 is 0.0954873

pgibbs sample time: 0.001148 seconds
probability of topic_ResearchProject_41 is 0.0993621

pgibbs sample time: 0.000381 seconds
probability of topic_Course_92 is 0.0914139

pgibbs sample time: 6e-05 seconds
probability of topic_Student_21 is 0.0997967

pgibbs sample time: 0.000311 seconds
probability of topic_ResearchProject_116 is 0.127783

pgibbs sample time: 5.9e-05 seconds
probability of topic_Department_43 is 0.105792

pgibbs sample time: 7e-05 seconds
probability of topic_Course_97 is 0.140724

pgibbs sample time: 5.7e-05 seconds
probability of topic_Department_40 is 0.105436

pgibbs sample time: 0.001255 seconds
probability of topic_Staff_48 is 0.165426

pgibbs sample time: 0.000511 seconds
probability of topic_Course_130 is 0.12357

pgibbs sample time: 0.00153 seconds
probability of topic_Faculty_54 is 0.123721

pgibbs sample time: 0.000263 seconds
probability of topic_Course_200 is 0.0622428

pgibbs sample time: 0.001532 seconds
probability of topic_Faculty_3 is 0.152124

pgibbs sample time: 0.000478 seconds
probability of topic_Student_11 is 0.133274

pgibbs sample time: 0.001253 seconds
probability of topic_Staff_89 is 0.125695

pgibbs sample time: 0.001826 seconds
probability of topic_Course_133 is 0.133386

pgibbs sample time: 0.000427 seconds
probability of topic_ResearchProject_134 is 0.0701562

pgibbs sample time: 0.000545 seconds
probability of topic_Person_125 is 0.123271

pgibbs sample time: 0.001345 seconds
probability of topic_ResearchProject_102 is 0.103907

pgibbs sample time: 0.00028 seconds
probability of topic_Staff_25 is 0.0717204

pgibbs sample time: 5.9e-05 seconds
probability of topic_Department_46 is 0.107018

pgibbs sample time: 0.001227 seconds
probability of topic_Department_106 is 0.109625

pgibbs sample time: 0.000125 seconds
probability of topic_Staff_7 is 0.108201

pgibbs sample time: 0.000406 seconds
probability of topic_Person_17 is 0.116162

pgibbs sample time: 5.9e-05 seconds
probability of topic_Student_44 is 0.129772

pgibbs sample time: 0.000272 seconds
probability of topic_Course_116 is 0.113999

pgibbs sample time: 0.001204 seconds
probability of topic_Student_172 is 0.119268

pgibbs sample time: 0.001128 seconds
probability of topic_Staff_115 is 0.136105

pgibbs sample time: 5.6e-05 seconds
probability of topic_Course_53 is 0.0872788

pgibbs sample time: 0.000233 seconds
probability of topic_Student_73 is 0.1993

pgibbs sample time: 0.00011 seconds
probability of topic_Course_47 is 0.114282

pgibbs sample time: 0.000451 seconds
probability of topic_Department_67 is 0.116319

pgibbs sample time: 5.7e-05 seconds
probability of topic_Course_70 is 0.15042

pgibbs sample time: 7.1e-05 seconds
probability of topic_Faculty_21 is 0.0682181

pgibbs sample time: 0.000512 seconds
probability of topic_Student_110 is 0.135734

pgibbs sample time: 0.000471 seconds
probability of topic_Course_11 is 0.123733

pgibbs sample time: 5.8e-05 seconds
probability of topic_ResearchProject_21 is 0.0913892

pgibbs sample time: 5.8e-05 seconds
probability of topic_Department_70 is 0.146444

pgibbs sample time: 0.001148 seconds
probability of topic_ResearchProject_106 is 0.12378

pgibbs sample time: 5.8e-05 seconds
probability of topic_Department_16 is 0.0843164

pgibbs sample time: 0.000488 seconds
probability of topic_ResearchProject_130 is 0.123246

pgibbs sample time: 5.7e-05 seconds
probability of topic_Faculty_74 is 0.0854832

pgibbs sample time: 5.6e-05 seconds
probability of topic_Person_56 is 0.0663138

pgibbs sample time: 0.000488 seconds
probability of topic_Staff_130 is 0.121724

pgibbs sample time: 0.000386 seconds
probability of topic_Student_10 is 0.14306

pgibbs sample time: 0.00024 seconds
probability of topic_ResearchProject_119 is 0.137838

pgibbs sample time: 7.1e-05 seconds
probability of topic_Person_88 is 0.291681

pgibbs sample time: 8.3e-05 seconds
probability of topic_Person_23 is 0.0366537

pgibbs sample time: 0.000493 seconds
probability of topic_ResearchProject_8 is 0.107982

pgibbs sample time: 0.001827 seconds
probability of topic_Course_2 is 0.146785

pgibbs sample time: 5.8e-05 seconds
probability of topic_Department_34 is 0.0720754

pgibbs sample time: 7.1e-05 seconds
probability of topic_Department_37 is 0.0783397

pgibbs sample time: 0.001231 seconds
probability of topic_Student_180 is 0.133915

pgibbs sample time: 0.001233 seconds
probability of topic_Student_45 is 0.12446

pgibbs sample time: 0.00038 seconds
probability of topic_Person_120 is 0.126619

pgibbs sample time: 0.001513 seconds
probability of topic_ResearchProject_146 is 0.0535197

pgibbs sample time: 0.000384 seconds
probability of topic_Student_120 is 0.135462

pgibbs sample time: 5.8e-05 seconds
probability of topic_Faculty_56 is 0.0960443

pgibbs sample time: 5.8e-05 seconds
probability of topic_Student_74 is 0.111963

pgibbs sample time: 5.7e-05 seconds
probability of topic_Department_56 is 0.109957

pgibbs sample time: 0.000286 seconds
probability of topic_Department_200 is 0.0611823

pgibbs sample time: 0.000266 seconds
probability of topic_Faculty_231 is 0.138206

pgibbs sample time: 5.8e-05 seconds
probability of topic_Staff_39 is 0.096097

pgibbs sample time: 0.000493 seconds
probability of topic_ResearchProject_110 is 0.121438

pgibbs sample time: 0.001827 seconds
probability of topic_Course_169 is 0.121878

pgibbs sample time: 5.9e-05 seconds
probability of topic_Faculty_40 is 0.0798315

pgibbs sample time: 0.001295 seconds
probability of topic_Course_91 is 0.157101

pgibbs sample time: 7.4e-05 seconds
probability of topic_Faculty_64 is 0.0735381

pgibbs sample time: 8.6e-05 seconds
probability of topic_ResearchProject_76 is 0.0954422

pgibbs sample time: 7.1e-05 seconds
probability of topic_Student_97 is 0.178446

pgibbs sample time: 7.1e-05 seconds
probability of topic_Faculty_15 is 0.0999374

pgibbs sample time: 0.001532 seconds
probability of topic_Faculty_146 is 0.272643

pgibbs sample time: 0.000521 seconds
probability of topic_Student_111 is 0.240472

pgibbs sample time: 0.001536 seconds
probability of topic_Faculty_114 is 0.0978239

pgibbs sample time: 0.000407 seconds
probability of topic_Person_145 is 0.0985417

pgibbs sample time: 0.00122 seconds
probability of topic_Department_172 is 0.114771

pgibbs sample time: 9.4e-05 seconds
probability of topic_Person_77 is 0.175718

pgibbs sample time: 0.00179 seconds
probability of topic_Person_169 is 0.173456

pgibbs sample time: 8.5e-05 seconds
probability of topic_Student_69 is 0.166304

pgibbs sample time: 0.001293 seconds
probability of topic_Course_78 is 0.115641

pgibbs sample time: 0.000327 seconds
probability of topic_ResearchProject_120 is 0.109685

pgibbs sample time: 0.001534 seconds
probability of topic_Faculty_126 is 0.102577

pgibbs sample time: 0.00173 seconds
probability of topic_Student_3 is 0.0438653

pgibbs sample time: 0.001791 seconds
probability of topic_Person_12 is 0.166823

pgibbs sample time: 0.001132 seconds
probability of topic_Staff_106 is 0.219639

pgibbs sample time: 0.000512 seconds
probability of topic_Faculty_58 is 0.146627

pgibbs sample time: 0.001526 seconds
probability of topic_Student_29 is 0.15114

pgibbs sample time: 0.000101 seconds
probability of topic_Department_63 is 0.0674953

pgibbs sample time: 7.1e-05 seconds
probability of topic_ResearchProject_79 is 0.0893678

pgibbs sample time: 7.2e-05 seconds
probability of topic_Department_15 is 0.075943

pgibbs sample time: 0.001547 seconds
probability of topic_Person_3 is 0.072505

pgibbs sample time: 7.2e-05 seconds
probability of topic_Student_37 is 0.16064

pgibbs sample time: 7.1e-05 seconds
probability of topic_Staff_21 is 0.095026

pgibbs sample time: 6e-05 seconds
probability of topic_ResearchProject_39 is 0.138305

pgibbs sample time: 0.000363 seconds
probability of topic_Faculty_120 is 0.120217

pgibbs sample time: 7.1e-05 seconds
probability of topic_Person_68 is 0.0524671

pgibbs sample time: 5.7e-05 seconds
probability of topic_Faculty_75 is 0.112565

pgibbs sample time: 0.000388 seconds
probability of topic_ResearchProject_10 is 0.135389

pgibbs sample time: 0.00023 seconds
probability of topic_Staff_119 is 0.157999

pgibbs sample time: 5.8e-05 seconds
probability of topic_Faculty_86 is 0.0895212

pgibbs sample time: 0.000236 seconds
probability of topic_Department_19 is 0.167968

pgibbs sample time: 0.00118 seconds
probability of topic_Course_33 is 0.165848

pgibbs sample time: 0.001148 seconds
probability of topic_ResearchProject_174 is 0.124215

pgibbs sample time: 5.9e-05 seconds
probability of topic_Student_66 is 0.109458

pgibbs sample time: 5.6e-05 seconds
probability of topic_Person_86 is 0.118943

pgibbs sample time: 0.000449 seconds
probability of topic_Course_168 is 0.0920823

pgibbs sample time: 0.001145 seconds
probability of topic_Person_174 is 0.130962

pgibbs sample time: 0.001297 seconds
probability of topic_Course_180 is 0.11364

pgibbs sample time: 0.001155 seconds
probability of topic_ResearchProject_115 is 0.209282

pgibbs sample time: 0.000459 seconds
probability of topic_Course_42 is 0.035631

pgibbs sample time: 5.8e-05 seconds
probability of topic_Person_39 is 0.0813615

pgibbs sample time: 0.000459 seconds
probability of topic_Course_186 is 0.119792

pgibbs sample time: 0.000459 seconds
probability of topic_Course_105 is 0.14641

pgibbs sample time: 5.8e-05 seconds
probability of topic_Staff_46 is 0.0866285

pgibbs sample time: 0.00039 seconds
probability of topic_Faculty_61 is 0.105002

pgibbs sample time: 0.001212 seconds
probability of topic_Faculty_172 is 0.0921932

pgibbs sample time: 0.000421 seconds
probability of topic_Person_35 is 0.291288

pgibbs sample time: 0.000281 seconds
probability of topic_Person_231 is 0.146716

pgibbs sample time: 0.000525 seconds
probability of topic_Person_58 is 0.111511

pgibbs sample time: 0.00051 seconds
probability of topic_Person_130 is 0.11817

pgibbs sample time: 0.00056 seconds
probability of topic_Staff_136 is 0.0815441

pgibbs sample time: 0.000503 seconds
probability of topic_Department_111 is 0.0217052

pgibbs sample time: 0.000565 seconds
probability of topic_Staff_125 is 0.129162

pgibbs sample time: 0.000447 seconds
probability of topic_Department_168 is 0.113277

pgibbs sample time: 0.000123 seconds
probability of topic_Course_52 is 0.0797841

pgibbs sample time: 0.001808 seconds
probability of topic_Department_12 is 0.164299

pgibbs sample time: 5.6e-05 seconds
probability of topic_Course_74 is 0.0872788

pgibbs sample time: 0.000442 seconds
probability of topic_Student_35 is 0.361255

pgibbs sample time: 5.7e-05 seconds
probability of topic_Person_98 is 0.143162

pgibbs sample time: 5.8e-05 seconds
probability of topic_ResearchProject_80 is 0.0931433

pgibbs sample time: 5.6e-05 seconds
probability of topic_Staff_83 is 0.108321

pgibbs sample time: 0.001509 seconds
probability of topic_Course_217 is 0.299825

pgibbs sample time: 7e-05 seconds
probability of topic_Department_5 is 0.180984

pgibbs sample time: 0.001663 seconds
probability of topic_ResearchProject_155 is 0.128776

pgibbs sample time: 0.001671 seconds
probability of topic_ResearchProject_157 is 0.13416

pgibbs sample time: 0.001675 seconds
probability of topic_ResearchProject_199 is 0.087788

pgibbs sample time: 0.00167 seconds
probability of topic_ResearchProject_18 is 0.113584

pgibbs sample time: 0.000381 seconds
probability of topic_Faculty_87 is 0.133033

pgibbs sample time: 0.001663 seconds
probability of topic_ResearchProject_24 is 0.114272

pgibbs sample time: 0.001212 seconds
probability of topic_Student_36 is 0.0798596

pgibbs sample time: 0.00179 seconds
probability of topic_Person_155 is 0.0810835

pgibbs sample time: 0.001798 seconds
probability of topic_Person_157 is 0.145479

pgibbs sample time: 5.5e-05 seconds
probability of topic_Course_46 is 0.0842368

pgibbs sample time: 0.001217 seconds
probability of topic_Faculty_41 is 0.0900704

pgibbs sample time: 0.001204 seconds
probability of topic_Person_45 is 0.117986

pgibbs sample time: 0.000235 seconds
probability of topic_Student_19 is 0.229047

pgibbs sample time: 7.1e-05 seconds
probability of topic_Person_85 is 0.0445109

pgibbs sample time: 0.000139 seconds
probability of topic_Student_7 is 0.106332

pgibbs sample time: 0.0018 seconds
probability of topic_Person_24 is 0.125287

pgibbs sample time: 5.9e-05 seconds
probability of topic_ResearchProject_26 is 0.173515

pgibbs sample time: 0.000252 seconds
probability of topic_Staff_87 is 0.135038

pgibbs sample time: 7.5e-05 seconds
probability of topic_ResearchProject_23 is 0.101721

pgibbs sample time: 5.8e-05 seconds
probability of topic_Department_83 is 0.100008

pgibbs sample time: 0.000124 seconds
probability of topic_Person_32 is 0.104278

pgibbs sample time: 5.7e-05 seconds
probability of topic_Faculty_22 is 0.0798315

pgibbs sample time: 5.7e-05 seconds
probability of topic_Department_98 is 0.0616931

pgibbs sample time: 0.000115 seconds
probability of topic_Student_47 is 0.0450275

pgibbs sample time: 7.2e-05 seconds
probability of topic_Department_23 is 0.137829

pgibbs sample time: 7.1e-05 seconds
probability of topic_Department_53 is 0.0932549

pgibbs sample time: 0.001297 seconds
probability of topic_ResearchProject_45 is 0.095818

pgibbs sample time: 5.7e-05 seconds
probability of topic_Staff_75 is 0.123974

pgibbs sample time: 5.7e-05 seconds
probability of topic_Course_83 is 0.17098

pgibbs sample time: 5.6e-05 seconds
probability of topic_Student_86 is 0.12576

pgibbs sample time: 5.5e-05 seconds
probability of topic_Person_96 is 0.101016

pgibbs sample time: 0.000129 seconds
probability of topic_Faculty_32 is 0.109381

pgibbs sample time: 5.5e-05 seconds
probability of topic_Person_62 is 0.243469

pgibbs sample time: 5.6e-05 seconds
probability of topic_Department_62 is 0.18052

pgibbs sample time: 5.7e-05 seconds
probability of topic_Department_6 is 0.092868

pgibbs sample time: 6.9e-05 seconds
probability of topic_Faculty_97 is 0.0976395

pgibbs sample time: 0.000477 seconds
probability of topic_Faculty_136 is 0.0651037

pgibbs sample time: 0.000201 seconds
probability of topic_Faculty_55 is 0.142528

pgibbs sample time: 0.001699 seconds
probability of topic_Staff_156 is 0.159446

pgibbs sample time: 0.001698 seconds
probability of topic_Staff_126 is 0.148997

pgibbs sample time: 0.0017 seconds
probability of topic_Staff_114 is 0.0910376

pgibbs sample time: 5.7e-05 seconds
probability of topic_Staff_43 is 0.111413

pgibbs sample time: 0.000261 seconds
probability of topic_ResearchProject_20 is 0.17701

pgibbs sample time: 5.7e-05 seconds
probability of topic_Department_38 is 0.14735

pgibbs sample time: 0.000381 seconds
probability of topic_Faculty_10 is 0.14619

pgibbs sample time: 0.001617 seconds
probability of topic_Staff_157 is 0.187016

pgibbs sample time: 5.7e-05 seconds
probability of topic_Staff_71 is 0.153806

pgibbs sample time: 5.8e-05 seconds
probability of topic_ResearchProject_38 is 0.105362

pgibbs sample time: 5.7e-05 seconds
probability of topic_Staff_60 is 0.111758

pgibbs sample time: 0.000311 seconds
probability of topic_Course_93 is 0.0972297

pgibbs sample time: 5.9e-05 seconds
probability of topic_ResearchProject_56 is 0.145229

pgibbs sample time: 0.000442 seconds
probability of topic_Student_61 is 0.156872

pgibbs sample time: 0.000154 seconds
probability of topic_Faculty_7 is 0.127081

pgibbs sample time: 0.001484 seconds
probability of topic_Person_50 is 0.186002

pgibbs sample time: 8.4e-05 seconds
probability of topic_Course_69 is 0.192146

pgibbs sample time: 0.001313 seconds
probability of topic_Department_91 is 0.106426

pgibbs sample time: 0.000228 seconds
probability of topic_Staff_81 is 0.0995954

pgibbs sample time: 0.001313 seconds
probability of topic_Department_45 is 0.113786

pgibbs sample time: 0.001095 seconds
probability of topic_Student_89 is 0.121404

pgibbs sample time: 0.000451 seconds
probability of topic_Staff_57 is 0.1079

pgibbs sample time: 0.000451 seconds
probability of topic_Staff_61 is 0.116966

pgibbs sample time: 5.6e-05 seconds
probability of topic_Staff_1 is 0.0811437

pgibbs sample time: 0.001808 seconds
probability of topic_Department_157 is 0.134045

pgibbs sample time: 0.001592 seconds
probability of topic_Department_59 is 0.136681

pgibbs sample time: 0.001556 seconds
probability of topic_Person_54 is 0.11756

pgibbs sample time: 0.000451 seconds
probability of topic_Staff_168 is 0.0972326

pgibbs sample time: 0.001219 seconds
probability of topic_Student_72 is 0.148958

pgibbs sample time: 7.2e-05 seconds
probability of topic_Faculty_68 is 0.0642363

pgibbs sample time: 0.000499 seconds
probability of topic_Department_58 is 0.0989395

pgibbs sample time: 0.000553 seconds
probability of topic_Faculty_30 is 0.099821

pgibbs sample time: 0.00112 seconds
probability of topic_Staff_33 is 0.121949

pgibbs sample time: 0.000385 seconds
probability of topic_Department_244 is 0.0975643

pgibbs sample time: 5.8e-05 seconds
probability of topic_Department_9 is 0.113727

pgibbs sample time: 5.7e-05 seconds
probability of topic_Student_39 is 0.10325

pgibbs sample time: 5.6e-05 seconds
probability of topic_Faculty_1 is 0.152963

pgibbs sample time: 0.001531 seconds
probability of topic_Student_102 is 0.167371

pgibbs sample time: 0.001187 seconds
probability of topic_Course_174 is 0.108706

pgibbs sample time: 5.7e-05 seconds
probability of topic_Person_75 is 0.107077

pgibbs sample time: 5.8e-05 seconds
probability of topic_ResearchProject_15 is 0.11691

pgibbs sample time: 0.000264 seconds
probability of topic_Course_25 is 0.0638602

pgibbs sample time: 5.8e-05 seconds
probability of topic_Department_26 is 0.120005

pgibbs sample time: 7e-05 seconds
probability of topic_Staff_5 is 0.124683

pgibbs sample time: 0.000221 seconds
probability of topic_Person_19 is 0.229716

pgibbs sample time: 5.7e-05 seconds
probability of topic_Faculty_99 is 0.103209

pgibbs sample time: 0.000399 seconds
probability of topic_Staff_67 is 0.103879

pgibbs sample time: 5.9e-05 seconds
probability of topic_Student_46 is 0.108926

pgibbs sample time: 5.9e-05 seconds
probability of topic_Student_70 is 0.0876746

pgibbs sample time: 0.000293 seconds
probability of topic_Student_90 is 0.11623

pgibbs sample time: 0.000288 seconds
probability of topic_Student_200 is 0.0806263

pgibbs sample time: 5.7e-05 seconds
probability of topic_Person_9 is 0.0834132

pgibbs sample time: 0.000416 seconds
probability of topic_Person_67 is 0.123621

pgibbs sample time: 0.001081 seconds
probability of topic_ResearchProject_33 is 0.107858

pgibbs sample time: 0.000513 seconds
probability of topic_Faculty_111 is 0.0921607

pgibbs sample time: 5.8e-05 seconds
probability of topic_Staff_6 is 0.100623

pgibbs sample time: 0.001087 seconds
probability of topic_ResearchProject_164 is 0.0923225

pgibbs sample time: 0.000257 seconds
probability of topic_Student_81 is 0.152037

pgibbs sample time: 0.000497 seconds
probability of topic_Course_111 is 0.059533

pgibbs sample time: 0.000479 seconds
probability of topic_ResearchProject_105 is 0.107261

pgibbs sample time: 0.001696 seconds
probability of topic_Staff_3 is 0.132621

pgibbs sample time: 0.001489 seconds
probability of topic_Person_146 is 0.2765

pgibbs sample time: 0.001489 seconds
probability of topic_Person_102 is 0.156038

pgibbs sample time: 0.001529 seconds
probability of topic_Course_28 is 0.121647

pgibbs sample time: 0.001791 seconds
probability of topic_Person_133 is 0.136758

pgibbs sample time: 5.6e-05 seconds
probability of topic_Person_6 is 0.10676

pgibbs sample time: 0.00024 seconds
probability of topic_Faculty_119 is 0.114725

pgibbs sample time: 7.1e-05 seconds
probability of topic_Course_22 is 0.0783993

pgibbs sample time: 0.000288 seconds
probability of topic_ResearchProject_145 is 0.122207

pgibbs sample time: 7.4e-05 seconds
probability of topic_Student_15 is 0.127456

pgibbs sample time: 0.001214 seconds
probability of topic_Student_118 is 0.139862

pgibbs sample time: 0.000222 seconds
probability of topic_Staff_19 is 0.083191

pgibbs sample time: 0.00126 seconds
probability of topic_Staff_91 is 0.0930164

pgibbs sample time: 0.000287 seconds
probability of topic_ResearchProject_17 is 0.118899

pgibbs sample time: 0.000289 seconds
probability of topic_Person_90 is 0.187269

pgibbs sample time: 0.000287 seconds
probability of topic_Person_200 is 0.154661

pgibbs sample time: 5.8e-05 seconds
probability of topic_Course_56 is 0.0891904

pgibbs sample time: 0.000471 seconds
probability of topic_Course_134 is 0.11406

pgibbs sample time: 0.001315 seconds
probability of topic_Department_258 is 0.117381

pgibbs sample time: 5.8e-05 seconds
probability of topic_Student_60 is 0.117873

pgibbs sample time: 9.4e-05 seconds
probability of topic_Staff_77 is 0.0861591

pgibbs sample time: 0.001089 seconds
probability of topic_ResearchProject_209 is 0.105102

pgibbs sample time: 0.001666 seconds
probability of topic_ResearchProject_2 is 0.12498

pgibbs sample time: 5.8e-05 seconds
probability of topic_Faculty_51 is 0.0798315

pgibbs sample time: 7.1e-05 seconds
probability of topic_Faculty_85 is 0.0598623

pgibbs sample time: 0.000115 seconds
probability of topic_Department_47 is 0.0674133

pgibbs sample time: 5.5e-05 seconds
probability of topic_Staff_62 is 0.111338

pgibbs sample time: 0.000373 seconds
probability of topic_Course_35 is 0.111575

pgibbs sample time: 0.000229 seconds
probability of topic_Staff_20 is 0.0930989

pgibbs sample time: 0.000202 seconds
probability of topic_Faculty_73 is 0.132729

pgibbs sample time: 7e-05 seconds
probability of topic_Person_21 is 0.0975907

pgibbs sample time: 5.8e-05 seconds
probability of topic_ResearchProject_60 is 0.110987

pgibbs sample time: 0.000389 seconds
probability of topic_Department_31 is 0.101904

pgibbs sample time: 0.000389 seconds
probability of topic_Department_92 is 0.0958011

pgibbs sample time: 0.000426 seconds
probability of topic_Faculty_67 is 0.0931174

pgibbs sample time: 0.000488 seconds
probability of topic_Faculty_134 is 0.072704

pgibbs sample time: 0.000269 seconds
probability of topic_Department_81 is 0.167898

pgibbs sample time: 0.001536 seconds
probability of topic_Faculty_102 is 0.147868

pgibbs sample time: 7.4e-05 seconds
probability of topic_Faculty_76 is 0.115803

pgibbs sample time: 0.001583 seconds
probability of topic_Department_54 is 0.123271

pgibbs sample time: 0.001592 seconds
probability of topic_Department_114 is 0.0969334

pgibbs sample time: 0.001268 seconds
probability of topic_Staff_45 is 0.0971054

pgibbs sample time: 0.001302 seconds
probability of topic_ResearchProject_258 is 0.11283

pgibbs sample time: 0.000354 seconds
probability of topic_ResearchProject_187 is 0.0650022

pgibbs sample time: 0.000355 seconds
probability of topic_ResearchProject_13 is 0.131061

pgibbs sample time: 0.000387 seconds
probability of topic_Staff_4 is 0.0541792

pgibbs sample time: 8.2e-05 seconds
probability of topic_Course_76 is 0.0920289

pgibbs sample time: 0.001258 seconds
probability of topic_ResearchProject_126 is 0.113332

pgibbs sample time: 6.9e-05 seconds
probability of topic_Course_15 is 0.0878773

pgibbs sample time: 5.7e-05 seconds
probability of topic_ResearchProject_71 is 0.108601

pgibbs sample time: 0.000413 seconds
probability of topic_Student_244 is 0.137172

pgibbs sample time: 0.001155 seconds
probability of topic_Faculty_78 is 0.102529

pgibbs sample time: 7.3e-05 seconds
probability of topic_Staff_64 is 0.0797388

pgibbs sample time: 0.000523 seconds
probability of topic_ResearchProject_42 is 0.0844294

pgibbs sample time: 0.000278 seconds
probability of topic_Person_93 is 0.035844

pgibbs sample time: 5.9e-05 seconds
probability of topic_Staff_66 is 0.0895899

pgibbs sample time: 0.001986 seconds
probability of topic_Course_18 is 0.0741844

pgibbs sample time: 0.000408 seconds
probability of topic_Staff_111 is 0.0986242

pgibbs sample time: 0.001822 seconds
probability of topic_Staff_54 is 0.120993

pgibbs sample time: 0.0001 seconds
probability of topic_Faculty_94 is 0.0293955

pgibbs sample time: 7.1e-05 seconds
probability of topic_Person_97 is 0.175232

pgibbs sample time: 5.7e-05 seconds
probability of topic_ResearchProject_96 is 0.112931

pgibbs sample time: 5.7e-05 seconds
probability of topic_Department_75 is 0.101285

pgibbs sample time: 7e-05 seconds
probability of topic_Staff_53 is 0.0926435

pgibbs sample time: 0.000259 seconds
probability of topic_Course_20 is 0.103659

pgibbs sample time: 7.3e-05 seconds
probability of topic_ResearchProject_95 is 0.155606

pgibbs sample time: 0.001809 seconds
probability of topic_Department_18 is 0.0819459

pgibbs sample time: 0.001313 seconds
probability of topic_Department_78 is 0.0978808

pgibbs sample time: 0.000261 seconds
probability of topic_Course_231 is 0.115645

pgibbs sample time: 5.9e-05 seconds
probability of topic_Department_65 is 0.079961

pgibbs sample time: 0.001155 seconds
probability of topic_Faculty_89 is 0.101549

pgibbs sample time: 0.000251 seconds
probability of topic_Person_81 is 0.11793

pgibbs sample time: 7.3e-05 seconds
probability of topic_Faculty_95 is 0.0893087

pgibbs sample time: 0.000251 seconds
probability of topic_Person_20 is 0.113637

pgibbs sample time: 0.000142 seconds
probability of topic_Department_52 is 0.111294

pgibbs sample time: 0.000115 seconds
probability of topic_ResearchProject_32 is 0.104932

pgibbs sample time: 5.7e-05 seconds
probability of topic_ResearchProject_40 is 0.0913892

pgibbs sample time: 0.000384 seconds
probability of topic_Faculty_17 is 0.136335

pgibbs sample time: 5.8e-05 seconds
probability of topic_Student_22 is 0.174619

pgibbs sample time: 0.000383 seconds
probability of topic_Faculty_244 is 0.0976996

pgibbs sample time: 5.6e-05 seconds
probability of topic_Staff_84 is 0.101301

pgibbs sample time: 5.5e-05 seconds
probability of topic_Staff_80 is 0.0948402

pgibbs sample time: 5.8e-05 seconds
probability of topic_Student_38 is 0.0956805

pgibbs sample time: 0.000111 seconds
probability of topic_Staff_47 is 0.0577779

pgibbs sample time: 5.5e-05 seconds
probability of topic_Staff_44 is 0.0874999

pgibbs sample time: 0.000235 seconds
probability of topic_ResearchProject_49 is 0.119376

pgibbs sample time: 0.001303 seconds
probability of topic_ResearchProject_78 is 0.099066

pgibbs sample time: 7.2e-05 seconds
probability of topic_Faculty_53 is 0.108402

pgibbs sample time: 5.6e-05 seconds
probability of topic_Staff_86 is 0.0832345

pgibbs sample time: 0.001523 seconds
probability of topic_Department_50 is 0.0971609

pgibbs sample time: 0.001521 seconds
probability of topic_Department_146 is 0.33994

pgibbs sample time: 0.001518 seconds
probability of topic_Department_102 is 0.081714

pgibbs sample time: 0.00152 seconds
probability of topic_Department_28 is 0.116457

pgibbs sample time: 5.8e-05 seconds
probability of topic_Course_38 is 0.105285

pgibbs sample time: 5.7e-05 seconds
probability of topic_Person_66 is 0.1089

pgibbs sample time: 5.5e-05 seconds
probability of topic_Course_68 is 0.113941

pgibbs sample time: 0.001834 seconds
probability of topic_Course_12 is 0.129046

pgibbs sample time: 0.001838 seconds
probability of topic_Course_155 is 0.113701

pgibbs sample time: 5.8e-05 seconds
probability of topic_Faculty_44 is 0.147875

pgibbs sample time: 5.6e-05 seconds
probability of topic_Course_75 is 0.0834726

pgibbs sample time: 0.00179 seconds
probability of topic_Student_133 is 0.153116

pgibbs sample time: 0.000327 seconds
probability of topic_ResearchProject_31 is 0.085649

pgibbs sample time: 0.000326 seconds
probability of topic_ResearchProject_92 is 0.120738

pgibbs sample time: 5.9e-05 seconds
probability of topic_Department_60 is 0.122427

pgibbs sample time: 0.000512 seconds
probability of topic_Department_130 is 0.123372

pgibbs sample time: 0.00045 seconds
probability of topic_Faculty_57 is 0.117115

pgibbs sample time: 0.000197 seconds
probability of topic_Course_19 is 0.0834186

pgibbs sample time: 0.000195 seconds
probability of topic_Course_49 is 0.0953961

pgibbs sample time: 5.9e-05 seconds
probability of topic_Faculty_16 is 0.122699

pgibbs sample time: 0.000102 seconds
probability of topic_Student_63 is 0.0726067

pgibbs sample time: 0.001813 seconds
probability of topic_Department_155 is 0.157024

pgibbs sample time: 7.1e-05 seconds
probability of topic_Course_5 is 0.080082

pgibbs sample time: 0.000237 seconds
probability of topic_Department_49 is 0.11008

pgibbs sample time: 7.1e-05 seconds
probability of topic_Person_37 is 0.15571

pgibbs sample time: 8.4e-05 seconds
probability of topic_Course_23 is 0.224324

pgibbs sample time: 0.000281 seconds
probability of topic_Staff_231 is 0.10174

pgibbs sample time: 0.001209 seconds
probability of topic_Person_33 is 0.0734086

pgibbs sample time: 0.00121 seconds
probability of topic_Person_209 is 0.164951

pgibbs sample time: 0.001207 seconds
probability of topic_Person_164 is 0.160161

pgibbs sample time: 0.000363 seconds
probability of topic_Student_13 is 0.0562042

pgibbs sample time: 0.000363 seconds
probability of topic_Student_187 is 0.17501

pgibbs sample time: 0.000458 seconds
probability of topic_Person_4 is 0.114607

pgibbs sample time: 0.001796 seconds
probability of topic_Faculty_18 is 0.0943633

pgibbs sample time: 5.9e-05 seconds
probability of topic_Faculty_82 is 0.0833607

pgibbs sample time: 0.001243 seconds
probability of topic_Student_258 is 0.125966

pgibbs sample time: 7.2e-05 seconds
probability of topic_Staff_97 is 0.149585

pgibbs sample time: 9.7e-05 seconds
probability of topic_Student_77 is 0.176644

pgibbs sample time: 0.000208 seconds
probability of topic_ResearchProject_73 is 0.114128

pgibbs sample time: 7.1e-05 seconds
probability of topic_Course_95 is 0.1056

pgibbs sample time: 0.000513 seconds
probability of topic_Student_130 is 0.121183

pgibbs sample time: 7e-05 seconds
probability of topic_ResearchProject_97 is 0.105789

pgibbs sample time: 9.8e-05 seconds
probability of topic_Department_77 is 0.1507

pgibbs sample time: 0.001232 seconds
probability of topic_Department_174 is 0.306282

pgibbs sample time: 0.000208 seconds
probability of topic_Student_65 is 0.147509

pgibbs sample time: 0.000468 seconds
probability of topic_Person_42 is 0.162565

pgibbs sample time: 0.000469 seconds
probability of topic_Person_186 is 0.104859

pgibbs sample time: 0.001137 seconds
probability of topic_Staff_72 is 0.0575946

pgibbs sample time: 0.000418 seconds
probability of topic_Staff_186 is 0.108192

pgibbs sample time: 5.6e-05 seconds
probability of topic_Course_34 is 0.101594

pgibbs sample time: 0.00026 seconds
probability of topic_Course_81 is 0.136955

pgibbs sample time: 0.000295 seconds
probability of topic_ResearchProject_90 is 0.149884

pgibbs sample time: 7.3e-05 seconds
probability of topic_Department_79 is 0.145098

pgibbs sample time: 5.6e-05 seconds
probability of topic_Staff_56 is 0.0930899

pgibbs sample time: 0.001268 seconds
probability of topic_Staff_258 is 0.0823664

pgibbs sample time: 5.8e-05 seconds
probability of topic_Student_82 is 0.123171

pgibbs sample time: 0.00042 seconds
probability of topic_Person_87 is 0.173572

pgibbs sample time: 0.000285 seconds
probability of topic_Department_90 is 0.139046

pgibbs sample time: 0.000384 seconds
probability of topic_Student_31 is 0.152226

pgibbs sample time: 5.8e-05 seconds
probability of topic_Faculty_26 is 0.156856

pgibbs sample time: 0.001231 seconds
probability of topic_Faculty_106 is 0.128961

pgibbs sample time: 5.8e-05 seconds
probability of topic_Student_83 is 0.126211

pgibbs sample time: 0.000583 seconds
probability of topic_Department_30 is 0.107086

pgibbs sample time: 0.001515 seconds
probability of topic_Staff_59 is 0.114062

pgibbs sample time: 0.000295 seconds
probability of topic_ResearchProject_200 is 0.0642674

pgibbs sample time: 0.001006 seconds
probability of topic_Staff_164 is 0.103263

pgibbs sample time: 0.000263 seconds
probability of topic_Course_90 is 0.0815232

pgibbs sample time: 7.1e-05 seconds
probability of topic_Person_14 is 0.0940298

pgibbs sample time: 0.001207 seconds
probability of topic_Person_91 is 0.0713822

pgibbs sample time: 0.00123 seconds
probability of topic_Department_118 is 0.0914053

pgibbs sample time: 5.9e-05 seconds
probability of topic_ResearchProject_6 is 0.10165

pgibbs sample time: 5.7e-05 seconds
probability of topic_Course_85 is 0.133704

pgibbs sample time: 5.5e-05 seconds
probability of topic_Person_71 is 0.201808

pgibbs sample time: 5.8e-05 seconds
probability of topic_Faculty_66 is 0.079707

pgibbs sample time: 0.001229 seconds
probability of topic_Department_41 is 0.0864616

pgibbs sample time: 0.001237 seconds
probability of topic_Department_72 is 0.0633184

pgibbs sample time: 5.9e-05 seconds
probability of topic_Student_99 is 0.10325

pgibbs sample time: 7.1e-05 seconds
probability of topic_Department_97 is 0.227962

pgibbs sample time: 0.000513 seconds
probability of topic_Department_8 is 0.207758

pgibbs sample time: 0.000458 seconds
probability of topic_Person_111 is 0.235142

pgibbs sample time: 0.001517 seconds
probability of topic_Course_59 is 0.191116

pgibbs sample time: 7e-05 seconds
probability of topic_Person_5 is 0.11609

pgibbs sample time: 7e-05 seconds
probability of topic_Course_88 is 0.121482

pgibbs sample time: 0.001516 seconds
probability of topic_Course_126 is 0.0846621

pgibbs sample time: 0.00152 seconds
probability of topic_Course_156 is 0.135071

pgibbs sample time: 5.8e-05 seconds
probability of topic_Faculty_80 is 0.0854832

pgibbs sample time: 0.001514 seconds
probability of topic_Course_3 is 0.0986722

pgibbs sample time: 9.7e-05 seconds
probability of topic_Faculty_77 is 0.102278

pgibbs sample time: 0.000596 seconds
probability of topic_Student_4 is 0.184095

pgibbs sample time: 5.6e-05 seconds
probability of topic_Course_26 is 0.141758

pgibbs sample time: 5.6e-05 seconds
probability of topic_Person_26 is 0.11794

pgibbs sample time: 0.000239 seconds
probability of topic_ResearchProject_65 is 0.088794

pgibbs sample time: 0.00038 seconds
probability of topic_Person_92 is 0.102485

pgibbs sample time: 0.000305 seconds
probability of topic_Department_116 is 0.0987621

pgibbs sample time: 0.001835 seconds
probability of topic_Course_199 is 0.109415

pgibbs sample time: 0.001593 seconds
probability of topic_Department_217 is 0.13526

pgibbs sample time: 7.3e-05 seconds
probability of topic_Department_51 is 0.0995726

pgibbs sample time: 5.8e-05 seconds
probability of topic_Person_99 is 0.0813615

pgibbs sample time: 0.00035 seconds
probability of topic_Staff_92 is 0.0952778

pgibbs sample time: 7.4e-05 seconds
probability of topic_Faculty_88 is 0.140824

pgibbs sample time: 7.3e-05 seconds
probability of topic_ResearchProject_85 is 0.0522662

pgibbs sample time: 0.000399 seconds
probability of topic_Staff_11 is 0.0949078

pgibbs sample time: 0.000399 seconds
probability of topic_Staff_134 is 0.047681

pgibbs sample time: 5.7e-05 seconds
probability of topic_Faculty_98 is 0.087534

pgibbs sample time: 5.8e-05 seconds
probability of topic_ResearchProject_9 is 0.188793

pgibbs sample time: 5.8e-05 seconds
probability of topic_Student_34 is 0.159601

pgibbs sample time: 0.000288 seconds
probability of topic_Department_231 is 0.0996346

pgibbs sample time: 0.001521 seconds
probability of topic_Course_114 is 0.090479

pgibbs sample time: 8.7e-05 seconds
probability of topic_Student_23 is 0.0331828

pgibbs sample time: 0.00048 seconds
probability of topic_ResearchProject_186 is 0.0864968

pgibbs sample time: 5.8e-05 seconds
probability of topic_ResearchProject_16 is 0.109777

pgibbs sample time: 5.6e-05 seconds
probability of topic_Person_43 is 0.108171

pgibbs sample time: 0.001801 seconds
probability of topic_Faculty_155 is 0.204421

pgibbs sample time: 0.000287 seconds
probability of topic_Department_25 is 0.0493549

pgibbs sample time: 0.001801 seconds
probability of topic_Faculty_157 is 0.128981

pgibbs sample time: 5.9e-05 seconds
probability of topic_Faculty_60 is 0.0981916

pgibbs sample time: 5.7e-05 seconds
probability of topic_Staff_96 is 0.114578

pgibbs sample time: 5.7e-05 seconds
probability of topic_Department_39 is 0.0873436

pgibbs sample time: 0.001627 seconds
probability of topic_Staff_169 is 0.314464

pgibbs sample time: 0.001631 seconds
probability of topic_Staff_18 is 0.0765177

pgibbs sample time: 0.000237 seconds
probability of topic_Person_187 is 0.170498

pgibbs sample time: 5.7e-05 seconds
probability of topic_Student_98 is 0.180909

pgibbs sample time: 0.001792 seconds
probability of topic_Student_24 is 0.151796

pgibbs sample time: 8.4e-05 seconds
probability of topic_ResearchProject_77 is 0.121519

pgibbs sample time: 7.2e-05 seconds
probability of topic_Person_27 is 0.118117

pgibbs sample time: 5.7e-05 seconds
probability of topic_ResearchProject_62 is 0.174317

pgibbs sample time: 0.000491 seconds
probability of topic_Staff_8 is 0.161411

pgibbs sample time: 7.1e-05 seconds
probability of topic_Student_14 is 0.100423

pgibbs sample time: 7e-05 seconds
probability of topic_Staff_51 is 0.0775693

pgibbs sample time: 0.000486 seconds
probability of topic_Staff_110 is 0.0893279

pgibbs sample time: 7e-05 seconds
probability of topic_Course_77 is 0.0343808

pgibbs sample time: 0.000265 seconds
probability of topic_Department_93 is 0.101962

pgibbs sample time: 5.8e-05 seconds
probability of topic_Student_75 is 0.10162

pgibbs sample time: 0.00016 seconds
probability of topic_ResearchProject_7 is 0.0833411

pgibbs sample time: 7.2e-05 seconds
probability of topic_ResearchProject_37 is 0.0719946

pgibbs sample time: 0.001307 seconds
probability of topic_ResearchProject_91 is 0.135819

pgibbs sample time: 5.6e-05 seconds
probability of topic_Course_86 is 0.0827452

pgibbs sample time: 5.6e-05 seconds
probability of topic_Person_60 is 0.10465

pgibbs sample time: 0.001786 seconds
probability of topic_Student_2 is 0.106374

pgibbs sample time: 0.000579 seconds
probability of topic_Student_30 is 0.113403

pgibbs sample time: 0.001792 seconds
probability of topic_Student_199 is 0.179517

pgibbs sample time: 0.001792 seconds
probability of topic_Student_18 is 0.105143

pgibbs sample time: 0.000208 seconds
probability of topic_Student_119 is 0.106436

pgibbs sample time: 0.000416 seconds
probability of topic_Faculty_13 is 0.143128

pgibbs sample time: 0.000359 seconds
probability of topic_Faculty_187 is 0.202742

pgibbs sample time: 0.000433 seconds
probability of topic_Person_168 is 0.117477

pgibbs sample time: 7.4e-05 seconds
probability of topic_Staff_85 is 0.0474534

pgibbs sample time: 0.000452 seconds
probability of topic_Course_4 is 0.0746209

pgibbs sample time: 0.000385 seconds
probability of topic_Student_92 is 0.118646

pgibbs sample time: 0.000497 seconds
probability of topic_Course_58 is 0.130431

pgibbs sample time: 0.00027 seconds
probability of topic_Faculty_93 is 0.0920432

