observed tuples: r3380 r465 r4745 r3898 r511 r3157 r1907 r4938 r258 r4130 r2085 r3969 r1566 r3656 r2992 r50 r3152 r2559 r3982 r565 r3923 r3392 r1295 r3653 r4427 r3347 r2396 r2874 r2647 r4445 r3078 r978 r576 r4775 r3319 r2517 r1660 r4739 r4459 r3589 r3519 r4304 r1709 r4033 r3806 r4600 r2765 r3192 r2726 r2127 r3673 r1470 r3092 r3518 r3565 r681 r2525 r347 r1575 r3313 r4863 r2492 r2950 r1256 r3141 r3308 r2367 r2354 r1063 r3348 r543 r1004 r2741 r734 r3315 r4108 r549 r4654 r3224 r861 r3474 r3472 r4243 r2042 r2161 r1812 r3400 r4365 r3137 r1829 r1376 r4635 r1897 r2125 links_116_93 links_8_110 r4070 r2236 r358 r4425 r1441 links_11_67 hasword_confer_9 links_81_20 r2618 r1043 r51 hasword_base_1 r4735 r3897 r3252 r3718 r1227 r4463 r3724 r3410 r2088 r4494 r4140 r3757 r1906 r4159 hasword_effici_51 r2264 links_11_134 hasword_version_82 r1900 r3520 r4227 r3205 r651 r2456 r991 hasword_count_52 r180 r980 r4750 r642 r1707 hasword_june_118 r1258 r913 r3076 links_133_24 hasword_modifi_25 hasword_wa_15 r4205 r4929 r993 r1354 r4749 r3600 r2333 links_57_168 r2750 hasword_oct_44 r4966 r818 r2774 r4906 r400 r3426 r840 r2668 r2170 r760 r4692 r4118 hasword_text_22 r3768 r4392 hasword_gmt_67 hasword_program_70 r1891 r1944 r351 hasword_system_29 r2049 hasword_postscript_17 r2862 r2389 r4093 r3468 r2720 r192 r476 hasword_queri_76 r78 r2913 hasword_gmt_76 r411 r4150 r4211 r2384 links_87_35 r146 r1494 r212 hasword_text_45 hasword_materi_23 r4891 r2875 r721 hasword_move_48 hasword_type_168 r4837 r1377 r1520 r424 hasword_utexa_54 r2263 r2478 links_41_72 r1078 r4924 r2100 hasword_ta_24 r4487 r3834 r75 r4358 r3536 r4560 hasword_instruct_81 r408 r3050 r3478 links_41_106 r2588 hasword_algorithm_84 links_41_115 r900 r1321 r2448 hasword_made_90 r3856 hasword_press_20 r1285 hasword_wide_35 hasword_document_92 r4 hasword_server_66 r1277 r2611 hasword_parallel_72 r2981 r2549 r809 r3708 r1089 r356 hasword_window_39 hasword_chapter_60 r4665 links_54_114 r1325 hasword_left_75 r4610 hasword_direct_63 r3416 r4651 links_50_29 r3978 r273 r4744 links_57_61 r3237 r161 r4653 hasword_room_30 r4490 r4852 r3583 r3431 r4180 r2804 r2733 r3947 r2780 r3067 r1530 r4718 hasword_date_53 r3818 r1237 hasword_date_74 r1506 r4987 r872 r3692 r4290 r4996 r3183 r1261 r246 r1017 hasword_page_97 hasword_onlin_88 r359 r3590 hasword_consist_49 r2461 r2680 r2229 r769 r4324 r2999 hasword_class_59 hasword_base_47 r2321 r2303 links_45_48 hasword_sequenc_43 hasword_orient_126 links_126_3 r2561 r2714 r337 r4156 r3622 r4062 r4371 hasword_solution_14 r1386 r3844 links_29_28 r3853 r1737 hasword_past_32 hasword_window_99 r3185 r121 hasword_provid_28 hasword_modifi_134 hasword_propos_32 r3221 r1282 hasword_librari_3 r917 hasword_form_94 r2395 r3253 r520 r644 hasword_add_14 r843 r3516 r3084 r1969 r4174 r2279 r3524 r2580 hasword_wait_52 r4873 r3719 links_110_8 links_59_126 r3236 hasword_institut_169 r3330 r4993 r1468 r1615 r929 r794 hasword_develop_10 hasword_version_18 r3130 r2520 r2521 r4045 r3276 links_28_102 hasword_hall_102 r4628 r4573 r1333 r144 hasword_aug_98 hasword_html_19 r4817 r2591 hasword_resourc_78 r2706 r1462 r1465 r1332 r4680 r790 r187 hasword_wide_50 hasword_group_115 r10 r4092 r3725 r1775 links_30_136 links_87_10 r3475 r3736 r2608 hasword_mime_114 r4777 hasword_definit_21 r1558 r961 hasword_numer_119 r737 r4563 hasword_india_68 hasword_type_136 links_168_57 hasword_content_40 r603 hasword_line_4 r4082 r536 r3934 r912 r4126 r3188 r155 hasword_test_125 r3144 r1913 links_2_169 r4948 r4854 r4706 r2799 r775 r4970 r2791 r4806 r2099 r2168 r3244 r3409 hasword_ph_34 r4558 r4123 r1364 r2429 hasword_investig_106 links_136_125 r1475 hasword_event_35 r2486 r2884 r339 r4195 r615 hasword_docum_79 r2267 r3271 hasword_jan_79 hasword_faculti_33 r2736 r123 r3383 hasword_sourc_64 links_65_119 hasword_educ_95 r2815 r1099 r2376 r4658 r1626 r219 r4816 r831 r1940 links_50_102 hasword_machin_22 r4146 r2050 links_50_28 r136 r1019 r3 hasword_logic_7 r4111 r1703 r4835 r4465 hasword_nov_62 r795 r1719 r2893 r4077 r1342 r3019 r3451 r346 hasword_jan_8 hasword_paul_61 r930 r3256 hasword_univers_88 r1580 r896 r126 links_102_50 r784 r3636 r2242 r797 r1753 r4845 r3044 r942 r3440 r484 r485 r4879 r4031 links_41_118 r2671 r1489 r990 r3873 r3031 r4855 hasword_gmt_37 r3365 hasword_paper_26 hasword_mondai_68 hasword_jan_27 r1276 r4209 hasword_deriv_65 r1810 r4216 hasword_unit_57 r1642 hasword_modifi_110 r3042 hasword_dynam_3 r876 r1385 r238 r2616 r3794 r2984 r2452 hasword_task_47 r4771 r3168 r2018 r1782 hasword_major_41 r3655 r659 r3338 r2629 hasword_principl_83 r231 r181 r1093 r214 r62 r4484 hasword_jan_42 r2840 hasword_architectur_7 r1304 hasword_engin_42 r3360 r4341 hasword_prototyp_7 hasword_transfer_12 r3298 r1116 r392 r1873 r263 r3576 r2746 r3887 r4512 r2198 r4824 r4473 r1763 r4379 r1678 hasword_current_35 hasword_html_46 links_93_116 r55 r3194 r4843 r1083 r3786 r2096 r4527 hasword_html_94 hasword_student_94 r2415 r4300 r1574 r3689 hasword_oct_11 r4731 hasword_author_93 r2270 r2812 r2763 r4396 hasword_techniqu_89 r3882 hasword_chang_63 r3423 r3893 r4542 r1024 r1319 r39 r4642 r3014 r1149 r1061 r2831 r413 r1622 hasword_date_80 r3628 hasword_manag_16 r1402 hasword_date_23 r893 r3704 r4258 hasword_colleg_38 r1057 hasword_jan_120 r4683 r4740 r3303 r1025 hasword_write_31 links_31_92 hasword_mime_86 r1768 hasword_equal_52 r2816 r272 r3415 r4022 r4438 r3255 r1236 r2864 r3813 r2472 r2973 r2449 hasword_tx_133 hasword_version_41 hasword_process_36 r4922 hasword_content_36 r4165 r3566 r544 r2405 r1435 r1570 r147 r510 r4730 r2796 r3017 r1427 r4565 hasword_ed_42 r2712 r2516 r3784 r836 r455 r2908 r2967 r3394 r967 r1675 r4000 r3539 r1390 r354 r4332 r3961 r3548 r2067 r710 r3069 r2942 r2347 r1269 r1155 links_31_120 hasword_nov_19 r3828 links_19_49 r24 r4568 hasword_jan_97 r1546 r1994 r3864 r2701 r2245 r2269 r3508 r2043 r7 r300 r1887 r3377 hasword_gmt_5 r2345 hasword_jan_5 hasword_network_73 r1001 r365 r3931 r341 r1910 r3176 hasword_austin_32 hasword_paramet_20 hasword_austin_69 r2734 r2093 r1287 r1217 hasword_intellig_47 r1098 r2446 r2826 r162 r3800 r1764 hasword_order_47 r2266 r941 r2414 r3975 hasword_address_157 r2792 r1696 r3720 r3363 hasword_point_155 hasword_includ_155 links_155_157 r3239 links_155_133 hasword_univers_12 r2111 links_12_155 r205 r2842 r2066 r2604 r3914 r2118 r3562 r2821 rl r3169 r4431 r2581 r70 r2575 r724 r143 r621 r4317 r3735 r4584 r3601 r1669 r378 r2952 r1823 r4434 r1498 r4954 r1688 hasword_environ_53 r4842 hasword_pointer_85 r2927 r3661 r2756 r3202 r1871 r4919 r302 hasword_unit_7 r4972 r2844 r1353 links_91_45 r3186 r3787 r3425 r960 r4194 r4452 r2176 r3343 r2483 r3335 r3954 r2153 r4995 r4632 r3534 r3312 r1809 r1028 r2533 r4107 r2623 r1195 r3816 links_55_73 r1979 hasword_build_58 r3907 r2241 r1266 r1431 r3986 r2358 r3749 r1828 r2055 r3420 r3222 hasword_texa_6 r3007 hasword_gmt_50 r1921 r1380 hasword_includ_13 r4857 r4820 r1557 r4372 r4030 r3492 r1437 hasword_resourc_2 r3935 r3745 r4367 r897 hasword_john_116 r1893 r2215 r1984 r573 r3558 r4081 r303 r2235 r2830 r353 r2757 r1032 hasword_suggest_91 r3433 hasword_nation_55 r3393 r1989 r2253 r3559 r1961 r3950 r2390 r4222 r4117 r2276 r702 r650 r4604 r423 r1471 r4894 r2597 r2823 r3901 r3785 r1136 r1254 hasword_file_56 r440 r4503 r1409 r388 r1246 r2829 r834 r3793 r4104 r2337 r4648 r4231 r4612 links_106_41 r966 r2230 r3388 r3611 r2011 links_28_50 r962 r2814 r1180 r4712 r3167 r3184 r4307 r2880 hasword_work_71 r4943 r2431 r3247 r4688 r1225 r3875 r105 hasword_engin_87 r3563 links_29_50 r2467 r3866 r3574 r3998 r3857 r2785 hasword_elem_18 r1601 r3728 r4967 r142 hasword_area_17 r2640 r2060 r4224 r232 r3927 r1211 r4571 r1389 r2857 r2586 r3435 r2612 hasword_creat_96 r750 hasword_nov_77 r210 r2444 r1931 
size of observed tuples: 969
size of unobserved tuples: 784

pgibbs sample time: 0.00089 seconds
probability of topic_Student_115 is 0.462376

pgibbs sample time: 0.000644 seconds
probability of topic_Staff_12 is 0.480544

pgibbs sample time: 5.8e-05 seconds
probability of topic_Student_16 is 0.416519

pgibbs sample time: 5.7e-05 seconds
probability of topic_Department_71 is 0.457614

pgibbs sample time: 0.000233 seconds
probability of topic_Course_65 is 0.470571

pgibbs sample time: 6.8e-05 seconds
probability of topic_Student_5 is 0.518531

pgibbs sample time: 6.2e-05 seconds
probability of topic_Department_96 is 0.453224

pgibbs sample time: 5.7e-05 seconds
probability of topic_Department_98 is 0.337308

pgibbs sample time: 5.6e-05 seconds
probability of topic_ResearchProject_95 is 0.471731

pgibbs sample time: 6.2e-05 seconds
probability of topic_Course_82 is 0.403024

pgibbs sample time: 0.00038 seconds
probability of topic_ResearchProject_125 is 0.492167

pgibbs sample time: 7e-05 seconds
probability of topic_Staff_23 is 0.404258

pgibbs sample time: 0.000338 seconds
probability of topic_Student_110 is 0.505906

pgibbs sample time: 0.000336 seconds
probability of topic_Student_8 is 0.524254

pgibbs sample time: 7.3e-05 seconds
probability of topic_Student_18 is 0.453541

pgibbs sample time: 5.7e-05 seconds
probability of topic_ResearchProject_23 is 0.442936

pgibbs sample time: 0.00084 seconds
probability of topic_Person_106 is 0.638633

pgibbs sample time: 7.2e-05 seconds
probability of topic_Faculty_68 is 0.347011

pgibbs sample time: 5.6e-05 seconds
probability of topic_Person_37 is 0.498179

pgibbs sample time: 8.4e-05 seconds
probability of topic_ResearchProject_47 is 0.473872

pgibbs sample time: 0.000408 seconds
probability of topic_Student_126 is 0.60507

pgibbs sample time: 0.000407 seconds
probability of topic_Student_59 is 0.587828

pgibbs sample time: 0.000496 seconds
probability of topic_Student_168 is 0.48777

pgibbs sample time: 0.000495 seconds
probability of topic_Student_57 is 0.496599

pgibbs sample time: 5.8e-05 seconds
probability of topic_Student_26 is 0.414946

pgibbs sample time: 8.3e-05 seconds
probability of topic_Department_94 is 0.782305

pgibbs sample time: 0.000337 seconds
probability of topic_Person_8 is 0.506603

pgibbs sample time: 5.7e-05 seconds
probability of topic_Student_84 is 0.439683

pgibbs sample time: 5.7e-05 seconds
probability of topic_Person_85 is 0.443477

pgibbs sample time: 5.5e-05 seconds
probability of topic_Person_74 is 0.498179

pgibbs sample time: 9.8e-05 seconds
probability of topic_Faculty_47 is 0.550338

pgibbs sample time: 5.5e-05 seconds
probability of topic_Person_62 is 0.713581

pgibbs sample time: 0.000741 seconds
probability of topic_Student_157 is 0.560809

pgibbs sample time: 0.000743 seconds
probability of topic_Student_155 is 0.254216

pgibbs sample time: 5.6e-05 seconds
probability of topic_Student_71 is 0.595284

pgibbs sample time: 8.2e-05 seconds
probability of topic_Person_94 is 0.540347

pgibbs sample time: 5.6e-05 seconds
probability of topic_Staff_88 is 0.639653

pgibbs sample time: 6.7e-05 seconds
probability of topic_Staff_18 is 0.367281

pgibbs sample time: 5.7e-05 seconds
probability of topic_Student_99 is 0.471272

pgibbs sample time: 5.6e-05 seconds
probability of topic_Faculty_43 is 0.547991

pgibbs sample time: 5.7e-05 seconds
probability of topic_Course_58 is 0.511101

pgibbs sample time: 0.000346 seconds
probability of topic_Faculty_93 is 0.421201

pgibbs sample time: 0.00024 seconds
probability of topic_Department_114 is 0.443812

pgibbs sample time: 5.8e-05 seconds
probability of topic_Faculty_56 is 0.45131

pgibbs sample time: 5.5e-05 seconds
probability of topic_Staff_85 is 0.418667

pgibbs sample time: 5.6e-05 seconds
probability of topic_Faculty_13 is 0.571956

pgibbs sample time: 5.7e-05 seconds
probability of topic_Student_85 is 0.509618

pgibbs sample time: 7.2e-05 seconds
probability of topic_ResearchProject_68 is 0.289613

pgibbs sample time: 0.000203 seconds
probability of topic_Student_119 is 0.470291

pgibbs sample time: 0.000196 seconds
probability of topic_Student_2 is 0.490386

pgibbs sample time: 5.7e-05 seconds
probability of topic_Person_60 is 0.475019

pgibbs sample time: 5.4e-05 seconds
probability of topic_Course_86 is 0.411195

pgibbs sample time: 5.7e-05 seconds
probability of topic_Department_9 is 0.498341

pgibbs sample time: 0.000375 seconds
probability of topic_ResearchProject_91 is 0.578444

pgibbs sample time: 5.6e-05 seconds
probability of topic_ResearchProject_37 is 0.442936

pgibbs sample time: 0.000102 seconds
probability of topic_ResearchProject_7 is 0.465027

pgibbs sample time: 5.7e-05 seconds
probability of topic_Staff_46 is 0.423377

pgibbs sample time: 5.7e-05 seconds
probability of topic_Department_13 is 0.601492

pgibbs sample time: 0.000301 seconds
probability of topic_Department_93 is 0.448881

pgibbs sample time: 0.000288 seconds
probability of topic_Staff_110 is 0.388469

pgibbs sample time: 0.000324 seconds
probability of topic_Staff_8 is 0.582249

pgibbs sample time: 5.7e-05 seconds
probability of topic_ResearchProject_62 is 0.620402

pgibbs sample time: 5.7e-05 seconds
probability of topic_ResearchProject_77 is 0.620402

pgibbs sample time: 0.000746 seconds
probability of topic_Student_24 is 0.574353

pgibbs sample time: 5.6e-05 seconds
probability of topic_Student_98 is 0.630971

pgibbs sample time: 0.000234 seconds
probability of topic_Course_119 is 0.487457

pgibbs sample time: 0.000227 seconds
probability of topic_Staff_169 is 0.755901

pgibbs sample time: 0.000703 seconds
probability of topic_Faculty_133 is 0.483353

pgibbs sample time: 5.7e-05 seconds
probability of topic_Staff_96 is 0.500444

pgibbs sample time: 0.000697 seconds
probability of topic_Faculty_157 is 0.458087

pgibbs sample time: 5.7e-05 seconds
probability of topic_Student_95 is 0.511746

pgibbs sample time: 0.000703 seconds
probability of topic_Faculty_155 is 0.590902

pgibbs sample time: 5.6e-05 seconds
probability of topic_Person_43 is 0.484264

pgibbs sample time: 0.000224 seconds
probability of topic_Staff_114 is 0.426819

pgibbs sample time: 6.1e-05 seconds
probability of topic_ResearchProject_9 is 0.64307

pgibbs sample time: 5.6e-05 seconds
probability of topic_Student_75 is 0.466858

pgibbs sample time: 5.7e-05 seconds
probability of topic_Faculty_98 is 0.42616

pgibbs sample time: 0.000364 seconds
probability of topic_Staff_134 is 0.408867

pgibbs sample time: 0.000357 seconds
probability of topic_Staff_11 is 0.402399

pgibbs sample time: 5.8e-05 seconds
probability of topic_ResearchProject_85 is 0.510812

pgibbs sample time: 0.000262 seconds
probability of topic_ResearchProject_81 is 0.455082

pgibbs sample time: 0.00036 seconds
probability of topic_Staff_92 is 0.477831

pgibbs sample time: 5.7e-05 seconds
probability of topic_Person_99 is 0.406754

pgibbs sample time: 6.9e-05 seconds
probability of topic_Person_97 is 0.621894

pgibbs sample time: 0.000367 seconds
probability of topic_Person_134 is 0.5022

pgibbs sample time: 5.8e-05 seconds
probability of topic_Department_51 is 0.484068

pgibbs sample time: 0.000303 seconds
probability of topic_Department_116 is 0.439807

pgibbs sample time: 5.6e-05 seconds
probability of topic_Person_26 is 0.508625

pgibbs sample time: 5.5e-05 seconds
probability of topic_Course_26 is 0.561148

pgibbs sample time: 5.4e-05 seconds
probability of topic_Student_4 is 0.415944

pgibbs sample time: 5.4e-05 seconds
probability of topic_Course_56 is 0.431197

pgibbs sample time: 7.1e-05 seconds
probability of topic_Department_63 is 0.399953

pgibbs sample time: 5.6e-05 seconds
probability of topic_Faculty_77 is 0.505241

pgibbs sample time: 0.000373 seconds
probability of topic_Course_3 is 0.442845

pgibbs sample time: 0.000381 seconds
probability of topic_ResearchProject_136 is 0.437067

pgibbs sample time: 0.000374 seconds
probability of topic_Course_126 is 0.465884

pgibbs sample time: 6.9e-05 seconds
probability of topic_Person_5 is 0.504151

pgibbs sample time: 0.000373 seconds
probability of topic_Course_59 is 0.620697

pgibbs sample time: 0.000343 seconds
probability of topic_Department_110 is 0.38881

pgibbs sample time: 0.000342 seconds
probability of topic_Department_8 is 0.655056

pgibbs sample time: 8.3e-05 seconds
probability of topic_Staff_94 is 0.220585

pgibbs sample time: 6.9e-05 seconds
probability of topic_Course_36 is 0.306146

pgibbs sample time: 7.1e-05 seconds
probability of topic_Student_76 is 0.519467

pgibbs sample time: 0.000236 seconds
probability of topic_Department_54 is 0.486144

pgibbs sample time: 0.000897 seconds
probability of topic_Department_118 is 0.49773

pgibbs sample time: 7.2e-05 seconds
probability of topic_Department_97 is 0.695665

pgibbs sample time: 0.000901 seconds
probability of topic_Department_72 is 0.452214

pgibbs sample time: 0.000899 seconds
probability of topic_Department_41 is 0.380945

pgibbs sample time: 5.5e-05 seconds
probability of topic_Person_71 is 0.661852

pgibbs sample time: 7.2e-05 seconds
probability of topic_Student_23 is 0.293887

pgibbs sample time: 5.7e-05 seconds
probability of topic_ResearchProject_6 is 0.46694

pgibbs sample time: 0.00022 seconds
probability of topic_Person_91 is 0.385669

pgibbs sample time: 5.7e-05 seconds
probability of topic_ResearchProject_44 is 0.368362

pgibbs sample time: 7e-05 seconds
probability of topic_Person_14 is 0.445516

pgibbs sample time: 5.7e-05 seconds
probability of topic_Faculty_82 is 0.413153

pgibbs sample time: 0.000366 seconds
probability of topic_Course_134 is 0.4533

pgibbs sample time: 5.7e-05 seconds
probability of topic_Person_21 is 0.469376

pgibbs sample time: 5.7e-05 seconds
probability of topic_ResearchProject_89 is 0.487573

pgibbs sample time: 5.7e-05 seconds
probability of topic_Student_83 is 0.527898

pgibbs sample time: 0.000839 seconds
probability of topic_Person_118 is 0.615031

pgibbs sample time: 5.8e-05 seconds
probability of topic_Faculty_26 is 0.590197

pgibbs sample time: 5.6e-05 seconds
probability of topic_Department_90 is 0.557293

pgibbs sample time: 0.000418 seconds
probability of topic_Person_10 is 0.524308

pgibbs sample time: 0.000416 seconds
probability of topic_Person_87 is 0.596417

pgibbs sample time: 5.8e-05 seconds
probability of topic_Student_82 is 0.52095

pgibbs sample time: 5.6e-05 seconds
probability of topic_Staff_39 is 0.45146

pgibbs sample time: 0.000203 seconds
probability of topic_Person_54 is 0.47374

pgibbs sample time: 5.5e-05 seconds
probability of topic_Staff_56 is 0.44278

pgibbs sample time: 7.2e-05 seconds
probability of topic_Department_79 is 0.567833

pgibbs sample time: 0.00023 seconds
probability of topic_Student_55 is 0.538897

pgibbs sample time: 0.000262 seconds
probability of topic_Course_81 is 0.542103

pgibbs sample time: 5.5e-05 seconds
probability of topic_Course_34 is 0.466787

pgibbs sample time: 8.1e-05 seconds
probability of topic_Person_42 is 0.666351

pgibbs sample time: 0.000204 seconds
probability of topic_Student_65 is 0.486874

pgibbs sample time: 7.2e-05 seconds
probability of topic_ResearchProject_97 is 0.478038

pgibbs sample time: 5.5e-05 seconds
probability of topic_Course_95 is 0.509234

pgibbs sample time: 6.7e-05 seconds
probability of topic_Staff_97 is 0.576575

pgibbs sample time: 5.8e-05 seconds
probability of topic_Student_13 is 0.323068

pgibbs sample time: 7.1e-05 seconds
probability of topic_Faculty_23 is 0.368263

pgibbs sample time: 5.6e-05 seconds
probability of topic_ResearchProject_43 is 0.495024

pgibbs sample time: 5.7e-05 seconds
probability of topic_Person_33 is 0.362689

pgibbs sample time: 6.9e-05 seconds
probability of topic_Course_23 is 0.700906

pgibbs sample time: 5.6e-05 seconds
probability of topic_Staff_13 is 0.505232

pgibbs sample time: 7.1e-05 seconds
probability of topic_Department_36 is 0.425687

pgibbs sample time: 0.000271 seconds
probability of topic_Department_49 is 0.477121

pgibbs sample time: 5.7e-05 seconds
probability of topic_ResearchProject_18 is 0.472546

pgibbs sample time: 6.9e-05 seconds
probability of topic_Course_5 is 0.4026

pgibbs sample time: 7e-05 seconds
probability of topic_Student_63 is 0.446425

pgibbs sample time: 5.7e-05 seconds
probability of topic_Faculty_60 is 0.457381

pgibbs sample time: 5.7e-05 seconds
probability of topic_Faculty_16 is 0.519859

pgibbs sample time: 0.000221 seconds
probability of topic_Course_49 is 0.440614

pgibbs sample time: 0.000221 seconds
probability of topic_Course_19 is 0.404021

pgibbs sample time: 0.000447 seconds
probability of topic_Faculty_57 is 0.478838

pgibbs sample time: 5.7e-05 seconds
probability of topic_Department_58 is 0.432485

pgibbs sample time: 0.000233 seconds
probability of topic_ResearchProject_31 is 0.413594

pgibbs sample time: 0.00074 seconds
probability of topic_Student_133 is 0.542428

pgibbs sample time: 5.7e-05 seconds
probability of topic_Faculty_44 is 0.573274

pgibbs sample time: 0.000838 seconds
probability of topic_Course_133 is 0.497386

pgibbs sample time: 0.000739 seconds
probability of topic_Course_155 is 0.506601

pgibbs sample time: 0.00084 seconds
probability of topic_Course_12 is 0.523306

pgibbs sample time: 5.7e-05 seconds
probability of topic_Staff_25 is 0.392841

pgibbs sample time: 0.00024 seconds
probability of topic_ResearchProject_2 is 0.5165

pgibbs sample time: 7.1e-05 seconds
probability of topic_Department_18 is 0.384069

pgibbs sample time: 5.7e-05 seconds
probability of topic_ResearchProject_64 is 0.478715

pgibbs sample time: 5.7e-05 seconds
probability of topic_Person_66 is 0.486143

pgibbs sample time: 5.5e-05 seconds
probability of topic_Course_38 is 0.476705

pgibbs sample time: 0.001231 seconds
probability of topic_Department_28 is 0.471249

pgibbs sample time: 0.001173 seconds
probability of topic_Department_102 is 0.374654

pgibbs sample time: 0.001299 seconds
probability of topic_Department_50 is 0.412508

pgibbs sample time: 7.1e-05 seconds
probability of topic_Faculty_53 is 0.48486

pgibbs sample time: 5.8e-05 seconds
probability of topic_ResearchProject_78 is 0.531836

pgibbs sample time: 5.5e-05 seconds
probability of topic_Staff_44 is 0.426056

pgibbs sample time: 9.6e-05 seconds
probability of topic_Staff_47 is 0.3325

pgibbs sample time: 5.8e-05 seconds
probability of topic_Student_38 is 0.45027

pgibbs sample time: 5.5e-05 seconds
probability of topic_Person_86 is 0.511027

pgibbs sample time: 5.6e-05 seconds
probability of topic_Student_66 is 0.487579

pgibbs sample time: 5.5e-05 seconds
probability of topic_Staff_80 is 0.447858

pgibbs sample time: 5.7e-05 seconds
probability of topic_Student_22 is 0.620895

pgibbs sample time: 7.1e-05 seconds
probability of topic_Faculty_17 is 0.590494

pgibbs sample time: 6e-05 seconds
probability of topic_ResearchProject_40 is 0.437775

pgibbs sample time: 5.7e-05 seconds
probability of topic_ResearchProject_84 is 0.401107

pgibbs sample time: 8.4e-05 seconds
probability of topic_Department_52 is 0.478564

pgibbs sample time: 0.000226 seconds
probability of topic_Person_20 is 0.575623

pgibbs sample time: 5.6e-05 seconds
probability of topic_Course_66 is 0.419524

pgibbs sample time: 5.7e-05 seconds
probability of topic_Department_66 is 0.477077

pgibbs sample time: 0.000258 seconds
probability of topic_Person_81 is 0.495705

pgibbs sample time: 5.7e-05 seconds
probability of topic_Department_78 is 0.473854

pgibbs sample time: 0.000374 seconds
probability of topic_Student_134 is 0.521006

pgibbs sample time: 0.000262 seconds
probability of topic_Course_20 is 0.434637

pgibbs sample time: 6.8e-05 seconds
probability of topic_Staff_53 is 0.441473

pgibbs sample time: 5.7e-05 seconds
probability of topic_Faculty_76 is 0.419826

pgibbs sample time: 5.7e-05 seconds
probability of topic_ResearchProject_58 is 0.572808

pgibbs sample time: 5.5e-05 seconds
probability of topic_Faculty_6 is 0.478687

pgibbs sample time: 5.7e-05 seconds
probability of topic_Department_75 is 0.465943

pgibbs sample time: 6e-05 seconds
probability of topic_ResearchProject_96 is 0.496361

pgibbs sample time: 5.5e-05 seconds
probability of topic_Course_68 is 0.498873

pgibbs sample time: 8.3e-05 seconds
probability of topic_ResearchProject_42 is 0.386859

pgibbs sample time: 5.6e-05 seconds
probability of topic_Staff_64 is 0.468231

pgibbs sample time: 5.6e-05 seconds
probability of topic_Course_15 is 0.499992

pgibbs sample time: 5.4e-05 seconds
probability of topic_Staff_4 is 0.464657

pgibbs sample time: 0.000352 seconds
probability of topic_Staff_45 is 0.431823

pgibbs sample time: 8.2e-05 seconds
probability of topic_Person_52 is 0.422128

pgibbs sample time: 0.000238 seconds
probability of topic_Department_81 is 0.598125

pgibbs sample time: 0.000643 seconds
probability of topic_Staff_24 is 0.504547

pgibbs sample time: 5.5e-05 seconds
probability of topic_Course_37 is 0.425378

pgibbs sample time: 0.000382 seconds
probability of topic_Faculty_134 is 0.442196

pgibbs sample time: 5.9e-05 seconds
probability of topic_Department_22 is 0.477106

pgibbs sample time: 0.000385 seconds
probability of topic_Faculty_67 is 0.432134

pgibbs sample time: 0.000382 seconds
probability of topic_Department_92 is 0.457939

pgibbs sample time: 0.000382 seconds
probability of topic_Department_31 is 0.449749

pgibbs sample time: 5.7e-05 seconds
probability of topic_Staff_38 is 0.425495

pgibbs sample time: 0.000198 seconds
probability of topic_Faculty_73 is 0.532775

pgibbs sample time: 0.000197 seconds
probability of topic_Faculty_55 is 0.485131

pgibbs sample time: 7.1e-05 seconds
probability of topic_Student_36 is 0.380075

pgibbs sample time: 0.000224 seconds
probability of topic_Staff_20 is 0.486765

pgibbs sample time: 0.000425 seconds
probability of topic_Course_35 is 0.4851

pgibbs sample time: 5.5e-05 seconds
probability of topic_Staff_62 is 0.492361

pgibbs sample time: 0.0001 seconds
probability of topic_Department_47 is 0.242009

pgibbs sample time: 5.4e-05 seconds
probability of topic_Staff_77 is 0.492361

pgibbs sample time: 5.8e-05 seconds
probability of topic_Student_60 is 0.508464

pgibbs sample time: 0.00087 seconds
probability of topic_Student_41 is 0.37071

pgibbs sample time: 0.000401 seconds
probability of topic_Staff_126 is 0.515253

pgibbs sample time: 5.6e-05 seconds
probability of topic_Person_90 is 0.644742

pgibbs sample time: 0.000352 seconds
probability of topic_Staff_91 is 0.473877

pgibbs sample time: 0.000251 seconds
probability of topic_Staff_19 is 0.402152

pgibbs sample time: 5.7e-05 seconds
probability of topic_Student_15 is 0.499987

pgibbs sample time: 7e-05 seconds
probability of topic_Course_22 is 0.397066

pgibbs sample time: 5.5e-05 seconds
probability of topic_Person_6 is 0.48059

pgibbs sample time: 0.000366 seconds
probability of topic_Person_67 is 0.511322

pgibbs sample time: 5.5e-05 seconds
probability of topic_Person_9 is 0.413319

pgibbs sample time: 0.001275 seconds
probability of topic_Person_102 is 0.559343

pgibbs sample time: 5.9e-05 seconds
probability of topic_ResearchProject_33 is 0.461472

pgibbs sample time: 0.000795 seconds
probability of topic_Faculty_12 is 0.556853

pgibbs sample time: 5.7e-05 seconds
probability of topic_Department_17 is 0.396274

pgibbs sample time: 0.000731 seconds
probability of topic_Staff_157 is 0.635972

pgibbs sample time: 7.1e-05 seconds
probability of topic_Person_53 is 0.526919

pgibbs sample time: 0.000875 seconds
probability of topic_Student_106 is 0.504263

pgibbs sample time: 0.000438 seconds
probability of topic_Department_35 is 0.379931

pgibbs sample time: 0.000241 seconds
probability of topic_ResearchProject_169 is 0.550642

pgibbs sample time: 0.000452 seconds
probability of topic_Person_61 is 0.554829

pgibbs sample time: 5.6e-05 seconds
probability of topic_Staff_69 is 0.472063

pgibbs sample time: 5.6e-05 seconds
probability of topic_ResearchProject_75 is 0.507665

pgibbs sample time: 0.000377 seconds
probability of topic_Course_136 is 0.419145

pgibbs sample time: 5.9e-05 seconds
probability of topic_Student_34 is 0.595173

pgibbs sample time: 0.000203 seconds
probability of topic_Department_2 is 0.452431

pgibbs sample time: 5.6e-05 seconds
probability of topic_Faculty_1 is 0.582985

pgibbs sample time: 6.8e-05 seconds
probability of topic_Staff_36 is 0.361857

pgibbs sample time: 5.4e-05 seconds
probability of topic_Staff_51 is 0.459285

pgibbs sample time: 5.8e-05 seconds
probability of topic_Student_21 is 0.461851

pgibbs sample time: 0.000374 seconds
probability of topic_Course_92 is 0.490761

pgibbs sample time: 0.001144 seconds
probability of topic_Course_29 is 0.680353

pgibbs sample time: 5.8e-05 seconds
probability of topic_Student_40 is 0.48777

pgibbs sample time: 0.000335 seconds
probability of topic_Course_8 is 0.479882

pgibbs sample time: 0.000715 seconds
probability of topic_ResearchProject_155 is 0.53436

pgibbs sample time: 7.1e-05 seconds
probability of topic_Course_97 is 0.559047

pgibbs sample time: 5.8e-05 seconds
probability of topic_Department_21 is 0.477689

pgibbs sample time: 0.000335 seconds
probability of topic_Course_110 is 0.440017

pgibbs sample time: 5.6e-05 seconds
probability of topic_Person_96 is 0.465207

pgibbs sample time: 5.4e-05 seconds
probability of topic_Person_77 is 0.713581

pgibbs sample time: 5.6e-05 seconds
probability of topic_Person_89 is 0.500931

pgibbs sample time: 5.7e-05 seconds
probability of topic_ResearchProject_82 is 0.472546

pgibbs sample time: 0.000208 seconds
probability of topic_Faculty_65 is 0.42088

pgibbs sample time: 5.7e-05 seconds
probability of topic_Student_9 is 0.46651

pgibbs sample time: 5.6e-05 seconds
probability of topic_Person_58 is 0.471477

pgibbs sample time: 5.4e-05 seconds
probability of topic_Person_76 is 0.498179

pgibbs sample time: 0.000223 seconds
probability of topic_Person_73 is 0.657212

pgibbs sample time: 0.000665 seconds
probability of topic_ResearchProject_115 is 0.66404

pgibbs sample time: 0.00022 seconds
probability of topic_Person_19 is 0.688291

pgibbs sample time: 6.7e-05 seconds
probability of topic_Staff_5 is 0.524425

pgibbs sample time: 5.6e-05 seconds
probability of topic_Course_33 is 0.592702

pgibbs sample time: 0.000359 seconds
probability of topic_Staff_67 is 0.464412

pgibbs sample time: 5.4e-05 seconds
probability of topic_Course_6 is 0.497804

pgibbs sample time: 5.8e-05 seconds
probability of topic_Student_33 is 0.331652

pgibbs sample time: 5.6e-05 seconds
probability of topic_Person_78 is 0.370696

pgibbs sample time: 0.000441 seconds
probability of topic_ResearchProject_10 is 0.539112

pgibbs sample time: 0.000232 seconds
probability of topic_Course_114 is 0.425102

pgibbs sample time: 0.000233 seconds
probability of topic_Faculty_30 is 0.463445

pgibbs sample time: 7e-05 seconds
probability of topic_Person_68 is 0.300045

pgibbs sample time: 0.000503 seconds
probability of topic_Course_61 is 0.447993

pgibbs sample time: 0.000354 seconds
probability of topic_Faculty_120 is 0.504577

pgibbs sample time: 5.8e-05 seconds
probability of topic_ResearchProject_39 is 0.554075

pgibbs sample time: 5.6e-05 seconds
probability of topic_Department_69 is 0.448246

pgibbs sample time: 0.000437 seconds
probability of topic_Department_87 is 0.463257

pgibbs sample time: 5.6e-05 seconds
probability of topic_Course_44 is 0.503376

pgibbs sample time: 5.6e-05 seconds
probability of topic_Staff_21 is 0.514711

pgibbs sample time: 0.000404 seconds
probability of topic_Person_3 is 0.478039

pgibbs sample time: 7.3e-05 seconds
probability of topic_ResearchProject_14 is 0.393

pgibbs sample time: 5.5e-05 seconds
probability of topic_Staff_74 is 0.447858

pgibbs sample time: 6.7e-05 seconds
probability of topic_Faculty_5 is 0.409937

pgibbs sample time: 5.7e-05 seconds
probability of topic_Department_15 is 0.499992

pgibbs sample time: 0.000262 seconds
probability of topic_Student_81 is 0.568246

pgibbs sample time: 0.000396 seconds
probability of topic_Staff_59 is 0.468394

pgibbs sample time: 7.1e-05 seconds
probability of topic_ResearchProject_79 is 0.431732

pgibbs sample time: 5.7e-05 seconds
probability of topic_Faculty_71 is 0.521865

pgibbs sample time: 0.001281 seconds
probability of topic_Student_29 is 0.5525

pgibbs sample time: 5.7e-05 seconds
probability of topic_Faculty_58 is 0.545848

pgibbs sample time: 0.000879 seconds
probability of topic_Faculty_106 is 0.517571

pgibbs sample time: 0.000878 seconds
probability of topic_Faculty_41 is 0.386043

pgibbs sample time: 8.4e-05 seconds
probability of topic_Student_94 is 0.765556

pgibbs sample time: 0.000234 seconds
probability of topic_ResearchProject_120 is 0.479013

pgibbs sample time: 5.6e-05 seconds
probability of topic_Course_78 is 0.543988

pgibbs sample time: 0.00088 seconds
probability of topic_Faculty_118 is 0.532403

pgibbs sample time: 5.8e-05 seconds
probability of topic_Course_89 is 0.524639

pgibbs sample time: 5.6e-05 seconds
probability of topic_Student_69 is 0.511284

pgibbs sample time: 0.000354 seconds
probability of topic_Faculty_31 is 0.471192

pgibbs sample time: 5.6e-05 seconds
probability of topic_Course_17 is 0.446475

pgibbs sample time: 0.000103 seconds
probability of topic_Department_7 is 0.476235

pgibbs sample time: 0.000231 seconds
probability of topic_Person_169 is 0.586393

pgibbs sample time: 0.000645 seconds
probability of topic_Staff_155 is 0.481704

pgibbs sample time: 5.8e-05 seconds
probability of topic_Faculty_15 is 0.499986

pgibbs sample time: 6.9e-05 seconds
probability of topic_Student_97 is 0.627072

pgibbs sample time: 7.2e-05 seconds
probability of topic_ResearchProject_76 is 0.469044

pgibbs sample time: 5.7e-05 seconds
probability of topic_Faculty_64 is 0.478205

pgibbs sample time: 5.5e-05 seconds
probability of topic_Faculty_90 is 0.551474

pgibbs sample time: 5.7e-05 seconds
probability of topic_Faculty_40 is 0.401781

pgibbs sample time: 0.000232 seconds
probability of topic_Course_169 is 0.482505

pgibbs sample time: 0.00035 seconds
probability of topic_ResearchProject_110 is 0.47603

pgibbs sample time: 0.00037 seconds
probability of topic_Person_92 is 0.485612

pgibbs sample time: 0.000369 seconds
probability of topic_Person_120 is 0.517243

pgibbs sample time: 0.000333 seconds
probability of topic_Student_45 is 0.508653

pgibbs sample time: 0.000232 seconds
probability of topic_Course_2 is 0.530594

pgibbs sample time: 0.000345 seconds
probability of topic_ResearchProject_8 is 0.46403

pgibbs sample time: 7.1e-05 seconds
probability of topic_Person_88 is 0.761215

pgibbs sample time: 0.000209 seconds
probability of topic_ResearchProject_119 is 0.541402

pgibbs sample time: 5.6e-05 seconds
probability of topic_ResearchProject_71 is 0.485375

pgibbs sample time: 5.6e-05 seconds
probability of topic_Faculty_80 is 0.419826

pgibbs sample time: 5.7e-05 seconds
probability of topic_Faculty_84 is 0.541141

pgibbs sample time: 0.000439 seconds
probability of topic_Student_10 is 0.552501

pgibbs sample time: 5.5e-05 seconds
probability of topic_Person_56 is 0.354767

pgibbs sample time: 5.6e-05 seconds
probability of topic_Staff_84 is 0.465986

pgibbs sample time: 5.6e-05 seconds
probability of topic_Faculty_74 is 0.419826

pgibbs sample time: 5.7e-05 seconds
probability of topic_Faculty_89 is 0.472762

pgibbs sample time: 0.000668 seconds
probability of topic_ResearchProject_106 is 0.504378

pgibbs sample time: 0.000236 seconds
probability of topic_ResearchProject_55 is 0.391504

pgibbs sample time: 0.000715 seconds
probability of topic_ResearchProject_157 is 0.534105

pgibbs sample time: 0.000367 seconds
probability of topic_Course_11 is 0.47846

pgibbs sample time: 5.8e-05 seconds
probability of topic_Faculty_21 is 0.457664

pgibbs sample time: 0.000232 seconds
probability of topic_Person_119 is 0.487213

pgibbs sample time: 5.5e-05 seconds
probability of topic_Course_70 is 0.578174

pgibbs sample time: 5.7e-05 seconds
probability of topic_Faculty_34 is 0.478399

pgibbs sample time: 5.6e-05 seconds
probability of topic_Course_60 is 0.476368

pgibbs sample time: 9.6e-05 seconds
probability of topic_Course_47 is 0.548093

pgibbs sample time: 5.8e-05 seconds
probability of topic_ResearchProject_16 is 0.488395

pgibbs sample time: 5.5e-05 seconds
probability of topic_Course_53 is 0.425378

pgibbs sample time: 0.000847 seconds
probability of topic_Staff_115 is 0.541625

pgibbs sample time: 5.5e-05 seconds
probability of topic_Staff_95 is 0.458948

pgibbs sample time: 0.000268 seconds
probability of topic_Student_49 is 0.574212

pgibbs sample time: 5.7e-05 seconds
probability of topic_ResearchProject_27 is 0.462699

pgibbs sample time: 8.3e-05 seconds
probability of topic_Staff_7 is 0.511337

pgibbs sample time: 5.8e-05 seconds
probability of topic_Department_46 is 0.481264

pgibbs sample time: 0.000384 seconds
probability of topic_ResearchProject_134 is 0.492319

pgibbs sample time: 0.000374 seconds
probability of topic_Student_11 is 0.507183

pgibbs sample time: 0.000409 seconds
probability of topic_Faculty_3 is 0.552159

pgibbs sample time: 5.7e-05 seconds
probability of topic_Staff_9 is 0.49267

pgibbs sample time: 0.000417 seconds
probability of topic_ResearchProject_3 is 0.484343

pgibbs sample time: 0.000335 seconds
probability of topic_Person_110 is 0.488688

pgibbs sample time: 0.000376 seconds
probability of topic_ResearchProject_45 is 0.42647

pgibbs sample time: 0.000417 seconds
probability of topic_ResearchProject_59 is 0.450089

pgibbs sample time: 5.5e-05 seconds
probability of topic_Staff_37 is 0.447858

pgibbs sample time: 0.001282 seconds
probability of topic_Person_29 is 0.547248

pgibbs sample time: 0.000517 seconds
probability of topic_ResearchProject_57 is 0.494421

pgibbs sample time: 5.8e-05 seconds
probability of topic_ResearchProject_90 is 0.578898

pgibbs sample time: 0.00037 seconds
probability of topic_Person_31 is 0.59602

pgibbs sample time: 5.5e-05 seconds
probability of topic_Course_98 is 0.37128

pgibbs sample time: 0.000229 seconds
probability of topic_Person_114 is 0.525698

pgibbs sample time: 5.8e-05 seconds
probability of topic_Department_70 is 0.570483

pgibbs sample time: 0.001259 seconds
probability of topic_Staff_102 is 0.512013

pgibbs sample time: 0.000418 seconds
probability of topic_Department_3 is 0.544301

pgibbs sample time: 7e-05 seconds
probability of topic_Person_79 is 0.54158

pgibbs sample time: 5.7e-05 seconds
probability of topic_Student_96 is 0.443829

pgibbs sample time: 5.6e-05 seconds
probability of topic_Faculty_96 is 0.477167

pgibbs sample time: 5.5e-05 seconds
probability of topic_Course_90 is 0.408955

pgibbs sample time: 0.000452 seconds
probability of topic_Person_168 is 0.487212

pgibbs sample time: 9.9e-05 seconds
probability of topic_Person_47 is 0.205776

pgibbs sample time: 5.5e-05 seconds
probability of topic_Person_83 is 0.524

pgibbs sample time: 0.000438 seconds
probability of topic_Department_10 is 0.443239

pgibbs sample time: 0.001282 seconds
probability of topic_Student_50 is 0.59074

pgibbs sample time: 0.001297 seconds
probability of topic_ResearchProject_29 is 0.397347

pgibbs sample time: 0.000233 seconds
probability of topic_Course_54 is 0.488077

pgibbs sample time: 5.7e-05 seconds
probability of topic_ResearchProject_4 is 0.42633

pgibbs sample time: 5.4e-05 seconds
probability of topic_Course_27 is 0.47654

pgibbs sample time: 0.000366 seconds
probability of topic_Person_11 is 0.529149

pgibbs sample time: 0.000376 seconds
probability of topic_Student_30 is 0.415713

pgibbs sample time: 0.000844 seconds
probability of topic_Person_115 is 0.426189

pgibbs sample time: 7.1e-05 seconds
probability of topic_Course_18 is 0.359627

pgibbs sample time: 7.1e-05 seconds
probability of topic_ResearchProject_5 is 0.406431

pgibbs sample time: 0.000418 seconds
probability of topic_ResearchProject_126 is 0.466887

pgibbs sample time: 0.00073 seconds
probability of topic_Person_24 is 0.519272

pgibbs sample time: 5.6e-05 seconds
probability of topic_Course_96 is 0.409871

pgibbs sample time: 0.000338 seconds
probability of topic_Faculty_8 is 0.493714

pgibbs sample time: 8.5e-05 seconds
probability of topic_Faculty_42 is 0.537383

pgibbs sample time: 0.000263 seconds
probability of topic_Faculty_19 is 0.378617

pgibbs sample time: 0.000898 seconds
probability of topic_Department_115 is 0.447291

pgibbs sample time: 5.8e-05 seconds
probability of topic_Student_27 is 0.524583

pgibbs sample time: 5.7e-05 seconds
probability of topic_Department_82 is 0.420875

pgibbs sample time: 5.5e-05 seconds
probability of topic_Course_64 is 0.426246

pgibbs sample time: 5.6e-05 seconds
probability of topic_Staff_40 is 0.433882

pgibbs sample time: 0.000373 seconds
probability of topic_Student_92 is 0.499834

pgibbs sample time: 5.8e-05 seconds
probability of topic_Faculty_66 is 0.401374

pgibbs sample time: 7.1e-05 seconds
probability of topic_ResearchProject_52 is 0.476698

pgibbs sample time: 0.000236 seconds
probability of topic_ResearchProject_73 is 0.490632

pgibbs sample time: 0.000377 seconds
probability of topic_Student_136 is 0.487705

pgibbs sample time: 0.000226 seconds
probability of topic_Person_30 is 0.437043

pgibbs sample time: 0.000222 seconds
probability of topic_Course_73 is 0.414566

pgibbs sample time: 5.6e-05 seconds
probability of topic_Person_51 is 0.512596

pgibbs sample time: 0.001429 seconds
probability of topic_ResearchProject_102 is 0.420925

pgibbs sample time: 5.6e-05 seconds
probability of topic_Faculty_95 is 0.48338

pgibbs sample time: 0.000378 seconds
probability of topic_Department_48 is 0.526564

pgibbs sample time: 5.9e-05 seconds
probability of topic_Department_39 is 0.425577

pgibbs sample time: 0.000373 seconds
probability of topic_Faculty_91 is 0.46358

pgibbs sample time: 6.9e-05 seconds
probability of topic_Department_5 is 0.631091

pgibbs sample time: 5.7e-05 seconds
probability of topic_ResearchProject_69 is 0.493629

pgibbs sample time: 0.000237 seconds
probability of topic_Department_55 is 0.392623

pgibbs sample time: 5.6e-05 seconds
probability of topic_Person_27 is 0.505972

pgibbs sample time: 0.000228 seconds
probability of topic_Faculty_49 is 0.52011

pgibbs sample time: 5.8e-05 seconds
probability of topic_Faculty_38 is 0.465813

pgibbs sample time: 5.6e-05 seconds
probability of topic_Person_44 is 0.557225

pgibbs sample time: 0.000265 seconds
probability of topic_ResearchProject_19 is 0.532093

pgibbs sample time: 5.8e-05 seconds
probability of topic_Department_80 is 0.480109

pgibbs sample time: 0.000374 seconds
probability of topic_Course_120 is 0.493207

pgibbs sample time: 6.9e-05 seconds
probability of topic_Person_23 is 0.250347

pgibbs sample time: 0.000434 seconds
probability of topic_Faculty_87 is 0.520584

pgibbs sample time: 0.000586 seconds
probability of topic_ResearchProject_41 is 0.421584

pgibbs sample time: 8.2e-05 seconds
probability of topic_Person_7 is 0.519227

pgibbs sample time: 0.001327 seconds
probability of topic_Faculty_28 is 0.483905

pgibbs sample time: 0.00037 seconds
probability of topic_Department_136 is 0.48051

pgibbs sample time: 0.000848 seconds
probability of topic_Staff_72 is 0.458882

pgibbs sample time: 5.7e-05 seconds
probability of topic_Student_58 is 0.391642

pgibbs sample time: 5.6e-05 seconds
probability of topic_Course_84 is 0.490213

pgibbs sample time: 5.4e-05 seconds
probability of topic_Course_74 is 0.425378

pgibbs sample time: 5.5e-05 seconds
probability of topic_Staff_98 is 0.447064

pgibbs sample time: 0.00035 seconds
probability of topic_Staff_48 is 0.601239

pgibbs sample time: 7.3e-05 seconds
probability of topic_Department_68 is 0.399058

pgibbs sample time: 5.5e-05 seconds
probability of topic_Person_64 is 0.434546

pgibbs sample time: 0.000231 seconds
probability of topic_Staff_119 is 0.581628

pgibbs sample time: 5.6e-05 seconds
probability of topic_Faculty_86 is 0.432194

pgibbs sample time: 0.000239 seconds
probability of topic_Faculty_54 is 0.487455

pgibbs sample time: 7e-05 seconds
probability of topic_Course_88 is 0.517024

pgibbs sample time: 0.000344 seconds
probability of topic_Department_11 is 0.474729

pgibbs sample time: 8.3e-05 seconds
probability of topic_Student_42 is 0.604166

pgibbs sample time: 0.000231 seconds
probability of topic_Staff_65 is 0.476301

pgibbs sample time: 5.8e-05 seconds
probability of topic_ResearchProject_66 is 0.435576

pgibbs sample time: 5.6e-05 seconds
probability of topic_Student_90 is 0.506741

pgibbs sample time: 7.1e-05 seconds
probability of topic_Student_52 is 0.43094

pgibbs sample time: 5.6e-05 seconds
probability of topic_Department_37 is 0.480109

pgibbs sample time: 5.7e-05 seconds
probability of topic_Department_34 is 0.375511

pgibbs sample time: 5.6e-05 seconds
probability of topic_Person_25 is 0.489056

pgibbs sample time: 5.5e-05 seconds
probability of topic_Course_85 is 0.544381

pgibbs sample time: 5.6e-05 seconds
probability of topic_Staff_99 is 0.45146

pgibbs sample time: 5.4e-05 seconds
probability of topic_Staff_27 is 0.576178

pgibbs sample time: 0.000707 seconds
probability of topic_Course_72 is 0.495757

pgibbs sample time: 0.000336 seconds
probability of topic_Faculty_110 is 0.430163

pgibbs sample time: 0.000848 seconds
probability of topic_Staff_106 is 0.671606

pgibbs sample time: 8.2e-05 seconds
probability of topic_Staff_52 is 0.468817

pgibbs sample time: 0.000519 seconds
probability of topic_ResearchProject_61 is 0.491132

pgibbs sample time: 5.4e-05 seconds
probability of topic_Course_46 is 0.415922

pgibbs sample time: 0.000426 seconds
probability of topic_Course_10 is 0.477088

pgibbs sample time: 7.1e-05 seconds
probability of topic_Department_76 is 0.462328

pgibbs sample time: 5.5e-05 seconds
probability of topic_Person_16 is 0.496938

pgibbs sample time: 5.5e-05 seconds
probability of topic_Person_95 is 0.477535

pgibbs sample time: 0.000263 seconds
probability of topic_Student_20 is 0.568778

pgibbs sample time: 0.000333 seconds
probability of topic_Student_91 is 0.410198

pgibbs sample time: 5.7e-05 seconds
probability of topic_Department_43 is 0.478045

pgibbs sample time: 0.000308 seconds
probability of topic_ResearchProject_116 is 0.512996

pgibbs sample time: 5.8e-05 seconds
probability of topic_Department_74 is 0.480109

pgibbs sample time: 6.9e-05 seconds
probability of topic_Person_17 is 0.568381

pgibbs sample time: 0.000348 seconds
probability of topic_Course_116 is 0.480195

pgibbs sample time: 7.2e-05 seconds
probability of topic_Faculty_18 is 0.422052

pgibbs sample time: 0.000272 seconds
probability of topic_ResearchProject_49 is 0.500915

pgibbs sample time: 5.6e-05 seconds
probability of topic_ResearchProject_70 is 0.411136

pgibbs sample time: 7.1e-05 seconds
probability of topic_Student_17 is 0.548544

pgibbs sample time: 5.5e-05 seconds
probability of topic_Staff_1 is 0.40605

pgibbs sample time: 0.000361 seconds
probability of topic_Staff_31 is 0.46791

pgibbs sample time: 5.7e-05 seconds
probability of topic_Person_69 is 0.463107

pgibbs sample time: 5.7e-05 seconds
probability of topic_Department_14 is 0.486126

pgibbs sample time: 5.6e-05 seconds
probability of topic_Student_56 is 0.402692

pgibbs sample time: 0.00038 seconds
probability of topic_ResearchProject_30 is 0.455336

pgibbs sample time: 7.2e-05 seconds
probability of topic_Faculty_79 is 0.492738

pgibbs sample time: 0.00129 seconds
probability of topic_Student_102 is 0.584071

pgibbs sample time: 0.000268 seconds
probability of topic_Department_19 is 0.600009

pgibbs sample time: 5.7e-05 seconds
probability of topic_Faculty_27 is 0.489816

pgibbs sample time: 0.000452 seconds
probability of topic_Person_57 is 0.485229

pgibbs sample time: 5.7e-05 seconds
probability of topic_Student_64 is 0.429005

pgibbs sample time: 0.000222 seconds
probability of topic_Course_55 is 0.471756

pgibbs sample time: 5.7e-05 seconds
probability of topic_Student_43 is 0.474627

pgibbs sample time: 0.000383 seconds
probability of topic_Department_120 is 0.663281

pgibbs sample time: 5.6e-05 seconds
probability of topic_Department_27 is 0.649423

pgibbs sample time: 0.00085 seconds
probability of topic_Staff_118 is 0.52266

pgibbs sample time: 5.8e-05 seconds
probability of topic_ResearchProject_74 is 0.442936

pgibbs sample time: 7e-05 seconds
probability of topic_Student_14 is 0.463578

pgibbs sample time: 0.000495 seconds
probability of topic_Student_61 is 0.580201

pgibbs sample time: 0.000511 seconds
probability of topic_Staff_57 is 0.454193

pgibbs sample time: 5.8e-05 seconds
probability of topic_Student_44 is 0.535841

pgibbs sample time: 0.00118 seconds
probability of topic_Department_29 is 0.363404

pgibbs sample time: 0.001278 seconds
probability of topic_Course_50 is 0.404907

pgibbs sample time: 0.001274 seconds
probability of topic_Course_28 is 0.479115

pgibbs sample time: 0.000744 seconds
probability of topic_Student_12 is 0.593546

pgibbs sample time: 8.5e-05 seconds
probability of topic_Department_42 is 0.635096

pgibbs sample time: 5.5e-05 seconds
probability of topic_Staff_15 is 0.49999

pgibbs sample time: 0.000105 seconds
probability of topic_Student_32 is 0.530593

pgibbs sample time: 5.8e-05 seconds
probability of topic_Department_99 is 0.425577

pgibbs sample time: 0.000234 seconds
probability of topic_Faculty_136 is 0.417896

pgibbs sample time: 0.000231 seconds
probability of topic_Faculty_2 is 0.438723

pgibbs sample time: 0.000397 seconds
probability of topic_Staff_3 is 0.566558

pgibbs sample time: 0.000232 seconds
probability of topic_Person_65 is 0.496193

pgibbs sample time: 0.000224 seconds
probability of topic_Person_55 is 0.582777

pgibbs sample time: 0.000442 seconds
probability of topic_ResearchProject_35 is 0.390749

pgibbs sample time: 0.000374 seconds
probability of topic_Department_125 is 0.466828

pgibbs sample time: 0.000385 seconds
probability of topic_Faculty_11 is 0.549236

pgibbs sample time: 0.000251 seconds
probability of topic_Staff_49 is 0.510638

pgibbs sample time: 5.9e-05 seconds
probability of topic_ResearchProject_25 is 0.474026

pgibbs sample time: 0.000237 seconds
probability of topic_ResearchProject_65 is 0.511789

pgibbs sample time: 0.000841 seconds
probability of topic_Course_24 is 0.586269

pgibbs sample time: 0.000198 seconds
probability of topic_Student_169 is 0.344401

pgibbs sample time: 7e-05 seconds
probability of topic_Staff_22 is 0.49035

pgibbs sample time: 6.9e-05 seconds
probability of topic_Course_79 is 0.539145

pgibbs sample time: 0.001272 seconds
probability of topic_Staff_28 is 0.470698

pgibbs sample time: 0.000426 seconds
probability of topic_Course_87 is 0.352772

pgibbs sample time: 0.000316 seconds
probability of topic_Student_93 is 0.219051

pgibbs sample time: 0.001387 seconds
probability of topic_Staff_29 is 0.508765

pgibbs sample time: 5.7e-05 seconds
probability of topic_Course_13 is 0.474874

pgibbs sample time: 0.000878 seconds
probability of topic_Faculty_115 is 0.475792

pgibbs sample time: 7.2e-05 seconds
probability of topic_ResearchProject_22 is 0.355109

pgibbs sample time: 0.000225 seconds
probability of topic_Staff_81 is 0.450389

pgibbs sample time: 8.6e-05 seconds
probability of topic_Faculty_32 is 0.501633

pgibbs sample time: 5.6e-05 seconds
probability of topic_Staff_66 is 0.432401

pgibbs sample time: 0.000297 seconds
probability of topic_Person_116 is 0.373841

pgibbs sample time: 5.8e-05 seconds
probability of topic_Faculty_62 is 0.505241

pgibbs sample time: 0.001274 seconds
probability of topic_Course_102 is 0.418249

pgibbs sample time: 0.001303 seconds
probability of topic_ResearchProject_50 is 0.387488

pgibbs sample time: 7.2e-05 seconds
probability of topic_ResearchProject_53 is 0.501396

pgibbs sample time: 5.6e-05 seconds
probability of topic_Department_86 is 0.429697

pgibbs sample time: 5.6e-05 seconds
probability of topic_Person_15 is 0.499978

pgibbs sample time: 5.7e-05 seconds
probability of topic_ResearchProject_34 is 0.411882

pgibbs sample time: 0.000718 seconds
probability of topic_ResearchProject_24 is 0.493322

pgibbs sample time: 5.7e-05 seconds
probability of topic_ResearchProject_46 is 0.423904

pgibbs sample time: 0.000209 seconds
probability of topic_Department_73 is 0.460681

pgibbs sample time: 0.000732 seconds
probability of topic_Person_133 is 0.507893

pgibbs sample time: 5.6e-05 seconds
probability of topic_Person_4 is 0.480595

pgibbs sample time: 5.5e-05 seconds
probability of topic_Staff_83 is 0.484651

pgibbs sample time: 0.000232 seconds
probability of topic_Department_169 is 0.771676

pgibbs sample time: 8.3e-05 seconds
probability of topic_Course_32 is 0.489218

pgibbs sample time: 5.5e-05 seconds
probability of topic_Staff_90 is 0.614941

pgibbs sample time: 0.000296 seconds
probability of topic_Person_93 is 0.212087

pgibbs sample time: 5.9e-05 seconds
probability of topic_Faculty_39 is 0.471164

pgibbs sample time: 5.6e-05 seconds
probability of topic_Faculty_99 is 0.471164

pgibbs sample time: 5.6e-05 seconds
probability of topic_Course_40 is 0.419663

pgibbs sample time: 5.6e-05 seconds
probability of topic_Student_80 is 0.493937

pgibbs sample time: 0.00038 seconds
probability of topic_ResearchProject_11 is 0.343956

pgibbs sample time: 0.000518 seconds
probability of topic_ResearchProject_168 is 0.435931

pgibbs sample time: 0.000441 seconds
probability of topic_ResearchProject_87 is 0.407362

pgibbs sample time: 5.8e-05 seconds
probability of topic_Department_60 is 0.519227

pgibbs sample time: 0.000332 seconds
probability of topic_Student_48 is 0.279823

pgibbs sample time: 5.7e-05 seconds
probability of topic_Course_39 is 0.609306

pgibbs sample time: 0.000849 seconds
probability of topic_Staff_41 is 0.370782

pgibbs sample time: 0.000366 seconds
probability of topic_Course_67 is 0.439672

pgibbs sample time: 0.000351 seconds
probability of topic_Course_45 is 0.418736

pgibbs sample time: 9.9e-05 seconds
probability of topic_Student_7 is 0.586076

pgibbs sample time: 5.7e-05 seconds
probability of topic_Department_40 is 0.477106

pgibbs sample time: 5.5e-05 seconds
probability of topic_Staff_89 is 0.531667

pgibbs sample time: 9.7e-05 seconds
probability of topic_Course_7 is 0.475243

pgibbs sample time: 0.000417 seconds
probability of topic_Person_35 is 0.752173

pgibbs sample time: 0.000505 seconds
probability of topic_Faculty_61 is 0.465892

pgibbs sample time: 0.000409 seconds
probability of topic_Faculty_126 is 0.463935

pgibbs sample time: 0.001204 seconds
probability of topic_Faculty_50 is 0.453368

pgibbs sample time: 0.000504 seconds
probability of topic_Department_61 is 0.323927

pgibbs sample time: 5.5e-05 seconds
probability of topic_Student_1 is 0.360939

pgibbs sample time: 5.6e-05 seconds
probability of topic_Person_84 is 0.454429

pgibbs sample time: 0.000846 seconds
probability of topic_Department_133 is 0.497166

pgibbs sample time: 0.000344 seconds
probability of topic_Department_67 is 0.494763

pgibbs sample time: 0.000344 seconds
probability of topic_Department_134 is 0.411194

pgibbs sample time: 0.000345 seconds
probability of topic_Faculty_116 is 0.43457

pgibbs sample time: 5.8e-05 seconds
probability of topic_Department_16 is 0.416173

pgibbs sample time: 5.6e-05 seconds
probability of topic_Staff_78 is 0.46321

pgibbs sample time: 8.5e-05 seconds
probability of topic_Faculty_52 is 0.544454

pgibbs sample time: 7e-05 seconds
probability of topic_Student_79 is 0.400786

pgibbs sample time: 0.000224 seconds
probability of topic_Staff_54 is 0.482758

pgibbs sample time: 8.4e-05 seconds
probability of topic_ResearchProject_32 is 0.49599

pgibbs sample time: 5.5e-05 seconds
probability of topic_Person_46 is 0.484718

pgibbs sample time: 5.5e-05 seconds
probability of topic_Course_99 is 0.609306

pgibbs sample time: 8.1e-05 seconds
probability of topic_Staff_42 is 0.64847

pgibbs sample time: 5.6e-05 seconds
probability of topic_Student_77 is 0.712049

pgibbs sample time: 0.000376 seconds
probability of topic_Student_67 is 0.507694

pgibbs sample time: 5.8e-05 seconds
probability of topic_Department_38 is 0.572254

pgibbs sample time: 0.00041 seconds
probability of topic_Faculty_59 is 0.448247

pgibbs sample time: 0.000404 seconds
probability of topic_Person_59 is 0.532696

pgibbs sample time: 0.000379 seconds
probability of topic_ResearchProject_67 is 0.46108

pgibbs sample time: 7.3e-05 seconds
probability of topic_Department_53 is 0.443262

pgibbs sample time: 0.000404 seconds
probability of topic_Person_126 is 0.55

pgibbs sample time: 5.8e-05 seconds
probability of topic_Department_56 is 0.488853

pgibbs sample time: 5.6e-05 seconds
probability of topic_Student_74 is 0.493937

pgibbs sample time: 5.6e-05 seconds
probability of topic_Student_6 is 0.527927

pgibbs sample time: 0.000363 seconds
probability of topic_Staff_120 is 0.590618

pgibbs sample time: 5.8e-05 seconds
probability of topic_ResearchProject_51 is 0.503802

pgibbs sample time: 7.2e-05 seconds
probability of topic_Student_88 is 0.677047

pgibbs sample time: 0.00127 seconds
probability of topic_Staff_50 is 0.41251

pgibbs sample time: 0.0003 seconds
probability of topic_Staff_93 is 0.510017

pgibbs sample time: 5.8e-05 seconds
probability of topic_Department_25 is 0.39707

pgibbs sample time: 0.000338 seconds
probability of topic_Staff_116 is 0.462992

pgibbs sample time: 0.0007 seconds
probability of topic_Faculty_24 is 0.495772

pgibbs sample time: 0.000233 seconds
probability of topic_Person_2 is 0.355554

pgibbs sample time: 5.6e-05 seconds
probability of topic_Course_43 is 0.464736

pgibbs sample time: 5.8e-05 seconds
probability of topic_Department_89 is 0.462901

pgibbs sample time: 8.6e-05 seconds
probability of topic_ResearchProject_94 is 0.245289

pgibbs sample time: 8e-05 seconds
probability of topic_Course_94 is 0.290908

pgibbs sample time: 0.000272 seconds
probability of topic_Faculty_81 is 0.457221

pgibbs sample time: 0.00074 seconds
probability of topic_Department_24 is 0.519731

pgibbs sample time: 0.000372 seconds
probability of topic_Student_120 is 0.53523

pgibbs sample time: 6.8e-05 seconds
probability of topic_Course_52 is 0.41653

pgibbs sample time: 0.000227 seconds
probability of topic_Person_136 is 0.502101

pgibbs sample time: 5.7e-05 seconds
probability of topic_Person_70 is 0.454068

pgibbs sample time: 5.5e-05 seconds
probability of topic_Person_40 is 0.486242

pgibbs sample time: 5.7e-05 seconds
probability of topic_Department_62 is 0.63036

pgibbs sample time: 5.5e-05 seconds
probability of topic_Person_80 is 0.498179

pgibbs sample time: 6.9e-05 seconds
probability of topic_Person_22 is 0.581096

pgibbs sample time: 0.000193 seconds
probability of topic_Staff_55 is 0.483449

pgibbs sample time: 0.000192 seconds
probability of topic_Staff_73 is 0.593056

pgibbs sample time: 5.5e-05 seconds
probability of topic_Person_39 is 0.406754

pgibbs sample time: 5.5e-05 seconds
probability of topic_Staff_79 is 0.576178

pgibbs sample time: 0.000619 seconds
probability of topic_Course_41 is 0.325646

pgibbs sample time: 7.1e-05 seconds
probability of topic_Staff_68 is 0.345292

pgibbs sample time: 0.000433 seconds
probability of topic_Faculty_35 is 0.517364

pgibbs sample time: 0.000702 seconds
probability of topic_Course_115 is 0.673187

pgibbs sample time: 0.00087 seconds
probability of topic_Student_72 is 0.549553

pgibbs sample time: 0.000703 seconds
probability of topic_Course_106 is 0.493497

pgibbs sample time: 7.2e-05 seconds
probability of topic_Faculty_36 is 0.422139

pgibbs sample time: 0.000102 seconds
probability of topic_Staff_32 is 0.427235

pgibbs sample time: 0.000377 seconds
probability of topic_Course_125 is 0.451116

pgibbs sample time: 7.3e-05 seconds
probability of topic_Faculty_63 is 0.435829

pgibbs sample time: 5.7e-05 seconds
probability of topic_Faculty_69 is 0.469554

pgibbs sample time: 0.000376 seconds
probability of topic_ResearchProject_48 is 0.834101

pgibbs sample time: 0.001292 seconds
probability of topic_Student_28 is 0.480257

pgibbs sample time: 5.7e-05 seconds
probability of topic_Person_34 is 0.658047

pgibbs sample time: 0.000199 seconds
probability of topic_Staff_2 is 0.442299

pgibbs sample time: 5.6e-05 seconds
probability of topic_Faculty_75 is 0.495447

pgibbs sample time: 0.001208 seconds
probability of topic_Faculty_102 is 0.548819

pgibbs sample time: 0.000377 seconds
probability of topic_Course_30 is 0.563061

pgibbs sample time: 0.001464 seconds
probability of topic_Faculty_29 is 0.42152

pgibbs sample time: 0.000506 seconds
probability of topic_Faculty_168 is 0.404534

pgibbs sample time: 0.000347 seconds
probability of topic_ResearchProject_93 is 0.425131

pgibbs sample time: 0.000204 seconds
probability of topic_Faculty_169 is 0.566428

pgibbs sample time: 5.5e-05 seconds
probability of topic_Person_38 is 0.365888

pgibbs sample time: 7.2e-05 seconds
probability of topic_ResearchProject_63 is 0.644218

pgibbs sample time: 5.8e-05 seconds
probability of topic_Staff_60 is 0.493421

pgibbs sample time: 5.6e-05 seconds
probability of topic_ResearchProject_56 is 0.568092

pgibbs sample time: 0.000348 seconds
probability of topic_Course_93 is 0.434482

pgibbs sample time: 0.000503 seconds
probability of topic_Course_57 is 0.506567

pgibbs sample time: 0.000665 seconds
probability of topic_ResearchProject_118 is 0.521714

pgibbs sample time: 6.9e-05 seconds
probability of topic_Staff_14 is 0.519477

pgibbs sample time: 6.9e-05 seconds
probability of topic_Course_63 is 0.49709

pgibbs sample time: 0.000502 seconds
probability of topic_Course_168 is 0.419174

pgibbs sample time: 5.8e-05 seconds
probability of topic_Student_46 is 0.486212

pgibbs sample time: 6.9e-05 seconds
probability of topic_Person_36 is 0.37477

pgibbs sample time: 0.000898 seconds
probability of topic_Department_106 is 0.471593

pgibbs sample time: 7e-05 seconds
probability of topic_Course_14 is 0.596325

pgibbs sample time: 5.6e-05 seconds
probability of topic_Student_39 is 0.471272

pgibbs sample time: 9.2e-05 seconds
probability of topic_ResearchProject_36 is 0.471656

pgibbs sample time: 0.000372 seconds
probability of topic_Department_30 is 0.412437

pgibbs sample time: 0.000373 seconds
probability of topic_Faculty_45 is 0.40341

pgibbs sample time: 7.1e-05 seconds
probability of topic_Department_23 is 0.553087

pgibbs sample time: 0.000231 seconds
probability of topic_Student_73 is 0.648093

pgibbs sample time: 0.000232 seconds
probability of topic_Student_54 is 0.480888

pgibbs sample time: 5.7e-05 seconds
probability of topic_Course_69 is 0.498392

pgibbs sample time: 5.5e-05 seconds
probability of topic_Staff_63 is 0.406627

pgibbs sample time: 0.000363 seconds
probability of topic_Staff_30 is 0.509577

pgibbs sample time: 7.4e-05 seconds
probability of topic_Faculty_88 is 0.559251

pgibbs sample time: 5.6e-05 seconds
probability of topic_Faculty_83 is 0.489116

pgibbs sample time: 5.7e-05 seconds
probability of topic_Department_84 is 0.420608

pgibbs sample time: 0.000354 seconds
probability of topic_Faculty_92 is 0.528468

pgibbs sample time: 7e-05 seconds
probability of topic_Student_68 is 0.354281

pgibbs sample time: 5.5e-05 seconds
probability of topic_Course_9 is 0.45318

pgibbs sample time: 0.00025 seconds
probability of topic_Person_49 is 0.533295

pgibbs sample time: 5.6e-05 seconds
probability of topic_Staff_16 is 0.554346

pgibbs sample time: 7.1e-05 seconds
probability of topic_Faculty_14 is 0.460316

pgibbs sample time: 0.000272 seconds
probability of topic_Department_20 is 0.547177

pgibbs sample time: 0.000315 seconds
probability of topic_Student_116 is 0.431649

pgibbs sample time: 5.6e-05 seconds
probability of topic_Faculty_25 is 0.429819

pgibbs sample time: 5.5e-05 seconds
probability of topic_Person_18 is 0.382127

pgibbs sample time: 0.000838 seconds
probability of topic_Person_72 is 0.563334

pgibbs sample time: 0.000739 seconds
probability of topic_Course_157 is 0.409999

pgibbs sample time: 0.000378 seconds
probability of topic_Student_31 is 0.617265

pgibbs sample time: 0.000374 seconds
probability of topic_Faculty_48 is 0.475781

pgibbs sample time: 5.8e-05 seconds
probability of topic_ResearchProject_13 is 0.543606

pgibbs sample time: 8.5e-05 seconds
probability of topic_Department_32 is 0.409667

pgibbs sample time: 0.000239 seconds
probability of topic_Faculty_114 is 0.446291

pgibbs sample time: 5.9e-05 seconds
probability of topic_ResearchProject_83 is 0.483395

pgibbs sample time: 5.7e-05 seconds
probability of topic_Student_37 is 0.493937

pgibbs sample time: 5.6e-05 seconds
probability of topic_ResearchProject_80 is 0.442936

pgibbs sample time: 0.000839 seconds
probability of topic_Department_157 is 0.50276

pgibbs sample time: 5.7e-05 seconds
probability of topic_Staff_82 is 0.403287

pgibbs sample time: 0.000839 seconds
probability of topic_Person_41 is 0.37407

pgibbs sample time: 5.7e-05 seconds
probability of topic_Faculty_46 is 0.387388

pgibbs sample time: 5.6e-05 seconds
probability of topic_Faculty_4 is 0.543529

pgibbs sample time: 5.7e-05 seconds
probability of topic_Faculty_37 is 0.419826

pgibbs sample time: 0.000375 seconds
probability of topic_Course_31 is 0.402381

pgibbs sample time: 5.8e-05 seconds
probability of topic_Department_33 is 0.794603

pgibbs sample time: 0.000644 seconds
probability of topic_Staff_133 is 0.500384

pgibbs sample time: 5.8e-05 seconds
probability of topic_Faculty_33 is 0.600296

pgibbs sample time: 5.6e-05 seconds
probability of topic_Student_62 is 0.712049

pgibbs sample time: 6.9e-05 seconds
probability of topic_Course_76 is 0.420641

pgibbs sample time: 0.000273 seconds
probability of topic_Faculty_20 is 0.517968

pgibbs sample time: 0.000871 seconds
probability of topic_Student_118 is 0.604523

pgibbs sample time: 8.2e-05 seconds
probability of topic_Course_42 is 0.305786

pgibbs sample time: 0.000238 seconds
probability of topic_Faculty_119 is 0.490776

pgibbs sample time: 5.6e-05 seconds
probability of topic_Staff_34 is 0.59088

pgibbs sample time: 0.000362 seconds
probability of topic_Staff_136 is 0.432066

pgibbs sample time: 0.000417 seconds
probability of topic_Department_126 is 0.48533

pgibbs sample time: 0.000377 seconds
probability of topic_Student_125 is 0.579813

pgibbs sample time: 5.6e-05 seconds
probability of topic_Course_71 is 0.45997

pgibbs sample time: 0.00084 seconds
probability of topic_Department_155 is 0.573431

pgibbs sample time: 7.4e-05 seconds
probability of topic_Person_63 is 0.362166

pgibbs sample time: 0.000439 seconds
probability of topic_Student_87 is 0.565241

pgibbs sample time: 5.8e-05 seconds
probability of topic_Department_85 is 0.483273

pgibbs sample time: 5.6e-05 seconds
probability of topic_Person_98 is 0.563978

pgibbs sample time: 0.000739 seconds
probability of topic_Department_12 is 0.592306

pgibbs sample time: 0.000439 seconds
probability of topic_Student_35 is 0.807052

pgibbs sample time: 5.7e-05 seconds
probability of topic_Faculty_78 is 0.454354

pgibbs sample time: 7.7e-05 seconds
probability of topic_Department_64 is 0.410617

pgibbs sample time: 0.000815 seconds
probability of topic_ResearchProject_12 is 0.323634

pgibbs sample time: 5.7e-05 seconds
probability of topic_Department_77 is 0.63036

pgibbs sample time: 0.001231 seconds
probability of topic_ResearchProject_28 is 0.449032

pgibbs sample time: 0.000813 seconds
probability of topic_ResearchProject_133 is 0.475489

pgibbs sample time: 0.000411 seconds
probability of topic_Student_3 is 0.349521

pgibbs sample time: 0.00083 seconds
probability of topic_Person_12 is 0.600468

pgibbs sample time: 0.000829 seconds
probability of topic_Person_155 is 0.357428

pgibbs sample time: 0.000267 seconds
probability of topic_Student_19 is 0.686986

pgibbs sample time: 0.00022 seconds
probability of topic_Person_45 is 0.503389

pgibbs sample time: 0.000904 seconds
probability of topic_Person_157 is 0.568609

pgibbs sample time: 5.9e-05 seconds
probability of topic_Department_83 is 0.462433

pgibbs sample time: 7.8e-05 seconds
probability of topic_Staff_26 is 0.529301

pgibbs sample time: 8.3e-05 seconds
probability of topic_Person_32 is 0.452297

pgibbs sample time: 7.2e-05 seconds
probability of topic_ResearchProject_17 is 0.475538

pgibbs sample time: 5.8e-05 seconds
probability of topic_Faculty_22 is 0.401781

pgibbs sample time: 0.0001 seconds
probability of topic_Student_47 is 0.243213

pgibbs sample time: 8.3e-05 seconds
probability of topic_Faculty_94 is 0.218205

pgibbs sample time: 5.7e-05 seconds
probability of topic_Student_86 is 0.526876

pgibbs sample time: 6.9e-05 seconds
probability of topic_Faculty_97 is 0.45583

pgibbs sample time: 5.7e-05 seconds
probability of topic_Department_6 is 0.442131

pgibbs sample time: 0.000378 seconds
probability of topic_Department_91 is 0.534359

pgibbs sample time: 5.5e-05 seconds
probability of topic_Staff_43 is 0.492552

pgibbs sample time: 5.5e-05 seconds
probability of topic_Course_80 is 0.425378

pgibbs sample time: 0.000503 seconds
probability of topic_Department_57 is 0.530442

pgibbs sample time: 0.000363 seconds
probability of topic_Staff_125 is 0.527015

pgibbs sample time: 0.000505 seconds
probability of topic_Department_168 is 0.475449

pgibbs sample time: 5.6e-05 seconds
probability of topic_Course_75 is 0.413508

pgibbs sample time: 5.5e-05 seconds
probability of topic_Staff_75 is 0.5228

pgibbs sample time: 5.5e-05 seconds
probability of topic_Course_83 is 0.614884

pgibbs sample time: 0.00023 seconds
probability of topic_ResearchProject_20 is 0.621309

pgibbs sample time: 5.5e-05 seconds
probability of topic_Staff_86 is 0.412752

pgibbs sample time: 6e-05 seconds
probability of topic_ResearchProject_38 is 0.47691

pgibbs sample time: 5.5e-05 seconds
probability of topic_Staff_71 is 0.584563

pgibbs sample time: 0.000433 seconds
probability of topic_Faculty_10 is 0.559346

pgibbs sample time: 7.3e-05 seconds
probability of topic_Student_53 is 0.449277

pgibbs sample time: 0.001221 seconds
probability of topic_Person_28 is 0.413186

pgibbs sample time: 5.8e-05 seconds
probability of topic_ResearchProject_60 is 0.491475

pgibbs sample time: 0.001168 seconds
probability of topic_Person_50 is 0.587024

pgibbs sample time: 9.9e-05 seconds
probability of topic_Faculty_7 is 0.494153

pgibbs sample time: 5.6e-05 seconds
probability of topic_Staff_17 is 0.582035

pgibbs sample time: 5.7e-05 seconds
probability of topic_Department_26 is 0.513549

pgibbs sample time: 5.8e-05 seconds
probability of topic_Student_89 is 0.520574

pgibbs sample time: 0.000376 seconds
probability of topic_Department_45 is 0.475409

pgibbs sample time: 0.000421 seconds
probability of topic_Department_59 is 0.518261

pgibbs sample time: 0.00051 seconds
probability of topic_Staff_61 is 0.496609

pgibbs sample time: 0.000512 seconds
probability of topic_Staff_168 is 0.435583

pgibbs sample time: 5.7e-05 seconds
probability of topic_Staff_6 is 0.464129

pgibbs sample time: 5.6e-05 seconds
probability of topic_Person_13 is 0.392505

pgibbs sample time: 7.1e-05 seconds
probability of topic_Department_88 is 0.553665

pgibbs sample time: 0.000351 seconds
probability of topic_Course_48 is 0.44709

pgibbs sample time: 0.000232 seconds
probability of topic_Student_114 is 0.541299

pgibbs sample time: 5.7e-05 seconds
probability of topic_ResearchProject_99 is 0.554075

pgibbs sample time: 5.6e-05 seconds
probability of topic_Faculty_85 is 0.491225

pgibbs sample time: 5.8e-05 seconds
probability of topic_Department_4 is 0.471881

pgibbs sample time: 5.6e-05 seconds
probability of topic_Course_25 is 0.43891

pgibbs sample time: 5.5e-05 seconds
probability of topic_Person_75 is 0.481417

pgibbs sample time: 5.7e-05 seconds
probability of topic_ResearchProject_26 is 0.619086

pgibbs sample time: 0.000286 seconds
probability of topic_Staff_87 is 0.53694

pgibbs sample time: 0.000351 seconds
probability of topic_Course_91 is 0.587015

pgibbs sample time: 5.8e-05 seconds
probability of topic_Student_25 is 0.50726

pgibbs sample time: 0.000286 seconds
probability of topic_Staff_35 is 0.483225

pgibbs sample time: 6.8e-05 seconds
probability of topic_Staff_76 is 0.421407

pgibbs sample time: 5.9e-05 seconds
probability of topic_Student_70 is 0.426591

pgibbs sample time: 7.2e-05 seconds
probability of topic_ResearchProject_88 is 0.365073

pgibbs sample time: 0.000884 seconds
probability of topic_Faculty_72 is 0.5451

pgibbs sample time: 5.8e-05 seconds
probability of topic_Department_95 is 0.506738

