observed tuples: r3380 r465 r4745 r3898 r4908 r511 r3157 r1907 r258 r4130 r1135 r3362 r2465 r2222 r3656 r2992 r50 r4296 r3982 r3392 r3653 r4427 r3347 r2396 r2874 r3078 r576 r4775 r1660 r4001 r4739 r4459 r3589 r3519 r4076 r2765 r3192 r2726 r4920 r2127 r1470 r3092 r2525 r1575 r3313 r946 r2950 r1256 r593 r3641 r2492 r810 r4208 r2354 r1063 r3348 r543 r1004 r2741 r3315 r4444 r3923 r2509 r919 r3879 r4108 r549 r3673 r2006 r3224 r4609 r3472 r4243 r3518 r1229 r2042 r1491 r294 r1812 r3400 r734 r559 r3319 r305 r3137 r3710 r1931 r2612 r2230 r3435 r4396 r2586 r2618 r4571 r1389 r4367 r2161 r4755 r3927 r1524 r4101 r232 r1609 r4224 r1772 r3783 r4234 r2394 r2472 r78 r620 r929 r3969 r3016 r3857 r3998 r3574 r1873 r263 r3866 r1823 r3535 r980 r2952 r4688 r3247 r2431 r1189 r2049 r4987 r2763 r1103 r4307 r2880 r1452 r1428 r3184 r3167 r1180 r4712 r4146 r2697 r2376 r1490 r1916 r3415 r4022 r3388 r1462 r4612 r4082 r4768 r2143 r1897 r2125 r4891 r2875 r721 r651 r4838 r9 r3793 r4503 r4273 r23 r4632 r4629 r4425 r3038 r2804 r2597 r4894 r2831 r4565 r155 r1104 r702 r2947 r1320 r2644 r2436 r4871 r126 r1787 r3425 r798 r3950 r3475 r2382 r2746 r558 r2274 r3661 r3559 r3013 r1989 r419 r2253 r1726 r423 r1471 r3246 r1832 r4067 r3308 r3474 r2795 r3786 r1070 r2173 r2014 r3298 r3344 r1353 r304 r3386 r3800 r2660 r1782 r3720 r3363 r3893 r1984 r3831 r3810 r4334 r3042 r897 r3745 r1558 r2245 r60 r2636 r165 r381 r2316 r4030 r4744 r1380 r3961 r3222 r3420 r3986 r1479 r3799 r861 r3196 r2265 r359 r2794 r2847 r1195 r3816 r424 r2623 r4150 r4771 r1709 r2876 r2011 r3611 r4222 r2390 r2153 r2264 r1838 r1626 r677 r374 r1994 r4365 r2483 r3787 r1083 r2756 r1149 r1829 r4156 r297 r561 r2543 r4658 r1953 r3083 r3160 r4329 r3621 r2873 r3695 r4676 r378 r2981 r146 r1669 r3735 r4317 r621 r143 r724 r4123 r1179 r3662 hasword_paper_26 r4211 r591 r4749 r986 r2355 r2604 r3914 r2255 r2720 r2884 r339 r609 r400 r3410 r1284 r1332 r4680 hasword_univers_12 r3239 links_155_133 r1805 hasword_includ_155 hasword_point_155 hasword_case_155 r347 hasword_email_157 hasword_address_157 r2414 r3975 r180 r4393 r3708 r941 r520 r644 r4205 r4929 r3070 r1764 r1430 r3636 r162 r2825 r3565 r584 r1217 links_81_20 r2320 hasword_complex_20 r2343 r3856 hasword_press_20 r3031 r666 r2100 r3076 links_133_24 r913 hasword_tx_133 r3834 r2084 r75 r991 r2456 links_110_130 r4232 r3478 r3979 r408 hasword_experi_92 links_41_72 r4089 r2478 r2734 hasword_austin_69 links_41_106 r2588 links_41_174 hasword_architectur_118 r858 hasword_june_118 r2235 r303 r1707 r1258 r1287 r2093 r4656 hasword_parallel_72 r2549 r809 r4324 r769 r1305 hasword_document_92 r4 hasword_server_66 r1277 r2070 r741 r3338 r356 r1891 r2333 r3342 r4665 links_54_114 r1325 links_156_126 hasword_left_75 r4610 hasword_direct_63 links_126_54 r4651 r840 r3426 hasword_phone_78 r1001 hasword_network_73 r3757 r2927 hasword_pointer_85 r3807 links_87_35 links_87_10 r3576 r4213 r631 links_24_133 r3186 links_91_45 r2799 r1133 r411 hasword_tuesdai_65 r2242 r4967 r1116 r392 r750 hasword_creat_96 r536 hasword_wide_35 r495 r1285 r298 r2020 r889 r4948 hasword_algorithm_186 r1043 r123 r2818 r784 r1093 r214 r206 hasword_principl_83 r3583 r3431 hasword_constraint_76 r3169 rl r659 hasword_task_47 hasword_base_47 r2321 r1098 hasword_intellig_47 r238 r672 r2616 r3794 r2138 r3 r1642 hasword_modifi_110 r4842 hasword_environ_53 hasword_date_53 r4718 r4487 hasword_ta_24 r4726 r3130 hasword_unit_57 hasword_numer_119 r737 r3221 r1914 hasword_window_39 hasword_chapter_60 r2449 r2973 r3934 hasword_time_72 r1282 hasword_librari_3 links_126_59 links_57_61 r1893 hasword_john_116 r3253 r302 r4972 hasword_unit_7 r4021 r1911 r3237 r161 hasword_show_77 r342 r1898 r1695 r518 links_13_187 hasword_student_94 r2417 r4820 r4857 hasword_includ_13 r2913 hasword_univers_187 r836 hasword_logic_187 r2458 r2667 r1525 r4924 r1078 r942 r3440 r484 r2893 r4077 r1342 r3019 hasword_contact_17 r4033 r3918 r1003 r3050 r230 r1370 hasword_ph_34 r4558 r3185 hasword_window_99 r2083 links_209_36 r955 hasword_lab_199 r1427 r1385 hasword_bound_52 r2859 r818 links_209_33 r1089 links_164_209 hasword_faculti_33 r3562 r2118 hasword_queri_76 r3655 hasword_major_41 links_2_199 hasword_program_105 r4735 r2559 r2671 links_41_118 r181 r231 hasword_add_14 hasword_transfer_12 hasword_prototyp_7 r2727 r4111 hasword_logic_7 hasword_great_63 r4573 r1969 r1554 r3524 r843 r33 r3516 r3084 r3907 hasword_build_58 hasword_small_126 r2705 r900 r2066 hasword_length_258 hasword_educ_95 hasword_plan_2 r4603 r256 hasword_autom_105 r2279 r4174 r2527 r2405 r1435 hasword_manag_25 r1333 r144 hasword_aug_98 hasword_html_19 r3707 r722 r1261 r2999 hasword_class_59 links_30_136 r1775 r1193 r2269 hasword_event_35 r1475 r2486 hasword_html_46 r1366 r2774 r4906 r4732 r1688 r4954 r3836 r1833 r4806 r2791 r2840 hasword_architectur_7 r2520 hasword_real_31 hasword_storag_3 r3729 r4045 hasword_cern_111 r3563 r4173 hasword_engin_87 hasword_dynam_27 links_209_164 r912 r4126 r3188 links_78_258 hasword_test_125 r3393 hasword_nation_55 links_33_209 r1211 hasword_string_42 links_78_180 r2857 r4428 r2862 hasword_postscript_17 r2389 r4195 r615 hasword_institut_169 r478 r3236 hasword_develop_10 hasword_space_25 hasword_modifi_25 hasword_propos_32 r3546 hasword_confer_9 links_11_67 r2896 links_102_50 r3978 r273 links_50_29 r2461 r2229 r2680 r3887 r4512 r2198 r2736 hasword_form_77 r4484 hasword_jan_42 r62 r966 links_106_41 r2448 links_29_102 r1979 links_55_73 links_4_111 r3818 hasword_html_118 links_57_168 r1560 r2267 hasword_docum_79 r1871 r3202 r2528 r4159 r1810 r4216 r1237 hasword_date_74 r2177 r1339 links_155_169 r1506 r3141 r4600 hasword_faq_55 r1961 hasword_parallel_231 hasword_member_164 links_42_186 r3017 r2796 r192 r4970 r775 links_134_11 hasword_april_4 r2921 links_125_136 hasword_current_35 r1940 r831 r1099 r2668 r353 r2830 r4075 r187 r3428 hasword_group_115 hasword_wide_50 hasword_algorithm_84 r978 r2352 hasword_paramet_20 hasword_austin_32 r3384 r1487 r4181 links_186_105 links_126_3 r2908 r455 r2444 r210 hasword_nov_77 r3736 r2608 hasword_mime_114 r4777 hasword_definit_21 hasword_deriv_65 hasword_jan_32 hasword_jan_27 hasword_check_111 hasword_write_31 r3966 links_110_8 links_59_126 hasword_mail_209 r3040 r1132 hasword_support_111 r1270 r29 links_93_116 r3901 r2823 r603 hasword_line_4 r847 r2085 r3748 r1674 hasword_investig_106 links_136_125 r4405 r2803 hasword_de_4 r3548 hasword_hall_102 r4628 hasword_number_30 links_28_102 r3690 r70 r2575 r2581 r4494 r4312 r2088 r790 hasword_made_90 r4706 r4854 r823 r4770 r1439 links_168_57 hasword_content_40 hasword_type_136 r4563 hasword_india_68 hasword_dynam_3 r876 r4875 hasword_put_77 r2067 r1386 r3844 r3397 links_29_28 r3853 r2712 hasword_ed_42 hasword_engin_42 r1304 r4071 r4837 hasword_type_168 r476 r3451 hasword_articl_25 r346 hasword_onlin_88 hasword_page_97 r3271 hasword_jan_79 links_65_119 r4845 r797 r1753 links_12_155 r2111 r1880 r1176 hasword_mondai_68 r3902 hasword_program_70 r2112 hasword_gmt_67 r2629 hasword_process_36 hasword_version_41 r337 hasword_nov_62 r4465 r1807 r4855 hasword_gmt_37 r2233 r3365 r2337 r56 r4104 r4445 r2561 r2714 hasword_score_3 r565 hasword_announc_217 r2733 r3947 r4458 r961 links_155_157 r2589 r2358 r1828 r3749 r3290 r450 r3534 r3312 r1006 r1031 r4062 r4139 hasword_implem_156 r4117 hasword_open_111 r2452 r2984 r2780 r3067 r1530 r4995 hasword_server_64 hasword_set_42 r4431 links_3_156 r2521 r1934 r3501 hasword_sequenc_43 hasword_orient_126 r388 r1409 r834 hasword_larg_126 r3622 r2517 links_126_156 r1887 r2029 links_59_217 r4817 r2591 hasword_resourc_78 r2706 r3894 r3081 r1437 hasword_resourc_2 r3935 r440 r1254 hasword_file_56 r4180 r4873 hasword_cern_15 r3719 r2467 r1450 links_29_50 r4533 hasword_wait_52 r4490 r4852 hasword_begin_102 r1498 r4434 r485 r224 r1906 r4654 r212 r1494 r3021 r121 hasword_provid_28 r681 hasword_modifi_134 r4730 r2821 links_199_18 r2554 links_50_102 hasword_content_36 r4922 r2050 links_50_28 r136 r1019 r1703 r4488 r4835 hasword_system_29 r829 r2276 hasword_www_180 r1944 r351 links_136_30 hasword_train_180 hasword_univers_88 hasword_ftp_174 r4129 r3044 links_209_172 hasword_text_22 r4209 r1276 r4286 r1566 r3592 links_8_110 links_116_93 r4070 r1719 r3769 r2842 r205 r1700 r3718 links_111_58 r4938 hasword_utexa_130 r4225 hasword_jan_8 r4637 hasword_machin_22 r1376 r4635 hasword_utexa_54 r2263 hasword_jan_97 r1546 r3256 hasword_text_21 r1377 r1520 r4358 r3536 r3416 hasword_move_48 links_48_180 hasword_text_45 r2534 r4509 hasword_materi_23 links_45_48 r872 hasword_consist_49 r3590 r3244 links_155_199 r3409 r3082 r4304 r2814 links_28_50 r962 r2719 r2384 r1032 r3433 hasword_suggest_91 hasword_texa_91 links_91_180 hasword_gmt_76 r1295 r4841 r3330 r4589 r4692 r4118 r4093 r3468 r4816 r219 r2722 r795 hasword_train_7 r3201 hasword_version_18 hasword_artifici_145 r2415 hasword_position_17 links_17_145 r837 r261 r2018 r2888 r3512 links_25_231 r4392 links_41_115 r4953 r2710 r3768 hasword_room_30 r4653 r760 r2844 r896 r1580 r960 r4473 r4824 r2580 r3343 r2176 r4452 r4194 r2395 r1360 r1431 r3234 r4966 hasword_date_172 r2565 r2060 r2640 hasword_area_17 r142 r3724 r4149 links_89_180 r4463 r1227 r1468 r1615 r4993 r2170 r2889 r2055 r882 r794 r4616 r606 r2096 r3465 r2854 r1410 hasword_wa_15 r74 r1321 r22 hasword_text_51 r642 hasword_sourc_64 r3383 r1913 links_2_169 r1526 r4341 r3360 r3168 r2865 r176 r3276 r1737 r4572 hasword_past_32 r1465 r3806 r4750 r2266 hasword_order_47 r1243 r2816 hasword_equal_52 hasword_count_52 r2757 hasword_version_82 r3692 r4996 r4290 r1900 r2815 hasword_process_63 r1424 r2211 r1441 r3520 r4227 r3205 hasword_form_94 r917 r1937 r2909 r3600 r3025 r3144 r4031 r4879 r2168 r201 r1017 r246 hasword_effici_51 r3183 r3725 r10 r4092 r1489 r1364 r2429 r3873 r990 hasword_solution_14 r4371 r4140 hasword_univers_69 r4257 r2215 r4483 r2829 r1246 r3194 r55 r1266 r2241 r1921 hasword_gmt_50 r3007 hasword_texa_6 r1354 r993 r3252 r3897 r1601 hasword_elem_18 r2785 hasword_base_1 r2611 links_11_134 r4568 r2826 r2446 r3088 r2964 hasword_instruct_81 r4560 r358 r4372 r1557 hasword_oct_44 r2750 hasword_paul_61 r930 r1184 r3555 r1996 r2236 r1225 r3875 r105 r4782 r2347 r2942 r1763 r1678 r4379 r4843 r2428 r1860 r3539 r1390 r2303 r1603 r4527 hasword_html_94 r4300 r3785 r1136 r1574 r2792 r1696 r3689 hasword_oct_11 r4731 r1319 r4074 r1024 r4800 r2270 hasword_author_93 r2812 hasword_techniqu_89 r3882 r2000 r365 r2345 hasword_jan_5 hasword_chang_63 r3423 r4542 r39 r4642 r845 r3014 r1061 r3728 r2926 r413 r4919 r3405 r1622 r3628 hasword_date_80 r1402 r4678 hasword_manag_16 hasword_date_23 hasword_mechan_23 r893 r341 r1955 r3176 r1910 r3704 r51 r1202 hasword_complet_32 r1638 r4258 hasword_colleg_38 r1057 hasword_mon_94 hasword_jan_120 r4943 hasword_work_71 r349 r1445 r3303 r1025 links_31_92 hasword_mime_86 r1768 r4863 r404 r3547 r272 r3492 r2349 r4438 r573 r4081 r3558 r4231 links_130_110 r4648 hasword_maintain_69 r3255 r1236 r2864 r3813 r3152 r2642 r4165 r3566 r950 r544 r717 r1570 r854 r147 hasword_collect_52 r510 r2516 r3784 r2967 r3394 r967 r1675 r982 r4000 r1809 r4107 r1028 r2533 r1157 r2367 r354 r4332 r2099 r4163 r710 r4976 r3069 r1550 r3864 r2701 r1269 r628 r4604 r650 r4584 r3601 r4912 r1155 links_31_120 hasword_nov_19 r3828 links_19_49 r2647 r2043 r7 r300 r1811 r3335 r3954 hasword_implement_126 r24 r2678 r4740 r4683 r3508 r3462 r218 r1545 r3377 hasword_gmt_5 r3931 
size of observed tuples: 1402
size of unobserved tuples: 907

pgibbs sample time: 0.001064 seconds
probability of topic_Faculty_91 is 0.0938982

pgibbs sample time: 0.001074 seconds
probability of topic_Student_174 is 0.109883

pgibbs sample time: 0.001137 seconds
probability of topic_Student_115 is 0.102887

pgibbs sample time: 0.001136 seconds
probability of topic_Student_41 is 0.0857965

pgibbs sample time: 8.5e-05 seconds
probability of topic_Faculty_23 is 0.0863419

pgibbs sample time: 5.6e-05 seconds
probability of topic_Faculty_34 is 0.105926

pgibbs sample time: 5.7e-05 seconds
probability of topic_Department_74 is 0.106577

pgibbs sample time: 0.001514 seconds
probability of topic_Staff_155 is 0.115636

pgibbs sample time: 5.8e-05 seconds
probability of topic_Student_16 is 0.0844266

pgibbs sample time: 5.6e-05 seconds
probability of topic_Department_71 is 0.0982748

pgibbs sample time: 5.7e-05 seconds
probability of topic_Faculty_84 is 0.132199

pgibbs sample time: 0.000231 seconds
probability of topic_Course_119 is 0.11313

pgibbs sample time: 5.7e-05 seconds
probability of topic_ResearchProject_43 is 0.112396

pgibbs sample time: 0.00025 seconds
probability of topic_Staff_145 is 0.108559

pgibbs sample time: 0.000249 seconds
probability of topic_Staff_17 is 0.181597

pgibbs sample time: 0.00044 seconds
probability of topic_Faculty_105 is 0.0880768

pgibbs sample time: 0.00044 seconds
probability of topic_Faculty_186 is 0.142631

pgibbs sample time: 5.7e-05 seconds
probability of topic_Staff_13 is 0.116535

pgibbs sample time: 5.7e-05 seconds
probability of topic_Course_82 is 0.0802121

pgibbs sample time: 0.000238 seconds
probability of topic_Department_187 is 0.178966

pgibbs sample time: 0.000235 seconds
probability of topic_Department_13 is 0.160449

pgibbs sample time: 0.000545 seconds
probability of topic_ResearchProject_136 is 0.106056

pgibbs sample time: 8.3e-05 seconds
probability of topic_Staff_23 is 0.0806197

pgibbs sample time: 5.6e-05 seconds
probability of topic_Course_66 is 0.0853862

pgibbs sample time: 0.000976 seconds
probability of topic_Person_106 is 0.195687

pgibbs sample time: 0.000975 seconds
probability of topic_Person_41 is 0.0889314

pgibbs sample time: 9.7e-05 seconds
probability of topic_Person_52 is 0.109776

pgibbs sample time: 5.6e-05 seconds
probability of topic_Faculty_90 is 0.137056

pgibbs sample time: 8.5e-05 seconds
probability of topic_ResearchProject_47 is 0.104219

pgibbs sample time: 0.001595 seconds
probability of topic_Staff_133 is 0.134386

pgibbs sample time: 0.001585 seconds
probability of topic_Staff_24 is 0.118937

pgibbs sample time: 0.000378 seconds
probability of topic_Student_168 is 0.117854

pgibbs sample time: 0.000433 seconds
probability of topic_Student_57 is 0.126717

pgibbs sample time: 5.9e-05 seconds
probability of topic_Student_26 is 0.0839271

pgibbs sample time: 0.001165 seconds
probability of topic_Person_78 is 0.10774

pgibbs sample time: 9.8e-05 seconds
probability of topic_Department_94 is 0.24492

pgibbs sample time: 0.000443 seconds
probability of topic_Faculty_42 is 0.123502

pgibbs sample time: 0.000506 seconds
probability of topic_Person_110 is 0.127695

pgibbs sample time: 0.000501 seconds
probability of topic_Person_8 is 0.125697

pgibbs sample time: 5.8e-05 seconds
probability of topic_Department_96 is 0.0967174

pgibbs sample time: 5.8e-05 seconds
probability of topic_Student_84 is 0.092035

pgibbs sample time: 7e-05 seconds
probability of topic_Faculty_79 is 0.111487

pgibbs sample time: 5.7e-05 seconds
probability of topic_Course_60 is 0.105158

pgibbs sample time: 5.4e-05 seconds
probability of topic_Person_74 is 0.113662

pgibbs sample time: 9.9e-05 seconds
probability of topic_Faculty_47 is 0.136514

pgibbs sample time: 5.5e-05 seconds
probability of topic_Student_6 is 0.126224

pgibbs sample time: 5.7e-05 seconds
probability of topic_Department_85 is 0.107789

pgibbs sample time: 0.001673 seconds
probability of topic_Student_157 is 0.107955

pgibbs sample time: 0.001738 seconds
probability of topic_Student_155 is 0.0375838

pgibbs sample time: 0.00174 seconds
probability of topic_Student_12 is 0.161955

pgibbs sample time: 5.9e-05 seconds
probability of topic_Department_22 is 0.105436

pgibbs sample time: 5.8e-05 seconds
probability of topic_Department_66 is 0.105425

pgibbs sample time: 5.5e-05 seconds
probability of topic_Staff_34 is 0.15723

pgibbs sample time: 0.000455 seconds
probability of topic_Course_42 is 0.035631

pgibbs sample time: 0.000975 seconds
probability of topic_Faculty_209 is 0.117704

pgibbs sample time: 0.000974 seconds
probability of topic_Faculty_33 is 0.174436

pgibbs sample time: 0.00098 seconds
probability of topic_Department_33 is 0.352508

pgibbs sample time: 0.000375 seconds
probability of topic_Course_31 is 0.0800749

pgibbs sample time: 5.7e-05 seconds
probability of topic_Faculty_37 is 0.0854832

pgibbs sample time: 0.000457 seconds
probability of topic_Faculty_4 is 0.151686

pgibbs sample time: 5.7e-05 seconds
probability of topic_Faculty_46 is 0.0755157

pgibbs sample time: 0.001111 seconds
probability of topic_Faculty_48 is 0.105963

pgibbs sample time: 0.00098 seconds
probability of topic_Department_209 is 0.116464

pgibbs sample time: 7.2e-05 seconds
probability of topic_Faculty_14 is 0.0992434

pgibbs sample time: 5.5e-05 seconds
probability of topic_Staff_16 is 0.138436

pgibbs sample time: 0.00169 seconds
probability of topic_Student_114 is 0.13696

pgibbs sample time: 0.001267 seconds
probability of topic_Course_48 is 0.0966295

pgibbs sample time: 0.001695 seconds
probability of topic_Student_217 is 0.0829369

pgibbs sample time: 0.000225 seconds
probability of topic_Person_49 is 0.134469

pgibbs sample time: 5.5e-05 seconds
probability of topic_Course_9 is 0.0967018

pgibbs sample time: 0.00036 seconds
probability of topic_Faculty_92 is 0.118765

pgibbs sample time: 0.001758 seconds
probability of topic_Faculty_133 is 0.126888

pgibbs sample time: 5.8e-05 seconds
probability of topic_Department_84 is 0.0857344

pgibbs sample time: 5.7e-05 seconds
probability of topic_Faculty_83 is 0.11006

pgibbs sample time: 8.7e-05 seconds
probability of topic_Staff_63 is 0.0597307

pgibbs sample time: 5.6e-05 seconds
probability of topic_Person_98 is 0.143162

pgibbs sample time: 0.000264 seconds
probability of topic_Faculty_25 is 0.0688121

pgibbs sample time: 7.1e-05 seconds
probability of topic_ResearchProject_5 is 0.0812616

pgibbs sample time: 0.00176 seconds
probability of topic_Person_18 is 0.0808748

pgibbs sample time: 0.001697 seconds
probability of topic_Student_54 is 0.120525

pgibbs sample time: 6.9e-05 seconds
probability of topic_Course_14 is 0.160244

pgibbs sample time: 0.000962 seconds
probability of topic_Person_36 is 0.0784437

pgibbs sample time: 5.7e-05 seconds
probability of topic_ResearchProject_99 is 0.138305

pgibbs sample time: 0.000443 seconds
probability of topic_Department_4 is 0.0918279

pgibbs sample time: 0.000102 seconds
probability of topic_ResearchProject_63 is 0.20044

pgibbs sample time: 0.001691 seconds
probability of topic_Student_156 is 0.102859

pgibbs sample time: 0.001477 seconds
probability of topic_Course_54 is 0.124041

pgibbs sample time: 0.001146 seconds
probability of topic_ResearchProject_29 is 0.0854391

pgibbs sample time: 0.001312 seconds
probability of topic_Faculty_29 is 0.0940613

pgibbs sample time: 0.000543 seconds
probability of topic_Course_30 is 0.0743862

pgibbs sample time: 0.001587 seconds
probability of topic_Staff_2 is 0.100553

pgibbs sample time: 0.001284 seconds
probability of topic_Student_28 is 0.125006

pgibbs sample time: 0.000264 seconds
probability of topic_Faculty_20 is 0.132973

pgibbs sample time: 0.00042 seconds
probability of topic_Person_10 is 0.129875

pgibbs sample time: 0.001274 seconds
probability of topic_ResearchProject_48 is 0.39665

pgibbs sample time: 8.4e-05 seconds
probability of topic_Faculty_69 is 0.12219

pgibbs sample time: 0.000101 seconds
probability of topic_Faculty_63 is 0.0936693

pgibbs sample time: 0.000544 seconds
probability of topic_Course_125 is 0.0981016

pgibbs sample time: 0.00011 seconds
probability of topic_Staff_32 is 0.0937464

pgibbs sample time: 0.001172 seconds
probability of topic_Person_258 is 0.117397

pgibbs sample time: 0.001102 seconds
probability of topic_Department_164 is 0.0770502

pgibbs sample time: 0.001123 seconds
probability of topic_Course_106 is 0.117628

pgibbs sample time: 0.001123 seconds
probability of topic_Course_118 is 0.0778205

pgibbs sample time: 5.7e-05 seconds
probability of topic_Faculty_38 is 0.101237

pgibbs sample time: 0.001115 seconds
probability of topic_Course_41 is 0.0681369

pgibbs sample time: 0.000284 seconds
probability of topic_Student_145 is 0.118053

pgibbs sample time: 0.001702 seconds
probability of topic_Staff_12 is 0.110704

pgibbs sample time: 5.7e-05 seconds
probability of topic_Staff_79 is 0.149378

pgibbs sample time: 0.000493 seconds
probability of topic_Course_186 is 0.119792

pgibbs sample time: 5.8e-05 seconds
probability of topic_Person_39 is 0.0813615

pgibbs sample time: 0.000206 seconds
probability of topic_Staff_55 is 0.0981229

pgibbs sample time: 5.8e-05 seconds
probability of topic_Person_40 is 0.108938

pgibbs sample time: 5.8e-05 seconds
probability of topic_Person_70 is 0.0970152

pgibbs sample time: 0.000549 seconds
probability of topic_Person_136 is 0.126418

pgibbs sample time: 0.001839 seconds
probability of topic_Department_12 is 0.164299

pgibbs sample time: 0.000102 seconds
probability of topic_Course_52 is 0.0858677

pgibbs sample time: 0.001772 seconds
probability of topic_Department_24 is 0.125435

pgibbs sample time: 0.000267 seconds
probability of topic_Faculty_81 is 0.102006

pgibbs sample time: 0.0001 seconds
probability of topic_Student_94 is 0.185041

pgibbs sample time: 0.001763 seconds
probability of topic_Department_199 is 0.0802575

pgibbs sample time: 9.6e-05 seconds
probability of topic_Course_94 is 0.0353004

pgibbs sample time: 0.001273 seconds
probability of topic_Department_89 is 0.0977953

pgibbs sample time: 0.00098 seconds
probability of topic_Person_115 is 0.0901205

pgibbs sample time: 5.8e-05 seconds
probability of topic_Course_43 is 0.100844

pgibbs sample time: 5.5e-05 seconds
probability of topic_Person_34 is 0.19909

pgibbs sample time: 0.000273 seconds
probability of topic_Student_116 is 0.0926925

pgibbs sample time: 0.000265 seconds
probability of topic_Department_20 is 0.114369

pgibbs sample time: 0.001756 seconds
probability of topic_Person_199 is 0.134951

pgibbs sample time: 0.000371 seconds
probability of topic_Course_87 is 0.0710556

pgibbs sample time: 0.001758 seconds
probability of topic_Faculty_24 is 0.115284

pgibbs sample time: 0.000298 seconds
probability of topic_Staff_116 is 0.10819

pgibbs sample time: 0.000297 seconds
probability of topic_Staff_93 is 0.127052

pgibbs sample time: 7.2e-05 seconds
probability of topic_Student_88 is 0.213097

pgibbs sample time: 0.000344 seconds
probability of topic_Staff_120 is 0.162442

pgibbs sample time: 0.001519 seconds
probability of topic_Person_114 is 0.129664

pgibbs sample time: 0.001522 seconds
probability of topic_Person_156 is 0.125453

pgibbs sample time: 0.000988 seconds
probability of topic_ResearchProject_172 is 0.102028

pgibbs sample time: 0.000463 seconds
probability of topic_Person_105 is 0.076088

pgibbs sample time: 0.001516 seconds
probability of topic_Person_126 is 0.178324

pgibbs sample time: 0.000231 seconds
probability of topic_Student_55 is 0.13371

pgibbs sample time: 0.000451 seconds
probability of topic_ResearchProject_67 is 0.102242

pgibbs sample time: 0.001504 seconds
probability of topic_Faculty_59 is 0.106541

pgibbs sample time: 0.001093 seconds
probability of topic_ResearchProject_72 is 0.0891137

pgibbs sample time: 0.000444 seconds
probability of topic_Student_67 is 0.121899

pgibbs sample time: 0.00026 seconds
probability of topic_Course_145 is 0.136447

pgibbs sample time: 0.000416 seconds
probability of topic_Staff_42 is 0.177641

pgibbs sample time: 0.001807 seconds
probability of topic_Course_157 is 0.0706855

pgibbs sample time: 0.000986 seconds
probability of topic_Person_72 is 0.143657

pgibbs sample time: 0.000979 seconds
probability of topic_Student_164 is 0.164122

pgibbs sample time: 0.000448 seconds
probability of topic_Person_134 is 0.117959

pgibbs sample time: 0.000977 seconds
probability of topic_Student_209 is 0.165914

pgibbs sample time: 0.000115 seconds
probability of topic_Faculty_52 is 0.185607

pgibbs sample time: 0.001231 seconds
probability of topic_Staff_78 is 0.226096

pgibbs sample time: 0.000267 seconds
probability of topic_Faculty_116 is 0.0965373

pgibbs sample time: 0.000358 seconds
probability of topic_Department_134 is 0.0847092

pgibbs sample time: 5.6e-05 seconds
probability of topic_Person_84 is 0.0971429

pgibbs sample time: 5.4e-05 seconds
probability of topic_Student_1 is 0.0679965

pgibbs sample time: 0.000483 seconds
probability of topic_Department_61 is 0.0607233

pgibbs sample time: 0.00141 seconds
probability of topic_Faculty_50 is 0.120196

pgibbs sample time: 0.001839 seconds
probability of topic_Student_126 is 0.189981

pgibbs sample time: 0.000103 seconds
probability of topic_Student_52 is 0.0862561

pgibbs sample time: 0.000479 seconds
probability of topic_Course_61 is 0.0985688

pgibbs sample time: 0.000263 seconds
probability of topic_Department_17 is 0.0595318

pgibbs sample time: 0.001758 seconds
probability of topic_Faculty_12 is 0.144918

pgibbs sample time: 0.000232 seconds
probability of topic_Course_65 is 0.133734

pgibbs sample time: 0.001511 seconds
probability of topic_Person_59 is 0.144012

pgibbs sample time: 0.000231 seconds
probability of topic_Person_119 is 0.11357

pgibbs sample time: 7.1e-05 seconds
probability of topic_Person_53 is 0.125778

pgibbs sample time: 0.00038 seconds
probability of topic_Department_87 is 0.107054

pgibbs sample time: 5.7e-05 seconds
probability of topic_Faculty_71 is 0.123567

pgibbs sample time: 5.5e-05 seconds
probability of topic_Course_44 is 0.115773

pgibbs sample time: 8.4e-05 seconds
probability of topic_Department_69 is 0.0938057

pgibbs sample time: 0.000461 seconds
probability of topic_Student_58 is 0.0834646

pgibbs sample time: 0.001769 seconds
probability of topic_Department_2 is 0.108137

pgibbs sample time: 0.001154 seconds
probability of topic_Faculty_72 is 0.162844

pgibbs sample time: 0.000508 seconds
probability of topic_Student_8 is 0.13391

pgibbs sample time: 5.8e-05 seconds
probability of topic_Department_95 is 0.117157

pgibbs sample time: 0.000769 seconds
probability of topic_Staff_36 is 0.0744507

pgibbs sample time: 5.7e-05 seconds
probability of topic_Student_96 is 0.0934493

pgibbs sample time: 5.6e-05 seconds
probability of topic_Faculty_96 is 0.105459

pgibbs sample time: 0.00125 seconds
probability of topic_Course_29 is 0.232355

pgibbs sample time: 7e-05 seconds
probability of topic_Person_51 is 0.113927

pgibbs sample time: 0.000192 seconds
probability of topic_Course_55 is 0.0935906

pgibbs sample time: 7.2e-05 seconds
probability of topic_Student_64 is 0.0845405

pgibbs sample time: 0.000976 seconds
probability of topic_Faculty_36 is 0.094314

pgibbs sample time: 5.8e-05 seconds
probability of topic_Student_40 is 0.109533

pgibbs sample time: 7.1e-05 seconds
probability of topic_Student_68 is 0.0661826

pgibbs sample time: 0.000236 seconds
probability of topic_Course_187 is 0.14936

pgibbs sample time: 0.001122 seconds
probability of topic_Course_72 is 0.0796128

pgibbs sample time: 0.000236 seconds
probability of topic_Course_13 is 0.103043

pgibbs sample time: 0.000506 seconds
probability of topic_Course_110 is 0.106992

pgibbs sample time: 7.2e-05 seconds
probability of topic_Department_21 is 0.0973049

pgibbs sample time: 0.000213 seconds
probability of topic_ResearchProject_55 is 0.0797653

pgibbs sample time: 0.001174 seconds
probability of topic_Person_180 is 0.168923

pgibbs sample time: 7.2e-05 seconds
probability of topic_Student_53 is 0.0953338

pgibbs sample time: 0.001167 seconds
probability of topic_Person_89 is 0.112873

pgibbs sample time: 9.8e-05 seconds
probability of topic_Staff_52 is 0.111287

pgibbs sample time: 0.000523 seconds
probability of topic_Staff_125 is 0.128589

pgibbs sample time: 0.000442 seconds
probability of topic_Department_168 is 0.113277

pgibbs sample time: 0.000387 seconds
probability of topic_ResearchProject_87 is 0.0877373

pgibbs sample time: 5.7e-05 seconds
probability of topic_Department_99 is 0.0873436

pgibbs sample time: 0.000222 seconds
probability of topic_Course_73 is 0.0871068

pgibbs sample time: 0.000114 seconds
probability of topic_Student_32 is 0.250066

pgibbs sample time: 0.00046 seconds
probability of topic_ResearchProject_168 is 0.0978239

pgibbs sample time: 0.000389 seconds
probability of topic_ResearchProject_11 is 0.0750953

pgibbs sample time: 5.7e-05 seconds
probability of topic_Course_40 is 0.0854307

pgibbs sample time: 5.7e-05 seconds
probability of topic_Faculty_39 is 0.103209

pgibbs sample time: 5.4e-05 seconds
probability of topic_Staff_90 is 0.171014

pgibbs sample time: 0.001776 seconds
probability of topic_Department_169 is 0.332653

pgibbs sample time: 5.7e-05 seconds
probability of topic_ResearchProject_34 is 0.0829609

pgibbs sample time: 6.8e-05 seconds
probability of topic_Student_5 is 0.122128

pgibbs sample time: 0.000977 seconds
probability of topic_Person_118 is 0.155537

pgibbs sample time: 0.001175 seconds
probability of topic_Person_48 is 0.122716

pgibbs sample time: 5.9e-05 seconds
probability of topic_Department_86 is 0.0886948

pgibbs sample time: 0.000552 seconds
probability of topic_ResearchProject_30 is 0.107828

pgibbs sample time: 0.000976 seconds
probability of topic_Person_172 is 0.123558

pgibbs sample time: 7.2e-05 seconds
probability of topic_ResearchProject_53 is 0.114964

pgibbs sample time: 0.001283 seconds
probability of topic_ResearchProject_50 is 0.0921414

pgibbs sample time: 0.001261 seconds
probability of topic_Course_102 is 0.103584

pgibbs sample time: 5.8e-05 seconds
probability of topic_Faculty_62 is 0.116539

pgibbs sample time: 0.00026 seconds
probability of topic_Person_116 is 0.0742613

pgibbs sample time: 0.001118 seconds
probability of topic_Faculty_180 is 0.219257

pgibbs sample time: 0.000544 seconds
probability of topic_Course_136 is 0.100972

pgibbs sample time: 6.9e-05 seconds
probability of topic_Staff_69 is 0.0941726

pgibbs sample time: 0.001268 seconds
probability of topic_Course_258 is 0.09927

pgibbs sample time: 5.7e-05 seconds
probability of topic_ResearchProject_75 is 0.117541

pgibbs sample time: 0.001246 seconds
probability of topic_Staff_28 is 0.118073

pgibbs sample time: 0.000458 seconds
probability of topic_Department_105 is 0.149336

pgibbs sample time: 0.000505 seconds
probability of topic_Person_130 is 0.11817

pgibbs sample time: 0.000522 seconds
probability of topic_Staff_136 is 0.104403

pgibbs sample time: 0.000443 seconds
probability of topic_Department_111 is 0.0382538

pgibbs sample time: 7.2e-05 seconds
probability of topic_ResearchProject_68 is 0.0500277

pgibbs sample time: 5.7e-05 seconds
probability of topic_Student_85 is 0.118354

pgibbs sample time: 5.6e-05 seconds
probability of topic_Person_38 is 0.0693648

pgibbs sample time: 0.001764 seconds
probability of topic_Faculty_169 is 0.161184

pgibbs sample time: 0.000308 seconds
probability of topic_ResearchProject_93 is 0.0942936

pgibbs sample time: 0.00045 seconds
probability of topic_Faculty_168 is 0.0868743

pgibbs sample time: 5.6e-05 seconds
probability of topic_Staff_82 is 0.0802927

pgibbs sample time: 0.001592 seconds
probability of topic_Staff_199 is 0.10575

pgibbs sample time: 7.3e-05 seconds
probability of topic_ResearchProject_64 is 0.0838679

pgibbs sample time: 0.000506 seconds
probability of topic_Course_8 is 0.113777

pgibbs sample time: 0.000232 seconds
probability of topic_Person_65 is 0.111441

pgibbs sample time: 0.00048 seconds
probability of topic_ResearchProject_105 is 0.107261

pgibbs sample time: 0.001483 seconds
probability of topic_Staff_3 is 0.132621

pgibbs sample time: 0.000257 seconds
probability of topic_Faculty_145 is 0.115944

pgibbs sample time: 0.001507 seconds
probability of topic_Faculty_217 is 0.114502

pgibbs sample time: 6.8e-05 seconds
probability of topic_Staff_15 is 0.0907919

pgibbs sample time: 0.001259 seconds
probability of topic_Course_50 is 0.101427

pgibbs sample time: 0.000509 seconds
probability of topic_Faculty_125 is 0.123907

pgibbs sample time: 0.001247 seconds
probability of topic_Staff_50 is 0.104055

pgibbs sample time: 0.001299 seconds
probability of topic_Department_29 is 0.0753669

pgibbs sample time: 6.9e-05 seconds
probability of topic_Person_15 is 0.127201

pgibbs sample time: 0.00038 seconds
probability of topic_Department_35 is 0.076093

pgibbs sample time: 0.001638 seconds
probability of topic_ResearchProject_169 is 0.154163

pgibbs sample time: 0.000226 seconds
probability of topic_Person_55 is 0.147227

pgibbs sample time: 0.000398 seconds
probability of topic_Person_57 is 0.121618

pgibbs sample time: 0.001094 seconds
probability of topic_Student_33 is 0.0646038

pgibbs sample time: 0.001179 seconds
probability of topic_Course_209 is 0.230266

pgibbs sample time: 5.6e-05 seconds
probability of topic_Course_6 is 0.11351

pgibbs sample time: 0.000257 seconds
probability of topic_ResearchProject_81 is 0.101823

pgibbs sample time: 0.00047 seconds
probability of topic_Student_186 is 0.0995903

pgibbs sample time: 0.000443 seconds
probability of topic_Student_134 is 0.126014

pgibbs sample time: 0.000231 seconds
probability of topic_Person_13 is 0.0756883

pgibbs sample time: 0.001213 seconds
probability of topic_Student_48 is 0.0490798

pgibbs sample time: 5.7e-05 seconds
probability of topic_Course_39 is 0.167675

pgibbs sample time: 7e-05 seconds
probability of topic_Course_79 is 0.13128

pgibbs sample time: 0.001754 seconds
probability of topic_Student_169 is 0.0731027

pgibbs sample time: 0.000101 seconds
probability of topic_ResearchProject_94 is 0.0308505

pgibbs sample time: 0.001798 seconds
probability of topic_Course_24 is 0.158121

pgibbs sample time: 0.000238 seconds
probability of topic_Department_55 is 0.124672

pgibbs sample time: 8.6e-05 seconds
probability of topic_ResearchProject_69 is 0.061071

pgibbs sample time: 0.001101 seconds
probability of topic_Department_36 is 0.0955743

pgibbs sample time: 0.000552 seconds
probability of topic_ResearchProject_125 is 0.113769

pgibbs sample time: 5.5e-05 seconds
probability of topic_Person_80 is 0.113662

pgibbs sample time: 0.001078 seconds
probability of topic_Course_164 is 0.115104

pgibbs sample time: 0.001081 seconds
probability of topic_Course_172 is 0.0943735

pgibbs sample time: 0.001251 seconds
probability of topic_Staff_29 is 0.128005

pgibbs sample time: 5.8e-05 seconds
probability of topic_Student_62 is 0.242094

pgibbs sample time: 0.001759 seconds
probability of topic_Person_2 is 0.0549044

pgibbs sample time: 5.7e-05 seconds
probability of topic_Staff_99 is 0.096097

pgibbs sample time: 0.00047 seconds
probability of topic_Student_105 is 0.0766538

pgibbs sample time: 0.001079 seconds
probability of topic_Course_36 is 0.0584787

pgibbs sample time: 0.001238 seconds
probability of topic_Staff_180 is 0.177451

pgibbs sample time: 0.001109 seconds
probability of topic_Staff_41 is 0.0870893

pgibbs sample time: 0.000511 seconds
probability of topic_Faculty_8 is 0.119334

pgibbs sample time: 0.001171 seconds
probability of topic_Department_115 is 0.0975044

pgibbs sample time: 0.000233 seconds
probability of topic_Faculty_19 is 0.0759946

pgibbs sample time: 0.000524 seconds
probability of topic_Staff_30 is 0.12504

pgibbs sample time: 0.000237 seconds
probability of topic_Faculty_65 is 0.0615407

pgibbs sample time: 0.001507 seconds
probability of topic_Faculty_156 is 0.129757

pgibbs sample time: 5.8e-05 seconds
probability of topic_ResearchProject_82 is 0.103724

pgibbs sample time: 0.000512 seconds
probability of topic_Faculty_110 is 0.103391

pgibbs sample time: 0.000278 seconds
probability of topic_Person_25 is 0.0938703

pgibbs sample time: 0.000283 seconds
probability of topic_Student_231 is 0.13996

pgibbs sample time: 0.000195 seconds
probability of topic_Staff_73 is 0.164249

pgibbs sample time: 5.5e-05 seconds
probability of topic_Staff_98 is 0.0945649

pgibbs sample time: 0.000439 seconds
probability of topic_Student_35 is 0.361255

pgibbs sample time: 5.5e-05 seconds
probability of topic_Course_74 is 0.0872788

pgibbs sample time: 5.7e-05 seconds
probability of topic_Course_84 is 0.11049

pgibbs sample time: 0.000544 seconds
probability of topic_Student_125 is 0.154679

pgibbs sample time: 5.6e-05 seconds
probability of topic_Course_71 is 0.0991188

pgibbs sample time: 0.001283 seconds
probability of topic_ResearchProject_180 is 0.221645

pgibbs sample time: 0.001551 seconds
probability of topic_Department_126 is 0.0912595

pgibbs sample time: 5.6e-05 seconds
probability of topic_Course_21 is 0.0854307

pgibbs sample time: 6.9e-05 seconds
probability of topic_Staff_14 is 0.122535

pgibbs sample time: 0.0001 seconds
probability of topic_Course_63 is 0.0726337

pgibbs sample time: 0.000228 seconds
probability of topic_Faculty_49 is 0.126495

pgibbs sample time: 0.001093 seconds
probability of topic_ResearchProject_118 is 0.104697

pgibbs sample time: 5.8e-05 seconds
probability of topic_Department_80 is 0.106577

pgibbs sample time: 5.6e-05 seconds
probability of topic_Person_44 is 0.139832

pgibbs sample time: 0.000457 seconds
probability of topic_ResearchProject_61 is 0.114991

pgibbs sample time: 5.6e-05 seconds
probability of topic_Course_51 is 0.0854307

pgibbs sample time: 0.00123 seconds
probability of topic_ResearchProject_217 is 0.149898

pgibbs sample time: 0.00129 seconds
probability of topic_Department_48 is 0.127132

pgibbs sample time: 0.000503 seconds
probability of topic_Person_30 is 0.124462

pgibbs sample time: 0.000548 seconds
probability of topic_Student_136 is 0.126442

pgibbs sample time: 7.2e-05 seconds
probability of topic_Faculty_27 is 0.118691

pgibbs sample time: 0.000101 seconds
probability of topic_ResearchProject_25 is 0.133772

pgibbs sample time: 0.000221 seconds
probability of topic_Staff_49 is 0.122559

pgibbs sample time: 0.000451 seconds
probability of topic_Faculty_11 is 0.158246

pgibbs sample time: 0.000552 seconds
probability of topic_Department_125 is 0.104019

pgibbs sample time: 0.000457 seconds
probability of topic_Department_186 is 0.0916393

pgibbs sample time: 0.001235 seconds
probability of topic_ResearchProject_156 is 0.104871

pgibbs sample time: 9.9e-05 seconds
probability of topic_ResearchProject_52 is 0.096784

pgibbs sample time: 0.000285 seconds
probability of topic_Student_25 is 0.0832152

pgibbs sample time: 7e-05 seconds
probability of topic_Staff_27 is 0.157171

pgibbs sample time: 0.000407 seconds
probability of topic_Person_61 is 0.14359

pgibbs sample time: 0.00047 seconds
probability of topic_ResearchProject_58 is 0.160726

pgibbs sample time: 0.001287 seconds
probability of topic_Department_180 is 0.239159

pgibbs sample time: 0.000772 seconds
probability of topic_Staff_209 is 0.161345

pgibbs sample time: 5.8e-05 seconds
probability of topic_ResearchProject_74 is 0.0931433

pgibbs sample time: 0.001112 seconds
probability of topic_Staff_118 is 0.109129

pgibbs sample time: 7.2e-05 seconds
probability of topic_Student_27 is 0.114586

pgibbs sample time: 7.1e-05 seconds
probability of topic_Department_27 is 0.197282

pgibbs sample time: 0.000385 seconds
probability of topic_Department_120 is 0.209193

pgibbs sample time: 5.7e-05 seconds
probability of topic_Student_43 is 0.104502

pgibbs sample time: 0.000444 seconds
probability of topic_Course_57 is 0.129178

pgibbs sample time: 0.000987 seconds
probability of topic_Faculty_164 is 0.148928

pgibbs sample time: 0.000414 seconds
probability of topic_Department_11 is 0.122731

pgibbs sample time: 0.000475 seconds
probability of topic_Student_42 is 0.142004

pgibbs sample time: 0.001161 seconds
probability of topic_Faculty_174 is 0.184118

pgibbs sample time: 0.000235 seconds
probability of topic_Department_73 is 0.102085

pgibbs sample time: 5.8e-05 seconds
probability of topic_ResearchProject_46 is 0.0867993

pgibbs sample time: 0.000472 seconds
probability of topic_ResearchProject_111 is 0.100543

pgibbs sample time: 0.001158 seconds
probability of topic_Faculty_118 is 0.0748395

pgibbs sample time: 0.001275 seconds
probability of topic_Course_89 is 0.123397

pgibbs sample time: 0.000443 seconds
probability of topic_Person_11 is 0.148659

pgibbs sample time: 5.5e-05 seconds
probability of topic_Course_27 is 0.105222

pgibbs sample time: 0.000472 seconds
probability of topic_ResearchProject_4 is 0.0733219

pgibbs sample time: 0.001154 seconds
probability of topic_Student_106 is 0.12283

pgibbs sample time: 5.6e-05 seconds
probability of topic_Person_16 is 0.113162

pgibbs sample time: 0.001665 seconds
probability of topic_Staff_217 is 0.113293

pgibbs sample time: 8.7e-05 seconds
probability of topic_Department_76 is 0.091908

pgibbs sample time: 0.000369 seconds
probability of topic_Course_10 is 0.108434

pgibbs sample time: 0.001766 seconds
probability of topic_Faculty_2 is 0.0714712

pgibbs sample time: 5.8e-05 seconds
probability of topic_Course_96 is 0.0823311

pgibbs sample time: 7.2e-05 seconds
probability of topic_ResearchProject_88 is 0.0691382

pgibbs sample time: 5.8e-05 seconds
probability of topic_Staff_40 is 0.0900833

pgibbs sample time: 6.9e-05 seconds
probability of topic_Course_64 is 0.0648578

pgibbs sample time: 9.8e-05 seconds
probability of topic_Staff_94 is 0.0124764

pgibbs sample time: 5.7e-05 seconds
probability of topic_Student_56 is 0.0801102

pgibbs sample time: 5.7e-05 seconds
probability of topic_Department_14 is 0.108893

pgibbs sample time: 8.3e-05 seconds
probability of topic_Person_69 is 0.136694

pgibbs sample time: 0.000346 seconds
probability of topic_Staff_31 is 0.110603

pgibbs sample time: 0.000285 seconds
probability of topic_Student_17 is 0.105893

pgibbs sample time: 0.000378 seconds
probability of topic_Course_120 is 0.115294

pgibbs sample time: 0.000263 seconds
probability of topic_Department_145 is 0.0933067

pgibbs sample time: 5.7e-05 seconds
probability of topic_ResearchProject_70 is 0.0827269

pgibbs sample time: 9.7e-05 seconds
probability of topic_Person_63 is 0.0482883

pgibbs sample time: 0.000382 seconds
probability of topic_Student_87 is 0.155957

pgibbs sample time: 0.000111 seconds
probability of topic_Course_32 is 0.0930768

pgibbs sample time: 0.001211 seconds
probability of topic_Student_78 is 0.0848936

pgibbs sample time: 0.001774 seconds
probability of topic_Faculty_199 is 0.109344

pgibbs sample time: 7.2e-05 seconds
probability of topic_Student_76 is 0.12253

pgibbs sample time: 6.9e-05 seconds
probability of topic_Person_79 is 0.132402

pgibbs sample time: 7e-05 seconds
probability of topic_Department_88 is 0.138107

pgibbs sample time: 0.001554 seconds
probability of topic_Department_3 is 0.110758

pgibbs sample time: 0.00025 seconds
probability of topic_Staff_35 is 0.112163

pgibbs sample time: 5.7e-05 seconds
probability of topic_Department_82 is 0.0858202

pgibbs sample time: 0.001115 seconds
probability of topic_Staff_102 is 0.138423

pgibbs sample time: 0.000278 seconds
probability of topic_Person_231 is 0.146716

pgibbs sample time: 0.00043 seconds
probability of topic_Person_58 is 0.111491

pgibbs sample time: 5.6e-05 seconds
probability of topic_Student_9 is 0.101492

pgibbs sample time: 7.1e-05 seconds
probability of topic_Student_79 is 0.0795277

pgibbs sample time: 5.6e-05 seconds
probability of topic_Course_80 is 0.0872788

pgibbs sample time: 5.4e-05 seconds
probability of topic_Person_95 is 0.105599

pgibbs sample time: 0.000385 seconds
probability of topic_Department_57 is 0.140108

pgibbs sample time: 0.000987 seconds
probability of topic_ResearchProject_36 is 0.113132

pgibbs sample time: 5.6e-05 seconds
probability of topic_Course_98 is 0.0708754

pgibbs sample time: 0.000511 seconds
probability of topic_Faculty_130 is 0.123644

pgibbs sample time: 0.000434 seconds
probability of topic_Person_31 is 0.180469

pgibbs sample time: 0.000455 seconds
probability of topic_ResearchProject_57 is 0.124402

pgibbs sample time: 0.001282 seconds
probability of topic_Person_29 is 0.147954

pgibbs sample time: 5.6e-05 seconds
probability of topic_Staff_37 is 0.0948402

pgibbs sample time: 5.6e-05 seconds
probability of topic_Course_99 is 0.167675

pgibbs sample time: 0.000288 seconds
probability of topic_ResearchProject_19 is 0.132914

pgibbs sample time: 0.001699 seconds
probability of topic_Student_59 is 0.173066

pgibbs sample time: 6.2e-05 seconds
probability of topic_Staff_9 is 0.11146

pgibbs sample time: 0.001234 seconds
probability of topic_ResearchProject_59 is 0.106677

pgibbs sample time: 0.001299 seconds
probability of topic_Student_50 is 0.195058

pgibbs sample time: 0.000378 seconds
probability of topic_Department_10 is 0.0966653

pgibbs sample time: 0.001556 seconds
probability of topic_Department_156 is 0.120912

pgibbs sample time: 5.7e-05 seconds
probability of topic_Person_83 is 0.124497

pgibbs sample time: 0.001279 seconds
probability of topic_Person_28 is 0.098035

pgibbs sample time: 9.8e-05 seconds
probability of topic_Person_47 is 0.0323841

pgibbs sample time: 0.00115 seconds
probability of topic_ResearchProject_28 is 0.10765

pgibbs sample time: 0.001644 seconds
probability of topic_ResearchProject_133 is 0.123664

pgibbs sample time: 0.00046 seconds
probability of topic_Department_42 is 0.196188

pgibbs sample time: 7.1e-05 seconds
probability of topic_Person_22 is 0.151959

pgibbs sample time: 5.8e-05 seconds
probability of topic_ResearchProject_66 is 0.0906498

pgibbs sample time: 0.001131 seconds
probability of topic_Faculty_45 is 0.0866464

pgibbs sample time: 0.000229 seconds
probability of topic_Staff_65 is 0.0828259

pgibbs sample time: 0.000877 seconds
probability of topic_Staff_172 is 0.103191

pgibbs sample time: 7.3e-05 seconds
probability of topic_ResearchProject_27 is 0.0851449

pgibbs sample time: 0.000234 seconds
probability of topic_Student_49 is 0.154937

pgibbs sample time: 5.4e-05 seconds
probability of topic_Staff_95 is 0.0987521

pgibbs sample time: 0.000274 seconds
probability of topic_Student_93 is 0.0376121

pgibbs sample time: 7.1e-05 seconds
probability of topic_ResearchProject_22 is 0.0664064

pgibbs sample time: 0.001156 seconds
probability of topic_Faculty_115 is 0.108083

pgibbs sample time: 7.2e-05 seconds
probability of topic_Department_64 is 0.0758747

pgibbs sample time: 0.001644 seconds
probability of topic_ResearchProject_12 is 0.0607439

pgibbs sample time: 0.000446 seconds
probability of topic_Faculty_61 is 0.105002

pgibbs sample time: 0.00011 seconds
probability of topic_Course_7 is 0.111824

pgibbs sample time: 0.001273 seconds
probability of topic_Course_45 is 0.0921709

pgibbs sample time: 0.000436 seconds
probability of topic_Course_67 is 0.0953916

pgibbs sample time: 0.000261 seconds
probability of topic_Course_17 is 0.060067

pgibbs sample time: 0.000361 seconds
probability of topic_Faculty_31 is 0.131771

pgibbs sample time: 0.000114 seconds
probability of topic_Department_7 is 0.108818

pgibbs sample time: 7.2e-05 seconds
probability of topic_Department_68 is 0.0790022

pgibbs sample time: 6.9e-05 seconds
probability of topic_Person_64 is 0.0858528

pgibbs sample time: 5.8e-05 seconds
probability of topic_ResearchProject_83 is 0.107837

pgibbs sample time: 0.001213 seconds
probability of topic_Student_91 is 0.0936413

pgibbs sample time: 0.000382 seconds
probability of topic_ResearchProject_35 is 0.0790691

pgibbs sample time: 0.000254 seconds
probability of topic_Student_20 is 0.0925456

pgibbs sample time: 0.001134 seconds
probability of topic_Course_115 is 0.214974

pgibbs sample time: 7.2e-05 seconds
probability of topic_ResearchProject_51 is 0.0926599

pgibbs sample time: 0.000377 seconds
probability of topic_Faculty_35 is 0.126327

pgibbs sample time: 7.1e-05 seconds
probability of topic_Staff_68 is 0.0637812

pgibbs sample time: 0.001114 seconds
probability of topic_Staff_174 is 0.102693

pgibbs sample time: 0.000548 seconds
probability of topic_Department_136 is 0.123269

pgibbs sample time: 0.001325 seconds
probability of topic_Faculty_28 is 0.123984

pgibbs sample time: 8.2e-05 seconds
probability of topic_Person_7 is 0.122427

pgibbs sample time: 0.001096 seconds
probability of topic_ResearchProject_41 is 0.0994575

pgibbs sample time: 0.000377 seconds
probability of topic_Course_92 is 0.0914139

pgibbs sample time: 5.9e-05 seconds
probability of topic_Student_21 is 0.0997967

pgibbs sample time: 0.000308 seconds
probability of topic_ResearchProject_116 is 0.127783

pgibbs sample time: 5.8e-05 seconds
probability of topic_Department_43 is 0.105792

pgibbs sample time: 7e-05 seconds
probability of topic_Course_97 is 0.140724

pgibbs sample time: 5.8e-05 seconds
probability of topic_Faculty_86 is 0.0895212

pgibbs sample time: 0.00023 seconds
probability of topic_Staff_119 is 0.157999

pgibbs sample time: 5.6e-05 seconds
probability of topic_Department_40 is 0.105436

pgibbs sample time: 0.001243 seconds
probability of topic_Staff_48 is 0.165426

pgibbs sample time: 0.000506 seconds
probability of topic_Course_130 is 0.12357

pgibbs sample time: 0.001511 seconds
probability of topic_Faculty_54 is 0.123721

pgibbs sample time: 0.001552 seconds
probability of topic_Faculty_3 is 0.152124

pgibbs sample time: 0.000443 seconds
probability of topic_Student_11 is 0.137873

pgibbs sample time: 0.001242 seconds
probability of topic_Staff_89 is 0.125695

pgibbs sample time: 0.001812 seconds
probability of topic_Course_133 is 0.133386

pgibbs sample time: 0.00045 seconds
probability of topic_ResearchProject_134 is 0.11348

pgibbs sample time: 0.000502 seconds
probability of topic_Person_125 is 0.123126

pgibbs sample time: 0.001153 seconds
probability of topic_ResearchProject_102 is 0.103897

pgibbs sample time: 0.000278 seconds
probability of topic_Staff_25 is 0.0717204

pgibbs sample time: 5.8e-05 seconds
probability of topic_Department_46 is 0.107018

pgibbs sample time: 0.001172 seconds
probability of topic_Department_106 is 0.109638

pgibbs sample time: 9.8e-05 seconds
probability of topic_Staff_7 is 0.10911

pgibbs sample time: 0.000277 seconds
probability of topic_Person_17 is 0.117657

pgibbs sample time: 5.7e-05 seconds
probability of topic_Student_44 is 0.129772

pgibbs sample time: 0.000308 seconds
probability of topic_Course_116 is 0.113999

pgibbs sample time: 0.000455 seconds
probability of topic_Course_105 is 0.14641

pgibbs sample time: 5.6e-05 seconds
probability of topic_Staff_46 is 0.0866285

pgibbs sample time: 0.000983 seconds
probability of topic_Student_172 is 0.121564

pgibbs sample time: 0.001119 seconds
probability of topic_Staff_115 is 0.136105

pgibbs sample time: 5.5e-05 seconds
probability of topic_Course_53 is 0.0872788

pgibbs sample time: 0.00023 seconds
probability of topic_Student_73 is 0.1993

pgibbs sample time: 9.7e-05 seconds
probability of topic_Course_47 is 0.135448

pgibbs sample time: 0.000418 seconds
probability of topic_Department_67 is 0.116271

pgibbs sample time: 5.6e-05 seconds
probability of topic_Course_70 is 0.15042

pgibbs sample time: 7e-05 seconds
probability of topic_Faculty_21 is 0.0682181

pgibbs sample time: 0.00051 seconds
probability of topic_Student_110 is 0.135734

pgibbs sample time: 0.000379 seconds
probability of topic_Course_11 is 0.124098

pgibbs sample time: 5.7e-05 seconds
probability of topic_ResearchProject_21 is 0.0913892

pgibbs sample time: 0.000416 seconds
probability of topic_Person_35 is 0.291288

pgibbs sample time: 0.000988 seconds
probability of topic_Faculty_172 is 0.0935067

pgibbs sample time: 5.8e-05 seconds
probability of topic_Department_70 is 0.146444

pgibbs sample time: 0.0011 seconds
probability of topic_ResearchProject_106 is 0.123778

pgibbs sample time: 5.8e-05 seconds
probability of topic_Department_16 is 0.0843164

pgibbs sample time: 0.000484 seconds
probability of topic_ResearchProject_130 is 0.123246

pgibbs sample time: 5.7e-05 seconds
probability of topic_Faculty_74 is 0.0854832

pgibbs sample time: 5.5e-05 seconds
probability of topic_Person_56 is 0.0663138

pgibbs sample time: 0.000486 seconds
probability of topic_Staff_130 is 0.121724

pgibbs sample time: 0.000442 seconds
probability of topic_Student_10 is 0.14306

pgibbs sample time: 0.000237 seconds
probability of topic_ResearchProject_119 is 0.137838

pgibbs sample time: 7.1e-05 seconds
probability of topic_Person_88 is 0.291681

pgibbs sample time: 8.2e-05 seconds
probability of topic_Person_23 is 0.0366537

pgibbs sample time: 0.000488 seconds
probability of topic_ResearchProject_8 is 0.107982

pgibbs sample time: 0.001814 seconds
probability of topic_Course_2 is 0.146785

pgibbs sample time: 5.8e-05 seconds
probability of topic_Department_34 is 0.0720754

pgibbs sample time: 5.6e-05 seconds
probability of topic_Department_37 is 0.106577

pgibbs sample time: 0.001217 seconds
probability of topic_Student_180 is 0.133915

pgibbs sample time: 0.001221 seconds
probability of topic_Student_45 is 0.12446

pgibbs sample time: 0.000377 seconds
probability of topic_Person_120 is 0.126619

pgibbs sample time: 0.001777 seconds
probability of topic_Department_133 is 0.133573

pgibbs sample time: 7.1e-05 seconds
probability of topic_Person_76 is 0.124554

pgibbs sample time: 5.4e-05 seconds
probability of topic_Person_46 is 0.108347

pgibbs sample time: 5.3e-05 seconds
probability of topic_Staff_74 is 0.0948402

pgibbs sample time: 6.7e-05 seconds
probability of topic_Faculty_5 is 0.0823515

pgibbs sample time: 7.2e-05 seconds
probability of topic_ResearchProject_14 is 0.077179

pgibbs sample time: 0.000226 seconds
probability of topic_Person_73 is 0.206352

pgibbs sample time: 0.000262 seconds
probability of topic_Faculty_231 is 0.138206

pgibbs sample time: 5.7e-05 seconds
probability of topic_Staff_39 is 0.096097

pgibbs sample time: 0.000485 seconds
probability of topic_ResearchProject_110 is 0.121438

pgibbs sample time: 0.001808 seconds
probability of topic_Course_169 is 0.121878

pgibbs sample time: 5.9e-05 seconds
probability of topic_Faculty_40 is 0.0798315

pgibbs sample time: 0.001273 seconds
probability of topic_Course_91 is 0.157101

pgibbs sample time: 7.3e-05 seconds
probability of topic_Faculty_64 is 0.0735381

pgibbs sample time: 8.3e-05 seconds
probability of topic_ResearchProject_76 is 0.0954422

pgibbs sample time: 7e-05 seconds
probability of topic_Student_97 is 0.178446

pgibbs sample time: 7.1e-05 seconds
probability of topic_Faculty_15 is 0.0999374

pgibbs sample time: 0.001514 seconds
probability of topic_Faculty_114 is 0.0978239

pgibbs sample time: 0.000279 seconds
probability of topic_Person_145 is 0.0985269

pgibbs sample time: 0.001113 seconds
probability of topic_Department_172 is 0.116342

pgibbs sample time: 9.3e-05 seconds
probability of topic_Person_77 is 0.175718

pgibbs sample time: 0.00178 seconds
probability of topic_Person_169 is 0.173456

pgibbs sample time: 8.4e-05 seconds
probability of topic_Student_69 is 0.166304

pgibbs sample time: 0.001277 seconds
probability of topic_Course_78 is 0.115641

pgibbs sample time: 0.000324 seconds
probability of topic_ResearchProject_120 is 0.109685

pgibbs sample time: 0.001516 seconds
probability of topic_Faculty_126 is 0.102577

pgibbs sample time: 0.001714 seconds
probability of topic_Student_3 is 0.0438653

pgibbs sample time: 0.001779 seconds
probability of topic_Person_12 is 0.166823

pgibbs sample time: 0.00112 seconds
probability of topic_Staff_106 is 0.219639

pgibbs sample time: 0.000458 seconds
probability of topic_Faculty_58 is 0.146332

pgibbs sample time: 0.001302 seconds
probability of topic_Student_29 is 0.151042

pgibbs sample time: 0.000104 seconds
probability of topic_Department_63 is 0.0674953

pgibbs sample time: 7.1e-05 seconds
probability of topic_ResearchProject_79 is 0.0893678

pgibbs sample time: 0.000549 seconds
probability of topic_Department_30 is 0.106881

pgibbs sample time: 0.001674 seconds
probability of topic_Staff_59 is 0.114062

pgibbs sample time: 7.3e-05 seconds
probability of topic_Department_15 is 0.075943

pgibbs sample time: 0.001357 seconds
probability of topic_Person_3 is 0.072505

pgibbs sample time: 5.8e-05 seconds
probability of topic_Student_37 is 0.111963

pgibbs sample time: 7e-05 seconds
probability of topic_Staff_21 is 0.095026

pgibbs sample time: 5.6e-05 seconds
probability of topic_ResearchProject_39 is 0.138305

pgibbs sample time: 0.00036 seconds
probability of topic_Faculty_120 is 0.120217

pgibbs sample time: 7e-05 seconds
probability of topic_Person_68 is 0.0524671

pgibbs sample time: 5.6e-05 seconds
probability of topic_Faculty_75 is 0.112565

pgibbs sample time: 0.000383 seconds
probability of topic_ResearchProject_10 is 0.135389

pgibbs sample time: 0.000234 seconds
probability of topic_Department_19 is 0.167968

pgibbs sample time: 0.001087 seconds
probability of topic_Course_33 is 0.166422

pgibbs sample time: 0.001101 seconds
probability of topic_ResearchProject_174 is 0.11469

pgibbs sample time: 5.8e-05 seconds
probability of topic_Student_66 is 0.109458

pgibbs sample time: 5.5e-05 seconds
probability of topic_Person_86 is 0.118943

pgibbs sample time: 0.000384 seconds
probability of topic_Course_168 is 0.0920823

pgibbs sample time: 0.001272 seconds
probability of topic_Course_180 is 0.11364

pgibbs sample time: 0.0011 seconds
probability of topic_ResearchProject_115 is 0.209281

pgibbs sample time: 0.000462 seconds
probability of topic_Student_111 is 0.186635

pgibbs sample time: 5.7e-05 seconds
probability of topic_ResearchProject_80 is 0.0931433

pgibbs sample time: 5.6e-05 seconds
probability of topic_Staff_83 is 0.108321

pgibbs sample time: 0.001492 seconds
probability of topic_Course_217 is 0.299825

pgibbs sample time: 7e-05 seconds
probability of topic_Department_5 is 0.180984

pgibbs sample time: 0.001645 seconds
probability of topic_ResearchProject_155 is 0.128776

pgibbs sample time: 0.00165 seconds
probability of topic_ResearchProject_157 is 0.13416

pgibbs sample time: 0.001648 seconds
probability of topic_ResearchProject_199 is 0.087788

pgibbs sample time: 0.001649 seconds
probability of topic_ResearchProject_18 is 0.113584

pgibbs sample time: 0.000377 seconds
probability of topic_Faculty_87 is 0.133033

pgibbs sample time: 0.001644 seconds
probability of topic_ResearchProject_24 is 0.114272

pgibbs sample time: 0.001104 seconds
probability of topic_Student_36 is 0.0799755

pgibbs sample time: 0.001774 seconds
probability of topic_Person_155 is 0.0810835

pgibbs sample time: 0.001779 seconds
probability of topic_Person_157 is 0.145479

pgibbs sample time: 5.5e-05 seconds
probability of topic_Course_46 is 0.0842368

pgibbs sample time: 0.001159 seconds
probability of topic_Faculty_41 is 0.0903403

pgibbs sample time: 0.001186 seconds
probability of topic_Person_45 is 0.117986

pgibbs sample time: 0.000234 seconds
probability of topic_Student_19 is 0.229047

pgibbs sample time: 5.8e-05 seconds
probability of topic_Person_85 is 0.0933286

pgibbs sample time: 0.00011 seconds
probability of topic_Student_7 is 0.134583

pgibbs sample time: 0.001769 seconds
probability of topic_Person_24 is 0.125287

pgibbs sample time: 5.9e-05 seconds
probability of topic_ResearchProject_26 is 0.173515

pgibbs sample time: 0.00025 seconds
probability of topic_Staff_87 is 0.135038

pgibbs sample time: 7.4e-05 seconds
probability of topic_ResearchProject_23 is 0.101721

pgibbs sample time: 5.7e-05 seconds
probability of topic_Department_83 is 0.100008

pgibbs sample time: 0.000111 seconds
probability of topic_Person_32 is 0.124895

pgibbs sample time: 5.5e-05 seconds
probability of topic_Staff_26 is 0.126833

pgibbs sample time: 5.7e-05 seconds
probability of topic_Faculty_22 is 0.0798315

pgibbs sample time: 5.7e-05 seconds
probability of topic_Department_98 is 0.0616931

pgibbs sample time: 9.9e-05 seconds
probability of topic_Student_47 is 0.0398588

pgibbs sample time: 7.2e-05 seconds
probability of topic_Department_23 is 0.137829

pgibbs sample time: 7.1e-05 seconds
probability of topic_Department_53 is 0.0932549

pgibbs sample time: 0.00129 seconds
probability of topic_ResearchProject_45 is 0.095818

pgibbs sample time: 5.5e-05 seconds
probability of topic_Staff_75 is 0.123974

pgibbs sample time: 5.6e-05 seconds
probability of topic_Course_83 is 0.17098

pgibbs sample time: 5.7e-05 seconds
probability of topic_Student_86 is 0.12576

pgibbs sample time: 6.2e-05 seconds
probability of topic_Person_96 is 0.101016

pgibbs sample time: 0.000114 seconds
probability of topic_Faculty_32 is 0.113538

pgibbs sample time: 5.5e-05 seconds
probability of topic_Person_62 is 0.243469

pgibbs sample time: 5.7e-05 seconds
probability of topic_Department_62 is 0.18052

pgibbs sample time: 5.6e-05 seconds
probability of topic_Department_6 is 0.092868

pgibbs sample time: 7e-05 seconds
probability of topic_Faculty_97 is 0.0976395

pgibbs sample time: 0.00051 seconds
probability of topic_Faculty_136 is 0.0941126

pgibbs sample time: 0.000201 seconds
probability of topic_Faculty_55 is 0.142528

pgibbs sample time: 0.00168 seconds
probability of topic_Staff_156 is 0.159446

pgibbs sample time: 0.001677 seconds
probability of topic_Staff_126 is 0.148997

pgibbs sample time: 0.001677 seconds
probability of topic_Staff_114 is 0.0910376

pgibbs sample time: 5.7e-05 seconds
probability of topic_Staff_43 is 0.111413

pgibbs sample time: 0.000259 seconds
probability of topic_ResearchProject_20 is 0.17701

pgibbs sample time: 5.6e-05 seconds
probability of topic_Department_38 is 0.14735

pgibbs sample time: 0.000378 seconds
probability of topic_Faculty_10 is 0.14619

pgibbs sample time: 0.001604 seconds
probability of topic_Staff_157 is 0.187016

pgibbs sample time: 5.7e-05 seconds
probability of topic_Staff_71 is 0.153806

pgibbs sample time: 5.8e-05 seconds
probability of topic_ResearchProject_38 is 0.105362

pgibbs sample time: 5.7e-05 seconds
probability of topic_Staff_60 is 0.111758

pgibbs sample time: 0.000308 seconds
probability of topic_Course_93 is 0.0972297

pgibbs sample time: 5.9e-05 seconds
probability of topic_ResearchProject_56 is 0.145229

pgibbs sample time: 0.000438 seconds
probability of topic_Student_61 is 0.156872

pgibbs sample time: 0.000112 seconds
probability of topic_Faculty_7 is 0.118896

pgibbs sample time: 0.001287 seconds
probability of topic_Person_50 is 0.190734

pgibbs sample time: 8.4e-05 seconds
probability of topic_Course_69 is 0.192146

pgibbs sample time: 0.001294 seconds
probability of topic_Department_91 is 0.106426

pgibbs sample time: 0.000227 seconds
probability of topic_Staff_81 is 0.0995954

pgibbs sample time: 0.001294 seconds
probability of topic_Department_45 is 0.113786

pgibbs sample time: 0.001221 seconds
probability of topic_Student_89 is 0.121404

pgibbs sample time: 0.000389 seconds
probability of topic_Staff_57 is 0.1079

pgibbs sample time: 0.000448 seconds
probability of topic_Staff_61 is 0.116966

pgibbs sample time: 5.6e-05 seconds
probability of topic_Staff_1 is 0.0811437

pgibbs sample time: 0.001781 seconds
probability of topic_Department_157 is 0.134045

pgibbs sample time: 0.001563 seconds
probability of topic_Department_59 is 0.136681

pgibbs sample time: 0.001532 seconds
probability of topic_Person_54 is 0.11756

pgibbs sample time: 0.000449 seconds
probability of topic_Staff_168 is 0.0972326

pgibbs sample time: 0.001159 seconds
probability of topic_Student_72 is 0.148956

pgibbs sample time: 7.3e-05 seconds
probability of topic_Faculty_68 is 0.0642363

pgibbs sample time: 0.000444 seconds
probability of topic_Department_58 is 0.0987749

pgibbs sample time: 0.000513 seconds
probability of topic_Faculty_30 is 0.0992403

pgibbs sample time: 0.000775 seconds
probability of topic_Staff_33 is 0.122286

pgibbs sample time: 5.7e-05 seconds
probability of topic_Department_9 is 0.113727

pgibbs sample time: 5.8e-05 seconds
probability of topic_Student_39 is 0.10325

pgibbs sample time: 5.5e-05 seconds
probability of topic_Faculty_1 is 0.152963

pgibbs sample time: 0.001298 seconds
probability of topic_Student_102 is 0.167264

pgibbs sample time: 0.001139 seconds
probability of topic_Course_174 is 0.125645

pgibbs sample time: 5.6e-05 seconds
probability of topic_Person_75 is 0.107077

pgibbs sample time: 5.7e-05 seconds
probability of topic_ResearchProject_15 is 0.11691

pgibbs sample time: 0.000257 seconds
probability of topic_Course_25 is 0.0638602

pgibbs sample time: 5.9e-05 seconds
probability of topic_Department_26 is 0.120005

pgibbs sample time: 6.8e-05 seconds
probability of topic_Staff_5 is 0.124683

pgibbs sample time: 0.000219 seconds
probability of topic_Person_19 is 0.229716

pgibbs sample time: 5.7e-05 seconds
probability of topic_Faculty_99 is 0.103209

pgibbs sample time: 0.000376 seconds
probability of topic_Staff_67 is 0.103886

pgibbs sample time: 5.7e-05 seconds
probability of topic_Student_46 is 0.108926

pgibbs sample time: 5.8e-05 seconds
probability of topic_Student_70 is 0.0876746

pgibbs sample time: 6.9e-05 seconds
probability of topic_Staff_22 is 0.110544

pgibbs sample time: 8.1e-05 seconds
probability of topic_Staff_76 is 0.0863981

pgibbs sample time: 5.7e-05 seconds
probability of topic_Student_90 is 0.117158

pgibbs sample time: 5.6e-05 seconds
probability of topic_Student_74 is 0.111963

pgibbs sample time: 5.5e-05 seconds
probability of topic_Department_56 is 0.109957

pgibbs sample time: 0.00099 seconds
probability of topic_ResearchProject_33 is 0.108053

pgibbs sample time: 0.000458 seconds
probability of topic_Faculty_111 is 0.113282

pgibbs sample time: 5.6e-05 seconds
probability of topic_Staff_6 is 0.100623

pgibbs sample time: 0.000991 seconds
probability of topic_ResearchProject_164 is 0.0924929

pgibbs sample time: 0.000256 seconds
probability of topic_Student_81 is 0.152037

pgibbs sample time: 0.00044 seconds
probability of topic_Course_111 is 0.0739001

pgibbs sample time: 0.001293 seconds
probability of topic_Person_102 is 0.155902

pgibbs sample time: 5.6e-05 seconds
probability of topic_Person_9 is 0.0834132

pgibbs sample time: 0.000443 seconds
probability of topic_Person_67 is 0.123597

pgibbs sample time: 0.001269 seconds
probability of topic_Course_28 is 0.121614

pgibbs sample time: 0.001772 seconds
probability of topic_Person_133 is 0.136758

pgibbs sample time: 5.6e-05 seconds
probability of topic_Person_6 is 0.10676

pgibbs sample time: 0.000237 seconds
probability of topic_Faculty_119 is 0.114725

pgibbs sample time: 7.2e-05 seconds
probability of topic_Course_22 is 0.0783993

pgibbs sample time: 0.000285 seconds
probability of topic_ResearchProject_145 is 0.122207

pgibbs sample time: 7.3e-05 seconds
probability of topic_Student_15 is 0.127456

pgibbs sample time: 0.001165 seconds
probability of topic_Student_118 is 0.13986

pgibbs sample time: 0.00022 seconds
probability of topic_Staff_19 is 0.083191

pgibbs sample time: 0.001243 seconds
probability of topic_Staff_91 is 0.0930164

pgibbs sample time: 0.000284 seconds
probability of topic_ResearchProject_17 is 0.118899

pgibbs sample time: 5.6e-05 seconds
probability of topic_Person_90 is 0.189912

pgibbs sample time: 9.5e-05 seconds
probability of topic_Staff_77 is 0.0861591

pgibbs sample time: 0.00099 seconds
probability of topic_ResearchProject_209 is 0.0960059

pgibbs sample time: 0.001648 seconds
probability of topic_ResearchProject_2 is 0.12498

pgibbs sample time: 5.8e-05 seconds
probability of topic_Faculty_51 is 0.0798315

pgibbs sample time: 5.6e-05 seconds
probability of topic_Faculty_85 is 0.110889

pgibbs sample time: 0.0001 seconds
probability of topic_Department_47 is 0.039609

pgibbs sample time: 5.4e-05 seconds
probability of topic_Staff_62 is 0.111338

pgibbs sample time: 0.00037 seconds
probability of topic_Course_35 is 0.111575

pgibbs sample time: 0.000227 seconds
probability of topic_Staff_20 is 0.0930989

pgibbs sample time: 0.0002 seconds
probability of topic_Faculty_73 is 0.132729

pgibbs sample time: 5.6e-05 seconds
probability of topic_Staff_38 is 0.0873167

pgibbs sample time: 0.000385 seconds
probability of topic_Department_92 is 0.0958011

pgibbs sample time: 0.000452 seconds
probability of topic_Faculty_67 is 0.0931237

pgibbs sample time: 0.00045 seconds
probability of topic_Faculty_134 is 0.0951037

pgibbs sample time: 5.6e-05 seconds
probability of topic_Course_37 is 0.0872788

pgibbs sample time: 0.000265 seconds
probability of topic_Department_81 is 0.167898

pgibbs sample time: 0.001326 seconds
probability of topic_Faculty_102 is 0.14778

pgibbs sample time: 7.2e-05 seconds
probability of topic_Faculty_76 is 0.115803

pgibbs sample time: 0.00156 seconds
probability of topic_Department_54 is 0.123271

pgibbs sample time: 0.001569 seconds
probability of topic_Department_114 is 0.0969334

pgibbs sample time: 0.001254 seconds
probability of topic_Staff_45 is 0.0971054

pgibbs sample time: 0.001288 seconds
probability of topic_ResearchProject_258 is 0.11283

pgibbs sample time: 0.000236 seconds
probability of topic_ResearchProject_187 is 0.0649924

pgibbs sample time: 0.000236 seconds
probability of topic_ResearchProject_13 is 0.132506

pgibbs sample time: 0.000332 seconds
probability of topic_Staff_4 is 0.0882799

pgibbs sample time: 8.3e-05 seconds
probability of topic_Course_76 is 0.0920289

pgibbs sample time: 0.001243 seconds
probability of topic_ResearchProject_126 is 0.113332

pgibbs sample time: 6.9e-05 seconds
probability of topic_Course_15 is 0.0878773

pgibbs sample time: 5.7e-05 seconds
probability of topic_ResearchProject_71 is 0.108601

pgibbs sample time: 0.001131 seconds
probability of topic_Faculty_78 is 0.102529

pgibbs sample time: 7.2e-05 seconds
probability of topic_Staff_64 is 0.0797388

pgibbs sample time: 0.000477 seconds
probability of topic_ResearchProject_42 is 0.0844294

pgibbs sample time: 0.00026 seconds
probability of topic_Person_93 is 0.035844

pgibbs sample time: 5.6e-05 seconds
probability of topic_Staff_66 is 0.0895899

pgibbs sample time: 0.001814 seconds
probability of topic_Course_18 is 0.0741844

pgibbs sample time: 0.000331 seconds
probability of topic_Staff_111 is 0.125929

pgibbs sample time: 0.001682 seconds
probability of topic_Staff_54 is 0.120993

pgibbs sample time: 9.9e-05 seconds
probability of topic_Faculty_94 is 0.0293955

pgibbs sample time: 7e-05 seconds
probability of topic_Person_97 is 0.175232

pgibbs sample time: 5.7e-05 seconds
probability of topic_ResearchProject_96 is 0.112931

pgibbs sample time: 5.7e-05 seconds
probability of topic_Department_75 is 0.101285

pgibbs sample time: 5.5e-05 seconds
probability of topic_Faculty_6 is 0.106035

pgibbs sample time: 7e-05 seconds
probability of topic_Staff_53 is 0.0926435

pgibbs sample time: 0.000259 seconds
probability of topic_Course_20 is 0.103659

pgibbs sample time: 5.7e-05 seconds
probability of topic_ResearchProject_95 is 0.10342

pgibbs sample time: 0.001794 seconds
probability of topic_Department_18 is 0.0819459

pgibbs sample time: 0.001305 seconds
probability of topic_Department_78 is 0.0978808

pgibbs sample time: 0.000256 seconds
probability of topic_Course_231 is 0.115645

pgibbs sample time: 5.9e-05 seconds
probability of topic_Department_65 is 0.079961

pgibbs sample time: 5.7e-05 seconds
probability of topic_Student_60 is 0.117873

pgibbs sample time: 0.001294 seconds
probability of topic_Department_258 is 0.117381

pgibbs sample time: 0.000508 seconds
probability of topic_Department_110 is 0.0898971

pgibbs sample time: 0.00114 seconds
probability of topic_Faculty_89 is 0.101549

pgibbs sample time: 0.000256 seconds
probability of topic_Person_81 is 0.11793

pgibbs sample time: 5.7e-05 seconds
probability of topic_Faculty_95 is 0.107831

pgibbs sample time: 0.00025 seconds
probability of topic_Person_20 is 0.113637

pgibbs sample time: 0.000113 seconds
probability of topic_Department_52 is 0.100946

pgibbs sample time: 5.7e-05 seconds
probability of topic_ResearchProject_84 is 0.0796257

pgibbs sample time: 0.0001 seconds
probability of topic_ResearchProject_32 is 0.0986681

pgibbs sample time: 5.7e-05 seconds
probability of topic_ResearchProject_40 is 0.0913892

pgibbs sample time: 0.000256 seconds
probability of topic_Faculty_17 is 0.137625

pgibbs sample time: 5.8e-05 seconds
probability of topic_Student_22 is 0.174619

pgibbs sample time: 5.5e-05 seconds
probability of topic_Staff_84 is 0.101301

pgibbs sample time: 5.4e-05 seconds
probability of topic_Staff_80 is 0.0948402

pgibbs sample time: 5.7e-05 seconds
probability of topic_Student_38 is 0.0956805

pgibbs sample time: 9.7e-05 seconds
probability of topic_Staff_47 is 0.0604554

pgibbs sample time: 5.5e-05 seconds
probability of topic_Staff_44 is 0.0874999

pgibbs sample time: 0.000233 seconds
probability of topic_ResearchProject_49 is 0.119376

pgibbs sample time: 0.001291 seconds
probability of topic_ResearchProject_78 is 0.099066

pgibbs sample time: 7.7e-05 seconds
probability of topic_Faculty_53 is 0.108402

pgibbs sample time: 5.5e-05 seconds
probability of topic_Staff_86 is 0.0832345

pgibbs sample time: 0.001163 seconds
probability of topic_Department_50 is 0.100546

pgibbs sample time: 0.001167 seconds
probability of topic_Department_102 is 0.0816584

pgibbs sample time: 0.001166 seconds
probability of topic_Department_28 is 0.11638

pgibbs sample time: 5.7e-05 seconds
probability of topic_Course_38 is 0.105285

pgibbs sample time: 5.6e-05 seconds
probability of topic_Person_66 is 0.1089

pgibbs sample time: 5.5e-05 seconds
probability of topic_Course_68 is 0.113941

pgibbs sample time: 0.001817 seconds
probability of topic_Course_12 is 0.129046

pgibbs sample time: 0.001865 seconds
probability of topic_Course_155 is 0.113701

pgibbs sample time: 5.7e-05 seconds
probability of topic_Faculty_44 is 0.147875

pgibbs sample time: 5.6e-05 seconds
probability of topic_Course_75 is 0.0834726

pgibbs sample time: 0.001766 seconds
probability of topic_Student_133 is 0.153116

pgibbs sample time: 0.000324 seconds
probability of topic_ResearchProject_31 is 0.085649

pgibbs sample time: 0.000323 seconds
probability of topic_ResearchProject_92 is 0.120738

pgibbs sample time: 5.9e-05 seconds
probability of topic_Department_60 is 0.122427

pgibbs sample time: 0.000509 seconds
probability of topic_Department_130 is 0.123372

pgibbs sample time: 0.000452 seconds
probability of topic_Faculty_57 is 0.117115

pgibbs sample time: 0.000195 seconds
probability of topic_Course_19 is 0.0834186

pgibbs sample time: 0.000196 seconds
probability of topic_Course_49 is 0.0953961

pgibbs sample time: 5.8e-05 seconds
probability of topic_Faculty_16 is 0.122699

pgibbs sample time: 0.000101 seconds
probability of topic_Student_63 is 0.0726067

pgibbs sample time: 0.001789 seconds
probability of topic_Department_155 is 0.157024

pgibbs sample time: 7e-05 seconds
probability of topic_Course_5 is 0.080082

pgibbs sample time: 0.000235 seconds
probability of topic_Department_49 is 0.11008

pgibbs sample time: 5.6e-05 seconds
probability of topic_Person_37 is 0.113662

pgibbs sample time: 8.2e-05 seconds
probability of topic_Course_23 is 0.224324

pgibbs sample time: 0.000281 seconds
probability of topic_Staff_231 is 0.10174

pgibbs sample time: 0.001103 seconds
probability of topic_Person_33 is 0.0736082

pgibbs sample time: 0.001103 seconds
probability of topic_Person_209 is 0.151828

pgibbs sample time: 0.000987 seconds
probability of topic_Person_164 is 0.160555

pgibbs sample time: 0.000237 seconds
probability of topic_Student_13 is 0.0570094

pgibbs sample time: 0.000237 seconds
probability of topic_Student_187 is 0.174997

pgibbs sample time: 0.000427 seconds
probability of topic_Person_4 is 0.114586

pgibbs sample time: 0.00178 seconds
probability of topic_Faculty_18 is 0.0943633

pgibbs sample time: 5.8e-05 seconds
probability of topic_Faculty_82 is 0.0833607

pgibbs sample time: 0.001219 seconds
probability of topic_Student_258 is 0.125966

pgibbs sample time: 6.9e-05 seconds
probability of topic_Staff_97 is 0.149585

pgibbs sample time: 9.7e-05 seconds
probability of topic_Student_77 is 0.176644

pgibbs sample time: 0.000208 seconds
probability of topic_ResearchProject_73 is 0.114128

pgibbs sample time: 5.6e-05 seconds
probability of topic_Course_95 is 0.118193

pgibbs sample time: 0.000508 seconds
probability of topic_Student_130 is 0.121183

pgibbs sample time: 7.1e-05 seconds
probability of topic_ResearchProject_97 is 0.105789

pgibbs sample time: 9.7e-05 seconds
probability of topic_Department_77 is 0.1507

pgibbs sample time: 0.001176 seconds
probability of topic_Department_174 is 0.370626

pgibbs sample time: 0.000206 seconds
probability of topic_Student_65 is 0.147509

pgibbs sample time: 0.000465 seconds
probability of topic_Person_42 is 0.162565

pgibbs sample time: 0.000463 seconds
probability of topic_Person_186 is 0.104859

pgibbs sample time: 0.001122 seconds
probability of topic_Staff_72 is 0.0575946

pgibbs sample time: 0.000416 seconds
probability of topic_Staff_186 is 0.108192

pgibbs sample time: 5.5e-05 seconds
probability of topic_Course_34 is 0.101594

pgibbs sample time: 0.000258 seconds
probability of topic_Course_81 is 0.136955

pgibbs sample time: 5.7e-05 seconds
probability of topic_ResearchProject_90 is 0.1508

pgibbs sample time: 7.1e-05 seconds
probability of topic_Department_79 is 0.145098

pgibbs sample time: 5.4e-05 seconds
probability of topic_Staff_56 is 0.0930899

pgibbs sample time: 0.001248 seconds
probability of topic_Staff_258 is 0.0823664

pgibbs sample time: 5.8e-05 seconds
probability of topic_Student_82 is 0.123171

pgibbs sample time: 0.000416 seconds
probability of topic_Person_87 is 0.173572

pgibbs sample time: 5.6e-05 seconds
probability of topic_Department_90 is 0.139866

pgibbs sample time: 0.000381 seconds
probability of topic_Student_31 is 0.152226

pgibbs sample time: 5.8e-05 seconds
probability of topic_Faculty_26 is 0.156856

pgibbs sample time: 0.001169 seconds
probability of topic_Faculty_106 is 0.128955

pgibbs sample time: 5.8e-05 seconds
probability of topic_Student_83 is 0.126211

pgibbs sample time: 0.001286 seconds
probability of topic_ResearchProject_89 is 0.107067

pgibbs sample time: 5.9e-05 seconds
probability of topic_ResearchProject_60 is 0.110987

pgibbs sample time: 0.000389 seconds
probability of topic_Department_31 is 0.101904

pgibbs sample time: 7e-05 seconds
probability of topic_Person_21 is 0.0975907

pgibbs sample time: 5.6e-05 seconds
probability of topic_Course_56 is 0.0891904

pgibbs sample time: 0.000378 seconds
probability of topic_Course_134 is 0.0990147

pgibbs sample time: 0.00077 seconds
probability of topic_Staff_164 is 0.103555

pgibbs sample time: 5.5e-05 seconds
probability of topic_Course_90 is 0.0820452

pgibbs sample time: 7e-05 seconds
probability of topic_Person_14 is 0.0940298

pgibbs sample time: 0.000416 seconds
probability of topic_Staff_105 is 0.16408

pgibbs sample time: 5.9e-05 seconds
probability of topic_ResearchProject_44 is 0.0700553

pgibbs sample time: 0.001193 seconds
probability of topic_Person_91 is 0.0713822

pgibbs sample time: 0.001183 seconds
probability of topic_Department_118 is 0.0914106

pgibbs sample time: 5.7e-05 seconds
probability of topic_ResearchProject_6 is 0.10165

pgibbs sample time: 5.6e-05 seconds
probability of topic_Course_85 is 0.133704

pgibbs sample time: 5.4e-05 seconds
probability of topic_Person_71 is 0.201808

pgibbs sample time: 5.7e-05 seconds
probability of topic_Faculty_66 is 0.079707

pgibbs sample time: 0.00118 seconds
probability of topic_Department_41 is 0.0858954

pgibbs sample time: 0.001189 seconds
probability of topic_Department_72 is 0.0633221

pgibbs sample time: 0.000508 seconds
probability of topic_Department_8 is 0.207758

pgibbs sample time: 0.00049 seconds
probability of topic_Person_111 is 0.23702

pgibbs sample time: 0.001497 seconds
probability of topic_Course_59 is 0.191116

pgibbs sample time: 6.9e-05 seconds
probability of topic_Person_5 is 0.11609

pgibbs sample time: 6.9e-05 seconds
probability of topic_Course_88 is 0.121482

pgibbs sample time: 0.001684 seconds
probability of topic_Course_126 is 0.0846621

pgibbs sample time: 0.001499 seconds
probability of topic_Course_156 is 0.135071

pgibbs sample time: 5.8e-05 seconds
probability of topic_Faculty_80 is 0.0854832

pgibbs sample time: 0.001602 seconds
probability of topic_Course_3 is 0.0986722

pgibbs sample time: 0.000102 seconds
probability of topic_Faculty_77 is 0.102278

pgibbs sample time: 0.000497 seconds
probability of topic_Student_4 is 0.0984209

pgibbs sample time: 5.6e-05 seconds
probability of topic_Course_26 is 0.141758

pgibbs sample time: 5.6e-05 seconds
probability of topic_Person_26 is 0.11794

pgibbs sample time: 0.000238 seconds
probability of topic_ResearchProject_65 is 0.088794

pgibbs sample time: 0.000377 seconds
probability of topic_Person_92 is 0.102485

pgibbs sample time: 0.000263 seconds
probability of topic_Department_116 is 0.0987621

pgibbs sample time: 0.001821 seconds
probability of topic_Course_199 is 0.109415

pgibbs sample time: 0.001568 seconds
probability of topic_Department_217 is 0.13526

pgibbs sample time: 7.2e-05 seconds
probability of topic_Department_51 is 0.0995726

pgibbs sample time: 5.7e-05 seconds
probability of topic_Person_99 is 0.0813615

pgibbs sample time: 0.000346 seconds
probability of topic_Staff_92 is 0.0952778

pgibbs sample time: 7.4e-05 seconds
probability of topic_Faculty_88 is 0.140824

pgibbs sample time: 5.8e-05 seconds
probability of topic_ResearchProject_85 is 0.118853

pgibbs sample time: 0.000371 seconds
probability of topic_Staff_11 is 0.0942164

pgibbs sample time: 0.000428 seconds
probability of topic_Staff_134 is 0.083835

pgibbs sample time: 5.8e-05 seconds
probability of topic_Faculty_98 is 0.087534

pgibbs sample time: 5.7e-05 seconds
probability of topic_ResearchProject_9 is 0.188793

pgibbs sample time: 5.7e-05 seconds
probability of topic_Student_34 is 0.159601

pgibbs sample time: 0.000287 seconds
probability of topic_Department_231 is 0.0996346

pgibbs sample time: 0.001495 seconds
probability of topic_Course_114 is 0.090479

pgibbs sample time: 8.7e-05 seconds
probability of topic_Student_23 is 0.0331828

pgibbs sample time: 0.000477 seconds
probability of topic_ResearchProject_186 is 0.0864968

pgibbs sample time: 5.8e-05 seconds
probability of topic_ResearchProject_16 is 0.109777

pgibbs sample time: 5.6e-05 seconds
probability of topic_Person_43 is 0.108171

pgibbs sample time: 0.001787 seconds
probability of topic_Faculty_155 is 0.204421

pgibbs sample time: 5.7e-05 seconds
probability of topic_Student_95 is 0.119245

pgibbs sample time: 0.000245 seconds
probability of topic_Department_25 is 0.0493549

pgibbs sample time: 0.00178 seconds
probability of topic_Faculty_157 is 0.128981

pgibbs sample time: 5.8e-05 seconds
probability of topic_Faculty_60 is 0.0981916

pgibbs sample time: 5.7e-05 seconds
probability of topic_Staff_96 is 0.114578

pgibbs sample time: 5.7e-05 seconds
probability of topic_Department_39 is 0.0873436

pgibbs sample time: 0.001614 seconds
probability of topic_Staff_169 is 0.314464

pgibbs sample time: 0.001614 seconds
probability of topic_Staff_18 is 0.0765177

pgibbs sample time: 0.000235 seconds
probability of topic_Person_187 is 0.170498

pgibbs sample time: 5.7e-05 seconds
probability of topic_Student_98 is 0.180909

pgibbs sample time: 0.001766 seconds
probability of topic_Student_24 is 0.151796

pgibbs sample time: 8.4e-05 seconds
probability of topic_ResearchProject_77 is 0.121519

pgibbs sample time: 7e-05 seconds
probability of topic_Person_27 is 0.118117

pgibbs sample time: 5.7e-05 seconds
probability of topic_ResearchProject_62 is 0.174317

pgibbs sample time: 0.000484 seconds
probability of topic_Staff_8 is 0.161411

pgibbs sample time: 7.2e-05 seconds
probability of topic_Student_14 is 0.100423

pgibbs sample time: 6.9e-05 seconds
probability of topic_Staff_51 is 0.0775693

pgibbs sample time: 0.000484 seconds
probability of topic_Staff_110 is 0.0893279

pgibbs sample time: 7e-05 seconds
probability of topic_Course_77 is 0.0343808

pgibbs sample time: 0.000264 seconds
probability of topic_Department_93 is 0.101962

pgibbs sample time: 5.7e-05 seconds
probability of topic_Student_75 is 0.10162

pgibbs sample time: 0.000116 seconds
probability of topic_ResearchProject_7 is 0.094216

pgibbs sample time: 5.6e-05 seconds
probability of topic_ResearchProject_37 is 0.0931433

pgibbs sample time: 0.001289 seconds
probability of topic_ResearchProject_91 is 0.135819

pgibbs sample time: 5.6e-05 seconds
probability of topic_Course_86 is 0.0827452

pgibbs sample time: 5.6e-05 seconds
probability of topic_Person_60 is 0.10465

pgibbs sample time: 0.001765 seconds
probability of topic_Student_2 is 0.106374

pgibbs sample time: 0.000546 seconds
probability of topic_Student_30 is 0.113282

pgibbs sample time: 0.001764 seconds
probability of topic_Student_199 is 0.179517

pgibbs sample time: 0.001767 seconds
probability of topic_Student_18 is 0.105143

pgibbs sample time: 0.000208 seconds
probability of topic_Student_119 is 0.106436

pgibbs sample time: 0.000236 seconds
probability of topic_Faculty_13 is 0.144378

pgibbs sample time: 0.000236 seconds
probability of topic_Faculty_187 is 0.20272

pgibbs sample time: 0.000399 seconds
probability of topic_Person_168 is 0.117477

pgibbs sample time: 5.6e-05 seconds
probability of topic_Staff_85 is 0.0851116

pgibbs sample time: 0.000436 seconds
probability of topic_Course_4 is 0.115343

pgibbs sample time: 0.000382 seconds
probability of topic_Student_92 is 0.118646

pgibbs sample time: 0.000437 seconds
probability of topic_Course_58 is 0.130249

pgibbs sample time: 0.000383 seconds
probability of topic_Student_120 is 0.135462

pgibbs sample time: 5.7e-05 seconds
probability of topic_Faculty_56 is 0.0960443

pgibbs sample time: 0.000266 seconds
probability of topic_Faculty_93 is 0.0920432

pgibbs sample time: 0.000115 seconds
probability of topic_Department_32 is 0.135302

pgibbs sample time: 5.7e-05 seconds
probability of topic_Faculty_43 is 0.1354

pgibbs sample time: 7e-05 seconds
probability of topic_Department_97 is 0.227962

pgibbs sample time: 5.6e-05 seconds
probability of topic_Student_99 is 0.10325

pgibbs sample time: 0.001244 seconds
probability of topic_ResearchProject_3 is 0.102304

pgibbs sample time: 5.6e-05 seconds
probability of topic_Staff_88 is 0.186528

pgibbs sample time: 5.6e-05 seconds
probability of topic_Student_80 is 0.111963

pgibbs sample time: 9.6e-05 seconds
probability of topic_Person_94 is 0.0364547

pgibbs sample time: 5.8e-05 seconds
probability of topic_Student_71 is 0.159663

