observed tuples: r3927 r3363 r3380 r4745 r2823 r258 r1989 r3656 r1678 r3152 r2559 r4873 r4427 r2604 r978 r576 r4739 r3244 r3563 r3969 r1431 r4600 r4459 r2050 r2726 r1032 r3092 r2999 r4648 r347 r1575 r3313 r2492 r1217 r1256 r2461 r3141 r3076 r543 r4692 r2741 r734 r4108 r1622 r1907 r1342 r3224 r1180 r861 r3192 r3828 r341 r1944 r2893 r1829 r2611 r1931 r4565 r2444 r750 r2612 r1812 r3137 r2746 r2230 r3435 r961 r962 r2586 r2857 r3383 r1389 r1211 r2765 r4224 r2060 r2472 r2842 r1601 r3857 r3998 r3574 r3736 r263 r4938 r3866 r2821 r210 r980 r105 r4688 r2757 r4943 r2880 r3184 r3167 r4712 r2712 r2814 r2011 r3388 r4612 r2984 r4231 r2337 r2236 r3793 r834 r2829 r440 r1136 r2950 r3524 r3901 r2597 r4894 r1471 r4604 r3157 r702 r2276 r4117 r1225 r4222 r3950 r4341 r1961 r3559 r2253 r3393 r3433 r353 r2235 r1984 r3042 r2215 r1893 r3745 r3534 r3935 r3492 r4030 r4820 r1380 r1921 r3222 r3420 r2055 r1828 r3986 r3907 r917 r1979 r2623 r4107 r3312 r2390 r2153 r3954 r737 r2640 r2483 r4304 r3343 r960 r4558 r4123 r3425 r3787 r2874 r3186 r1353 r2844 r3308 r4972 r3565 r4919 r1871 r2756 r3661 r2927 r4842 r1498 r4857 r1823 r2952 r378 r1669 r3601 r3735 r423 r4317 r621 r2376 r1099 r2575 r4431 r3914 r2066 hasword_univers_12 r941 r1764 r1295 r3800 r162 r2826 r1470 r1098 r1287 r2734 r1377 hasword_paramet_20 hasword_press_20 r3720 r476 r411 hasword_gmt_76 r78 r4371 r872 r3472 hasword_nov_19 r3653 links_45_48 hasword_sequenc_43 r3628 links_91_45 hasword_jan_8 hasword_machin_22 r1468 r2263 r2100 r1237 r3583 r408 hasword_instruct_81 r3536 r3050 r1994 r1546 r155 hasword_engin_87 r2043 r4 hasword_document_92 r2354 hasword_wide_35 r1285 r2478 hasword_austin_69 links_41_72 r3078 r3786 r4843 hasword_version_41 r4156 r337 hasword_group_115 r3725 r912 r3188 r2815 hasword_content_36 r3692 r356 r893 r1910 r3360 r181 r413 r797 hasword_chapter_60 r4665 r2345 hasword_server_66 r146 hasword_work_71 hasword_resourc_2 hasword_transfer_12 r205 r424 r1520 r1873 r4854 hasword_made_90 r1386 r214 hasword_principl_83 r3923 r3893 r2405 r3423 r3474 r2629 r3338 hasword_queri_76 r2118 r1782 r2018 r3168 r4771 hasword_task_47 links_29_28 r3853 hasword_intellig_47 r3409 r2168 r4022 r272 r2452 r1385 r876 r2981 r1332 hasword_parallel_72 hasword_resourc_78 r3519 r2415 hasword_order_47 r50 hasword_content_40 r520 r1001 hasword_jan_5 r4150 hasword_suggest_91 r1269 r1642 hasword_ta_24 r4487 hasword_unit_57 r4216 hasword_deriv_65 r4209 hasword_jan_27 r1195 r1753 hasword_ed_42 hasword_mondai_68 r144 hasword_date_53 hasword_india_68 r1626 hasword_gmt_50 r3252 r3335 hasword_solution_14 hasword_write_31 r1737 r455 hasword_educ_95 r1057 r4817 r2799 r62 r1913 r3144 r1768 r2884 r1019 links_50_28 r136 hasword_environ_53 r3818 r809 r2549 hasword_line_4 r3898 hasword_mime_86 hasword_elem_18 r3236 r4863 r710 hasword_develop_10 r346 r4077 r3019 r4954 r1574 r603 r1558 hasword_definit_21 r4777 r2792 hasword_nov_77 hasword_austin_32 hasword_algorithm_84 r900 links_41_115 r3475 links_87_10 r4130 links_28_50 r790 hasword_creat_96 r3806 r1465 r1409 r1462 r2942 hasword_html_19 hasword_aug_98 r2245 r2701 hasword_nation_55 r4045 rl r4568 r2384 r4211 r4879 hasword_sourc_64 r123 r1703 r4816 r4922 links_50_102 r2516 r3934 r3844 hasword_techniqu_89 r3017 r4730 hasword_provid_28 r1004 r4654 r1494 r1906 hasword_add_14 r644 hasword_unit_7 r2395 links_28_102 r1089 hasword_jan_79 r2111 r2736 hasword_faculti_33 r4628 r2347 r4174 r2085 hasword_past_32 r3185 hasword_window_99 r4948 r1093 r4706 r3451 r3834 r75 r3719 r4062 r147 r3622 r1319 r4542 r2671 r4031 hasword_includ_13 r2521 r2520 hasword_architectur_7 hasword_chang_63 r192 r775 r3044 r843 r2321 links_102_50 r3636 r784 r1763 r1580 r3084 r3516 r3982 links_19_49 hasword_html_46 r769 r4651 r4835 r3749 hasword_class_59 r4324 r2229 hasword_consist_49 r3590 r359 hasword_onlin_88 hasword_page_97 r1261 r4924 r1078 r1810 r3183 r2706 r2591 r3431 hasword_ph_34 r4852 r4490 r2396 r3394 hasword_event_35 r1475 r2486 hasword_room_30 r24 r4744 r273 links_50_29 r3947 r2973 r2804 r302 r4180 hasword_univers_88 r3256 r930 r4111 r3 r1809 r2561 r2714 r2270 hasword_nov_62 r4465 r2992 r2720 r3468 hasword_file_56 r3785 r3377 r4445 r4484 r4104 r4837 hasword_move_48 r3130 hasword_version_18 r4845 r2242 links_93_116 r3194 r4000 r929 r3330 r1615 r565 r2241 r1304 r3875 r2267 hasword_paul_61 r219 r1028 r3416 hasword_manag_16 r4987 hasword_date_74 r1506 r795 r1719 hasword_system_29 r351 r1116 r1891 hasword_program_70 hasword_gmt_67 r4392 r3768 r4118 r4653 r2170 hasword_build_58 r2668 r2830 r2580 r3415 r4194 hasword_oct_44 r2333 hasword_window_39 r3600 r2908 r836 r3784 r4993 r2875 r2448 r70 r1321 r1354 r2816 r2533 r1155 r2269 hasword_wa_15 r246 hasword_modifi_25 r1254 r913 r1258 r303 r1707 r642 r4434 r187 r4750 r180 hasword_count_52 links_29_50 hasword_wait_52 r2862 hasword_postscript_17 r2389 r4290 r1900 hasword_version_82 r1063 r721 hasword_text_45 hasword_materi_23 r2796 r991 r2456 hasword_utexa_54 r3931 r2967 hasword_left_75 r1325 hasword_gmt_37 links_54_114 r4365 r1333 r2840 r2264 hasword_effici_51 r4092 r4126 r2774 r4906 r3202 r4159 r4740 hasword_jan_120 hasword_pointer_85 hasword_network_73 hasword_date_80 r3426 r3757 r4140 r4494 r2581 r2088 r3410 hasword_texa_6 r3478 r4396 r2763 r2812 r3724 r1227 r2616 r3718 r4735 r2785 links_31_120 r1775 r4731 hasword_base_1 r51 r1043 r1282 r2618 r3856 links_81_20 hasword_confer_9 links_11_67 r3239 r1441 r39 r4425 r4560 r55 r4379 links_57_61 hasword_john_116 links_116_93 r2125 r4195 r4635 r1376 r10 hasword_author_93 r2096 hasword_html_94 r300 r2588 r4642 r1149 r3014 r2831 r1061 hasword_paper_26 r2864 r3365 r4258 hasword_colleg_38 r4243 r238 r3794 r1025 r510 r3978 links_31_92 r3518 r818 r4966 r142 r3558 r2449 r544 r4970 r4806 r2791 hasword_mime_114 r2913 r2198 r4512 r4473 r1437 r358 r2750 r2049 hasword_hall_102 hasword_area_17 r4563 r3689 hasword_oct_11 r354 r967 r1675 r573 r4205 r3961 r4332 r3548 r2067 r2780 r3067 r1530 r3069 r3655 r659 r231 hasword_dynam_3 r3303 hasword_librari_3 r4093 r651 r3205 r4227 r3007 r485 r3440 r484 r3508 r1364 r2429 r3176 r1489 r3031 
size of observed tuples: 774
size of unobserved tuples: 689

pgibbs sample time: 7.8e-05 seconds
probability of topic_Course_3 is 0.0881964

pgibbs sample time: 0.000332 seconds
probability of topic_Student_115 is 0.102532

pgibbs sample time: 0.000327 seconds
probability of topic_Student_41 is 0.120282

pgibbs sample time: 5.7e-05 seconds
probability of topic_Staff_12 is 0.111981

pgibbs sample time: 5.7e-05 seconds
probability of topic_Student_16 is 0.0844266

pgibbs sample time: 5.8e-05 seconds
probability of topic_Department_71 is 0.0982748

pgibbs sample time: 5.7e-05 seconds
probability of topic_Course_65 is 0.108128

pgibbs sample time: 5.8e-05 seconds
probability of topic_Student_5 is 0.124752

pgibbs sample time: 5.7e-05 seconds
probability of topic_Department_96 is 0.0967174

pgibbs sample time: 6e-05 seconds
probability of topic_Department_98 is 0.0616931

pgibbs sample time: 5.6e-05 seconds
probability of topic_ResearchProject_95 is 0.10342

pgibbs sample time: 7.1e-05 seconds
probability of topic_ResearchProject_35 is 0.0933043

pgibbs sample time: 5.6e-05 seconds
probability of topic_Course_82 is 0.0802121

pgibbs sample time: 5.5e-05 seconds
probability of topic_Staff_23 is 0.0975264

pgibbs sample time: 7.2e-05 seconds
probability of topic_Student_8 is 0.124752

pgibbs sample time: 7.1e-05 seconds
probability of topic_Student_18 is 0.0968291

pgibbs sample time: 7.1e-05 seconds
probability of topic_Faculty_68 is 0.0642363

pgibbs sample time: 5.5e-05 seconds
probability of topic_Person_37 is 0.113662

pgibbs sample time: 7.5e-05 seconds
probability of topic_ResearchProject_47 is 0.105612

pgibbs sample time: 5.8e-05 seconds
probability of topic_Student_59 is 0.16465

pgibbs sample time: 0.000197 seconds
probability of topic_Student_57 is 0.117568

pgibbs sample time: 5.8e-05 seconds
probability of topic_Student_26 is 0.0839271

pgibbs sample time: 5.6e-05 seconds
probability of topic_Person_22 is 0.15919

pgibbs sample time: 5.6e-05 seconds
probability of topic_Department_94 is 0.107018

pgibbs sample time: 5.8e-05 seconds
probability of topic_ResearchProject_5 is 0.100104

pgibbs sample time: 5.5e-05 seconds
probability of topic_Person_8 is 0.11684

pgibbs sample time: 5.8e-05 seconds
probability of topic_Student_84 is 0.092035

pgibbs sample time: 5.7e-05 seconds
probability of topic_Person_85 is 0.0933286

pgibbs sample time: 5.4e-05 seconds
probability of topic_Person_74 is 0.113662

pgibbs sample time: 8.5e-05 seconds
probability of topic_Faculty_47 is 0.101598

pgibbs sample time: 5.5e-05 seconds
probability of topic_Person_62 is 0.243469

pgibbs sample time: 5.7e-05 seconds
probability of topic_Faculty_73 is 0.122089

pgibbs sample time: 6e-05 seconds
probability of topic_Staff_38 is 0.0873167

pgibbs sample time: 5.7e-05 seconds
probability of topic_Student_71 is 0.159663

pgibbs sample time: 5.5e-05 seconds
probability of topic_Person_94 is 0.108347

pgibbs sample time: 5.6e-05 seconds
probability of topic_Student_95 is 0.119245

pgibbs sample time: 5.5e-05 seconds
probability of topic_Staff_88 is 0.186528

pgibbs sample time: 6.8e-05 seconds
probability of topic_Staff_18 is 0.069753

pgibbs sample time: 5.8e-05 seconds
probability of topic_Student_99 is 0.10325

pgibbs sample time: 5.6e-05 seconds
probability of topic_Staff_24 is 0.110643

pgibbs sample time: 5.5e-05 seconds
probability of topic_Course_37 is 0.0872788

pgibbs sample time: 5.6e-05 seconds
probability of topic_Faculty_43 is 0.1354

pgibbs sample time: 5.7e-05 seconds
probability of topic_Staff_96 is 0.114578

pgibbs sample time: 5.6e-05 seconds
probability of topic_Course_58 is 0.118974

pgibbs sample time: 0.000305 seconds
probability of topic_Faculty_93 is 0.0920432

pgibbs sample time: 0.000208 seconds
probability of topic_Department_114 is 0.0970367

pgibbs sample time: 0.000206 seconds
probability of topic_Department_54 is 0.112715

pgibbs sample time: 6e-05 seconds
probability of topic_Faculty_56 is 0.0960443

pgibbs sample time: 5.7e-05 seconds
probability of topic_Staff_85 is 0.0851116

pgibbs sample time: 5.7e-05 seconds
probability of topic_Faculty_13 is 0.147198

pgibbs sample time: 5.6e-05 seconds
probability of topic_Student_85 is 0.118354

pgibbs sample time: 7.2e-05 seconds
probability of topic_ResearchProject_68 is 0.0500277

pgibbs sample time: 5.5e-05 seconds
probability of topic_Person_24 is 0.116663

pgibbs sample time: 5.5e-05 seconds
probability of topic_Person_60 is 0.10465

pgibbs sample time: 5.5e-05 seconds
probability of topic_Course_86 is 0.0827452

pgibbs sample time: 5.7e-05 seconds
probability of topic_Department_9 is 0.113727

pgibbs sample time: 0.000326 seconds
probability of topic_ResearchProject_91 is 0.155349

pgibbs sample time: 5.7e-05 seconds
probability of topic_ResearchProject_37 is 0.0931433

pgibbs sample time: 7.1e-05 seconds
probability of topic_ResearchProject_7 is 0.12521

pgibbs sample time: 5.6e-05 seconds
probability of topic_Staff_46 is 0.0866285

pgibbs sample time: 5.7e-05 seconds
probability of topic_Department_13 is 0.16316

pgibbs sample time: 0.000264 seconds
probability of topic_Department_93 is 0.101962

pgibbs sample time: 5.6e-05 seconds
probability of topic_Staff_8 is 0.149378

pgibbs sample time: 5.7e-05 seconds
probability of topic_ResearchProject_62 is 0.174317

pgibbs sample time: 5.7e-05 seconds
probability of topic_ResearchProject_77 is 0.174317

pgibbs sample time: 5.6e-05 seconds
probability of topic_Student_24 is 0.142088

pgibbs sample time: 5.6e-05 seconds
probability of topic_Student_98 is 0.180909

pgibbs sample time: 5.7e-05 seconds
probability of topic_Person_43 is 0.108171

pgibbs sample time: 0.000196 seconds
probability of topic_Staff_114 is 0.0911277

pgibbs sample time: 5.6e-05 seconds
probability of topic_Course_90 is 0.0820452

pgibbs sample time: 5.8e-05 seconds
probability of topic_ResearchProject_9 is 0.188793

pgibbs sample time: 5.7e-05 seconds
probability of topic_Student_75 is 0.10162

pgibbs sample time: 5.7e-05 seconds
probability of topic_Faculty_98 is 0.087534

pgibbs sample time: 0.000195 seconds
probability of topic_Staff_11 is 0.0865773

pgibbs sample time: 5.6e-05 seconds
probability of topic_ResearchProject_85 is 0.118853

pgibbs sample time: 0.000245 seconds
probability of topic_ResearchProject_81 is 0.101786

pgibbs sample time: 0.000314 seconds
probability of topic_Staff_92 is 0.109544

pgibbs sample time: 5.7e-05 seconds
probability of topic_Person_99 is 0.0813615

pgibbs sample time: 5.5e-05 seconds
probability of topic_Person_97 is 0.171806

pgibbs sample time: 5.5e-05 seconds
probability of topic_Person_73 is 0.191191

pgibbs sample time: 5.7e-05 seconds
probability of topic_Department_51 is 0.108096

pgibbs sample time: 0.000263 seconds
probability of topic_Department_116 is 0.0987621

pgibbs sample time: 5.7e-05 seconds
probability of topic_Person_26 is 0.11794

pgibbs sample time: 5.6e-05 seconds
probability of topic_Course_26 is 0.141758

pgibbs sample time: 5.4e-05 seconds
probability of topic_Student_4 is 0.0842438

pgibbs sample time: 5.5e-05 seconds
probability of topic_Course_56 is 0.0891904

pgibbs sample time: 5.7e-05 seconds
probability of topic_Department_63 is 0.0855171

pgibbs sample time: 5.7e-05 seconds
probability of topic_Faculty_77 is 0.116539

pgibbs sample time: 5.7e-05 seconds
probability of topic_ResearchProject_24 is 0.106037

pgibbs sample time: 5.5e-05 seconds
probability of topic_Person_5 is 0.11684

pgibbs sample time: 5.5e-05 seconds
probability of topic_Course_59 is 0.182119

pgibbs sample time: 5.6e-05 seconds
probability of topic_Department_8 is 0.193085

pgibbs sample time: 5.5e-05 seconds
probability of topic_Staff_94 is 0.0866285

pgibbs sample time: 5.5e-05 seconds
probability of topic_Course_36 is 0.0854307

pgibbs sample time: 7.1e-05 seconds
probability of topic_Student_76 is 0.12253

pgibbs sample time: 5.6e-05 seconds
probability of topic_Department_97 is 0.137483

pgibbs sample time: 0.000325 seconds
probability of topic_Department_72 is 0.0992869

pgibbs sample time: 0.000326 seconds
probability of topic_Department_41 is 0.0841115

pgibbs sample time: 5.5e-05 seconds
probability of topic_Person_71 is 0.201808

pgibbs sample time: 5.9e-05 seconds
probability of topic_Student_23 is 0.0522072

pgibbs sample time: 5.8e-05 seconds
probability of topic_ResearchProject_6 is 0.10165

pgibbs sample time: 0.000194 seconds
probability of topic_Person_91 is 0.0780417

pgibbs sample time: 5.8e-05 seconds
probability of topic_ResearchProject_44 is 0.0700553

pgibbs sample time: 7e-05 seconds
probability of topic_Person_14 is 0.0940298

pgibbs sample time: 5.7e-05 seconds
probability of topic_Faculty_82 is 0.0833607

pgibbs sample time: 5.6e-05 seconds
probability of topic_Person_21 is 0.102547

pgibbs sample time: 5.7e-05 seconds
probability of topic_ResearchProject_89 is 0.109456

pgibbs sample time: 5.7e-05 seconds
probability of topic_Student_83 is 0.126211

pgibbs sample time: 5.7e-05 seconds
probability of topic_Faculty_26 is 0.156856

pgibbs sample time: 5.6e-05 seconds
probability of topic_Department_90 is 0.139866

pgibbs sample time: 0.000198 seconds
probability of topic_Person_10 is 0.129816

pgibbs sample time: 0.000197 seconds
probability of topic_Person_87 is 0.178289

pgibbs sample time: 5.8e-05 seconds
probability of topic_Student_82 is 0.123171

pgibbs sample time: 5.6e-05 seconds
probability of topic_Staff_39 is 0.096097

pgibbs sample time: 0.000203 seconds
probability of topic_Person_54 is 0.108369

pgibbs sample time: 5.6e-05 seconds
probability of topic_Staff_56 is 0.0930899

pgibbs sample time: 5.7e-05 seconds
probability of topic_Department_79 is 0.193085

pgibbs sample time: 5.6e-05 seconds
probability of topic_Student_55 is 0.139636

pgibbs sample time: 0.000229 seconds
probability of topic_Course_81 is 0.137081

pgibbs sample time: 5.6e-05 seconds
probability of topic_Course_34 is 0.101594

pgibbs sample time: 5.5e-05 seconds
probability of topic_Person_42 is 0.128773

pgibbs sample time: 5.8e-05 seconds
probability of topic_ResearchProject_97 is 0.120786

pgibbs sample time: 5.5e-05 seconds
probability of topic_Course_95 is 0.118193

pgibbs sample time: 5.5e-05 seconds
probability of topic_Staff_97 is 0.114562

pgibbs sample time: 5.7e-05 seconds
probability of topic_Student_13 is 0.0580691

pgibbs sample time: 5.7e-05 seconds
probability of topic_Faculty_23 is 0.0942529

pgibbs sample time: 5.7e-05 seconds
probability of topic_ResearchProject_43 is 0.112396

pgibbs sample time: 5.7e-05 seconds
probability of topic_Person_33 is 0.0684784

pgibbs sample time: 5.5e-05 seconds
probability of topic_Course_23 is 0.290236

pgibbs sample time: 5.7e-05 seconds
probability of topic_Staff_13 is 0.116535

pgibbs sample time: 5.7e-05 seconds
probability of topic_Department_36 is 0.105436

pgibbs sample time: 0.000235 seconds
probability of topic_Department_49 is 0.11008

pgibbs sample time: 5.8e-05 seconds
probability of topic_ResearchProject_18 is 0.103724

pgibbs sample time: 5.8e-05 seconds
probability of topic_Course_5 is 0.105222

pgibbs sample time: 5.7e-05 seconds
probability of topic_Student_63 is 0.0990513

pgibbs sample time: 7.4e-05 seconds
probability of topic_ResearchProject_3 is 0.10259

pgibbs sample time: 5.7e-05 seconds
probability of topic_Faculty_60 is 0.0981916

pgibbs sample time: 5.7e-05 seconds
probability of topic_Faculty_16 is 0.122699

pgibbs sample time: 0.000195 seconds
probability of topic_Course_49 is 0.0953961

pgibbs sample time: 0.000194 seconds
probability of topic_Course_19 is 0.0834186

pgibbs sample time: 0.0002 seconds
probability of topic_Faculty_57 is 0.107905

pgibbs sample time: 5.6e-05 seconds
probability of topic_Department_58 is 0.0896178

pgibbs sample time: 7.1e-05 seconds
probability of topic_Person_3 is 0.101129

pgibbs sample time: 0.000205 seconds
probability of topic_ResearchProject_31 is 0.0867109

pgibbs sample time: 5.7e-05 seconds
probability of topic_Faculty_90 is 0.137056

pgibbs sample time: 5.8e-05 seconds
probability of topic_Faculty_40 is 0.0798315

pgibbs sample time: 5.6e-05 seconds
probability of topic_Faculty_44 is 0.147875

pgibbs sample time: 7e-05 seconds
probability of topic_Course_12 is 0.13048

pgibbs sample time: 5.6e-05 seconds
probability of topic_Staff_73 is 0.150887

pgibbs sample time: 5.6e-05 seconds
probability of topic_Staff_25 is 0.0771316

pgibbs sample time: 5.8e-05 seconds
probability of topic_ResearchProject_2 is 0.127965

pgibbs sample time: 7e-05 seconds
probability of topic_Department_18 is 0.0745435

pgibbs sample time: 5.7e-05 seconds
probability of topic_ResearchProject_64 is 0.106046

pgibbs sample time: 5.6e-05 seconds
probability of topic_Person_66 is 0.1089

pgibbs sample time: 5.5e-05 seconds
probability of topic_Course_38 is 0.105285

pgibbs sample time: 0.000874 seconds
probability of topic_Department_28 is 0.115606

pgibbs sample time: 0.000871 seconds
probability of topic_Department_102 is 0.0789024

pgibbs sample time: 0.000994 seconds
probability of topic_Department_50 is 0.135699

pgibbs sample time: 7.2e-05 seconds
probability of topic_Faculty_53 is 0.108402

pgibbs sample time: 6.1e-05 seconds
probability of topic_ResearchProject_78 is 0.127965

pgibbs sample time: 5.6e-05 seconds
probability of topic_Staff_44 is 0.0874999

pgibbs sample time: 8.2e-05 seconds
probability of topic_Staff_47 is 0.0860245

pgibbs sample time: 5.7e-05 seconds
probability of topic_Student_38 is 0.0956805

pgibbs sample time: 5.6e-05 seconds
probability of topic_Person_86 is 0.118943

pgibbs sample time: 5.7e-05 seconds
probability of topic_Student_66 is 0.109458

pgibbs sample time: 0.001022 seconds
probability of topic_Course_28 is 0.121557

pgibbs sample time: 5.8e-05 seconds
probability of topic_Student_44 is 0.129772

pgibbs sample time: 0.000995 seconds
probability of topic_Department_29 is 0.0754613

pgibbs sample time: 0.000968 seconds
probability of topic_Course_50 is 0.107872

pgibbs sample time: 5.7e-05 seconds
probability of topic_Course_52 is 0.104568

pgibbs sample time: 0.000295 seconds
probability of topic_Person_115 is 0.0899117

pgibbs sample time: 7.2e-05 seconds
probability of topic_Course_18 is 0.0676367

pgibbs sample time: 5.5e-05 seconds
probability of topic_Course_27 is 0.105222

pgibbs sample time: 0.000192 seconds
probability of topic_Person_11 is 0.138179

pgibbs sample time: 5.7e-05 seconds
probability of topic_Student_30 is 0.0884648

pgibbs sample time: 5.5e-05 seconds
probability of topic_Course_94 is 0.0842368

pgibbs sample time: 5.7e-05 seconds
probability of topic_Student_69 is 0.119051

pgibbs sample time: 5.8e-05 seconds
probability of topic_Student_94 is 0.108926

pgibbs sample time: 0.000205 seconds
probability of topic_ResearchProject_120 is 0.109673

pgibbs sample time: 5.7e-05 seconds
probability of topic_Course_78 is 0.133521

pgibbs sample time: 5.6e-05 seconds
probability of topic_Course_89 is 0.124777

pgibbs sample time: 0.000268 seconds
probability of topic_Faculty_116 is 0.0965373

pgibbs sample time: 5.8e-05 seconds
probability of topic_Department_16 is 0.0843164

pgibbs sample time: 5.7e-05 seconds
probability of topic_Faculty_12 is 0.147769

pgibbs sample time: 5.6e-05 seconds
probability of topic_Department_17 is 0.0781608

pgibbs sample time: 0.000196 seconds
probability of topic_Staff_67 is 0.103966

pgibbs sample time: 5.5e-05 seconds
probability of topic_Course_6 is 0.11351

pgibbs sample time: 5.7e-05 seconds
probability of topic_Student_33 is 0.0602387

pgibbs sample time: 7e-05 seconds
probability of topic_Person_53 is 0.125778

pgibbs sample time: 5.5e-05 seconds
probability of topic_Staff_69 is 0.103544

pgibbs sample time: 5.7e-05 seconds
probability of topic_ResearchProject_75 is 0.117541

pgibbs sample time: 5.6e-05 seconds
probability of topic_Student_58 is 0.0767741

pgibbs sample time: 5.7e-05 seconds
probability of topic_Student_34 is 0.159601

pgibbs sample time: 5.7e-05 seconds
probability of topic_Department_2 is 0.104213

pgibbs sample time: 5.4e-05 seconds
probability of topic_Faculty_1 is 0.152963

pgibbs sample time: 5.6e-05 seconds
probability of topic_Staff_36 is 0.0900833

pgibbs sample time: 5.5e-05 seconds
probability of topic_Staff_51 is 0.0988727

pgibbs sample time: 5.7e-05 seconds
probability of topic_Student_21 is 0.0997967

pgibbs sample time: 0.000325 seconds
probability of topic_Course_92 is 0.114227

pgibbs sample time: 5.7e-05 seconds
probability of topic_Student_64 is 0.0884668

pgibbs sample time: 5.6e-05 seconds
probability of topic_Course_55 is 0.107802

pgibbs sample time: 5.7e-05 seconds
probability of topic_Student_40 is 0.109533

pgibbs sample time: 6e-05 seconds
probability of topic_Course_66 is 0.0853862

pgibbs sample time: 5.7e-05 seconds
probability of topic_Department_66 is 0.105425

pgibbs sample time: 0.000223 seconds
probability of topic_Person_81 is 0.117456

pgibbs sample time: 5.6e-05 seconds
probability of topic_Course_8 is 0.105222

pgibbs sample time: 5.8e-05 seconds
probability of topic_Department_21 is 0.105657

pgibbs sample time: 5.6e-05 seconds
probability of topic_Course_97 is 0.152467

pgibbs sample time: 5.4e-05 seconds
probability of topic_Person_77 is 0.243469

pgibbs sample time: 5.6e-05 seconds
probability of topic_Person_89 is 0.114775

pgibbs sample time: 0.000197 seconds
probability of topic_Staff_20 is 0.113011

pgibbs sample time: 5.7e-05 seconds
probability of topic_ResearchProject_82 is 0.103724

pgibbs sample time: 5.7e-05 seconds
probability of topic_ResearchProject_94 is 0.0867993

pgibbs sample time: 5.7e-05 seconds
probability of topic_Department_89 is 0.100177

pgibbs sample time: 5.8e-05 seconds
probability of topic_Faculty_65 is 0.0902205

pgibbs sample time: 5.6e-05 seconds
probability of topic_Student_9 is 0.101492

pgibbs sample time: 5.5e-05 seconds
probability of topic_Person_58 is 0.103326

pgibbs sample time: 5.5e-05 seconds
probability of topic_Person_76 is 0.113662

pgibbs sample time: 5.5e-05 seconds
probability of topic_Person_6 is 0.10676

pgibbs sample time: 0.000203 seconds
probability of topic_ResearchProject_115 is 0.209241

pgibbs sample time: 0.000219 seconds
probability of topic_Person_19 is 0.229716

pgibbs sample time: 5.5e-05 seconds
probability of topic_Staff_5 is 0.149378

pgibbs sample time: 5.5e-05 seconds
probability of topic_Course_33 is 0.158232

pgibbs sample time: 5.7e-05 seconds
probability of topic_Person_2 is 0.0707108

pgibbs sample time: 0.000204 seconds
probability of topic_Course_114 is 0.0905772

pgibbs sample time: 5.8e-05 seconds
probability of topic_Faculty_30 is 0.104668

pgibbs sample time: 7e-05 seconds
probability of topic_Person_68 is 0.0524671

pgibbs sample time: 0.000164 seconds
probability of topic_Course_61 is 0.0986672

pgibbs sample time: 0.000306 seconds
probability of topic_Faculty_120 is 0.120456

pgibbs sample time: 5.8e-05 seconds
probability of topic_ResearchProject_39 is 0.138305

pgibbs sample time: 5.6e-05 seconds
probability of topic_Department_69 is 0.0949749

pgibbs sample time: 0.000206 seconds
probability of topic_Department_87 is 0.107869

pgibbs sample time: 5.6e-05 seconds
probability of topic_Course_44 is 0.115773

pgibbs sample time: 5.7e-05 seconds
probability of topic_Student_43 is 0.104502

pgibbs sample time: 5.9e-05 seconds
probability of topic_Department_27 is 0.193085

pgibbs sample time: 0.000332 seconds
probability of topic_Department_120 is 0.209162

pgibbs sample time: 5.7e-05 seconds
probability of topic_Staff_21 is 0.120497

pgibbs sample time: 7.2e-05 seconds
probability of topic_ResearchProject_14 is 0.077179

pgibbs sample time: 5.5e-05 seconds
probability of topic_Staff_74 is 0.0948402

pgibbs sample time: 5.5e-05 seconds
probability of topic_Faculty_5 is 0.110334

pgibbs sample time: 5.7e-05 seconds
probability of topic_Department_15 is 0.114394

pgibbs sample time: 5.7e-05 seconds
probability of topic_Faculty_71 is 0.123567

pgibbs sample time: 0.00097 seconds
probability of topic_Student_29 is 0.155115

pgibbs sample time: 5.8e-05 seconds
probability of topic_Faculty_58 is 0.134391

pgibbs sample time: 0.00033 seconds
probability of topic_Faculty_41 is 0.0812837

pgibbs sample time: 0.000307 seconds
probability of topic_Faculty_31 is 0.111584

pgibbs sample time: 5.7e-05 seconds
probability of topic_Course_17 is 0.0943611

pgibbs sample time: 5.9e-05 seconds
probability of topic_Department_73 is 0.0934672

pgibbs sample time: 5.6e-05 seconds
probability of topic_ResearchProject_46 is 0.0867993

pgibbs sample time: 7.1e-05 seconds
probability of topic_Department_7 is 0.109797

pgibbs sample time: 5.6e-05 seconds
probability of topic_Staff_84 is 0.101301

pgibbs sample time: 5.7e-05 seconds
probability of topic_Faculty_74 is 0.0854832

pgibbs sample time: 5.8e-05 seconds
probability of topic_Faculty_89 is 0.103804

pgibbs sample time: 5.6e-05 seconds
probability of topic_Faculty_15 is 0.114392

pgibbs sample time: 5.6e-05 seconds
probability of topic_Student_97 is 0.164472

pgibbs sample time: 7.1e-05 seconds
probability of topic_ResearchProject_76 is 0.102424

pgibbs sample time: 5.6e-05 seconds
probability of topic_Faculty_64 is 0.105852

pgibbs sample time: 5.6e-05 seconds
probability of topic_ResearchProject_80 is 0.0931433

pgibbs sample time: 0.000204 seconds
probability of topic_ResearchProject_67 is 0.102301

pgibbs sample time: 7.1e-05 seconds
probability of topic_Department_53 is 0.0932549

pgibbs sample time: 0.000321 seconds
probability of topic_Person_120 is 0.126726

pgibbs sample time: 0.000293 seconds
probability of topic_Student_45 is 0.124548

pgibbs sample time: 5.5e-05 seconds
probability of topic_Student_1 is 0.0679965

pgibbs sample time: 0.000885 seconds
probability of topic_Faculty_50 is 0.107385

pgibbs sample time: 0.000203 seconds
probability of topic_Department_61 is 0.0607876

pgibbs sample time: 6.9e-05 seconds
probability of topic_Person_52 is 0.0868549

pgibbs sample time: 0.000238 seconds
probability of topic_Department_81 is 0.167487

pgibbs sample time: 0.000176 seconds
probability of topic_Department_11 is 0.113087

pgibbs sample time: 7e-05 seconds
probability of topic_Course_88 is 0.121482

pgibbs sample time: 5.8e-05 seconds
probability of topic_ResearchProject_71 is 0.108601

pgibbs sample time: 5.6e-05 seconds
probability of topic_Student_79 is 0.124752

pgibbs sample time: 0.000235 seconds
probability of topic_Department_19 is 0.167968

pgibbs sample time: 5.8e-05 seconds
probability of topic_Faculty_27 is 0.110334

pgibbs sample time: 0.00017 seconds
probability of topic_Person_57 is 0.112782

pgibbs sample time: 0.000234 seconds
probability of topic_ResearchProject_49 is 0.119376

pgibbs sample time: 5.7e-05 seconds
probability of topic_ResearchProject_70 is 0.0827269

pgibbs sample time: 7.2e-05 seconds
probability of topic_Student_17 is 0.135662

pgibbs sample time: 0.000323 seconds
probability of topic_Student_120 is 0.135031

pgibbs sample time: 5.7e-05 seconds
probability of topic_Department_77 is 0.18052

pgibbs sample time: 0.000861 seconds
probability of topic_ResearchProject_28 is 0.107184

pgibbs sample time: 5.9e-05 seconds
probability of topic_Department_38 is 0.14735

pgibbs sample time: 5.7e-05 seconds
probability of topic_ResearchProject_16 is 0.109777

pgibbs sample time: 5.5e-05 seconds
probability of topic_Course_53 is 0.0872788

pgibbs sample time: 0.00032 seconds
probability of topic_Staff_115 is 0.13622

pgibbs sample time: 5.8e-05 seconds
probability of topic_ResearchProject_30 is 0.101843

pgibbs sample time: 5.8e-05 seconds
probability of topic_Faculty_79 is 0.110334

pgibbs sample time: 0.000977 seconds
probability of topic_Student_102 is 0.172744

pgibbs sample time: 5.7e-05 seconds
probability of topic_Student_56 is 0.0801102

pgibbs sample time: 5.8e-05 seconds
probability of topic_ResearchProject_59 is 0.100222

pgibbs sample time: 5.7e-05 seconds
probability of topic_Staff_9 is 0.11146

pgibbs sample time: 5.5e-05 seconds
probability of topic_Staff_37 is 0.0948402

pgibbs sample time: 5.7e-05 seconds
probability of topic_ResearchProject_90 is 0.1508

pgibbs sample time: 0.000326 seconds
probability of topic_Person_31 is 0.17186

pgibbs sample time: 0.000975 seconds
probability of topic_Person_102 is 0.157984

pgibbs sample time: 5.6e-05 seconds
probability of topic_Course_98 is 0.0708754

pgibbs sample time: 0.000203 seconds
probability of topic_Person_114 is 0.12978

pgibbs sample time: 5.8e-05 seconds
probability of topic_Department_70 is 0.146444

pgibbs sample time: 5.8e-05 seconds
probability of topic_Faculty_84 is 0.132199

pgibbs sample time: 0.000202 seconds
probability of topic_Student_10 is 0.142986

pgibbs sample time: 5.7e-05 seconds
probability of topic_Staff_42 is 0.125279

pgibbs sample time: 0.000202 seconds
probability of topic_Student_67 is 0.122014

pgibbs sample time: 5.7e-05 seconds
probability of topic_Student_77 is 0.242094

pgibbs sample time: 7.2e-05 seconds
probability of topic_Student_12 is 0.162525

pgibbs sample time: 5.7e-05 seconds
probability of topic_Department_42 is 0.113685

pgibbs sample time: 0.000964 seconds
probability of topic_Staff_102 is 0.130847

pgibbs sample time: 7.2e-05 seconds
probability of topic_Department_3 is 0.12715

pgibbs sample time: 5.6e-05 seconds
probability of topic_Person_79 is 0.11684

pgibbs sample time: 0.000192 seconds
probability of topic_Person_67 is 0.123723

pgibbs sample time: 5.6e-05 seconds
probability of topic_Person_9 is 0.0834132

pgibbs sample time: 7.1e-05 seconds
probability of topic_Faculty_52 is 0.118523

pgibbs sample time: 5.6e-05 seconds
probability of topic_Staff_78 is 0.100289

pgibbs sample time: 5.6e-05 seconds
probability of topic_Student_96 is 0.0934493

pgibbs sample time: 5.7e-05 seconds
probability of topic_Faculty_96 is 0.105459

pgibbs sample time: 5.6e-05 seconds
probability of topic_Student_52 is 0.0997159

pgibbs sample time: 5.6e-05 seconds
probability of topic_Department_37 is 0.106577

pgibbs sample time: 5.6e-05 seconds
probability of topic_Department_34 is 0.0720754

pgibbs sample time: 0.000223 seconds
probability of topic_Person_20 is 0.154528

pgibbs sample time: 5.6e-05 seconds
probability of topic_Person_25 is 0.110036

pgibbs sample time: 0.000307 seconds
probability of topic_Staff_91 is 0.107764

pgibbs sample time: 0.000225 seconds
probability of topic_Staff_19 is 0.083191

pgibbs sample time: 0.000332 seconds
probability of topic_Faculty_115 is 0.10818

pgibbs sample time: 5.8e-05 seconds
probability of topic_ResearchProject_22 is 0.0837043

pgibbs sample time: 0.000206 seconds
probability of topic_Department_10 is 0.0966573

pgibbs sample time: 0.000976 seconds
probability of topic_Student_50 is 0.137375

pgibbs sample time: 0.000862 seconds
probability of topic_ResearchProject_29 is 0.0858875

pgibbs sample time: 0.000205 seconds
probability of topic_Course_54 is 0.113354

pgibbs sample time: 5.7e-05 seconds
probability of topic_Person_84 is 0.0971429

pgibbs sample time: 5.6e-05 seconds
probability of topic_ResearchProject_4 is 0.0875892

pgibbs sample time: 0.000177 seconds
probability of topic_Department_67 is 0.116381

pgibbs sample time: 5.6e-05 seconds
probability of topic_Course_96 is 0.0823311

pgibbs sample time: 5.7e-05 seconds
probability of topic_Department_25 is 0.0784007

pgibbs sample time: 0.000299 seconds
probability of topic_Staff_116 is 0.10819

pgibbs sample time: 5.7e-05 seconds
probability of topic_Faculty_24 is 0.107054

pgibbs sample time: 5.6e-05 seconds
probability of topic_Department_82 is 0.0858202

pgibbs sample time: 5.6e-05 seconds
probability of topic_Course_64 is 0.0875618

pgibbs sample time: 5.6e-05 seconds
probability of topic_Staff_40 is 0.0900833

pgibbs sample time: 0.000323 seconds
probability of topic_Student_92 is 0.119307

pgibbs sample time: 5.7e-05 seconds
probability of topic_Person_55 is 0.162599

pgibbs sample time: 0.000173 seconds
probability of topic_Person_61 is 0.143712

pgibbs sample time: 7.1e-05 seconds
probability of topic_Department_35 is 0.0908518

pgibbs sample time: 5.8e-05 seconds
probability of topic_Faculty_66 is 0.079707

pgibbs sample time: 5.6e-05 seconds
probability of topic_ResearchProject_52 is 0.111573

pgibbs sample time: 5.8e-05 seconds
probability of topic_ResearchProject_73 is 0.104143

pgibbs sample time: 0.000864 seconds
probability of topic_ResearchProject_102 is 0.0938626

pgibbs sample time: 5.8e-05 seconds
probability of topic_Faculty_95 is 0.107831

pgibbs sample time: 0.000328 seconds
probability of topic_Department_48 is 0.13013

pgibbs sample time: 5.9e-05 seconds
probability of topic_Department_39 is 0.0873436

pgibbs sample time: 5.7e-05 seconds
probability of topic_ResearchProject_69 is 0.111841

pgibbs sample time: 5.8e-05 seconds
probability of topic_Department_55 is 0.0808061

pgibbs sample time: 5.7e-05 seconds
probability of topic_Person_23 is 0.0416437

pgibbs sample time: 0.000203 seconds
probability of topic_Faculty_87 is 0.134669

pgibbs sample time: 0.000204 seconds
probability of topic_ResearchProject_41 is 0.101572

pgibbs sample time: 5.7e-05 seconds
probability of topic_Person_7 is 0.106118

pgibbs sample time: 0.001012 seconds
probability of topic_Faculty_28 is 0.124246

pgibbs sample time: 0.000316 seconds
probability of topic_Staff_72 is 0.101673

pgibbs sample time: 0.000325 seconds
probability of topic_Faculty_91 is 0.103666

pgibbs sample time: 5.7e-05 seconds
probability of topic_Department_5 is 0.193085

pgibbs sample time: 6.8e-05 seconds
probability of topic_Staff_52 is 0.107524

pgibbs sample time: 0.000202 seconds
probability of topic_Course_10 is 0.108425

pgibbs sample time: 7.5e-05 seconds
probability of topic_Department_76 is 0.0999693

pgibbs sample time: 5.6e-05 seconds
probability of topic_Person_16 is 0.113162

pgibbs sample time: 5.7e-05 seconds
probability of topic_Faculty_34 is 0.105926

pgibbs sample time: 5.7e-05 seconds
probability of topic_Course_60 is 0.105158

pgibbs sample time: 8e-05 seconds
probability of topic_Course_47 is 0.106209

pgibbs sample time: 5.5e-05 seconds
probability of topic_Course_70 is 0.15042

pgibbs sample time: 5.5e-05 seconds
probability of topic_Person_30 is 0.0958948

pgibbs sample time: 5.5e-05 seconds
probability of topic_Course_73 is 0.0793872

pgibbs sample time: 5.5e-05 seconds
probability of topic_Person_51 is 0.119603

pgibbs sample time: 5.4e-05 seconds
probability of topic_Person_95 is 0.105599

pgibbs sample time: 0.000231 seconds
probability of topic_Student_20 is 0.151466

pgibbs sample time: 0.000292 seconds
probability of topic_Student_91 is 0.0857362

pgibbs sample time: 5.8e-05 seconds
probability of topic_Department_43 is 0.105792

pgibbs sample time: 0.000268 seconds
probability of topic_ResearchProject_116 is 0.127783

pgibbs sample time: 5.5e-05 seconds
probability of topic_Staff_15 is 0.114393

pgibbs sample time: 5.6e-05 seconds
probability of topic_Faculty_2 is 0.0971163

pgibbs sample time: 5.6e-05 seconds
probability of topic_Person_59 is 0.135381

pgibbs sample time: 5.8e-05 seconds
probability of topic_Faculty_59 is 0.0995226

pgibbs sample time: 5.6e-05 seconds
probability of topic_Faculty_42 is 0.113181

pgibbs sample time: 0.00023 seconds
probability of topic_Faculty_19 is 0.0759946

pgibbs sample time: 0.000327 seconds
probability of topic_Department_115 is 0.097522

pgibbs sample time: 5.8e-05 seconds
probability of topic_Student_27 is 0.124752

pgibbs sample time: 5.7e-05 seconds
probability of topic_Faculty_8 is 0.110334

pgibbs sample time: 5.6e-05 seconds
probability of topic_Staff_99 is 0.096097

pgibbs sample time: 5.6e-05 seconds
probability of topic_Course_85 is 0.133704

pgibbs sample time: 5.8e-05 seconds
probability of topic_ResearchProject_55 is 0.0807058

pgibbs sample time: 7.1e-05 seconds
probability of topic_Faculty_18 is 0.0861997

pgibbs sample time: 7e-05 seconds
probability of topic_Staff_7 is 0.113467

pgibbs sample time: 5.8e-05 seconds
probability of topic_Department_46 is 0.107018

pgibbs sample time: 5.6e-05 seconds
probability of topic_Department_74 is 0.106577

pgibbs sample time: 0.000309 seconds
probability of topic_Course_116 is 0.113999

pgibbs sample time: 7.1e-05 seconds
probability of topic_Person_17 is 0.145375

pgibbs sample time: 0.000215 seconds
probability of topic_Faculty_67 is 0.0932339

pgibbs sample time: 5.5e-05 seconds
probability of topic_Course_24 is 0.147524

pgibbs sample time: 0.0003 seconds
probability of topic_Staff_93 is 0.127052

pgibbs sample time: 0.000964 seconds
probability of topic_Staff_50 is 0.118644

pgibbs sample time: 0.000965 seconds
probability of topic_Staff_28 is 0.117806

pgibbs sample time: 0.000201 seconds
probability of topic_Course_87 is 0.0718825

pgibbs sample time: 0.000274 seconds
probability of topic_Student_93 is 0.0376121

pgibbs sample time: 0.000961 seconds
probability of topic_Staff_29 is 0.129376

pgibbs sample time: 5.7e-05 seconds
probability of topic_Course_22 is 0.105256

pgibbs sample time: 5.6e-05 seconds
probability of topic_Course_13 is 0.104595

pgibbs sample time: 0.00097 seconds
probability of topic_Course_102 is 0.0936137

pgibbs sample time: 0.000988 seconds
probability of topic_ResearchProject_50 is 0.118687

pgibbs sample time: 7.2e-05 seconds
probability of topic_ResearchProject_53 is 0.114964

pgibbs sample time: 5.7e-05 seconds
probability of topic_Department_86 is 0.0886948

pgibbs sample time: 5.5e-05 seconds
probability of topic_Person_15 is 0.114389

pgibbs sample time: 5.7e-05 seconds
probability of topic_ResearchProject_34 is 0.0829609

pgibbs sample time: 5.5e-05 seconds
probability of topic_Person_4 is 0.106762

pgibbs sample time: 5.6e-05 seconds
probability of topic_Staff_83 is 0.108321

pgibbs sample time: 5.6e-05 seconds
probability of topic_Person_83 is 0.124497

pgibbs sample time: 8.1e-05 seconds
probability of topic_Person_47 is 0.0494659

pgibbs sample time: 5.8e-05 seconds
probability of topic_Student_22 is 0.174619

pgibbs sample time: 7.2e-05 seconds
probability of topic_Faculty_17 is 0.157018

pgibbs sample time: 7.2e-05 seconds
probability of topic_Course_32 is 0.114202

pgibbs sample time: 5.5e-05 seconds
probability of topic_Staff_90 is 0.171014

pgibbs sample time: 0.000261 seconds
probability of topic_Person_93 is 0.035844

pgibbs sample time: 5.9e-05 seconds
probability of topic_Faculty_39 is 0.103209

pgibbs sample time: 5.7e-05 seconds
probability of topic_Course_40 is 0.0854307

pgibbs sample time: 5.7e-05 seconds
probability of topic_Faculty_99 is 0.103209

pgibbs sample time: 5.6e-05 seconds
probability of topic_Student_80 is 0.111963

pgibbs sample time: 0.000176 seconds
probability of topic_ResearchProject_11 is 0.0693147

pgibbs sample time: 0.000207 seconds
probability of topic_ResearchProject_87 is 0.0884467

pgibbs sample time: 0.000307 seconds
probability of topic_Staff_48 is 0.168183

pgibbs sample time: 7.3e-05 seconds
probability of topic_Department_68 is 0.0790022

pgibbs sample time: 5.6e-05 seconds
probability of topic_Person_64 is 0.090305

pgibbs sample time: 5.8e-05 seconds
probability of topic_Faculty_86 is 0.0895212

pgibbs sample time: 0.00021 seconds
probability of topic_Faculty_54 is 0.113259

pgibbs sample time: 5.7e-05 seconds
probability of topic_Student_42 is 0.105606

pgibbs sample time: 5.7e-05 seconds
probability of topic_Person_78 is 0.0707108

pgibbs sample time: 0.000207 seconds
probability of topic_ResearchProject_10 is 0.135379

pgibbs sample time: 5.7e-05 seconds
probability of topic_Staff_65 is 0.111401

pgibbs sample time: 5.8e-05 seconds
probability of topic_ResearchProject_66 is 0.0906498

pgibbs sample time: 5.7e-05 seconds
probability of topic_Student_90 is 0.117158

pgibbs sample time: 5.8e-05 seconds
probability of topic_Department_60 is 0.122427

pgibbs sample time: 0.000291 seconds
probability of topic_Student_48 is 0.049782

pgibbs sample time: 5.7e-05 seconds
probability of topic_Course_39 is 0.167675

pgibbs sample time: 8.4e-05 seconds
probability of topic_Department_47 is 0.0613633

pgibbs sample time: 5.7e-05 seconds
probability of topic_Course_43 is 0.100844

pgibbs sample time: 5.8e-05 seconds
probability of topic_Department_99 is 0.0873436

pgibbs sample time: 7.1e-05 seconds
probability of topic_Student_32 is 0.113623

pgibbs sample time: 0.000317 seconds
probability of topic_Staff_41 is 0.0783527

pgibbs sample time: 5.7e-05 seconds
probability of topic_Department_24 is 0.116729

pgibbs sample time: 0.000239 seconds
probability of topic_Faculty_81 is 0.102075

pgibbs sample time: 0.000193 seconds
probability of topic_Course_67 is 0.0954824

pgibbs sample time: 0.000305 seconds
probability of topic_Course_45 is 0.0921338

pgibbs sample time: 7e-05 seconds
probability of topic_Student_7 is 0.102569

pgibbs sample time: 5.8e-05 seconds
probability of topic_Department_40 is 0.105436

pgibbs sample time: 5.5e-05 seconds
probability of topic_Staff_89 is 0.127889

pgibbs sample time: 0.000197 seconds
probability of topic_Staff_54 is 0.111244

pgibbs sample time: 7.2e-05 seconds
probability of topic_ResearchProject_32 is 0.107605

pgibbs sample time: 5.6e-05 seconds
probability of topic_Course_99 is 0.167675

pgibbs sample time: 5.4e-05 seconds
probability of topic_Person_46 is 0.108347

pgibbs sample time: 6.8e-05 seconds
probability of topic_Person_35 is 0.133256

pgibbs sample time: 6.9e-05 seconds
probability of topic_Course_7 is 0.101687

pgibbs sample time: 0.000174 seconds
probability of topic_Faculty_61 is 0.105099

pgibbs sample time: 0.000306 seconds
probability of topic_Staff_45 is 0.0969342

pgibbs sample time: 5.5e-05 seconds
probability of topic_Staff_95 is 0.0987521

pgibbs sample time: 0.000234 seconds
probability of topic_Student_49 is 0.154937

pgibbs sample time: 5.9e-05 seconds
probability of topic_ResearchProject_27 is 0.100104

pgibbs sample time: 5.5e-05 seconds
probability of topic_Course_79 is 0.105222

pgibbs sample time: 5.6e-05 seconds
probability of topic_Staff_22 is 0.139534

pgibbs sample time: 0.000198 seconds
probability of topic_Course_11 is 0.114686

pgibbs sample time: 5.7e-05 seconds
probability of topic_Faculty_21 is 0.0982928

pgibbs sample time: 5.5e-05 seconds
probability of topic_Person_56 is 0.0663138

pgibbs sample time: 5.5e-05 seconds
probability of topic_Faculty_80 is 0.0854832

pgibbs sample time: 5.5e-05 seconds
probability of topic_Course_46 is 0.0842368

pgibbs sample time: 0.000207 seconds
probability of topic_ResearchProject_61 is 0.115098

pgibbs sample time: 5.8e-05 seconds
probability of topic_Faculty_38 is 0.101237

pgibbs sample time: 5.8e-05 seconds
probability of topic_Department_80 is 0.106577

pgibbs sample time: 0.000324 seconds
probability of topic_Course_120 is 0.115221

pgibbs sample time: 5.7e-05 seconds
probability of topic_Person_27 is 0.11684

pgibbs sample time: 0.000228 seconds
probability of topic_Faculty_49 is 0.126495

pgibbs sample time: 0.000319 seconds
probability of topic_Course_72 is 0.115489

pgibbs sample time: 5.5e-05 seconds
probability of topic_Staff_27 is 0.149378

pgibbs sample time: 0.000969 seconds
probability of topic_Course_29 is 0.234167

pgibbs sample time: 5.8e-05 seconds
probability of topic_Person_70 is 0.0970152

pgibbs sample time: 5.5e-05 seconds
probability of topic_Person_40 is 0.108938

pgibbs sample time: 5.5e-05 seconds
probability of topic_Person_39 is 0.0813615

pgibbs sample time: 5.6e-05 seconds
probability of topic_Staff_79 is 0.149378

pgibbs sample time: 5.6e-05 seconds
probability of topic_Course_84 is 0.11049

pgibbs sample time: 5.5e-05 seconds
probability of topic_Course_74 is 0.0872788

pgibbs sample time: 5.5e-05 seconds
probability of topic_Staff_98 is 0.0945649

pgibbs sample time: 5.7e-05 seconds
probability of topic_Student_36 is 0.109533

pgibbs sample time: 5.7e-05 seconds
probability of topic_ResearchProject_74 is 0.0931433

pgibbs sample time: 7e-05 seconds
probability of topic_Student_14 is 0.100423

pgibbs sample time: 0.000198 seconds
probability of topic_Student_61 is 0.157007

pgibbs sample time: 0.000202 seconds
probability of topic_Staff_57 is 0.0995411

pgibbs sample time: 0.000322 seconds
probability of topic_Person_92 is 0.113368

pgibbs sample time: 0.000233 seconds
probability of topic_ResearchProject_19 is 0.132914

pgibbs sample time: 5.7e-05 seconds
probability of topic_Person_44 is 0.139832

pgibbs sample time: 0.00032 seconds
probability of topic_Course_41 is 0.0775327

pgibbs sample time: 7.1e-05 seconds
probability of topic_Staff_68 is 0.0637812

pgibbs sample time: 7.1e-05 seconds
probability of topic_Faculty_35 is 0.117982

pgibbs sample time: 0.00032 seconds
probability of topic_Course_115 is 0.214797

pgibbs sample time: 0.000331 seconds
probability of topic_Student_72 is 0.139462

pgibbs sample time: 5.7e-05 seconds
probability of topic_Faculty_76 is 0.0854832

pgibbs sample time: 5.8e-05 seconds
probability of topic_Faculty_36 is 0.0798315

pgibbs sample time: 7e-05 seconds
probability of topic_Staff_32 is 0.0968688

pgibbs sample time: 7.2e-05 seconds
probability of topic_Faculty_3 is 0.130442

pgibbs sample time: 0.000201 seconds
probability of topic_Student_11 is 0.128241

pgibbs sample time: 5.8e-05 seconds
probability of topic_Faculty_63 is 0.104938

pgibbs sample time: 5.7e-05 seconds
probability of topic_Faculty_69 is 0.102613

pgibbs sample time: 0.000377 seconds
probability of topic_ResearchProject_48 is 0.402595

pgibbs sample time: 0.000974 seconds
probability of topic_Student_28 is 0.126304

pgibbs sample time: 5.6e-05 seconds
probability of topic_Person_34 is 0.19909

pgibbs sample time: 5.7e-05 seconds
probability of topic_Staff_2 is 0.100289

pgibbs sample time: 5.7e-05 seconds
probability of topic_Faculty_75 is 0.112565

pgibbs sample time: 0.001016 seconds
probability of topic_Faculty_102 is 0.150171

pgibbs sample time: 5.6e-05 seconds
probability of topic_Course_30 is 0.148528

pgibbs sample time: 0.001013 seconds
probability of topic_Faculty_29 is 0.0957219

pgibbs sample time: 0.000308 seconds
probability of topic_ResearchProject_93 is 0.0942936

pgibbs sample time: 5.6e-05 seconds
probability of topic_Person_38 is 0.0693648

pgibbs sample time: 5.9e-05 seconds
probability of topic_ResearchProject_63 is 0.122113

pgibbs sample time: 5.8e-05 seconds
probability of topic_Staff_60 is 0.111758

pgibbs sample time: 5.7e-05 seconds
probability of topic_ResearchProject_56 is 0.145229

pgibbs sample time: 0.000309 seconds
probability of topic_Course_93 is 0.0972297

pgibbs sample time: 0.000165 seconds
probability of topic_Course_57 is 0.11927

pgibbs sample time: 6.9e-05 seconds
probability of topic_Staff_14 is 0.122535

pgibbs sample time: 5.6e-05 seconds
probability of topic_Course_63 is 0.136841

pgibbs sample time: 5.8e-05 seconds
probability of topic_Student_46 is 0.108926

pgibbs sample time: 5.5e-05 seconds
probability of topic_Person_36 is 0.108938

pgibbs sample time: 6.9e-05 seconds
probability of topic_Course_14 is 0.160244

pgibbs sample time: 6.1e-05 seconds
probability of topic_Student_39 is 0.10325

pgibbs sample time: 5.7e-05 seconds
probability of topic_Department_85 is 0.107789

pgibbs sample time: 7.2e-05 seconds
probability of topic_Student_35 is 0.159681

pgibbs sample time: 5.5e-05 seconds
probability of topic_Person_98 is 0.143162

pgibbs sample time: 7.1e-05 seconds
probability of topic_Department_12 is 0.166721

pgibbs sample time: 5.6e-05 seconds
probability of topic_Course_69 is 0.113747

pgibbs sample time: 5.4e-05 seconds
probability of topic_Staff_30 is 0.123464

pgibbs sample time: 7.4e-05 seconds
probability of topic_Faculty_88 is 0.140824

pgibbs sample time: 5.7e-05 seconds
probability of topic_Faculty_83 is 0.11006

pgibbs sample time: 5.6e-05 seconds
probability of topic_Department_84 is 0.0857344

pgibbs sample time: 0.000308 seconds
probability of topic_Faculty_92 is 0.130967

pgibbs sample time: 7.6e-05 seconds
probability of topic_Student_68 is 0.0661826

pgibbs sample time: 5.5e-05 seconds
probability of topic_Course_9 is 0.0967018

pgibbs sample time: 0.000219 seconds
probability of topic_Person_49 is 0.134469

pgibbs sample time: 5.6e-05 seconds
probability of topic_Staff_16 is 0.138436

pgibbs sample time: 7.2e-05 seconds
probability of topic_Faculty_14 is 0.0992434

pgibbs sample time: 0.000239 seconds
probability of topic_Department_20 is 0.140731

pgibbs sample time: 0.000277 seconds
probability of topic_Student_116 is 0.0926925

pgibbs sample time: 5.7e-05 seconds
probability of topic_Faculty_25 is 0.0887349

pgibbs sample time: 5.6e-05 seconds
probability of topic_Person_18 is 0.0739787

pgibbs sample time: 0.000301 seconds
probability of topic_Person_72 is 0.146466

pgibbs sample time: 0.000323 seconds
probability of topic_Student_31 is 0.185209

pgibbs sample time: 5.8e-05 seconds
probability of topic_ResearchProject_36 is 0.0913892

pgibbs sample time: 5.7e-05 seconds
probability of topic_Department_30 is 0.087318

pgibbs sample time: 0.000326 seconds
probability of topic_Faculty_45 is 0.0865394

pgibbs sample time: 5.8e-05 seconds
probability of topic_Department_23 is 0.147564

pgibbs sample time: 5.7e-05 seconds
probability of topic_Student_73 is 0.18431

pgibbs sample time: 0.000204 seconds
probability of topic_Student_54 is 0.11126

pgibbs sample time: 0.000325 seconds
probability of topic_Faculty_48 is 0.108307

pgibbs sample time: 5.8e-05 seconds
probability of topic_ResearchProject_13 is 0.133343

pgibbs sample time: 7.2e-05 seconds
probability of topic_Department_32 is 0.0898106

pgibbs sample time: 0.00021 seconds
probability of topic_Faculty_114 is 0.097927

pgibbs sample time: 5.7e-05 seconds
probability of topic_Staff_82 is 0.0802927

pgibbs sample time: 0.000297 seconds
probability of topic_Person_41 is 0.11175

pgibbs sample time: 5.8e-05 seconds
probability of topic_Faculty_46 is 0.0755157

pgibbs sample time: 5.6e-05 seconds
probability of topic_Faculty_4 is 0.133307

pgibbs sample time: 5.7e-05 seconds
probability of topic_Faculty_37 is 0.0854832

pgibbs sample time: 0.000324 seconds
probability of topic_Course_31 is 0.0864408

pgibbs sample time: 5.8e-05 seconds
probability of topic_Department_33 is 0.333213

pgibbs sample time: 5.7e-05 seconds
probability of topic_Faculty_33 is 0.16248

pgibbs sample time: 5.6e-05 seconds
probability of topic_Student_62 is 0.242094

pgibbs sample time: 7e-05 seconds
probability of topic_Course_76 is 0.0857451

pgibbs sample time: 0.000231 seconds
probability of topic_Course_20 is 0.0941217

pgibbs sample time: 0.000239 seconds
probability of topic_Faculty_20 is 0.126195

pgibbs sample time: 5.5e-05 seconds
probability of topic_Course_42 is 0.0933715

pgibbs sample time: 5.5e-05 seconds
probability of topic_Staff_34 is 0.15723

pgibbs sample time: 5.6e-05 seconds
probability of topic_Person_63 is 0.0880792

pgibbs sample time: 0.000203 seconds
probability of topic_Student_87 is 0.161342

pgibbs sample time: 5.8e-05 seconds
probability of topic_Faculty_78 is 0.0971163

pgibbs sample time: 5.7e-05 seconds
probability of topic_Department_64 is 0.0825642

pgibbs sample time: 7.1e-05 seconds
probability of topic_ResearchProject_12 is 0.0615696

pgibbs sample time: 7.1e-05 seconds
probability of topic_Student_3 is 0.0622785

pgibbs sample time: 6.9e-05 seconds
probability of topic_Person_12 is 0.168085

pgibbs sample time: 5.7e-05 seconds
probability of topic_Department_83 is 0.100008

pgibbs sample time: 5.5e-05 seconds
probability of topic_Staff_26 is 0.126833

pgibbs sample time: 6.9e-05 seconds
probability of topic_Person_32 is 0.103612

pgibbs sample time: 7.1e-05 seconds
probability of topic_ResearchProject_17 is 0.104845

pgibbs sample time: 8.6e-05 seconds
probability of topic_Student_47 is 0.0684691

pgibbs sample time: 5.6e-05 seconds
probability of topic_Faculty_94 is 0.0755157

pgibbs sample time: 0.000377 seconds
probability of topic_ResearchProject_45 is 0.0955718

pgibbs sample time: 5.8e-05 seconds
probability of topic_Student_86 is 0.12576

pgibbs sample time: 5.6e-05 seconds
probability of topic_Person_96 is 0.101016

pgibbs sample time: 5.7e-05 seconds
probability of topic_Faculty_97 is 0.101288

pgibbs sample time: 5.7e-05 seconds
probability of topic_Department_6 is 0.092868

pgibbs sample time: 0.000329 seconds
probability of topic_Department_91 is 0.133713

pgibbs sample time: 5.8e-05 seconds
probability of topic_Person_65 is 0.118427

pgibbs sample time: 6.9e-05 seconds
probability of topic_Staff_3 is 0.137893

pgibbs sample time: 5.5e-05 seconds
probability of topic_Staff_43 is 0.111413

pgibbs sample time: 5.8e-05 seconds
probability of topic_Department_78 is 0.104213

pgibbs sample time: 5.6e-05 seconds
probability of topic_Course_80 is 0.0872788

pgibbs sample time: 0.000175 seconds
probability of topic_Department_57 is 0.130021

pgibbs sample time: 7.1e-05 seconds
probability of topic_Course_35 is 0.0901152

pgibbs sample time: 5.5e-05 seconds
probability of topic_Staff_62 is 0.111338

pgibbs sample time: 5.6e-05 seconds
probability of topic_Course_75 is 0.0834726

pgibbs sample time: 5.5e-05 seconds
probability of topic_Staff_75 is 0.123974

pgibbs sample time: 5.5e-05 seconds
probability of topic_Course_83 is 0.17098

pgibbs sample time: 5.8e-05 seconds
probability of topic_ResearchProject_38 is 0.105362

pgibbs sample time: 5.5e-05 seconds
probability of topic_Staff_71 is 0.153806

pgibbs sample time: 0.000202 seconds
probability of topic_Faculty_10 is 0.146167

pgibbs sample time: 7.2e-05 seconds
probability of topic_Student_53 is 0.0953338

pgibbs sample time: 0.000977 seconds
probability of topic_Person_28 is 0.0989722

pgibbs sample time: 5.9e-05 seconds
probability of topic_ResearchProject_60 is 0.110987

pgibbs sample time: 0.000978 seconds
probability of topic_Person_50 is 0.140625

pgibbs sample time: 7.1e-05 seconds
probability of topic_Faculty_7 is 0.0933733

pgibbs sample time: 5.8e-05 seconds
probability of topic_Department_59 is 0.127938

pgibbs sample time: 0.000202 seconds
probability of topic_Staff_61 is 0.117062

pgibbs sample time: 5.7e-05 seconds
probability of topic_Staff_6 is 0.100623

pgibbs sample time: 5.6e-05 seconds
probability of topic_Person_13 is 0.0770311

pgibbs sample time: 7e-05 seconds
probability of topic_Department_88 is 0.138107

pgibbs sample time: 0.000307 seconds
probability of topic_Course_48 is 0.0977433

pgibbs sample time: 0.000205 seconds
probability of topic_Student_114 is 0.137082

pgibbs sample time: 5.7e-05 seconds
probability of topic_ResearchProject_99 is 0.138305

pgibbs sample time: 5.8e-05 seconds
probability of topic_Faculty_85 is 0.110889

pgibbs sample time: 5.7e-05 seconds
probability of topic_Department_4 is 0.103476

pgibbs sample time: 5.4e-05 seconds
probability of topic_Course_71 is 0.0991188

pgibbs sample time: 5.7e-05 seconds
probability of topic_Course_25 is 0.0917731

pgibbs sample time: 5.5e-05 seconds
probability of topic_Person_75 is 0.107077

pgibbs sample time: 5.7e-05 seconds
probability of topic_ResearchProject_26 is 0.173515

pgibbs sample time: 5.7e-05 seconds
probability of topic_Staff_87 is 0.136508

pgibbs sample time: 6.8e-05 seconds
probability of topic_Staff_76 is 0.0859914

pgibbs sample time: 5.9e-05 seconds
probability of topic_Student_70 is 0.0876746

pgibbs sample time: 7.3e-05 seconds
probability of topic_ResearchProject_88 is 0.0691382

pgibbs sample time: 0.000331 seconds
probability of topic_Faculty_72 is 0.13804

pgibbs sample time: 5.8e-05 seconds
probability of topic_Department_95 is 0.117157

pgibbs sample time: 5.6e-05 seconds
probability of topic_Department_56 is 0.109957

pgibbs sample time: 5.7e-05 seconds
probability of topic_Student_74 is 0.111963

pgibbs sample time: 5.5e-05 seconds
probability of topic_Person_80 is 0.113662

pgibbs sample time: 5.6e-05 seconds
probability of topic_Department_62 is 0.18052

pgibbs sample time: 5.7e-05 seconds
probability of topic_ResearchProject_33 is 0.0996599

pgibbs sample time: 5.6e-05 seconds
probability of topic_ResearchProject_8 is 0.100104

pgibbs sample time: 7e-05 seconds
probability of topic_Person_88 is 0.291681

pgibbs sample time: 5.8e-05 seconds
probability of topic_Course_2 is 0.133521

pgibbs sample time: 0.000208 seconds
probability of topic_ResearchProject_57 is 0.114942

pgibbs sample time: 0.00098 seconds
probability of topic_Person_29 is 0.151582

pgibbs sample time: 5.7e-05 seconds
probability of topic_Student_15 is 0.114392

pgibbs sample time: 5.7e-05 seconds
probability of topic_Student_37 is 0.111963

pgibbs sample time: 5.7e-05 seconds
probability of topic_ResearchProject_83 is 0.107837

pgibbs sample time: 5.6e-05 seconds
probability of topic_Person_90 is 0.189912

pgibbs sample time: 0.000231 seconds
probability of topic_Student_81 is 0.151191

pgibbs sample time: 5.8e-05 seconds
probability of topic_ResearchProject_79 is 0.100104

pgibbs sample time: 5.6e-05 seconds
probability of topic_Staff_59 is 0.107586

pgibbs sample time: 5.7e-05 seconds
probability of topic_Student_60 is 0.117873

pgibbs sample time: 5.5e-05 seconds
probability of topic_Staff_77 is 0.111338

pgibbs sample time: 0.000235 seconds
probability of topic_Student_19 is 0.229047

pgibbs sample time: 0.000196 seconds
probability of topic_Person_45 is 0.119341

pgibbs sample time: 5.5e-05 seconds
probability of topic_Staff_86 is 0.0832345

pgibbs sample time: 0.00023 seconds
probability of topic_ResearchProject_20 is 0.180638

pgibbs sample time: 7.2e-05 seconds
probability of topic_Faculty_32 is 0.128563

pgibbs sample time: 0.000171 seconds
probability of topic_Staff_81 is 0.0993962

pgibbs sample time: 5.5e-05 seconds
probability of topic_Student_6 is 0.126224

pgibbs sample time: 0.000314 seconds
probability of topic_Staff_120 is 0.162445

pgibbs sample time: 7.1e-05 seconds
probability of topic_Student_88 is 0.213097

pgibbs sample time: 5.8e-05 seconds
probability of topic_ResearchProject_51 is 0.115947

pgibbs sample time: 0.000332 seconds
probability of topic_Department_31 is 0.103604

pgibbs sample time: 0.000336 seconds
probability of topic_Department_92 is 0.101873

pgibbs sample time: 5.6e-05 seconds
probability of topic_Staff_1 is 0.0811437

pgibbs sample time: 0.000314 seconds
probability of topic_Staff_31 is 0.110447

pgibbs sample time: 6.1e-05 seconds
probability of topic_Department_14 is 0.108893

pgibbs sample time: 5.7e-05 seconds
probability of topic_Person_69 is 0.100252

pgibbs sample time: 5.9e-05 seconds
probability of topic_ResearchProject_25 is 0.104277

pgibbs sample time: 5.7e-05 seconds
probability of topic_ResearchProject_65 is 0.125761

pgibbs sample time: 0.000191 seconds
probability of topic_Staff_49 is 0.122559

pgibbs sample time: 0.000205 seconds
probability of topic_Faculty_11 is 0.146568

pgibbs sample time: 5.8e-05 seconds
probability of topic_ResearchProject_96 is 0.112931

pgibbs sample time: 5.6e-05 seconds
probability of topic_Course_68 is 0.113941

pgibbs sample time: 5.7e-05 seconds
probability of topic_ResearchProject_42 is 0.110406

pgibbs sample time: 5.6e-05 seconds
probability of topic_Staff_64 is 0.102124

pgibbs sample time: 5.4e-05 seconds
probability of topic_Staff_4 is 0.100815

pgibbs sample time: 5.4e-05 seconds
probability of topic_Course_15 is 0.114394

pgibbs sample time: 5.4e-05 seconds
probability of topic_Faculty_6 is 0.106035

pgibbs sample time: 5.9e-05 seconds
probability of topic_Department_75 is 0.101285

pgibbs sample time: 0.00026 seconds
probability of topic_Person_116 is 0.0742613

pgibbs sample time: 5.8e-05 seconds
probability of topic_Faculty_62 is 0.116539

pgibbs sample time: 5.7e-05 seconds
probability of topic_Staff_66 is 0.0895899

pgibbs sample time: 5.7e-05 seconds
probability of topic_ResearchProject_58 is 0.147635

pgibbs sample time: 5.7e-05 seconds
probability of topic_Staff_17 is 0.152457

pgibbs sample time: 5.8e-05 seconds
probability of topic_Department_26 is 0.120005

pgibbs sample time: 0.000329 seconds
probability of topic_Department_45 is 0.113445

pgibbs sample time: 5.9e-05 seconds
probability of topic_Student_89 is 0.123008

pgibbs sample time: 7e-05 seconds
probability of topic_Staff_53 is 0.0926435

pgibbs sample time: 0.000305 seconds
probability of topic_Course_91 is 0.159966

pgibbs sample time: 5.8e-05 seconds
probability of topic_Student_25 is 0.117373

pgibbs sample time: 6.9e-05 seconds
probability of topic_Staff_35 is 0.0958024

pgibbs sample time: 5.8e-05 seconds
probability of topic_ResearchProject_84 is 0.0796257

pgibbs sample time: 7.2e-05 seconds
probability of topic_Department_52 is 0.0998337

pgibbs sample time: 5.6e-05 seconds
probability of topic_ResearchProject_40 is 0.0913892

pgibbs sample time: 5.5e-05 seconds
probability of topic_Staff_80 is 0.0948402

