28788
Student
Faculty
Staff
ResearchProject
Course
Department
Person
9313418
9313608
9313751
9313887
9314027
9314165
9314301
10663037
10663261
10663444
10663644
10663792
10663940
10664090
10729483
10729641
10729785
10729928
10730077
10730220
10730362
10774488
10774645
10774790
10774931
10775072
10775212
10775352
11073672
11073823
11073966
11074102
11074253
11074394
11074549
11117283
11117431
11117568
11117701
11117836
11117975
11118110
11187370
11187518
11187654
11187788
11187922
11188055
11188188
11256978
11257128
11257266
11257400
11257535
11257671
11257804
11302013
11302167
11302319
11302452
11302586
11302738
11302877
11783175
11783329
11783472
11783614
11783754
11783894
11784034
11832415
11832570
11832713
11832854
11832995
11833136
11833276
11881511
11881666
11881810
11881958
11882100
11882257
11882402
12005094
12005242
12005379
12005514
12005649
12005782
12005923
12577171
12577321
12577458
12577593
12577727
12577868
12578002
12626416
12626562
12626699
12626833
12626968
12627102
12627235
12748739
12748887
12749024
12749159
12749294
12749428
12749562
12874275
12874421
12874557
12874692
12874826
12874959
12875093
12963322
12963479
12963632
12963767
12963902
12964037
12964171
13240055
13240206
13240344
13240499
13240640
13240793
13240927
13292283
13292433
13292570
13292706
13292840
13292974
13293108
13428091
13428258
13428395
13428530
13428665
13428816
13429006
13480093
13480242
13480380
13480515
13480649
13480784
13480919
13618648
13618795
13618952
13619094
13619246
13619380
13619514
15464448
15464601
15464739
15464874
15465008
15465142
15465277
15519401
15519550
15519687
15519823
15519959
15520093
15520227
15680750
15680908
15681052
15681193
15681340
15681484
15681625
15739429
15739577
15739714
15739849
15739983
15740116
15740249
15849505
15849655
15849791
15849927
15850062
15850197
15850332
15959459
15959606
15959742
15959875
15960009
15960142
15960274
16070964
16071113
16071250
16071385
16071520
16071654
16071788
16240860
16241009
16241145
16241285
16241421
16241556
16241690
16720929
16721085
16721233
16721376
16721516
16721656
16721796
17686325
17686485
17686630
17686773
17686914
17687055
17687196
17892744
17892891
17893027
17893167
17893302
17893437
17893570
18959170
18959328
18959465
18959600
18959733
18959866
18959999
19153001
19153149
19153286
19153422
19153555
19153690
19153824
19282969
19283118
19283255
19283389
19283524
19283658
19283793
20012763
20012920
20013060
20013195
20013331
20013465
20013600
20218258
20218407
20218543
20218677
20218811
20218944
20219078
20281344
20281490
20281626
20281760
20281894
20282028
20282163
20418054
20418203
20418341
20418476
20418610
20418745
20418879
20555999
20556149
20556286
20556421
20556556
20556690
20556831
20620216
20620366
20620503
20620639
20620780
20620915
20621050
21331120
21331270
21331407
21331542
21331676
21331809
21331943
21552729
21552880
21553017
21553153
21553288
21553423
21553557
21695433
21695579
21695715
21695851
21695985
21696118
21696251
21761234
21761380
21761516
21761649
21761783
21761915
21762048
22276177
22276364
22276522
22276712
22276848
22276983
22277116
22423945
22424092
22424227
22424361
22424502
22424637
22424771
22573587
22573738
22573875
22574011
22574145
22574278
22574413
22807438
22807588
22807726
22807861
22807996
22808131
22808265
22875962
22876112
22876249
22876384
22876525
22876660
22876794
23249744
23249892
23250028
23250162
23250295
23250428
23250561
23318560
23318706
23318841
23318974
23319107
23319240
23319373
27847589
27847751
27847899
27848035
27848169
27848301
27848435
27919910
27920057
27920192
27920326
27920460
27920593
27920727
28090097
28090245
28090382
28090516
28090650
28090805
28090947
28263130
28263279
28263430
28263565
28263701
28263842
28263978
29416155
29416303
29416438
29416573
29416708
29416841
29416975
29859953
29860103
29860304
29860441
29860577
29860712
29860846
30139579
30139743
30139883
30140020
30140154
30140289
30140423
30215783
30215933
30216071
30216206
30216340
30216492
30216633
30292769
30292919
30293055
30293190
30293325
30293459
30293594
30580706
30580857
30580995
30581131
30581266
30581400
30581535
30657614
30657776
30657914
30658050
30658185
30658320
30658456
31508009
31508157
31508293
31508427
31508559
31508693
31508825
31692627
31692775
31692911
31693045
31693178
31693312
31693445
31882193
31882344
31882480
31882616
31882750
31882885
31883018
31960840
31960988
31961125
31961259
31961394
31961528
31961662
32040210
32040358
32040495
32040630
32040764
32040899
32041033
32520122
32520272
32520408
32520543
32520678
32520812
32520945
32600187
32600335
32600472
32600606
32600739
32600873
32601007
32794843
32794994
32795136
32795275
32795410
32795544
32795678
32876572
32876722
32876862
32876996
32877130
32877286
32877427
33486172
33486322
33486460
33486597
33486732
33486867
33487000
33800220
33800368
33800503
33800637
33800770
33800902
33801037
34267287
34267437
34267574
34267709
34267843
34267977
34268109
34469372
34469522
34469658
34469793
34469928
34470063
34470197
34669513
34669660
34669796
34669930
34670063
34670196
34670329
35181902
35182049
35182185
35182319
35182452
35182584
35182718
37868499
37868672
37868842
37869000
37869135
37869268
37869401
39043212
39043367
39043504
39043638
39043771
39043905
39044039
39130564
39130713
39130851
39130986
39131121
39131255
39131388
39218246
39218401
39218538
39218673
39218806
39218940
39219075
39306731
39306879
39307015
39307149
39307283
39307417
39307551
40342063
40342236
40342379
40342531
40342664
40342797
40342931
40431706
40431870
40432005
40432139
40432272
40432405
40432538
40520637
40520783
40520918
40521051
40521184
40521317
40521450
40884148
40884309
40884454
40884596
40884737
40884877
40885018
40977713
40977862
40977999
40978140
40978276
40978410
40978544
41068245
41068393
41068530
41068666
41068800
41068935
41069069
43310507
43310663
43310798
43310933
43311068
43311201
43311335
43401042
43401190
43401326
43401460
43401592
43401726
43401866
43774068
43774219
43774357
43774491
43774666
43774820
43774989
44147622
44147772
44148421
44148786
44149133
44149512
44149900
44453311
44453465
44453607
44453743
44453879
44454013
44454147
50111284
50111459
50111595
50111730
50111863
50111997
50112151
50360584
50360733
50360877
50361012
50361146
50361279
50361411
50610935
50611086
50611223
50611375
50611518
50611673
50611807
51009854
51010007
51010143
51010278
51010412
51010547
51010680
51259384
51259533
51259670
51259804
51259939
51260072
51260206
51357006
51357156
51357292
51357427
51357561
51357694
51357826
51622610
51622775
51622911
51623047
51623181
51623316
51623450
52348234
52348389
52348530
52348667
52348802
52348971
52349122
52446669
52446820
52446957
52447093
52447227
52447360
52447495
53288137
53288301
53289008
53289374
53289721
53290066
53290412
53459336
53459485
53459621
53459756
53459890
53460024
53460159
54136887
54137041
54137178
54137313
54137447
54137581
54137716
54817568
54817849
54817986
54818121
54818255
54818389
54818522
55085130
55085281
55085419
55085554
55085689
55085823
55085956
55187399
55187549
55187687
55187821
55187956
55188112
55188257
55289528
55289677
55289815
55289950
55290084
55290218
55290353
55559274
55559427
55559565
55559700
55559835
55559970
55560110
55826527
55826676
55826811
55826944
55827078
55827211
55827343
56521353
56521509
56521647
56521783
56521918
56522053
56522188
57817567
57817721
57817856
57817989
57818123
57818255
57818388
57920322
57920468
57920603
57920737
57920870
57921002
57921135
58191686
58191841
58191979
58192113
58192247
58192380
58192514
58295619
58295795
58296263
58296623
58296972
58297316
58297659
59252900
59253054
59253191
59253325
59253459
59253706
59253884
59358940
59359090
59359228
59359363
59359498
59359638
59359773
59636549
59636698
59636834
59636968
59637101
59637234
59637367
59688919
59689143
59689319
59689490
59689662
59689833
59690004
60051380
60051561
60051704
60051845
60051986
60052127
60052266
60164777
60164933
60165075
60165216
60165357
60165498
60165637
60647144
60647301
60647462
60647604
60647755
60647888
60648022
60755454
60755600
60755736
60755869
60756003
60756136
60756269
61041258
61041406
61041542
61041677
61041811
61041944
61042078
61149872
61150038
61150181
61150336
61150469
61150601
61150734
61437849
61438011
61438147
61438280
61438414
61438547
61438681
61547686
61547835
61547970
61548104
61548238
61548373
61548507
62021331
62021521
62021690
62021873
62022047
62022221
62022357
69257969
69258143
69258279
69258414
69258548
69258681
69258815
70225241
70225395
70225532
70225666
70225805
70225941
70226076
70337685
70337839
70337976
70338111
70338244
70338378
70338511
70642936
70643087
70643223
70643357
70643490
70643623
70643756
70756233
70756381
70756517
70756652
70756785
70756919
70757051
70870057
70870205
70870341
70870475
70870608
70870741
70870872
70984007
70984155
70984290
70984424
70984558
70984691
70984824
71295980
71296131
71296304
71296457
71296604
71296794
71296953
71607911
71608066
71608206
71608341
71608627
71608798
71608956
71923051
71923202
71923338
71923472
71923606
71923738
71923872
72038799
72038948
72039084
72039218
72039352
72039485
72039618
72548529
72548687
72548825
72548961
72549097
72549231
72549366
74085398
74085557
74085694
74085829
74085964
74086098
74086232
74406566
74406717
74406854
74406989
74407123
74407257
74407390
74523580
74523729
74523866
74524000
74524135
74524269
74524403
76086231
76086394
76086531
76086667
76086801
76086934
76087067
76205005
76205154
76205290
76205424
76205558
76205692
76205826
79089847
79090012
79090147
79090280
79090413
79090545
79090678
79414922
79415072
79415208
79415342
79415475
79415608
79415741
79743914
79744069
79744204
79744343
79744478
79744611
79744744
79865273
79865420
79865555
79865688
79865821
79865953
79866085
79985895
79986041
79986177
79986311
79986444
79986576
79986709
80106746
80106893
80107028
80107162
80107295
80107428
80107561
80228243
80228400
80228537
80228672
80228806
80228939
80229073
80901645
80901831
80901973
80902130
80902277
80902422
80902564
81459826
81459980
81460127
81460262
81460395
81460529
81460662
81802335
81802492
81802792
81802929
81803063
81803200
81803334
82359899
82360054
82360192
82360327
82360462
82360597
82360731
82705551
82705707
82705845
82705980
82706154
82706299
82706469
82831246
82831395
82831533
82831668
82831808
82831944
82832079
83178389
83178542
83178679
83178814
83178948
83179082
83179216
83751123
83751284
83751421
83751557
83751698
83751834
83751970
85154899
85155058
85155195
85155330
85155463
85155602
85155736
85506562
85506719
85506858
85506993
85507126
85507260
85507393
86416078
86416235
86416370
86416504
86416638
86416770
86416903
86542205
86542355
86542491
86542625
86542759
86542892
86543025
86668888
86669036
86669171
86669306
86669440
86669573
86669705
86795577
86795723
86795859
86795993
86796126
86796260
86796393
87147064
87147218
87147355
87147489
87147623
87147757
87147890
87274937
87275129
87275329
87275465
87275598
87275731
87275864
87403358
87403505
87403640
87403773
87403907
87404041
87404173
90589060
90589228
90589365
90589499
90589632
90589765
90589898
93172761
93172931
93173066
93173200
93173333
93173467
93173599
93303931
93304079
93304262
93304401
93304540
93304676
93304810
93435606
93435758
93435899
93436038
93436175
93436311
93436445
93567392
93567600
93567775
93567924
93568099
93568235
93568370
93699550
93699701
93699839
93699975
93700110
93700245
93700380
93831681
93831831
93831968
93832103
93832238
93832373
93832506
93964002
93964151
93964288
93964425
93964560
93964696
93964831
94096882
94097032
94097169
94097304
94097438
94097572
94097708
94230012
94230162
94230307
94230444
94230580
94230714
94230849
94363491
94363641
94363779
94363914
94364048
94364183
94364317
94497764
94497913
94498050
94498191
94498328
94498462
94498597
94632293
94632443
94632579
94632713
94632848
94632982
94633115
94766659
94766808
94766944
94767116
94767265
94767451
94767623
94901673
94901822
94901959
94902093
94902234
94902368
94902501
95038340
95038496
95038651
95038786
95038920
95039054
95039188
95173802
95173952
95174098
95174234
95174369
95174503
95174637
95309369
95309518
95309654
95309790
95309923
95310062
95310198
95446633
95446782
95446919
95447053
95447188
95447322
95447455
95584471
95584620
95584756
95584891
95585025
95585158
95585311
95720732
95720880
95721017
95721153
95721287
95721421
95721555
95857746
95857909
95858050
95858185
95858319
95858452
95858585
95995229
95995377
95995513
95995647
95995781
95995914
95996048
96132465
96132613
96132749
96132883
96133017
96133150
96133284
96270910
96271063
96271201
96271337
96271472
96271607
96271742
96411476
96411625
96411761
96411895
96412028
96412162
96412294
96550096
96550245
96550380
96550514
96550648
96550781
96550915
time=999 node=10.1.1.4 tuple=records records_attr1=10.1.1.4 records_attr2=1266b824a80dc7db4001737b3e40daeb0023b67 records_attr3=96b0991d3ac6afc18bdf38b54a82bdc01c61040c records_attr4=topic_Student_27(r288@n257(hasword_sep_27)) 
time=999 node=10.1.1.4 tuple=records records_attr1=10.1.1.4 records_attr2=2395a5a2d717daf5eb2c6e14f0a303e319baf36 records_attr3=9ceadde4a901b395aaa77f4a7e3e0339427114b2 records_attr4=topic_Faculty_113(rl@n257(links_113_11*topic_Faculty_11(rl@n257(links_11_116*topic_Faculty_116(r316@n257(hasword_content_116)))))) 
time=999 node=10.1.1.4 tuple=records records_attr1=10.1.1.4 records_attr2=4ae19139e18c61fe62a7a1f290b2a0af843ff0a records_attr3=844c1b458ec1e056f964cc76d2cc18ef5536608e records_attr4=topic_Student_30(rl@n257(links_30_114*topic_Student_114((r456@n257(hasword_appli_114))+(rl@n257(links_114_30*topic_Student_30))))) 
time=999 node=10.1.1.4 tuple=records records_attr1=10.1.1.4 records_attr2=66d289c23868f135e57b0a9493e2175619f00f9 records_attr3=ec5ec5923e04d4b26a581db46c1e2f1c2633e11c records_attr4=topic_Person_95((rl@n257(links_95_24*topic_Person_24(r294@n257(hasword_start_24))))+(rl@n257(links_95_34*topic_Person_34(r204@n257(hasword_interest_34))))+(rl@n257(links_95_36*topic_Person_36(rl@n257(links_36_121*topic_Person_121(r295@n257(hasword_version_121))))))+(rl@n257(links_95_57*topic_Person_57(rl@n257(links_57_3*topic_Person_3((r490@n257(hasword_interfac_3))+(rl@n257(links_3_57*topic_Person_57)))))))) 
time=999 node=10.1.1.4 tuple=records records_attr1=10.1.1.4 records_attr2=803bad2d32012607dfb0b23190cef6657f87212 records_attr3=4dbdd72bfd353c0590dc1eff72f439519efc5737 records_attr4=topic_Person_79(rl@n257(links_79_90*topic_Person_90(rl@n257(links_90_57*topic_Person_57(rl@n257(links_57_3*topic_Person_3((r490@n257(hasword_interfac_3))+(rl@n257(links_3_57*topic_Person_57))))))))) 
time=999 node=10.1.1.4 tuple=records records_attr1=10.1.1.4 records_attr2=8a1aaa29279edd42ed20b3f35a011338eb465c3 records_attr3=617b46bfa0e4ee83de6f1eef52cee26fcdc6224e records_attr4=topic_Staff_14(r423@n257(hasword_oct_14)) 
time=999 node=10.1.1.4 tuple=records records_attr1=10.1.1.4 records_attr2=decf8040b506f3fdae00a2f68d453d2b0433d44 records_attr3=4ad5668755e97591df0b65d0eefcfdd208d4d63c records_attr4=topic_Course_33(rl@n257(links_33_34*topic_Course_34(r136@n257(hasword_interest_34)))) 
time=999 node=10.1.1.4 tuple=records records_attr1=10.1.1.4 records_attr2=fb6ef7a525fb97197a037c2793929a57eaa8f30 records_attr3=b580041465080d20efd3c9ab13d6959dc5b8123b records_attr4=topic_Person_57(rl@n257(links_57_3*topic_Person_3((r490@n257(hasword_interfac_3))+(rl@n257(links_3_57*topic_Person_57))))) 
time=999 node=10.1.1.4 tuple=records records_attr1=10.1.1.4 records_attr2=1001918111b2c095b74c29ad040d0426d822420b records_attr3=c7130509a92191bad4104ca6b7243c01de6cc4ee records_attr4=topic_Student_28(r289@n257(hasword_sequenc_28)) 
time=999 node=10.1.1.4 tuple=records records_attr1=10.1.1.4 records_attr2=107b4e70adf4bce461bb540c6633beedfa1fbd66 records_attr3=1b584f80ce21b9ac1bcaa447ba9f36ea30e1af8b records_attr4=topic_Person_118(rl@n257(links_118_87*topic_Person_87(r487@n257(hasword_mon_87)))) 
time=999 node=10.1.1.4 tuple=records records_attr1=10.1.1.4 records_attr2=10e300802d6d9162f311afa1e7883d6c345cd60c records_attr3=1b98102cac1e852e9e44ee7195f2c8c7fb85637 records_attr4=topic_ResearchProject_53((r237@n257(hasword_ai_53))+(rl@n257(links_53_8*topic_ResearchProject_8((r459@n257(hasword_overview_8))+(rl@n257(links_8_172*topic_ResearchProject_172(rl@n257(links_172_8*topic_ResearchProject_8))))+(rl@n257(links_8_148*topic_ResearchProject_148(rl@n257(links_148_8*topic_ResearchProject_8)))))))) 
time=999 node=10.1.1.4 tuple=records records_attr1=10.1.1.4 records_attr2=173c49f894ded757b76f9c1d2cab7bd94e912a0a records_attr3=cf24f9e1edc70781803e84948ddfe8726bd1dd79 records_attr4=topic_Person_64(rl@n257(links_64_146*topic_Person_146((r166@n257(hasword_present_146))+(rl@n257(links_146_64*topic_Person_64))))) 
time=999 node=10.1.1.4 tuple=records records_attr1=10.1.1.4 records_attr2=17e58e658200f661629d06a5b5226f5ef41e74a0 records_attr3=899e90f7a87fa5ab85a2e637d92073980ed49a66 records_attr4=topic_Student_114((r456@n257(hasword_appli_114))+(rl@n257(links_114_30*topic_Student_30(rl@n257(links_30_114*topic_Student_114))))) 
time=999 node=10.1.1.4 tuple=records records_attr1=10.1.1.4 records_attr2=1a6144780a1ec95ab6ab38918357c367429f9177 records_attr3=b934e52b413218e7770dc0d9d860941802985041 records_attr4=topic_Faculty_59(r489@n257(hasword_view_59)) 
time=999 node=10.1.1.4 tuple=records records_attr1=10.1.1.4 records_attr2=1af937eae4cc0306ad6295a089ae9bec84a0d35a records_attr3=e9a50b0c8c750948c759aba40006cc435e042876 records_attr4=topic_Staff_22(r346@n257(hasword_repres_22)) 
time=999 node=10.1.1.4 tuple=records records_attr1=10.1.1.4 records_attr2=1afa748ca4a4cfce3aad94ac59429e83637e2db0 records_attr3=4112591d60b8d0bf9277d777392d2e6c19daf98a records_attr4=topic_Course_53(rl@n257(links_53_34*topic_Course_34(r136@n257(hasword_interest_34)))) 
time=999 node=10.1.1.4 tuple=records records_attr1=10.1.1.4 records_attr2=1c65327b2208b1263b348be8b32b408c0f1d3dbb records_attr3=4370bcb015c07c93e28561c42ad08d95d6f67eb4 records_attr4=topic_Person_56(r119@n257(hasword_aug_56)) 
time=999 node=10.1.1.4 tuple=records records_attr1=10.1.1.4 records_attr2=1d3e94c5254b3472f9984c22022d8dba95405e66 records_attr3=343d552813f3ba6ce5b02e64511715f3b45a0646 records_attr4=topic_Faculty_49(r217@n257(hasword_side_49)) 
time=999 node=10.1.1.4 tuple=records records_attr1=10.1.1.4 records_attr2=1de504cab7e7312a1e014cc55d206842448156bd records_attr3=9d49c11ba1b7553a22d56b1bd3d7e6b714821990 records_attr4=topic_Course_143(rl@n257(links_143_84*topic_Course_84((r171@n257(hasword_match_84))+(rl@n257(links_84_143*topic_Course_143))))) 
time=999 node=10.1.1.4 tuple=records records_attr1=10.1.1.4 records_attr2=1e64cfa59c1f2feb88076558d29eb2f1821291b2 records_attr3=20fc56b8d0eea145ea579beefe9471b4bd7f536c records_attr4=topic_ResearchProject_8((r459@n257(hasword_overview_8))+(rl@n257(links_8_172*topic_ResearchProject_172(rl@n257(links_172_8*topic_ResearchProject_8))))+(rl@n257(links_8_148*topic_ResearchProject_148(rl@n257(links_148_8*topic_ResearchProject_8))))) 
time=999 node=10.1.1.4 tuple=records records_attr1=10.1.1.4 records_attr2=1ed2c94f324010d31e83aea0b425a978a3abe47f records_attr3=1069b38708b1db7685d63d4e8f30a25cec2fc5c7 records_attr4=topic_ResearchProject_76(r96@n257(hasword_public_76)) 
time=999 node=10.1.1.4 tuple=records records_attr1=10.1.1.4 records_attr2=1fbc1347fff044dbe92dabc0e6a7137d4c7889a5 records_attr3=98761577dbf1bbfd77bb8934664c79cc334bc5be records_attr4=topic_Person_17((r387@n257(hasword_html_17))+(rl@n257(links_17_24*topic_Person_24(r294@n257(hasword_start_24))))) 
time=999 node=10.1.1.4 tuple=records records_attr1=10.1.1.4 records_attr2=22354d0c9c7f70625567cd0fb812314d02e3037e records_attr3=cd07c82ffca333b3e1c1547b70beb6ca56ede7b4 records_attr4=topic_Course_102(r442@n257(hasword_confer_102)) 
time=999 node=10.1.1.4 tuple=records records_attr1=10.1.1.4 records_attr2=25850d174838fe987e4ce97c75839e7669f7fc0f records_attr3=d9263597f229abd592a69f6031601f28e4703281 records_attr4=topic_Department_122(r397@n257(hasword_manual_122)) 
time=999 node=10.1.1.4 tuple=records records_attr1=10.1.1.4 records_attr2=296792d4ec0a793e90990d242114880bb5a39f93 records_attr3=7d7d000557d5c2785589260a21e2350c2e7c8243 records_attr4=topic_Faculty_130(r263@n257(hasword_memori_130)) 
time=999 node=10.1.1.4 tuple=records records_attr1=10.1.1.4 records_attr2=2ad2890f8aecca3c20f38df5d5edc50c3faff6ac records_attr3=38816b6593cb7d02436d041e691e23ccd01feb89 records_attr4=topic_ResearchProject_148(rl@n257(links_148_8*topic_ResearchProject_8((r459@n257(hasword_overview_8))+(rl@n257(links_8_148*topic_ResearchProject_148))+(rl@n257(links_8_172*topic_ResearchProject_172(rl@n257(links_172_8*topic_ResearchProject_8))))))) 
time=999 node=10.1.1.4 tuple=records records_attr1=10.1.1.4 records_attr2=2b72ccebb1b216a313be3480c2135aee0f531fa2 records_attr3=cfee758f94aad7d6511415d7cbb94d5adb0d0600 records_attr4=topic_Student_131((r465@n257(hasword_start_131))+(rl@n257(links_131_172*topic_Student_172(rl@n257(links_172_8*topic_Student_8((rl@n257(links_8_172*topic_Student_172))+(rl@n257(links_8_28*topic_Student_28(r289@n257(hasword_sequenc_28))))+(rl@n257(links_8_148*topic_Student_148(rl@n257(links_148_8*topic_Student_8)))))))))) 
time=999 node=10.1.1.4 tuple=records records_attr1=10.1.1.4 records_attr2=2d99bdfbe2a206795a6c7475d36f0c3ea8e12d0a records_attr3=e6df681b7cb835af4f5c4e16d756ef645c12a1a9 records_attr4=topic_Faculty_104(rl@n257(links_104_98*topic_Faculty_98(r406@n257(hasword_homework_98)))) 
time=999 node=10.1.1.4 tuple=records records_attr1=10.1.1.4 records_attr2=2da78abda05cacdaa5ab8e2af7ed488758a7f9e6 records_attr3=b1408b639c860ae0d2bc18bbf67ae2e3e69f5de records_attr4=topic_Department_15(r42@n257(hasword_institut_15)) 
time=999 node=10.1.1.4 tuple=records records_attr1=10.1.1.4 records_attr2=2def8be50202d5eb07e52d5ad114831925796ae9 records_attr3=4d31eb0671a19f9201f6a22c9a54b5eca4e0e3de records_attr4=topic_Faculty_80((rl@n257(links_80_128*topic_Faculty_128(r316@n257(hasword_content_128))))+(rl@n257(links_80_42*topic_Faculty_42(rl@n257(links_42_80*topic_Faculty_80))))) 
time=999 node=10.1.1.4 tuple=records records_attr1=10.1.1.4 records_attr2=2e5c54321e028fd4defc74c737bf693d70f568dd records_attr3=2ad57d0f1970d52d430e31a6547c445023424f60 records_attr4=topic_Faculty_118(rl@n257(links_118_87*topic_Faculty_87(r243@n257(hasword_offic_87)))) 
time=999 node=10.1.1.4 tuple=records records_attr1=10.1.1.4 records_attr2=2f9557c6186811fc160bc6111b8b6da51b0af952 records_attr3=e96082615bde9431347a1aaf7df52502e4a58c7a records_attr4=topic_Student_148(rl@n257(links_148_8*topic_Student_8((rl@n257(links_8_148*topic_Student_148))+(rl@n257(links_8_28*topic_Student_28(r289@n257(hasword_sequenc_28))))+(rl@n257(links_8_172*topic_Student_172(rl@n257(links_172_8*topic_Student_8))))))) 
time=999 node=10.1.1.4 tuple=records records_attr1=10.1.1.4 records_attr2=2fbc902f5ec3acaf7c0e5504dc6c7d6cd0653e12 records_attr3=6a59671c198525a6a09581406b50accf6765c2c records_attr4=topic_Department_64(rl@n257(links_64_146*topic_Department_146((r330@n257(hasword_present_146))+(rl@n257(links_146_64*topic_Department_64))))) 
time=999 node=10.1.1.4 tuple=records records_attr1=10.1.1.4 records_attr2=32b883dbb7f3e4dc4f6730cd0c1cab01fedd753e records_attr3=408bda61fee581657e81412c1131d4b094ef8876 records_attr4=topic_Person_101(r274@n257(hasword_addition_101)) 
time=999 node=10.1.1.4 tuple=records records_attr1=10.1.1.4 records_attr2=332d9da707a3df73e7dd883d40abc7f88a5dd387 records_attr3=a9026055a14f2d437106b0bea105ab523b7869f4 records_attr4=topic_Course_97(r196@n257(hasword_comput_97)) 
time=999 node=10.1.1.4 tuple=records records_attr1=10.1.1.4 records_attr2=3473e74c4d40151f460f520ee5ae19f91b037384 records_attr3=77f85d6a008e4cbb8a213e3f739938e3965dde30 records_attr4=topic_Student_40(r383@n257(hasword_program_40)) 
time=999 node=10.1.1.4 tuple=records records_attr1=10.1.1.4 records_attr2=3493a0bcfa98c3221e5a0aa208a6ab35602b5211 records_attr3=57a539b5a4f7eb8bbdedd2cc8f602925a4913266 records_attr4=topic_Course_55(r47@n257(hasword_neural_55)) 
time=999 node=10.1.1.4 tuple=records records_attr1=10.1.1.4 records_attr2=34f2133f9217ac59d8a047c617e7bae76219b6b8 records_attr3=7946c48916fd849af12f6b80604c41d3c5e4e213 records_attr4=topic_Staff_51(rl@n257(links_51_69*topic_Staff_69((r83@n257(hasword_pc_69))+(rl@n257(links_69_51*topic_Staff_51))))) 
time=999 node=10.1.1.4 tuple=records records_attr1=10.1.1.4 records_attr2=3569e97b1a58e56fca7f566625731cf81c2eaa8b records_attr3=b33f3dd531eea35a8ef7027bb099f42990ad9621 records_attr4=topic_Department_102(r239@n257(hasword_separ_102)) 
time=999 node=10.1.1.4 tuple=records records_attr1=10.1.1.4 records_attr2=35ee3b9028a49df9e583734d65fe12ae480c5a10 records_attr3=9d39d7b8a49c522fea218bf1b52c8aefbc4e6025 records_attr4=topic_Student_96(r288@n257(hasword_sep_96)) 
time=999 node=10.1.1.4 tuple=records records_attr1=10.1.1.4 records_attr2=3722954e94a1d69fd49bd092c53a06894810c6b3 records_attr3=4d48b6fc51079f189f19b9f2b44bf61b849fcb3b records_attr4=topic_Course_155(r224@n257(hasword_contact_155)) 
time=999 node=10.1.1.4 tuple=records records_attr1=10.1.1.4 records_attr2=37ce51b3f082600b05061a5602cfc36c7fcdc3ce records_attr3=f11a8a44a064e988ed12f1a85e9a74d3aa8ca818 records_attr4=topic_Faculty_92(r128@n257(hasword_utexa_92)) 
time=999 node=10.1.1.4 tuple=records records_attr1=10.1.1.4 records_attr2=37d2832ab7fc9f1487855c427be18f3ee1b4888e records_attr3=c9338e20fbfc96cf2c19a7c17ebd0bf7e4782aba records_attr4=topic_Staff_69((r83@n257(hasword_pc_69))+(rl@n257(links_69_51*topic_Staff_51(rl@n257(links_51_69*topic_Staff_69))))) 
time=999 node=10.1.1.4 tuple=records records_attr1=10.1.1.4 records_attr2=38f0dc8d1c8cccb9e3292c52edb5ef5f2b6e9a65 records_attr3=88343c558e0767b22a84f0a7977e11721ad9ee93 records_attr4=topic_Person_53(rl@n257(links_53_34*topic_Person_34(r204@n257(hasword_interest_34)))) 
time=999 node=10.1.1.4 tuple=records records_attr1=10.1.1.4 records_attr2=3a9c170fb750a3d4981beaafb36c8deca8097820 records_attr3=fc9a52171bcbc32ab89d6addb860d67d56dbe3d records_attr4=topic_Course_6(r272@n257(hasword_common_6)) 
time=999 node=10.1.1.4 tuple=records records_attr1=10.1.1.4 records_attr2=3b609fa956e29ada64d679ea3aa32584b2089ee6 records_attr3=72013dc4ceb630805b4a918cdc913c6f1fc0b512 records_attr4=topic_Department_46(rl@n257(links_46_124*topic_Department_124(r176@n257(hasword_begin_124)))) 
time=999 node=10.1.1.4 tuple=records records_attr1=10.1.1.4 records_attr2=3bc2b546412f32dd4688f7000aeda83b5194002e records_attr3=b3bd8d93c5ce776b91881a4e008db36e7a20dbdf records_attr4=topic_Faculty_106((r180@n257(hasword_size_106))+(rl@n257(links_106_165*topic_Faculty_165(rl@n257(links_165_106*topic_Faculty_106))))) 
time=999 node=10.1.1.4 tuple=records records_attr1=10.1.1.4 records_attr2=3d4bc5a0b82fe466bd759c52f538c829227d3b88 records_attr3=165f196ad8e238b294c4b611ec10374c348342b6 records_attr4=topic_Department_158(r228@n257(hasword_homework_158)) 
time=999 node=10.1.1.4 tuple=records records_attr1=10.1.1.4 records_attr2=4236f207cf9036d1f8fa86012ea1d79ce628cd09 records_attr3=f7b45d9e1efe945573ec3d84964f75654041bf05 records_attr4=topic_Faculty_138(r106@n257(hasword_ieee_138)) 
time=999 node=10.1.1.4 tuple=records records_attr1=10.1.1.4 records_attr2=4988339315102429f9542afdf4521438e020b6b6 records_attr3=556cd67730e903ad50026ad80f7e0f43d932c959 records_attr4=topic_Person_31(rl@n257(links_31_57*topic_Person_57(rl@n257(links_57_3*topic_Person_3((r490@n257(hasword_interfac_3))+(rl@n257(links_3_57*topic_Person_57))))))) 
time=999 node=10.1.1.4 tuple=records records_attr1=10.1.1.4 records_attr2=4a1e855a1b505b191870344713e832f2c1417e15 records_attr3=adc31ebf1c6e260f670da3a1d4bebd814b23aafc records_attr4=topic_Student_17(rl@n257(links_17_24*topic_Student_24(r465@n257(hasword_start_24)))) 
time=999 node=10.1.1.4 tuple=records records_attr1=10.1.1.4 records_attr2=4c3e7f48a1499bd27a6029d2fe5798da5987ac14 records_attr3=93943c761d68655d2fba7b29ffdf2032d1522d49 records_attr4=topic_Course_79(rl@n257(links_79_90*topic_Course_90(rl@n257(links_90_57*topic_Course_57(rl@n257(links_57_3*topic_Course_3((r231@n257(hasword_interfac_3))+(rl@n257(links_3_57*topic_Course_57))))))))) 
time=999 node=10.1.1.4 tuple=records records_attr1=10.1.1.4 records_attr2=4d496968e4d75032b9334e56a2eb3a27a9ffa8fa records_attr3=b0f83cf1b422afef0de17fda55ecdd563eac86cb records_attr4=topic_Person_34(r204@n257(hasword_interest_34)) 
time=999 node=10.1.1.4 tuple=records records_attr1=10.1.1.4 records_attr2=4d63957da7f9cbe8e28c40e24cc81a4de5d074bb records_attr3=e1211a2b70afb5200508d05d4d786af915cd2393 records_attr4=topic_Person_16(r387@n257(hasword_html_16)) 
time=999 node=10.1.1.4 tuple=records records_attr1=10.1.1.4 records_attr2=4ed10c355f85514322d2e00be35e068c66c566c3 records_attr3=9db7b201a55e08df32d929f417c51b290424fc18 records_attr4=topic_ResearchProject_93(r450@n257(hasword_displai_93)) 
time=999 node=10.1.1.4 tuple=records records_attr1=10.1.1.4 records_attr2=4f041fa6c55f096d2379e4e5a79fda9d8aad8d1c records_attr3=ed0fcc5de4d7c521fb99d0b0c53b5bf21b8cd72c records_attr4=topic_Course_57(rl@n257(links_57_3*topic_Course_3((r231@n257(hasword_interfac_3))+(rl@n257(links_3_57*topic_Course_57))))) 
time=999 node=10.1.1.4 tuple=records records_attr1=10.1.1.4 records_attr2=4fc83851f0812d118bb1eb8cef571026412bad33 records_attr3=c20f68b5d19749804c7238e4555e6c44773381d0 records_attr4=topic_ResearchProject_172(rl@n257(links_172_8*topic_ResearchProject_8((r459@n257(hasword_overview_8))+(rl@n257(links_8_172*topic_ResearchProject_172))+(rl@n257(links_8_148*topic_ResearchProject_148(rl@n257(links_148_8*topic_ResearchProject_8))))))) 
time=999 node=10.1.1.4 tuple=records records_attr1=10.1.1.4 records_attr2=5043f8feaabf5f349bc584936ed8a8ad707fecaa records_attr3=b723e9be0b26e56fd308efa80d872562e716726 records_attr4=topic_ResearchProject_131(rl@n257(links_131_172*topic_ResearchProject_172(rl@n257(links_172_8*topic_ResearchProject_8((r459@n257(hasword_overview_8))+(rl@n257(links_8_172*topic_ResearchProject_172))+(rl@n257(links_8_148*topic_ResearchProject_148(rl@n257(links_148_8*topic_ResearchProject_8))))))))) 
time=999 node=10.1.1.4 tuple=records records_attr1=10.1.1.4 records_attr2=5a40a716dad42398db50fc8dd3e5a62ca3161205 records_attr3=6d923ee4621877c6efc0ce288e96635d660bddec records_attr4=topic_Student_37(r365@n257(hasword_physic_37)) 
time=999 node=10.1.1.4 tuple=records records_attr1=10.1.1.4 records_attr2=5a6958ef018abec77cee47a14a7730690d6d0425 records_attr3=8ac3fb148d07887c3b46e00a65c6c761f34541df records_attr4=topic_Course_31(rl@n257(links_31_57*topic_Course_57(rl@n257(links_57_3*topic_Course_3((r231@n257(hasword_interfac_3))+(rl@n257(links_3_57*topic_Course_57))))))) 
time=999 node=10.1.1.4 tuple=records records_attr1=10.1.1.4 records_attr2=5a733207145482fae7f82f879a008c47b896fe12 records_attr3=99b34086ed3cddf326ceb026d701ab91f9e49235 records_attr4=topic_Faculty_15(r121@n257(hasword_institut_15)) 
time=999 node=10.1.1.4 tuple=records records_attr1=10.1.1.4 records_attr2=5c1c752f0dc369f692aaecf188f554be30e2dd6e records_attr3=593771de50375707dc37d0adc9604ba9dcb42f4a records_attr4=topic_Faculty_5(r203@n257(hasword_modifi_5)) 
time=999 node=10.1.1.4 tuple=records records_attr1=10.1.1.4 records_attr2=5c447f4e513b7f4f09e29875f70bec00dd6ecf90 records_attr3=15aeef7f9fbb5a7a2ed7c26939662ae80cade500 records_attr4=topic_Faculty_33(rl@n257(links_33_156*topic_Faculty_156(r128@n257(hasword_utexa_156)))) 
time=999 node=10.1.1.4 tuple=records records_attr1=10.1.1.4 records_attr2=604382770e26aa14f0d1c703bbd556df890e168b records_attr3=59de6f77bbf0d5d12df5f58fb1c5d47a6597f4f4 records_attr4=topic_Faculty_29(r486@n257(hasword_paper_29)) 
time=999 node=10.1.1.4 tuple=records records_attr1=10.1.1.4 records_attr2=60e0a2d603e9330d1c523aeb48997fc804f63544 records_attr3=dfa2ac52216f329f2dc98039150dd2917500a0d9 records_attr4=topic_Person_58((r19@n257(hasword_server_58))+(rl@n257(links_58_107*topic_Person_107(rl@n257(links_107_58*topic_Person_58))))) 
time=999 node=10.1.1.4 tuple=records records_attr1=10.1.1.4 records_attr2=622408276291dcbc04b35fab7888f8ccbdd31afd records_attr3=950185a8893588caefef3db4c67bf386cb35a0a3 records_attr4=topic_Department_12(rl@n257(links_12_57*topic_Department_57((r333@n257(hasword_home_57))+(rl@n257(links_57_3*topic_Department_3(rl@n257(links_3_57*topic_Department_57))))))) 
time=999 node=10.1.1.4 tuple=records records_attr1=10.1.1.4 records_attr2=65cd95e4c1e2c0a18bd44980813419281441cc5d records_attr3=f985e95649554c5c363950d765a1862cfadefe49 records_attr4=topic_Person_12(rl@n257(links_12_57*topic_Person_57(rl@n257(links_57_3*topic_Person_3((r490@n257(hasword_interfac_3))+(rl@n257(links_3_57*topic_Person_57))))))) 
time=999 node=10.1.1.4 tuple=records records_attr1=10.1.1.4 records_attr2=6774f5bfe3ec140af93b8ff44a260ea9a9abf77c records_attr3=decc86db514e23c07db9560ef2262a01fc405793 records_attr4=topic_Staff_124(r129@n257(hasword_begin_124)) 
time=999 node=10.1.1.4 tuple=records records_attr1=10.1.1.4 records_attr2=67e7255d459823f584a72859524b456648b03d9b records_attr3=e8cfac29f14cf666aa8f272c2f8e3ecb22604072 records_attr4=topic_Faculty_94(r373@n257(hasword_parallel_94)) 
time=999 node=10.1.1.4 tuple=records records_attr1=10.1.1.4 records_attr2=68798ed14cf9c0e293935f335f5a5ba7a74959bb records_attr3=74f63db5cf27705d252666e1a87516c0211f1dbb records_attr4=topic_Department_53((rl@n257(links_53_32*topic_Department_32(rl@n257(links_32_122*topic_Department_122(r397@n257(hasword_manual_122))))))+(rl@n257(links_53_73*topic_Department_73(rl@n257(links_73_150*topic_Department_150(r493@n257(hasword_task_150))))))) 
time=999 node=10.1.1.4 tuple=records records_attr1=10.1.1.4 records_attr2=6c37e6236a361e2d552d187ecf48a493cd7e9b5a records_attr3=70b25bf2e4f2172a00a7689f100ecdf08fadfa98 records_attr4=topic_Course_162(r401@n257(hasword_oper_162)) 
time=999 node=10.1.1.4 tuple=records records_attr1=10.1.1.4 records_attr2=6c76078d506c69de90a1839448aa233a4a8e6f75 records_attr3=3f14f657a33af7d73db314a24c93ede1ef36f430 records_attr4=topic_Staff_43(r174@n257(hasword_network_43)) 
time=999 node=10.1.1.4 tuple=records records_attr1=10.1.1.4 records_attr2=6d06c12e6c735c54303e05e45ff55e6a9070e5c0 records_attr3=bea0d26dae957d6e4c08d2feba1b2f31554715ec records_attr4=topic_Department_57((r333@n257(hasword_home_57))+(rl@n257(links_57_3*topic_Department_3(rl@n257(links_3_57*topic_Department_57))))) 
time=999 node=10.1.1.4 tuple=records records_attr1=10.1.1.4 records_attr2=719107f55d96d1eb6f96aff0ad776ce4da6d89a7 records_attr3=ac2bc518242feb0d8432ffd5020d86afd34f3684 records_attr4=topic_Staff_142(r174@n257(hasword_network_142)) 
time=999 node=10.1.1.4 tuple=records records_attr1=10.1.1.4 records_attr2=7385c74ed145131be2832ecb07f8e648c9088b2e records_attr3=8f290f53dfcffcb58729d629daa0b4ef59a481b2 records_attr4=topic_Staff_33(rl@n257(links_33_51*topic_Staff_51(rl@n257(links_51_69*topic_Staff_69((r83@n257(hasword_pc_69))+(rl@n257(links_69_51*topic_Staff_51))))))) 
time=999 node=10.1.1.4 tuple=records records_attr1=10.1.1.4 records_attr2=7457975837bbb733332475c31fa1372423c2df3a records_attr3=55749366fb7197400e47e0d1e7c310acc0d5f5c5 records_attr4=topic_Person_75(r218@n257(hasword_friend_75)) 
time=999 node=10.1.1.4 tuple=records records_attr1=10.1.1.4 records_attr2=7562ae5ceb65833455e9bfd07e62b46ab5c9c69e records_attr3=7009ccffd206d58b8ac0ebfb21d3fbc0bbc05428 records_attr4=topic_Department_95(rl@n257(links_95_57*topic_Department_57((r333@n257(hasword_home_57))+(rl@n257(links_57_3*topic_Department_3(rl@n257(links_3_57*topic_Department_57))))))) 
time=999 node=10.1.1.4 tuple=records records_attr1=10.1.1.4 records_attr2=783e37ff1c624e32b52f656b94f83ff2a24a0b1c records_attr3=38d5dfbcccb79b62ecb34f7028e6668ef69b7936 records_attr4=topic_Student_172(rl@n257(links_172_8*topic_Student_8((rl@n257(links_8_172*topic_Student_172))+(rl@n257(links_8_28*topic_Student_28(r289@n257(hasword_sequenc_28))))+(rl@n257(links_8_148*topic_Student_148(rl@n257(links_148_8*topic_Student_8))))))) 
time=999 node=10.1.1.4 tuple=records records_attr1=10.1.1.4 records_attr2=799f9e1a3b455f70c60b2af0aae93e20b1fb834e records_attr3=8c2ff83a1a08c0aa78e0b486145f1be92a61a65f records_attr4=topic_Course_22((rl@n257(links_22_57*topic_Course_57(rl@n257(links_57_3*topic_Course_3((r231@n257(hasword_interfac_3))+(rl@n257(links_3_57*topic_Course_57)))))))+(rl@n257(links_22_31*topic_Course_31(rl@n257(links_31_57*topic_Course_57(rl@n257(links_57_3*topic_Course_3((r231@n257(hasword_interfac_3))+(rl@n257(links_3_57*topic_Course_57)))))))))) 
time=999 node=10.1.1.4 tuple=records records_attr1=10.1.1.4 records_attr2=7b1ab3d82710ba42d6de970cf24105b08cf6c3f3 records_attr3=175febea1134a34c5eb10251817ef7108b26c6 records_attr4=topic_Person_90(rl@n257(links_90_57*topic_Person_57(rl@n257(links_57_3*topic_Person_3((r490@n257(hasword_interfac_3))+(rl@n257(links_3_57*topic_Person_57))))))) 
time=999 node=10.1.1.4 tuple=records records_attr1=10.1.1.4 records_attr2=7ec8d0780e95700303b7503ed7c8034df128967f records_attr3=be66f8e145f3f2f35bbdc0ffbfc8db735233f48a records_attr4=topic_Staff_62(r367@n257(hasword_partial_62)) 
time=999 node=10.1.1.4 tuple=records records_attr1=10.1.1.4 records_attr2=7fc4a4c56fa2c623cd6301380adbcc81a65112bb records_attr3=a5dbddf9d3edd0cb51b5f52d6b36010040469b22 records_attr4=topic_Student_36(rl@n257(links_36_132*topic_Student_132(rl@n257(links_132_19*topic_Student_19(r255@n257(hasword_oper_19)))))) 
time=999 node=10.1.1.4 tuple=records records_attr1=10.1.1.4 records_attr2=8368d00e0ec55cd421abfc99ccc7c099cc3e7da9 records_attr3=a9acdf202f362d47ded95b5aa944397affaeda78 records_attr4=topic_Department_31(rl@n257(links_31_57*topic_Department_57((r333@n257(hasword_home_57))+(rl@n257(links_57_3*topic_Department_3(rl@n257(links_3_57*topic_Department_57))))))) 
time=999 node=10.1.1.4 tuple=records records_attr1=10.1.1.4 records_attr2=84823870a7999eafdba57fbe33370779cccc1cab records_attr3=eae3fbe9dfd122813bdb0cb8d514151c3b24f0cd records_attr4=topic_Faculty_11(rl@n257(links_11_116*topic_Faculty_116(r316@n257(hasword_content_116)))) 
time=999 node=10.1.1.4 tuple=records records_attr1=10.1.1.4 records_attr2=8692d5220478d4aa4884b654cb4a5f050f330d61 records_attr3=729657a4ae8e4fb271383807849597a83217d4b4 records_attr4=topic_Person_107(rl@n257(links_107_58*topic_Person_58((r19@n257(hasword_server_58))+(rl@n257(links_58_107*topic_Person_107))))) 
time=999 node=10.1.1.4 tuple=records records_attr1=10.1.1.4 records_attr2=8b60f694e9bfde22554a26ffbbbe8ed3ca4e4f25 records_attr3=3fbeab1928cce5f08be02841416666a39a803adb records_attr4=topic_Staff_53(rl@n257(links_53_80*topic_Staff_80((r423@n257(hasword_oct_80))+(rl@n257(links_80_42*topic_Staff_42(rl@n257(links_42_80*topic_Staff_80))))))) 
time=999 node=10.1.1.4 tuple=records records_attr1=10.1.1.4 records_attr2=8baf81aaf7a4b7c5ad93652871b90df54cef027a records_attr3=f43955e1a25c7a162595383b50c65fa662b8e2dd records_attr4=topic_Faculty_111(r180@n257(hasword_size_111)) 
time=999 node=10.1.1.4 tuple=records records_attr1=10.1.1.4 records_attr2=8c2f730c3a69f1446a6b97b4a280c19c6bb4d259 records_attr3=eb5dd885df14650a83f44172b4362ab9c7ee0838 records_attr4=topic_Department_78(rl@n257(links_78_32*topic_Department_32(rl@n257(links_32_122*topic_Department_122(r397@n257(hasword_manual_122)))))) 
time=999 node=10.1.1.4 tuple=records records_attr1=10.1.1.4 records_attr2=8dd0c4d79dbb6b83ca063314998cbf3a6bcd55b1 records_attr3=b463ff895dd5e00d3174cc980439bdc1ad93978b records_attr4=topic_Department_130(r395@n257(hasword_memori_130)) 
time=999 node=10.1.1.4 tuple=records records_attr1=10.1.1.4 records_attr2=8ee85191246d134ce4702421fc3d511f21f9ff18 records_attr3=4a3489ad8bc667eaa209af4a9678263bb92c6155 records_attr4=topic_Staff_80((r423@n257(hasword_oct_80))+(rl@n257(links_80_42*topic_Staff_42(rl@n257(links_42_80*topic_Staff_80))))) 
time=999 node=10.1.1.4 tuple=records records_attr1=10.1.1.4 records_attr2=90ab1f9fc03cc0e4e30a1288e499d29f168cd68a records_attr3=890d582393c44982684a1303fc521def629bca6b records_attr4=topic_Student_143(rl@n257(links_143_84*topic_Student_84((r191@n257(hasword_match_84))+(rl@n257(links_84_143*topic_Student_143))))) 
time=999 node=10.1.1.4 tuple=records records_attr1=10.1.1.4 records_attr2=92b6ecf054b5895c766b8cc8ffc5e7beddda15e1 records_attr3=a9db925b9f435a5c065c3c05ddc0f447d82428e1 records_attr4=topic_Staff_47(r202@n257(hasword_game_47)) 
time=999 node=10.1.1.4 tuple=records records_attr1=10.1.1.4 records_attr2=93063ddb0c1dc2c443d47dd2b792f8f681ecbe42 records_attr3=5eff3f5d1f201bd2f576950fe11b6bfdf49b9a6 records_attr4=topic_Person_156(r280@n257(hasword_utexa_156)) 
time=999 node=10.1.1.4 tuple=records records_attr1=10.1.1.4 records_attr2=9396a79d37378efc63dc384093b5b2287686a861 records_attr3=325a5fb7e4c0e8a14a992c0c171d577ad1ffad32 records_attr4=topic_Faculty_53((rl@n257(links_53_73*topic_Faculty_73(rl@n257(links_73_138*topic_Faculty_138(r106@n257(hasword_ieee_138))))))+(rl@n257(links_53_165*topic_Faculty_165(rl@n257(links_165_106*topic_Faculty_106((r180@n257(hasword_size_106))+(rl@n257(links_106_165*topic_Faculty_165)))))))+(rl@n257(links_53_80*topic_Faculty_80((rl@n257(links_80_128*topic_Faculty_128(r316@n257(hasword_content_128))))+(rl@n257(links_80_42*topic_Faculty_42(rl@n257(links_42_80*topic_Faculty_80)))))))) 
time=999 node=10.1.1.4 tuple=records records_attr1=10.1.1.4 records_attr2=942acf568e14b454f118ba1701b1ab286b5887d2 records_attr3=eabde0060feccfcc5c9aa53bb4420a941fa07b6 records_attr4=topic_Department_29(r432@n257(hasword_java_29)) 
time=999 node=10.1.1.4 tuple=records records_attr1=10.1.1.4 records_attr2=958e2a35c7b2d182d786f01a72d9f6bb3dee2f9d records_attr3=4dd9f507575165f304a624704cd8e4694b643f33 records_attr4=topic_Student_162(r255@n257(hasword_oper_162)) 
time=999 node=10.1.1.4 tuple=records records_attr1=10.1.1.4 records_attr2=95de0aec95338e08abf57ded0b20e9dff7891f53 records_attr3=76b0c6b13fd6f208b178b2005f9117d2529aa419 records_attr4=topic_Course_12(rl@n257(links_12_57*topic_Course_57(rl@n257(links_57_3*topic_Course_3((r231@n257(hasword_interfac_3))+(rl@n257(links_3_57*topic_Course_57))))))) 
time=999 node=10.1.1.4 tuple=records records_attr1=10.1.1.4 records_attr2=994ab32b9a52ad978786bffbc4b89e781d92dff4 records_attr3=5934cc857c3e44fb8037a414c455bde526bbab46 records_attr4=topic_Person_3((r490@n257(hasword_interfac_3))+(rl@n257(links_3_57*topic_Person_57(rl@n257(links_57_3*topic_Person_3))))) 
time=999 node=10.1.1.4 tuple=records records_attr1=10.1.1.4 records_attr2=998cc23f83bef7fcac188726497a3b3ebc74cbfa records_attr3=604e37086e66e8391e8c4951692a9918fd251c6c records_attr4=topic_Department_146((r330@n257(hasword_present_146))+(rl@n257(links_146_64*topic_Department_64(rl@n257(links_64_146*topic_Department_146))))) 
time=999 node=10.1.1.4 tuple=records records_attr1=10.1.1.4 records_attr2=99cc32c6188ca6434574e7de7b43879962962021 records_attr3=46c7a39e2d15c4ccff58636d007c10ea5d67a19b records_attr4=topic_Student_19(r255@n257(hasword_oper_19)) 
time=999 node=10.1.1.4 tuple=records records_attr1=10.1.1.4 records_attr2=99ff31be6babb7424ef90c7d54426e753aeac278 records_attr3=7d24de7994942800482ab4047437fb8f506deb31 records_attr4=topic_Department_159(r28@n257(hasword_gener_159)) 
time=999 node=10.1.1.4 tuple=records records_attr1=10.1.1.4 records_attr2=9a0d37f18f4dff83de349b48568a555fdf535b4b records_attr3=dcf461c04524893cae86cc9b31c2ce6ea167a1a0 records_attr4=topic_Faculty_165(rl@n257(links_165_106*topic_Faculty_106((r180@n257(hasword_size_106))+(rl@n257(links_106_165*topic_Faculty_165))))) 
time=999 node=10.1.1.4 tuple=records records_attr1=10.1.1.4 records_attr2=9aa4670f19ecbda0aa811c9a15e73f75d87c5654 records_attr3=5ed1030c20c83198e866622c9acfb5bdcb8878f8 records_attr4=topic_Course_19(r401@n257(hasword_oper_19)) 
time=999 node=10.1.1.4 tuple=records records_attr1=10.1.1.4 records_attr2=9c01880dfc53443e0f2d9e084fbf82feabe6e140 records_attr3=bf9ad8ffd2bd784fb7f1eff4d474b4a3b25c2c2a records_attr4=topic_ResearchProject_144(r428@n257(hasword_ca_144)) 
time=999 node=10.1.1.4 tuple=records records_attr1=10.1.1.4 records_attr2=9c8314760829469a39bb9b2935e5f0fa44c7bfbd records_attr3=47979e7c0f944c586c9de47fd28c3719451166b8 records_attr4=topic_Course_131(rl@n257(links_131_33*topic_Course_33(rl@n257(links_33_34*topic_Course_34(r136@n257(hasword_interest_34)))))) 
time=999 node=10.1.1.4 tuple=records records_attr1=10.1.1.4 records_attr2=9d675a1554b43f2f09dd34e90454312bf058f138 records_attr3=676149de57766eca4c7daa31b047d68eb80d3640 records_attr4=topic_Department_140(r282@n257(hasword_multi_140)) 
time=999 node=10.1.1.4 tuple=records records_attr1=10.1.1.4 records_attr2=9dd356e0f8472387b48b6de83ee2fef64a80ba84 records_attr3=f3ff40d4d3ac2e374e4417b65bf242e4770e1e89 records_attr4=topic_Staff_131(rl@n257(links_131_33*topic_Staff_33(rl@n257(links_33_51*topic_Staff_51(rl@n257(links_51_69*topic_Staff_69((r83@n257(hasword_pc_69))+(rl@n257(links_69_51*topic_Staff_51))))))))) 
time=999 node=10.1.1.4 tuple=records records_attr1=10.1.1.4 records_attr2=9e712768e024fcf7c3d788729d15d4541643724a records_attr3=3bb773ab0161f60afc76dc44b863e8528f795b2e records_attr4=topic_Faculty_39(r382@n257(hasword_link_39)) 
time=999 node=10.1.1.4 tuple=records records_attr1=10.1.1.4 records_attr2=9ed7e389810129d313fa950bc48567ba231075b6 records_attr3=4f6fe3e08f3ef679365f0267e1d500b3086ebbd8 records_attr4=topic_Person_33((r218@n257(hasword_friend_33))+(rl@n257(links_33_34*topic_Person_34(r204@n257(hasword_interest_34))))+(rl@n257(links_33_156*topic_Person_156(r280@n257(hasword_utexa_156))))) 
time=999 node=10.1.1.4 tuple=records records_attr1=10.1.1.4 records_attr2=a28e3999040b4539a1b81f28438d40dd49afdfbf records_attr3=835d2db969544567a6d2b4940e24910f041dc13e records_attr4=topic_Department_73(rl@n257(links_73_150*topic_Department_150(r493@n257(hasword_task_150)))) 
time=999 node=10.1.1.4 tuple=records records_attr1=10.1.1.4 records_attr2=a313094adea9a2c4bab2253d724d1f42d405776b records_attr3=b9640d8d4b0d4a9aa786ea7efa64912623e82c15 records_attr4=topic_Staff_42(rl@n257(links_42_80*topic_Staff_80((r423@n257(hasword_oct_80))+(rl@n257(links_80_42*topic_Staff_42))))) 
time=999 node=10.1.1.4 tuple=records records_attr1=10.1.1.4 records_attr2=a32540953c69348f6e84305413c506891129f01f records_attr3=828f6bdabba4d34c0cb09fd7ed6a7b7b76c56e69 records_attr4=topic_Course_34(r136@n257(hasword_interest_34)) 
time=999 node=10.1.1.4 tuple=records records_attr1=10.1.1.4 records_attr2=a38bcfc8e1964ad82f8b203b3ba5b97d17f69f0e records_attr3=101e73e0b0e8c829777ef8a0046a9fc36a11a644 records_attr4=topic_Staff_102(r281@n257(hasword_austin_102)) 
time=999 node=10.1.1.4 tuple=records records_attr1=10.1.1.4 records_attr2=a41b3cf2aebe97d32ef6b2860171cf110134fd9e records_attr3=b953109b88cf00a37ee83338ad04425880110d11 records_attr4=topic_Department_3(rl@n257(links_3_57*topic_Department_57((r333@n257(hasword_home_57))+(rl@n257(links_57_3*topic_Department_3))))) 
time=999 node=10.1.1.4 tuple=records records_attr1=10.1.1.4 records_attr2=a471ec611392563680d5029e7d5ed66b38e2120c records_attr3=40db6e50c7b532f44d6a3c8b64d70ac2ff708675 records_attr4=topic_Department_79(rl@n257(links_79_90*topic_Department_90(rl@n257(links_90_57*topic_Department_57((r333@n257(hasword_home_57))+(rl@n257(links_57_3*topic_Department_3(rl@n257(links_3_57*topic_Department_57))))))))) 
time=999 node=10.1.1.4 tuple=records records_attr1=10.1.1.4 records_attr2=a59b329d909570c3c3eb562ff3c515087e44c130 records_attr3=83432fad35ca7c9695fea757422c106b9108cf37 records_attr4=topic_Student_173(rl@n257(links_173_143*topic_Student_143(rl@n257(links_143_84*topic_Student_84((r191@n257(hasword_match_84))+(rl@n257(links_84_143*topic_Student_143))))))) 
time=999 node=10.1.1.4 tuple=records records_attr1=10.1.1.4 records_attr2=a5a17bb73a554282a21a25575915b35efef5ad69 records_attr3=d9fa07134793f342d4c48bde4fdf63fb54e9a83 records_attr4=topic_Faculty_120(r316@n257(hasword_content_120)) 
time=999 node=10.1.1.4 tuple=records records_attr1=10.1.1.4 records_attr2=a5df97838038028aa401129b606ff92c3d5e4acb records_attr3=3276af054faec8c6df025355b14a8a7ad61df0f9 records_attr4=topic_Department_49(r405@n257(hasword_read_49)) 
time=999 node=10.1.1.4 tuple=records records_attr1=10.1.1.4 records_attr2=a75b1dadcec5aba03f5a7c29c053816edfc81dd8 records_attr3=1f77ead3613a75b5dcc89af8e67ce465713a0bc records_attr4=topic_Person_108(r295@n257(hasword_version_108)) 
time=999 node=10.1.1.4 tuple=records records_attr1=10.1.1.4 records_attr2=a7e22853d9d656c5c6922598cd2782fbca908d53 records_attr3=47f82400ac114c8c9ce1d749bf27fa8708a94df9 records_attr4=topic_Person_87(r487@n257(hasword_mon_87)) 
time=999 node=10.1.1.4 tuple=records records_attr1=10.1.1.4 records_attr2=a870d67da6bed9724b2f4a6b7ab111476f242de6 records_attr3=4c99b997617abd76022dbc5bf7d98c0553b40495 records_attr4=topic_Department_90(rl@n257(links_90_57*topic_Department_57((r333@n257(hasword_home_57))+(rl@n257(links_57_3*topic_Department_3(rl@n257(links_3_57*topic_Department_57))))))) 
time=999 node=10.1.1.4 tuple=records records_attr1=10.1.1.4 records_attr2=abafc5cdde333dc37a3d166ba6c07f3d43c352c5 records_attr3=4460e9bfba703a98d5ac3f2059dfca63882cb558 records_attr4=topic_Student_132(rl@n257(links_132_19*topic_Student_19(r255@n257(hasword_oper_19)))) 
time=999 node=10.1.1.4 tuple=records records_attr1=10.1.1.4 records_attr2=ae020aaf896d48d1f98b962618520e8fbf4f87f8 records_attr3=b27fb018665a3257a44853c182644772435c9c33 records_attr4=topic_Student_161(r49@n257(hasword_page_161)) 
time=999 node=10.1.1.4 tuple=records records_attr1=10.1.1.4 records_attr2=ae0cd922328eccdc3cc7beecbea522c59592c4ff records_attr3=ccdc97cdd50dd4d8a24393dcafe92ebe64ff4ba9 records_attr4=topic_ResearchProject_14(r252@n257(hasword_featur_14)) 
time=999 node=10.1.1.4 tuple=records records_attr1=10.1.1.4 records_attr2=aeff8300b61476c281097644a57206960764cc43 records_attr3=750f62050b6796bd8c5e36ade7f45fcdaea5876b records_attr4=topic_Course_36(rl@n257(links_36_132*topic_Course_132(rl@n257(links_132_19*topic_Course_19(r401@n257(hasword_oper_19)))))) 
time=999 node=10.1.1.4 tuple=records records_attr1=10.1.1.4 records_attr2=af156e630d7a083a42311a418778d6dc9df1b05e records_attr3=786dd94ef607eeaeaf5d3ac87319eb045e7659e2 records_attr4=topic_Course_75(rl@n257(links_75_97*topic_Course_97(r196@n257(hasword_comput_97)))) 
time=999 node=10.1.1.4 tuple=records records_attr1=10.1.1.4 records_attr2=af7f64956c2e1fbe03c5af6b24cccd6915c84b4c records_attr3=80fc1822787a7bffd2766c4bac77616b12dbcbbd records_attr4=topic_Course_59(r354@n257(hasword_induct_59)) 
time=999 node=10.1.1.4 tuple=records records_attr1=10.1.1.4 records_attr2=b0045f131cb6cdc76348d70300ca90a15766aa5e records_attr3=37847a2a3f7c3a0f99fbcf021bd4f9f6e98429c6 records_attr4=topic_Faculty_77(r203@n257(hasword_modifi_77)) 
time=999 node=10.1.1.4 tuple=records records_attr1=10.1.1.4 records_attr2=b0c79c299dfb93bd8808c3faf37116e83e61100f records_attr3=ac2a144dbf97a86c639db6877f24e0f3a3c389ca records_attr4=topic_ResearchProject_74(r291@n257(hasword_product_74)) 
time=999 node=10.1.1.4 tuple=records records_attr1=10.1.1.4 records_attr2=b3a3585e787253ca1bab5341a71ce687a23ee184 records_attr3=95a37abb239ef9156bc6d96478de1b40e645d6a6 records_attr4=topic_ResearchProject_102(r451@n257(hasword_confer_102)) 
time=999 node=10.1.1.4 tuple=records records_attr1=10.1.1.4 records_attr2=b3aa99b184f0ed7139720a469fc83d5416ffeeab records_attr3=44c6659ed575980d5efe9a2f6615fcfde4028dfb records_attr4=topic_Faculty_155(r165@n257(hasword_contact_155)) 
time=999 node=10.1.1.4 tuple=records records_attr1=10.1.1.4 records_attr2=b4b677b2e2e4c3fc241f40a0583de5a02fa5e67b records_attr3=96830456dcdb247c95e09e191600a10ab5c1eb24 records_attr4=topic_Person_92(r280@n257(hasword_utexa_92)) 
time=999 node=10.1.1.4 tuple=records records_attr1=10.1.1.4 records_attr2=b66be7a86139f7764bf7b9c117870f11f409a855 records_attr3=93f5ea0eadb9457648f14a766b2d20cb3107d67a records_attr4=topic_Person_99(r387@n257(hasword_html_99)) 
time=999 node=10.1.1.4 tuple=records records_attr1=10.1.1.4 records_attr2=b71ea75cab519a299d7cf910e280ee76b541281b records_attr3=8a5a617c37f6b6301a5a7ea2288cffee1dd7d5d0 records_attr4=topic_Department_163(r300@n257(hasword_proc_163)) 
time=999 node=10.1.1.4 tuple=records records_attr1=10.1.1.4 records_attr2=b75a39cd02fb4b2447c9c7db7ded63adf48940fd records_attr3=578924e46216b35d7d659795b128363a90ebcb39 records_attr4=topic_Faculty_66(r316@n257(hasword_content_66)) 
time=999 node=10.1.1.4 tuple=records records_attr1=10.1.1.4 records_attr2=b92276f9d7764f4a3916e69b9214884ff626c929 records_attr3=73b3e1831a85be8314ab9a26d57040e86711e0d5 records_attr4=topic_Faculty_98(r406@n257(hasword_homework_98)) 
time=999 node=10.1.1.4 tuple=records records_attr1=10.1.1.4 records_attr2=b99f180f0abca9b56c6bd38322dd3a62feb020b9 records_attr3=fc7d80a79e6cca7bf830625bf9a11613b88e36b0 records_attr4=topic_Faculty_87(r243@n257(hasword_offic_87)) 
time=999 node=10.1.1.4 tuple=records records_attr1=10.1.1.4 records_attr2=bc13db0fb0371b56b6ff8f3b42ed20831aafdca0 records_attr3=f3dc6bb8d98d4c97d86205c8402bafaf55b15d3d records_attr4=topic_Person_36(rl@n257(links_36_121*topic_Person_121(r295@n257(hasword_version_121)))) 
time=999 node=10.1.1.4 tuple=records records_attr1=10.1.1.4 records_attr2=bd14b289d1614f313c034d8c45819c6ff5bff5ba records_attr3=bb48c23be0e0205b4e5a96d508c004fd1d3c15c7 records_attr4=topic_Course_90(rl@n257(links_90_57*topic_Course_57(rl@n257(links_57_3*topic_Course_3((r231@n257(hasword_interfac_3))+(rl@n257(links_3_57*topic_Course_57))))))) 
time=999 node=10.1.1.4 tuple=records records_attr1=10.1.1.4 records_attr2=bf7a8024a0077e4818e91bac833c78e28c435002 records_attr3=9c13d27881648982450261975ddcf36e6e4f30db records_attr4=topic_Student_44(r201@n257(hasword_file_44)) 
time=999 node=10.1.1.4 tuple=records records_attr1=10.1.1.4 records_attr2=c31591702f1c22a189db06349ce82035111ee4f5 records_attr3=7c09af4502e91cbb2579dbd5f1bd02ed55290eec records_attr4=topic_Student_24(r465@n257(hasword_start_24)) 
time=999 node=10.1.1.4 tuple=records records_attr1=10.1.1.4 records_attr2=c4ab5234892348c6b4358b1feed59d54079cb8ac records_attr3=ee5b710ea23634b8c713e87d5da029f4267b8e24 records_attr4=topic_ResearchProject_62(r120@n257(hasword_partial_62)) 
time=999 node=10.1.1.4 tuple=records records_attr1=10.1.1.4 records_attr2=c66208269973f88d774a9cba60a5766b5d5b5e88 records_attr3=765fb7dd8366c10169474957d8e4c58b15570ff7 records_attr4=topic_Department_26(r370@n257(hasword_reason_26)) 
time=999 node=10.1.1.4 tuple=records records_attr1=10.1.1.4 records_attr2=c6b48fc2f6acc7a8ac2e0d0170685eeade68a324 records_attr3=f02258ab5e9335a395ea88c9e3fc39b470e7c761 records_attr4=topic_Staff_46((r281@n257(hasword_austin_46))+(rl@n257(links_46_124*topic_Staff_124(r129@n257(hasword_begin_124))))) 
time=999 node=10.1.1.4 tuple=records records_attr1=10.1.1.4 records_attr2=c807ab572d92db4fcd6a96ffec8117a0ab4215e2 records_attr3=5ea9c9f9771b2111de201b049fed89b31977c08b records_attr4=topic_Course_95((rl@n257(links_95_34*topic_Course_34(r136@n257(hasword_interest_34))))+(rl@n257(links_95_57*topic_Course_57(rl@n257(links_57_3*topic_Course_3((r231@n257(hasword_interfac_3))+(rl@n257(links_3_57*topic_Course_57)))))))+(rl@n257(links_95_36*topic_Course_36(rl@n257(links_36_132*topic_Course_132(rl@n257(links_132_19*topic_Course_19(r401@n257(hasword_oper_19))))))))) 
time=999 node=10.1.1.4 tuple=records records_attr1=10.1.1.4 records_attr2=c933628993129bb841809e4acf528e88b56f2f6e records_attr3=d87a2a33a27972ff8b7dc44c5fa25e7fc90a1c71 records_attr4=topic_Department_149(r333@n257(hasword_home_149)) 
time=999 node=10.1.1.4 tuple=records records_attr1=10.1.1.4 records_attr2=ccee2c55e0b44f8f273c5b067e2bec5a82fe742d records_attr3=d10e949853ca7e12b871bc048553d404cc020c69 records_attr4=topic_Person_24(r294@n257(hasword_start_24)) 
time=999 node=10.1.1.4 tuple=records records_attr1=10.1.1.4 records_attr2=d1b39f78f1a142bd067faed11537c466a7a8efae records_attr3=27952b8665a8caaa49db406b60f2e81903ad3ecb records_attr4=topic_Person_71(r387@n257(hasword_html_71)) 
time=999 node=10.1.1.4 tuple=records records_attr1=10.1.1.4 records_attr2=d1f0c6b92589c8ee0d2db099a5eb9cabf7be26ad records_attr3=a589edac8713fc6ea020a6929ca4e4a0a365e6a5 records_attr4=topic_Faculty_142(r149@n257(hasword_network_142)) 
time=999 node=10.1.1.4 tuple=records records_attr1=10.1.1.4 records_attr2=d3432200f71cd1fe2ba611fda14ccbdf72269589 records_attr3=2f1ae63405d037b174707f95084a79a2f1571a6f records_attr4=topic_Faculty_93(r316@n257(hasword_content_93)) 
time=999 node=10.1.1.4 tuple=records records_attr1=10.1.1.4 records_attr2=d3f1630a14f36cb5a618a4a15c7af003473738d7 records_attr3=59d2f4c5dc0b71008f5daa9cdf06dab6a7d39f91 records_attr4=topic_Department_65(r20@n257(hasword_great_65)) 
time=999 node=10.1.1.4 tuple=records records_attr1=10.1.1.4 records_attr2=d50833f325c1427a02d2ef48623a1c20b926383e records_attr3=b3563d7ff132aeb82090e2c106bf3a9075b19219 records_attr4=topic_ResearchProject_114((r138@n257(hasword_appli_114))+(rl@n257(links_114_30*topic_ResearchProject_30(rl@n257(links_30_114*topic_ResearchProject_114))))) 
time=999 node=10.1.1.4 tuple=records records_attr1=10.1.1.4 records_attr2=d615fc4aa471b428fef0b695af09294c11aee2ac records_attr3=9df4c980ae09012a205fdf88718f96b950b0326 records_attr4=topic_Faculty_164(r10@n257(hasword_type_164)) 
time=999 node=10.1.1.4 tuple=records records_attr1=10.1.1.4 records_attr2=d6e0fd7d91d7f8fdfcd52ed3c9401ed1b81607a9 records_attr3=7316b600c86b49996c846ecea265afbee0bcd399 records_attr4=topic_Person_48(r218@n257(hasword_friend_48)) 
time=999 node=10.1.1.4 tuple=records records_attr1=10.1.1.4 records_attr2=d7cb0fde6920bf2f71782d7ee12828dcab86012c records_attr3=bff1b553c751281eaf0c1eab29ec8cce7749ed7e records_attr4=topic_Student_22((r407@n257(hasword_repres_22))+(r135@n257(hasword_decision_22))) 
time=999 node=10.1.1.4 tuple=records records_attr1=10.1.1.4 records_attr2=d811bb7d4f0b72001058cc376a07e21390a07838 records_attr3=dd163561cf8b0c174441667d87ca0e62030bce3d records_attr4=topic_Student_53(rl@n257(links_53_8*topic_Student_8((rl@n257(links_8_28*topic_Student_28(r289@n257(hasword_sequenc_28))))+(rl@n257(links_8_148*topic_Student_148(rl@n257(links_148_8*topic_Student_8))))+(rl@n257(links_8_172*topic_Student_172(rl@n257(links_172_8*topic_Student_8))))))) 
time=999 node=10.1.1.4 tuple=records records_attr1=10.1.1.4 records_attr2=d83d6157b19d0d9ea0bd54d115a1230ae3456b7b records_attr3=921546602c4f9d4295d379e84c3c1682774bb033 records_attr4=topic_Faculty_43(r149@n257(hasword_network_43)) 
time=999 node=10.1.1.4 tuple=records records_attr1=10.1.1.4 records_attr2=d8a2421c4029e098216aadd5a80e8cc9c267d352 records_attr3=e21740250c260fa0df9025f8ca36eca07543d59e records_attr4=topic_Faculty_116(r316@n257(hasword_content_116)) 
time=999 node=10.1.1.4 tuple=records records_attr1=10.1.1.4 records_attr2=d94ab4dad062bc88b5640d2d4968446eb0b43bae records_attr3=8da785f16a9d0c68ecccbd7c482adf1711dfbfd7 records_attr4=topic_Person_131((r294@n257(hasword_start_131))+(rl@n257(links_131_33*topic_Person_33((r218@n257(hasword_friend_33))+(rl@n257(links_33_34*topic_Person_34(r204@n257(hasword_interest_34))))+(rl@n257(links_33_156*topic_Person_156(r280@n257(hasword_utexa_156)))))))) 
time=999 node=10.1.1.4 tuple=records records_attr1=10.1.1.4 records_attr2=d9b207a8dea917437ba89ac42e03caf978727808 records_attr3=7141b626a14e6daddb073d2116080b229662e5ad records_attr4=topic_Course_37(r196@n257(hasword_comput_37)) 
time=999 node=10.1.1.4 tuple=records records_attr1=10.1.1.4 records_attr2=dafd8cf784027724a108dbc99ae4d0853bce64ea records_attr3=8745469f1cc9ac8623e023d818523539ac1d6b91 records_attr4=topic_Course_84((r171@n257(hasword_match_84))+(rl@n257(links_84_143*topic_Course_143(rl@n257(links_143_84*topic_Course_84))))) 
time=999 node=10.1.1.4 tuple=records records_attr1=10.1.1.4 records_attr2=dc4be5e1efea99439ab6093123d07959c4cdeaee records_attr3=479cc2fca240c2e876e44da9ed202a8cd4eff78d records_attr4=topic_Student_95((rl@n257(links_95_24*topic_Student_24(r465@n257(hasword_start_24))))+(rl@n257(links_95_36*topic_Student_36(rl@n257(links_36_132*topic_Student_132(rl@n257(links_132_19*topic_Student_19(r255@n257(hasword_oper_19))))))))) 
time=999 node=10.1.1.4 tuple=records records_attr1=10.1.1.4 records_attr2=dd902e8a8ee422986d1ec91f77223307d7c83ae0 records_attr3=ca6a705663fb226c35eabe7246a1b46764f17046 records_attr4=topic_Department_150(r493@n257(hasword_task_150)) 
time=999 node=10.1.1.4 tuple=records records_attr1=10.1.1.4 records_attr2=ddaffb73b810da11007040a15199ae931da0bb6f records_attr3=666f81ef541bc3c9e362cfb2e78098c5bfdabe65 records_attr4=topic_Faculty_156(r128@n257(hasword_utexa_156)) 
time=999 node=10.1.1.4 tuple=records records_attr1=10.1.1.4 records_attr2=de02053bbd0bb252fda0420e7a52cea3fa7aab5a records_attr3=c2d17e2c8fdcb9f2e2f46b597f48d41fffdba1e7 records_attr4=topic_Faculty_128(r316@n257(hasword_content_128)) 
time=999 node=10.1.1.4 tuple=records records_attr1=10.1.1.4 records_attr2=de507c73336c497a87f6d3035805e785642619c9 records_attr3=5d2524c06965679802a4155110e2ec0e3dab51f7 records_attr4=topic_Person_21((r211@n257(hasword_free_21))+(r63@n257(hasword_don_21))) 
time=999 node=10.1.1.4 tuple=records records_attr1=10.1.1.4 records_attr2=de59621e6f86563124746e8d786ad90a0ff5df4d records_attr3=ebf508c38899ad7e14eb35d2f932db3347e3275a records_attr4=topic_Course_132(rl@n257(links_132_19*topic_Course_19(r401@n257(hasword_oper_19)))) 
time=999 node=10.1.1.4 tuple=records records_attr1=10.1.1.4 records_attr2=dfcb40f6b8fb280bd795b2598d1ff61515034cdb records_attr3=b72cba4fbde8863ae33c08e2d6a6ef40a2d32eb4 records_attr4=topic_Faculty_158(r406@n257(hasword_homework_158)) 
time=999 node=10.1.1.4 tuple=records records_attr1=10.1.1.4 records_attr2=e0379d4527e5dfadd1eb671e3457ca95e6300c2a records_attr3=2284c63e39528e9316823a04887ea8e4ff32dc96 records_attr4=topic_Department_22((rl@n257(links_22_57*topic_Department_57((r333@n257(hasword_home_57))+(rl@n257(links_57_3*topic_Department_3(rl@n257(links_3_57*topic_Department_57)))))))+(rl@n257(links_22_31*topic_Department_31(rl@n257(links_31_57*topic_Department_57((r333@n257(hasword_home_57))+(rl@n257(links_57_3*topic_Department_3(rl@n257(links_3_57*topic_Department_57)))))))))) 
time=999 node=10.1.1.4 tuple=records records_attr1=10.1.1.4 records_attr2=e12637b7d3f385ee7b6e52bfd3213d73d0a9c064 records_attr3=b9fc39734cdbddb5ed5e73458edce7d531e5565e records_attr4=topic_Person_35(r387@n257(hasword_html_35)) 
time=999 node=10.1.1.4 tuple=records records_attr1=10.1.1.4 records_attr2=e562ff5617662d9a3d8ce59dbc1fc243e4790dc9 records_attr3=df18a2bc20c11a9c805d27d0896e3c4537eadbe2 records_attr4=topic_Staff_169(r281@n257(hasword_austin_169)) 
time=999 node=10.1.1.4 tuple=records records_attr1=10.1.1.4 records_attr2=e697f0650e01838a219ab3f223d687cf640efdc9 records_attr3=2f2814ca136ffe6a1e419edcdad167bcbc1450ef records_attr4=topic_Faculty_131(rl@n257(links_131_33*topic_Faculty_33(rl@n257(links_33_156*topic_Faculty_156(r128@n257(hasword_utexa_156)))))) 
time=999 node=10.1.1.4 tuple=records records_attr1=10.1.1.4 records_attr2=e6ebaac967ba140e4efb208ab1a3a04a2ec9766e records_attr3=c79d8f65c3c1e9bc07366d2eddb5c566c929af49 records_attr4=topic_Course_173((r47@n257(hasword_neural_173))+(rl@n257(links_173_143*topic_Course_143(rl@n257(links_143_84*topic_Course_84((r171@n257(hasword_match_84))+(rl@n257(links_84_143*topic_Course_143)))))))) 
time=999 node=10.1.1.4 tuple=records records_attr1=10.1.1.4 records_attr2=e723afd445c96fe5081e991a981781c6ac8c89bd records_attr3=ab78bda440949d98ad6ef0ffaf12d932c8165b22 records_attr4=topic_Person_146((r166@n257(hasword_present_146))+(rl@n257(links_146_64*topic_Person_64(rl@n257(links_64_146*topic_Person_146))))) 
time=999 node=10.1.1.4 tuple=records records_attr1=10.1.1.4 records_attr2=e77c7fb2da096349616addb7efad76110e8b15d9 records_attr3=40544bc16016485325c15c4924f3935ae044ff69 records_attr4=topic_Faculty_79(rl@n257(links_79_90*topic_Faculty_90(r55@n257(hasword_user_90)))) 
time=999 node=10.1.1.4 tuple=records records_attr1=10.1.1.4 records_attr2=e7d7e6ad3dfe40ea14b6da4367f1fec25d4bfc9c records_attr3=16fdd952da319b98c5bf82700ea25d1ce15f952c records_attr4=topic_Student_84((r191@n257(hasword_match_84))+(rl@n257(links_84_143*topic_Student_143(rl@n257(links_143_84*topic_Student_84))))) 
time=999 node=10.1.1.4 tuple=records records_attr1=10.1.1.4 records_attr2=ea40e149bceba54fb0aec700fdbb106b6525b37e records_attr3=920fec7136d7c360f498f5ef41aa51d885625492 records_attr4=topic_Faculty_112(r243@n257(hasword_offic_112)) 
time=999 node=10.1.1.4 tuple=records records_attr1=10.1.1.4 records_attr2=eb70b57ac97accef8005c337a34b9ff1de4315ea records_attr3=a28af540043d3a70a1fa810521aa748558c839a5 records_attr4=topic_Department_32(rl@n257(links_32_122*topic_Department_122(r397@n257(hasword_manual_122)))) 
time=999 node=10.1.1.4 tuple=records records_attr1=10.1.1.4 records_attr2=ebbd0858a3b7ca00f98f8f067589a6735fe15b8c records_attr3=d67c834d5367076328ac57126a04ba8b854aff7c records_attr4=topic_Person_22((rl@n257(links_22_57*topic_Person_57(rl@n257(links_57_3*topic_Person_3((r490@n257(hasword_interfac_3))+(rl@n257(links_3_57*topic_Person_57)))))))+(rl@n257(links_22_31*topic_Person_31(rl@n257(links_31_57*topic_Person_57(rl@n257(links_57_3*topic_Person_3((r490@n257(hasword_interfac_3))+(rl@n257(links_3_57*topic_Person_57)))))))))) 
time=999 node=10.1.1.4 tuple=records records_attr1=10.1.1.4 records_attr2=ec380fd7d88d9cdfa98a3cb731eb19108b78d194 records_attr3=23b829782ec6a54c6018fab9832caa078c6c2d23 records_attr4=topic_Student_139(r49@n257(hasword_page_139)) 
time=999 node=10.1.1.4 tuple=records records_attr1=10.1.1.4 records_attr2=ef8b3075305c28d6b05d4a946b8002a2ff113542 records_attr3=730b7f5827356e03b52b7cc0ed3d7a52f97e49ef records_attr4=topic_Faculty_126(r109@n257(hasword_educ_126)) 
time=999 node=10.1.1.4 tuple=records records_attr1=10.1.1.4 records_attr2=efeae8121543c56d3d388a5ef421a901841c0617 records_attr3=b8d202fae5840a73ec700c4e906139119d561de4 records_attr4=topic_Faculty_90(r55@n257(hasword_user_90)) 
time=999 node=10.1.1.4 tuple=records records_attr1=10.1.1.4 records_attr2=f1bf9df314cdb262edeb37ce8101ba5171da56b9 records_attr3=3a617105cc80e703cb30e41b3be3337af63cf500 records_attr4=topic_Faculty_134(r203@n257(hasword_modifi_134)) 
time=999 node=10.1.1.4 tuple=records records_attr1=10.1.1.4 records_attr2=f2795b0bb820482c0eb21a9f54a351865e1a39db records_attr3=253cd226a7b9a4328a7110b967a8a94be0261100 records_attr4=topic_Department_124(r176@n257(hasword_begin_124)) 
time=999 node=10.1.1.4 tuple=records records_attr1=10.1.1.4 records_attr2=f3495d50c4a714764a0284189a2a328838fdc857 records_attr3=7016874da2445dfaa121bdf2204e9d92b5c18159 records_attr4=topic_Student_8((rl@n257(links_8_28*topic_Student_28(r289@n257(hasword_sequenc_28))))+(rl@n257(links_8_148*topic_Student_148(rl@n257(links_148_8*topic_Student_8))))+(rl@n257(links_8_172*topic_Student_172(rl@n257(links_172_8*topic_Student_8))))) 
time=999 node=10.1.1.4 tuple=records records_attr1=10.1.1.4 records_attr2=f3774a2748477182c4e6ebaa05802f66e5fc6dbb records_attr3=54140ea368632c6de9900b6cf26d2d9871ec46c6 records_attr4=topic_Person_163(rl@n257(links_163_107*topic_Person_107(rl@n257(links_107_58*topic_Person_58((r19@n257(hasword_server_58))+(rl@n257(links_58_107*topic_Person_107))))))) 
time=999 node=10.1.1.4 tuple=records records_attr1=10.1.1.4 records_attr2=f5975b06da3268a1333e9c4a8006660031e3ed76 records_attr3=4e7fed3d004c930008fdd60cd6dc1a8211cc1e17 records_attr4=topic_ResearchProject_30(rl@n257(links_30_114*topic_ResearchProject_114((r138@n257(hasword_appli_114))+(rl@n257(links_114_30*topic_ResearchProject_30))))) 
time=999 node=10.1.1.4 tuple=records records_attr1=10.1.1.4 records_attr2=f746acda68682ff3090a02e88f90cd4e178ea535 records_attr3=9d787b49f63facf6cc66fcbc35246461c3f392f2 records_attr4=topic_Course_1(r310@n257(hasword_advanc_1)) 
time=999 node=10.1.1.4 tuple=records records_attr1=10.1.1.4 records_attr2=f915dbeef2880d4b942a36c6151d908a0536566a records_attr3=5b5c6788612c3cb3c2efbd1b02f434349adf1d21 records_attr4=topic_Faculty_42(rl@n257(links_42_80*topic_Faculty_80((rl@n257(links_80_42*topic_Faculty_42))+(rl@n257(links_80_128*topic_Faculty_128(r316@n257(hasword_content_128))))))) 
time=999 node=10.1.1.4 tuple=records records_attr1=10.1.1.4 records_attr2=f93dbc1adb6bf1168f52d810323cfe2fea40be6d records_attr3=28d256a5718c8fc077cfec3639e6ba17ee1cd4f1 records_attr4=topic_Department_98(r228@n257(hasword_homework_98)) 
time=999 node=10.1.1.4 tuple=records records_attr1=10.1.1.4 records_attr2=fa7d50ddef70950754bd60a3dc5a66264da39664 records_attr3=948ec050938cf985dfc90a77742429bb50a339ac records_attr4=topic_Department_104(rl@n257(links_104_98*topic_Department_98(r228@n257(hasword_homework_98)))) 
time=999 node=10.1.1.4 tuple=records records_attr1=10.1.1.4 records_attr2=fc3dab3009779941cf9e7788a88aff0426072ae8 records_attr3=ab2cae87d24c14af135e1d3b976c2e804869d5d5 records_attr4=topic_Student_157(r154@n257(hasword_background_157)) 
time=999 node=10.1.1.4 tuple=records records_attr1=10.1.1.4 records_attr2=fd7bf4e441e57bbef4fbb88c2cf64e162e6004db records_attr3=b1a5b683fe18a45aaacb9b45a728a1c698c17161 records_attr4=topic_Department_74(r172@n257(hasword_product_74)) 
time=999 node=10.1.1.4 tuple=records records_attr1=10.1.1.4 records_attr2=ff69fc278f9f507e4153360288f7565931614edb records_attr3=c44769b80c9277c087538daeb25a812dee4495b0 records_attr4=topic_Faculty_73(rl@n257(links_73_138*topic_Faculty_138(r106@n257(hasword_ieee_138)))) 
time=999 node=10.1.1.4 tuple=records records_attr1=10.1.1.4 records_attr2=ffcdc8124b79f3f5ad802dd60770185fb3a039a2 records_attr3=822d47964ff80845b6b16194a83888ed7cfed76f records_attr4=topic_Course_3((r231@n257(hasword_interfac_3))+(rl@n257(links_3_57*topic_Course_57(rl@n257(links_57_3*topic_Course_3))))) 
time cost: 98.5624 seconds
