32970
Student
Faculty
Staff
ResearchProject
Course
Department
Person
11857939
11858124
11858263
11858396
11858530
11858666
11858798
13745468
13745619
13745755
13745887
13746017
13746150
13746280
14352855
14353002
14353135
14353266
14353396
14353527
14353657
14407105
14407251
14407384
14407517
14407648
14407780
14407911
14491960
14492107
14492247
14492381
14492513
14492643
14492773
14546648
14546793
14546926
14547058
14547188
14547318
14547447
14633201
14633346
14633479
14633611
14633742
14633874
14634005
14688981
14689124
14689257
14689388
14689520
14689651
14689783
14744920
14745064
14745197
14745328
14745459
14745590
14745720
14833771
14833916
14834050
14834202
14834350
14834481
14834612
14890361
14890505
14890639
14890772
14890903
14891035
14891166
14981073
14981217
14981349
14981480
14981612
14981741
14981871
15107963
15108115
15108251
15108384
15108516
15108648
15108780
15272942
15273087
15273222
15273353
15273485
15273617
15273747
15367691
15367834
15367968
15368105
15368237
15368367
15368496
15426969
15427113
15427247
15427378
15427508
15427639
15427769
15524738
15524883
15525016
15525148
15525279
15525411
15525541
15584308
15584453
15584587
15584719
15584850
15584982
15585112
15723977
15724133
15724268
15724400
15724532
15724663
15724793
15824403
15824547
15824681
15824812
15824944
15825074
15825205
16076791
16076936
16077070
16077202
16077332
16077462
16077592
16138397
16138542
16138676
16138808
16138940
16139071
16139202
16374435
16374582
16374717
16374849
16374981
16375112
16375244
16436936
16437081
16437216
16437348
16437479
16437611
16437741
16499451
16499597
16499731
16499864
16500003
16500135
16500266
16607943
16608088
16608221
16608352
16608483
16608614
16608744
16765055
16765199
16765332
16765464
16765595
16765726
16765858
17018448
17018592
17018725
17018857
17018988
17019119
17019248
17196336
17196481
17196615
17196747
17196877
17197008
17197137
17261306
17261452
17261586
17261717
17261850
17261980
17262111
17376795
17376944
17377585
17377948
17378288
17378626
17378962
17572419
17572575
17572709
17572842
17572974
17573105
17573236
17693155
17693303
17693437
17693571
17693702
17693834
17693966
17761884
17762036
17762188
17762321
17762453
17762585
17762716
18973977
18974123
18974258
18974391
18974523
18974656
18974787
19167085
19167239
19167372
19167504
19167664
19167803
19167950
19436355
19436502
19436636
19436768
19436901
19437033
19437165
19565583
19565727
19565860
19565992
19566123
19566254
19566384
19635287
19635431
19635572
19635703
19635833
19635962
19636092
19912563
19912711
19912846
19912979
19913111
19913242
19913373
20503999
20504146
20504280
20504413
20504545
20504676
20504808
20644817
20644974
20645110
20645244
20645376
20645508
20645641
20784690
20784836
20784969
20785101
20785231
20785361
20785493
20856688
20856882
20857015
20857146
20857277
20857407
20857538
20928901
20929045
20929177
20929308
20929439
20929569
20929700
21156728
21156872
21157004
21157136
21157266
21157396
21157526
21298492
21298638
21298773
21298905
21299036
21299167
21299303
21602963
21603110
21603251
21603385
21603517
21603648
21603780
21840787
21840934
21841068
21841202
21841335
21841467
21841599
21987999
21988145
21988280
21988413
21988545
21988676
21988807
22592684
22592855
22592999
22593131
22593263
22593394
22593526
23063185
23063369
23063502
23063633
23063763
23063893
23064022
23139611
23139755
23139888
23140020
23140150
23140280
23140410
25300110
25300268
25300403
25300535
25300666
25300797
25300928
25378883
25379030
25379164
25379299
25379430
25379562
25379693
25542662
25542816
25542951
25543084
25543216
25543348
25543479
25622054
25622201
25622335
25622468
25622599
25622736
25622869
27795296
27795455
27795588
27795720
27795915
27796070
27796252
28076615
28076798
28076951
28077102
28077251
28077401
28077550
28280738
28280899
28281052
28281202
28281352
28281502
28281649
28380485
28380647
28380798
28380949
28381097
28381246
28381395
28799254
28799416
28799569
28799718
28799866
28800015
28800163
29006420
29006584
29006737
29006887
29007036
29007186
29007336
29363412
29363577
29363729
29363880
29364030
29364180
29364329
35337912
35338101
35338556
35338909
35339250
35339607
35339944
39236415
39236570
39236704
39236836
39236967
39237104
39237235
39438792
39438937
39439071
39439202
39439333
39439464
39439595
39643843
39643989
39644122
39644255
39644387
39644517
39644648
39735152
39735297
39735430
39735573
39735707
39735839
39735970
39826907
39827053
39827187
39827319
39827450
39827581
39827712
40146990
40147136
40147269
40147399
40147531
40147660
40147791
40239115
40239259
40239393
40239524
40239655
40239785
40239915
40565403
40565557
40565731
40565865
40565997
40566128
40566259
40778190
40778337
40778471
40778603
40778734
40778865
40778995
40989926
40990072
40990206
40990338
40990468
40990597
40990727
41476865
41477010
41477142
41477273
41477404
41477533
41477663
41691874
41692021
41692154
41692285
41692417
41692548
41692679
43265628
43265774
43265907
43266037
43266168
43266298
43266436
43483728
43483882
43484016
43484148
43484280
43484411
43484548
43703542
43703687
43703820
43703952
43704084
43704215
43704346
43799747
43799891
43800024
43800155
43800286
43800417
43800555
44151535
44151688
44151822
44152042
44152177
44152312
44152449
44374401
44374545
44374677
44374810
44374941
44375070
44375200
45061580
45061728
45061862
45061993
45062123
45062253
45062383
45421465
45421648
45421781
45421913
45422043
45422174
45422305
46125137
46125312
46125748
46126104
46126442
46126779
46127117
46564348
46564498
46564633
46564766
46564899
46565031
46565163
46796697
46796841
46796974
46797105
46797236
46797366
46797496
46895783
46895927
46896067
46896200
46896331
46896462
46896593
48760471
48760631
48760764
48760895
48761027
48761158
48761288
49429736
49429908
49430043
49430177
49430309
49430441
49430574
49673776
49673921
49674054
49674186
49674317
49674448
49674577
49775289
49775433
49775566
49775703
49775836
49775966
49776096
50018176
50018325
50018461
50018595
50018727
50018860
50018994
50121428
50121575
50121709
50121842
50121975
50122107
50122238
50730258
50730406
50730538
50730669
50730799
50730930
50731061
51258834
51258983
51259520
51259929
51260321
51260709
51261094
51626511
51626691
51626850
51627039
51627190
51627345
51627496
51921852
51922018
51922171
51922322
51922473
51922623
51922772
52049470
52049634
52049787
52049938
52050088
52050238
52050387
52177218
52177381
52177533
52177684
52177834
52177983
52178132
56960691
56960866
56961018
56961167
56961316
56961465
56961613
57090691
57090853
57091005
57091155
57091302
57091451
57091599
57221471
57221633
57221785
57221935
57222084
57222232
57222380
61985765
61985949
61986107
61986259
61986409
61986558
61986706
72976212
72976396
72976550
72976701
72976858
72977009
72977159
73311155
73311319
73311471
73311620
73311770
73311918
73312066
73450981
73451144
73451297
73451446
73451595
73451744
73451892
73591286
73591449
73591601
73591752
73591901
73592049
73592198
77756874
77757057
77757210
77757361
77757510
77757660
77757831
77899552
77899716
77899869
77900020
77900177
77900329
77900478
78270871
78271077
78271245
78271408
78271570
78271749
78271913
79343200
79343385
79343537
79343686
79343835
79343992
79344143
79487775
79487944
79488097
79488247
79488398
79488549
79488698
79632382
79632545
79632697
79632847
79632995
79633144
79633292
79777508
79777670
79777822
79777972
79778122
79778348
79778562
80131103
80131268
80131420
80131571
80131721
80131879
80132030
80485392
80485561
80485714
80485863
80486012
80486162
80486310
80848513
80848677
80848829
80848980
80849130
80849313
80849507
93535984
93536174
93536326
93536476
93536625
93536774
93536922
93688744
93688908
93689059
93689210
93689360
93689509
93689656
94066428
94066594
94066747
94066898
94067048
94067197
94067346
94135334
94135495
94135645
94135795
94135944
94136093
94136242
95340248
95340438
95340613
95340797
95340982
95341166
95341343
95495491
95495660
95495812
95495964
95496115
95496266
95496415
95649861
95650035
95650188
95650341
95650492
95650642
95650791
96341730
96341906
96342060
96342212
96342362
96342511
96342782
97794133
97794314
97794467
97794616
97794764
97794913
97795060
97949419
97949581
97949738
97949890
97950039
97950188
97950336
98105410
98105573
98105729
98105880
98106030
98106179
98106329
98262310
98262472
98262622
98262772
98262921
98263069
98263218
98418831
98418993
98419144
98419294
98419442
98419590
98419738
100533859
100534038
100534190
100534341
100534491
100534639
100534789
100692448
100692615
100692769
100692921
100693072
100693222
100693380
101096096
101096265
101096418
101096569
101096720
101096871
101097022
101256532
101256740
101256945
101257095
101257247
101257406
101257557
101416234
101416398
101416550
101416702
101416852
101417002
101417151
101576889
101577055
101577207
101577365
101577516
101577667
101577816
101979813
101979977
101980128
101980277
101980425
101980573
101980720
102385471
102385637
102385791
102385941
102386091
102386242
102386392
102795230
102795403
102795559
102795711
102795860
102796010
102796160
103456322
103456494
103456646
103456796
103456946
103457102
103457253
104120538
104120710
104120863
104121023
104121175
104121325
104121475
104283943
104284107
104284260
104284412
104284563
104284712
104284861
104447100
104447265
104447418
104447569
104447720
104447869
104448020
104860066
104860234
104860385
104860534
104860682
104860835
104860985
105594161
105594335
105594490
105594642
105594793
105594943
105595094
105759832
105759997
105760149
105760301
105760452
105760602
105760757
106432508
106432682
106432834
106432984
106433132
106433281
106433429
106597162
106597323
106597474
106597622
106597770
106597919
106598066
106762038
106762199
106762349
106762499
106762648
106762796
106762943
108019926
108020104
108020261
108020413
108020570
108020721
108020872
108499254
108499453
108499608
108499759
108499910
108500061
108500231
108948588
108948770
108948924
108949074
108949225
108949374
108949524
111493321
111493503
111493653
111493803
111493950
111494098
111494247
111662295
111662457
111662607
111662755
111662902
111663049
111663197
112354784
112355112
112355267
112355419
112355568
112355717
112355868
112526374
112526540
112526693
112526844
112526996
112527147
112527298
113234657
113234831
113234988
113235140
113235290
113235440
113235589
113406393
113406556
113406709
113406860
113407010
113407161
113407310
113577725
113577889
113578043
113578195
113578345
113578495
113578645
114015056
114015222
114015374
114015522
114015671
114015830
114015979
114186121
114186282
114186434
114186583
114186731
114186878
114187026
114629507
114629682
114629835
114629986
114630136
114630285
114630435
115070974
115071139
115071289
115071438
115071585
115071740
115071889
115514781
115514953
115515103
115515251
115515399
115515551
115515703
115688393
115688554
115688704
115688853
115689003
115689150
115689298
116132583
116132748
116132899
116133047
116133195
116133342
116133490
117478540
117478722
117478874
117479024
117479172
117479327
117479477
117655592
117655755
117655907
117656056
117656205
117656354
117656503
118108569
118108735
118108885
118109034
118109183
118109331
118109480
118286110
118286272
118286422
118286572
118286722
118286869
118287017
121362151
121362338
121362491
121362641
121362790
121362948
121363097
121540882
121541049
121541203
121541354
121541505
121541655
121541804
127287523
127287714
127287868
127288020
127288171
127288321
127288473
127752603
127752775
127752926
127753075
127753223
127753370
127753518
128217817
128217985
128218144
128218295
128218444
128218594
128218744
133813607
133813798
133813953
133814104
133814255
133814405
133814556
134664766
134664944
134665096
134665249
134665401
134665551
134665699
144373703
144373895
144374340
144374692
144375030
144375378
144375719
144877775
144877928
144878063
144878206
144878337
144878468
144878599
150483732
150483906
150484047
150484186
150484324
150484462
150484601
150925444
150925599
150925734
150925866
150925997
150926128
150926258
151355736
151355889
151356023
151356155
151356286
151356417
151356549
151803413
151803578
151803712
151803844
151803975
151804106
151804237
152020778
152021043
152021215
152021384
152021552
152021719
152021886
175251536
175251707
175251841
175251972
175252109
175252241
175252372
175414539
175414685
175414819
175414951
175415082
175415212
175415357
175877573
175877730
175877864
175877995
175878126
175878256
175878386
186861927
186862329
186862500
186862694
186862863
186863013
186863166
188641688
188641876
188642028
188642179
188642330
188642486
188642638
189533494
189533677
189533829
189533979
189534128
189534278
189534432
189736635
189736798
189736950
189737100
189737248
189737398
189737546
189940482
189940644
189940794
189940943
189941092
189941241
189941390
190497160
190497331
190497482
190497631
190497780
190497928
190498075
191052957
191053134
191053287
191053436
191053584
191053733
191053881
192070896
192071080
192071231
192071379
192071527
192071675
192071822
193327792
193327976
193328127
193328276
193328423
193328571
193328719
203244751
203244946
203245191
203245464
203245646
203245796
203245947
203817923
203818102
203818253
203818401
203818550
203818698
203818846
time=999 node=10.1.1.4 tuple=records records_attr1=10.1.1.4 records_attr2=2b1e2ed2d8d10bde81c2e9c2a808fe4ee348be6 records_attr3=6bb769eabf87efabf28a2b3a1a4b5f1d5de2af84 records_attr4=topic_Student_77(r288@n257(hasword_sep_77)) 
time=999 node=10.1.1.4 tuple=records records_attr1=10.1.1.4 records_attr2=56c27b245e82796f6998f7f0cda52b1e10c76e4 records_attr3=39816e6c9f4497bb6279fd54c59f9dbc8fff30b4 records_attr4=topic_Faculty_140(r494@n257(hasword_search_140)) 
time=999 node=10.1.1.4 tuple=records records_attr1=10.1.1.4 records_attr2=65c48c5c413bd2650ff132f47579e36a6dcf507 records_attr3=a10d74f9f458fb28c1dcb47137e44f87dba93f58 records_attr4=topic_Person_25(r427@n257(hasword_vector_25)) 
time=999 node=10.1.1.4 tuple=records records_attr1=10.1.1.4 records_attr2=675eb4e18defb8c1e9af514a53c35f23dcc21e4 records_attr3=21575fd3e759492fba65d5d570e4bd47897ff463 records_attr4=topic_Staff_104(rl@n257(links_104_118*topic_Staff_118((rl@n257(links_118_104*topic_Staff_104))+(rl@n257(links_118_137*topic_Staff_137(r281@n257(hasword_austin_137))))+(rl@n257(links_118_21*topic_Staff_21(r21@n257(hasword_order_21))))))) 
time=999 node=10.1.1.4 tuple=records records_attr1=10.1.1.4 records_attr2=74664f7fbfcdc8ddcf23669725cb094aafb3b6f records_attr3=f4b71a540ef20c4f78891684449f84cfea5127c0 records_attr4=topic_Person_153(r114@n257(hasword_algorithm_153)) 
time=999 node=10.1.1.4 tuple=records records_attr1=10.1.1.4 records_attr2=82c2323a6dc0f44d4f2b0490dc43497e53a217f records_attr3=d5a7551500e39959f16382795e0e4c9517942425 records_attr4=topic_Faculty_103(rl@n257(links_103_180*topic_Faculty_180(rl@n257(links_180_173*topic_Faculty_173((r260@n257(hasword_group_173))+(rl@n257(links_173_180*topic_Faculty_180))+(rl@n257(links_173_108*topic_Faculty_108(rl@n257(links_108_173*topic_Faculty_173))))))))) 
time=999 node=10.1.1.4 tuple=records records_attr1=10.1.1.4 records_attr2=b317b1c8a40dfe1bc769b088b45c76eda8041dd records_attr3=9533a03b7c4522f24d2d8ecbaff4eff46704acef records_attr4=topic_ResearchProject_118((rl@n257(links_118_104*topic_ResearchProject_104(rl@n257(links_104_118*topic_ResearchProject_118))))+(rl@n257(links_118_201*topic_ResearchProject_201(rl@n257(links_201_108*topic_ResearchProject_108(rl@n257(links_108_173*topic_ResearchProject_173((rl@n257(links_173_108*topic_ResearchProject_108))+(rl@n257(links_173_66*topic_ResearchProject_66(r392@n257(hasword_automat_66))))+(rl@n257(links_173_180*topic_ResearchProject_180(rl@n257(links_180_173*topic_ResearchProject_173)))))))))))) 
time=999 node=10.1.1.4 tuple=records records_attr1=10.1.1.4 records_attr2=bc5653821df4fca3d92714c57c8b108de783f62 records_attr3=9b7f5ffc969c614f8c93deeab4e7df9defc0ea2f records_attr4=topic_Student_56(rl@n257(links_56_180*topic_Student_180((r419@n257(hasword_recent_180))+(rl@n257(links_180_173*topic_Student_173((rl@n257(links_173_180*topic_Student_180))+(rl@n257(links_173_108*topic_Student_108(rl@n257(links_108_173*topic_Student_173)))))))))) 
time=999 node=10.1.1.4 tuple=records records_attr1=10.1.1.4 records_attr2=fb6ef7a525fb97197a037c2793929a57eaa8f30 records_attr3=b580041465080d20efd3c9ab13d6959dc5b8123b records_attr4=topic_Person_57(r19@n257(hasword_server_57)) 
time=999 node=10.1.1.4 tuple=records records_attr1=10.1.1.4 records_attr2=107b4e70adf4bce461bb540c6633beedfa1fbd66 records_attr3=1b584f80ce21b9ac1bcaa447ba9f36ea30e1af8b records_attr4=topic_Person_118((rl@n257(links_118_21*topic_Person_21(r187@n257(hasword_order_21))))+(rl@n257(links_118_104*topic_Person_104(rl@n257(links_104_118*topic_Person_118))))) 
time=999 node=10.1.1.4 tuple=records records_attr1=10.1.1.4 records_attr2=110d345b1b535029e8e3103e64e37a48030cd2db records_attr3=595f1501960c21bab4da115bf503c69341ffd8e4 records_attr4=topic_Staff_50((r388@n257(hasword_call_50))+(r372@n257(hasword_hand_50))) 
time=999 node=10.1.1.4 tuple=records records_attr1=10.1.1.4 records_attr2=1193e2d692cce69bd1a8ae1a4e3d0cb2e9c5e5a9 records_attr3=78e4c7f33482540f9128d9d28f7aa196daabf402 records_attr4=topic_Department_86(r117@n257(hasword_manipul_86)) 
time=999 node=10.1.1.4 tuple=records records_attr1=10.1.1.4 records_attr2=1207baa190f369ba58369322bcc16e6f470adf38 records_attr3=29f57d8f4061086ec2104f7641aa99631bd4473d records_attr4=topic_ResearchProject_34(r446@n257(hasword_rout_34)) 
time=999 node=10.1.1.4 tuple=records records_attr1=10.1.1.4 records_attr2=1290f25cce39a33856e35a285b35afcec8504dca records_attr3=cd02679dc88ecc2c5bd0502cbb023b57dc4e037a records_attr4=topic_Department_190(r483@n257(hasword_homepag_190)) 
time=999 node=10.1.1.4 tuple=records records_attr1=10.1.1.4 records_attr2=169f6df5eb2c435e3c6c1ed39e93fae8608d49d0 records_attr3=9192041abf4ec3320657c770e9a163a6cb713346 records_attr4=topic_ResearchProject_66(r392@n257(hasword_automat_66)) 
time=999 node=10.1.1.4 tuple=records records_attr1=10.1.1.4 records_attr2=16c4b8521641c7458560460396cdec5be9e3cd0e records_attr3=7f9a7bfb34b3a50fc826a56ab9368cbbab708d52 records_attr4=topic_Staff_63(r479@n257(hasword_nation_63)) 
time=999 node=10.1.1.4 tuple=records records_attr1=10.1.1.4 records_attr2=173c49f894ded757b76f9c1d2cab7bd94e912a0a records_attr3=cf24f9e1edc70781803e84948ddfe8726bd1dd79 records_attr4=topic_Person_64((r197@n257(hasword_servic_64))+(rl@n257(links_64_188*topic_Person_188((rl@n257(links_188_64*topic_Person_64))+(rl@n257(links_188_178*topic_Person_178(rl@n257(links_178_188*topic_Person_188)))))))) 
time=999 node=10.1.1.4 tuple=records records_attr1=10.1.1.4 records_attr2=175d9983089cf4d09ebb10e3a790283ae7da8ffa records_attr3=d6b8eee32bc0523ff4963c0b5f6dcc7970daca52 records_attr4=topic_Faculty_96(r489@n257(hasword_view_96)) 
time=999 node=10.1.1.4 tuple=records records_attr1=10.1.1.4 records_attr2=1815b7007e64ecb8b72ac1f9d89fc4c18dc1f60d records_attr3=ab23eb247bcd43d0edf5072cd939b9b241f8803e records_attr4=topic_Faculty_189(r203@n257(hasword_modifi_189)) 
time=999 node=10.1.1.4 tuple=records records_attr1=10.1.1.4 records_attr2=196bb38d4fa7cdaf87d15d4afbb310593fd18a3e records_attr3=2e7d0656288612438876e947b6e6d839e8d1b5ec records_attr4=topic_Person_46(rl@n257(links_46_73*topic_Person_73(r114@n257(hasword_algorithm_73)))) 
time=999 node=10.1.1.4 tuple=records records_attr1=10.1.1.4 records_attr2=1adccb3869d5907a4b8a887a39c3fb2e35d51898 records_attr3=3b39073c7f6a64587a7a4bfb4a64028d9d39a370 records_attr4=topic_Student_126(r154@n257(hasword_background_126)) 
time=999 node=10.1.1.4 tuple=records records_attr1=10.1.1.4 records_attr2=1b26f9bd9dfff562fa57db644bcb88ebd7813c15 records_attr3=4656bb54777731cb86a156bf0775d3a79429f131 records_attr4=topic_Staff_74(rl@n257(links_74_137*topic_Staff_137(r281@n257(hasword_austin_137)))) 
time=999 node=10.1.1.4 tuple=records records_attr1=10.1.1.4 records_attr2=1cf708f6f77ccb6320331cc21ea4c34a20dc4cec records_attr3=a4133d7d23eb7e68f65986fb2bdd0d83d245e890 records_attr4=topic_ResearchProject_71(r477@n257(hasword_imag_71)) 
time=999 node=10.1.1.4 tuple=records records_attr1=10.1.1.4 records_attr2=1e2212a723afc72570f4b39d3b0b20757ebe5dc3 records_attr3=dd04b73049ef08d6c240fd76c14cd9b6abe8ec26 records_attr4=topic_Department_144(r38@n257(hasword_translat_144)) 
time=999 node=10.1.1.4 tuple=records records_attr1=10.1.1.4 records_attr2=1eedd95d860b6b9ec2fb71c0532efa44185b35b7 records_attr3=d75544b6df398f14056b98cc5c0bf5f33aef4a9f records_attr4=topic_Faculty_89((r27@n257(hasword_count_89))+(r5@n257(hasword_programm_89))+(r242@n257(hasword_quot_89))) 
time=999 node=10.1.1.4 tuple=records records_attr1=10.1.1.4 records_attr2=1fbc1347fff044dbe92dabc0e6a7137d4c7889a5 records_attr3=98761577dbf1bbfd77bb8934664c79cc334bc5be records_attr4=topic_Person_17(r204@n257(hasword_interest_17)) 
time=999 node=10.1.1.4 tuple=records records_attr1=10.1.1.4 records_attr2=217579099aacbde21449f4da3f1b88a11476cc4f records_attr3=4b2febb94faacfd86fbce143c22f7881b54a0672 records_attr4=topic_Faculty_95(r499@n257(hasword_number_95)) 
time=999 node=10.1.1.4 tuple=records records_attr1=10.1.1.4 records_attr2=2295d16852f4367f6522afde676c1b5fc66e7ab5 records_attr3=602e4fc734c1eb52d4b6f129bf3727cba15a5d70 records_attr4=topic_Staff_185(rl@n257(links_185_63*topic_Staff_63(r479@n257(hasword_nation_63)))) 
time=999 node=10.1.1.4 tuple=records records_attr1=10.1.1.4 records_attr2=23fcaab499b2b61fe68c127d926cd4a51a15eef5 records_attr3=905910689a9188a4c448c721ea26d07d26e2863c records_attr4=topic_Course_171(r60@n257(hasword_guid_171)) 
time=999 node=10.1.1.4 tuple=records records_attr1=10.1.1.4 records_attr2=244d25fb0bfd1c472de892900cddb1ce5e8f5166 records_attr3=544fe54723de9870d16518f0d0c433753521daee records_attr4=topic_Person_195(rl@n257(links_195_54*topic_Person_54(r186@n257(hasword_industri_54)))) 
time=999 node=10.1.1.4 tuple=records records_attr1=10.1.1.4 records_attr2=25850d174838fe987e4ce97c75839e7669f7fc0f records_attr3=d9263597f229abd592a69f6031601f28e4703281 records_attr4=topic_Department_122(rl@n257(links_122_83*topic_Department_83(r1@n257(hasword_effici_83)))) 
time=999 node=10.1.1.4 tuple=records records_attr1=10.1.1.4 records_attr2=26c16af463770749fc470ee1204046234586e964 records_attr3=60de2bb1955bcdf1081f2e28041dec02d74368e8 records_attr4=topic_Person_178(rl@n257(links_178_188*topic_Person_188((rl@n257(links_188_178*topic_Person_178))+(rl@n257(links_188_64*topic_Person_64((r197@n257(hasword_servic_64))+(rl@n257(links_64_188*topic_Person_188)))))))) 
time=999 node=10.1.1.4 tuple=records records_attr1=10.1.1.4 records_attr2=26d7db5c6e62be2b154c3571c4d581449c82dd8c records_attr3=27aee8d74d51028354f386a8d1537ca94c62a662 records_attr4=topic_Student_164(r188@n257(hasword_learn_164)) 
time=999 node=10.1.1.4 tuple=records records_attr1=10.1.1.4 records_attr2=27a8b850248efad44c53c809dd8cf463197ceb32 records_attr3=ce8f59358789cfa12e12fd09e85fc9499ed4dce7 records_attr4=topic_Staff_174(r220@n257(hasword_resourc_174)) 
time=999 node=10.1.1.4 tuple=records records_attr1=10.1.1.4 records_attr2=28736c35fd949d9e8233432f8c2e27332db9c6b8 records_attr3=d1486d57a6fe969b7d129ff7fa8700fef21762ec records_attr4=topic_Department_21(r259@n257(hasword_level_21)) 
time=999 node=10.1.1.4 tuple=records records_attr1=10.1.1.4 records_attr2=29a380ccc0c76a76a1a70956afff2ca6655cbe91 records_attr3=60d8e743dbe873feb4ddf2feb7977ff54522d8da records_attr4=topic_Staff_21(r21@n257(hasword_order_21)) 
time=999 node=10.1.1.4 tuple=records records_attr1=10.1.1.4 records_attr2=29d7b89053adfc7f7588f55203cf397c04aa28a2 records_attr3=6f108ddd3c42eb13e667a1492c3b1857a98df6e0 records_attr4=topic_ResearchProject_185((rl@n257(links_185_173*topic_ResearchProject_173((rl@n257(links_173_66*topic_ResearchProject_66(r392@n257(hasword_automat_66))))+(rl@n257(links_173_108*topic_ResearchProject_108(rl@n257(links_108_173*topic_ResearchProject_173))))+(rl@n257(links_173_180*topic_ResearchProject_180(rl@n257(links_180_173*topic_ResearchProject_173)))))))+(rl@n257(links_185_63*topic_ResearchProject_63((rl@n257(links_63_173*topic_ResearchProject_173((rl@n257(links_173_66*topic_ResearchProject_66(r392@n257(hasword_automat_66))))+(rl@n257(links_173_108*topic_ResearchProject_108(rl@n257(links_108_173*topic_ResearchProject_173))))+(rl@n257(links_173_180*topic_ResearchProject_180(rl@n257(links_180_173*topic_ResearchProject_173)))))))+(rl@n257(links_63_108*topic_ResearchProject_108(rl@n257(links_108_173*topic_ResearchProject_173((rl@n257(links_173_108*topic_ResearchProject_108))+(rl@n257(links_173_66*topic_ResearchProject_66(r392@n257(hasword_automat_66))))+(rl@n257(links_173_180*topic_ResearchProject_180(rl@n257(links_180_173*topic_ResearchProject_173))))))))))))) 
time=999 node=10.1.1.4 tuple=records records_attr1=10.1.1.4 records_attr2=2a6e644be1588c13f4c260004b2307c12f156219 records_attr3=24f5d27d500eb5ccd371467ae6750bd686e9aa0 records_attr4=topic_Staff_167(rl@n257(links_167_137*topic_Staff_137(r281@n257(hasword_austin_137)))) 
time=999 node=10.1.1.4 tuple=records records_attr1=10.1.1.4 records_attr2=2ab2d4691dc742b56b01f7eada84f27094abb692 records_attr3=8fd362de390836a9952e7cd601fced4e27fa5153 records_attr4=topic_Department_89(r258@n257(hasword_programm_89)) 
time=999 node=10.1.1.4 tuple=records records_attr1=10.1.1.4 records_attr2=2ba49357ab6577ff7b2afa8faceb11c0cbb083a8 records_attr3=323cd32d86922339772eccd8c56302fc8aa2d73b records_attr4=topic_Student_194(r201@n257(hasword_file_194)) 
time=999 node=10.1.1.4 tuple=records records_attr1=10.1.1.4 records_attr2=2c83cb648ec3a53069d75a67bb015fe6a97aeb5f records_attr3=c491e4835bac38754c4125bb811e1d76a61c715 records_attr4=topic_Staff_65(r423@n257(hasword_oct_65)) 
time=999 node=10.1.1.4 tuple=records records_attr1=10.1.1.4 records_attr2=2d99bdfbe2a206795a6c7475d36f0c3ea8e12d0a records_attr3=e6df681b7cb835af4f5c4e16d756ef645c12a1a9 records_attr4=topic_Faculty_104(rl@n257(links_104_118*topic_Faculty_118((rl@n257(links_118_104*topic_Faculty_104))+(rl@n257(links_118_201*topic_Faculty_201(rl@n257(links_201_108*topic_Faculty_108(rl@n257(links_108_173*topic_Faculty_173((r260@n257(hasword_group_173))+(rl@n257(links_173_108*topic_Faculty_108))+(rl@n257(links_173_180*topic_Faculty_180(rl@n257(links_180_173*topic_Faculty_173)))))))))))))) 
time=999 node=10.1.1.4 tuple=records records_attr1=10.1.1.4 records_attr2=2def8be50202d5eb07e52d5ad114831925796ae9 records_attr3=4d31eb0671a19f9201f6a22c9a54b5eca4e0e3de records_attr4=topic_Faculty_80(r489@n257(hasword_view_80)) 
time=999 node=10.1.1.4 tuple=records records_attr1=10.1.1.4 records_attr2=2df613f572a9a9d1c21a827504f5e057da9e6169 records_attr3=6a26187deadb19d83187bac35456cb633479965 records_attr4=topic_Student_117(r74@n257(hasword_sampl_117)) 
time=999 node=10.1.1.4 tuple=records records_attr1=10.1.1.4 records_attr2=2e5c54321e028fd4defc74c737bf693d70f568dd records_attr3=2ad57d0f1970d52d430e31a6547c445023424f60 records_attr4=topic_Faculty_118((rl@n257(links_118_104*topic_Faculty_104(rl@n257(links_104_118*topic_Faculty_118))))+(rl@n257(links_118_201*topic_Faculty_201(rl@n257(links_201_108*topic_Faculty_108(rl@n257(links_108_173*topic_Faculty_173((r260@n257(hasword_group_173))+(rl@n257(links_173_108*topic_Faculty_108))+(rl@n257(links_173_180*topic_Faculty_180(rl@n257(links_180_173*topic_Faculty_173)))))))))))) 
time=999 node=10.1.1.4 tuple=records records_attr1=10.1.1.4 records_attr2=2fbc902f5ec3acaf7c0e5504dc6c7d6cd0653e12 records_attr3=6a59671c198525a6a09581406b50accf6765c2c records_attr4=topic_Department_64(rl@n257(links_64_188*topic_Department_188((rl@n257(links_188_64*topic_Department_64))+(rl@n257(links_188_89*topic_Department_89(r258@n257(hasword_programm_89))))+(rl@n257(links_188_178*topic_Department_178(rl@n257(links_178_188*topic_Department_188))))+(rl@n257(links_188_140*topic_Department_140(r497@n257(hasword_search_140))))))) 
time=999 node=10.1.1.4 tuple=records records_attr1=10.1.1.4 records_attr2=301413546aa81aba47f2cec2ba4bce374db96676 records_attr3=6b50726c3d2f23c02a26297d9db9eec9caf0dd7a records_attr4=topic_Staff_52(rl@n257(links_52_176*topic_Staff_176((rl@n257(links_176_45*topic_Staff_45(r319@n257(hasword_variabl_45))))+(rl@n257(links_176_74*topic_Staff_74(rl@n257(links_74_137*topic_Staff_137(r281@n257(hasword_austin_137))))))))) 
time=999 node=10.1.1.4 tuple=records records_attr1=10.1.1.4 records_attr2=308cd815a8ebbc7c1c4f0971b1901db624e2ee39 records_attr3=6c7bb138a9b54962603edbc821945aeb0b1c63bb records_attr4=topic_Department_27(rl@n257(links_27_86*topic_Department_86(r117@n257(hasword_manipul_86)))) 
time=999 node=10.1.1.4 tuple=records records_attr1=10.1.1.4 records_attr2=31381720529cffd76ee29b0d93108e93511bbdb0 records_attr3=caca210b42ee3b14f3a7d9c9550b1a4715615bc records_attr4=topic_ResearchProject_82(rl@n257(links_82_83*topic_ResearchProject_83(r95@n257(hasword_effici_83)))) 
time=999 node=10.1.1.4 tuple=records records_attr1=10.1.1.4 records_attr2=3341d1505b25c333cd0eb511ef179ee23bdc1582 records_attr3=57074d1789447ddabedb8f0bbc70017c3dbd5366 records_attr4=topic_Course_111(r442@n257(hasword_confer_111)) 
time=999 node=10.1.1.4 tuple=records records_attr1=10.1.1.4 records_attr2=335480f7a2e881f6c6f6f9ca9cee83ae2221d530 records_attr3=8af413e4b8e48d7b32816ee5ff2ed79e9e7964e3 records_attr4=topic_Faculty_175(r10@n257(hasword_type_175)) 
time=999 node=10.1.1.4 tuple=records records_attr1=10.1.1.4 records_attr2=33af0fdff5f6e48351da88f44b5f060a65751d58 records_attr3=df09a5b18b50980c778871f7689201cb0f99a18b records_attr4=topic_Course_17(r136@n257(hasword_interest_17)) 
time=999 node=10.1.1.4 tuple=records records_attr1=10.1.1.4 records_attr2=37ce51b3f082600b05061a5602cfc36c7fcdc3ce records_attr3=f11a8a44a064e988ed12f1a85e9a74d3aa8ca818 records_attr4=topic_Faculty_92(r106@n257(hasword_ieee_92)) 
time=999 node=10.1.1.4 tuple=records records_attr1=10.1.1.4 records_attr2=37d2832ab7fc9f1487855c427be18f3ee1b4888e records_attr3=c9338e20fbfc96cf2c19a7c17ebd0bf7e4782aba records_attr4=topic_Staff_69(r174@n257(hasword_network_69)) 
time=999 node=10.1.1.4 tuple=records records_attr1=10.1.1.4 records_attr2=3908e450e0baec4d6d92d0f57385f582cf5e29c6 records_attr3=f501d9781f4d6e4fa73392024c5be7cbba63e06 records_attr4=topic_Course_85(r224@n257(hasword_contact_85)) 
time=999 node=10.1.1.4 tuple=records records_attr1=10.1.1.4 records_attr2=3bfca45412b85bde2b858e37f5e80b14a8675b3b records_attr3=6aad8adb1bf6c21934bfa56367ce301d3e33b2f records_attr4=topic_Student_1(rl@n257(links_1_33*topic_Student_33((r398@n257(hasword_acm_33))+(rl@n257(links_33_1*topic_Student_1))))) 
time=999 node=10.1.1.4 tuple=records records_attr1=10.1.1.4 records_attr2=3ce8981f95dd14cfa1d66620aec905e540986354 records_attr3=347002d241382dd68422c3dc5dc085e3796ab415 records_attr4=topic_Student_33((r398@n257(hasword_acm_33))+(rl@n257(links_33_1*topic_Student_1(rl@n257(links_1_33*topic_Student_33))))) 
time=999 node=10.1.1.4 tuple=records records_attr1=10.1.1.4 records_attr2=3d4e8f2183492f2caf38c3e19a6ee0052bed9c9e records_attr3=6666770b56b11b4ca4eee89e47c53d6c0d46bc2c records_attr4=topic_ResearchProject_173((rl@n257(links_173_66*topic_ResearchProject_66(r392@n257(hasword_automat_66))))+(rl@n257(links_173_108*topic_ResearchProject_108(rl@n257(links_108_173*topic_ResearchProject_173))))+(rl@n257(links_173_180*topic_ResearchProject_180(rl@n257(links_180_173*topic_ResearchProject_173))))) 
time=999 node=10.1.1.4 tuple=records records_attr1=10.1.1.4 records_attr2=3e1501fa7a1eb3c955d14bbd6b53bbafc4c32f1f records_attr3=f47241f9464dd479202a3736a495af1b86d5e65c records_attr4=topic_Faculty_52(rl@n257(links_52_176*topic_Faculty_176(rl@n257(links_176_74*topic_Faculty_74(r10@n257(hasword_type_74)))))) 
time=999 node=10.1.1.4 tuple=records records_attr1=10.1.1.4 records_attr2=4073fbc51f048a73d1532988cb2879828f137399 records_attr3=31315471a794cc13e5bbcd8bd13913fa6e7c9db0 records_attr4=topic_Student_88(rl@n257(links_88_76*topic_Student_76((r393@n257(hasword_send_76))+(rl@n257(links_76_88*topic_Student_88))))) 
time=999 node=10.1.1.4 tuple=records records_attr1=10.1.1.4 records_attr2=4214934b3b2c5bc4d0bc76441c1461f522e2c63b records_attr3=cbfb98f834ba172289b8f4aee83e7a310e436077 records_attr4=topic_Course_52(rl@n257(links_52_176*topic_Course_176(rl@n257(links_176_17*topic_Course_17(r136@n257(hasword_interest_17)))))) 
time=999 node=10.1.1.4 tuple=records records_attr1=10.1.1.4 records_attr2=426c6e159439ecc219e088a84df187ce35e3d7a1 records_attr3=3ce0cd75de79d63558b681c83aaea80090b90b70 records_attr4=topic_Person_30(r387@n257(hasword_html_30)) 
time=999 node=10.1.1.4 tuple=records records_attr1=10.1.1.4 records_attr2=46e69334af14434698c43eff27ece6aeb0d344ae records_attr3=1cc756ade171dd32c1487086da3ae84249ad923f records_attr4=topic_Person_181(r212@n257(hasword_suggest_181)) 
time=999 node=10.1.1.4 tuple=records records_attr1=10.1.1.4 records_attr2=472d83ede45125983e95175485e89d481fd1fcd6 records_attr3=a0cad72293015a800bf7cbb88f043399e6ef54e3 records_attr4=topic_Student_178(rl@n257(links_178_188*topic_Student_188((r438@n257(hasword_test_188))+(rl@n257(links_188_178*topic_Student_178))+(rl@n257(links_188_64*topic_Student_64(rl@n257(links_64_188*topic_Student_188))))))) 
time=999 node=10.1.1.4 tuple=records records_attr1=10.1.1.4 records_attr2=485e149e1b93ae79657dde8c10afaf53bf9ecb14 records_attr3=f4dad3b2927331136820e173be9623a1ecf74d4c records_attr4=topic_ResearchProject_108(rl@n257(links_108_173*topic_ResearchProject_173((rl@n257(links_173_108*topic_ResearchProject_108))+(rl@n257(links_173_66*topic_ResearchProject_66(r392@n257(hasword_automat_66))))+(rl@n257(links_173_180*topic_ResearchProject_180(rl@n257(links_180_173*topic_ResearchProject_173))))))) 
time=999 node=10.1.1.4 tuple=records records_attr1=10.1.1.4 records_attr2=49265336182ee489f975d27ad5e6feaeb5fe4e83 records_attr3=1a6f0c853739ecbac40abaf77dda0aa5f557e1f1 records_attr4=topic_Faculty_179(r471@n257(hasword_return_179)) 
time=999 node=10.1.1.4 tuple=records records_attr1=10.1.1.4 records_attr2=4988339315102429f9542afdf4521438e020b6b6 records_attr3=556cd67730e903ad50026ad80f7e0f43d932c959 records_attr4=topic_Person_31(r487@n257(hasword_mon_31)) 
time=999 node=10.1.1.4 tuple=records records_attr1=10.1.1.4 records_attr2=499ff41109fb077fe671fe5cbcb885cb6991e2dc records_attr3=ba3361ebec923a936100df6c9a6f3f2949c47d65 records_attr4=topic_Faculty_64(rl@n257(links_64_188*topic_Faculty_188((rl@n257(links_188_64*topic_Faculty_64))+(rl@n257(links_188_140*topic_Faculty_140(r494@n257(hasword_search_140))))+(rl@n257(links_188_178*topic_Faculty_178(rl@n257(links_178_188*topic_Faculty_188))))+(rl@n257(links_188_89*topic_Faculty_89((r27@n257(hasword_count_89))+(r5@n257(hasword_programm_89))+(r242@n257(hasword_quot_89)))))))) 
time=999 node=10.1.1.4 tuple=records records_attr1=10.1.1.4 records_attr2=4caa1a82ad34c088c7e64f54e4f946c36f8e4e5e records_attr3=545702dbadf04e749a7752fcbeaa1677d21e2cd6 records_attr4=topic_Faculty_177(rl@n257(links_177_48*topic_Faculty_48(r10@n257(hasword_type_48)))) 
time=999 node=10.1.1.4 tuple=records records_attr1=10.1.1.4 records_attr2=4e2b865ba83ccde70d3d639d570ad1f15b334ade records_attr3=2b9644cba378a3b38f7378dee8cb8aab43377d38 records_attr4=topic_Faculty_50((r139@n257(hasword_hand_50))+(rl@n257(links_50_61*topic_Faculty_61(r243@n257(hasword_offic_61))))) 
time=999 node=10.1.1.4 tuple=records records_attr1=10.1.1.4 records_attr2=4efbfbbc85f553edc1429c09d27acc3f55d2a481 records_attr3=86b1c6840564cecc90728aff379057d500fbe0fd records_attr4=topic_ResearchProject_63((rl@n257(links_63_173*topic_ResearchProject_173((rl@n257(links_173_66*topic_ResearchProject_66(r392@n257(hasword_automat_66))))+(rl@n257(links_173_108*topic_ResearchProject_108(rl@n257(links_108_173*topic_ResearchProject_173))))+(rl@n257(links_173_180*topic_ResearchProject_180(rl@n257(links_180_173*topic_ResearchProject_173)))))))+(rl@n257(links_63_108*topic_ResearchProject_108(rl@n257(links_108_173*topic_ResearchProject_173((rl@n257(links_173_108*topic_ResearchProject_108))+(rl@n257(links_173_66*topic_ResearchProject_66(r392@n257(hasword_automat_66))))+(rl@n257(links_173_180*topic_ResearchProject_180(rl@n257(links_180_173*topic_ResearchProject_173)))))))))) 
time=999 node=10.1.1.4 tuple=records records_attr1=10.1.1.4 records_attr2=4f0bbc4d45df60f7be9276788c9a0986b028e22d records_attr3=2e8476dd5337c2d5a5ae79a541e23a27650985fe records_attr4=topic_Faculty_85(r165@n257(hasword_contact_85)) 
time=999 node=10.1.1.4 tuple=records records_attr1=10.1.1.4 records_attr2=4ffc21e52d63b91c80d80bf507de4c773c4e13f7 records_attr3=1c97093851addbcb0b63e8eee134efc072276cee records_attr4=topic_Student_108(rl@n257(links_108_173*topic_Student_173((rl@n257(links_173_108*topic_Student_108))+(rl@n257(links_173_180*topic_Student_180((r419@n257(hasword_recent_180))+(rl@n257(links_180_173*topic_Student_173)))))))) 
time=999 node=10.1.1.4 tuple=records records_attr1=10.1.1.4 records_attr2=5119a7da0d6b45bf58b99258735ed610562da8f0 records_attr3=a33a135e1e7ce2f1ea016d8c8b5bc2aec8876f27 records_attr4=topic_Staff_126(rl@n257(links_126_65*topic_Staff_65(r423@n257(hasword_oct_65)))) 
time=999 node=10.1.1.4 tuple=records records_attr1=10.1.1.4 records_attr2=51d8aab23caf5e78ecf2b06acbfc1718b9663c32 records_attr3=6bc84fd7882b819bfefabd939c9b75f6e6dc39e1 records_attr4=topic_Student_196(r355@n257(hasword_apr_196)) 
time=999 node=10.1.1.4 tuple=records records_attr1=10.1.1.4 records_attr2=5302a11fc1da2ca62951a6c88f91ffad1da9d9df records_attr3=4ce9b088edd849bc8e219b91fcc3ce0d26c25190 records_attr4=topic_Faculty_100((rl@n257(links_100_215*topic_Faculty_215(r316@n257(hasword_content_215))))+(rl@n257(links_100_44*topic_Faculty_44(rl@n257(links_44_215*topic_Faculty_215(r316@n257(hasword_content_215))))))+(rl@n257(links_100_216*topic_Faculty_216((rl@n257(links_216_215*topic_Faculty_215(r316@n257(hasword_content_215))))+(rl@n257(links_216_44*topic_Faculty_44(rl@n257(links_44_215*topic_Faculty_215(r316@n257(hasword_content_215)))))))))+(rl@n257(links_100_171*topic_Faculty_171((rl@n257(links_171_215*topic_Faculty_215(r316@n257(hasword_content_215))))+(rl@n257(links_171_216*topic_Faculty_216((rl@n257(links_216_215*topic_Faculty_215(r316@n257(hasword_content_215))))+(rl@n257(links_216_44*topic_Faculty_44(rl@n257(links_44_215*topic_Faculty_215(r316@n257(hasword_content_215))))))))))))) 
time=999 node=10.1.1.4 tuple=records records_attr1=10.1.1.4 records_attr2=556bf327a5b59af943fb9193af7c5f4fa9d3ecf4 records_attr3=c6105ce050b1ddd639b0a2aa0f36ea4e7ff7848a records_attr4=topic_Person_38(r19@n257(hasword_server_38)) 
time=999 node=10.1.1.4 tuple=records records_attr1=10.1.1.4 records_attr2=5715afdb1a3bd5a429bb099bc3f5112d7a361d47 records_attr3=c3e08f051a02a899afa0e163447c7acc533d34db records_attr4=topic_Department_176(rl@n257(links_176_83*topic_Department_83(r1@n257(hasword_effici_83)))) 
time=999 node=10.1.1.4 tuple=records records_attr1=10.1.1.4 records_attr2=5b32c56adf28591811dde6778a28e16de1781148 records_attr3=6323796434cc6ebdac7ab80428f5704637110a79 records_attr4=topic_Department_33((r395@n257(hasword_memori_33))+(rl@n257(links_33_1*topic_Department_1(rl@n257(links_1_33*topic_Department_33))))) 
time=999 node=10.1.1.4 tuple=records records_attr1=10.1.1.4 records_attr2=5c447f4e513b7f4f09e29875f70bec00dd6ecf90 records_attr3=15aeef7f9fbb5a7a2ed7c26939662ae80cade500 records_attr4=topic_Faculty_33((r263@n257(hasword_memori_33))+(rl@n257(links_33_1*topic_Faculty_1((r128@n257(hasword_utexa_1))+(rl@n257(links_1_33*topic_Faculty_33)))))) 
time=999 node=10.1.1.4 tuple=records records_attr1=10.1.1.4 records_attr2=5ca6ea6685475bbc597fc7f0c08aa28afb2ed4e7 records_attr3=28b9a86142f0ee217c962fbe482a8a27ae32098e records_attr4=topic_Department_100(r279@n257(hasword_languag_100)) 
time=999 node=10.1.1.4 tuple=records records_attr1=10.1.1.4 records_attr2=5dd005e9cfae17787be257125e41ee523f45b8bd records_attr3=385e8b80ea29f7e3eebe5ce8d3b65fb196cebb3f records_attr4=topic_Faculty_185((rl@n257(links_185_173*topic_Faculty_173((r260@n257(hasword_group_173))+(rl@n257(links_173_108*topic_Faculty_108(rl@n257(links_108_173*topic_Faculty_173))))+(rl@n257(links_173_180*topic_Faculty_180(rl@n257(links_180_173*topic_Faculty_173)))))))+(rl@n257(links_185_63*topic_Faculty_63((rl@n257(links_63_173*topic_Faculty_173((r260@n257(hasword_group_173))+(rl@n257(links_173_108*topic_Faculty_108(rl@n257(links_108_173*topic_Faculty_173))))+(rl@n257(links_173_180*topic_Faculty_180(rl@n257(links_180_173*topic_Faculty_173)))))))+(rl@n257(links_63_108*topic_Faculty_108(rl@n257(links_108_173*topic_Faculty_173((r260@n257(hasword_group_173))+(rl@n257(links_173_108*topic_Faculty_108))+(rl@n257(links_173_180*topic_Faculty_180(rl@n257(links_180_173*topic_Faculty_173))))))))))))) 
time=999 node=10.1.1.4 tuple=records records_attr1=10.1.1.4 records_attr2=5efac2e5c44cc4e53dda5f25c2a414782647093f records_attr3=4dd4a744dd909a77e0ce48f89f6a9809ec6c3e6b records_attr4=topic_Faculty_61(r243@n257(hasword_offic_61)) 
time=999 node=10.1.1.4 tuple=records records_attr1=10.1.1.4 records_attr2=5ff2f35dd6dc81ccd75ff742027658fff16a43e2 records_attr3=7ae3218b1f8fdaeaac783084f81c081ea97ad219 records_attr4=topic_Staff_153(rl@n257(links_153_74*topic_Staff_74(rl@n257(links_74_137*topic_Staff_137(r281@n257(hasword_austin_137)))))) 
time=999 node=10.1.1.4 tuple=records records_attr1=10.1.1.4 records_attr2=601d1fc20ffdcd733622ab73aee0fb172d155a84 records_attr3=b5ef80ce3061549d81fd36e614c0aa1793215b7b records_attr4=topic_Student_197(rl@n257(links_197_214*topic_Student_214(rl@n257(links_214_210*topic_Student_210((rl@n257(links_210_197*topic_Student_197))+(rl@n257(links_210_35*topic_Student_35(rl@n257(links_35_117*topic_Student_117(r74@n257(hasword_sampl_117))))))))))) 
time=999 node=10.1.1.4 tuple=records records_attr1=10.1.1.4 records_attr2=61f1ee13ec4d9f23a7efcf9b8a2ff8901addef09 records_attr3=34376321025c43d87c7400fe5b4cc6950bce484 records_attr4=topic_Department_169(r279@n257(hasword_languag_169)) 
time=999 node=10.1.1.4 tuple=records records_attr1=10.1.1.4 records_attr2=65973ca28ed6e3cca2ee6ffb0a5924b55264e5de records_attr3=d4fd581c637ed1a205ba10e9908516da70fdee0d records_attr4=topic_ResearchProject_12(r298@n257(hasword_make_12)) 
time=999 node=10.1.1.4 tuple=records records_attr1=10.1.1.4 records_attr2=66c16be3bc541868388b1d5a02115cfd2e8f6435 records_attr3=180d5f2108d83e39fce2d829bb20cce9cbab7879 records_attr4=topic_Department_83(r1@n257(hasword_effici_83)) 
time=999 node=10.1.1.4 tuple=records records_attr1=10.1.1.4 records_attr2=66f490ed4d84257345406a901ce3f61050c21397 records_attr3=14a84af51c095f881bf61d7642b0c43465c215d0 records_attr4=topic_Department_110(r28@n257(hasword_gener_110)) 
time=999 node=10.1.1.4 tuple=records records_attr1=10.1.1.4 records_attr2=6b3ecb6f59d90d88c386ae40127600e2f8a924d3 records_attr3=cad51850b9ecdd02b80bc64c491894bb97100d99 records_attr4=topic_Student_78(r70@n257(hasword_knowledg_78)) 
time=999 node=10.1.1.4 tuple=records records_attr1=10.1.1.4 records_attr2=6b5d54a8681f3fe14134da8a8481a54c8220dfae records_attr3=d288039da55e959d4d0766a82caf8de7207a0b7a records_attr4=topic_Faculty_197((rl@n257(links_197_140*topic_Faculty_140(r494@n257(hasword_search_140))))+(rl@n257(links_197_214*topic_Faculty_214(rl@n257(links_214_210*topic_Faculty_210((rl@n257(links_210_197*topic_Faculty_197))+(rl@n257(links_210_35*topic_Faculty_35(r316@n257(hasword_content_35)))))))))) 
time=999 node=10.1.1.4 tuple=records records_attr1=10.1.1.4 records_attr2=6d4f80d2909dc83a868223a66eafab33b3939e49 records_attr3=200c89550c754bbb56bf339685cee7402bcde349 records_attr4=topic_Student_118((rl@n257(links_118_21*topic_Student_21(r66@n257(hasword_order_21))))+(rl@n257(links_118_104*topic_Student_104(rl@n257(links_104_118*topic_Student_118))))+(rl@n257(links_118_201*topic_Student_201(rl@n257(links_201_108*topic_Student_108(rl@n257(links_108_173*topic_Student_173((rl@n257(links_173_108*topic_Student_108))+(rl@n257(links_173_180*topic_Student_180((r419@n257(hasword_recent_180))+(rl@n257(links_180_173*topic_Student_173))))))))))))) 
time=999 node=10.1.1.4 tuple=records records_attr1=10.1.1.4 records_attr2=6ed5ee0490cd28ba80626b7c298f18ad809069e2 records_attr3=a3b56d2768adc8f5303a96e92deb05d126dc242a records_attr4=topic_Staff_60(r44@n257(hasword_techniqu_60)) 
time=999 node=10.1.1.4 tuple=records records_attr1=10.1.1.4 records_attr2=7039ac607181f56ab871bfa1632017bf6145fc79 records_attr3=51165df953eb807075e3440df418c570de7f05ec records_attr4=topic_Faculty_69(r149@n257(hasword_network_69)) 
time=999 node=10.1.1.4 tuple=records records_attr1=10.1.1.4 records_attr2=705a6303a7caededd6087806748062591ac9a0d0 records_attr3=d7e6c1f1e24889ce673061949d5ae0128afb2bb4 records_attr4=topic_Department_88((r33@n257(hasword_summer_88))+(rl@n257(links_88_76*topic_Department_76(rl@n257(links_76_88*topic_Department_88))))) 
time=999 node=10.1.1.4 tuple=records records_attr1=10.1.1.4 records_attr2=71201229d00cbbd2f105390107e67f5432bd1d4a records_attr3=4b5afa80e792adb3b0ee4447c498f6b25e5e86f records_attr4=topic_Faculty_115(r425@n257(hasword_nov_115)) 
time=999 node=10.1.1.4 tuple=records records_attr1=10.1.1.4 records_attr2=725fa5ad73e74b82eda4e95af7e4b6f4c29d2e6d records_attr3=aa97cb32ca4bf2a6825cfdaacafd2be9eb894a16 records_attr4=topic_Department_188((rl@n257(links_188_89*topic_Department_89(r258@n257(hasword_programm_89))))+(rl@n257(links_188_178*topic_Department_178(rl@n257(links_178_188*topic_Department_188))))+(rl@n257(links_188_140*topic_Department_140(r497@n257(hasword_search_140))))+(rl@n257(links_188_64*topic_Department_64(rl@n257(links_64_188*topic_Department_188))))) 
time=999 node=10.1.1.4 tuple=records records_attr1=10.1.1.4 records_attr2=736482d6890f7ddcf24db2397bc1302445bd1d09 records_attr3=876394b8788287353e424edfcce914cf84e60a54 records_attr4=topic_Department_118((rl@n257(links_118_201*topic_Department_201(r326@n257(hasword_laboratori_201))))+(rl@n257(links_118_21*topic_Department_21(r259@n257(hasword_level_21))))+(rl@n257(links_118_104*topic_Department_104(rl@n257(links_104_118*topic_Department_118))))) 
time=999 node=10.1.1.4 tuple=records records_attr1=10.1.1.4 records_attr2=7385c74ed145131be2832ecb07f8e648c9088b2e records_attr3=8f290f53dfcffcb58729d629daa0b4ef59a481b2 records_attr4=topic_Staff_33(rl@n257(links_33_1*topic_Staff_1((rl@n257(links_1_33*topic_Staff_33))+(rl@n257(links_1_137*topic_Staff_137(r281@n257(hasword_austin_137))))))) 
time=999 node=10.1.1.4 tuple=records records_attr1=10.1.1.4 records_attr2=73a8f4427ed6ee69c0ad8e0ee05c12f59a3aad12 records_attr3=364499f675f30625de1dc7b66ce09d66a5c4459a records_attr4=topic_Student_39(rl@n257(links_39_84*topic_Student_84(rl@n257(links_84_187*topic_Student_187(r188@n257(hasword_learn_187)))))) 
time=999 node=10.1.1.4 tuple=records records_attr1=10.1.1.4 records_attr2=74504c66412b47c216d267d8a9647f819bfbff9d records_attr3=d1076472f71af6c7c317886816d806a813e24420 records_attr4=topic_Faculty_1((r128@n257(hasword_utexa_1))+(rl@n257(links_1_33*topic_Faculty_33((r263@n257(hasword_memori_33))+(rl@n257(links_33_1*topic_Faculty_1)))))) 
time=999 node=10.1.1.4 tuple=records records_attr1=10.1.1.4 records_attr2=7457975837bbb733332475c31fa1372423c2df3a records_attr3=55749366fb7197400e47e0d1e7c310acc0d5f5c5 records_attr4=topic_Person_75(r19@n257(hasword_server_75)) 
time=999 node=10.1.1.4 tuple=records records_attr1=10.1.1.4 records_attr2=75086b365b61730f58a89250a8765087504ee4b2 records_attr3=4021e84f601fcb087ec814cc3caf88583a9b69c1 records_attr4=topic_ResearchProject_111(r451@n257(hasword_confer_111)) 
time=999 node=10.1.1.4 tuple=records records_attr1=10.1.1.4 records_attr2=7531c6d3d19384a5525c0bd8d1f478d8502b44fa records_attr3=9107df18ef6031d1902e884736adc743162e68e0 records_attr4=topic_Faculty_150(r56@n257(hasword_end_150)) 
time=999 node=10.1.1.4 tuple=records records_attr1=10.1.1.4 records_attr2=75558b9f8e1297d1511a0a0ed022e9340b25b02c records_attr3=6491f4a6b27a63a0eed61a87f3c7c52ed89bca2b records_attr4=topic_Course_25(r342@n257(hasword_vector_25)) 
time=999 node=10.1.1.4 tuple=records records_attr1=10.1.1.4 records_attr2=75f152d2d062d0ae60447b5806958b40fcbab524 records_attr3=9aa8e0c8be430540677f286ccaa84165bdc3e67f records_attr4=topic_Faculty_188((rl@n257(links_188_140*topic_Faculty_140(r494@n257(hasword_search_140))))+(rl@n257(links_188_178*topic_Faculty_178(rl@n257(links_178_188*topic_Faculty_188))))+(rl@n257(links_188_64*topic_Faculty_64(rl@n257(links_64_188*topic_Faculty_188))))+(rl@n257(links_188_89*topic_Faculty_89((r27@n257(hasword_count_89))+(r5@n257(hasword_programm_89))+(r242@n257(hasword_quot_89)))))) 
time=999 node=10.1.1.4 tuple=records records_attr1=10.1.1.4 records_attr2=76c69ca37ee22144f895c040384239ceb90e6dcd records_attr3=1d1c888c4743be45dc35f459a844681a93751c8a records_attr4=topic_Department_185(rl@n257(links_185_63*topic_Department_63(r34@n257(hasword_nation_63)))) 
time=999 node=10.1.1.4 tuple=records records_attr1=10.1.1.4 records_attr2=7865946f3cbc5f55517d54507165ee5598d13cc6 records_attr3=3c295d99d098613983989f82ae5ba954b66dd2ef records_attr4=topic_Person_133(r208@n257(hasword_principl_133)) 
time=999 node=10.1.1.4 tuple=records records_attr1=10.1.1.4 records_attr2=797a87ef6c5492eeb95554d8ae98e864d5b9125b records_attr3=54d7aa2c82e0666116e0e963148c4a26f4239621 records_attr4=topic_Student_180((r419@n257(hasword_recent_180))+(rl@n257(links_180_173*topic_Student_173((rl@n257(links_173_180*topic_Student_180))+(rl@n257(links_173_108*topic_Student_108(rl@n257(links_108_173*topic_Student_173)))))))) 
time=999 node=10.1.1.4 tuple=records records_attr1=10.1.1.4 records_attr2=7aa0c74d4116cf9d3362128cb52defd88d1ae2fa records_attr3=4a0d6dc9f3973a85bb2e4eb35e57b5966478db29 records_attr4=topic_Staff_19(rl@n257(links_19_125*topic_Staff_125(rl@n257(links_125_137*topic_Staff_137(r281@n257(hasword_austin_137)))))) 
time=999 node=10.1.1.4 tuple=records records_attr1=10.1.1.4 records_attr2=7ae3e094da818373462e80cdc5401c5dc7cd56fe records_attr3=106a4092abe2baa78ee8d66c8112820f64291511 records_attr4=topic_ResearchProject_83(r95@n257(hasword_effici_83)) 
time=999 node=10.1.1.4 tuple=records records_attr1=10.1.1.4 records_attr2=7bf31551c8c7ac66dd209ea06245fe28c8d72c74 records_attr3=92da0c679993456db322144501d1f76bd49d1074 records_attr4=topic_Student_104(rl@n257(links_104_118*topic_Student_118((rl@n257(links_118_104*topic_Student_104))+(rl@n257(links_118_21*topic_Student_21(r66@n257(hasword_order_21))))+(rl@n257(links_118_201*topic_Student_201(rl@n257(links_201_108*topic_Student_108(rl@n257(links_108_173*topic_Student_173((rl@n257(links_173_108*topic_Student_108))+(rl@n257(links_173_180*topic_Student_180((r419@n257(hasword_recent_180))+(rl@n257(links_180_173*topic_Student_173))))))))))))))) 
time=999 node=10.1.1.4 tuple=records records_attr1=10.1.1.4 records_attr2=7cd07e2c034610a265f5c72c2e14a819aed73fe7 records_attr3=10e92ce228536afd09bb76cfa1b2388a33e1cfa3 records_attr4=topic_Staff_189(rl@n257(links_189_125*topic_Staff_125(rl@n257(links_125_137*topic_Staff_137(r281@n257(hasword_austin_137)))))) 
time=999 node=10.1.1.4 tuple=records records_attr1=10.1.1.4 records_attr2=7ce61109cfa326507c6d25e5870621da0f1dcae0 records_attr3=4ef50b72edb732185d40c998bb70d9d4f5c1fd14 records_attr4=topic_Student_167((r288@n257(hasword_sep_167))+(r49@n257(hasword_page_167))) 
time=999 node=10.1.1.4 tuple=records records_attr1=10.1.1.4 records_attr2=7d41c64e9ce2e38c8454cd1f6bfcab12893950b9 records_attr3=eebcc118b4103890b94aa0cb5e3ad24c14bd7074 records_attr4=topic_ResearchProject_104(rl@n257(links_104_118*topic_ResearchProject_118((rl@n257(links_118_104*topic_ResearchProject_104))+(rl@n257(links_118_201*topic_ResearchProject_201(rl@n257(links_201_108*topic_ResearchProject_108(rl@n257(links_108_173*topic_ResearchProject_173((rl@n257(links_173_108*topic_ResearchProject_108))+(rl@n257(links_173_66*topic_ResearchProject_66(r392@n257(hasword_automat_66))))+(rl@n257(links_173_180*topic_ResearchProject_180(rl@n257(links_180_173*topic_ResearchProject_173)))))))))))))) 
time=999 node=10.1.1.4 tuple=records records_attr1=10.1.1.4 records_attr2=7d65d0522d06697b89ac7008fe37a5615719f94c records_attr3=44341be954e974a41cd938ef6766453f2ccf0cc8 records_attr4=topic_Department_155(r330@n257(hasword_present_155)) 
time=999 node=10.1.1.4 tuple=records records_attr1=10.1.1.4 records_attr2=7d6c36679e5e647bf212247844f11f4b54571364 records_attr3=19fd401e45c32b3296ae12cc435b4bbcd64dddf0 records_attr4=topic_ResearchProject_56(rl@n257(links_56_180*topic_ResearchProject_180(rl@n257(links_180_173*topic_ResearchProject_173((rl@n257(links_173_180*topic_ResearchProject_180))+(rl@n257(links_173_66*topic_ResearchProject_66(r392@n257(hasword_automat_66))))+(rl@n257(links_173_108*topic_ResearchProject_108(rl@n257(links_108_173*topic_ResearchProject_173))))))))) 
time=999 node=10.1.1.4 tuple=records records_attr1=10.1.1.4 records_attr2=7ec8d0780e95700303b7503ed7c8034df128967f records_attr3=be66f8e145f3f2f35bbdc0ffbfc8db735233f48a records_attr4=topic_Staff_62(rl@n257(links_62_137*topic_Staff_137(r281@n257(hasword_austin_137)))) 
time=999 node=10.1.1.4 tuple=records records_attr1=10.1.1.4 records_attr2=7f582c5ae91ae84b5cef3351c2609ab94d840cf1 records_attr3=688e66708635cfee2539855d6fa008e8429c23cd records_attr4=topic_Student_190(r30@n257(hasword_homepag_190)) 
time=999 node=10.1.1.4 tuple=records records_attr1=10.1.1.4 records_attr2=7fa9febd3c407409e3a4896f845aa3b4864c19b8 records_attr3=651d973ffaf0395d695ff3cb31722319e293e698 records_attr4=topic_Department_196(r360@n257(hasword_apr_196)) 
time=999 node=10.1.1.4 tuple=records records_attr1=10.1.1.4 records_attr2=823307766d90baf324bafb2901d34c1c6d6543f0 records_attr3=b7c300d1627db6a1cf9f683769f60152e08df9c3 records_attr4=topic_Department_141(r50@n257(hasword_ncsa_141)) 
time=999 node=10.1.1.4 tuple=records records_attr1=10.1.1.4 records_attr2=82b7842a8e2e131774259e96a11eda1be9f89822 records_attr3=673bdff96e1c9b579704449d2fc8a1ad4398c3e3 records_attr4=topic_Department_198(r333@n257(hasword_home_198)) 
time=999 node=10.1.1.4 tuple=records records_attr1=10.1.1.4 records_attr2=837214b169fadc95197570e77cc7fd5cd8055b23 records_attr3=ec65ea24502185cbfb9955d494691b7b352c37d3 records_attr4=topic_Staff_118((rl@n257(links_118_137*topic_Staff_137(r281@n257(hasword_austin_137))))+(rl@n257(links_118_104*topic_Staff_104(rl@n257(links_104_118*topic_Staff_118))))+(rl@n257(links_118_21*topic_Staff_21(r21@n257(hasword_order_21))))) 
time=999 node=10.1.1.4 tuple=records records_attr1=10.1.1.4 records_attr2=83b22c6603d875e4c3a521ff6037bd2920122fc9 records_attr3=87bfabbf50ad7c37d78b71efe91bd7c42c0e940b records_attr4=topic_Department_178(rl@n257(links_178_188*topic_Department_188((rl@n257(links_188_178*topic_Department_178))+(rl@n257(links_188_89*topic_Department_89(r258@n257(hasword_programm_89))))+(rl@n257(links_188_140*topic_Department_140(r497@n257(hasword_search_140))))+(rl@n257(links_188_64*topic_Department_64(rl@n257(links_64_188*topic_Department_188))))))) 
time=999 node=10.1.1.4 tuple=records records_attr1=10.1.1.4 records_attr2=84823870a7999eafdba57fbe33370779cccc1cab records_attr3=eae3fbe9dfd122813bdb0cb8d514151c3b24f0cd records_attr4=topic_Faculty_11(r499@n257(hasword_number_11)) 
time=999 node=10.1.1.4 tuple=records records_attr1=10.1.1.4 records_attr2=84c93b2ee62a7a4702de1802f5ede345afb03d58 records_attr3=7c31fe317a3e17d394c2ec4229d9d149059aa141 records_attr4=topic_Faculty_180(rl@n257(links_180_173*topic_Faculty_173((r260@n257(hasword_group_173))+(rl@n257(links_173_180*topic_Faculty_180))+(rl@n257(links_173_108*topic_Faculty_108(rl@n257(links_108_173*topic_Faculty_173))))))) 
time=999 node=10.1.1.4 tuple=records records_attr1=10.1.1.4 records_attr2=85b0fac7e6f21ffd91b037ffd5dd137c72900e2a records_attr3=931b5120d64fa71f6610eeb10f9479d1cc1fe522 records_attr4=topic_ResearchProject_80(r476@n257(hasword_usa_80)) 
time=999 node=10.1.1.4 tuple=records records_attr1=10.1.1.4 records_attr2=862fc31117138e3da2418119cddd367a56fa4392 records_attr3=370c9f22156b6a42bdbe454f1ffa640681e5909 records_attr4=topic_Student_185((rl@n257(links_185_173*topic_Student_173((rl@n257(links_173_108*topic_Student_108(rl@n257(links_108_173*topic_Student_173))))+(rl@n257(links_173_180*topic_Student_180((r419@n257(hasword_recent_180))+(rl@n257(links_180_173*topic_Student_173))))))))+(rl@n257(links_185_63*topic_Student_63((rl@n257(links_63_173*topic_Student_173((rl@n257(links_173_108*topic_Student_108(rl@n257(links_108_173*topic_Student_173))))+(rl@n257(links_173_180*topic_Student_180((r419@n257(hasword_recent_180))+(rl@n257(links_180_173*topic_Student_173))))))))+(rl@n257(links_63_108*topic_Student_108(rl@n257(links_108_173*topic_Student_173((rl@n257(links_173_108*topic_Student_108))+(rl@n257(links_173_180*topic_Student_180((r419@n257(hasword_recent_180))+(rl@n257(links_180_173*topic_Student_173)))))))))))))) 
time=999 node=10.1.1.4 tuple=records records_attr1=10.1.1.4 records_attr2=86379f5862ea629bf4e7fdbcefac1caf04c912f1 records_attr3=f86eab471c30c19186d04be9ea736212b968aea0 records_attr4=topic_Staff_45(r319@n257(hasword_variabl_45)) 
time=999 node=10.1.1.4 tuple=records records_attr1=10.1.1.4 records_attr2=88095c33a1e3d3dea861aed6905f05291fbb58b6 records_attr3=ce17bf156c2d6df443433145de3c0c7080e2a4f9 records_attr4=topic_Course_15(r440@n257(hasword_tree_15)) 
time=999 node=10.1.1.4 tuple=records records_attr1=10.1.1.4 records_attr2=8846ec239e4bcb7689ef0910e2879f5351ca5a53 records_attr3=8f5b86f5570f650b593ce2d644f4f75a6f681680 records_attr4=topic_Faculty_48(r10@n257(hasword_type_48)) 
time=999 node=10.1.1.4 tuple=records records_attr1=10.1.1.4 records_attr2=8978cc87278af37fcb01701feb23c931b3a885cd records_attr3=5318a0ac0b4791b938d201c829709feddcb491e4 records_attr4=topic_Student_120(r398@n257(hasword_acm_120)) 
time=999 node=10.1.1.4 tuple=records records_attr1=10.1.1.4 records_attr2=8c22f7272ecd7bfd7b5aa548717d5259ddecfedd records_attr3=170805f7d2d80f9319b0f7818a0c748f0d870654 records_attr4=topic_Student_11(r371@n257(hasword_number_11)) 
time=999 node=10.1.1.4 tuple=records records_attr1=10.1.1.4 records_attr2=8d16009a245e4f9cb8eb07357096b6a1f08d33c8 records_attr3=3926bbe48b0f6774ae2ddda488764ac416ddb5f1 records_attr4=topic_Department_52(rl@n257(links_52_176*topic_Department_176(rl@n257(links_176_83*topic_Department_83(r1@n257(hasword_effici_83)))))) 
time=999 node=10.1.1.4 tuple=records records_attr1=10.1.1.4 records_attr2=91853c6e4b8fc2e7ec6056aac3c8470a9b9ab468 records_attr3=921d2acd17212aef3461a666bd6cbe7cc39716c9 records_attr4=topic_ResearchProject_162(r100@n257(hasword_art_162)) 
time=999 node=10.1.1.4 tuple=records records_attr1=10.1.1.4 records_attr2=92b6ecf054b5895c766b8cc8ffc5e7beddda15e1 records_attr3=a9db925b9f435a5c065c3c05ddc0f447d82428e1 records_attr4=topic_Staff_47(rl@n257(links_47_137*topic_Staff_137(r281@n257(hasword_austin_137)))) 
time=999 node=10.1.1.4 tuple=records records_attr1=10.1.1.4 records_attr2=93a08000c5019d5ae7bcb97d8ab1e66c6638cbf2 records_attr3=a6c10290df1227c563b495ab5ea7a4348daec8de records_attr4=topic_Person_196(r112@n257(hasword_apr_196)) 
time=999 node=10.1.1.4 tuple=records records_attr1=10.1.1.4 records_attr2=9413feec3c79356a2d1a1c928ce0380a4063fa43 records_attr3=8b8cd96e2b7f50aa7fd6670977ac788076eac8bb records_attr4=topic_Staff_49(rl@n257(links_49_84*topic_Staff_84(rl@n257(links_84_137*topic_Staff_137(r281@n257(hasword_austin_137)))))) 
time=999 node=10.1.1.4 tuple=records records_attr1=10.1.1.4 records_attr2=9645fdc1d372e6e33ad5edb3945b20f357be2d39 records_attr3=a590c32d590117b389a5f12c79cd62a375e503ac records_attr4=topic_Faculty_44(rl@n257(links_44_215*topic_Faculty_215(r316@n257(hasword_content_215)))) 
time=999 node=10.1.1.4 tuple=records records_attr1=10.1.1.4 records_attr2=96c783065994467323d8fccb690b24ee4b417fc2 records_attr3=942da89c87baaf1dae340b49eda27b7f16526229 records_attr4=topic_Person_104(rl@n257(links_104_118*topic_Person_118((rl@n257(links_118_104*topic_Person_104))+(rl@n257(links_118_21*topic_Person_21(r187@n257(hasword_order_21))))))) 
time=999 node=10.1.1.4 tuple=records records_attr1=10.1.1.4 records_attr2=970314e14dcc001cbdc0951fab13f694957cae2d records_attr3=c3a7dfc7cda963e3573e7927c22008271e367be9 records_attr4=topic_Faculty_40(r203@n257(hasword_modifi_40)) 
time=999 node=10.1.1.4 tuple=records records_attr1=10.1.1.4 records_attr2=9a24162a96cf77553779fddd6c93ea3f0258ae2b records_attr3=57f2be49a2cf22ecc7fba53b999549b539bc0faf records_attr4=topic_Department_58(r370@n257(hasword_reason_58)) 
time=999 node=10.1.1.4 tuple=records records_attr1=10.1.1.4 records_attr2=9b39e5e92bd31a708db676a494447053461ac73c records_attr3=95c3962a63f70496b04e76c31bae58a08150a958 records_attr4=topic_Faculty_108(rl@n257(links_108_173*topic_Faculty_173((r260@n257(hasword_group_173))+(rl@n257(links_173_108*topic_Faculty_108))+(rl@n257(links_173_180*topic_Faculty_180(rl@n257(links_180_173*topic_Faculty_173))))))) 
time=999 node=10.1.1.4 tuple=records records_attr1=10.1.1.4 records_attr2=9b47de1af8087ec0a4735189cd17beee66993c43 records_attr3=d5b82e77c9077d2c1ed3ae3033a06353b5a4a4c2 records_attr4=topic_ResearchProject_52(rl@n257(links_52_176*topic_ResearchProject_176(rl@n257(links_176_83*topic_ResearchProject_83(r95@n257(hasword_effici_83)))))) 
time=999 node=10.1.1.4 tuple=records records_attr1=10.1.1.4 records_attr2=9c3e08c1a06acd662c186eaf78de82a4f9a6de40 records_attr3=25824aadfd22aa808cf77bf6300e12f58463acb0 records_attr4=topic_Student_63((rl@n257(links_63_173*topic_Student_173((rl@n257(links_173_108*topic_Student_108(rl@n257(links_108_173*topic_Student_173))))+(rl@n257(links_173_180*topic_Student_180((r419@n257(hasword_recent_180))+(rl@n257(links_180_173*topic_Student_173))))))))+(rl@n257(links_63_108*topic_Student_108(rl@n257(links_108_173*topic_Student_173((rl@n257(links_173_108*topic_Student_108))+(rl@n257(links_173_180*topic_Student_180((r419@n257(hasword_recent_180))+(rl@n257(links_180_173*topic_Student_173))))))))))) 
time=999 node=10.1.1.4 tuple=records records_attr1=10.1.1.4 records_attr2=9c8314760829469a39bb9b2935e5f0fa44c7bfbd records_attr3=47979e7c0f944c586c9de47fd28c3719451166b8 records_attr4=topic_Course_131(r461@n257(hasword_receiv_131)) 
time=999 node=10.1.1.4 tuple=records records_attr1=10.1.1.4 records_attr2=9cbef9e33dfe291f446b4c1e2ef9ca756cfbb01a records_attr3=6fb724d6a6738b70eda64a9dec01251ac36bf36b records_attr4=topic_Faculty_74(r10@n257(hasword_type_74)) 
time=999 node=10.1.1.4 tuple=records records_attr1=10.1.1.4 records_attr2=9d675a1554b43f2f09dd34e90454312bf058f138 records_attr3=676149de57766eca4c7daa31b047d68eb80d3640 records_attr4=topic_Department_140(r497@n257(hasword_search_140)) 
time=999 node=10.1.1.4 tuple=records records_attr1=10.1.1.4 records_attr2=9dd356e0f8472387b48b6de83ee2fef64a80ba84 records_attr3=f3ff40d4d3ac2e374e4417b65bf242e4770e1e89 records_attr4=topic_Staff_131(rl@n257(links_131_189*topic_Staff_189(rl@n257(links_189_125*topic_Staff_125(rl@n257(links_125_137*topic_Staff_137(r281@n257(hasword_austin_137)))))))) 
time=999 node=10.1.1.4 tuple=records records_attr1=10.1.1.4 records_attr2=9e6572c72d14c826c18bd8a75c8a1240bbaf82ca records_attr3=3c2eefad064375262c1dca5680b064d3907c4b0f records_attr4=topic_Student_29(r478@n257(hasword_represent_29)) 
time=999 node=10.1.1.4 tuple=records records_attr1=10.1.1.4 records_attr2=9ed7e389810129d313fa950bc48567ba231075b6 records_attr3=4f6fe3e08f3ef679365f0267e1d500b3086ebbd8 records_attr4=topic_Person_33(rl@n257(links_33_1*topic_Person_1((r280@n257(hasword_utexa_1))+(rl@n257(links_1_33*topic_Person_33))))) 
time=999 node=10.1.1.4 tuple=records records_attr1=10.1.1.4 records_attr2=9fff322ec47134e5b651cb14e42640b6cef8c745 records_attr3=c136889fb6fc4a48c42b08e9f3fba5138d85ee26 records_attr4=topic_Faculty_35(r316@n257(hasword_content_35)) 
time=999 node=10.1.1.4 tuple=records records_attr1=10.1.1.4 records_attr2=a00fe25e4e0350e9cfd72a9c4bd7bd1e9b8a9e47 records_attr3=65eb241804ec279784a05039462428c342df43ad records_attr4=topic_Person_188((rl@n257(links_188_178*topic_Person_178(rl@n257(links_178_188*topic_Person_188))))+(rl@n257(links_188_64*topic_Person_64((r197@n257(hasword_servic_64))+(rl@n257(links_64_188*topic_Person_188)))))) 
time=999 node=10.1.1.4 tuple=records records_attr1=10.1.1.4 records_attr2=a03836181b0e58f123ca96b4a4dc3571110f9695 records_attr3=cc47094a806f547fcaf62ea2052e784498ec4ce2 records_attr4=topic_Student_81(r49@n257(hasword_page_81)) 
time=999 node=10.1.1.4 tuple=records records_attr1=10.1.1.4 records_attr2=a2c1104b9bd28bc52845e8621acf021b2a1bee9a records_attr3=128c6ba5e5d730ea635142e92206d30f2ebb6dec records_attr4=topic_Student_138(r347@n257(hasword_tuesdai_138)) 
time=999 node=10.1.1.4 tuple=records records_attr1=10.1.1.4 records_attr2=a303fa9ab696c7156b18bb573ae46b116335e115 records_attr3=73477da4a4ceaaffb093c86e971070253177ff2c records_attr4=topic_Student_187(r188@n257(hasword_learn_187)) 
time=999 node=10.1.1.4 tuple=records records_attr1=10.1.1.4 records_attr2=a32540953c69348f6e84305413c506891129f01f records_attr3=828f6bdabba4d34c0cb09fd7ed6a7b7b76c56e69 records_attr4=topic_Course_34(r460@n257(hasword_rout_34)) 
time=999 node=10.1.1.4 tuple=records records_attr1=10.1.1.4 records_attr2=a41b3cf2aebe97d32ef6b2860171cf110134fd9e records_attr3=b953109b88cf00a37ee83338ad04425880110d11 records_attr4=topic_Department_3(r28@n257(hasword_gener_3)) 
time=999 node=10.1.1.4 tuple=records records_attr1=10.1.1.4 records_attr2=a59b329d909570c3c3eb562ff3c515087e44c130 records_attr3=83432fad35ca7c9695fea757422c106b9108cf37 records_attr4=topic_Student_173((rl@n257(links_173_108*topic_Student_108(rl@n257(links_108_173*topic_Student_173))))+(rl@n257(links_173_180*topic_Student_180((r419@n257(hasword_recent_180))+(rl@n257(links_180_173*topic_Student_173)))))) 
time=999 node=10.1.1.4 tuple=records records_attr1=10.1.1.4 records_attr2=a63ede394af976a1b0991264815609d1f4b7d315 records_attr3=3a7e8e37e98346af9c4dcdad8c3c0f830b935555 records_attr4=topic_Person_54(r186@n257(hasword_industri_54)) 
time=999 node=10.1.1.4 tuple=records records_attr1=10.1.1.4 records_attr2=a66ef4a89baf2dd14c56d9c065d6c7921b0b3fc6 records_attr3=5ab9c4453c4e32f130d1c08d0aa72b7cbd50fdce records_attr4=topic_Staff_39((r281@n257(hasword_austin_39))+(rl@n257(links_39_84*topic_Staff_84(rl@n257(links_84_137*topic_Staff_137(r281@n257(hasword_austin_137))))))) 
time=999 node=10.1.1.4 tuple=records records_attr1=10.1.1.4 records_attr2=a690c36c672b2e65ae2ed98f89d1ec1ed9bc73fd records_attr3=46b909dcb18c5db053b92af3d725893b2d28dc59 records_attr4=topic_Staff_137(r281@n257(hasword_austin_137)) 
time=999 node=10.1.1.4 tuple=records records_attr1=10.1.1.4 records_attr2=a76961c6c9cbe0283c04adc73e2ccdafd28caae3 records_attr3=cac4bcb008aa55a5e4ba9b7e266ba22ac1fe50af records_attr4=topic_Course_166(r273@n257(hasword_answer_166)) 
time=999 node=10.1.1.4 tuple=records records_attr1=10.1.1.4 records_attr2=a870d67da6bed9724b2f4a6b7ab111476f242de6 records_attr3=4c99b997617abd76022dbc5bf7d98c0553b40495 records_attr4=topic_Department_90(r267@n257(hasword_intern_90)) 
time=999 node=10.1.1.4 tuple=records records_attr1=10.1.1.4 records_attr2=a9205c95ab56354e89d6deaf5ae814625be023f7 records_attr3=5bb9f7882940054eb0ef652eb0a0c4bfec9b5798 records_attr4=topic_Faculty_141(r219@n257(hasword_ncsa_141)) 
time=999 node=10.1.1.4 tuple=records records_attr1=10.1.1.4 records_attr2=a95cdb5a1cffc249bbdb8036d2fba540f7ef302a records_attr3=f15ab74399076477f622e4972efd126fa06010cc records_attr4=topic_Staff_84(rl@n257(links_84_137*topic_Staff_137(r281@n257(hasword_austin_137)))) 
time=999 node=10.1.1.4 tuple=records records_attr1=10.1.1.4 records_attr2=ad4d1ac5c0e33ee24eff8e210bb72b09b08cee05 records_attr3=da9e053de0e89c08c277423190b744f8b7a32652 records_attr4=topic_Faculty_173((r260@n257(hasword_group_173))+(rl@n257(links_173_108*topic_Faculty_108(rl@n257(links_108_173*topic_Faculty_173))))+(rl@n257(links_173_180*topic_Faculty_180(rl@n257(links_180_173*topic_Faculty_173))))) 
time=999 node=10.1.1.4 tuple=records records_attr1=10.1.1.4 records_attr2=ada1d1f2c0abdf9d05f220610ae3cef609b47ef7 records_attr3=634fe1b14f9bd64ee2ebaf403244f7411b7e77d4 records_attr4=topic_Department_103(r130@n257(hasword_thesi_103)) 
time=999 node=10.1.1.4 tuple=records records_attr1=10.1.1.4 records_attr2=adf0f03e28e93235b8ed81d81b4ee3e5f090e530 records_attr3=c81bbbac931ec09ed258746bbe6f781a3d120a70 records_attr4=topic_Faculty_176(rl@n257(links_176_74*topic_Faculty_74(r10@n257(hasword_type_74)))) 
time=999 node=10.1.1.4 tuple=records records_attr1=10.1.1.4 records_attr2=ae0ce11d461ae9a2389ea846237ad4d2c491400b records_attr3=260644c4b8a79d6a54309b41ba88e9db73633366 records_attr4=topic_Student_35(rl@n257(links_35_117*topic_Student_117(r74@n257(hasword_sampl_117)))) 
time=999 node=10.1.1.4 tuple=records records_attr1=10.1.1.4 records_attr2=aec67d2825228b519974c1ff137def39f4c8499a records_attr3=daa5c67e8760427a58262b44ea69ad8e99445284 records_attr4=topic_Student_76((r393@n257(hasword_send_76))+(rl@n257(links_76_88*topic_Student_88(rl@n257(links_88_76*topic_Student_76))))) 
time=999 node=10.1.1.4 tuple=records records_attr1=10.1.1.4 records_attr2=af38260dbe305e357e85fb75da6ee240de35994b records_attr3=abbffd3775ce8fd75dd761e8cb3a9ad47628f6b7 records_attr4=topic_Faculty_153((rl@n257(links_153_222*topic_Faculty_222(r27@n257(hasword_count_222))))+(rl@n257(links_153_74*topic_Faculty_74(r10@n257(hasword_type_74))))) 
time=999 node=10.1.1.4 tuple=records records_attr1=10.1.1.4 records_attr2=b08a40def612d693af09efda1e6727c4abcbe15a records_attr3=b28cb37fdc0832403c54b24b5a1f1ac49d9c9ce records_attr4=topic_Student_147(r408@n257(hasword_improv_147)) 
time=999 node=10.1.1.4 tuple=records records_attr1=10.1.1.4 records_attr2=b0b8d3acefba3d6f729d61b3fbf30f8ec3508970 records_attr3=76e9666e1111581ed25caaad1dc3ec9c5842a01a records_attr4=topic_Department_63(r34@n257(hasword_nation_63)) 
time=999 node=10.1.1.4 tuple=records records_attr1=10.1.1.4 records_attr2=b5559db12313ddf668f001b0f2919d335d5c6e6f records_attr3=c4cf0048c971350c0255880805a295ba14e4d511 records_attr4=topic_Person_73(r114@n257(hasword_algorithm_73)) 
time=999 node=10.1.1.4 tuple=records records_attr1=10.1.1.4 records_attr2=b5e11af6cf9acf75baf16d18e7564eb2b5496fdc records_attr3=1fa8f6c6a0e9467fd90d5cba15add9fd6677a68c records_attr4=topic_Person_97(r387@n257(hasword_html_97)) 
time=999 node=10.1.1.4 tuple=records records_attr1=10.1.1.4 records_attr2=b6b2d3d8dd3e10bdafc3418628d6190a6a6658bb records_attr3=c8814eb074050741f82681782a8d0e42f66b0e4a records_attr4=topic_Faculty_26((r55@n257(hasword_user_26))+(r77@n257(hasword_dissert_26))) 
time=999 node=10.1.1.4 tuple=records records_attr1=10.1.1.4 records_attr2=b800ab2d75d28eb53b94c3f230875193df2b87da records_attr3=c729b60191cad8f760c38e783c939d946df12591 records_attr4=topic_Student_21(r66@n257(hasword_order_21)) 
time=999 node=10.1.1.4 tuple=records records_attr1=10.1.1.4 records_attr2=b8eab61f42006d0f2b9e2ed7852efdaf56c8ffa4 records_attr3=304795da6e159e16344aa83a826448ac569f0f02 records_attr4=topic_Student_64(rl@n257(links_64_188*topic_Student_188((rl@n257(links_188_64*topic_Student_64))+(r438@n257(hasword_test_188))+(rl@n257(links_188_178*topic_Student_178(rl@n257(links_178_188*topic_Student_188))))))) 
time=999 node=10.1.1.4 tuple=records records_attr1=10.1.1.4 records_attr2=ba5e9627dabb24d9e6e890d4eb189ece44cdc0ce records_attr3=ecce0e3a6865460d23b1fc1d72fa5bdf40f37d32 records_attr4=topic_Student_193(r49@n257(hasword_page_193)) 
time=999 node=10.1.1.4 tuple=records records_attr1=10.1.1.4 records_attr2=bc4776044ca565c52bd64f501020802a39ee1f45 records_attr3=aa448beabe6bf9b7c50942bda13861d3c98b9656 records_attr4=topic_Staff_1((rl@n257(links_1_137*topic_Staff_137(r281@n257(hasword_austin_137))))+(rl@n257(links_1_33*topic_Staff_33(rl@n257(links_33_1*topic_Staff_1))))) 
time=999 node=10.1.1.4 tuple=records records_attr1=10.1.1.4 records_attr2=bd8bda37b5c0fe02d7887acca60d9deea45afb51 records_attr3=72f89b2c38e8d6369e96f0e1080e331ea4e93dba records_attr4=topic_Staff_125(rl@n257(links_125_137*topic_Staff_137(r281@n257(hasword_austin_137)))) 
time=999 node=10.1.1.4 tuple=records records_attr1=10.1.1.4 records_attr2=bddcbefa01d220cf0e176fcb897660b2fd325efe records_attr3=7440d2bece40e256aaa374be37fa612766fbb387 records_attr4=topic_Person_197(rl@n257(links_197_214*topic_Person_214((r19@n257(hasword_server_214))+(rl@n257(links_214_210*topic_Person_210(rl@n257(links_210_197*topic_Person_197))))))) 
time=999 node=10.1.1.4 tuple=records records_attr1=10.1.1.4 records_attr2=be35ce452a688874de896c12c6f96cfc4e265dde records_attr3=9b91a1807e5e851171fccbdf36e5d4c3422c4fe6 records_attr4=topic_Course_105(r440@n257(hasword_tree_105)) 
time=999 node=10.1.1.4 tuple=records records_attr1=10.1.1.4 records_attr2=bf1f48e61909e6a6beb9b8060865b3f492de5d3f records_attr3=10db40fd097af65837eadac5050c5ed6d556f7ef records_attr4=topic_Student_183(r376@n257(hasword_societi_183)) 
time=999 node=10.1.1.4 tuple=records records_attr1=10.1.1.4 records_attr2=bf73ab24301acb6928d1c6db079d8f90184f64de records_attr3=128fbc73558586d0edf97e650ea77b39da97daa records_attr4=topic_Faculty_12(r15@n257(hasword_make_12)) 
time=999 node=10.1.1.4 tuple=records records_attr1=10.1.1.4 records_attr2=bfe0967b0ed5271ce1f9127ab9b69b5a5be066d0 records_attr3=6d3af85c4e8b2140b7b868c08c68c472316d613a records_attr4=topic_Person_26(r76@n257(hasword_dissert_26)) 
time=999 node=10.1.1.4 tuple=records records_attr1=10.1.1.4 records_attr2=c1563698770cee3791990719ef6dedad84021e92 records_attr3=31159f73271bfe191f52bcb7a9f53b3df1dfecb8 records_attr4=topic_Student_103(rl@n257(links_103_180*topic_Student_180((r419@n257(hasword_recent_180))+(rl@n257(links_180_173*topic_Student_173((rl@n257(links_173_180*topic_Student_180))+(rl@n257(links_173_108*topic_Student_108(rl@n257(links_108_173*topic_Student_173)))))))))) 
time=999 node=10.1.1.4 tuple=records records_attr1=10.1.1.4 records_attr2=c335342c45dd8951d34757f624a04a052b1eed93 records_attr3=10af7459003860239165259e6c949df04e2d95b3 records_attr4=topic_Department_82(rl@n257(links_82_83*topic_Department_83(r1@n257(hasword_effici_83)))) 
time=999 node=10.1.1.4 tuple=records records_attr1=10.1.1.4 records_attr2=c46ec203df2444bb6b917aad8f53d058844e3ba2 records_attr3=dcdf4b04dde2c08a8ceab9a24ee3aae06c200f80 records_attr4=topic_Person_19(r208@n257(hasword_principl_19)) 
time=999 node=10.1.1.4 tuple=records records_attr1=10.1.1.4 records_attr2=c6082823dcdf58dcee999a303931650b04c0d26a records_attr3=f1c96b25a11ede0a3de684e3dab32a035791ca7d records_attr4=topic_Staff_150((r210@n257(hasword_end_150))+(rl@n257(links_150_137*topic_Staff_137(r281@n257(hasword_austin_137))))) 
time=999 node=10.1.1.4 tuple=records records_attr1=10.1.1.4 records_attr2=c6b48fc2f6acc7a8ac2e0d0170685eeade68a324 records_attr3=f02258ab5e9335a395ea88c9e3fc39b470e7c761 records_attr4=topic_Staff_46(r281@n257(hasword_austin_46)) 
time=999 node=10.1.1.4 tuple=records records_attr1=10.1.1.4 records_attr2=c75239f4afabce7149f0a8f5d6a417cda5136ed4 records_attr3=7dadd1cfc99712c1c27d9e0dce856b11bf2bd7cb records_attr4=topic_Person_155(r166@n257(hasword_present_155)) 
time=999 node=10.1.1.4 tuple=records records_attr1=10.1.1.4 records_attr2=c807ab572d92db4fcd6a96ffec8117a0ab4215e2 records_attr3=5ea9c9f9771b2111de201b049fed89b31977c08b records_attr4=topic_Course_95(r124@n257(hasword_basic_95)) 
time=999 node=10.1.1.4 tuple=records records_attr1=10.1.1.4 records_attr2=c86a0ea9c09d8c760cfdbcd55a63eea4267fda9a records_attr3=684d5a9e95d09e8135ea2beeb3915d0e082b1527 records_attr4=topic_Person_157(r13@n257(hasword_high_157)) 
time=999 node=10.1.1.4 tuple=records records_attr1=10.1.1.4 records_attr2=cb99b3543cecea24c1b1d385af09961182773da7 records_attr3=f33d93030b5c5da1a1e800b1e0460e024d09774 records_attr4=topic_Person_5(r295@n257(hasword_version_5)) 
time=999 node=10.1.1.4 tuple=records records_attr1=10.1.1.4 records_attr2=ccbaf90cda0d8b524b0518b1a2d637bc3c57a323 records_attr3=4c52e183b13903c83b9ed2fad3f8522336b5e71c records_attr4=topic_Person_152(r19@n257(hasword_server_152)) 
time=999 node=10.1.1.4 tuple=records records_attr1=10.1.1.4 records_attr2=cf82b8c38fb5d076257c883caa118e0534b7c222 records_attr3=fa71b7c6fa5f968605fd9ea4982ae3aa1cecb3ec records_attr4=topic_Faculty_13(r111@n257(hasword_algebra_13)) 
time=999 node=10.1.1.4 tuple=records records_attr1=10.1.1.4 records_attr2=cfd2caa29681ce925cdbd8ab1a06fdc18e12bfcb records_attr3=6870d67df1f9b5dd3f357382d203dba1779ac8be records_attr4=topic_Faculty_63((rl@n257(links_63_173*topic_Faculty_173((r260@n257(hasword_group_173))+(rl@n257(links_173_108*topic_Faculty_108(rl@n257(links_108_173*topic_Faculty_173))))+(rl@n257(links_173_180*topic_Faculty_180(rl@n257(links_180_173*topic_Faculty_173)))))))+(rl@n257(links_63_108*topic_Faculty_108(rl@n257(links_108_173*topic_Faculty_173((r260@n257(hasword_group_173))+(rl@n257(links_173_108*topic_Faculty_108))+(rl@n257(links_173_180*topic_Faculty_180(rl@n257(links_180_173*topic_Faculty_173)))))))))) 
time=999 node=10.1.1.4 tuple=records records_attr1=10.1.1.4 records_attr2=d0e2e96ea0b0867a03efbd95960f98932473fd6c records_attr3=94bb3340a5b55bc863c827c15b1b2f7003b97877 records_attr4=topic_Faculty_182(r203@n257(hasword_modifi_182)) 
time=999 node=10.1.1.4 tuple=records records_attr1=10.1.1.4 records_attr2=d151be653503bab566a8047e65f8c363cbb8924c records_attr3=cd5855073349fd803de607598133daffd60e8f36 records_attr4=topic_Student_49(rl@n257(links_49_84*topic_Student_84(rl@n257(links_84_187*topic_Student_187(r188@n257(hasword_learn_187)))))) 
time=999 node=10.1.1.4 tuple=records records_attr1=10.1.1.4 records_attr2=d1b39f78f1a142bd067faed11537c466a7a8efae records_attr3=27952b8665a8caaa49db406b60f2e81903ad3ecb records_attr4=topic_Person_71(r387@n257(hasword_html_71)) 
time=999 node=10.1.1.4 tuple=records records_attr1=10.1.1.4 records_attr2=d1f7fcfef2989c20bf3032cccb95babe028bf770 records_attr3=66dc4339efe23fdb2056422ffb8135d233c1f71b records_attr4=topic_ResearchProject_36(r399@n257(hasword_talk_36)) 
time=999 node=10.1.1.4 tuple=records records_attr1=10.1.1.4 records_attr2=d2a1fc3e3550d1c8f20545ec7a0184ca7aa90366 records_attr3=354065c277121ac0ca439ebe5111750c232f0fb5 records_attr4=topic_Department_76(rl@n257(links_76_88*topic_Department_88((r33@n257(hasword_summer_88))+(rl@n257(links_88_76*topic_Department_76))))) 
time=999 node=10.1.1.4 tuple=records records_attr1=10.1.1.4 records_attr2=d2a6b41a1c96b67bc8c54af2e9f66e617ef06dcf records_attr3=ae7d19eaade44e92275f87cd5bc453407f5e5e77 records_attr4=topic_Faculty_56(rl@n257(links_56_180*topic_Faculty_180(rl@n257(links_180_173*topic_Faculty_173((r260@n257(hasword_group_173))+(rl@n257(links_173_180*topic_Faculty_180))+(rl@n257(links_173_108*topic_Faculty_108(rl@n257(links_108_173*topic_Faculty_173))))))))) 
time=999 node=10.1.1.4 tuple=records records_attr1=10.1.1.4 records_attr2=d4f58dc337a069f2f845b89fcf628fb3a900f753 records_attr3=44fbadc967f58bd4cd1c01bedf6aa183866ef66f records_attr4=topic_Student_111(rl@n257(links_111_29*topic_Student_29(r478@n257(hasword_represent_29)))) 
time=999 node=10.1.1.4 tuple=records records_attr1=10.1.1.4 records_attr2=d700288ad8da070b1fda32e5c6071c028357eb49 records_attr3=b5820d818027a1c5df904cb438f494c96dd10c7d records_attr4=topic_Person_176((r339@n257(hasword_member_176))+(rl@n257(links_176_17*topic_Person_17(r204@n257(hasword_interest_17))))) 
time=999 node=10.1.1.4 tuple=records records_attr1=10.1.1.4 records_attr2=d8a2421c4029e098216aadd5a80e8cc9c267d352 records_attr3=e21740250c260fa0df9025f8ca36eca07543d59e records_attr4=topic_Faculty_116(r316@n257(hasword_content_116)) 
time=999 node=10.1.1.4 tuple=records records_attr1=10.1.1.4 records_attr2=d8edc5a023ef57ee9a44c331b977ed5911b7aef2 records_attr3=9cbde63647d0bf712ca2160a69a4b126e387d9a0 records_attr4=topic_Student_199(r141@n257(hasword_book_199)) 
time=999 node=10.1.1.4 tuple=records records_attr1=10.1.1.4 records_attr2=d99f66c4c74d1e6eaf11f0fff7b2459ea0deb644 records_attr3=80c7ef3a32a1dcfdf889fc0a6df84fb6ae1918ea records_attr4=topic_ResearchProject_122(rl@n257(links_122_83*topic_ResearchProject_83(r95@n257(hasword_effici_83)))) 
time=999 node=10.1.1.4 tuple=records records_attr1=10.1.1.4 records_attr2=db22d782b5bc03b4e7c8e81d239f060dd12da375 records_attr3=58376dc6e67e9611e6d21b3ce5fe75192667803c records_attr4=topic_ResearchProject_103((r206@n257(hasword_thesi_103))+(rl@n257(links_103_180*topic_ResearchProject_180(rl@n257(links_180_173*topic_ResearchProject_173((rl@n257(links_173_180*topic_ResearchProject_180))+(rl@n257(links_173_66*topic_ResearchProject_66(r392@n257(hasword_automat_66))))+(rl@n257(links_173_108*topic_ResearchProject_108(rl@n257(links_108_173*topic_ResearchProject_173)))))))))) 
time=999 node=10.1.1.4 tuple=records records_attr1=10.1.1.4 records_attr2=dc1bf0386015723e0eb73ea0b90b1b6849843d08 records_attr3=bd294134840e72a7d1c7aab58db64596bc460f40 records_attr4=topic_Staff_88(rl@n257(links_88_76*topic_Staff_76((rl@n257(links_76_88*topic_Staff_88))+(rl@n257(links_76_137*topic_Staff_137(r281@n257(hasword_austin_137))))))) 
time=999 node=10.1.1.4 tuple=records records_attr1=10.1.1.4 records_attr2=dc4be5e1efea99439ab6093123d07959c4cdeaee records_attr3=479cc2fca240c2e876e44da9ed202a8cd4eff78d records_attr4=topic_Student_95(r371@n257(hasword_number_95)) 
time=999 node=10.1.1.4 tuple=records records_attr1=10.1.1.4 records_attr2=dc5903751a00b3659a637f5beaecde8c331810ee records_attr3=b06f121c6ba570188f70fe53a8a78d6b8934b281 records_attr4=topic_Faculty_171((rl@n257(links_171_215*topic_Faculty_215(r316@n257(hasword_content_215))))+(rl@n257(links_171_216*topic_Faculty_216((rl@n257(links_216_215*topic_Faculty_215(r316@n257(hasword_content_215))))+(rl@n257(links_216_44*topic_Faculty_44(rl@n257(links_44_215*topic_Faculty_215(r316@n257(hasword_content_215)))))))))) 
time=999 node=10.1.1.4 tuple=records records_attr1=10.1.1.4 records_attr2=dcce298dfd9da2ea6a3a1ec11553809fd0309ca2 records_attr3=970c0de1c265e638f40a7207b0602fada6c1b551 records_attr4=topic_Student_188((r438@n257(hasword_test_188))+(rl@n257(links_188_64*topic_Student_64(rl@n257(links_64_188*topic_Student_188))))+(rl@n257(links_188_178*topic_Student_178(rl@n257(links_178_188*topic_Student_188))))) 
time=999 node=10.1.1.4 tuple=records records_attr1=10.1.1.4 records_attr2=dd0ffc5e650e1baa129700797bd12b261dbc3613 records_attr3=383ee1498090a8bad7179c3ba850604cd8e265de records_attr4=topic_Staff_76((rl@n257(links_76_137*topic_Staff_137(r281@n257(hasword_austin_137))))+(rl@n257(links_76_88*topic_Staff_88(rl@n257(links_88_76*topic_Staff_76))))) 
time=999 node=10.1.1.4 tuple=records records_attr1=10.1.1.4 records_attr2=de507c73336c497a87f6d3035805e785642619c9 records_attr3=5d2524c06965679802a4155110e2ec0e3dab51f7 records_attr4=topic_Person_21(r187@n257(hasword_order_21)) 
time=999 node=10.1.1.4 tuple=records records_attr1=10.1.1.4 records_attr2=dfd703bdd78883ff9901a0a327f9d6cd96d4c2d3 records_attr3=7cf6ab580354e0810eb7a8c22f2b4b3dea94cb2e records_attr4=topic_Staff_38(rl@n257(links_38_137*topic_Staff_137(r281@n257(hasword_austin_137)))) 
time=999 node=10.1.1.4 tuple=records records_attr1=10.1.1.4 records_attr2=e0403d4306d93ed1f986719816451cb66678410e records_attr3=1735e24d9a1a01eae8df7daca8b27b14c3b62f66 records_attr4=topic_Student_12(r472@n257(hasword_make_12)) 
time=999 node=10.1.1.4 tuple=records records_attr1=10.1.1.4 records_attr2=e157e3a215f6753846b7f802872106a0d593b0ef records_attr3=aea8ff2b34469def427ed39dafe430bd89abda94 records_attr4=topic_Student_145(rl@n257(links_145_18*topic_Student_18(r49@n257(hasword_page_18)))) 
time=999 node=10.1.1.4 tuple=records records_attr1=10.1.1.4 records_attr2=e44346d1f58f17a33cb3a853ecb4c49d0915deb2 records_attr3=ffea2f53949a5bd5a0a865a2cb30f9a16bdf28f6 records_attr4=topic_Person_151(r274@n257(hasword_addition_151)) 
time=999 node=10.1.1.4 tuple=records records_attr1=10.1.1.4 records_attr2=e491f3acde1de03b0c6f3f272476d5093a785931 records_attr3=6195eb2a528ff0d6cea71d3130c7886b70e2e695 records_attr4=topic_Course_100(rl@n257(links_100_171*topic_Course_171(r60@n257(hasword_guid_171)))) 
time=999 node=10.1.1.4 tuple=records records_attr1=10.1.1.4 records_attr2=e697f0650e01838a219ab3f223d687cf640efdc9 records_attr3=2f2814ca136ffe6a1e419edcdad167bcbc1450ef records_attr4=topic_Faculty_131(rl@n257(links_131_189*topic_Faculty_189(r203@n257(hasword_modifi_189)))) 
time=999 node=10.1.1.4 tuple=records records_attr1=10.1.1.4 records_attr2=e6aa54eb61e5a74d8a34438df760eaf1cea56f7c records_attr3=2a99903bf84afb7a7a174d878936d31fa058524b records_attr4=topic_Course_60((r7@n257(hasword_techniqu_60))+(r273@n257(hasword_answer_60))) 
time=999 node=10.1.1.4 tuple=records records_attr1=10.1.1.4 records_attr2=e6ea69f2fa3ff06530ba4ce0859695196e0d760f records_attr3=b569e5399a481373a2791b73d85fab01af8949d records_attr4=topic_Course_176(rl@n257(links_176_17*topic_Course_17(r136@n257(hasword_interest_17)))) 
time=999 node=10.1.1.4 tuple=records records_attr1=10.1.1.4 records_attr2=e6f28f20e671ee600dbb24e5fcf4b719d0d3d944 records_attr3=a0b03079b5e54bb4ca5609cd0f011509a8e3ac70 records_attr4=topic_Faculty_178(rl@n257(links_178_188*topic_Faculty_188((rl@n257(links_188_178*topic_Faculty_178))+(rl@n257(links_188_140*topic_Faculty_140(r494@n257(hasword_search_140))))+(rl@n257(links_188_64*topic_Faculty_64(rl@n257(links_64_188*topic_Faculty_188))))+(rl@n257(links_188_89*topic_Faculty_89((r27@n257(hasword_count_89))+(r5@n257(hasword_programm_89))+(r242@n257(hasword_quot_89)))))))) 
time=999 node=10.1.1.4 tuple=records records_attr1=10.1.1.4 records_attr2=e7d7e6ad3dfe40ea14b6da4367f1fec25d4bfc9c records_attr3=16fdd952da319b98c5bf82700ea25d1ce15f952c records_attr4=topic_Student_84(rl@n257(links_84_187*topic_Student_187(r188@n257(hasword_learn_187)))) 
time=999 node=10.1.1.4 tuple=records records_attr1=10.1.1.4 records_attr2=e81d78d683e3d417b698eacfc91acc4a29e22cfd records_attr3=cc52aea196f661b5e6496a305f2bb7a37a2b7502 records_attr4=topic_Staff_94(rl@n257(links_94_125*topic_Staff_125(rl@n257(links_125_137*topic_Staff_137(r281@n257(hasword_austin_137)))))) 
time=999 node=10.1.1.4 tuple=records records_attr1=10.1.1.4 records_attr2=e85480664c6f7c0e24af88452edcd3e77253a31b records_attr3=71c0f8932fc8ad22fa4f5a5390340d69138e27b2 records_attr4=topic_ResearchProject_176(rl@n257(links_176_83*topic_ResearchProject_83(r95@n257(hasword_effici_83)))) 
time=999 node=10.1.1.4 tuple=records records_attr1=10.1.1.4 records_attr2=e8dd66d3b004ac60c80fa81af1d00d051b8cad26 records_attr3=361d72366f72ca6a89a65731cfe2c2b564fae9e0 records_attr4=topic_Staff_163(r221@n257(hasword_written_163)) 
time=999 node=10.1.1.4 tuple=records records_attr1=10.1.1.4 records_attr2=ebe17ed7e2848af7c297b77e2c9a616a97e1871a records_attr3=78ffe8e1ebd803ce6b59319f52df412bd16b65ba records_attr4=topic_Student_26(r225@n257(hasword_dissert_26)) 
time=999 node=10.1.1.4 tuple=records records_attr1=10.1.1.4 records_attr2=ec380fd7d88d9cdfa98a3cb731eb19108b78d194 records_attr3=23b829782ec6a54c6018fab9832caa078c6c2d23 records_attr4=topic_Student_139(r288@n257(hasword_sep_139)) 
time=999 node=10.1.1.4 tuple=records records_attr1=10.1.1.4 records_attr2=ee1dfcbf04bf72ae3fe38d1e2884af46f55007d1 records_attr3=2ebf7fee6328d854b6a0ad1a0455fd2486ecc057 records_attr4=topic_Staff_24(r281@n257(hasword_austin_24)) 
time=999 node=10.1.1.4 tuple=records records_attr1=10.1.1.4 records_attr2=f080943770e118ef1b0c0fcf33d51a800e1b2f17 records_attr3=72346cae46b8d1248b6e351d6b713a28ec30ea35 records_attr4=topic_ResearchProject_180(rl@n257(links_180_173*topic_ResearchProject_173((rl@n257(links_173_180*topic_ResearchProject_180))+(rl@n257(links_173_66*topic_ResearchProject_66(r392@n257(hasword_automat_66))))+(rl@n257(links_173_108*topic_ResearchProject_108(rl@n257(links_108_173*topic_ResearchProject_173))))))) 
time=999 node=10.1.1.4 tuple=records records_attr1=10.1.1.4 records_attr2=f0c5d203beef47ccbb3156ce8eadaa6a6d0cfa6e records_attr3=be7b1688ef50e7605d254476ea6495a5d0bf2d85 records_attr4=topic_Person_52(rl@n257(links_52_176*topic_Person_176((r339@n257(hasword_member_176))+(rl@n257(links_176_17*topic_Person_17(r204@n257(hasword_interest_17))))))) 
time=999 node=10.1.1.4 tuple=records records_attr1=10.1.1.4 records_attr2=f222f50db898c4de99bc6ebdd2c549d73d6daeb0 records_attr3=e1998edbe9629db70f00c135f36e12ae620471b6 records_attr4=topic_Person_160(r101@n257(hasword_email_160)) 
time=999 node=10.1.1.4 tuple=records records_attr1=10.1.1.4 records_attr2=f26b8b4c012b3bfdc2f14fcce6aefd4e5043d94b records_attr3=ae54253201929ebd06ffd16b14d7ccd41dd230ab records_attr4=topic_Student_18(r49@n257(hasword_page_18)) 
time=999 node=10.1.1.4 tuple=records records_attr1=10.1.1.4 records_attr2=f3495d50c4a714764a0284189a2a328838fdc857 records_attr3=7016874da2445dfaa121bdf2204e9d92b5c18159 records_attr4=topic_Student_8(r49@n257(hasword_page_8)) 
time=999 node=10.1.1.4 tuple=records records_attr1=10.1.1.4 records_attr2=f50dc76a2eb48f60f3cd128547b4c7e2202ec13b records_attr3=3d35f6cac17f3df0f7113105ce00b4dae8e58676 records_attr4=topic_Department_72(r17@n257(hasword_collect_72)) 
time=999 node=10.1.1.4 tuple=records records_attr1=10.1.1.4 records_attr2=f543f7d9b9a69f8812a4caf1dd943a55728bbb0f records_attr3=d33ab9d964631e5faf76aced6b8092a3a7b798cc records_attr4=topic_Person_10(r19@n257(hasword_server_10)) 
time=999 node=10.1.1.4 tuple=records records_attr1=10.1.1.4 records_attr2=f55baa7140419de0d22bd3bbc140b76191e4796b records_attr3=c27602c5738c087f04d2a9b3ccaf62a94235b572 records_attr4=topic_Staff_176((rl@n257(links_176_45*topic_Staff_45(r319@n257(hasword_variabl_45))))+(rl@n257(links_176_74*topic_Staff_74(rl@n257(links_74_137*topic_Staff_137(r281@n257(hasword_austin_137))))))) 
time=999 node=10.1.1.4 tuple=records records_attr1=10.1.1.4 records_attr2=f5d3eb08817a7ed17e938082f2bd1d47aa97c447 records_attr3=56e182d8063f50657aaf5a5e4f3450aab50fc9da records_attr4=topic_ResearchProject_157(r162@n257(hasword_compress_157)) 
time=999 node=10.1.1.4 tuple=records records_attr1=10.1.1.4 records_attr2=f767c3f5de17c038512ce32472ea85b33319116c records_attr3=5700343520f8448ed74909991a370305a876b4e2 records_attr4=topic_Department_197((rl@n257(links_197_140*topic_Department_140(r497@n257(hasword_search_140))))+(rl@n257(links_197_214*topic_Department_214(rl@n257(links_214_210*topic_Department_210(rl@n257(links_210_197*topic_Department_197))))))) 
time=999 node=10.1.1.4 tuple=records records_attr1=10.1.1.4 records_attr2=fa7076f07d1512d9bafa5eb3eca0b19c95e0061b records_attr3=35b0d96a6d68e4f46d033a92421dd13147648f9a records_attr4=topic_ResearchProject_147(r394@n257(hasword_improv_147)) 
time=999 node=10.1.1.4 tuple=records records_attr1=10.1.1.4 records_attr2=fa7d50ddef70950754bd60a3dc5a66264da39664 records_attr3=948ec050938cf985dfc90a77742429bb50a339ac records_attr4=topic_Department_104(rl@n257(links_104_118*topic_Department_118((rl@n257(links_118_104*topic_Department_104))+(rl@n257(links_118_201*topic_Department_201(r326@n257(hasword_laboratori_201))))+(rl@n257(links_118_21*topic_Department_21(r259@n257(hasword_level_21))))))) 
time=999 node=10.1.1.4 tuple=records records_attr1=10.1.1.4 records_attr2=fc3dfc53ed08de7986851509648d1ed2ca0a00d6 records_attr3=e29931cc4ba5331e3d03e90f582717b8f10e42da records_attr4=topic_Course_126(rl@n257(links_126_105*topic_Course_105(r440@n257(hasword_tree_105)))) 
time=999 node=10.1.1.4 tuple=records records_attr1=10.1.1.4 records_attr2=fddd3b1999fcc0af460f0085c54d8f417ba5d799 records_attr3=d31e217e84fe392e545c042bef3f69ac591d9563 records_attr4=topic_Student_41(r393@n257(hasword_send_41)) 
time cost: 206.703 seconds
