14863
Student
Faculty
Staff
ResearchProject
Course
Department
Person
3941221
3941221
3941641
3941780
3941917
3942056
3942191
4400502
4400676
4400813
4400950
4401096
4401235
4401472
4458164
4458334
4458543
4458682
4458817
4458952
4459086
4526304
4526472
4526608
4526743
4526877
4527011
4527145
4560787
4561051
4561191
4561326
4561464
4561598
4561732
4591357
4591537
4591739
4591994
4592152
4592290
4592447
4673405
4673662
4673804
4673940
4674074
4674209
4674342
4726924
4727099
4727236
4727372
4727572
4727711
4727846
4761635
4761811
4761948
4762083
4762218
4762352
4762550
4821358
4821543
4821682
4821818
4821953
4822088
4822222
4854403
4854718
4855074
4855430
4855870
4856165
4856411
4889091
4889276
4889416
4889552
4889755
4889894
4890029
4971880
4972050
4972187
4972323
4972519
4972661
4972796
5039485
5039668
5039810
5039948
5040084
5040282
5040437
5143483
5143969
5144486
5144689
5145010
5145314
5145611
5185557
5185730
5185868
5186070
5186229
5186367
5186503
5250455
5250631
5250831
5250991
5251131
5251266
5251401
5318813
5319222
5319370
5319521
5319658
5319793
5319927
5386430
5386602
5386741
5386877
5387013
5387212
5387354
5428762
5428939
5429155
5429296
5429449
5429623
5429920
5467904
5468142
5468286
5468422
5468559
5468694
5468830
5505438
5505607
5505816
5505956
5506092
5506228
5506364
5545702
5545993
5546220
5546496
5546747
5546967
5547211
5620819
5620999
5621138
5621274
5621409
5621544
5621680
5791654
5791833
5791971
5792107
5792242
5792377
5792622
5869478
5869650
5869788
5869924
5870058
5870258
5870397
5909635
5909811
5909950
5910085
5910290
5910427
5910561
7168369
7168613
7168757
7169151
7169383
7169532
7169727
7262450
7262627
7262835
7262975
7263112
7263248
7263384
7361006
7361194
7361333
7361468
7361605
7361739
7361874
7471517
7471700
7471905
7472050
7472186
7472322
7472457
7569273
7569449
7569587
7569795
7569933
7570067
7570201
7824824
7825019
7825252
7825393
7825529
7825666
7825802
7930228
7930431
7930571
7930707
7930842
7930983
7931206
8043213
8043605
8043867
8044177
8044395
8044659
8044872
8165050
8165259
8165308
8165308
8165308
8166150
8166349
8364430
8364613
8364828
8364967
8365103
8365240
8365375
8413901
8414073
8414212
8414348
8414484
8414618
8414823
8535419
8535605
8535744
8535881
8536017
8536219
8536372
8587278
8587451
8587590
8587727
8587925
8588069
8588204
8649762
8649945
8650084
8650221
8650357
8650493
8650628
8703605
8703935
8704090
8704230
8704367
8704503
8704640
8834045
8834336
8834550
8834759
8834918
8834918
8834918
8990003
8990302
8990460
8991299
8991628
8992307
8992477
9066732
9066913
9067121
9067261
9067397
9067533
9067668
9131231
9131422
9131563
9131702
9131840
9132043
9132183
9187317
9187509
9187650
9187788
9188021
9188237
9188379
9314324
9314502
9314502
9314855
9314994
9315129
9315264
9372248
9372498
9372646
9372782
9372916
9373050
9373197
9505748
9505936
9506075
9506212
9506439
9506580
9506716
9633578
9633759
9633899
9634037
9634173
9634377
9634516
9761663
9761909
9762051
9762187
9762323
9762458
9762592
9821870
9822058
9822201
9822441
9822652
9822794
9822930
9879773
9879952
9880091
9880228
9880379
9880701
9880854
9941789
9942272
9942611
9942856
9943072
9943256
9943748
10449490
10449674
10449815
10449953
10450090
10450227
10450427
10509256
10509433
10509573
10509711
10509848
10509984
10510120
10569955
10570217
10570360
10570497
10570633
10570779
10571006
10717469
10718122
10718324
10718465
10718670
10718968
10719142
10860105
10860285
10860425
10860633
10860773
10860909
10861045
11002612
11002791
11002928
11003066
11003201
11003336
11003570
11168606
11168793
11168932
11169069
11169221
11169360
11169496
12047117
12047317
12047459
12047598
12047736
12047872
12048009
12498335
12498535
12498674
12498811
12499012
12499153
12499288
12739061
12739312
12739455
12739593
12739729
12739866
12740003
12895638
12895814
12895953
12896090
12896295
12896435
12896571
13058213
13058400
13058540
13058693
13058832
13058969
13059200
13218216
13218394
13218531
13218732
13218872
13219007
13219142
13294197
13294388
13294598
13294736
13294872
13295007
13295141
13368051
13368250
13368389
13368527
13368662
13368952
13369118
13437336
13437530
13437669
13437872
13438011
13438147
13438282
13508267
13508445
13508658
13508796
13508931
13509065
13509200
13579168
13579349
13579488
13579624
13579759
13580056
13580204
13650227
13650406
13650543
13650679
13650879
13651137
13651281
13725252
13725427
13725565
13725772
13725910
13726045
13726180
13796754
13797008
13797157
13797374
13797516
13797652
13797788
13870397
13870571
13870710
13870912
13871052
13871188
13871322
13945148
13945330
13945468
13945700
13945858
13945997
13946134
14021678
14022072
14022221
14022359
14022494
14022715
14022855
14101538
14101731
14101873
14102080
14102219
14102354
14102490
14181797
14181999
14182140
14182277
14182414
14182550
14182684
14263089
14263281
14263516
14263809
14264011
14264151
14264287
14344485
14344666
14344921
14345062
14345198
14345331
14345499
14428925
14429122
14429261
14429397
14429550
14429841
14430006
14508349
14508535
14508805
14508954
14509092
14509230
14509367
14587672
14587855
14587996
14588134
14588271
14588408
14588702
14664315
14664566
14664711
14664849
14664986
14665122
14665257
14747216
14747524
14747670
14747808
14747945
14748081
14748217
14824785
14825051
14825196
14825334
14825471
14825608
14825743
14902122
14902440
14902591
14902828
14902974
14903110
14903247
14998719
14998906
14999046
14999183
14999319
14999455
14999656
15082984
15083177
15083317
15083550
15083726
15083866
15084004
15163536
15163722
15163862
15163998
15164133
15164339
15164478
15243256
15243432
15243572
15243710
15243846
15244126
15244428
15324777
15324960
15325100
15325236
15325372
15325508
15325709
15404922
15405097
15405237
15405374
15405582
15405720
15405858
15486789
15486970
15487109
15487348
15487516
15487654
15487788
15569690
15569922
15570180
15570340
15570477
15570615
15570751
15651486
15651671
15651811
15651948
15652243
15652399
15652539
15737794
15738078
15738226
15738362
15738516
15738666
15738803
time=999 node=10.1.1.4 tuple=records records_attr1=10.1.1.4 records_attr2=4ae19139e18c61fe62a7a1f290b2a0af843ff0a records_attr3=844c1b458ec1e056f964cc76d2cc18ef5536608e records_attr4=topic_Student_30(r288@n257(hasword_sep_30)) 
time=999 node=10.1.1.4 tuple=records records_attr1=10.1.1.4 records_attr2=cc983d6d6d85117b61027913e4411dcb583326f records_attr3=534d178bdd925116f684bb8de9f04a1c672480e9 records_attr4=topic_Faculty_8(r203@n257(hasword_modifi_8)) 
time=999 node=10.1.1.4 tuple=records records_attr1=10.1.1.4 records_attr2=decf8040b506f3fdae00a2f68d453d2b0433d44 records_attr3=4ad5668755e97591df0b65d0eefcfdd208d4d63c records_attr4=topic_Course_33(r310@n257(hasword_advanc_33)) 
time=999 node=10.1.1.4 tuple=records records_attr1=10.1.1.4 records_attr2=1207baa190f369ba58369322bcc16e6f470adf38 records_attr3=29f57d8f4061086ec2104f7641aa99631bd4473d records_attr4=topic_ResearchProject_34(r3@n257(hasword_express_34)) 
time=999 node=10.1.1.4 tuple=records records_attr1=10.1.1.4 records_attr2=169f6df5eb2c435e3c6c1ed39e93fae8608d49d0 records_attr3=9192041abf4ec3320657c770e9a163a6cb713346 records_attr4=topic_ResearchProject_66(r46@n257(hasword_school_66)) 
time=999 node=10.1.1.4 tuple=records records_attr1=10.1.1.4 records_attr2=196bb38d4fa7cdaf87d15d4afbb310593fd18a3e records_attr3=2e7d0656288612438876e947b6e6d839e8d1b5ec records_attr4=topic_Person_46(r339@n257(hasword_member_46)) 
time=999 node=10.1.1.4 tuple=records records_attr1=10.1.1.4 records_attr2=1f94819d17b24a94fb3086551e42288e61c084ab records_attr3=a54d85f2fa20c60e507652213b8e5280412a6c81 records_attr4=topic_Staff_28(r388@n257(hasword_call_28)) 
time=999 node=10.1.1.4 tuple=records records_attr1=10.1.1.4 records_attr2=26853c7b4ac81012f3edde72e217faba4abd7484 records_attr3=16e7a909a11b9c2fc445ba4405f812797c73127b records_attr4=topic_Faculty_41(r10@n257(hasword_type_41)) 
time=999 node=10.1.1.4 tuple=records records_attr1=10.1.1.4 records_attr2=268eef401fac014fea647e2f9e6ea74c0bce492a records_attr3=9a4187d1ac35c17d638c056b42a0aee8011e82db records_attr4=topic_Faculty_58(r10@n257(hasword_type_58)) 
time=999 node=10.1.1.4 tuple=records records_attr1=10.1.1.4 records_attr2=2cf5b943223f3ada698d8a0798a3c58262a8bdc6 records_attr3=228e97bcdbf458f333e875ecd363d8570aefc169 records_attr4=topic_Person_1(r204@n257(hasword_interest_1)) 
time=999 node=10.1.1.4 tuple=records records_attr1=10.1.1.4 records_attr2=308cd815a8ebbc7c1c4f0971b1901db624e2ee39 records_attr3=6c7bb138a9b54962603edbc821945aeb0b1c63bb records_attr4=topic_Department_27(r223@n257(hasword_similar_27)) 
time=999 node=10.1.1.4 tuple=records records_attr1=10.1.1.4 records_attr2=320102a4783708f20b5aa79a0d06d63862b5ab7c records_attr3=545c75f92d612b9b0456ab05a8127d8240b1fb0b records_attr4=topic_Course_54(r442@n257(hasword_confer_54)) 
time=999 node=10.1.1.4 tuple=records records_attr1=10.1.1.4 records_attr2=3463bdcc0cf31819a226a13e424b46c179dd2bdc records_attr3=59d32d8d74f14289563056e3ec3cb7087dd543e9 records_attr4=topic_Course_13(r137@n257(hasword_mathemat_13)) 
time=999 node=10.1.1.4 tuple=records records_attr1=10.1.1.4 records_attr2=34aea2cf5bbf15d30f5dbed61ea7c0545d72e82c records_attr3=33ff6a327e19a38147e08341968bd2c1760dbeba records_attr4=topic_Department_61(rl@n257(links_61_29*topic_Department_29(r28@n257(hasword_gener_29)))) 
time=999 node=10.1.1.4 tuple=records records_attr1=10.1.1.4 records_attr2=3b11133819a9bea95e6e7ed80c98a4105ecdae13 records_attr3=aca69545b17754d29797cda9004b7b333cc6eca1 records_attr4=topic_Course_61(rl@n257(links_61_11*topic_Course_11(r224@n257(hasword_contact_11)))) 
time=999 node=10.1.1.4 tuple=records records_attr1=10.1.1.4 records_attr2=477c0305f245ea01f760a94b104c4fc460fafbe5 records_attr3=69f0e50a7d6f4ee016c6c82383bc05b5dda61ff1 records_attr4=topic_Person_23(rl@n257(links_23_31*topic_Person_31((r189@n257(hasword_combin_31))+(rl@n257(links_31_23*topic_Person_23))))) 
time=999 node=10.1.1.4 tuple=records records_attr1=10.1.1.4 records_attr2=4988339315102429f9542afdf4521438e020b6b6 records_attr3=556cd67730e903ad50026ad80f7e0f43d932c959 records_attr4=topic_Person_31((r189@n257(hasword_combin_31))+(rl@n257(links_31_23*topic_Person_23(rl@n257(links_23_31*topic_Person_31))))) 
time=999 node=10.1.1.4 tuple=records records_attr1=10.1.1.4 records_attr2=499ff41109fb077fe671fe5cbcb885cb6991e2dc records_attr3=ba3361ebec923a936100df6c9a6f3f2949c47d65 records_attr4=topic_Faculty_64(r316@n257(hasword_content_64)) 
time=999 node=10.1.1.4 tuple=records records_attr1=10.1.1.4 records_attr2=4efbfbbc85f553edc1429c09d27acc3f55d2a481 records_attr3=86b1c6840564cecc90728aff379057d500fbe0fd records_attr4=topic_ResearchProject_63(r394@n257(hasword_improv_63)) 
time=999 node=10.1.1.4 tuple=records records_attr1=10.1.1.4 records_attr2=4f041fa6c55f096d2379e4e5a79fda9d8aad8d1c records_attr3=ed0fcc5de4d7c521fb99d0b0c53b5bf21b8cd72c records_attr4=topic_Course_57(r306@n257(hasword_state_57)) 
time=999 node=10.1.1.4 tuple=records records_attr1=10.1.1.4 records_attr2=549d3c21348dc630a9c5bafb502f189a47ab7a81 records_attr3=748f53c9cbfd8ac300277bb46ecdf73b9f3fa32a records_attr4=topic_Person_49(r234@n257(hasword_plan_49)) 
time=999 node=10.1.1.4 tuple=records records_attr1=10.1.1.4 records_attr2=594ed0bf8b390341cc33a1d71fdd2e9b3f00d44f records_attr3=83726b1c95e3977baeafab5676c160d36a74ab28 records_attr4=topic_ResearchProject_13(r43@n257(hasword_mathemat_13)) 
time=999 node=10.1.1.4 tuple=records records_attr1=10.1.1.4 records_attr2=5efac2e5c44cc4e53dda5f25c2a414782647093f records_attr3=4dd4a744dd909a77e0ce48f89f6a9809ec6c3e6b records_attr4=topic_Faculty_61((rl@n257(links_61_60*topic_Faculty_60(r361@n257(hasword_audio_60))))+(rl@n257(links_61_11*topic_Faculty_11(r165@n257(hasword_contact_11))))) 
time=999 node=10.1.1.4 tuple=records records_attr1=10.1.1.4 records_attr2=65973ca28ed6e3cca2ee6ffb0a5924b55264e5de records_attr3=d4fd581c637ed1a205ba10e9908516da70fdee0d records_attr4=topic_ResearchProject_12(r390@n257(hasword_develop_12)) 
time=999 node=10.1.1.4 tuple=records records_attr1=10.1.1.4 records_attr2=6fe2a611825a022e495c15c17976f0fd0137baf7 records_attr3=82de2ce7da6f03390278a43df9f08b60a4012be6 records_attr4=topic_Staff_6(r207@n257(hasword_behavior_6)) 
time=999 node=10.1.1.4 tuple=records records_attr1=10.1.1.4 records_attr2=84823870a7999eafdba57fbe33370779cccc1cab records_attr3=eae3fbe9dfd122813bdb0cb8d514151c3b24f0cd records_attr4=topic_Faculty_11(r165@n257(hasword_contact_11)) 
time=999 node=10.1.1.4 tuple=records records_attr1=10.1.1.4 records_attr2=8e5e060c8872831aa927378a007bb2677144bf66 records_attr3=d3d47c3b2b49986f625a167eef904ef535bd98b8 records_attr4=topic_Faculty_17(r203@n257(hasword_modifi_17)) 
time=999 node=10.1.1.4 tuple=records records_attr1=10.1.1.4 records_attr2=90f791bb5d4651dd6aeae7baa153d79715c0e728 records_attr3=2cf97bacbf0f8dba8cb4b09a8240717df5cc14cd records_attr4=topic_ResearchProject_54(r451@n257(hasword_confer_54)) 
time=999 node=10.1.1.4 tuple=records records_attr1=10.1.1.4 records_attr2=942acf568e14b454f118ba1701b1ab286b5887d2 records_attr3=eabde0060feccfcc5c9aa53bb4420a941fa07b6 records_attr4=topic_Department_29(r28@n257(hasword_gener_29)) 
time=999 node=10.1.1.4 tuple=records records_attr1=10.1.1.4 records_attr2=9aa972fa806b4eb38408a6e491c616c319e5940f records_attr3=7d5eb0542ebad74ee5b5adf1b05ea901d29b6a73 records_attr4=topic_Faculty_16(r203@n257(hasword_modifi_16)) 
time=999 node=10.1.1.4 tuple=records records_attr1=10.1.1.4 records_attr2=9aaa171d797b363c40ee7223fb9a03282464a0c0 records_attr3=36acb3b35c91bc5875e334c94e3abe502b6c768a records_attr4=topic_Faculty_60(r361@n257(hasword_audio_60)) 
time=999 node=10.1.1.4 tuple=records records_attr1=10.1.1.4 records_attr2=9c3e08c1a06acd662c186eaf78de82a4f9a6de40 records_attr3=25824aadfd22aa808cf77bf6300e12f58463acb0 records_attr4=topic_Student_63(r408@n257(hasword_improv_63)) 
time=999 node=10.1.1.4 tuple=records records_attr1=10.1.1.4 records_attr2=a63ede394af976a1b0991264815609d1f4b7d315 records_attr3=3a7e8e37e98346af9c4dcdad8c3c0f830b935555 records_attr4=topic_Person_54(rl@n257(links_54_35*topic_Person_35(rl@n257(links_35_49*topic_Person_49(r234@n257(hasword_plan_49)))))) 
time=999 node=10.1.1.4 tuple=records records_attr1=10.1.1.4 records_attr2=ab6bfa512be2b420bd50ef2de8542a2f6caf148a records_attr3=55360828171ef8e0b14dfd0e6218677a21fb39c0 records_attr4=topic_Course_11(r224@n257(hasword_contact_11)) 
time=999 node=10.1.1.4 tuple=records records_attr1=10.1.1.4 records_attr2=b159a3d60b81c181a66fb9799bc1ad049c487165 records_attr3=e99ae7425b3b518cb176a2462760e7314a5f10f6 records_attr4=topic_Person_50(r315@n257(hasword_postscript_50)) 
time=999 node=10.1.1.4 tuple=records records_attr1=10.1.1.4 records_attr2=b1bdf1c1c4bca8230662c381309932cfebdf99c6 records_attr3=9607c2e419c83a1defb8d368e59a5be96ba631b5 records_attr4=topic_Course_26(rl@n257(links_26_61*topic_Course_61(rl@n257(links_61_11*topic_Course_11(r224@n257(hasword_contact_11)))))) 
time=999 node=10.1.1.4 tuple=records records_attr1=10.1.1.4 records_attr2=b6b2d3d8dd3e10bdafc3418628d6190a6a6658bb records_attr3=c8814eb074050741f82681782a8d0e42f66b0e4a records_attr4=topic_Faculty_26(rl@n257(links_26_61*topic_Faculty_61((rl@n257(links_61_60*topic_Faculty_60(r361@n257(hasword_audio_60))))+(rl@n257(links_61_11*topic_Faculty_11(r165@n257(hasword_contact_11))))))) 
time=999 node=10.1.1.4 tuple=records records_attr1=10.1.1.4 records_attr2=bfe0967b0ed5271ce1f9127ab9b69b5a5be066d0 records_attr3=6d3af85c4e8b2140b7b868c08c68c472316d613a records_attr4=topic_Person_26((rl@n257(links_26_46*topic_Person_46(r339@n257(hasword_member_46))))+(rl@n257(links_26_22*topic_Person_22(r19@n257(hasword_server_22))))+(rl@n257(links_26_5*topic_Person_5(rl@n257(links_5_32*topic_Person_32(r387@n257(hasword_html_32))))))+(rl@n257(links_26_35*topic_Person_35(rl@n257(links_35_49*topic_Person_49(r234@n257(hasword_plan_49))))))) 
time=999 node=10.1.1.4 tuple=records records_attr1=10.1.1.4 records_attr2=c10eb5861452b2a1289b071f5b97fba1cb4e52ae records_attr3=e63b5e13977a53283fbd44ad149c6a11e33e6ea9 records_attr4=topic_Staff_2(rl@n257(links_2_28*topic_Staff_28(r388@n257(hasword_call_28)))) 
time=999 node=10.1.1.4 tuple=records records_attr1=10.1.1.4 records_attr2=c4ab5234892348c6b4358b1feed59d54079cb8ac records_attr3=ee5b710ea23634b8c713e87d5da029f4267b8e24 records_attr4=topic_ResearchProject_62(rl@n257(links_62_34*topic_ResearchProject_34(r3@n257(hasword_express_34)))) 
time=999 node=10.1.1.4 tuple=records records_attr1=10.1.1.4 records_attr2=c5bdcb4eb375e6e0f74470ec9660123e659427a2 records_attr3=f7e41d4236b8a2a6011afcb9044474554438c501 records_attr4=topic_Person_32(r387@n257(hasword_html_32)) 
time=999 node=10.1.1.4 tuple=records records_attr1=10.1.1.4 records_attr2=c66208269973f88d774a9cba60a5766b5d5b5e88 records_attr3=765fb7dd8366c10169474957d8e4c58b15570ff7 records_attr4=topic_Department_26(rl@n257(links_26_61*topic_Department_61(rl@n257(links_61_29*topic_Department_29(r28@n257(hasword_gener_29)))))) 
time=999 node=10.1.1.4 tuple=records records_attr1=10.1.1.4 records_attr2=ca1b1fedbb298ef46d488b7479fa43feb049ba95 records_attr3=75407bc24222f4d6e620e4236f6b709fd75768f9 records_attr4=topic_Student_65(r383@n257(hasword_program_65)) 
time=999 node=10.1.1.4 tuple=records records_attr1=10.1.1.4 records_attr2=cb99b3543cecea24c1b1d385af09961182773da7 records_attr3=f33d93030b5c5da1a1e800b1e0460e024d09774 records_attr4=topic_Person_5(rl@n257(links_5_32*topic_Person_32(r387@n257(hasword_html_32)))) 
time=999 node=10.1.1.4 tuple=records records_attr1=10.1.1.4 records_attr2=ccee2c55e0b44f8f273c5b067e2bec5a82fe742d records_attr3=d10e949853ca7e12b871bc048553d404cc020c69 records_attr4=topic_Person_24(r211@n257(hasword_free_24)) 
time=999 node=10.1.1.4 tuple=records records_attr1=10.1.1.4 records_attr2=d632dddf8719d6bf94146e723a002d597b42eca1 records_attr3=2f546450ee286e852bdeac756293797f81e4383d records_attr4=topic_Department_37(r239@n257(hasword_separ_37)) 
time=999 node=10.1.1.4 tuple=records records_attr1=10.1.1.4 records_attr2=d6e0fd7d91d7f8fdfcd52ed3c9401ed1b81607a9 records_attr3=7316b600c86b49996c846ecea265afbee0bcd399 records_attr4=topic_Person_48(r119@n257(hasword_aug_48)) 
time=999 node=10.1.1.4 tuple=records records_attr1=10.1.1.4 records_attr2=e0a4788b925ad98120b28c39c5f60f2d07ce6190 records_attr3=c17155335be56e6d2e3991fc20423695cd72e686 records_attr4=topic_Person_62(rl@n257(links_62_32*topic_Person_32(r387@n257(hasword_html_32)))) 
time=999 node=10.1.1.4 tuple=records records_attr1=10.1.1.4 records_attr2=e12637b7d3f385ee7b6e52bfd3213d73d0a9c064 records_attr3=b9fc39734cdbddb5ed5e73458edce7d531e5565e records_attr4=topic_Person_35(rl@n257(links_35_49*topic_Person_49(r234@n257(hasword_plan_49)))) 
time=999 node=10.1.1.4 tuple=records records_attr1=10.1.1.4 records_attr2=ebbd0858a3b7ca00f98f8f067589a6735fe15b8c records_attr3=d67c834d5367076328ac57126a04ba8b854aff7c records_attr4=topic_Person_22(r19@n257(hasword_server_22)) 
time=999 node=10.1.1.4 tuple=records records_attr1=10.1.1.4 records_attr2=ebe17ed7e2848af7c297b77e2c9a616a97e1871a records_attr3=78ffe8e1ebd803ce6b59319f52df412bd16b65ba records_attr4=topic_Student_26(rl@n257(links_26_30*topic_Student_30(r288@n257(hasword_sep_30)))) 
time=999 node=10.1.1.4 tuple=records records_attr1=10.1.1.4 records_attr2=ef803b092cfa2a4e4a04f00702e55626de349a8f records_attr3=4e4216c712f020b0125d18c664a2640b7bbaccfe records_attr4=topic_Student_59(r478@n257(hasword_represent_59)) 
time=999 node=10.1.1.4 tuple=records records_attr1=10.1.1.4 records_attr2=f746acda68682ff3090a02e88f90cd4e178ea535 records_attr3=9d787b49f63facf6cc66fcbc35246461c3f392f2 records_attr4=topic_Course_1(r136@n257(hasword_interest_1)) 
time=999 node=10.1.1.4 tuple=records records_attr1=10.1.1.4 records_attr2=f8aebd3dbef3122166a5447abb90c9bb7aff691c records_attr3=a8e9e7a81ddb44e5f0a0c3bec732415c6abf10c3 records_attr4=topic_Person_15(r295@n257(hasword_version_15)) 
time=999 node=10.1.1.4 tuple=records records_attr1=10.1.1.4 records_attr2=f915dbeef2880d4b942a36c6151d908a0536566a records_attr3=5b5c6788612c3cb3c2efbd1b02f434349adf1d21 records_attr4=topic_Faculty_42(r109@n257(hasword_educ_42)) 
time cost: 16.587 seconds
